[2024-05-15T02:58:55.174+0800] {processor.py:161} INFO - Started process (PID=65293) to work on /home/jithish/Documents/dag-dag-dag/.venv/lib/python3.10/site-packages/airflow/example_dags/subdags/subdag.py
[2024-05-15T02:58:55.175+0800] {processor.py:830} INFO - Processing file /home/jithish/Documents/dag-dag-dag/.venv/lib/python3.10/site-packages/airflow/example_dags/subdags/subdag.py for tasks to queue
[2024-05-15T02:58:55.176+0800] {logging_mixin.py:188} INFO - [2024-05-15T02:58:55.176+0800] {dagbag.py:545} INFO - Filling up the DagBag from /home/jithish/Documents/dag-dag-dag/.venv/lib/python3.10/site-packages/airflow/example_dags/subdags/subdag.py
[2024-05-15T02:58:55.178+0800] {processor.py:842} WARNING - No viable dags retrieved from /home/jithish/Documents/dag-dag-dag/.venv/lib/python3.10/site-packages/airflow/example_dags/subdags/subdag.py
[2024-05-15T02:58:55.185+0800] {processor.py:183} INFO - Processing /home/jithish/Documents/dag-dag-dag/.venv/lib/python3.10/site-packages/airflow/example_dags/subdags/subdag.py took 0.015 seconds
[2024-05-15T02:59:56.055+0800] {processor.py:161} INFO - Started process (PID=66289) to work on /home/jithish/Documents/dag-dag-dag/.venv/lib/python3.10/site-packages/airflow/example_dags/subdags/subdag.py
[2024-05-15T02:59:56.117+0800] {processor.py:830} INFO - Processing file /home/jithish/Documents/dag-dag-dag/.venv/lib/python3.10/site-packages/airflow/example_dags/subdags/subdag.py for tasks to queue
[2024-05-15T02:59:56.119+0800] {logging_mixin.py:188} INFO - [2024-05-15T02:59:56.118+0800] {dagbag.py:545} INFO - Filling up the DagBag from /home/jithish/Documents/dag-dag-dag/.venv/lib/python3.10/site-packages/airflow/example_dags/subdags/subdag.py
[2024-05-15T02:59:56.120+0800] {processor.py:842} WARNING - No viable dags retrieved from /home/jithish/Documents/dag-dag-dag/.venv/lib/python3.10/site-packages/airflow/example_dags/subdags/subdag.py
[2024-05-15T02:59:56.128+0800] {processor.py:183} INFO - Processing /home/jithish/Documents/dag-dag-dag/.venv/lib/python3.10/site-packages/airflow/example_dags/subdags/subdag.py took 0.079 seconds
[2024-05-15T03:14:10.878+0800] {processor.py:161} INFO - Started process (PID=74770) to work on /home/jithish/Documents/dag-dag-dag/.venv/lib/python3.10/site-packages/airflow/example_dags/subdags/subdag.py
[2024-05-15T03:14:10.940+0800] {processor.py:830} INFO - Processing file /home/jithish/Documents/dag-dag-dag/.venv/lib/python3.10/site-packages/airflow/example_dags/subdags/subdag.py for tasks to queue
[2024-05-15T03:14:10.944+0800] {logging_mixin.py:188} INFO - [2024-05-15T03:14:10.943+0800] {dagbag.py:545} INFO - Filling up the DagBag from /home/jithish/Documents/dag-dag-dag/.venv/lib/python3.10/site-packages/airflow/example_dags/subdags/subdag.py
[2024-05-15T03:14:10.950+0800] {processor.py:842} WARNING - No viable dags retrieved from /home/jithish/Documents/dag-dag-dag/.venv/lib/python3.10/site-packages/airflow/example_dags/subdags/subdag.py
[2024-05-15T03:14:10.975+0800] {processor.py:183} INFO - Processing /home/jithish/Documents/dag-dag-dag/.venv/lib/python3.10/site-packages/airflow/example_dags/subdags/subdag.py took 0.113 seconds
[2024-05-15T03:15:14.592+0800] {processor.py:161} INFO - Started process (PID=75532) to work on /home/jithish/Documents/dag-dag-dag/.venv/lib/python3.10/site-packages/airflow/example_dags/subdags/subdag.py
[2024-05-15T03:15:14.653+0800] {processor.py:830} INFO - Processing file /home/jithish/Documents/dag-dag-dag/.venv/lib/python3.10/site-packages/airflow/example_dags/subdags/subdag.py for tasks to queue
[2024-05-15T03:15:14.655+0800] {logging_mixin.py:188} INFO - [2024-05-15T03:15:14.654+0800] {dagbag.py:545} INFO - Filling up the DagBag from /home/jithish/Documents/dag-dag-dag/.venv/lib/python3.10/site-packages/airflow/example_dags/subdags/subdag.py
[2024-05-15T03:15:14.656+0800] {processor.py:842} WARNING - No viable dags retrieved from /home/jithish/Documents/dag-dag-dag/.venv/lib/python3.10/site-packages/airflow/example_dags/subdags/subdag.py
[2024-05-15T03:15:14.664+0800] {processor.py:183} INFO - Processing /home/jithish/Documents/dag-dag-dag/.venv/lib/python3.10/site-packages/airflow/example_dags/subdags/subdag.py took 0.079 seconds
[2024-05-15T03:16:16.483+0800] {processor.py:161} INFO - Started process (PID=76328) to work on /home/jithish/Documents/dag-dag-dag/.venv/lib/python3.10/site-packages/airflow/example_dags/subdags/subdag.py
[2024-05-15T03:16:16.544+0800] {processor.py:830} INFO - Processing file /home/jithish/Documents/dag-dag-dag/.venv/lib/python3.10/site-packages/airflow/example_dags/subdags/subdag.py for tasks to queue
[2024-05-15T03:16:16.548+0800] {logging_mixin.py:188} INFO - [2024-05-15T03:16:16.547+0800] {dagbag.py:545} INFO - Filling up the DagBag from /home/jithish/Documents/dag-dag-dag/.venv/lib/python3.10/site-packages/airflow/example_dags/subdags/subdag.py
[2024-05-15T03:16:16.554+0800] {processor.py:842} WARNING - No viable dags retrieved from /home/jithish/Documents/dag-dag-dag/.venv/lib/python3.10/site-packages/airflow/example_dags/subdags/subdag.py
[2024-05-15T03:16:16.578+0800] {processor.py:183} INFO - Processing /home/jithish/Documents/dag-dag-dag/.venv/lib/python3.10/site-packages/airflow/example_dags/subdags/subdag.py took 0.100 seconds
[2024-05-15T03:17:17.587+0800] {processor.py:161} INFO - Started process (PID=77130) to work on /home/jithish/Documents/dag-dag-dag/.venv/lib/python3.10/site-packages/airflow/example_dags/subdags/subdag.py
[2024-05-15T03:17:17.649+0800] {processor.py:830} INFO - Processing file /home/jithish/Documents/dag-dag-dag/.venv/lib/python3.10/site-packages/airflow/example_dags/subdags/subdag.py for tasks to queue
[2024-05-15T03:17:17.653+0800] {logging_mixin.py:188} INFO - [2024-05-15T03:17:17.652+0800] {dagbag.py:545} INFO - Filling up the DagBag from /home/jithish/Documents/dag-dag-dag/.venv/lib/python3.10/site-packages/airflow/example_dags/subdags/subdag.py
[2024-05-15T03:17:17.659+0800] {processor.py:842} WARNING - No viable dags retrieved from /home/jithish/Documents/dag-dag-dag/.venv/lib/python3.10/site-packages/airflow/example_dags/subdags/subdag.py
[2024-05-15T03:17:17.684+0800] {processor.py:183} INFO - Processing /home/jithish/Documents/dag-dag-dag/.venv/lib/python3.10/site-packages/airflow/example_dags/subdags/subdag.py took 0.103 seconds
[2024-05-15T03:18:17.588+0800] {processor.py:161} INFO - Started process (PID=78097) to work on /home/jithish/Documents/dag-dag-dag/.venv/lib/python3.10/site-packages/airflow/example_dags/subdags/subdag.py
[2024-05-15T03:18:17.627+0800] {processor.py:830} INFO - Processing file /home/jithish/Documents/dag-dag-dag/.venv/lib/python3.10/site-packages/airflow/example_dags/subdags/subdag.py for tasks to queue
[2024-05-15T03:18:17.632+0800] {logging_mixin.py:188} INFO - [2024-05-15T03:18:17.631+0800] {dagbag.py:545} INFO - Filling up the DagBag from /home/jithish/Documents/dag-dag-dag/.venv/lib/python3.10/site-packages/airflow/example_dags/subdags/subdag.py
[2024-05-15T03:18:17.638+0800] {processor.py:842} WARNING - No viable dags retrieved from /home/jithish/Documents/dag-dag-dag/.venv/lib/python3.10/site-packages/airflow/example_dags/subdags/subdag.py
[2024-05-15T03:18:17.664+0800] {processor.py:183} INFO - Processing /home/jithish/Documents/dag-dag-dag/.venv/lib/python3.10/site-packages/airflow/example_dags/subdags/subdag.py took 0.094 seconds
[2024-05-15T03:19:08.073+0800] {processor.py:161} INFO - Started process (PID=78825) to work on /home/jithish/Documents/dag-dag-dag/.venv/lib/python3.10/site-packages/airflow/example_dags/subdags/subdag.py
[2024-05-15T03:19:08.073+0800] {processor.py:830} INFO - Processing file /home/jithish/Documents/dag-dag-dag/.venv/lib/python3.10/site-packages/airflow/example_dags/subdags/subdag.py for tasks to queue
[2024-05-15T03:19:08.076+0800] {logging_mixin.py:188} INFO - [2024-05-15T03:19:08.075+0800] {dagbag.py:545} INFO - Filling up the DagBag from /home/jithish/Documents/dag-dag-dag/.venv/lib/python3.10/site-packages/airflow/example_dags/subdags/subdag.py
[2024-05-15T03:19:08.077+0800] {processor.py:842} WARNING - No viable dags retrieved from /home/jithish/Documents/dag-dag-dag/.venv/lib/python3.10/site-packages/airflow/example_dags/subdags/subdag.py
[2024-05-15T03:19:08.086+0800] {processor.py:183} INFO - Processing /home/jithish/Documents/dag-dag-dag/.venv/lib/python3.10/site-packages/airflow/example_dags/subdags/subdag.py took 0.018 seconds
[2024-05-15T03:19:58.590+0800] {processor.py:161} INFO - Started process (PID=79547) to work on /home/jithish/Documents/dag-dag-dag/.venv/lib/python3.10/site-packages/airflow/example_dags/subdags/subdag.py
[2024-05-15T03:19:58.652+0800] {processor.py:830} INFO - Processing file /home/jithish/Documents/dag-dag-dag/.venv/lib/python3.10/site-packages/airflow/example_dags/subdags/subdag.py for tasks to queue
[2024-05-15T03:19:58.654+0800] {logging_mixin.py:188} INFO - [2024-05-15T03:19:58.654+0800] {dagbag.py:545} INFO - Filling up the DagBag from /home/jithish/Documents/dag-dag-dag/.venv/lib/python3.10/site-packages/airflow/example_dags/subdags/subdag.py
[2024-05-15T03:19:58.656+0800] {processor.py:842} WARNING - No viable dags retrieved from /home/jithish/Documents/dag-dag-dag/.venv/lib/python3.10/site-packages/airflow/example_dags/subdags/subdag.py
[2024-05-15T03:19:58.665+0800] {processor.py:183} INFO - Processing /home/jithish/Documents/dag-dag-dag/.venv/lib/python3.10/site-packages/airflow/example_dags/subdags/subdag.py took 0.093 seconds
[2024-05-15T03:20:51.515+0800] {processor.py:161} INFO - Started process (PID=80289) to work on /home/jithish/Documents/dag-dag-dag/.venv/lib/python3.10/site-packages/airflow/example_dags/subdags/subdag.py
[2024-05-15T03:20:51.517+0800] {processor.py:830} INFO - Processing file /home/jithish/Documents/dag-dag-dag/.venv/lib/python3.10/site-packages/airflow/example_dags/subdags/subdag.py for tasks to queue
[2024-05-15T03:20:51.523+0800] {logging_mixin.py:188} INFO - [2024-05-15T03:20:51.522+0800] {dagbag.py:545} INFO - Filling up the DagBag from /home/jithish/Documents/dag-dag-dag/.venv/lib/python3.10/site-packages/airflow/example_dags/subdags/subdag.py
[2024-05-15T03:20:51.526+0800] {processor.py:842} WARNING - No viable dags retrieved from /home/jithish/Documents/dag-dag-dag/.venv/lib/python3.10/site-packages/airflow/example_dags/subdags/subdag.py
[2024-05-15T03:20:51.539+0800] {processor.py:183} INFO - Processing /home/jithish/Documents/dag-dag-dag/.venv/lib/python3.10/site-packages/airflow/example_dags/subdags/subdag.py took 0.039 seconds
[2024-05-15T03:21:44.821+0800] {processor.py:161} INFO - Started process (PID=81050) to work on /home/jithish/Documents/dag-dag-dag/.venv/lib/python3.10/site-packages/airflow/example_dags/subdags/subdag.py
[2024-05-15T03:21:44.883+0800] {processor.py:830} INFO - Processing file /home/jithish/Documents/dag-dag-dag/.venv/lib/python3.10/site-packages/airflow/example_dags/subdags/subdag.py for tasks to queue
[2024-05-15T03:21:44.889+0800] {logging_mixin.py:188} INFO - [2024-05-15T03:21:44.888+0800] {dagbag.py:545} INFO - Filling up the DagBag from /home/jithish/Documents/dag-dag-dag/.venv/lib/python3.10/site-packages/airflow/example_dags/subdags/subdag.py
[2024-05-15T03:21:44.893+0800] {processor.py:842} WARNING - No viable dags retrieved from /home/jithish/Documents/dag-dag-dag/.venv/lib/python3.10/site-packages/airflow/example_dags/subdags/subdag.py
[2024-05-15T03:21:44.906+0800] {processor.py:183} INFO - Processing /home/jithish/Documents/dag-dag-dag/.venv/lib/python3.10/site-packages/airflow/example_dags/subdags/subdag.py took 0.093 seconds
[2024-05-15T03:22:37.121+0800] {processor.py:161} INFO - Started process (PID=81845) to work on /home/jithish/Documents/dag-dag-dag/.venv/lib/python3.10/site-packages/airflow/example_dags/subdags/subdag.py
[2024-05-15T03:22:37.182+0800] {processor.py:830} INFO - Processing file /home/jithish/Documents/dag-dag-dag/.venv/lib/python3.10/site-packages/airflow/example_dags/subdags/subdag.py for tasks to queue
[2024-05-15T03:22:37.184+0800] {logging_mixin.py:188} INFO - [2024-05-15T03:22:37.184+0800] {dagbag.py:545} INFO - Filling up the DagBag from /home/jithish/Documents/dag-dag-dag/.venv/lib/python3.10/site-packages/airflow/example_dags/subdags/subdag.py
[2024-05-15T03:22:37.186+0800] {processor.py:842} WARNING - No viable dags retrieved from /home/jithish/Documents/dag-dag-dag/.venv/lib/python3.10/site-packages/airflow/example_dags/subdags/subdag.py
[2024-05-15T03:22:37.198+0800] {processor.py:183} INFO - Processing /home/jithish/Documents/dag-dag-dag/.venv/lib/python3.10/site-packages/airflow/example_dags/subdags/subdag.py took 0.085 seconds
[2024-05-15T03:23:31.659+0800] {processor.py:161} INFO - Started process (PID=82354) to work on /home/jithish/Documents/dag-dag-dag/.venv/lib/python3.10/site-packages/airflow/example_dags/subdags/subdag.py
[2024-05-15T03:23:31.722+0800] {processor.py:830} INFO - Processing file /home/jithish/Documents/dag-dag-dag/.venv/lib/python3.10/site-packages/airflow/example_dags/subdags/subdag.py for tasks to queue
[2024-05-15T03:23:31.728+0800] {logging_mixin.py:188} INFO - [2024-05-15T03:23:31.726+0800] {dagbag.py:545} INFO - Filling up the DagBag from /home/jithish/Documents/dag-dag-dag/.venv/lib/python3.10/site-packages/airflow/example_dags/subdags/subdag.py
[2024-05-15T03:23:31.735+0800] {processor.py:842} WARNING - No viable dags retrieved from /home/jithish/Documents/dag-dag-dag/.venv/lib/python3.10/site-packages/airflow/example_dags/subdags/subdag.py
[2024-05-15T03:23:31.759+0800] {processor.py:183} INFO - Processing /home/jithish/Documents/dag-dag-dag/.venv/lib/python3.10/site-packages/airflow/example_dags/subdags/subdag.py took 0.119 seconds
[2024-05-15T03:24:24.855+0800] {processor.py:161} INFO - Started process (PID=82806) to work on /home/jithish/Documents/dag-dag-dag/.venv/lib/python3.10/site-packages/airflow/example_dags/subdags/subdag.py
[2024-05-15T03:24:24.920+0800] {processor.py:830} INFO - Processing file /home/jithish/Documents/dag-dag-dag/.venv/lib/python3.10/site-packages/airflow/example_dags/subdags/subdag.py for tasks to queue
[2024-05-15T03:24:24.928+0800] {logging_mixin.py:188} INFO - [2024-05-15T03:24:24.927+0800] {dagbag.py:545} INFO - Filling up the DagBag from /home/jithish/Documents/dag-dag-dag/.venv/lib/python3.10/site-packages/airflow/example_dags/subdags/subdag.py
[2024-05-15T03:24:24.935+0800] {processor.py:842} WARNING - No viable dags retrieved from /home/jithish/Documents/dag-dag-dag/.venv/lib/python3.10/site-packages/airflow/example_dags/subdags/subdag.py
[2024-05-15T03:24:24.959+0800] {processor.py:183} INFO - Processing /home/jithish/Documents/dag-dag-dag/.venv/lib/python3.10/site-packages/airflow/example_dags/subdags/subdag.py took 0.108 seconds
[2024-05-15T03:25:20.478+0800] {processor.py:161} INFO - Started process (PID=83275) to work on /home/jithish/Documents/dag-dag-dag/.venv/lib/python3.10/site-packages/airflow/example_dags/subdags/subdag.py
[2024-05-15T03:25:20.540+0800] {processor.py:830} INFO - Processing file /home/jithish/Documents/dag-dag-dag/.venv/lib/python3.10/site-packages/airflow/example_dags/subdags/subdag.py for tasks to queue
[2024-05-15T03:25:20.546+0800] {logging_mixin.py:188} INFO - [2024-05-15T03:25:20.545+0800] {dagbag.py:545} INFO - Filling up the DagBag from /home/jithish/Documents/dag-dag-dag/.venv/lib/python3.10/site-packages/airflow/example_dags/subdags/subdag.py
[2024-05-15T03:25:20.552+0800] {processor.py:842} WARNING - No viable dags retrieved from /home/jithish/Documents/dag-dag-dag/.venv/lib/python3.10/site-packages/airflow/example_dags/subdags/subdag.py
[2024-05-15T03:25:20.578+0800] {processor.py:183} INFO - Processing /home/jithish/Documents/dag-dag-dag/.venv/lib/python3.10/site-packages/airflow/example_dags/subdags/subdag.py took 0.103 seconds
[2024-05-15T03:26:11.925+0800] {processor.py:161} INFO - Started process (PID=83709) to work on /home/jithish/Documents/dag-dag-dag/.venv/lib/python3.10/site-packages/airflow/example_dags/subdags/subdag.py
[2024-05-15T03:26:11.987+0800] {processor.py:830} INFO - Processing file /home/jithish/Documents/dag-dag-dag/.venv/lib/python3.10/site-packages/airflow/example_dags/subdags/subdag.py for tasks to queue
[2024-05-15T03:26:11.994+0800] {logging_mixin.py:188} INFO - [2024-05-15T03:26:11.993+0800] {dagbag.py:545} INFO - Filling up the DagBag from /home/jithish/Documents/dag-dag-dag/.venv/lib/python3.10/site-packages/airflow/example_dags/subdags/subdag.py
[2024-05-15T03:26:12.000+0800] {processor.py:842} WARNING - No viable dags retrieved from /home/jithish/Documents/dag-dag-dag/.venv/lib/python3.10/site-packages/airflow/example_dags/subdags/subdag.py
[2024-05-15T03:26:12.019+0800] {processor.py:183} INFO - Processing /home/jithish/Documents/dag-dag-dag/.venv/lib/python3.10/site-packages/airflow/example_dags/subdags/subdag.py took 0.098 seconds
[2024-05-15T03:27:08.438+0800] {processor.py:161} INFO - Started process (PID=84445) to work on /home/jithish/Documents/dag-dag-dag/.venv/lib/python3.10/site-packages/airflow/example_dags/subdags/subdag.py
[2024-05-15T03:27:08.440+0800] {processor.py:830} INFO - Processing file /home/jithish/Documents/dag-dag-dag/.venv/lib/python3.10/site-packages/airflow/example_dags/subdags/subdag.py for tasks to queue
[2024-05-15T03:27:08.445+0800] {logging_mixin.py:188} INFO - [2024-05-15T03:27:08.444+0800] {dagbag.py:545} INFO - Filling up the DagBag from /home/jithish/Documents/dag-dag-dag/.venv/lib/python3.10/site-packages/airflow/example_dags/subdags/subdag.py
[2024-05-15T03:27:08.448+0800] {processor.py:842} WARNING - No viable dags retrieved from /home/jithish/Documents/dag-dag-dag/.venv/lib/python3.10/site-packages/airflow/example_dags/subdags/subdag.py
[2024-05-15T03:27:08.463+0800] {processor.py:183} INFO - Processing /home/jithish/Documents/dag-dag-dag/.venv/lib/python3.10/site-packages/airflow/example_dags/subdags/subdag.py took 0.043 seconds
[2024-05-15T03:27:59.335+0800] {processor.py:161} INFO - Started process (PID=84909) to work on /home/jithish/Documents/dag-dag-dag/.venv/lib/python3.10/site-packages/airflow/example_dags/subdags/subdag.py
[2024-05-15T03:27:59.395+0800] {processor.py:830} INFO - Processing file /home/jithish/Documents/dag-dag-dag/.venv/lib/python3.10/site-packages/airflow/example_dags/subdags/subdag.py for tasks to queue
[2024-05-15T03:27:59.397+0800] {logging_mixin.py:188} INFO - [2024-05-15T03:27:59.397+0800] {dagbag.py:545} INFO - Filling up the DagBag from /home/jithish/Documents/dag-dag-dag/.venv/lib/python3.10/site-packages/airflow/example_dags/subdags/subdag.py
[2024-05-15T03:27:59.399+0800] {processor.py:842} WARNING - No viable dags retrieved from /home/jithish/Documents/dag-dag-dag/.venv/lib/python3.10/site-packages/airflow/example_dags/subdags/subdag.py
[2024-05-15T03:27:59.407+0800] {processor.py:183} INFO - Processing /home/jithish/Documents/dag-dag-dag/.venv/lib/python3.10/site-packages/airflow/example_dags/subdags/subdag.py took 0.076 seconds
[2024-05-15T03:28:49.083+0800] {processor.py:161} INFO - Started process (PID=85317) to work on /home/jithish/Documents/dag-dag-dag/.venv/lib/python3.10/site-packages/airflow/example_dags/subdags/subdag.py
[2024-05-15T03:28:49.145+0800] {processor.py:830} INFO - Processing file /home/jithish/Documents/dag-dag-dag/.venv/lib/python3.10/site-packages/airflow/example_dags/subdags/subdag.py for tasks to queue
[2024-05-15T03:28:49.153+0800] {logging_mixin.py:188} INFO - [2024-05-15T03:28:49.152+0800] {dagbag.py:545} INFO - Filling up the DagBag from /home/jithish/Documents/dag-dag-dag/.venv/lib/python3.10/site-packages/airflow/example_dags/subdags/subdag.py
[2024-05-15T03:28:49.160+0800] {processor.py:842} WARNING - No viable dags retrieved from /home/jithish/Documents/dag-dag-dag/.venv/lib/python3.10/site-packages/airflow/example_dags/subdags/subdag.py
[2024-05-15T03:28:49.181+0800] {processor.py:183} INFO - Processing /home/jithish/Documents/dag-dag-dag/.venv/lib/python3.10/site-packages/airflow/example_dags/subdags/subdag.py took 0.116 seconds
[2024-05-15T03:29:37.551+0800] {processor.py:161} INFO - Started process (PID=85790) to work on /home/jithish/Documents/dag-dag-dag/.venv/lib/python3.10/site-packages/airflow/example_dags/subdags/subdag.py
[2024-05-15T03:29:37.612+0800] {processor.py:830} INFO - Processing file /home/jithish/Documents/dag-dag-dag/.venv/lib/python3.10/site-packages/airflow/example_dags/subdags/subdag.py for tasks to queue
[2024-05-15T03:29:37.614+0800] {logging_mixin.py:188} INFO - [2024-05-15T03:29:37.614+0800] {dagbag.py:545} INFO - Filling up the DagBag from /home/jithish/Documents/dag-dag-dag/.venv/lib/python3.10/site-packages/airflow/example_dags/subdags/subdag.py
[2024-05-15T03:29:37.616+0800] {processor.py:842} WARNING - No viable dags retrieved from /home/jithish/Documents/dag-dag-dag/.venv/lib/python3.10/site-packages/airflow/example_dags/subdags/subdag.py
[2024-05-15T03:29:37.624+0800] {processor.py:183} INFO - Processing /home/jithish/Documents/dag-dag-dag/.venv/lib/python3.10/site-packages/airflow/example_dags/subdags/subdag.py took 0.077 seconds
[2024-05-15T03:30:27.899+0800] {processor.py:161} INFO - Started process (PID=86218) to work on /home/jithish/Documents/dag-dag-dag/.venv/lib/python3.10/site-packages/airflow/example_dags/subdags/subdag.py
[2024-05-15T03:30:27.962+0800] {processor.py:830} INFO - Processing file /home/jithish/Documents/dag-dag-dag/.venv/lib/python3.10/site-packages/airflow/example_dags/subdags/subdag.py for tasks to queue
[2024-05-15T03:30:27.968+0800] {logging_mixin.py:188} INFO - [2024-05-15T03:30:27.966+0800] {dagbag.py:545} INFO - Filling up the DagBag from /home/jithish/Documents/dag-dag-dag/.venv/lib/python3.10/site-packages/airflow/example_dags/subdags/subdag.py
[2024-05-15T03:30:27.974+0800] {processor.py:842} WARNING - No viable dags retrieved from /home/jithish/Documents/dag-dag-dag/.venv/lib/python3.10/site-packages/airflow/example_dags/subdags/subdag.py
[2024-05-15T03:30:27.998+0800] {processor.py:183} INFO - Processing /home/jithish/Documents/dag-dag-dag/.venv/lib/python3.10/site-packages/airflow/example_dags/subdags/subdag.py took 0.107 seconds
[2024-05-15T03:31:19.451+0800] {processor.py:161} INFO - Started process (PID=86651) to work on /home/jithish/Documents/dag-dag-dag/.venv/lib/python3.10/site-packages/airflow/example_dags/subdags/subdag.py
[2024-05-15T03:31:19.512+0800] {processor.py:830} INFO - Processing file /home/jithish/Documents/dag-dag-dag/.venv/lib/python3.10/site-packages/airflow/example_dags/subdags/subdag.py for tasks to queue
[2024-05-15T03:31:19.515+0800] {logging_mixin.py:188} INFO - [2024-05-15T03:31:19.515+0800] {dagbag.py:545} INFO - Filling up the DagBag from /home/jithish/Documents/dag-dag-dag/.venv/lib/python3.10/site-packages/airflow/example_dags/subdags/subdag.py
[2024-05-15T03:31:19.519+0800] {processor.py:842} WARNING - No viable dags retrieved from /home/jithish/Documents/dag-dag-dag/.venv/lib/python3.10/site-packages/airflow/example_dags/subdags/subdag.py
[2024-05-15T03:31:19.535+0800] {processor.py:183} INFO - Processing /home/jithish/Documents/dag-dag-dag/.venv/lib/python3.10/site-packages/airflow/example_dags/subdags/subdag.py took 0.089 seconds
[2024-05-15T03:32:11.003+0800] {processor.py:161} INFO - Started process (PID=87068) to work on /home/jithish/Documents/dag-dag-dag/.venv/lib/python3.10/site-packages/airflow/example_dags/subdags/subdag.py
[2024-05-15T03:32:11.064+0800] {processor.py:830} INFO - Processing file /home/jithish/Documents/dag-dag-dag/.venv/lib/python3.10/site-packages/airflow/example_dags/subdags/subdag.py for tasks to queue
[2024-05-15T03:32:11.066+0800] {logging_mixin.py:188} INFO - [2024-05-15T03:32:11.065+0800] {dagbag.py:545} INFO - Filling up the DagBag from /home/jithish/Documents/dag-dag-dag/.venv/lib/python3.10/site-packages/airflow/example_dags/subdags/subdag.py
[2024-05-15T03:32:11.067+0800] {processor.py:842} WARNING - No viable dags retrieved from /home/jithish/Documents/dag-dag-dag/.venv/lib/python3.10/site-packages/airflow/example_dags/subdags/subdag.py
[2024-05-15T03:32:11.075+0800] {processor.py:183} INFO - Processing /home/jithish/Documents/dag-dag-dag/.venv/lib/python3.10/site-packages/airflow/example_dags/subdags/subdag.py took 0.076 seconds
[2024-05-15T03:33:00.400+0800] {processor.py:161} INFO - Started process (PID=87504) to work on /home/jithish/Documents/dag-dag-dag/.venv/lib/python3.10/site-packages/airflow/example_dags/subdags/subdag.py
[2024-05-15T03:33:00.463+0800] {processor.py:830} INFO - Processing file /home/jithish/Documents/dag-dag-dag/.venv/lib/python3.10/site-packages/airflow/example_dags/subdags/subdag.py for tasks to queue
[2024-05-15T03:33:00.471+0800] {logging_mixin.py:188} INFO - [2024-05-15T03:33:00.470+0800] {dagbag.py:545} INFO - Filling up the DagBag from /home/jithish/Documents/dag-dag-dag/.venv/lib/python3.10/site-packages/airflow/example_dags/subdags/subdag.py
[2024-05-15T03:33:00.478+0800] {processor.py:842} WARNING - No viable dags retrieved from /home/jithish/Documents/dag-dag-dag/.venv/lib/python3.10/site-packages/airflow/example_dags/subdags/subdag.py
[2024-05-15T03:33:00.498+0800] {processor.py:183} INFO - Processing /home/jithish/Documents/dag-dag-dag/.venv/lib/python3.10/site-packages/airflow/example_dags/subdags/subdag.py took 0.112 seconds
[2024-05-15T03:33:47.530+0800] {processor.py:161} INFO - Started process (PID=87940) to work on /home/jithish/Documents/dag-dag-dag/.venv/lib/python3.10/site-packages/airflow/example_dags/subdags/subdag.py
[2024-05-15T03:33:47.591+0800] {processor.py:830} INFO - Processing file /home/jithish/Documents/dag-dag-dag/.venv/lib/python3.10/site-packages/airflow/example_dags/subdags/subdag.py for tasks to queue
[2024-05-15T03:33:47.594+0800] {logging_mixin.py:188} INFO - [2024-05-15T03:33:47.594+0800] {dagbag.py:545} INFO - Filling up the DagBag from /home/jithish/Documents/dag-dag-dag/.venv/lib/python3.10/site-packages/airflow/example_dags/subdags/subdag.py
[2024-05-15T03:33:47.596+0800] {processor.py:842} WARNING - No viable dags retrieved from /home/jithish/Documents/dag-dag-dag/.venv/lib/python3.10/site-packages/airflow/example_dags/subdags/subdag.py
[2024-05-15T03:33:47.604+0800] {processor.py:183} INFO - Processing /home/jithish/Documents/dag-dag-dag/.venv/lib/python3.10/site-packages/airflow/example_dags/subdags/subdag.py took 0.079 seconds
[2024-05-15T03:34:32.599+0800] {processor.py:161} INFO - Started process (PID=88387) to work on /home/jithish/Documents/dag-dag-dag/.venv/lib/python3.10/site-packages/airflow/example_dags/subdags/subdag.py
[2024-05-15T03:34:32.660+0800] {processor.py:830} INFO - Processing file /home/jithish/Documents/dag-dag-dag/.venv/lib/python3.10/site-packages/airflow/example_dags/subdags/subdag.py for tasks to queue
[2024-05-15T03:34:32.662+0800] {logging_mixin.py:188} INFO - [2024-05-15T03:34:32.661+0800] {dagbag.py:545} INFO - Filling up the DagBag from /home/jithish/Documents/dag-dag-dag/.venv/lib/python3.10/site-packages/airflow/example_dags/subdags/subdag.py
[2024-05-15T03:34:32.664+0800] {processor.py:842} WARNING - No viable dags retrieved from /home/jithish/Documents/dag-dag-dag/.venv/lib/python3.10/site-packages/airflow/example_dags/subdags/subdag.py
[2024-05-15T03:34:32.675+0800] {processor.py:183} INFO - Processing /home/jithish/Documents/dag-dag-dag/.venv/lib/python3.10/site-packages/airflow/example_dags/subdags/subdag.py took 0.080 seconds
[2024-05-15T03:35:20.499+0800] {processor.py:161} INFO - Started process (PID=88778) to work on /home/jithish/Documents/dag-dag-dag/.venv/lib/python3.10/site-packages/airflow/example_dags/subdags/subdag.py
[2024-05-15T03:35:20.549+0800] {processor.py:830} INFO - Processing file /home/jithish/Documents/dag-dag-dag/.venv/lib/python3.10/site-packages/airflow/example_dags/subdags/subdag.py for tasks to queue
[2024-05-15T03:35:20.551+0800] {logging_mixin.py:188} INFO - [2024-05-15T03:35:20.551+0800] {dagbag.py:545} INFO - Filling up the DagBag from /home/jithish/Documents/dag-dag-dag/.venv/lib/python3.10/site-packages/airflow/example_dags/subdags/subdag.py
[2024-05-15T03:35:20.554+0800] {processor.py:842} WARNING - No viable dags retrieved from /home/jithish/Documents/dag-dag-dag/.venv/lib/python3.10/site-packages/airflow/example_dags/subdags/subdag.py
[2024-05-15T03:35:20.564+0800] {processor.py:183} INFO - Processing /home/jithish/Documents/dag-dag-dag/.venv/lib/python3.10/site-packages/airflow/example_dags/subdags/subdag.py took 0.070 seconds
[2024-05-15T03:36:10.197+0800] {processor.py:161} INFO - Started process (PID=89213) to work on /home/jithish/Documents/dag-dag-dag/.venv/lib/python3.10/site-packages/airflow/example_dags/subdags/subdag.py
[2024-05-15T03:36:10.257+0800] {processor.py:830} INFO - Processing file /home/jithish/Documents/dag-dag-dag/.venv/lib/python3.10/site-packages/airflow/example_dags/subdags/subdag.py for tasks to queue
[2024-05-15T03:36:10.259+0800] {logging_mixin.py:188} INFO - [2024-05-15T03:36:10.259+0800] {dagbag.py:545} INFO - Filling up the DagBag from /home/jithish/Documents/dag-dag-dag/.venv/lib/python3.10/site-packages/airflow/example_dags/subdags/subdag.py
[2024-05-15T03:36:10.260+0800] {processor.py:842} WARNING - No viable dags retrieved from /home/jithish/Documents/dag-dag-dag/.venv/lib/python3.10/site-packages/airflow/example_dags/subdags/subdag.py
[2024-05-15T03:36:10.268+0800] {processor.py:183} INFO - Processing /home/jithish/Documents/dag-dag-dag/.venv/lib/python3.10/site-packages/airflow/example_dags/subdags/subdag.py took 0.075 seconds
[2024-05-15T03:36:58.288+0800] {processor.py:161} INFO - Started process (PID=89721) to work on /home/jithish/Documents/dag-dag-dag/.venv/lib/python3.10/site-packages/airflow/example_dags/subdags/subdag.py
[2024-05-15T03:36:58.289+0800] {processor.py:830} INFO - Processing file /home/jithish/Documents/dag-dag-dag/.venv/lib/python3.10/site-packages/airflow/example_dags/subdags/subdag.py for tasks to queue
[2024-05-15T03:36:58.291+0800] {logging_mixin.py:188} INFO - [2024-05-15T03:36:58.291+0800] {dagbag.py:545} INFO - Filling up the DagBag from /home/jithish/Documents/dag-dag-dag/.venv/lib/python3.10/site-packages/airflow/example_dags/subdags/subdag.py
[2024-05-15T03:36:58.293+0800] {processor.py:842} WARNING - No viable dags retrieved from /home/jithish/Documents/dag-dag-dag/.venv/lib/python3.10/site-packages/airflow/example_dags/subdags/subdag.py
[2024-05-15T03:36:58.301+0800] {processor.py:183} INFO - Processing /home/jithish/Documents/dag-dag-dag/.venv/lib/python3.10/site-packages/airflow/example_dags/subdags/subdag.py took 0.018 seconds
[2024-05-15T03:37:49.305+0800] {processor.py:161} INFO - Started process (PID=90176) to work on /home/jithish/Documents/dag-dag-dag/.venv/lib/python3.10/site-packages/airflow/example_dags/subdags/subdag.py
[2024-05-15T03:37:49.366+0800] {processor.py:830} INFO - Processing file /home/jithish/Documents/dag-dag-dag/.venv/lib/python3.10/site-packages/airflow/example_dags/subdags/subdag.py for tasks to queue
[2024-05-15T03:37:49.367+0800] {logging_mixin.py:188} INFO - [2024-05-15T03:37:49.367+0800] {dagbag.py:545} INFO - Filling up the DagBag from /home/jithish/Documents/dag-dag-dag/.venv/lib/python3.10/site-packages/airflow/example_dags/subdags/subdag.py
[2024-05-15T03:37:49.369+0800] {processor.py:842} WARNING - No viable dags retrieved from /home/jithish/Documents/dag-dag-dag/.venv/lib/python3.10/site-packages/airflow/example_dags/subdags/subdag.py
[2024-05-15T03:37:49.375+0800] {processor.py:183} INFO - Processing /home/jithish/Documents/dag-dag-dag/.venv/lib/python3.10/site-packages/airflow/example_dags/subdags/subdag.py took 0.075 seconds
[2024-05-15T03:38:40.284+0800] {processor.py:161} INFO - Started process (PID=90747) to work on /home/jithish/Documents/dag-dag-dag/.venv/lib/python3.10/site-packages/airflow/example_dags/subdags/subdag.py
[2024-05-15T03:38:40.284+0800] {processor.py:830} INFO - Processing file /home/jithish/Documents/dag-dag-dag/.venv/lib/python3.10/site-packages/airflow/example_dags/subdags/subdag.py for tasks to queue
[2024-05-15T03:38:40.288+0800] {logging_mixin.py:188} INFO - [2024-05-15T03:38:40.288+0800] {dagbag.py:545} INFO - Filling up the DagBag from /home/jithish/Documents/dag-dag-dag/.venv/lib/python3.10/site-packages/airflow/example_dags/subdags/subdag.py
[2024-05-15T03:38:40.290+0800] {processor.py:842} WARNING - No viable dags retrieved from /home/jithish/Documents/dag-dag-dag/.venv/lib/python3.10/site-packages/airflow/example_dags/subdags/subdag.py
[2024-05-15T03:38:40.297+0800] {processor.py:183} INFO - Processing /home/jithish/Documents/dag-dag-dag/.venv/lib/python3.10/site-packages/airflow/example_dags/subdags/subdag.py took 0.018 seconds
[2024-05-15T03:39:42.763+0800] {processor.py:161} INFO - Started process (PID=91710) to work on /home/jithish/Documents/dag-dag-dag/.venv/lib/python3.10/site-packages/airflow/example_dags/subdags/subdag.py
[2024-05-15T03:39:42.825+0800] {processor.py:830} INFO - Processing file /home/jithish/Documents/dag-dag-dag/.venv/lib/python3.10/site-packages/airflow/example_dags/subdags/subdag.py for tasks to queue
[2024-05-15T03:39:42.827+0800] {logging_mixin.py:188} INFO - [2024-05-15T03:39:42.827+0800] {dagbag.py:545} INFO - Filling up the DagBag from /home/jithish/Documents/dag-dag-dag/.venv/lib/python3.10/site-packages/airflow/example_dags/subdags/subdag.py
[2024-05-15T03:39:42.829+0800] {processor.py:842} WARNING - No viable dags retrieved from /home/jithish/Documents/dag-dag-dag/.venv/lib/python3.10/site-packages/airflow/example_dags/subdags/subdag.py
[2024-05-15T03:39:42.841+0800] {processor.py:183} INFO - Processing /home/jithish/Documents/dag-dag-dag/.venv/lib/python3.10/site-packages/airflow/example_dags/subdags/subdag.py took 0.089 seconds
[2024-05-15T03:40:41.543+0800] {processor.py:161} INFO - Started process (PID=93299) to work on /home/jithish/Documents/dag-dag-dag/.venv/lib/python3.10/site-packages/airflow/example_dags/subdags/subdag.py
[2024-05-15T03:40:41.605+0800] {processor.py:830} INFO - Processing file /home/jithish/Documents/dag-dag-dag/.venv/lib/python3.10/site-packages/airflow/example_dags/subdags/subdag.py for tasks to queue
[2024-05-15T03:40:41.611+0800] {logging_mixin.py:188} INFO - [2024-05-15T03:40:41.610+0800] {dagbag.py:545} INFO - Filling up the DagBag from /home/jithish/Documents/dag-dag-dag/.venv/lib/python3.10/site-packages/airflow/example_dags/subdags/subdag.py
[2024-05-15T03:40:41.618+0800] {processor.py:842} WARNING - No viable dags retrieved from /home/jithish/Documents/dag-dag-dag/.venv/lib/python3.10/site-packages/airflow/example_dags/subdags/subdag.py
[2024-05-15T03:40:41.642+0800] {processor.py:183} INFO - Processing /home/jithish/Documents/dag-dag-dag/.venv/lib/python3.10/site-packages/airflow/example_dags/subdags/subdag.py took 0.105 seconds
[2024-05-15T03:41:38.030+0800] {processor.py:161} INFO - Started process (PID=94101) to work on /home/jithish/Documents/dag-dag-dag/.venv/lib/python3.10/site-packages/airflow/example_dags/subdags/subdag.py
[2024-05-15T03:41:38.092+0800] {processor.py:830} INFO - Processing file /home/jithish/Documents/dag-dag-dag/.venv/lib/python3.10/site-packages/airflow/example_dags/subdags/subdag.py for tasks to queue
[2024-05-15T03:41:38.096+0800] {logging_mixin.py:188} INFO - [2024-05-15T03:41:38.095+0800] {dagbag.py:545} INFO - Filling up the DagBag from /home/jithish/Documents/dag-dag-dag/.venv/lib/python3.10/site-packages/airflow/example_dags/subdags/subdag.py
[2024-05-15T03:41:38.103+0800] {processor.py:842} WARNING - No viable dags retrieved from /home/jithish/Documents/dag-dag-dag/.venv/lib/python3.10/site-packages/airflow/example_dags/subdags/subdag.py
[2024-05-15T03:41:38.128+0800] {processor.py:183} INFO - Processing /home/jithish/Documents/dag-dag-dag/.venv/lib/python3.10/site-packages/airflow/example_dags/subdags/subdag.py took 0.103 seconds
[2024-05-15T03:42:30.619+0800] {processor.py:161} INFO - Started process (PID=94849) to work on /home/jithish/Documents/dag-dag-dag/.venv/lib/python3.10/site-packages/airflow/example_dags/subdags/subdag.py
[2024-05-15T03:42:30.680+0800] {processor.py:830} INFO - Processing file /home/jithish/Documents/dag-dag-dag/.venv/lib/python3.10/site-packages/airflow/example_dags/subdags/subdag.py for tasks to queue
[2024-05-15T03:42:30.686+0800] {logging_mixin.py:188} INFO - [2024-05-15T03:42:30.685+0800] {dagbag.py:545} INFO - Filling up the DagBag from /home/jithish/Documents/dag-dag-dag/.venv/lib/python3.10/site-packages/airflow/example_dags/subdags/subdag.py
[2024-05-15T03:42:30.690+0800] {processor.py:842} WARNING - No viable dags retrieved from /home/jithish/Documents/dag-dag-dag/.venv/lib/python3.10/site-packages/airflow/example_dags/subdags/subdag.py
[2024-05-15T03:42:30.716+0800] {processor.py:183} INFO - Processing /home/jithish/Documents/dag-dag-dag/.venv/lib/python3.10/site-packages/airflow/example_dags/subdags/subdag.py took 0.106 seconds
[2024-05-15T03:43:23.219+0800] {processor.py:161} INFO - Started process (PID=95577) to work on /home/jithish/Documents/dag-dag-dag/.venv/lib/python3.10/site-packages/airflow/example_dags/subdags/subdag.py
[2024-05-15T03:43:23.228+0800] {processor.py:830} INFO - Processing file /home/jithish/Documents/dag-dag-dag/.venv/lib/python3.10/site-packages/airflow/example_dags/subdags/subdag.py for tasks to queue
[2024-05-15T03:43:23.230+0800] {logging_mixin.py:188} INFO - [2024-05-15T03:43:23.229+0800] {dagbag.py:545} INFO - Filling up the DagBag from /home/jithish/Documents/dag-dag-dag/.venv/lib/python3.10/site-packages/airflow/example_dags/subdags/subdag.py
[2024-05-15T03:43:23.231+0800] {processor.py:842} WARNING - No viable dags retrieved from /home/jithish/Documents/dag-dag-dag/.venv/lib/python3.10/site-packages/airflow/example_dags/subdags/subdag.py
[2024-05-15T03:43:23.240+0800] {processor.py:183} INFO - Processing /home/jithish/Documents/dag-dag-dag/.venv/lib/python3.10/site-packages/airflow/example_dags/subdags/subdag.py took 0.028 seconds
[2024-05-15T03:44:20.454+0800] {processor.py:161} INFO - Started process (PID=96431) to work on /home/jithish/Documents/dag-dag-dag/.venv/lib/python3.10/site-packages/airflow/example_dags/subdags/subdag.py
[2024-05-15T03:44:20.456+0800] {processor.py:830} INFO - Processing file /home/jithish/Documents/dag-dag-dag/.venv/lib/python3.10/site-packages/airflow/example_dags/subdags/subdag.py for tasks to queue
[2024-05-15T03:44:20.459+0800] {logging_mixin.py:188} INFO - [2024-05-15T03:44:20.458+0800] {dagbag.py:545} INFO - Filling up the DagBag from /home/jithish/Documents/dag-dag-dag/.venv/lib/python3.10/site-packages/airflow/example_dags/subdags/subdag.py
[2024-05-15T03:44:20.462+0800] {processor.py:842} WARNING - No viable dags retrieved from /home/jithish/Documents/dag-dag-dag/.venv/lib/python3.10/site-packages/airflow/example_dags/subdags/subdag.py
[2024-05-15T03:44:20.475+0800] {processor.py:183} INFO - Processing /home/jithish/Documents/dag-dag-dag/.venv/lib/python3.10/site-packages/airflow/example_dags/subdags/subdag.py took 0.036 seconds
[2024-05-15T03:45:17.729+0800] {processor.py:161} INFO - Started process (PID=97045) to work on /home/jithish/Documents/dag-dag-dag/.venv/lib/python3.10/site-packages/airflow/example_dags/subdags/subdag.py
[2024-05-15T03:45:17.791+0800] {processor.py:830} INFO - Processing file /home/jithish/Documents/dag-dag-dag/.venv/lib/python3.10/site-packages/airflow/example_dags/subdags/subdag.py for tasks to queue
[2024-05-15T03:45:17.795+0800] {logging_mixin.py:188} INFO - [2024-05-15T03:45:17.794+0800] {dagbag.py:545} INFO - Filling up the DagBag from /home/jithish/Documents/dag-dag-dag/.venv/lib/python3.10/site-packages/airflow/example_dags/subdags/subdag.py
[2024-05-15T03:45:17.801+0800] {processor.py:842} WARNING - No viable dags retrieved from /home/jithish/Documents/dag-dag-dag/.venv/lib/python3.10/site-packages/airflow/example_dags/subdags/subdag.py
[2024-05-15T03:45:17.827+0800] {processor.py:183} INFO - Processing /home/jithish/Documents/dag-dag-dag/.venv/lib/python3.10/site-packages/airflow/example_dags/subdags/subdag.py took 0.107 seconds
[2024-05-15T03:46:18.170+0800] {processor.py:161} INFO - Started process (PID=97973) to work on /home/jithish/Documents/dag-dag-dag/.venv/lib/python3.10/site-packages/airflow/example_dags/subdags/subdag.py
[2024-05-15T03:46:18.217+0800] {processor.py:830} INFO - Processing file /home/jithish/Documents/dag-dag-dag/.venv/lib/python3.10/site-packages/airflow/example_dags/subdags/subdag.py for tasks to queue
[2024-05-15T03:46:18.222+0800] {logging_mixin.py:188} INFO - [2024-05-15T03:46:18.221+0800] {dagbag.py:545} INFO - Filling up the DagBag from /home/jithish/Documents/dag-dag-dag/.venv/lib/python3.10/site-packages/airflow/example_dags/subdags/subdag.py
[2024-05-15T03:46:18.227+0800] {processor.py:842} WARNING - No viable dags retrieved from /home/jithish/Documents/dag-dag-dag/.venv/lib/python3.10/site-packages/airflow/example_dags/subdags/subdag.py
[2024-05-15T03:46:18.243+0800] {processor.py:183} INFO - Processing /home/jithish/Documents/dag-dag-dag/.venv/lib/python3.10/site-packages/airflow/example_dags/subdags/subdag.py took 0.085 seconds
[2024-05-15T03:47:20.360+0800] {processor.py:161} INFO - Started process (PID=98896) to work on /home/jithish/Documents/dag-dag-dag/.venv/lib/python3.10/site-packages/airflow/example_dags/subdags/subdag.py
[2024-05-15T03:47:20.360+0800] {processor.py:830} INFO - Processing file /home/jithish/Documents/dag-dag-dag/.venv/lib/python3.10/site-packages/airflow/example_dags/subdags/subdag.py for tasks to queue
[2024-05-15T03:47:20.363+0800] {logging_mixin.py:188} INFO - [2024-05-15T03:47:20.362+0800] {dagbag.py:545} INFO - Filling up the DagBag from /home/jithish/Documents/dag-dag-dag/.venv/lib/python3.10/site-packages/airflow/example_dags/subdags/subdag.py
[2024-05-15T03:47:20.365+0800] {processor.py:842} WARNING - No viable dags retrieved from /home/jithish/Documents/dag-dag-dag/.venv/lib/python3.10/site-packages/airflow/example_dags/subdags/subdag.py
[2024-05-15T03:47:20.373+0800] {processor.py:183} INFO - Processing /home/jithish/Documents/dag-dag-dag/.venv/lib/python3.10/site-packages/airflow/example_dags/subdags/subdag.py took 0.018 seconds
[2024-05-15T03:48:10.714+0800] {processor.py:161} INFO - Started process (PID=99578) to work on /home/jithish/Documents/dag-dag-dag/.venv/lib/python3.10/site-packages/airflow/example_dags/subdags/subdag.py
[2024-05-15T03:48:10.775+0800] {processor.py:830} INFO - Processing file /home/jithish/Documents/dag-dag-dag/.venv/lib/python3.10/site-packages/airflow/example_dags/subdags/subdag.py for tasks to queue
[2024-05-15T03:48:10.777+0800] {logging_mixin.py:188} INFO - [2024-05-15T03:48:10.777+0800] {dagbag.py:545} INFO - Filling up the DagBag from /home/jithish/Documents/dag-dag-dag/.venv/lib/python3.10/site-packages/airflow/example_dags/subdags/subdag.py
[2024-05-15T03:48:10.779+0800] {processor.py:842} WARNING - No viable dags retrieved from /home/jithish/Documents/dag-dag-dag/.venv/lib/python3.10/site-packages/airflow/example_dags/subdags/subdag.py
[2024-05-15T03:48:10.786+0800] {processor.py:183} INFO - Processing /home/jithish/Documents/dag-dag-dag/.venv/lib/python3.10/site-packages/airflow/example_dags/subdags/subdag.py took 0.080 seconds
[2024-05-15T03:49:03.061+0800] {processor.py:161} INFO - Started process (PID=100350) to work on /home/jithish/Documents/dag-dag-dag/.venv/lib/python3.10/site-packages/airflow/example_dags/subdags/subdag.py
[2024-05-15T03:49:03.123+0800] {processor.py:830} INFO - Processing file /home/jithish/Documents/dag-dag-dag/.venv/lib/python3.10/site-packages/airflow/example_dags/subdags/subdag.py for tasks to queue
[2024-05-15T03:49:03.128+0800] {logging_mixin.py:188} INFO - [2024-05-15T03:49:03.127+0800] {dagbag.py:545} INFO - Filling up the DagBag from /home/jithish/Documents/dag-dag-dag/.venv/lib/python3.10/site-packages/airflow/example_dags/subdags/subdag.py
[2024-05-15T03:49:03.133+0800] {processor.py:842} WARNING - No viable dags retrieved from /home/jithish/Documents/dag-dag-dag/.venv/lib/python3.10/site-packages/airflow/example_dags/subdags/subdag.py
[2024-05-15T03:49:03.159+0800] {processor.py:183} INFO - Processing /home/jithish/Documents/dag-dag-dag/.venv/lib/python3.10/site-packages/airflow/example_dags/subdags/subdag.py took 0.104 seconds
[2024-05-15T03:50:01.130+0800] {processor.py:161} INFO - Started process (PID=101174) to work on /home/jithish/Documents/dag-dag-dag/.venv/lib/python3.10/site-packages/airflow/example_dags/subdags/subdag.py
[2024-05-15T03:50:01.191+0800] {processor.py:830} INFO - Processing file /home/jithish/Documents/dag-dag-dag/.venv/lib/python3.10/site-packages/airflow/example_dags/subdags/subdag.py for tasks to queue
[2024-05-15T03:50:01.197+0800] {logging_mixin.py:188} INFO - [2024-05-15T03:50:01.195+0800] {dagbag.py:545} INFO - Filling up the DagBag from /home/jithish/Documents/dag-dag-dag/.venv/lib/python3.10/site-packages/airflow/example_dags/subdags/subdag.py
[2024-05-15T03:50:01.204+0800] {processor.py:842} WARNING - No viable dags retrieved from /home/jithish/Documents/dag-dag-dag/.venv/lib/python3.10/site-packages/airflow/example_dags/subdags/subdag.py
[2024-05-15T03:50:01.231+0800] {processor.py:183} INFO - Processing /home/jithish/Documents/dag-dag-dag/.venv/lib/python3.10/site-packages/airflow/example_dags/subdags/subdag.py took 0.108 seconds
[2024-05-15T03:50:57.196+0800] {processor.py:161} INFO - Started process (PID=101957) to work on /home/jithish/Documents/dag-dag-dag/.venv/lib/python3.10/site-packages/airflow/example_dags/subdags/subdag.py
[2024-05-15T03:50:57.258+0800] {processor.py:830} INFO - Processing file /home/jithish/Documents/dag-dag-dag/.venv/lib/python3.10/site-packages/airflow/example_dags/subdags/subdag.py for tasks to queue
[2024-05-15T03:50:57.260+0800] {logging_mixin.py:188} INFO - [2024-05-15T03:50:57.260+0800] {dagbag.py:545} INFO - Filling up the DagBag from /home/jithish/Documents/dag-dag-dag/.venv/lib/python3.10/site-packages/airflow/example_dags/subdags/subdag.py
[2024-05-15T03:50:57.262+0800] {processor.py:842} WARNING - No viable dags retrieved from /home/jithish/Documents/dag-dag-dag/.venv/lib/python3.10/site-packages/airflow/example_dags/subdags/subdag.py
[2024-05-15T03:50:57.270+0800] {processor.py:183} INFO - Processing /home/jithish/Documents/dag-dag-dag/.venv/lib/python3.10/site-packages/airflow/example_dags/subdags/subdag.py took 0.104 seconds
[2024-05-15T03:51:52.297+0800] {processor.py:161} INFO - Started process (PID=102609) to work on /home/jithish/Documents/dag-dag-dag/.venv/lib/python3.10/site-packages/airflow/example_dags/subdags/subdag.py
[2024-05-15T03:51:52.358+0800] {processor.py:830} INFO - Processing file /home/jithish/Documents/dag-dag-dag/.venv/lib/python3.10/site-packages/airflow/example_dags/subdags/subdag.py for tasks to queue
[2024-05-15T03:51:52.362+0800] {logging_mixin.py:188} INFO - [2024-05-15T03:51:52.362+0800] {dagbag.py:545} INFO - Filling up the DagBag from /home/jithish/Documents/dag-dag-dag/.venv/lib/python3.10/site-packages/airflow/example_dags/subdags/subdag.py
[2024-05-15T03:51:52.365+0800] {processor.py:842} WARNING - No viable dags retrieved from /home/jithish/Documents/dag-dag-dag/.venv/lib/python3.10/site-packages/airflow/example_dags/subdags/subdag.py
[2024-05-15T03:51:52.382+0800] {processor.py:183} INFO - Processing /home/jithish/Documents/dag-dag-dag/.venv/lib/python3.10/site-packages/airflow/example_dags/subdags/subdag.py took 0.091 seconds
[2024-05-15T03:52:39.579+0800] {processor.py:161} INFO - Started process (PID=103051) to work on /home/jithish/Documents/dag-dag-dag/.venv/lib/python3.10/site-packages/airflow/example_dags/subdags/subdag.py
[2024-05-15T03:52:39.641+0800] {processor.py:830} INFO - Processing file /home/jithish/Documents/dag-dag-dag/.venv/lib/python3.10/site-packages/airflow/example_dags/subdags/subdag.py for tasks to queue
[2024-05-15T03:52:39.649+0800] {logging_mixin.py:188} INFO - [2024-05-15T03:52:39.648+0800] {dagbag.py:545} INFO - Filling up the DagBag from /home/jithish/Documents/dag-dag-dag/.venv/lib/python3.10/site-packages/airflow/example_dags/subdags/subdag.py
[2024-05-15T03:52:39.655+0800] {processor.py:842} WARNING - No viable dags retrieved from /home/jithish/Documents/dag-dag-dag/.venv/lib/python3.10/site-packages/airflow/example_dags/subdags/subdag.py
[2024-05-15T03:52:39.678+0800] {processor.py:183} INFO - Processing /home/jithish/Documents/dag-dag-dag/.venv/lib/python3.10/site-packages/airflow/example_dags/subdags/subdag.py took 0.103 seconds
[2024-05-15T03:53:31.839+0800] {processor.py:161} INFO - Started process (PID=103759) to work on /home/jithish/Documents/dag-dag-dag/.venv/lib/python3.10/site-packages/airflow/example_dags/subdags/subdag.py
[2024-05-15T03:53:31.881+0800] {processor.py:830} INFO - Processing file /home/jithish/Documents/dag-dag-dag/.venv/lib/python3.10/site-packages/airflow/example_dags/subdags/subdag.py for tasks to queue
[2024-05-15T03:53:31.889+0800] {logging_mixin.py:188} INFO - [2024-05-15T03:53:31.887+0800] {dagbag.py:545} INFO - Filling up the DagBag from /home/jithish/Documents/dag-dag-dag/.venv/lib/python3.10/site-packages/airflow/example_dags/subdags/subdag.py
[2024-05-15T03:53:31.896+0800] {processor.py:842} WARNING - No viable dags retrieved from /home/jithish/Documents/dag-dag-dag/.venv/lib/python3.10/site-packages/airflow/example_dags/subdags/subdag.py
[2024-05-15T03:53:31.917+0800] {processor.py:183} INFO - Processing /home/jithish/Documents/dag-dag-dag/.venv/lib/python3.10/site-packages/airflow/example_dags/subdags/subdag.py took 0.090 seconds
[2024-05-15T03:54:30.344+0800] {processor.py:161} INFO - Started process (PID=104500) to work on /home/jithish/Documents/dag-dag-dag/.venv/lib/python3.10/site-packages/airflow/example_dags/subdags/subdag.py
[2024-05-15T03:54:30.406+0800] {processor.py:830} INFO - Processing file /home/jithish/Documents/dag-dag-dag/.venv/lib/python3.10/site-packages/airflow/example_dags/subdags/subdag.py for tasks to queue
[2024-05-15T03:54:30.407+0800] {logging_mixin.py:188} INFO - [2024-05-15T03:54:30.407+0800] {dagbag.py:545} INFO - Filling up the DagBag from /home/jithish/Documents/dag-dag-dag/.venv/lib/python3.10/site-packages/airflow/example_dags/subdags/subdag.py
[2024-05-15T03:54:30.409+0800] {processor.py:842} WARNING - No viable dags retrieved from /home/jithish/Documents/dag-dag-dag/.venv/lib/python3.10/site-packages/airflow/example_dags/subdags/subdag.py
[2024-05-15T03:54:30.416+0800] {processor.py:183} INFO - Processing /home/jithish/Documents/dag-dag-dag/.venv/lib/python3.10/site-packages/airflow/example_dags/subdags/subdag.py took 0.087 seconds
[2024-05-15T03:55:25.640+0800] {processor.py:161} INFO - Started process (PID=105195) to work on /home/jithish/Documents/dag-dag-dag/.venv/lib/python3.10/site-packages/airflow/example_dags/subdags/subdag.py
[2024-05-15T03:55:25.701+0800] {processor.py:830} INFO - Processing file /home/jithish/Documents/dag-dag-dag/.venv/lib/python3.10/site-packages/airflow/example_dags/subdags/subdag.py for tasks to queue
[2024-05-15T03:55:25.703+0800] {logging_mixin.py:188} INFO - [2024-05-15T03:55:25.703+0800] {dagbag.py:545} INFO - Filling up the DagBag from /home/jithish/Documents/dag-dag-dag/.venv/lib/python3.10/site-packages/airflow/example_dags/subdags/subdag.py
[2024-05-15T03:55:25.705+0800] {processor.py:842} WARNING - No viable dags retrieved from /home/jithish/Documents/dag-dag-dag/.venv/lib/python3.10/site-packages/airflow/example_dags/subdags/subdag.py
[2024-05-15T03:55:25.713+0800] {processor.py:183} INFO - Processing /home/jithish/Documents/dag-dag-dag/.venv/lib/python3.10/site-packages/airflow/example_dags/subdags/subdag.py took 0.077 seconds
[2024-05-15T03:56:16.774+0800] {processor.py:161} INFO - Started process (PID=105720) to work on /home/jithish/Documents/dag-dag-dag/.venv/lib/python3.10/site-packages/airflow/example_dags/subdags/subdag.py
[2024-05-15T03:56:16.777+0800] {processor.py:830} INFO - Processing file /home/jithish/Documents/dag-dag-dag/.venv/lib/python3.10/site-packages/airflow/example_dags/subdags/subdag.py for tasks to queue
[2024-05-15T03:56:16.780+0800] {logging_mixin.py:188} INFO - [2024-05-15T03:56:16.779+0800] {dagbag.py:545} INFO - Filling up the DagBag from /home/jithish/Documents/dag-dag-dag/.venv/lib/python3.10/site-packages/airflow/example_dags/subdags/subdag.py
[2024-05-15T03:56:16.782+0800] {processor.py:842} WARNING - No viable dags retrieved from /home/jithish/Documents/dag-dag-dag/.venv/lib/python3.10/site-packages/airflow/example_dags/subdags/subdag.py
[2024-05-15T03:56:16.791+0800] {processor.py:183} INFO - Processing /home/jithish/Documents/dag-dag-dag/.venv/lib/python3.10/site-packages/airflow/example_dags/subdags/subdag.py took 0.026 seconds
[2024-05-15T03:57:06.020+0800] {processor.py:161} INFO - Started process (PID=106185) to work on /home/jithish/Documents/dag-dag-dag/.venv/lib/python3.10/site-packages/airflow/example_dags/subdags/subdag.py
[2024-05-15T03:57:06.081+0800] {processor.py:830} INFO - Processing file /home/jithish/Documents/dag-dag-dag/.venv/lib/python3.10/site-packages/airflow/example_dags/subdags/subdag.py for tasks to queue
[2024-05-15T03:57:06.088+0800] {logging_mixin.py:188} INFO - [2024-05-15T03:57:06.086+0800] {dagbag.py:545} INFO - Filling up the DagBag from /home/jithish/Documents/dag-dag-dag/.venv/lib/python3.10/site-packages/airflow/example_dags/subdags/subdag.py
[2024-05-15T03:57:06.093+0800] {processor.py:842} WARNING - No viable dags retrieved from /home/jithish/Documents/dag-dag-dag/.venv/lib/python3.10/site-packages/airflow/example_dags/subdags/subdag.py
[2024-05-15T03:57:06.118+0800] {processor.py:183} INFO - Processing /home/jithish/Documents/dag-dag-dag/.venv/lib/python3.10/site-packages/airflow/example_dags/subdags/subdag.py took 0.102 seconds
[2024-05-15T03:57:52.554+0800] {processor.py:161} INFO - Started process (PID=106608) to work on /home/jithish/Documents/dag-dag-dag/.venv/lib/python3.10/site-packages/airflow/example_dags/subdags/subdag.py
[2024-05-15T03:57:52.557+0800] {processor.py:830} INFO - Processing file /home/jithish/Documents/dag-dag-dag/.venv/lib/python3.10/site-packages/airflow/example_dags/subdags/subdag.py for tasks to queue
[2024-05-15T03:57:52.559+0800] {logging_mixin.py:188} INFO - [2024-05-15T03:57:52.559+0800] {dagbag.py:545} INFO - Filling up the DagBag from /home/jithish/Documents/dag-dag-dag/.venv/lib/python3.10/site-packages/airflow/example_dags/subdags/subdag.py
[2024-05-15T03:57:52.561+0800] {processor.py:842} WARNING - No viable dags retrieved from /home/jithish/Documents/dag-dag-dag/.venv/lib/python3.10/site-packages/airflow/example_dags/subdags/subdag.py
[2024-05-15T03:57:52.568+0800] {processor.py:183} INFO - Processing /home/jithish/Documents/dag-dag-dag/.venv/lib/python3.10/site-packages/airflow/example_dags/subdags/subdag.py took 0.018 seconds
[2024-05-15T03:58:38.340+0800] {processor.py:161} INFO - Started process (PID=107065) to work on /home/jithish/Documents/dag-dag-dag/.venv/lib/python3.10/site-packages/airflow/example_dags/subdags/subdag.py
[2024-05-15T03:58:38.341+0800] {processor.py:830} INFO - Processing file /home/jithish/Documents/dag-dag-dag/.venv/lib/python3.10/site-packages/airflow/example_dags/subdags/subdag.py for tasks to queue
[2024-05-15T03:58:38.343+0800] {logging_mixin.py:188} INFO - [2024-05-15T03:58:38.342+0800] {dagbag.py:545} INFO - Filling up the DagBag from /home/jithish/Documents/dag-dag-dag/.venv/lib/python3.10/site-packages/airflow/example_dags/subdags/subdag.py
[2024-05-15T03:58:38.345+0800] {processor.py:842} WARNING - No viable dags retrieved from /home/jithish/Documents/dag-dag-dag/.venv/lib/python3.10/site-packages/airflow/example_dags/subdags/subdag.py
[2024-05-15T03:58:38.353+0800] {processor.py:183} INFO - Processing /home/jithish/Documents/dag-dag-dag/.venv/lib/python3.10/site-packages/airflow/example_dags/subdags/subdag.py took 0.020 seconds
[2024-05-15T03:59:26.902+0800] {processor.py:161} INFO - Started process (PID=107581) to work on /home/jithish/Documents/dag-dag-dag/.venv/lib/python3.10/site-packages/airflow/example_dags/subdags/subdag.py
[2024-05-15T03:59:26.963+0800] {processor.py:830} INFO - Processing file /home/jithish/Documents/dag-dag-dag/.venv/lib/python3.10/site-packages/airflow/example_dags/subdags/subdag.py for tasks to queue
[2024-05-15T03:59:26.965+0800] {logging_mixin.py:188} INFO - [2024-05-15T03:59:26.965+0800] {dagbag.py:545} INFO - Filling up the DagBag from /home/jithish/Documents/dag-dag-dag/.venv/lib/python3.10/site-packages/airflow/example_dags/subdags/subdag.py
[2024-05-15T03:59:26.967+0800] {processor.py:842} WARNING - No viable dags retrieved from /home/jithish/Documents/dag-dag-dag/.venv/lib/python3.10/site-packages/airflow/example_dags/subdags/subdag.py
[2024-05-15T03:59:26.975+0800] {processor.py:183} INFO - Processing /home/jithish/Documents/dag-dag-dag/.venv/lib/python3.10/site-packages/airflow/example_dags/subdags/subdag.py took 0.079 seconds
[2024-05-15T04:00:14.948+0800] {processor.py:161} INFO - Started process (PID=107988) to work on /home/jithish/Documents/dag-dag-dag/.venv/lib/python3.10/site-packages/airflow/example_dags/subdags/subdag.py
[2024-05-15T04:00:15.009+0800] {processor.py:830} INFO - Processing file /home/jithish/Documents/dag-dag-dag/.venv/lib/python3.10/site-packages/airflow/example_dags/subdags/subdag.py for tasks to queue
[2024-05-15T04:00:15.012+0800] {logging_mixin.py:188} INFO - [2024-05-15T04:00:15.012+0800] {dagbag.py:545} INFO - Filling up the DagBag from /home/jithish/Documents/dag-dag-dag/.venv/lib/python3.10/site-packages/airflow/example_dags/subdags/subdag.py
[2024-05-15T04:00:15.014+0800] {processor.py:842} WARNING - No viable dags retrieved from /home/jithish/Documents/dag-dag-dag/.venv/lib/python3.10/site-packages/airflow/example_dags/subdags/subdag.py
[2024-05-15T04:00:15.023+0800] {processor.py:183} INFO - Processing /home/jithish/Documents/dag-dag-dag/.venv/lib/python3.10/site-packages/airflow/example_dags/subdags/subdag.py took 0.082 seconds
[2024-05-15T04:01:04.527+0800] {processor.py:161} INFO - Started process (PID=108382) to work on /home/jithish/Documents/dag-dag-dag/.venv/lib/python3.10/site-packages/airflow/example_dags/subdags/subdag.py
[2024-05-15T04:01:04.530+0800] {processor.py:830} INFO - Processing file /home/jithish/Documents/dag-dag-dag/.venv/lib/python3.10/site-packages/airflow/example_dags/subdags/subdag.py for tasks to queue
[2024-05-15T04:01:04.534+0800] {logging_mixin.py:188} INFO - [2024-05-15T04:01:04.533+0800] {dagbag.py:545} INFO - Filling up the DagBag from /home/jithish/Documents/dag-dag-dag/.venv/lib/python3.10/site-packages/airflow/example_dags/subdags/subdag.py
[2024-05-15T04:01:04.538+0800] {processor.py:842} WARNING - No viable dags retrieved from /home/jithish/Documents/dag-dag-dag/.venv/lib/python3.10/site-packages/airflow/example_dags/subdags/subdag.py
[2024-05-15T04:01:04.549+0800] {processor.py:183} INFO - Processing /home/jithish/Documents/dag-dag-dag/.venv/lib/python3.10/site-packages/airflow/example_dags/subdags/subdag.py took 0.042 seconds
[2024-05-15T04:01:52.549+0800] {processor.py:161} INFO - Started process (PID=108794) to work on /home/jithish/Documents/dag-dag-dag/.venv/lib/python3.10/site-packages/airflow/example_dags/subdags/subdag.py
[2024-05-15T04:01:52.614+0800] {processor.py:830} INFO - Processing file /home/jithish/Documents/dag-dag-dag/.venv/lib/python3.10/site-packages/airflow/example_dags/subdags/subdag.py for tasks to queue
[2024-05-15T04:01:52.619+0800] {logging_mixin.py:188} INFO - [2024-05-15T04:01:52.618+0800] {dagbag.py:545} INFO - Filling up the DagBag from /home/jithish/Documents/dag-dag-dag/.venv/lib/python3.10/site-packages/airflow/example_dags/subdags/subdag.py
[2024-05-15T04:01:52.626+0800] {processor.py:842} WARNING - No viable dags retrieved from /home/jithish/Documents/dag-dag-dag/.venv/lib/python3.10/site-packages/airflow/example_dags/subdags/subdag.py
[2024-05-15T04:01:52.652+0800] {processor.py:183} INFO - Processing /home/jithish/Documents/dag-dag-dag/.venv/lib/python3.10/site-packages/airflow/example_dags/subdags/subdag.py took 0.113 seconds
[2024-05-15T04:02:41.153+0800] {processor.py:161} INFO - Started process (PID=109296) to work on /home/jithish/Documents/dag-dag-dag/.venv/lib/python3.10/site-packages/airflow/example_dags/subdags/subdag.py
[2024-05-15T04:02:41.215+0800] {processor.py:830} INFO - Processing file /home/jithish/Documents/dag-dag-dag/.venv/lib/python3.10/site-packages/airflow/example_dags/subdags/subdag.py for tasks to queue
[2024-05-15T04:02:41.218+0800] {logging_mixin.py:188} INFO - [2024-05-15T04:02:41.218+0800] {dagbag.py:545} INFO - Filling up the DagBag from /home/jithish/Documents/dag-dag-dag/.venv/lib/python3.10/site-packages/airflow/example_dags/subdags/subdag.py
[2024-05-15T04:02:41.222+0800] {processor.py:842} WARNING - No viable dags retrieved from /home/jithish/Documents/dag-dag-dag/.venv/lib/python3.10/site-packages/airflow/example_dags/subdags/subdag.py
[2024-05-15T04:02:41.237+0800] {processor.py:183} INFO - Processing /home/jithish/Documents/dag-dag-dag/.venv/lib/python3.10/site-packages/airflow/example_dags/subdags/subdag.py took 0.093 seconds
[2024-05-15T04:03:45.408+0800] {processor.py:161} INFO - Started process (PID=110228) to work on /home/jithish/Documents/dag-dag-dag/.venv/lib/python3.10/site-packages/airflow/example_dags/subdags/subdag.py
[2024-05-15T04:03:45.468+0800] {processor.py:830} INFO - Processing file /home/jithish/Documents/dag-dag-dag/.venv/lib/python3.10/site-packages/airflow/example_dags/subdags/subdag.py for tasks to queue
[2024-05-15T04:03:45.473+0800] {logging_mixin.py:188} INFO - [2024-05-15T04:03:45.472+0800] {dagbag.py:545} INFO - Filling up the DagBag from /home/jithish/Documents/dag-dag-dag/.venv/lib/python3.10/site-packages/airflow/example_dags/subdags/subdag.py
[2024-05-15T04:03:45.479+0800] {processor.py:842} WARNING - No viable dags retrieved from /home/jithish/Documents/dag-dag-dag/.venv/lib/python3.10/site-packages/airflow/example_dags/subdags/subdag.py
[2024-05-15T04:03:45.510+0800] {processor.py:183} INFO - Processing /home/jithish/Documents/dag-dag-dag/.venv/lib/python3.10/site-packages/airflow/example_dags/subdags/subdag.py took 0.113 seconds
[2024-05-15T04:04:45.923+0800] {processor.py:161} INFO - Started process (PID=111164) to work on /home/jithish/Documents/dag-dag-dag/.venv/lib/python3.10/site-packages/airflow/example_dags/subdags/subdag.py
[2024-05-15T04:04:45.926+0800] {processor.py:830} INFO - Processing file /home/jithish/Documents/dag-dag-dag/.venv/lib/python3.10/site-packages/airflow/example_dags/subdags/subdag.py for tasks to queue
[2024-05-15T04:04:45.929+0800] {logging_mixin.py:188} INFO - [2024-05-15T04:04:45.928+0800] {dagbag.py:545} INFO - Filling up the DagBag from /home/jithish/Documents/dag-dag-dag/.venv/lib/python3.10/site-packages/airflow/example_dags/subdags/subdag.py
[2024-05-15T04:04:45.932+0800] {processor.py:842} WARNING - No viable dags retrieved from /home/jithish/Documents/dag-dag-dag/.venv/lib/python3.10/site-packages/airflow/example_dags/subdags/subdag.py
[2024-05-15T04:04:45.941+0800] {processor.py:183} INFO - Processing /home/jithish/Documents/dag-dag-dag/.venv/lib/python3.10/site-packages/airflow/example_dags/subdags/subdag.py took 0.023 seconds
[2024-05-15T04:05:42.077+0800] {processor.py:161} INFO - Started process (PID=111998) to work on /home/jithish/Documents/dag-dag-dag/.venv/lib/python3.10/site-packages/airflow/example_dags/subdags/subdag.py
[2024-05-15T04:05:42.139+0800] {processor.py:830} INFO - Processing file /home/jithish/Documents/dag-dag-dag/.venv/lib/python3.10/site-packages/airflow/example_dags/subdags/subdag.py for tasks to queue
[2024-05-15T04:05:42.146+0800] {logging_mixin.py:188} INFO - [2024-05-15T04:05:42.145+0800] {dagbag.py:545} INFO - Filling up the DagBag from /home/jithish/Documents/dag-dag-dag/.venv/lib/python3.10/site-packages/airflow/example_dags/subdags/subdag.py
[2024-05-15T04:05:42.152+0800] {processor.py:842} WARNING - No viable dags retrieved from /home/jithish/Documents/dag-dag-dag/.venv/lib/python3.10/site-packages/airflow/example_dags/subdags/subdag.py
[2024-05-15T04:05:42.176+0800] {processor.py:183} INFO - Processing /home/jithish/Documents/dag-dag-dag/.venv/lib/python3.10/site-packages/airflow/example_dags/subdags/subdag.py took 0.106 seconds
[2024-05-15T04:06:36.937+0800] {processor.py:161} INFO - Started process (PID=112777) to work on /home/jithish/Documents/dag-dag-dag/.venv/lib/python3.10/site-packages/airflow/example_dags/subdags/subdag.py
[2024-05-15T04:06:36.999+0800] {processor.py:830} INFO - Processing file /home/jithish/Documents/dag-dag-dag/.venv/lib/python3.10/site-packages/airflow/example_dags/subdags/subdag.py for tasks to queue
[2024-05-15T04:06:37.006+0800] {logging_mixin.py:188} INFO - [2024-05-15T04:06:37.005+0800] {dagbag.py:545} INFO - Filling up the DagBag from /home/jithish/Documents/dag-dag-dag/.venv/lib/python3.10/site-packages/airflow/example_dags/subdags/subdag.py
[2024-05-15T04:06:37.013+0800] {processor.py:842} WARNING - No viable dags retrieved from /home/jithish/Documents/dag-dag-dag/.venv/lib/python3.10/site-packages/airflow/example_dags/subdags/subdag.py
[2024-05-15T04:06:37.038+0800] {processor.py:183} INFO - Processing /home/jithish/Documents/dag-dag-dag/.venv/lib/python3.10/site-packages/airflow/example_dags/subdags/subdag.py took 0.109 seconds
[2024-05-15T04:07:31.989+0800] {processor.py:161} INFO - Started process (PID=113487) to work on /home/jithish/Documents/dag-dag-dag/.venv/lib/python3.10/site-packages/airflow/example_dags/subdags/subdag.py
[2024-05-15T04:07:31.990+0800] {processor.py:830} INFO - Processing file /home/jithish/Documents/dag-dag-dag/.venv/lib/python3.10/site-packages/airflow/example_dags/subdags/subdag.py for tasks to queue
[2024-05-15T04:07:31.992+0800] {logging_mixin.py:188} INFO - [2024-05-15T04:07:31.992+0800] {dagbag.py:545} INFO - Filling up the DagBag from /home/jithish/Documents/dag-dag-dag/.venv/lib/python3.10/site-packages/airflow/example_dags/subdags/subdag.py
[2024-05-15T04:07:31.995+0800] {processor.py:842} WARNING - No viable dags retrieved from /home/jithish/Documents/dag-dag-dag/.venv/lib/python3.10/site-packages/airflow/example_dags/subdags/subdag.py
[2024-05-15T04:07:32.005+0800] {processor.py:183} INFO - Processing /home/jithish/Documents/dag-dag-dag/.venv/lib/python3.10/site-packages/airflow/example_dags/subdags/subdag.py took 0.022 seconds
[2024-05-15T04:08:26.318+0800] {processor.py:161} INFO - Started process (PID=114170) to work on /home/jithish/Documents/dag-dag-dag/.venv/lib/python3.10/site-packages/airflow/example_dags/subdags/subdag.py
[2024-05-15T04:08:26.379+0800] {processor.py:830} INFO - Processing file /home/jithish/Documents/dag-dag-dag/.venv/lib/python3.10/site-packages/airflow/example_dags/subdags/subdag.py for tasks to queue
[2024-05-15T04:08:26.381+0800] {logging_mixin.py:188} INFO - [2024-05-15T04:08:26.381+0800] {dagbag.py:545} INFO - Filling up the DagBag from /home/jithish/Documents/dag-dag-dag/.venv/lib/python3.10/site-packages/airflow/example_dags/subdags/subdag.py
[2024-05-15T04:08:26.383+0800] {processor.py:842} WARNING - No viable dags retrieved from /home/jithish/Documents/dag-dag-dag/.venv/lib/python3.10/site-packages/airflow/example_dags/subdags/subdag.py
[2024-05-15T04:08:26.394+0800] {processor.py:183} INFO - Processing /home/jithish/Documents/dag-dag-dag/.venv/lib/python3.10/site-packages/airflow/example_dags/subdags/subdag.py took 0.084 seconds
[2024-05-15T04:09:24.655+0800] {processor.py:161} INFO - Started process (PID=115081) to work on /home/jithish/Documents/dag-dag-dag/.venv/lib/python3.10/site-packages/airflow/example_dags/subdags/subdag.py
[2024-05-15T04:09:24.716+0800] {processor.py:830} INFO - Processing file /home/jithish/Documents/dag-dag-dag/.venv/lib/python3.10/site-packages/airflow/example_dags/subdags/subdag.py for tasks to queue
[2024-05-15T04:09:24.723+0800] {logging_mixin.py:188} INFO - [2024-05-15T04:09:24.722+0800] {dagbag.py:545} INFO - Filling up the DagBag from /home/jithish/Documents/dag-dag-dag/.venv/lib/python3.10/site-packages/airflow/example_dags/subdags/subdag.py
[2024-05-15T04:09:24.727+0800] {processor.py:842} WARNING - No viable dags retrieved from /home/jithish/Documents/dag-dag-dag/.venv/lib/python3.10/site-packages/airflow/example_dags/subdags/subdag.py
[2024-05-15T04:09:24.746+0800] {processor.py:183} INFO - Processing /home/jithish/Documents/dag-dag-dag/.venv/lib/python3.10/site-packages/airflow/example_dags/subdags/subdag.py took 0.099 seconds
[2024-05-15T04:10:19.169+0800] {processor.py:161} INFO - Started process (PID=115872) to work on /home/jithish/Documents/dag-dag-dag/.venv/lib/python3.10/site-packages/airflow/example_dags/subdags/subdag.py
[2024-05-15T04:10:19.170+0800] {processor.py:830} INFO - Processing file /home/jithish/Documents/dag-dag-dag/.venv/lib/python3.10/site-packages/airflow/example_dags/subdags/subdag.py for tasks to queue
[2024-05-15T04:10:19.173+0800] {logging_mixin.py:188} INFO - [2024-05-15T04:10:19.172+0800] {dagbag.py:545} INFO - Filling up the DagBag from /home/jithish/Documents/dag-dag-dag/.venv/lib/python3.10/site-packages/airflow/example_dags/subdags/subdag.py
[2024-05-15T04:10:19.176+0800] {processor.py:842} WARNING - No viable dags retrieved from /home/jithish/Documents/dag-dag-dag/.venv/lib/python3.10/site-packages/airflow/example_dags/subdags/subdag.py
[2024-05-15T04:10:19.187+0800] {processor.py:183} INFO - Processing /home/jithish/Documents/dag-dag-dag/.venv/lib/python3.10/site-packages/airflow/example_dags/subdags/subdag.py took 0.030 seconds
[2024-05-15T04:11:12.724+0800] {processor.py:161} INFO - Started process (PID=116663) to work on /home/jithish/Documents/dag-dag-dag/.venv/lib/python3.10/site-packages/airflow/example_dags/subdags/subdag.py
[2024-05-15T04:11:12.787+0800] {processor.py:830} INFO - Processing file /home/jithish/Documents/dag-dag-dag/.venv/lib/python3.10/site-packages/airflow/example_dags/subdags/subdag.py for tasks to queue
[2024-05-15T04:11:12.794+0800] {logging_mixin.py:188} INFO - [2024-05-15T04:11:12.792+0800] {dagbag.py:545} INFO - Filling up the DagBag from /home/jithish/Documents/dag-dag-dag/.venv/lib/python3.10/site-packages/airflow/example_dags/subdags/subdag.py
[2024-05-15T04:11:12.806+0800] {processor.py:842} WARNING - No viable dags retrieved from /home/jithish/Documents/dag-dag-dag/.venv/lib/python3.10/site-packages/airflow/example_dags/subdags/subdag.py
[2024-05-15T04:11:12.826+0800] {processor.py:183} INFO - Processing /home/jithish/Documents/dag-dag-dag/.venv/lib/python3.10/site-packages/airflow/example_dags/subdags/subdag.py took 0.112 seconds
[2024-05-15T04:12:08.197+0800] {processor.py:161} INFO - Started process (PID=117404) to work on /home/jithish/Documents/dag-dag-dag/.venv/lib/python3.10/site-packages/airflow/example_dags/subdags/subdag.py
[2024-05-15T04:12:08.198+0800] {processor.py:830} INFO - Processing file /home/jithish/Documents/dag-dag-dag/.venv/lib/python3.10/site-packages/airflow/example_dags/subdags/subdag.py for tasks to queue
[2024-05-15T04:12:08.199+0800] {logging_mixin.py:188} INFO - [2024-05-15T04:12:08.199+0800] {dagbag.py:545} INFO - Filling up the DagBag from /home/jithish/Documents/dag-dag-dag/.venv/lib/python3.10/site-packages/airflow/example_dags/subdags/subdag.py
[2024-05-15T04:12:08.203+0800] {processor.py:842} WARNING - No viable dags retrieved from /home/jithish/Documents/dag-dag-dag/.venv/lib/python3.10/site-packages/airflow/example_dags/subdags/subdag.py
[2024-05-15T04:12:08.211+0800] {processor.py:183} INFO - Processing /home/jithish/Documents/dag-dag-dag/.venv/lib/python3.10/site-packages/airflow/example_dags/subdags/subdag.py took 0.020 seconds
[2024-05-15T04:13:04.567+0800] {processor.py:161} INFO - Started process (PID=118227) to work on /home/jithish/Documents/dag-dag-dag/.venv/lib/python3.10/site-packages/airflow/example_dags/subdags/subdag.py
[2024-05-15T04:13:04.628+0800] {processor.py:830} INFO - Processing file /home/jithish/Documents/dag-dag-dag/.venv/lib/python3.10/site-packages/airflow/example_dags/subdags/subdag.py for tasks to queue
[2024-05-15T04:13:04.636+0800] {logging_mixin.py:188} INFO - [2024-05-15T04:13:04.634+0800] {dagbag.py:545} INFO - Filling up the DagBag from /home/jithish/Documents/dag-dag-dag/.venv/lib/python3.10/site-packages/airflow/example_dags/subdags/subdag.py
[2024-05-15T04:13:04.641+0800] {processor.py:842} WARNING - No viable dags retrieved from /home/jithish/Documents/dag-dag-dag/.venv/lib/python3.10/site-packages/airflow/example_dags/subdags/subdag.py
[2024-05-15T04:13:04.667+0800] {processor.py:183} INFO - Processing /home/jithish/Documents/dag-dag-dag/.venv/lib/python3.10/site-packages/airflow/example_dags/subdags/subdag.py took 0.109 seconds
[2024-05-15T04:14:01.133+0800] {processor.py:161} INFO - Started process (PID=119143) to work on /home/jithish/Documents/dag-dag-dag/.venv/lib/python3.10/site-packages/airflow/example_dags/subdags/subdag.py
[2024-05-15T04:14:01.195+0800] {processor.py:830} INFO - Processing file /home/jithish/Documents/dag-dag-dag/.venv/lib/python3.10/site-packages/airflow/example_dags/subdags/subdag.py for tasks to queue
[2024-05-15T04:14:01.199+0800] {logging_mixin.py:188} INFO - [2024-05-15T04:14:01.198+0800] {dagbag.py:545} INFO - Filling up the DagBag from /home/jithish/Documents/dag-dag-dag/.venv/lib/python3.10/site-packages/airflow/example_dags/subdags/subdag.py
[2024-05-15T04:14:01.205+0800] {processor.py:842} WARNING - No viable dags retrieved from /home/jithish/Documents/dag-dag-dag/.venv/lib/python3.10/site-packages/airflow/example_dags/subdags/subdag.py
[2024-05-15T04:14:01.228+0800] {processor.py:183} INFO - Processing /home/jithish/Documents/dag-dag-dag/.venv/lib/python3.10/site-packages/airflow/example_dags/subdags/subdag.py took 0.101 seconds
[2024-05-15T04:14:56.492+0800] {processor.py:161} INFO - Started process (PID=119727) to work on /home/jithish/Documents/dag-dag-dag/.venv/lib/python3.10/site-packages/airflow/example_dags/subdags/subdag.py
[2024-05-15T04:14:56.553+0800] {processor.py:830} INFO - Processing file /home/jithish/Documents/dag-dag-dag/.venv/lib/python3.10/site-packages/airflow/example_dags/subdags/subdag.py for tasks to queue
[2024-05-15T04:14:56.554+0800] {logging_mixin.py:188} INFO - [2024-05-15T04:14:56.554+0800] {dagbag.py:545} INFO - Filling up the DagBag from /home/jithish/Documents/dag-dag-dag/.venv/lib/python3.10/site-packages/airflow/example_dags/subdags/subdag.py
[2024-05-15T04:14:56.556+0800] {processor.py:842} WARNING - No viable dags retrieved from /home/jithish/Documents/dag-dag-dag/.venv/lib/python3.10/site-packages/airflow/example_dags/subdags/subdag.py
[2024-05-15T04:14:56.564+0800] {processor.py:183} INFO - Processing /home/jithish/Documents/dag-dag-dag/.venv/lib/python3.10/site-packages/airflow/example_dags/subdags/subdag.py took 0.080 seconds
[2024-05-15T04:15:50.155+0800] {processor.py:161} INFO - Started process (PID=120206) to work on /home/jithish/Documents/dag-dag-dag/.venv/lib/python3.10/site-packages/airflow/example_dags/subdags/subdag.py
[2024-05-15T04:15:50.204+0800] {processor.py:830} INFO - Processing file /home/jithish/Documents/dag-dag-dag/.venv/lib/python3.10/site-packages/airflow/example_dags/subdags/subdag.py for tasks to queue
[2024-05-15T04:15:50.208+0800] {logging_mixin.py:188} INFO - [2024-05-15T04:15:50.207+0800] {dagbag.py:545} INFO - Filling up the DagBag from /home/jithish/Documents/dag-dag-dag/.venv/lib/python3.10/site-packages/airflow/example_dags/subdags/subdag.py
[2024-05-15T04:15:50.214+0800] {processor.py:842} WARNING - No viable dags retrieved from /home/jithish/Documents/dag-dag-dag/.venv/lib/python3.10/site-packages/airflow/example_dags/subdags/subdag.py
[2024-05-15T04:15:50.236+0800] {processor.py:183} INFO - Processing /home/jithish/Documents/dag-dag-dag/.venv/lib/python3.10/site-packages/airflow/example_dags/subdags/subdag.py took 0.091 seconds
