[2024-05-15T02:59:22.501+0800] {processor.py:161} INFO - Started process (PID=65564) to work on /home/jithish/Documents/dag-dag-dag/.venv/lib/python3.10/site-packages/airflow/example_dags/example_complex.py
[2024-05-15T02:59:22.502+0800] {processor.py:830} INFO - Processing file /home/jithish/Documents/dag-dag-dag/.venv/lib/python3.10/site-packages/airflow/example_dags/example_complex.py for tasks to queue
[2024-05-15T02:59:22.503+0800] {logging_mixin.py:188} INFO - [2024-05-15T02:59:22.503+0800] {dagbag.py:545} INFO - Filling up the DagBag from /home/jithish/Documents/dag-dag-dag/.venv/lib/python3.10/site-packages/airflow/example_dags/example_complex.py
[2024-05-15T02:59:22.513+0800] {processor.py:840} INFO - DAG(s) 'example_complex' retrieved from /home/jithish/Documents/dag-dag-dag/.venv/lib/python3.10/site-packages/airflow/example_dags/example_complex.py
[2024-05-15T02:59:22.588+0800] {logging_mixin.py:188} INFO - [2024-05-15T02:59:22.587+0800] {dag.py:3096} INFO - Sync 1 DAGs
[2024-05-15T02:59:22.674+0800] {logging_mixin.py:188} INFO - [2024-05-15T02:59:22.674+0800] {dag.py:3954} INFO - Setting next_dagrun for example_complex to None, run_after=None
[2024-05-15T02:59:22.780+0800] {processor.py:183} INFO - Processing /home/jithish/Documents/dag-dag-dag/.venv/lib/python3.10/site-packages/airflow/example_dags/example_complex.py took 0.286 seconds
[2024-05-15T03:14:42.921+0800] {processor.py:161} INFO - Started process (PID=75121) to work on /home/jithish/Documents/dag-dag-dag/.venv/lib/python3.10/site-packages/airflow/example_dags/example_complex.py
[2024-05-15T03:14:42.983+0800] {processor.py:830} INFO - Processing file /home/jithish/Documents/dag-dag-dag/.venv/lib/python3.10/site-packages/airflow/example_dags/example_complex.py for tasks to queue
[2024-05-15T03:14:42.988+0800] {logging_mixin.py:188} INFO - [2024-05-15T03:14:42.987+0800] {dagbag.py:545} INFO - Filling up the DagBag from /home/jithish/Documents/dag-dag-dag/.venv/lib/python3.10/site-packages/airflow/example_dags/example_complex.py
[2024-05-15T03:14:43.016+0800] {processor.py:840} INFO - DAG(s) 'example_complex' retrieved from /home/jithish/Documents/dag-dag-dag/.venv/lib/python3.10/site-packages/airflow/example_dags/example_complex.py
[2024-05-15T03:14:43.097+0800] {logging_mixin.py:188} INFO - [2024-05-15T03:14:43.096+0800] {dag.py:3096} INFO - Sync 1 DAGs
[2024-05-15T03:14:43.181+0800] {logging_mixin.py:188} INFO - [2024-05-15T03:14:43.181+0800] {dag.py:3954} INFO - Setting next_dagrun for example_complex to None, run_after=None
[2024-05-15T03:14:43.281+0800] {processor.py:183} INFO - Processing /home/jithish/Documents/dag-dag-dag/.venv/lib/python3.10/site-packages/airflow/example_dags/example_complex.py took 0.374 seconds
[2024-05-15T03:15:47.109+0800] {processor.py:161} INFO - Started process (PID=75929) to work on /home/jithish/Documents/dag-dag-dag/.venv/lib/python3.10/site-packages/airflow/example_dags/example_complex.py
[2024-05-15T03:15:47.123+0800] {processor.py:830} INFO - Processing file /home/jithish/Documents/dag-dag-dag/.venv/lib/python3.10/site-packages/airflow/example_dags/example_complex.py for tasks to queue
[2024-05-15T03:15:47.129+0800] {logging_mixin.py:188} INFO - [2024-05-15T03:15:47.127+0800] {dagbag.py:545} INFO - Filling up the DagBag from /home/jithish/Documents/dag-dag-dag/.venv/lib/python3.10/site-packages/airflow/example_dags/example_complex.py
[2024-05-15T03:15:47.153+0800] {processor.py:840} INFO - DAG(s) 'example_complex' retrieved from /home/jithish/Documents/dag-dag-dag/.venv/lib/python3.10/site-packages/airflow/example_dags/example_complex.py
[2024-05-15T03:15:47.182+0800] {logging_mixin.py:188} INFO - [2024-05-15T03:15:47.182+0800] {dag.py:3096} INFO - Sync 1 DAGs
[2024-05-15T03:15:47.194+0800] {logging_mixin.py:188} INFO - [2024-05-15T03:15:47.194+0800] {dag.py:3954} INFO - Setting next_dagrun for example_complex to None, run_after=None
[2024-05-15T03:15:47.314+0800] {processor.py:183} INFO - Processing /home/jithish/Documents/dag-dag-dag/.venv/lib/python3.10/site-packages/airflow/example_dags/example_complex.py took 0.215 seconds
[2024-05-15T03:16:49.765+0800] {processor.py:161} INFO - Started process (PID=76765) to work on /home/jithish/Documents/dag-dag-dag/.venv/lib/python3.10/site-packages/airflow/example_dags/example_complex.py
[2024-05-15T03:16:49.826+0800] {processor.py:830} INFO - Processing file /home/jithish/Documents/dag-dag-dag/.venv/lib/python3.10/site-packages/airflow/example_dags/example_complex.py for tasks to queue
[2024-05-15T03:16:49.831+0800] {logging_mixin.py:188} INFO - [2024-05-15T03:16:49.830+0800] {dagbag.py:545} INFO - Filling up the DagBag from /home/jithish/Documents/dag-dag-dag/.venv/lib/python3.10/site-packages/airflow/example_dags/example_complex.py
[2024-05-15T03:16:49.862+0800] {processor.py:840} INFO - DAG(s) 'example_complex' retrieved from /home/jithish/Documents/dag-dag-dag/.venv/lib/python3.10/site-packages/airflow/example_dags/example_complex.py
[2024-05-15T03:16:49.890+0800] {logging_mixin.py:188} INFO - [2024-05-15T03:16:49.890+0800] {dag.py:3096} INFO - Sync 1 DAGs
[2024-05-15T03:16:49.899+0800] {logging_mixin.py:188} INFO - [2024-05-15T03:16:49.899+0800] {dag.py:3954} INFO - Setting next_dagrun for example_complex to None, run_after=None
[2024-05-15T03:16:49.927+0800] {processor.py:183} INFO - Processing /home/jithish/Documents/dag-dag-dag/.venv/lib/python3.10/site-packages/airflow/example_dags/example_complex.py took 0.169 seconds
[2024-05-15T03:17:53.681+0800] {processor.py:161} INFO - Started process (PID=77766) to work on /home/jithish/Documents/dag-dag-dag/.venv/lib/python3.10/site-packages/airflow/example_dags/example_complex.py
[2024-05-15T03:17:53.743+0800] {processor.py:830} INFO - Processing file /home/jithish/Documents/dag-dag-dag/.venv/lib/python3.10/site-packages/airflow/example_dags/example_complex.py for tasks to queue
[2024-05-15T03:17:53.749+0800] {logging_mixin.py:188} INFO - [2024-05-15T03:17:53.748+0800] {dagbag.py:545} INFO - Filling up the DagBag from /home/jithish/Documents/dag-dag-dag/.venv/lib/python3.10/site-packages/airflow/example_dags/example_complex.py
[2024-05-15T03:17:53.782+0800] {processor.py:840} INFO - DAG(s) 'example_complex' retrieved from /home/jithish/Documents/dag-dag-dag/.venv/lib/python3.10/site-packages/airflow/example_dags/example_complex.py
[2024-05-15T03:17:53.812+0800] {logging_mixin.py:188} INFO - [2024-05-15T03:17:53.812+0800] {dag.py:3096} INFO - Sync 1 DAGs
[2024-05-15T03:17:53.819+0800] {logging_mixin.py:188} INFO - [2024-05-15T03:17:53.819+0800] {dag.py:3954} INFO - Setting next_dagrun for example_complex to None, run_after=None
[2024-05-15T03:17:53.850+0800] {processor.py:183} INFO - Processing /home/jithish/Documents/dag-dag-dag/.venv/lib/python3.10/site-packages/airflow/example_dags/example_complex.py took 0.173 seconds
[2024-05-15T03:18:47.514+0800] {processor.py:161} INFO - Started process (PID=78526) to work on /home/jithish/Documents/dag-dag-dag/.venv/lib/python3.10/site-packages/airflow/example_dags/example_complex.py
[2024-05-15T03:18:47.515+0800] {processor.py:830} INFO - Processing file /home/jithish/Documents/dag-dag-dag/.venv/lib/python3.10/site-packages/airflow/example_dags/example_complex.py for tasks to queue
[2024-05-15T03:18:47.518+0800] {logging_mixin.py:188} INFO - [2024-05-15T03:18:47.517+0800] {dagbag.py:545} INFO - Filling up the DagBag from /home/jithish/Documents/dag-dag-dag/.venv/lib/python3.10/site-packages/airflow/example_dags/example_complex.py
[2024-05-15T03:18:47.527+0800] {processor.py:840} INFO - DAG(s) 'example_complex' retrieved from /home/jithish/Documents/dag-dag-dag/.venv/lib/python3.10/site-packages/airflow/example_dags/example_complex.py
[2024-05-15T03:18:47.549+0800] {logging_mixin.py:188} INFO - [2024-05-15T03:18:47.549+0800] {dag.py:3096} INFO - Sync 1 DAGs
[2024-05-15T03:18:47.559+0800] {logging_mixin.py:188} INFO - [2024-05-15T03:18:47.559+0800] {dag.py:3954} INFO - Setting next_dagrun for example_complex to None, run_after=None
[2024-05-15T03:18:47.575+0800] {processor.py:183} INFO - Processing /home/jithish/Documents/dag-dag-dag/.venv/lib/python3.10/site-packages/airflow/example_dags/example_complex.py took 0.066 seconds
[2024-05-15T03:19:44.372+0800] {processor.py:161} INFO - Started process (PID=79354) to work on /home/jithish/Documents/dag-dag-dag/.venv/lib/python3.10/site-packages/airflow/example_dags/example_complex.py
[2024-05-15T03:19:44.373+0800] {processor.py:830} INFO - Processing file /home/jithish/Documents/dag-dag-dag/.venv/lib/python3.10/site-packages/airflow/example_dags/example_complex.py for tasks to queue
[2024-05-15T03:19:44.375+0800] {logging_mixin.py:188} INFO - [2024-05-15T03:19:44.374+0800] {dagbag.py:545} INFO - Filling up the DagBag from /home/jithish/Documents/dag-dag-dag/.venv/lib/python3.10/site-packages/airflow/example_dags/example_complex.py
[2024-05-15T03:19:44.386+0800] {processor.py:840} INFO - DAG(s) 'example_complex' retrieved from /home/jithish/Documents/dag-dag-dag/.venv/lib/python3.10/site-packages/airflow/example_dags/example_complex.py
[2024-05-15T03:19:44.408+0800] {logging_mixin.py:188} INFO - [2024-05-15T03:19:44.408+0800] {dag.py:3096} INFO - Sync 1 DAGs
[2024-05-15T03:19:44.418+0800] {logging_mixin.py:188} INFO - [2024-05-15T03:19:44.418+0800] {dag.py:3954} INFO - Setting next_dagrun for example_complex to None, run_after=None
[2024-05-15T03:19:44.437+0800] {processor.py:183} INFO - Processing /home/jithish/Documents/dag-dag-dag/.venv/lib/python3.10/site-packages/airflow/example_dags/example_complex.py took 0.069 seconds
[2024-05-15T03:20:36.111+0800] {processor.py:161} INFO - Started process (PID=80104) to work on /home/jithish/Documents/dag-dag-dag/.venv/lib/python3.10/site-packages/airflow/example_dags/example_complex.py
[2024-05-15T03:20:36.112+0800] {processor.py:830} INFO - Processing file /home/jithish/Documents/dag-dag-dag/.venv/lib/python3.10/site-packages/airflow/example_dags/example_complex.py for tasks to queue
[2024-05-15T03:20:36.114+0800] {logging_mixin.py:188} INFO - [2024-05-15T03:20:36.114+0800] {dagbag.py:545} INFO - Filling up the DagBag from /home/jithish/Documents/dag-dag-dag/.venv/lib/python3.10/site-packages/airflow/example_dags/example_complex.py
[2024-05-15T03:20:36.125+0800] {processor.py:840} INFO - DAG(s) 'example_complex' retrieved from /home/jithish/Documents/dag-dag-dag/.venv/lib/python3.10/site-packages/airflow/example_dags/example_complex.py
[2024-05-15T03:20:36.145+0800] {logging_mixin.py:188} INFO - [2024-05-15T03:20:36.145+0800] {dag.py:3096} INFO - Sync 1 DAGs
[2024-05-15T03:20:36.155+0800] {logging_mixin.py:188} INFO - [2024-05-15T03:20:36.155+0800] {dag.py:3954} INFO - Setting next_dagrun for example_complex to None, run_after=None
[2024-05-15T03:20:36.173+0800] {processor.py:183} INFO - Processing /home/jithish/Documents/dag-dag-dag/.venv/lib/python3.10/site-packages/airflow/example_dags/example_complex.py took 0.070 seconds
[2024-05-15T03:21:28.078+0800] {processor.py:161} INFO - Started process (PID=80786) to work on /home/jithish/Documents/dag-dag-dag/.venv/lib/python3.10/site-packages/airflow/example_dags/example_complex.py
[2024-05-15T03:21:28.079+0800] {processor.py:830} INFO - Processing file /home/jithish/Documents/dag-dag-dag/.venv/lib/python3.10/site-packages/airflow/example_dags/example_complex.py for tasks to queue
[2024-05-15T03:21:28.081+0800] {logging_mixin.py:188} INFO - [2024-05-15T03:21:28.081+0800] {dagbag.py:545} INFO - Filling up the DagBag from /home/jithish/Documents/dag-dag-dag/.venv/lib/python3.10/site-packages/airflow/example_dags/example_complex.py
[2024-05-15T03:21:28.094+0800] {processor.py:840} INFO - DAG(s) 'example_complex' retrieved from /home/jithish/Documents/dag-dag-dag/.venv/lib/python3.10/site-packages/airflow/example_dags/example_complex.py
[2024-05-15T03:21:28.119+0800] {logging_mixin.py:188} INFO - [2024-05-15T03:21:28.118+0800] {dag.py:3096} INFO - Sync 1 DAGs
[2024-05-15T03:21:28.126+0800] {logging_mixin.py:188} INFO - [2024-05-15T03:21:28.126+0800] {dag.py:3954} INFO - Setting next_dagrun for example_complex to None, run_after=None
[2024-05-15T03:21:28.141+0800] {processor.py:183} INFO - Processing /home/jithish/Documents/dag-dag-dag/.venv/lib/python3.10/site-packages/airflow/example_dags/example_complex.py took 0.070 seconds
[2024-05-15T03:22:46.433+0800] {processor.py:161} INFO - Started process (PID=81960) to work on /home/jithish/Documents/dag-dag-dag/.venv/lib/python3.10/site-packages/airflow/example_dags/example_complex.py
[2024-05-15T03:22:46.437+0800] {processor.py:830} INFO - Processing file /home/jithish/Documents/dag-dag-dag/.venv/lib/python3.10/site-packages/airflow/example_dags/example_complex.py for tasks to queue
[2024-05-15T03:22:46.440+0800] {logging_mixin.py:188} INFO - [2024-05-15T03:22:46.439+0800] {dagbag.py:545} INFO - Filling up the DagBag from /home/jithish/Documents/dag-dag-dag/.venv/lib/python3.10/site-packages/airflow/example_dags/example_complex.py
[2024-05-15T03:22:46.457+0800] {processor.py:840} INFO - DAG(s) 'example_complex' retrieved from /home/jithish/Documents/dag-dag-dag/.venv/lib/python3.10/site-packages/airflow/example_dags/example_complex.py
[2024-05-15T03:22:46.481+0800] {logging_mixin.py:188} INFO - [2024-05-15T03:22:46.481+0800] {dag.py:3096} INFO - Sync 1 DAGs
[2024-05-15T03:22:46.488+0800] {logging_mixin.py:188} INFO - [2024-05-15T03:22:46.488+0800] {dag.py:3954} INFO - Setting next_dagrun for example_complex to None, run_after=None
[2024-05-15T03:22:46.502+0800] {processor.py:183} INFO - Processing /home/jithish/Documents/dag-dag-dag/.venv/lib/python3.10/site-packages/airflow/example_dags/example_complex.py took 0.078 seconds
[2024-05-15T03:23:40.852+0800] {processor.py:161} INFO - Started process (PID=82434) to work on /home/jithish/Documents/dag-dag-dag/.venv/lib/python3.10/site-packages/airflow/example_dags/example_complex.py
[2024-05-15T03:23:40.883+0800] {processor.py:830} INFO - Processing file /home/jithish/Documents/dag-dag-dag/.venv/lib/python3.10/site-packages/airflow/example_dags/example_complex.py for tasks to queue
[2024-05-15T03:23:40.889+0800] {logging_mixin.py:188} INFO - [2024-05-15T03:23:40.888+0800] {dagbag.py:545} INFO - Filling up the DagBag from /home/jithish/Documents/dag-dag-dag/.venv/lib/python3.10/site-packages/airflow/example_dags/example_complex.py
[2024-05-15T03:23:40.917+0800] {processor.py:840} INFO - DAG(s) 'example_complex' retrieved from /home/jithish/Documents/dag-dag-dag/.venv/lib/python3.10/site-packages/airflow/example_dags/example_complex.py
[2024-05-15T03:23:40.944+0800] {logging_mixin.py:188} INFO - [2024-05-15T03:23:40.944+0800] {dag.py:3096} INFO - Sync 1 DAGs
[2024-05-15T03:23:40.952+0800] {logging_mixin.py:188} INFO - [2024-05-15T03:23:40.952+0800] {dag.py:3954} INFO - Setting next_dagrun for example_complex to None, run_after=None
[2024-05-15T03:23:40.966+0800] {processor.py:183} INFO - Processing /home/jithish/Documents/dag-dag-dag/.venv/lib/python3.10/site-packages/airflow/example_dags/example_complex.py took 0.117 seconds
[2024-05-15T03:24:35.246+0800] {processor.py:161} INFO - Started process (PID=82929) to work on /home/jithish/Documents/dag-dag-dag/.venv/lib/python3.10/site-packages/airflow/example_dags/example_complex.py
[2024-05-15T03:24:35.307+0800] {processor.py:830} INFO - Processing file /home/jithish/Documents/dag-dag-dag/.venv/lib/python3.10/site-packages/airflow/example_dags/example_complex.py for tasks to queue
[2024-05-15T03:24:35.312+0800] {logging_mixin.py:188} INFO - [2024-05-15T03:24:35.311+0800] {dagbag.py:545} INFO - Filling up the DagBag from /home/jithish/Documents/dag-dag-dag/.venv/lib/python3.10/site-packages/airflow/example_dags/example_complex.py
[2024-05-15T03:24:35.341+0800] {processor.py:840} INFO - DAG(s) 'example_complex' retrieved from /home/jithish/Documents/dag-dag-dag/.venv/lib/python3.10/site-packages/airflow/example_dags/example_complex.py
[2024-05-15T03:24:35.370+0800] {logging_mixin.py:188} INFO - [2024-05-15T03:24:35.369+0800] {dag.py:3096} INFO - Sync 1 DAGs
[2024-05-15T03:24:35.377+0800] {logging_mixin.py:188} INFO - [2024-05-15T03:24:35.377+0800] {dag.py:3954} INFO - Setting next_dagrun for example_complex to None, run_after=None
[2024-05-15T03:24:35.403+0800] {processor.py:183} INFO - Processing /home/jithish/Documents/dag-dag-dag/.venv/lib/python3.10/site-packages/airflow/example_dags/example_complex.py took 0.161 seconds
[2024-05-15T03:25:30.824+0800] {processor.py:161} INFO - Started process (PID=83413) to work on /home/jithish/Documents/dag-dag-dag/.venv/lib/python3.10/site-packages/airflow/example_dags/example_complex.py
[2024-05-15T03:25:30.885+0800] {processor.py:830} INFO - Processing file /home/jithish/Documents/dag-dag-dag/.venv/lib/python3.10/site-packages/airflow/example_dags/example_complex.py for tasks to queue
[2024-05-15T03:25:30.887+0800] {logging_mixin.py:188} INFO - [2024-05-15T03:25:30.886+0800] {dagbag.py:545} INFO - Filling up the DagBag from /home/jithish/Documents/dag-dag-dag/.venv/lib/python3.10/site-packages/airflow/example_dags/example_complex.py
[2024-05-15T03:25:30.895+0800] {processor.py:840} INFO - DAG(s) 'example_complex' retrieved from /home/jithish/Documents/dag-dag-dag/.venv/lib/python3.10/site-packages/airflow/example_dags/example_complex.py
[2024-05-15T03:25:30.921+0800] {logging_mixin.py:188} INFO - [2024-05-15T03:25:30.921+0800] {dag.py:3096} INFO - Sync 1 DAGs
[2024-05-15T03:25:30.929+0800] {logging_mixin.py:188} INFO - [2024-05-15T03:25:30.929+0800] {dag.py:3954} INFO - Setting next_dagrun for example_complex to None, run_after=None
[2024-05-15T03:25:30.950+0800] {processor.py:183} INFO - Processing /home/jithish/Documents/dag-dag-dag/.venv/lib/python3.10/site-packages/airflow/example_dags/example_complex.py took 0.130 seconds
[2024-05-15T03:26:22.776+0800] {processor.py:161} INFO - Started process (PID=83793) to work on /home/jithish/Documents/dag-dag-dag/.venv/lib/python3.10/site-packages/airflow/example_dags/example_complex.py
[2024-05-15T03:26:22.838+0800] {processor.py:830} INFO - Processing file /home/jithish/Documents/dag-dag-dag/.venv/lib/python3.10/site-packages/airflow/example_dags/example_complex.py for tasks to queue
[2024-05-15T03:26:22.843+0800] {logging_mixin.py:188} INFO - [2024-05-15T03:26:22.842+0800] {dagbag.py:545} INFO - Filling up the DagBag from /home/jithish/Documents/dag-dag-dag/.venv/lib/python3.10/site-packages/airflow/example_dags/example_complex.py
[2024-05-15T03:26:22.870+0800] {processor.py:840} INFO - DAG(s) 'example_complex' retrieved from /home/jithish/Documents/dag-dag-dag/.venv/lib/python3.10/site-packages/airflow/example_dags/example_complex.py
[2024-05-15T03:26:22.889+0800] {logging_mixin.py:188} INFO - [2024-05-15T03:26:22.889+0800] {dag.py:3096} INFO - Sync 1 DAGs
[2024-05-15T03:26:22.896+0800] {logging_mixin.py:188} INFO - [2024-05-15T03:26:22.896+0800] {dag.py:3954} INFO - Setting next_dagrun for example_complex to None, run_after=None
[2024-05-15T03:26:22.915+0800] {processor.py:183} INFO - Processing /home/jithish/Documents/dag-dag-dag/.venv/lib/python3.10/site-packages/airflow/example_dags/example_complex.py took 0.143 seconds
[2024-05-15T03:27:17.607+0800] {processor.py:161} INFO - Started process (PID=84581) to work on /home/jithish/Documents/dag-dag-dag/.venv/lib/python3.10/site-packages/airflow/example_dags/example_complex.py
[2024-05-15T03:27:17.670+0800] {processor.py:830} INFO - Processing file /home/jithish/Documents/dag-dag-dag/.venv/lib/python3.10/site-packages/airflow/example_dags/example_complex.py for tasks to queue
[2024-05-15T03:27:17.676+0800] {logging_mixin.py:188} INFO - [2024-05-15T03:27:17.674+0800] {dagbag.py:545} INFO - Filling up the DagBag from /home/jithish/Documents/dag-dag-dag/.venv/lib/python3.10/site-packages/airflow/example_dags/example_complex.py
[2024-05-15T03:27:17.707+0800] {processor.py:840} INFO - DAG(s) 'example_complex' retrieved from /home/jithish/Documents/dag-dag-dag/.venv/lib/python3.10/site-packages/airflow/example_dags/example_complex.py
[2024-05-15T03:27:17.734+0800] {logging_mixin.py:188} INFO - [2024-05-15T03:27:17.734+0800] {dag.py:3096} INFO - Sync 1 DAGs
[2024-05-15T03:27:17.742+0800] {logging_mixin.py:188} INFO - [2024-05-15T03:27:17.742+0800] {dag.py:3954} INFO - Setting next_dagrun for example_complex to None, run_after=None
[2024-05-15T03:27:17.760+0800] {processor.py:183} INFO - Processing /home/jithish/Documents/dag-dag-dag/.venv/lib/python3.10/site-packages/airflow/example_dags/example_complex.py took 0.157 seconds
[2024-05-15T03:28:08.623+0800] {processor.py:161} INFO - Started process (PID=84982) to work on /home/jithish/Documents/dag-dag-dag/.venv/lib/python3.10/site-packages/airflow/example_dags/example_complex.py
[2024-05-15T03:28:08.683+0800] {processor.py:830} INFO - Processing file /home/jithish/Documents/dag-dag-dag/.venv/lib/python3.10/site-packages/airflow/example_dags/example_complex.py for tasks to queue
[2024-05-15T03:28:08.685+0800] {logging_mixin.py:188} INFO - [2024-05-15T03:28:08.684+0800] {dagbag.py:545} INFO - Filling up the DagBag from /home/jithish/Documents/dag-dag-dag/.venv/lib/python3.10/site-packages/airflow/example_dags/example_complex.py
[2024-05-15T03:28:08.694+0800] {processor.py:840} INFO - DAG(s) 'example_complex' retrieved from /home/jithish/Documents/dag-dag-dag/.venv/lib/python3.10/site-packages/airflow/example_dags/example_complex.py
[2024-05-15T03:28:08.719+0800] {logging_mixin.py:188} INFO - [2024-05-15T03:28:08.719+0800] {dag.py:3096} INFO - Sync 1 DAGs
[2024-05-15T03:28:08.728+0800] {logging_mixin.py:188} INFO - [2024-05-15T03:28:08.727+0800] {dag.py:3954} INFO - Setting next_dagrun for example_complex to None, run_after=None
[2024-05-15T03:28:08.747+0800] {processor.py:183} INFO - Processing /home/jithish/Documents/dag-dag-dag/.venv/lib/python3.10/site-packages/airflow/example_dags/example_complex.py took 0.129 seconds
[2024-05-15T03:29:22.936+0800] {processor.py:161} INFO - Started process (PID=85644) to work on /home/jithish/Documents/dag-dag-dag/.venv/lib/python3.10/site-packages/airflow/example_dags/example_complex.py
[2024-05-15T03:29:22.937+0800] {processor.py:830} INFO - Processing file /home/jithish/Documents/dag-dag-dag/.venv/lib/python3.10/site-packages/airflow/example_dags/example_complex.py for tasks to queue
[2024-05-15T03:29:22.940+0800] {logging_mixin.py:188} INFO - [2024-05-15T03:29:22.939+0800] {dagbag.py:545} INFO - Filling up the DagBag from /home/jithish/Documents/dag-dag-dag/.venv/lib/python3.10/site-packages/airflow/example_dags/example_complex.py
[2024-05-15T03:29:22.955+0800] {processor.py:840} INFO - DAG(s) 'example_complex' retrieved from /home/jithish/Documents/dag-dag-dag/.venv/lib/python3.10/site-packages/airflow/example_dags/example_complex.py
[2024-05-15T03:29:22.978+0800] {logging_mixin.py:188} INFO - [2024-05-15T03:29:22.977+0800] {dag.py:3096} INFO - Sync 1 DAGs
[2024-05-15T03:29:22.985+0800] {logging_mixin.py:188} INFO - [2024-05-15T03:29:22.985+0800] {dag.py:3954} INFO - Setting next_dagrun for example_complex to None, run_after=None
[2024-05-15T03:29:23.002+0800] {processor.py:183} INFO - Processing /home/jithish/Documents/dag-dag-dag/.venv/lib/python3.10/site-packages/airflow/example_dags/example_complex.py took 0.076 seconds
[2024-05-15T03:30:37.506+0800] {processor.py:161} INFO - Started process (PID=86317) to work on /home/jithish/Documents/dag-dag-dag/.venv/lib/python3.10/site-packages/airflow/example_dags/example_complex.py
[2024-05-15T03:30:37.510+0800] {processor.py:830} INFO - Processing file /home/jithish/Documents/dag-dag-dag/.venv/lib/python3.10/site-packages/airflow/example_dags/example_complex.py for tasks to queue
[2024-05-15T03:30:37.515+0800] {logging_mixin.py:188} INFO - [2024-05-15T03:30:37.514+0800] {dagbag.py:545} INFO - Filling up the DagBag from /home/jithish/Documents/dag-dag-dag/.venv/lib/python3.10/site-packages/airflow/example_dags/example_complex.py
[2024-05-15T03:30:37.541+0800] {processor.py:840} INFO - DAG(s) 'example_complex' retrieved from /home/jithish/Documents/dag-dag-dag/.venv/lib/python3.10/site-packages/airflow/example_dags/example_complex.py
[2024-05-15T03:30:37.567+0800] {logging_mixin.py:188} INFO - [2024-05-15T03:30:37.567+0800] {dag.py:3096} INFO - Sync 1 DAGs
[2024-05-15T03:30:37.575+0800] {logging_mixin.py:188} INFO - [2024-05-15T03:30:37.575+0800] {dag.py:3954} INFO - Setting next_dagrun for example_complex to None, run_after=None
[2024-05-15T03:30:37.596+0800] {processor.py:183} INFO - Processing /home/jithish/Documents/dag-dag-dag/.venv/lib/python3.10/site-packages/airflow/example_dags/example_complex.py took 0.096 seconds
[2024-05-15T03:31:29.956+0800] {processor.py:161} INFO - Started process (PID=86758) to work on /home/jithish/Documents/dag-dag-dag/.venv/lib/python3.10/site-packages/airflow/example_dags/example_complex.py
[2024-05-15T03:31:29.957+0800] {processor.py:830} INFO - Processing file /home/jithish/Documents/dag-dag-dag/.venv/lib/python3.10/site-packages/airflow/example_dags/example_complex.py for tasks to queue
[2024-05-15T03:31:29.959+0800] {logging_mixin.py:188} INFO - [2024-05-15T03:31:29.958+0800] {dagbag.py:545} INFO - Filling up the DagBag from /home/jithish/Documents/dag-dag-dag/.venv/lib/python3.10/site-packages/airflow/example_dags/example_complex.py
[2024-05-15T03:31:29.973+0800] {processor.py:840} INFO - DAG(s) 'example_complex' retrieved from /home/jithish/Documents/dag-dag-dag/.venv/lib/python3.10/site-packages/airflow/example_dags/example_complex.py
[2024-05-15T03:31:29.998+0800] {logging_mixin.py:188} INFO - [2024-05-15T03:31:29.998+0800] {dag.py:3096} INFO - Sync 1 DAGs
[2024-05-15T03:31:30.006+0800] {logging_mixin.py:188} INFO - [2024-05-15T03:31:30.006+0800] {dag.py:3954} INFO - Setting next_dagrun for example_complex to None, run_after=None
[2024-05-15T03:31:30.023+0800] {processor.py:183} INFO - Processing /home/jithish/Documents/dag-dag-dag/.venv/lib/python3.10/site-packages/airflow/example_dags/example_complex.py took 0.077 seconds
[2024-05-15T03:32:20.960+0800] {processor.py:161} INFO - Started process (PID=87155) to work on /home/jithish/Documents/dag-dag-dag/.venv/lib/python3.10/site-packages/airflow/example_dags/example_complex.py
[2024-05-15T03:32:21.021+0800] {processor.py:830} INFO - Processing file /home/jithish/Documents/dag-dag-dag/.venv/lib/python3.10/site-packages/airflow/example_dags/example_complex.py for tasks to queue
[2024-05-15T03:32:21.022+0800] {logging_mixin.py:188} INFO - [2024-05-15T03:32:21.022+0800] {dagbag.py:545} INFO - Filling up the DagBag from /home/jithish/Documents/dag-dag-dag/.venv/lib/python3.10/site-packages/airflow/example_dags/example_complex.py
[2024-05-15T03:32:21.030+0800] {processor.py:840} INFO - DAG(s) 'example_complex' retrieved from /home/jithish/Documents/dag-dag-dag/.venv/lib/python3.10/site-packages/airflow/example_dags/example_complex.py
[2024-05-15T03:32:21.049+0800] {logging_mixin.py:188} INFO - [2024-05-15T03:32:21.049+0800] {dag.py:3096} INFO - Sync 1 DAGs
[2024-05-15T03:32:21.057+0800] {logging_mixin.py:188} INFO - [2024-05-15T03:32:21.057+0800] {dag.py:3954} INFO - Setting next_dagrun for example_complex to None, run_after=None
[2024-05-15T03:32:21.085+0800] {processor.py:183} INFO - Processing /home/jithish/Documents/dag-dag-dag/.venv/lib/python3.10/site-packages/airflow/example_dags/example_complex.py took 0.129 seconds
[2024-05-15T03:33:32.353+0800] {processor.py:161} INFO - Started process (PID=87824) to work on /home/jithish/Documents/dag-dag-dag/.venv/lib/python3.10/site-packages/airflow/example_dags/example_complex.py
[2024-05-15T03:33:32.414+0800] {processor.py:830} INFO - Processing file /home/jithish/Documents/dag-dag-dag/.venv/lib/python3.10/site-packages/airflow/example_dags/example_complex.py for tasks to queue
[2024-05-15T03:33:32.415+0800] {logging_mixin.py:188} INFO - [2024-05-15T03:33:32.415+0800] {dagbag.py:545} INFO - Filling up the DagBag from /home/jithish/Documents/dag-dag-dag/.venv/lib/python3.10/site-packages/airflow/example_dags/example_complex.py
[2024-05-15T03:33:32.429+0800] {processor.py:840} INFO - DAG(s) 'example_complex' retrieved from /home/jithish/Documents/dag-dag-dag/.venv/lib/python3.10/site-packages/airflow/example_dags/example_complex.py
[2024-05-15T03:33:32.460+0800] {logging_mixin.py:188} INFO - [2024-05-15T03:33:32.459+0800] {dag.py:3096} INFO - Sync 1 DAGs
[2024-05-15T03:33:32.468+0800] {logging_mixin.py:188} INFO - [2024-05-15T03:33:32.468+0800] {dag.py:3954} INFO - Setting next_dagrun for example_complex to None, run_after=None
[2024-05-15T03:33:32.493+0800] {processor.py:183} INFO - Processing /home/jithish/Documents/dag-dag-dag/.venv/lib/python3.10/site-packages/airflow/example_dags/example_complex.py took 0.145 seconds
[2024-05-15T03:34:39.772+0800] {processor.py:161} INFO - Started process (PID=88470) to work on /home/jithish/Documents/dag-dag-dag/.venv/lib/python3.10/site-packages/airflow/example_dags/example_complex.py
[2024-05-15T03:34:39.832+0800] {processor.py:830} INFO - Processing file /home/jithish/Documents/dag-dag-dag/.venv/lib/python3.10/site-packages/airflow/example_dags/example_complex.py for tasks to queue
[2024-05-15T03:34:39.834+0800] {logging_mixin.py:188} INFO - [2024-05-15T03:34:39.833+0800] {dagbag.py:545} INFO - Filling up the DagBag from /home/jithish/Documents/dag-dag-dag/.venv/lib/python3.10/site-packages/airflow/example_dags/example_complex.py
[2024-05-15T03:34:39.841+0800] {processor.py:840} INFO - DAG(s) 'example_complex' retrieved from /home/jithish/Documents/dag-dag-dag/.venv/lib/python3.10/site-packages/airflow/example_dags/example_complex.py
[2024-05-15T03:34:39.862+0800] {logging_mixin.py:188} INFO - [2024-05-15T03:34:39.862+0800] {dag.py:3096} INFO - Sync 1 DAGs
[2024-05-15T03:34:39.870+0800] {logging_mixin.py:188} INFO - [2024-05-15T03:34:39.870+0800] {dag.py:3954} INFO - Setting next_dagrun for example_complex to None, run_after=None
[2024-05-15T03:34:39.889+0800] {processor.py:183} INFO - Processing /home/jithish/Documents/dag-dag-dag/.venv/lib/python3.10/site-packages/airflow/example_dags/example_complex.py took 0.123 seconds
[2024-05-15T03:35:30.629+0800] {processor.py:161} INFO - Started process (PID=88899) to work on /home/jithish/Documents/dag-dag-dag/.venv/lib/python3.10/site-packages/airflow/example_dags/example_complex.py
[2024-05-15T03:35:30.690+0800] {processor.py:830} INFO - Processing file /home/jithish/Documents/dag-dag-dag/.venv/lib/python3.10/site-packages/airflow/example_dags/example_complex.py for tasks to queue
[2024-05-15T03:35:30.691+0800] {logging_mixin.py:188} INFO - [2024-05-15T03:35:30.691+0800] {dagbag.py:545} INFO - Filling up the DagBag from /home/jithish/Documents/dag-dag-dag/.venv/lib/python3.10/site-packages/airflow/example_dags/example_complex.py
[2024-05-15T03:35:30.701+0800] {processor.py:840} INFO - DAG(s) 'example_complex' retrieved from /home/jithish/Documents/dag-dag-dag/.venv/lib/python3.10/site-packages/airflow/example_dags/example_complex.py
[2024-05-15T03:35:30.722+0800] {logging_mixin.py:188} INFO - [2024-05-15T03:35:30.721+0800] {dag.py:3096} INFO - Sync 1 DAGs
[2024-05-15T03:35:30.730+0800] {logging_mixin.py:188} INFO - [2024-05-15T03:35:30.730+0800] {dag.py:3954} INFO - Setting next_dagrun for example_complex to None, run_after=None
[2024-05-15T03:35:30.750+0800] {processor.py:183} INFO - Processing /home/jithish/Documents/dag-dag-dag/.venv/lib/python3.10/site-packages/airflow/example_dags/example_complex.py took 0.125 seconds
[2024-05-15T03:36:43.030+0800] {processor.py:161} INFO - Started process (PID=89597) to work on /home/jithish/Documents/dag-dag-dag/.venv/lib/python3.10/site-packages/airflow/example_dags/example_complex.py
[2024-05-15T03:36:43.090+0800] {processor.py:830} INFO - Processing file /home/jithish/Documents/dag-dag-dag/.venv/lib/python3.10/site-packages/airflow/example_dags/example_complex.py for tasks to queue
[2024-05-15T03:36:43.092+0800] {logging_mixin.py:188} INFO - [2024-05-15T03:36:43.091+0800] {dagbag.py:545} INFO - Filling up the DagBag from /home/jithish/Documents/dag-dag-dag/.venv/lib/python3.10/site-packages/airflow/example_dags/example_complex.py
[2024-05-15T03:36:43.101+0800] {processor.py:840} INFO - DAG(s) 'example_complex' retrieved from /home/jithish/Documents/dag-dag-dag/.venv/lib/python3.10/site-packages/airflow/example_dags/example_complex.py
[2024-05-15T03:36:43.126+0800] {logging_mixin.py:188} INFO - [2024-05-15T03:36:43.125+0800] {dag.py:3096} INFO - Sync 1 DAGs
[2024-05-15T03:36:43.135+0800] {logging_mixin.py:188} INFO - [2024-05-15T03:36:43.135+0800] {dag.py:3954} INFO - Setting next_dagrun for example_complex to None, run_after=None
[2024-05-15T03:36:43.156+0800] {processor.py:183} INFO - Processing /home/jithish/Documents/dag-dag-dag/.venv/lib/python3.10/site-packages/airflow/example_dags/example_complex.py took 0.132 seconds
[2024-05-15T03:37:58.486+0800] {processor.py:161} INFO - Started process (PID=90263) to work on /home/jithish/Documents/dag-dag-dag/.venv/lib/python3.10/site-packages/airflow/example_dags/example_complex.py
[2024-05-15T03:37:58.501+0800] {processor.py:830} INFO - Processing file /home/jithish/Documents/dag-dag-dag/.venv/lib/python3.10/site-packages/airflow/example_dags/example_complex.py for tasks to queue
[2024-05-15T03:37:58.506+0800] {logging_mixin.py:188} INFO - [2024-05-15T03:37:58.504+0800] {dagbag.py:545} INFO - Filling up the DagBag from /home/jithish/Documents/dag-dag-dag/.venv/lib/python3.10/site-packages/airflow/example_dags/example_complex.py
[2024-05-15T03:37:58.530+0800] {processor.py:840} INFO - DAG(s) 'example_complex' retrieved from /home/jithish/Documents/dag-dag-dag/.venv/lib/python3.10/site-packages/airflow/example_dags/example_complex.py
[2024-05-15T03:37:58.556+0800] {logging_mixin.py:188} INFO - [2024-05-15T03:37:58.556+0800] {dag.py:3096} INFO - Sync 1 DAGs
[2024-05-15T03:37:58.565+0800] {logging_mixin.py:188} INFO - [2024-05-15T03:37:58.565+0800] {dag.py:3954} INFO - Setting next_dagrun for example_complex to None, run_after=None
[2024-05-15T03:37:58.594+0800] {processor.py:183} INFO - Processing /home/jithish/Documents/dag-dag-dag/.venv/lib/python3.10/site-packages/airflow/example_dags/example_complex.py took 0.125 seconds
[2024-05-15T03:39:18.214+0800] {processor.py:161} INFO - Started process (PID=91326) to work on /home/jithish/Documents/dag-dag-dag/.venv/lib/python3.10/site-packages/airflow/example_dags/example_complex.py
[2024-05-15T03:39:18.223+0800] {processor.py:830} INFO - Processing file /home/jithish/Documents/dag-dag-dag/.venv/lib/python3.10/site-packages/airflow/example_dags/example_complex.py for tasks to queue
[2024-05-15T03:39:18.225+0800] {logging_mixin.py:188} INFO - [2024-05-15T03:39:18.225+0800] {dagbag.py:545} INFO - Filling up the DagBag from /home/jithish/Documents/dag-dag-dag/.venv/lib/python3.10/site-packages/airflow/example_dags/example_complex.py
[2024-05-15T03:39:18.235+0800] {processor.py:840} INFO - DAG(s) 'example_complex' retrieved from /home/jithish/Documents/dag-dag-dag/.venv/lib/python3.10/site-packages/airflow/example_dags/example_complex.py
[2024-05-15T03:39:18.264+0800] {logging_mixin.py:188} INFO - [2024-05-15T03:39:18.264+0800] {dag.py:3096} INFO - Sync 1 DAGs
[2024-05-15T03:39:18.275+0800] {logging_mixin.py:188} INFO - [2024-05-15T03:39:18.274+0800] {dag.py:3954} INFO - Setting next_dagrun for example_complex to None, run_after=None
[2024-05-15T03:39:18.296+0800] {processor.py:183} INFO - Processing /home/jithish/Documents/dag-dag-dag/.venv/lib/python3.10/site-packages/airflow/example_dags/example_complex.py took 0.087 seconds
[2024-05-15T03:40:20.133+0800] {processor.py:161} INFO - Started process (PID=92977) to work on /home/jithish/Documents/dag-dag-dag/.venv/lib/python3.10/site-packages/airflow/example_dags/example_complex.py
[2024-05-15T03:40:20.194+0800] {processor.py:830} INFO - Processing file /home/jithish/Documents/dag-dag-dag/.venv/lib/python3.10/site-packages/airflow/example_dags/example_complex.py for tasks to queue
[2024-05-15T03:40:20.199+0800] {logging_mixin.py:188} INFO - [2024-05-15T03:40:20.198+0800] {dagbag.py:545} INFO - Filling up the DagBag from /home/jithish/Documents/dag-dag-dag/.venv/lib/python3.10/site-packages/airflow/example_dags/example_complex.py
[2024-05-15T03:40:20.224+0800] {processor.py:840} INFO - DAG(s) 'example_complex' retrieved from /home/jithish/Documents/dag-dag-dag/.venv/lib/python3.10/site-packages/airflow/example_dags/example_complex.py
[2024-05-15T03:40:20.253+0800] {logging_mixin.py:188} INFO - [2024-05-15T03:40:20.253+0800] {dag.py:3096} INFO - Sync 1 DAGs
[2024-05-15T03:40:20.262+0800] {logging_mixin.py:188} INFO - [2024-05-15T03:40:20.262+0800] {dag.py:3954} INFO - Setting next_dagrun for example_complex to None, run_after=None
[2024-05-15T03:40:20.283+0800] {processor.py:183} INFO - Processing /home/jithish/Documents/dag-dag-dag/.venv/lib/python3.10/site-packages/airflow/example_dags/example_complex.py took 0.157 seconds
[2024-05-15T03:41:17.370+0800] {processor.py:161} INFO - Started process (PID=93786) to work on /home/jithish/Documents/dag-dag-dag/.venv/lib/python3.10/site-packages/airflow/example_dags/example_complex.py
[2024-05-15T03:41:17.432+0800] {processor.py:830} INFO - Processing file /home/jithish/Documents/dag-dag-dag/.venv/lib/python3.10/site-packages/airflow/example_dags/example_complex.py for tasks to queue
[2024-05-15T03:41:17.437+0800] {logging_mixin.py:188} INFO - [2024-05-15T03:41:17.436+0800] {dagbag.py:545} INFO - Filling up the DagBag from /home/jithish/Documents/dag-dag-dag/.venv/lib/python3.10/site-packages/airflow/example_dags/example_complex.py
[2024-05-15T03:41:17.470+0800] {processor.py:840} INFO - DAG(s) 'example_complex' retrieved from /home/jithish/Documents/dag-dag-dag/.venv/lib/python3.10/site-packages/airflow/example_dags/example_complex.py
[2024-05-15T03:41:17.497+0800] {logging_mixin.py:188} INFO - [2024-05-15T03:41:17.497+0800] {dag.py:3096} INFO - Sync 1 DAGs
[2024-05-15T03:41:17.506+0800] {logging_mixin.py:188} INFO - [2024-05-15T03:41:17.506+0800] {dag.py:3954} INFO - Setting next_dagrun for example_complex to None, run_after=None
[2024-05-15T03:41:17.528+0800] {processor.py:183} INFO - Processing /home/jithish/Documents/dag-dag-dag/.venv/lib/python3.10/site-packages/airflow/example_dags/example_complex.py took 0.168 seconds
[2024-05-15T03:42:11.245+0800] {processor.py:161} INFO - Started process (PID=94544) to work on /home/jithish/Documents/dag-dag-dag/.venv/lib/python3.10/site-packages/airflow/example_dags/example_complex.py
[2024-05-15T03:42:11.246+0800] {processor.py:830} INFO - Processing file /home/jithish/Documents/dag-dag-dag/.venv/lib/python3.10/site-packages/airflow/example_dags/example_complex.py for tasks to queue
[2024-05-15T03:42:11.248+0800] {logging_mixin.py:188} INFO - [2024-05-15T03:42:11.248+0800] {dagbag.py:545} INFO - Filling up the DagBag from /home/jithish/Documents/dag-dag-dag/.venv/lib/python3.10/site-packages/airflow/example_dags/example_complex.py
[2024-05-15T03:42:11.260+0800] {processor.py:840} INFO - DAG(s) 'example_complex' retrieved from /home/jithish/Documents/dag-dag-dag/.venv/lib/python3.10/site-packages/airflow/example_dags/example_complex.py
[2024-05-15T03:42:11.285+0800] {logging_mixin.py:188} INFO - [2024-05-15T03:42:11.285+0800] {dag.py:3096} INFO - Sync 1 DAGs
[2024-05-15T03:42:11.293+0800] {logging_mixin.py:188} INFO - [2024-05-15T03:42:11.293+0800] {dag.py:3954} INFO - Setting next_dagrun for example_complex to None, run_after=None
[2024-05-15T03:42:11.311+0800] {processor.py:183} INFO - Processing /home/jithish/Documents/dag-dag-dag/.venv/lib/python3.10/site-packages/airflow/example_dags/example_complex.py took 0.074 seconds
[2024-05-15T03:43:04.015+0800] {processor.py:161} INFO - Started process (PID=95288) to work on /home/jithish/Documents/dag-dag-dag/.venv/lib/python3.10/site-packages/airflow/example_dags/example_complex.py
[2024-05-15T03:43:04.078+0800] {processor.py:830} INFO - Processing file /home/jithish/Documents/dag-dag-dag/.venv/lib/python3.10/site-packages/airflow/example_dags/example_complex.py for tasks to queue
[2024-05-15T03:43:04.083+0800] {logging_mixin.py:188} INFO - [2024-05-15T03:43:04.082+0800] {dagbag.py:545} INFO - Filling up the DagBag from /home/jithish/Documents/dag-dag-dag/.venv/lib/python3.10/site-packages/airflow/example_dags/example_complex.py
[2024-05-15T03:43:04.120+0800] {processor.py:840} INFO - DAG(s) 'example_complex' retrieved from /home/jithish/Documents/dag-dag-dag/.venv/lib/python3.10/site-packages/airflow/example_dags/example_complex.py
[2024-05-15T03:43:04.161+0800] {logging_mixin.py:188} INFO - [2024-05-15T03:43:04.161+0800] {dag.py:3096} INFO - Sync 1 DAGs
[2024-05-15T03:43:04.176+0800] {logging_mixin.py:188} INFO - [2024-05-15T03:43:04.175+0800] {dag.py:3954} INFO - Setting next_dagrun for example_complex to None, run_after=None
[2024-05-15T03:43:04.197+0800] {processor.py:183} INFO - Processing /home/jithish/Documents/dag-dag-dag/.venv/lib/python3.10/site-packages/airflow/example_dags/example_complex.py took 0.203 seconds
[2024-05-15T03:44:00.462+0800] {processor.py:161} INFO - Started process (PID=96136) to work on /home/jithish/Documents/dag-dag-dag/.venv/lib/python3.10/site-packages/airflow/example_dags/example_complex.py
[2024-05-15T03:44:00.492+0800] {processor.py:830} INFO - Processing file /home/jithish/Documents/dag-dag-dag/.venv/lib/python3.10/site-packages/airflow/example_dags/example_complex.py for tasks to queue
[2024-05-15T03:44:00.497+0800] {logging_mixin.py:188} INFO - [2024-05-15T03:44:00.496+0800] {dagbag.py:545} INFO - Filling up the DagBag from /home/jithish/Documents/dag-dag-dag/.venv/lib/python3.10/site-packages/airflow/example_dags/example_complex.py
[2024-05-15T03:44:00.515+0800] {processor.py:840} INFO - DAG(s) 'example_complex' retrieved from /home/jithish/Documents/dag-dag-dag/.venv/lib/python3.10/site-packages/airflow/example_dags/example_complex.py
[2024-05-15T03:44:00.541+0800] {logging_mixin.py:188} INFO - [2024-05-15T03:44:00.541+0800] {dag.py:3096} INFO - Sync 1 DAGs
[2024-05-15T03:44:00.549+0800] {logging_mixin.py:188} INFO - [2024-05-15T03:44:00.549+0800] {dag.py:3954} INFO - Setting next_dagrun for example_complex to None, run_after=None
[2024-05-15T03:44:00.568+0800] {processor.py:183} INFO - Processing /home/jithish/Documents/dag-dag-dag/.venv/lib/python3.10/site-packages/airflow/example_dags/example_complex.py took 0.114 seconds
[2024-05-15T03:44:56.746+0800] {processor.py:161} INFO - Started process (PID=96860) to work on /home/jithish/Documents/dag-dag-dag/.venv/lib/python3.10/site-packages/airflow/example_dags/example_complex.py
[2024-05-15T03:44:56.809+0800] {processor.py:830} INFO - Processing file /home/jithish/Documents/dag-dag-dag/.venv/lib/python3.10/site-packages/airflow/example_dags/example_complex.py for tasks to queue
[2024-05-15T03:44:56.813+0800] {logging_mixin.py:188} INFO - [2024-05-15T03:44:56.812+0800] {dagbag.py:545} INFO - Filling up the DagBag from /home/jithish/Documents/dag-dag-dag/.venv/lib/python3.10/site-packages/airflow/example_dags/example_complex.py
[2024-05-15T03:44:56.847+0800] {processor.py:840} INFO - DAG(s) 'example_complex' retrieved from /home/jithish/Documents/dag-dag-dag/.venv/lib/python3.10/site-packages/airflow/example_dags/example_complex.py
[2024-05-15T03:44:56.884+0800] {logging_mixin.py:188} INFO - [2024-05-15T03:44:56.884+0800] {dag.py:3096} INFO - Sync 1 DAGs
[2024-05-15T03:44:56.895+0800] {logging_mixin.py:188} INFO - [2024-05-15T03:44:56.894+0800] {dag.py:3954} INFO - Setting next_dagrun for example_complex to None, run_after=None
[2024-05-15T03:44:56.914+0800] {processor.py:183} INFO - Processing /home/jithish/Documents/dag-dag-dag/.venv/lib/python3.10/site-packages/airflow/example_dags/example_complex.py took 0.186 seconds
[2024-05-15T03:45:53.068+0800] {processor.py:161} INFO - Started process (PID=97534) to work on /home/jithish/Documents/dag-dag-dag/.venv/lib/python3.10/site-packages/airflow/example_dags/example_complex.py
[2024-05-15T03:45:53.068+0800] {processor.py:830} INFO - Processing file /home/jithish/Documents/dag-dag-dag/.venv/lib/python3.10/site-packages/airflow/example_dags/example_complex.py for tasks to queue
[2024-05-15T03:45:53.070+0800] {logging_mixin.py:188} INFO - [2024-05-15T03:45:53.069+0800] {dagbag.py:545} INFO - Filling up the DagBag from /home/jithish/Documents/dag-dag-dag/.venv/lib/python3.10/site-packages/airflow/example_dags/example_complex.py
[2024-05-15T03:45:53.079+0800] {processor.py:840} INFO - DAG(s) 'example_complex' retrieved from /home/jithish/Documents/dag-dag-dag/.venv/lib/python3.10/site-packages/airflow/example_dags/example_complex.py
[2024-05-15T03:45:53.100+0800] {logging_mixin.py:188} INFO - [2024-05-15T03:45:53.100+0800] {dag.py:3096} INFO - Sync 1 DAGs
[2024-05-15T03:45:53.112+0800] {logging_mixin.py:188} INFO - [2024-05-15T03:45:53.112+0800] {dag.py:3954} INFO - Setting next_dagrun for example_complex to None, run_after=None
[2024-05-15T03:45:53.132+0800] {processor.py:183} INFO - Processing /home/jithish/Documents/dag-dag-dag/.venv/lib/python3.10/site-packages/airflow/example_dags/example_complex.py took 0.070 seconds
[2024-05-15T03:47:01.021+0800] {processor.py:161} INFO - Started process (PID=98605) to work on /home/jithish/Documents/dag-dag-dag/.venv/lib/python3.10/site-packages/airflow/example_dags/example_complex.py
[2024-05-15T03:47:01.023+0800] {processor.py:830} INFO - Processing file /home/jithish/Documents/dag-dag-dag/.venv/lib/python3.10/site-packages/airflow/example_dags/example_complex.py for tasks to queue
[2024-05-15T03:47:01.026+0800] {logging_mixin.py:188} INFO - [2024-05-15T03:47:01.025+0800] {dagbag.py:545} INFO - Filling up the DagBag from /home/jithish/Documents/dag-dag-dag/.venv/lib/python3.10/site-packages/airflow/example_dags/example_complex.py
[2024-05-15T03:47:01.042+0800] {processor.py:840} INFO - DAG(s) 'example_complex' retrieved from /home/jithish/Documents/dag-dag-dag/.venv/lib/python3.10/site-packages/airflow/example_dags/example_complex.py
[2024-05-15T03:47:01.066+0800] {logging_mixin.py:188} INFO - [2024-05-15T03:47:01.066+0800] {dag.py:3096} INFO - Sync 1 DAGs
[2024-05-15T03:47:01.074+0800] {logging_mixin.py:188} INFO - [2024-05-15T03:47:01.074+0800] {dag.py:3954} INFO - Setting next_dagrun for example_complex to None, run_after=None
[2024-05-15T03:47:01.091+0800] {processor.py:183} INFO - Processing /home/jithish/Documents/dag-dag-dag/.venv/lib/python3.10/site-packages/airflow/example_dags/example_complex.py took 0.090 seconds
[2024-05-15T03:47:55.455+0800] {processor.py:161} INFO - Started process (PID=99369) to work on /home/jithish/Documents/dag-dag-dag/.venv/lib/python3.10/site-packages/airflow/example_dags/example_complex.py
[2024-05-15T03:47:55.517+0800] {processor.py:830} INFO - Processing file /home/jithish/Documents/dag-dag-dag/.venv/lib/python3.10/site-packages/airflow/example_dags/example_complex.py for tasks to queue
[2024-05-15T03:47:55.522+0800] {logging_mixin.py:188} INFO - [2024-05-15T03:47:55.521+0800] {dagbag.py:545} INFO - Filling up the DagBag from /home/jithish/Documents/dag-dag-dag/.venv/lib/python3.10/site-packages/airflow/example_dags/example_complex.py
[2024-05-15T03:47:55.554+0800] {processor.py:840} INFO - DAG(s) 'example_complex' retrieved from /home/jithish/Documents/dag-dag-dag/.venv/lib/python3.10/site-packages/airflow/example_dags/example_complex.py
[2024-05-15T03:47:55.582+0800] {logging_mixin.py:188} INFO - [2024-05-15T03:47:55.582+0800] {dag.py:3096} INFO - Sync 1 DAGs
[2024-05-15T03:47:55.590+0800] {logging_mixin.py:188} INFO - [2024-05-15T03:47:55.589+0800] {dag.py:3954} INFO - Setting next_dagrun for example_complex to None, run_after=None
[2024-05-15T03:47:55.614+0800] {processor.py:183} INFO - Processing /home/jithish/Documents/dag-dag-dag/.venv/lib/python3.10/site-packages/airflow/example_dags/example_complex.py took 0.166 seconds
[2024-05-15T03:49:13.815+0800] {processor.py:161} INFO - Started process (PID=100495) to work on /home/jithish/Documents/dag-dag-dag/.venv/lib/python3.10/site-packages/airflow/example_dags/example_complex.py
[2024-05-15T03:49:13.877+0800] {processor.py:830} INFO - Processing file /home/jithish/Documents/dag-dag-dag/.venv/lib/python3.10/site-packages/airflow/example_dags/example_complex.py for tasks to queue
[2024-05-15T03:49:13.882+0800] {logging_mixin.py:188} INFO - [2024-05-15T03:49:13.880+0800] {dagbag.py:545} INFO - Filling up the DagBag from /home/jithish/Documents/dag-dag-dag/.venv/lib/python3.10/site-packages/airflow/example_dags/example_complex.py
[2024-05-15T03:49:13.913+0800] {processor.py:840} INFO - DAG(s) 'example_complex' retrieved from /home/jithish/Documents/dag-dag-dag/.venv/lib/python3.10/site-packages/airflow/example_dags/example_complex.py
[2024-05-15T03:49:13.941+0800] {logging_mixin.py:188} INFO - [2024-05-15T03:49:13.941+0800] {dag.py:3096} INFO - Sync 1 DAGs
[2024-05-15T03:49:13.950+0800] {logging_mixin.py:188} INFO - [2024-05-15T03:49:13.950+0800] {dag.py:3954} INFO - Setting next_dagrun for example_complex to None, run_after=None
[2024-05-15T03:49:13.978+0800] {processor.py:183} INFO - Processing /home/jithish/Documents/dag-dag-dag/.venv/lib/python3.10/site-packages/airflow/example_dags/example_complex.py took 0.170 seconds
[2024-05-15T03:50:11.418+0800] {processor.py:161} INFO - Started process (PID=101309) to work on /home/jithish/Documents/dag-dag-dag/.venv/lib/python3.10/site-packages/airflow/example_dags/example_complex.py
[2024-05-15T03:50:11.481+0800] {processor.py:830} INFO - Processing file /home/jithish/Documents/dag-dag-dag/.venv/lib/python3.10/site-packages/airflow/example_dags/example_complex.py for tasks to queue
[2024-05-15T03:50:11.484+0800] {logging_mixin.py:188} INFO - [2024-05-15T03:50:11.483+0800] {dagbag.py:545} INFO - Filling up the DagBag from /home/jithish/Documents/dag-dag-dag/.venv/lib/python3.10/site-packages/airflow/example_dags/example_complex.py
[2024-05-15T03:50:11.513+0800] {processor.py:840} INFO - DAG(s) 'example_complex' retrieved from /home/jithish/Documents/dag-dag-dag/.venv/lib/python3.10/site-packages/airflow/example_dags/example_complex.py
[2024-05-15T03:50:11.546+0800] {logging_mixin.py:188} INFO - [2024-05-15T03:50:11.546+0800] {dag.py:3096} INFO - Sync 1 DAGs
[2024-05-15T03:50:11.554+0800] {logging_mixin.py:188} INFO - [2024-05-15T03:50:11.554+0800] {dag.py:3954} INFO - Setting next_dagrun for example_complex to None, run_after=None
[2024-05-15T03:50:11.569+0800] {processor.py:183} INFO - Processing /home/jithish/Documents/dag-dag-dag/.venv/lib/python3.10/site-packages/airflow/example_dags/example_complex.py took 0.158 seconds
[2024-05-15T03:51:08.837+0800] {processor.py:161} INFO - Started process (PID=102172) to work on /home/jithish/Documents/dag-dag-dag/.venv/lib/python3.10/site-packages/airflow/example_dags/example_complex.py
[2024-05-15T03:51:08.899+0800] {processor.py:830} INFO - Processing file /home/jithish/Documents/dag-dag-dag/.venv/lib/python3.10/site-packages/airflow/example_dags/example_complex.py for tasks to queue
[2024-05-15T03:51:08.905+0800] {logging_mixin.py:188} INFO - [2024-05-15T03:51:08.904+0800] {dagbag.py:545} INFO - Filling up the DagBag from /home/jithish/Documents/dag-dag-dag/.venv/lib/python3.10/site-packages/airflow/example_dags/example_complex.py
[2024-05-15T03:51:08.934+0800] {processor.py:840} INFO - DAG(s) 'example_complex' retrieved from /home/jithish/Documents/dag-dag-dag/.venv/lib/python3.10/site-packages/airflow/example_dags/example_complex.py
[2024-05-15T03:51:08.962+0800] {logging_mixin.py:188} INFO - [2024-05-15T03:51:08.962+0800] {dag.py:3096} INFO - Sync 1 DAGs
[2024-05-15T03:51:08.972+0800] {logging_mixin.py:188} INFO - [2024-05-15T03:51:08.972+0800] {dag.py:3954} INFO - Setting next_dagrun for example_complex to None, run_after=None
[2024-05-15T03:51:08.993+0800] {processor.py:183} INFO - Processing /home/jithish/Documents/dag-dag-dag/.venv/lib/python3.10/site-packages/airflow/example_dags/example_complex.py took 0.165 seconds
[2024-05-15T03:52:01.754+0800] {processor.py:161} INFO - Started process (PID=102722) to work on /home/jithish/Documents/dag-dag-dag/.venv/lib/python3.10/site-packages/airflow/example_dags/example_complex.py
[2024-05-15T03:52:01.815+0800] {processor.py:830} INFO - Processing file /home/jithish/Documents/dag-dag-dag/.venv/lib/python3.10/site-packages/airflow/example_dags/example_complex.py for tasks to queue
[2024-05-15T03:52:01.820+0800] {logging_mixin.py:188} INFO - [2024-05-15T03:52:01.819+0800] {dagbag.py:545} INFO - Filling up the DagBag from /home/jithish/Documents/dag-dag-dag/.venv/lib/python3.10/site-packages/airflow/example_dags/example_complex.py
[2024-05-15T03:52:01.837+0800] {processor.py:840} INFO - DAG(s) 'example_complex' retrieved from /home/jithish/Documents/dag-dag-dag/.venv/lib/python3.10/site-packages/airflow/example_dags/example_complex.py
[2024-05-15T03:52:01.860+0800] {logging_mixin.py:188} INFO - [2024-05-15T03:52:01.860+0800] {dag.py:3096} INFO - Sync 1 DAGs
[2024-05-15T03:52:01.868+0800] {logging_mixin.py:188} INFO - [2024-05-15T03:52:01.867+0800] {dag.py:3954} INFO - Setting next_dagrun for example_complex to None, run_after=None
[2024-05-15T03:52:01.886+0800] {processor.py:183} INFO - Processing /home/jithish/Documents/dag-dag-dag/.venv/lib/python3.10/site-packages/airflow/example_dags/example_complex.py took 0.136 seconds
[2024-05-15T03:53:15.449+0800] {processor.py:161} INFO - Started process (PID=103488) to work on /home/jithish/Documents/dag-dag-dag/.venv/lib/python3.10/site-packages/airflow/example_dags/example_complex.py
[2024-05-15T03:53:15.451+0800] {processor.py:830} INFO - Processing file /home/jithish/Documents/dag-dag-dag/.venv/lib/python3.10/site-packages/airflow/example_dags/example_complex.py for tasks to queue
[2024-05-15T03:53:15.452+0800] {logging_mixin.py:188} INFO - [2024-05-15T03:53:15.452+0800] {dagbag.py:545} INFO - Filling up the DagBag from /home/jithish/Documents/dag-dag-dag/.venv/lib/python3.10/site-packages/airflow/example_dags/example_complex.py
[2024-05-15T03:53:15.463+0800] {processor.py:840} INFO - DAG(s) 'example_complex' retrieved from /home/jithish/Documents/dag-dag-dag/.venv/lib/python3.10/site-packages/airflow/example_dags/example_complex.py
[2024-05-15T03:53:15.491+0800] {logging_mixin.py:188} INFO - [2024-05-15T03:53:15.491+0800] {dag.py:3096} INFO - Sync 1 DAGs
[2024-05-15T03:53:15.502+0800] {logging_mixin.py:188} INFO - [2024-05-15T03:53:15.502+0800] {dag.py:3954} INFO - Setting next_dagrun for example_complex to None, run_after=None
[2024-05-15T03:53:15.521+0800] {processor.py:183} INFO - Processing /home/jithish/Documents/dag-dag-dag/.venv/lib/python3.10/site-packages/airflow/example_dags/example_complex.py took 0.079 seconds
[2024-05-15T03:54:11.250+0800] {processor.py:161} INFO - Started process (PID=104255) to work on /home/jithish/Documents/dag-dag-dag/.venv/lib/python3.10/site-packages/airflow/example_dags/example_complex.py
[2024-05-15T03:54:11.311+0800] {processor.py:830} INFO - Processing file /home/jithish/Documents/dag-dag-dag/.venv/lib/python3.10/site-packages/airflow/example_dags/example_complex.py for tasks to queue
[2024-05-15T03:54:11.314+0800] {logging_mixin.py:188} INFO - [2024-05-15T03:54:11.313+0800] {dagbag.py:545} INFO - Filling up the DagBag from /home/jithish/Documents/dag-dag-dag/.venv/lib/python3.10/site-packages/airflow/example_dags/example_complex.py
[2024-05-15T03:54:11.330+0800] {processor.py:840} INFO - DAG(s) 'example_complex' retrieved from /home/jithish/Documents/dag-dag-dag/.venv/lib/python3.10/site-packages/airflow/example_dags/example_complex.py
[2024-05-15T03:54:11.365+0800] {logging_mixin.py:188} INFO - [2024-05-15T03:54:11.365+0800] {dag.py:3096} INFO - Sync 1 DAGs
[2024-05-15T03:54:11.377+0800] {logging_mixin.py:188} INFO - [2024-05-15T03:54:11.377+0800] {dag.py:3954} INFO - Setting next_dagrun for example_complex to None, run_after=None
[2024-05-15T03:54:11.399+0800] {processor.py:183} INFO - Processing /home/jithish/Documents/dag-dag-dag/.venv/lib/python3.10/site-packages/airflow/example_dags/example_complex.py took 0.153 seconds
[2024-05-15T03:55:07.622+0800] {processor.py:161} INFO - Started process (PID=104958) to work on /home/jithish/Documents/dag-dag-dag/.venv/lib/python3.10/site-packages/airflow/example_dags/example_complex.py
[2024-05-15T03:55:07.684+0800] {processor.py:830} INFO - Processing file /home/jithish/Documents/dag-dag-dag/.venv/lib/python3.10/site-packages/airflow/example_dags/example_complex.py for tasks to queue
[2024-05-15T03:55:07.686+0800] {logging_mixin.py:188} INFO - [2024-05-15T03:55:07.686+0800] {dagbag.py:545} INFO - Filling up the DagBag from /home/jithish/Documents/dag-dag-dag/.venv/lib/python3.10/site-packages/airflow/example_dags/example_complex.py
[2024-05-15T03:55:07.697+0800] {processor.py:840} INFO - DAG(s) 'example_complex' retrieved from /home/jithish/Documents/dag-dag-dag/.venv/lib/python3.10/site-packages/airflow/example_dags/example_complex.py
[2024-05-15T03:55:07.721+0800] {logging_mixin.py:188} INFO - [2024-05-15T03:55:07.721+0800] {dag.py:3096} INFO - Sync 1 DAGs
[2024-05-15T03:55:07.729+0800] {logging_mixin.py:188} INFO - [2024-05-15T03:55:07.728+0800] {dag.py:3954} INFO - Setting next_dagrun for example_complex to None, run_after=None
[2024-05-15T03:55:07.747+0800] {processor.py:183} INFO - Processing /home/jithish/Documents/dag-dag-dag/.venv/lib/python3.10/site-packages/airflow/example_dags/example_complex.py took 0.143 seconds
[2024-05-15T03:56:01.049+0800] {processor.py:161} INFO - Started process (PID=105549) to work on /home/jithish/Documents/dag-dag-dag/.venv/lib/python3.10/site-packages/airflow/example_dags/example_complex.py
[2024-05-15T03:56:01.050+0800] {processor.py:830} INFO - Processing file /home/jithish/Documents/dag-dag-dag/.venv/lib/python3.10/site-packages/airflow/example_dags/example_complex.py for tasks to queue
[2024-05-15T03:56:01.051+0800] {logging_mixin.py:188} INFO - [2024-05-15T03:56:01.051+0800] {dagbag.py:545} INFO - Filling up the DagBag from /home/jithish/Documents/dag-dag-dag/.venv/lib/python3.10/site-packages/airflow/example_dags/example_complex.py
[2024-05-15T03:56:01.059+0800] {processor.py:840} INFO - DAG(s) 'example_complex' retrieved from /home/jithish/Documents/dag-dag-dag/.venv/lib/python3.10/site-packages/airflow/example_dags/example_complex.py
[2024-05-15T03:56:01.078+0800] {logging_mixin.py:188} INFO - [2024-05-15T03:56:01.078+0800] {dag.py:3096} INFO - Sync 1 DAGs
[2024-05-15T03:56:01.086+0800] {logging_mixin.py:188} INFO - [2024-05-15T03:56:01.085+0800] {dag.py:3954} INFO - Setting next_dagrun for example_complex to None, run_after=None
[2024-05-15T03:56:01.099+0800] {processor.py:183} INFO - Processing /home/jithish/Documents/dag-dag-dag/.venv/lib/python3.10/site-packages/airflow/example_dags/example_complex.py took 0.054 seconds
[2024-05-15T03:57:14.155+0800] {processor.py:161} INFO - Started process (PID=106263) to work on /home/jithish/Documents/dag-dag-dag/.venv/lib/python3.10/site-packages/airflow/example_dags/example_complex.py
[2024-05-15T03:57:14.216+0800] {processor.py:830} INFO - Processing file /home/jithish/Documents/dag-dag-dag/.venv/lib/python3.10/site-packages/airflow/example_dags/example_complex.py for tasks to queue
[2024-05-15T03:57:14.217+0800] {logging_mixin.py:188} INFO - [2024-05-15T03:57:14.217+0800] {dagbag.py:545} INFO - Filling up the DagBag from /home/jithish/Documents/dag-dag-dag/.venv/lib/python3.10/site-packages/airflow/example_dags/example_complex.py
[2024-05-15T03:57:14.225+0800] {processor.py:840} INFO - DAG(s) 'example_complex' retrieved from /home/jithish/Documents/dag-dag-dag/.venv/lib/python3.10/site-packages/airflow/example_dags/example_complex.py
[2024-05-15T03:57:14.244+0800] {logging_mixin.py:188} INFO - [2024-05-15T03:57:14.244+0800] {dag.py:3096} INFO - Sync 1 DAGs
[2024-05-15T03:57:14.251+0800] {logging_mixin.py:188} INFO - [2024-05-15T03:57:14.251+0800] {dag.py:3954} INFO - Setting next_dagrun for example_complex to None, run_after=None
[2024-05-15T03:57:14.269+0800] {processor.py:183} INFO - Processing /home/jithish/Documents/dag-dag-dag/.venv/lib/python3.10/site-packages/airflow/example_dags/example_complex.py took 0.123 seconds
[2024-05-15T03:58:22.128+0800] {processor.py:161} INFO - Started process (PID=106889) to work on /home/jithish/Documents/dag-dag-dag/.venv/lib/python3.10/site-packages/airflow/example_dags/example_complex.py
[2024-05-15T03:58:22.188+0800] {processor.py:830} INFO - Processing file /home/jithish/Documents/dag-dag-dag/.venv/lib/python3.10/site-packages/airflow/example_dags/example_complex.py for tasks to queue
[2024-05-15T03:58:22.190+0800] {logging_mixin.py:188} INFO - [2024-05-15T03:58:22.189+0800] {dagbag.py:545} INFO - Filling up the DagBag from /home/jithish/Documents/dag-dag-dag/.venv/lib/python3.10/site-packages/airflow/example_dags/example_complex.py
[2024-05-15T03:58:22.198+0800] {processor.py:840} INFO - DAG(s) 'example_complex' retrieved from /home/jithish/Documents/dag-dag-dag/.venv/lib/python3.10/site-packages/airflow/example_dags/example_complex.py
[2024-05-15T03:58:22.218+0800] {logging_mixin.py:188} INFO - [2024-05-15T03:58:22.218+0800] {dag.py:3096} INFO - Sync 1 DAGs
[2024-05-15T03:58:22.227+0800] {logging_mixin.py:188} INFO - [2024-05-15T03:58:22.227+0800] {dag.py:3954} INFO - Setting next_dagrun for example_complex to None, run_after=None
[2024-05-15T03:58:22.249+0800] {processor.py:183} INFO - Processing /home/jithish/Documents/dag-dag-dag/.venv/lib/python3.10/site-packages/airflow/example_dags/example_complex.py took 0.125 seconds
[2024-05-15T03:59:35.735+0800] {processor.py:161} INFO - Started process (PID=107644) to work on /home/jithish/Documents/dag-dag-dag/.venv/lib/python3.10/site-packages/airflow/example_dags/example_complex.py
[2024-05-15T03:59:35.797+0800] {processor.py:830} INFO - Processing file /home/jithish/Documents/dag-dag-dag/.venv/lib/python3.10/site-packages/airflow/example_dags/example_complex.py for tasks to queue
[2024-05-15T03:59:35.798+0800] {logging_mixin.py:188} INFO - [2024-05-15T03:59:35.798+0800] {dagbag.py:545} INFO - Filling up the DagBag from /home/jithish/Documents/dag-dag-dag/.venv/lib/python3.10/site-packages/airflow/example_dags/example_complex.py
[2024-05-15T03:59:35.806+0800] {processor.py:840} INFO - DAG(s) 'example_complex' retrieved from /home/jithish/Documents/dag-dag-dag/.venv/lib/python3.10/site-packages/airflow/example_dags/example_complex.py
[2024-05-15T03:59:35.827+0800] {logging_mixin.py:188} INFO - [2024-05-15T03:59:35.827+0800] {dag.py:3096} INFO - Sync 1 DAGs
[2024-05-15T03:59:35.835+0800] {logging_mixin.py:188} INFO - [2024-05-15T03:59:35.834+0800] {dag.py:3954} INFO - Setting next_dagrun for example_complex to None, run_after=None
[2024-05-15T03:59:35.875+0800] {processor.py:183} INFO - Processing /home/jithish/Documents/dag-dag-dag/.venv/lib/python3.10/site-packages/airflow/example_dags/example_complex.py took 0.146 seconds
[2024-05-15T04:00:47.355+0800] {processor.py:161} INFO - Started process (PID=108234) to work on /home/jithish/Documents/dag-dag-dag/.venv/lib/python3.10/site-packages/airflow/example_dags/example_complex.py
[2024-05-15T04:00:47.416+0800] {processor.py:830} INFO - Processing file /home/jithish/Documents/dag-dag-dag/.venv/lib/python3.10/site-packages/airflow/example_dags/example_complex.py for tasks to queue
[2024-05-15T04:00:47.421+0800] {logging_mixin.py:188} INFO - [2024-05-15T04:00:47.420+0800] {dagbag.py:545} INFO - Filling up the DagBag from /home/jithish/Documents/dag-dag-dag/.venv/lib/python3.10/site-packages/airflow/example_dags/example_complex.py
[2024-05-15T04:00:47.452+0800] {processor.py:840} INFO - DAG(s) 'example_complex' retrieved from /home/jithish/Documents/dag-dag-dag/.venv/lib/python3.10/site-packages/airflow/example_dags/example_complex.py
[2024-05-15T04:00:47.481+0800] {logging_mixin.py:188} INFO - [2024-05-15T04:00:47.481+0800] {dag.py:3096} INFO - Sync 1 DAGs
[2024-05-15T04:00:47.489+0800] {logging_mixin.py:188} INFO - [2024-05-15T04:00:47.488+0800] {dag.py:3954} INFO - Setting next_dagrun for example_complex to None, run_after=None
[2024-05-15T04:00:47.507+0800] {processor.py:183} INFO - Processing /home/jithish/Documents/dag-dag-dag/.venv/lib/python3.10/site-packages/airflow/example_dags/example_complex.py took 0.156 seconds
[2024-05-15T04:01:59.656+0800] {processor.py:161} INFO - Started process (PID=108851) to work on /home/jithish/Documents/dag-dag-dag/.venv/lib/python3.10/site-packages/airflow/example_dags/example_complex.py
[2024-05-15T04:01:59.717+0800] {processor.py:830} INFO - Processing file /home/jithish/Documents/dag-dag-dag/.venv/lib/python3.10/site-packages/airflow/example_dags/example_complex.py for tasks to queue
[2024-05-15T04:01:59.718+0800] {logging_mixin.py:188} INFO - [2024-05-15T04:01:59.718+0800] {dagbag.py:545} INFO - Filling up the DagBag from /home/jithish/Documents/dag-dag-dag/.venv/lib/python3.10/site-packages/airflow/example_dags/example_complex.py
[2024-05-15T04:01:59.726+0800] {processor.py:840} INFO - DAG(s) 'example_complex' retrieved from /home/jithish/Documents/dag-dag-dag/.venv/lib/python3.10/site-packages/airflow/example_dags/example_complex.py
[2024-05-15T04:01:59.746+0800] {logging_mixin.py:188} INFO - [2024-05-15T04:01:59.746+0800] {dag.py:3096} INFO - Sync 1 DAGs
[2024-05-15T04:01:59.753+0800] {logging_mixin.py:188} INFO - [2024-05-15T04:01:59.753+0800] {dag.py:3954} INFO - Setting next_dagrun for example_complex to None, run_after=None
[2024-05-15T04:01:59.772+0800] {processor.py:183} INFO - Processing /home/jithish/Documents/dag-dag-dag/.venv/lib/python3.10/site-packages/airflow/example_dags/example_complex.py took 0.130 seconds
[2024-05-15T04:03:18.323+0800] {processor.py:161} INFO - Started process (PID=109736) to work on /home/jithish/Documents/dag-dag-dag/.venv/lib/python3.10/site-packages/airflow/example_dags/example_complex.py
[2024-05-15T04:03:18.384+0800] {processor.py:830} INFO - Processing file /home/jithish/Documents/dag-dag-dag/.venv/lib/python3.10/site-packages/airflow/example_dags/example_complex.py for tasks to queue
[2024-05-15T04:03:18.386+0800] {logging_mixin.py:188} INFO - [2024-05-15T04:03:18.385+0800] {dagbag.py:545} INFO - Filling up the DagBag from /home/jithish/Documents/dag-dag-dag/.venv/lib/python3.10/site-packages/airflow/example_dags/example_complex.py
[2024-05-15T04:03:18.393+0800] {processor.py:840} INFO - DAG(s) 'example_complex' retrieved from /home/jithish/Documents/dag-dag-dag/.venv/lib/python3.10/site-packages/airflow/example_dags/example_complex.py
[2024-05-15T04:03:18.414+0800] {logging_mixin.py:188} INFO - [2024-05-15T04:03:18.414+0800] {dag.py:3096} INFO - Sync 1 DAGs
[2024-05-15T04:03:18.421+0800] {logging_mixin.py:188} INFO - [2024-05-15T04:03:18.421+0800] {dag.py:3954} INFO - Setting next_dagrun for example_complex to None, run_after=None
[2024-05-15T04:03:18.461+0800] {processor.py:183} INFO - Processing /home/jithish/Documents/dag-dag-dag/.venv/lib/python3.10/site-packages/airflow/example_dags/example_complex.py took 0.145 seconds
[2024-05-15T04:04:28.895+0800] {processor.py:161} INFO - Started process (PID=110936) to work on /home/jithish/Documents/dag-dag-dag/.venv/lib/python3.10/site-packages/airflow/example_dags/example_complex.py
[2024-05-15T04:04:28.957+0800] {processor.py:830} INFO - Processing file /home/jithish/Documents/dag-dag-dag/.venv/lib/python3.10/site-packages/airflow/example_dags/example_complex.py for tasks to queue
[2024-05-15T04:04:28.961+0800] {logging_mixin.py:188} INFO - [2024-05-15T04:04:28.960+0800] {dagbag.py:545} INFO - Filling up the DagBag from /home/jithish/Documents/dag-dag-dag/.venv/lib/python3.10/site-packages/airflow/example_dags/example_complex.py
[2024-05-15T04:04:28.981+0800] {processor.py:840} INFO - DAG(s) 'example_complex' retrieved from /home/jithish/Documents/dag-dag-dag/.venv/lib/python3.10/site-packages/airflow/example_dags/example_complex.py
[2024-05-15T04:04:29.011+0800] {logging_mixin.py:188} INFO - [2024-05-15T04:04:29.010+0800] {dag.py:3096} INFO - Sync 1 DAGs
[2024-05-15T04:04:29.019+0800] {logging_mixin.py:188} INFO - [2024-05-15T04:04:29.019+0800] {dag.py:3954} INFO - Setting next_dagrun for example_complex to None, run_after=None
[2024-05-15T04:04:29.038+0800] {processor.py:183} INFO - Processing /home/jithish/Documents/dag-dag-dag/.venv/lib/python3.10/site-packages/airflow/example_dags/example_complex.py took 0.152 seconds
[2024-05-15T04:05:26.053+0800] {processor.py:161} INFO - Started process (PID=111769) to work on /home/jithish/Documents/dag-dag-dag/.venv/lib/python3.10/site-packages/airflow/example_dags/example_complex.py
[2024-05-15T04:05:26.053+0800] {processor.py:830} INFO - Processing file /home/jithish/Documents/dag-dag-dag/.venv/lib/python3.10/site-packages/airflow/example_dags/example_complex.py for tasks to queue
[2024-05-15T04:05:26.055+0800] {logging_mixin.py:188} INFO - [2024-05-15T04:05:26.054+0800] {dagbag.py:545} INFO - Filling up the DagBag from /home/jithish/Documents/dag-dag-dag/.venv/lib/python3.10/site-packages/airflow/example_dags/example_complex.py
[2024-05-15T04:05:26.068+0800] {processor.py:840} INFO - DAG(s) 'example_complex' retrieved from /home/jithish/Documents/dag-dag-dag/.venv/lib/python3.10/site-packages/airflow/example_dags/example_complex.py
[2024-05-15T04:05:26.093+0800] {logging_mixin.py:188} INFO - [2024-05-15T04:05:26.093+0800] {dag.py:3096} INFO - Sync 1 DAGs
[2024-05-15T04:05:26.101+0800] {logging_mixin.py:188} INFO - [2024-05-15T04:05:26.101+0800] {dag.py:3954} INFO - Setting next_dagrun for example_complex to None, run_after=None
[2024-05-15T04:05:26.115+0800] {processor.py:183} INFO - Processing /home/jithish/Documents/dag-dag-dag/.venv/lib/python3.10/site-packages/airflow/example_dags/example_complex.py took 0.067 seconds
[2024-05-15T04:06:21.134+0800] {processor.py:161} INFO - Started process (PID=112547) to work on /home/jithish/Documents/dag-dag-dag/.venv/lib/python3.10/site-packages/airflow/example_dags/example_complex.py
[2024-05-15T04:06:21.158+0800] {processor.py:830} INFO - Processing file /home/jithish/Documents/dag-dag-dag/.venv/lib/python3.10/site-packages/airflow/example_dags/example_complex.py for tasks to queue
[2024-05-15T04:06:21.159+0800] {logging_mixin.py:188} INFO - [2024-05-15T04:06:21.159+0800] {dagbag.py:545} INFO - Filling up the DagBag from /home/jithish/Documents/dag-dag-dag/.venv/lib/python3.10/site-packages/airflow/example_dags/example_complex.py
[2024-05-15T04:06:21.167+0800] {processor.py:840} INFO - DAG(s) 'example_complex' retrieved from /home/jithish/Documents/dag-dag-dag/.venv/lib/python3.10/site-packages/airflow/example_dags/example_complex.py
[2024-05-15T04:06:21.195+0800] {logging_mixin.py:188} INFO - [2024-05-15T04:06:21.195+0800] {dag.py:3096} INFO - Sync 1 DAGs
[2024-05-15T04:06:21.205+0800] {logging_mixin.py:188} INFO - [2024-05-15T04:06:21.205+0800] {dag.py:3954} INFO - Setting next_dagrun for example_complex to None, run_after=None
[2024-05-15T04:06:21.223+0800] {processor.py:183} INFO - Processing /home/jithish/Documents/dag-dag-dag/.venv/lib/python3.10/site-packages/airflow/example_dags/example_complex.py took 0.096 seconds
[2024-05-15T04:07:15.475+0800] {processor.py:161} INFO - Started process (PID=113369) to work on /home/jithish/Documents/dag-dag-dag/.venv/lib/python3.10/site-packages/airflow/example_dags/example_complex.py
[2024-05-15T04:07:15.478+0800] {processor.py:830} INFO - Processing file /home/jithish/Documents/dag-dag-dag/.venv/lib/python3.10/site-packages/airflow/example_dags/example_complex.py for tasks to queue
[2024-05-15T04:07:15.485+0800] {logging_mixin.py:188} INFO - [2024-05-15T04:07:15.483+0800] {dagbag.py:545} INFO - Filling up the DagBag from /home/jithish/Documents/dag-dag-dag/.venv/lib/python3.10/site-packages/airflow/example_dags/example_complex.py
[2024-05-15T04:07:15.515+0800] {processor.py:840} INFO - DAG(s) 'example_complex' retrieved from /home/jithish/Documents/dag-dag-dag/.venv/lib/python3.10/site-packages/airflow/example_dags/example_complex.py
[2024-05-15T04:07:15.549+0800] {logging_mixin.py:188} INFO - [2024-05-15T04:07:15.549+0800] {dag.py:3096} INFO - Sync 1 DAGs
[2024-05-15T04:07:15.560+0800] {logging_mixin.py:188} INFO - [2024-05-15T04:07:15.560+0800] {dag.py:3954} INFO - Setting next_dagrun for example_complex to None, run_after=None
[2024-05-15T04:07:15.581+0800] {processor.py:183} INFO - Processing /home/jithish/Documents/dag-dag-dag/.venv/lib/python3.10/site-packages/airflow/example_dags/example_complex.py took 0.111 seconds
[2024-05-15T04:08:11.245+0800] {processor.py:161} INFO - Started process (PID=113963) to work on /home/jithish/Documents/dag-dag-dag/.venv/lib/python3.10/site-packages/airflow/example_dags/example_complex.py
[2024-05-15T04:08:11.248+0800] {processor.py:830} INFO - Processing file /home/jithish/Documents/dag-dag-dag/.venv/lib/python3.10/site-packages/airflow/example_dags/example_complex.py for tasks to queue
[2024-05-15T04:08:11.249+0800] {logging_mixin.py:188} INFO - [2024-05-15T04:08:11.249+0800] {dagbag.py:545} INFO - Filling up the DagBag from /home/jithish/Documents/dag-dag-dag/.venv/lib/python3.10/site-packages/airflow/example_dags/example_complex.py
[2024-05-15T04:08:11.258+0800] {processor.py:840} INFO - DAG(s) 'example_complex' retrieved from /home/jithish/Documents/dag-dag-dag/.venv/lib/python3.10/site-packages/airflow/example_dags/example_complex.py
[2024-05-15T04:08:11.278+0800] {logging_mixin.py:188} INFO - [2024-05-15T04:08:11.278+0800] {dag.py:3096} INFO - Sync 1 DAGs
[2024-05-15T04:08:11.286+0800] {logging_mixin.py:188} INFO - [2024-05-15T04:08:11.285+0800] {dag.py:3954} INFO - Setting next_dagrun for example_complex to None, run_after=None
[2024-05-15T04:08:11.303+0800] {processor.py:183} INFO - Processing /home/jithish/Documents/dag-dag-dag/.venv/lib/python3.10/site-packages/airflow/example_dags/example_complex.py took 0.064 seconds
[2024-05-15T04:09:10.429+0800] {processor.py:161} INFO - Started process (PID=114880) to work on /home/jithish/Documents/dag-dag-dag/.venv/lib/python3.10/site-packages/airflow/example_dags/example_complex.py
[2024-05-15T04:09:10.490+0800] {processor.py:830} INFO - Processing file /home/jithish/Documents/dag-dag-dag/.venv/lib/python3.10/site-packages/airflow/example_dags/example_complex.py for tasks to queue
[2024-05-15T04:09:10.491+0800] {logging_mixin.py:188} INFO - [2024-05-15T04:09:10.491+0800] {dagbag.py:545} INFO - Filling up the DagBag from /home/jithish/Documents/dag-dag-dag/.venv/lib/python3.10/site-packages/airflow/example_dags/example_complex.py
[2024-05-15T04:09:10.502+0800] {processor.py:840} INFO - DAG(s) 'example_complex' retrieved from /home/jithish/Documents/dag-dag-dag/.venv/lib/python3.10/site-packages/airflow/example_dags/example_complex.py
[2024-05-15T04:09:10.525+0800] {logging_mixin.py:188} INFO - [2024-05-15T04:09:10.525+0800] {dag.py:3096} INFO - Sync 1 DAGs
[2024-05-15T04:09:10.533+0800] {logging_mixin.py:188} INFO - [2024-05-15T04:09:10.532+0800] {dag.py:3954} INFO - Setting next_dagrun for example_complex to None, run_after=None
[2024-05-15T04:09:10.562+0800] {processor.py:183} INFO - Processing /home/jithish/Documents/dag-dag-dag/.venv/lib/python3.10/site-packages/airflow/example_dags/example_complex.py took 0.138 seconds
[2024-05-15T04:10:06.399+0800] {processor.py:161} INFO - Started process (PID=115678) to work on /home/jithish/Documents/dag-dag-dag/.venv/lib/python3.10/site-packages/airflow/example_dags/example_complex.py
[2024-05-15T04:10:06.463+0800] {processor.py:830} INFO - Processing file /home/jithish/Documents/dag-dag-dag/.venv/lib/python3.10/site-packages/airflow/example_dags/example_complex.py for tasks to queue
[2024-05-15T04:10:06.465+0800] {logging_mixin.py:188} INFO - [2024-05-15T04:10:06.464+0800] {dagbag.py:545} INFO - Filling up the DagBag from /home/jithish/Documents/dag-dag-dag/.venv/lib/python3.10/site-packages/airflow/example_dags/example_complex.py
[2024-05-15T04:10:06.475+0800] {processor.py:840} INFO - DAG(s) 'example_complex' retrieved from /home/jithish/Documents/dag-dag-dag/.venv/lib/python3.10/site-packages/airflow/example_dags/example_complex.py
[2024-05-15T04:10:06.504+0800] {logging_mixin.py:188} INFO - [2024-05-15T04:10:06.504+0800] {dag.py:3096} INFO - Sync 1 DAGs
[2024-05-15T04:10:06.515+0800] {logging_mixin.py:188} INFO - [2024-05-15T04:10:06.515+0800] {dag.py:3954} INFO - Setting next_dagrun for example_complex to None, run_after=None
[2024-05-15T04:10:06.537+0800] {processor.py:183} INFO - Processing /home/jithish/Documents/dag-dag-dag/.venv/lib/python3.10/site-packages/airflow/example_dags/example_complex.py took 0.145 seconds
[2024-05-15T04:11:01.194+0800] {processor.py:161} INFO - Started process (PID=116472) to work on /home/jithish/Documents/dag-dag-dag/.venv/lib/python3.10/site-packages/airflow/example_dags/example_complex.py
[2024-05-15T04:11:01.256+0800] {processor.py:830} INFO - Processing file /home/jithish/Documents/dag-dag-dag/.venv/lib/python3.10/site-packages/airflow/example_dags/example_complex.py for tasks to queue
[2024-05-15T04:11:01.262+0800] {logging_mixin.py:188} INFO - [2024-05-15T04:11:01.260+0800] {dagbag.py:545} INFO - Filling up the DagBag from /home/jithish/Documents/dag-dag-dag/.venv/lib/python3.10/site-packages/airflow/example_dags/example_complex.py
[2024-05-15T04:11:01.288+0800] {processor.py:840} INFO - DAG(s) 'example_complex' retrieved from /home/jithish/Documents/dag-dag-dag/.venv/lib/python3.10/site-packages/airflow/example_dags/example_complex.py
[2024-05-15T04:11:01.315+0800] {logging_mixin.py:188} INFO - [2024-05-15T04:11:01.315+0800] {dag.py:3096} INFO - Sync 1 DAGs
[2024-05-15T04:11:01.322+0800] {logging_mixin.py:188} INFO - [2024-05-15T04:11:01.322+0800] {dag.py:3954} INFO - Setting next_dagrun for example_complex to None, run_after=None
[2024-05-15T04:11:01.351+0800] {processor.py:183} INFO - Processing /home/jithish/Documents/dag-dag-dag/.venv/lib/python3.10/site-packages/airflow/example_dags/example_complex.py took 0.166 seconds
[2024-05-15T04:12:18.930+0800] {processor.py:161} INFO - Started process (PID=117595) to work on /home/jithish/Documents/dag-dag-dag/.venv/lib/python3.10/site-packages/airflow/example_dags/example_complex.py
[2024-05-15T04:12:18.991+0800] {processor.py:830} INFO - Processing file /home/jithish/Documents/dag-dag-dag/.venv/lib/python3.10/site-packages/airflow/example_dags/example_complex.py for tasks to queue
[2024-05-15T04:12:18.996+0800] {logging_mixin.py:188} INFO - [2024-05-15T04:12:18.995+0800] {dagbag.py:545} INFO - Filling up the DagBag from /home/jithish/Documents/dag-dag-dag/.venv/lib/python3.10/site-packages/airflow/example_dags/example_complex.py
[2024-05-15T04:12:19.028+0800] {processor.py:840} INFO - DAG(s) 'example_complex' retrieved from /home/jithish/Documents/dag-dag-dag/.venv/lib/python3.10/site-packages/airflow/example_dags/example_complex.py
[2024-05-15T04:12:19.058+0800] {logging_mixin.py:188} INFO - [2024-05-15T04:12:19.057+0800] {dag.py:3096} INFO - Sync 1 DAGs
[2024-05-15T04:12:19.068+0800] {logging_mixin.py:188} INFO - [2024-05-15T04:12:19.068+0800] {dag.py:3954} INFO - Setting next_dagrun for example_complex to None, run_after=None
[2024-05-15T04:12:19.096+0800] {processor.py:183} INFO - Processing /home/jithish/Documents/dag-dag-dag/.venv/lib/python3.10/site-packages/airflow/example_dags/example_complex.py took 0.173 seconds
[2024-05-15T04:13:15.802+0800] {processor.py:161} INFO - Started process (PID=118425) to work on /home/jithish/Documents/dag-dag-dag/.venv/lib/python3.10/site-packages/airflow/example_dags/example_complex.py
[2024-05-15T04:13:15.803+0800] {processor.py:830} INFO - Processing file /home/jithish/Documents/dag-dag-dag/.venv/lib/python3.10/site-packages/airflow/example_dags/example_complex.py for tasks to queue
[2024-05-15T04:13:15.804+0800] {logging_mixin.py:188} INFO - [2024-05-15T04:13:15.804+0800] {dagbag.py:545} INFO - Filling up the DagBag from /home/jithish/Documents/dag-dag-dag/.venv/lib/python3.10/site-packages/airflow/example_dags/example_complex.py
[2024-05-15T04:13:15.816+0800] {processor.py:840} INFO - DAG(s) 'example_complex' retrieved from /home/jithish/Documents/dag-dag-dag/.venv/lib/python3.10/site-packages/airflow/example_dags/example_complex.py
[2024-05-15T04:13:15.848+0800] {logging_mixin.py:188} INFO - [2024-05-15T04:13:15.847+0800] {dag.py:3096} INFO - Sync 1 DAGs
[2024-05-15T04:13:15.862+0800] {logging_mixin.py:188} INFO - [2024-05-15T04:13:15.861+0800] {dag.py:3954} INFO - Setting next_dagrun for example_complex to None, run_after=None
[2024-05-15T04:13:15.885+0800] {processor.py:183} INFO - Processing /home/jithish/Documents/dag-dag-dag/.venv/lib/python3.10/site-packages/airflow/example_dags/example_complex.py took 0.090 seconds
[2024-05-15T04:14:10.850+0800] {processor.py:161} INFO - Started process (PID=119276) to work on /home/jithish/Documents/dag-dag-dag/.venv/lib/python3.10/site-packages/airflow/example_dags/example_complex.py
[2024-05-15T04:14:10.914+0800] {processor.py:830} INFO - Processing file /home/jithish/Documents/dag-dag-dag/.venv/lib/python3.10/site-packages/airflow/example_dags/example_complex.py for tasks to queue
[2024-05-15T04:14:10.916+0800] {logging_mixin.py:188} INFO - [2024-05-15T04:14:10.916+0800] {dagbag.py:545} INFO - Filling up the DagBag from /home/jithish/Documents/dag-dag-dag/.venv/lib/python3.10/site-packages/airflow/example_dags/example_complex.py
[2024-05-15T04:14:10.928+0800] {processor.py:840} INFO - DAG(s) 'example_complex' retrieved from /home/jithish/Documents/dag-dag-dag/.venv/lib/python3.10/site-packages/airflow/example_dags/example_complex.py
[2024-05-15T04:14:10.950+0800] {logging_mixin.py:188} INFO - [2024-05-15T04:14:10.949+0800] {dag.py:3096} INFO - Sync 1 DAGs
[2024-05-15T04:14:10.957+0800] {logging_mixin.py:188} INFO - [2024-05-15T04:14:10.957+0800] {dag.py:3954} INFO - Setting next_dagrun for example_complex to None, run_after=None
[2024-05-15T04:14:10.981+0800] {processor.py:183} INFO - Processing /home/jithish/Documents/dag-dag-dag/.venv/lib/python3.10/site-packages/airflow/example_dags/example_complex.py took 0.148 seconds
[2024-05-15T04:15:06.811+0800] {processor.py:161} INFO - Started process (PID=119809) to work on /home/jithish/Documents/dag-dag-dag/.venv/lib/python3.10/site-packages/airflow/example_dags/example_complex.py
[2024-05-15T04:15:06.812+0800] {processor.py:830} INFO - Processing file /home/jithish/Documents/dag-dag-dag/.venv/lib/python3.10/site-packages/airflow/example_dags/example_complex.py for tasks to queue
[2024-05-15T04:15:06.813+0800] {logging_mixin.py:188} INFO - [2024-05-15T04:15:06.813+0800] {dagbag.py:545} INFO - Filling up the DagBag from /home/jithish/Documents/dag-dag-dag/.venv/lib/python3.10/site-packages/airflow/example_dags/example_complex.py
[2024-05-15T04:15:06.821+0800] {processor.py:840} INFO - DAG(s) 'example_complex' retrieved from /home/jithish/Documents/dag-dag-dag/.venv/lib/python3.10/site-packages/airflow/example_dags/example_complex.py
[2024-05-15T04:15:06.840+0800] {logging_mixin.py:188} INFO - [2024-05-15T04:15:06.840+0800] {dag.py:3096} INFO - Sync 1 DAGs
[2024-05-15T04:15:06.848+0800] {logging_mixin.py:188} INFO - [2024-05-15T04:15:06.847+0800] {dag.py:3954} INFO - Setting next_dagrun for example_complex to None, run_after=None
[2024-05-15T04:15:06.862+0800] {processor.py:183} INFO - Processing /home/jithish/Documents/dag-dag-dag/.venv/lib/python3.10/site-packages/airflow/example_dags/example_complex.py took 0.056 seconds
[2024-05-15T04:16:02.615+0800] {processor.py:161} INFO - Started process (PID=120444) to work on /home/jithish/Documents/dag-dag-dag/.venv/lib/python3.10/site-packages/airflow/example_dags/example_complex.py
[2024-05-15T04:16:02.618+0800] {processor.py:830} INFO - Processing file /home/jithish/Documents/dag-dag-dag/.venv/lib/python3.10/site-packages/airflow/example_dags/example_complex.py for tasks to queue
[2024-05-15T04:16:02.623+0800] {logging_mixin.py:188} INFO - [2024-05-15T04:16:02.622+0800] {dagbag.py:545} INFO - Filling up the DagBag from /home/jithish/Documents/dag-dag-dag/.venv/lib/python3.10/site-packages/airflow/example_dags/example_complex.py
[2024-05-15T04:16:02.651+0800] {processor.py:840} INFO - DAG(s) 'example_complex' retrieved from /home/jithish/Documents/dag-dag-dag/.venv/lib/python3.10/site-packages/airflow/example_dags/example_complex.py
[2024-05-15T04:16:02.677+0800] {logging_mixin.py:188} INFO - [2024-05-15T04:16:02.677+0800] {dag.py:3096} INFO - Sync 1 DAGs
[2024-05-15T04:16:02.685+0800] {logging_mixin.py:188} INFO - [2024-05-15T04:16:02.685+0800] {dag.py:3954} INFO - Setting next_dagrun for example_complex to None, run_after=None
[2024-05-15T04:16:02.710+0800] {processor.py:183} INFO - Processing /home/jithish/Documents/dag-dag-dag/.venv/lib/python3.10/site-packages/airflow/example_dags/example_complex.py took 0.099 seconds
