[2024-05-15T02:59:09.475+0800] {processor.py:161} INFO - Started process (PID=65437) to work on /home/jithish/Documents/dag-dag-dag/.venv/lib/python3.10/site-packages/airflow/example_dags/example_display_name.py
[2024-05-15T02:59:09.476+0800] {processor.py:830} INFO - Processing file /home/jithish/Documents/dag-dag-dag/.venv/lib/python3.10/site-packages/airflow/example_dags/example_display_name.py for tasks to queue
[2024-05-15T02:59:09.477+0800] {logging_mixin.py:188} INFO - [2024-05-15T02:59:09.477+0800] {dagbag.py:545} INFO - Filling up the DagBag from /home/jithish/Documents/dag-dag-dag/.venv/lib/python3.10/site-packages/airflow/example_dags/example_display_name.py
[2024-05-15T02:59:09.483+0800] {processor.py:840} INFO - DAG(s) 'example_display_name' retrieved from /home/jithish/Documents/dag-dag-dag/.venv/lib/python3.10/site-packages/airflow/example_dags/example_display_name.py
[2024-05-15T02:59:09.491+0800] {logging_mixin.py:188} INFO - [2024-05-15T02:59:09.491+0800] {dag.py:3096} INFO - Sync 1 DAGs
[2024-05-15T02:59:09.505+0800] {logging_mixin.py:188} INFO - [2024-05-15T02:59:09.505+0800] {dag.py:3954} INFO - Setting next_dagrun for example_display_name to None, run_after=None
[2024-05-15T02:59:09.523+0800] {processor.py:183} INFO - Processing /home/jithish/Documents/dag-dag-dag/.venv/lib/python3.10/site-packages/airflow/example_dags/example_display_name.py took 0.055 seconds
[2024-05-15T03:00:10.995+0800] {processor.py:161} INFO - Started process (PID=66585) to work on /home/jithish/Documents/dag-dag-dag/.venv/lib/python3.10/site-packages/airflow/example_dags/example_display_name.py
[2024-05-15T03:00:11.057+0800] {processor.py:830} INFO - Processing file /home/jithish/Documents/dag-dag-dag/.venv/lib/python3.10/site-packages/airflow/example_dags/example_display_name.py for tasks to queue
[2024-05-15T03:00:11.062+0800] {logging_mixin.py:188} INFO - [2024-05-15T03:00:11.061+0800] {dagbag.py:545} INFO - Filling up the DagBag from /home/jithish/Documents/dag-dag-dag/.venv/lib/python3.10/site-packages/airflow/example_dags/example_display_name.py
[2024-05-15T03:00:11.072+0800] {processor.py:840} INFO - DAG(s) 'example_display_name' retrieved from /home/jithish/Documents/dag-dag-dag/.venv/lib/python3.10/site-packages/airflow/example_dags/example_display_name.py
[2024-05-15T03:00:11.142+0800] {logging_mixin.py:188} INFO - [2024-05-15T03:00:11.142+0800] {dag.py:3096} INFO - Sync 1 DAGs
[2024-05-15T03:00:11.148+0800] {logging_mixin.py:188} INFO - [2024-05-15T03:00:11.148+0800] {dag.py:3954} INFO - Setting next_dagrun for example_display_name to None, run_after=None
[2024-05-15T03:00:11.168+0800] {processor.py:183} INFO - Processing /home/jithish/Documents/dag-dag-dag/.venv/lib/python3.10/site-packages/airflow/example_dags/example_display_name.py took 0.181 seconds
[2024-05-15T03:14:27.803+0800] {processor.py:161} INFO - Started process (PID=74931) to work on /home/jithish/Documents/dag-dag-dag/.venv/lib/python3.10/site-packages/airflow/example_dags/example_display_name.py
[2024-05-15T03:14:27.869+0800] {processor.py:830} INFO - Processing file /home/jithish/Documents/dag-dag-dag/.venv/lib/python3.10/site-packages/airflow/example_dags/example_display_name.py for tasks to queue
[2024-05-15T03:14:27.871+0800] {logging_mixin.py:188} INFO - [2024-05-15T03:14:27.870+0800] {dagbag.py:545} INFO - Filling up the DagBag from /home/jithish/Documents/dag-dag-dag/.venv/lib/python3.10/site-packages/airflow/example_dags/example_display_name.py
[2024-05-15T03:14:27.876+0800] {processor.py:840} INFO - DAG(s) 'example_display_name' retrieved from /home/jithish/Documents/dag-dag-dag/.venv/lib/python3.10/site-packages/airflow/example_dags/example_display_name.py
[2024-05-15T03:14:27.980+0800] {logging_mixin.py:188} INFO - [2024-05-15T03:14:27.980+0800] {dag.py:3096} INFO - Sync 1 DAGs
[2024-05-15T03:14:27.990+0800] {logging_mixin.py:188} INFO - [2024-05-15T03:14:27.990+0800] {dag.py:3954} INFO - Setting next_dagrun for example_display_name to None, run_after=None
[2024-05-15T03:14:28.108+0800] {processor.py:183} INFO - Processing /home/jithish/Documents/dag-dag-dag/.venv/lib/python3.10/site-packages/airflow/example_dags/example_display_name.py took 0.314 seconds
[2024-05-15T03:15:30.050+0800] {processor.py:161} INFO - Started process (PID=75727) to work on /home/jithish/Documents/dag-dag-dag/.venv/lib/python3.10/site-packages/airflow/example_dags/example_display_name.py
[2024-05-15T03:15:30.111+0800] {processor.py:830} INFO - Processing file /home/jithish/Documents/dag-dag-dag/.venv/lib/python3.10/site-packages/airflow/example_dags/example_display_name.py for tasks to queue
[2024-05-15T03:15:30.117+0800] {logging_mixin.py:188} INFO - [2024-05-15T03:15:30.116+0800] {dagbag.py:545} INFO - Filling up the DagBag from /home/jithish/Documents/dag-dag-dag/.venv/lib/python3.10/site-packages/airflow/example_dags/example_display_name.py
[2024-05-15T03:15:30.135+0800] {processor.py:840} INFO - DAG(s) 'example_display_name' retrieved from /home/jithish/Documents/dag-dag-dag/.venv/lib/python3.10/site-packages/airflow/example_dags/example_display_name.py
[2024-05-15T03:15:30.155+0800] {logging_mixin.py:188} INFO - [2024-05-15T03:15:30.155+0800] {dag.py:3096} INFO - Sync 1 DAGs
[2024-05-15T03:15:30.168+0800] {logging_mixin.py:188} INFO - [2024-05-15T03:15:30.168+0800] {dag.py:3954} INFO - Setting next_dagrun for example_display_name to None, run_after=None
[2024-05-15T03:15:30.195+0800] {processor.py:183} INFO - Processing /home/jithish/Documents/dag-dag-dag/.venv/lib/python3.10/site-packages/airflow/example_dags/example_display_name.py took 0.155 seconds
[2024-05-15T03:16:32.763+0800] {processor.py:161} INFO - Started process (PID=76483) to work on /home/jithish/Documents/dag-dag-dag/.venv/lib/python3.10/site-packages/airflow/example_dags/example_display_name.py
[2024-05-15T03:16:32.827+0800] {processor.py:830} INFO - Processing file /home/jithish/Documents/dag-dag-dag/.venv/lib/python3.10/site-packages/airflow/example_dags/example_display_name.py for tasks to queue
[2024-05-15T03:16:32.828+0800] {logging_mixin.py:188} INFO - [2024-05-15T03:16:32.828+0800] {dagbag.py:545} INFO - Filling up the DagBag from /home/jithish/Documents/dag-dag-dag/.venv/lib/python3.10/site-packages/airflow/example_dags/example_display_name.py
[2024-05-15T03:16:32.898+0800] {processor.py:840} INFO - DAG(s) 'example_display_name' retrieved from /home/jithish/Documents/dag-dag-dag/.venv/lib/python3.10/site-packages/airflow/example_dags/example_display_name.py
[2024-05-15T03:16:32.905+0800] {logging_mixin.py:188} INFO - [2024-05-15T03:16:32.905+0800] {dag.py:3096} INFO - Sync 1 DAGs
[2024-05-15T03:16:32.911+0800] {logging_mixin.py:188} INFO - [2024-05-15T03:16:32.911+0800] {dag.py:3954} INFO - Setting next_dagrun for example_display_name to None, run_after=None
[2024-05-15T03:16:32.925+0800] {processor.py:183} INFO - Processing /home/jithish/Documents/dag-dag-dag/.venv/lib/python3.10/site-packages/airflow/example_dags/example_display_name.py took 0.175 seconds
[2024-05-15T03:17:36.203+0800] {processor.py:161} INFO - Started process (PID=77529) to work on /home/jithish/Documents/dag-dag-dag/.venv/lib/python3.10/site-packages/airflow/example_dags/example_display_name.py
[2024-05-15T03:17:36.204+0800] {processor.py:830} INFO - Processing file /home/jithish/Documents/dag-dag-dag/.venv/lib/python3.10/site-packages/airflow/example_dags/example_display_name.py for tasks to queue
[2024-05-15T03:17:36.206+0800] {logging_mixin.py:188} INFO - [2024-05-15T03:17:36.206+0800] {dagbag.py:545} INFO - Filling up the DagBag from /home/jithish/Documents/dag-dag-dag/.venv/lib/python3.10/site-packages/airflow/example_dags/example_display_name.py
[2024-05-15T03:17:36.214+0800] {processor.py:840} INFO - DAG(s) 'example_display_name' retrieved from /home/jithish/Documents/dag-dag-dag/.venv/lib/python3.10/site-packages/airflow/example_dags/example_display_name.py
[2024-05-15T03:17:36.227+0800] {logging_mixin.py:188} INFO - [2024-05-15T03:17:36.226+0800] {dag.py:3096} INFO - Sync 1 DAGs
[2024-05-15T03:17:36.236+0800] {logging_mixin.py:188} INFO - [2024-05-15T03:17:36.235+0800] {dag.py:3954} INFO - Setting next_dagrun for example_display_name to None, run_after=None
[2024-05-15T03:17:36.251+0800] {processor.py:183} INFO - Processing /home/jithish/Documents/dag-dag-dag/.venv/lib/python3.10/site-packages/airflow/example_dags/example_display_name.py took 0.059 seconds
[2024-05-15T03:18:30.657+0800] {processor.py:161} INFO - Started process (PID=78249) to work on /home/jithish/Documents/dag-dag-dag/.venv/lib/python3.10/site-packages/airflow/example_dags/example_display_name.py
[2024-05-15T03:18:30.658+0800] {processor.py:830} INFO - Processing file /home/jithish/Documents/dag-dag-dag/.venv/lib/python3.10/site-packages/airflow/example_dags/example_display_name.py for tasks to queue
[2024-05-15T03:18:30.659+0800] {logging_mixin.py:188} INFO - [2024-05-15T03:18:30.659+0800] {dagbag.py:545} INFO - Filling up the DagBag from /home/jithish/Documents/dag-dag-dag/.venv/lib/python3.10/site-packages/airflow/example_dags/example_display_name.py
[2024-05-15T03:18:30.664+0800] {processor.py:840} INFO - DAG(s) 'example_display_name' retrieved from /home/jithish/Documents/dag-dag-dag/.venv/lib/python3.10/site-packages/airflow/example_dags/example_display_name.py
[2024-05-15T03:18:30.678+0800] {logging_mixin.py:188} INFO - [2024-05-15T03:18:30.677+0800] {dag.py:3096} INFO - Sync 1 DAGs
[2024-05-15T03:18:30.687+0800] {logging_mixin.py:188} INFO - [2024-05-15T03:18:30.687+0800] {dag.py:3954} INFO - Setting next_dagrun for example_display_name to None, run_after=None
[2024-05-15T03:18:30.713+0800] {processor.py:183} INFO - Processing /home/jithish/Documents/dag-dag-dag/.venv/lib/python3.10/site-packages/airflow/example_dags/example_display_name.py took 0.063 seconds
[2024-05-15T03:19:31.431+0800] {processor.py:161} INFO - Started process (PID=79157) to work on /home/jithish/Documents/dag-dag-dag/.venv/lib/python3.10/site-packages/airflow/example_dags/example_display_name.py
[2024-05-15T03:19:31.493+0800] {processor.py:830} INFO - Processing file /home/jithish/Documents/dag-dag-dag/.venv/lib/python3.10/site-packages/airflow/example_dags/example_display_name.py for tasks to queue
[2024-05-15T03:19:31.499+0800] {logging_mixin.py:188} INFO - [2024-05-15T03:19:31.497+0800] {dagbag.py:545} INFO - Filling up the DagBag from /home/jithish/Documents/dag-dag-dag/.venv/lib/python3.10/site-packages/airflow/example_dags/example_display_name.py
[2024-05-15T03:19:31.519+0800] {processor.py:840} INFO - DAG(s) 'example_display_name' retrieved from /home/jithish/Documents/dag-dag-dag/.venv/lib/python3.10/site-packages/airflow/example_dags/example_display_name.py
[2024-05-15T03:19:31.543+0800] {logging_mixin.py:188} INFO - [2024-05-15T03:19:31.542+0800] {dag.py:3096} INFO - Sync 1 DAGs
[2024-05-15T03:19:31.554+0800] {logging_mixin.py:188} INFO - [2024-05-15T03:19:31.554+0800] {dag.py:3954} INFO - Setting next_dagrun for example_display_name to None, run_after=None
[2024-05-15T03:19:31.574+0800] {processor.py:183} INFO - Processing /home/jithish/Documents/dag-dag-dag/.venv/lib/python3.10/site-packages/airflow/example_dags/example_display_name.py took 0.153 seconds
[2024-05-15T03:20:24.401+0800] {processor.py:161} INFO - Started process (PID=79902) to work on /home/jithish/Documents/dag-dag-dag/.venv/lib/python3.10/site-packages/airflow/example_dags/example_display_name.py
[2024-05-15T03:20:24.462+0800] {processor.py:830} INFO - Processing file /home/jithish/Documents/dag-dag-dag/.venv/lib/python3.10/site-packages/airflow/example_dags/example_display_name.py for tasks to queue
[2024-05-15T03:20:24.467+0800] {logging_mixin.py:188} INFO - [2024-05-15T03:20:24.466+0800] {dagbag.py:545} INFO - Filling up the DagBag from /home/jithish/Documents/dag-dag-dag/.venv/lib/python3.10/site-packages/airflow/example_dags/example_display_name.py
[2024-05-15T03:20:24.484+0800] {processor.py:840} INFO - DAG(s) 'example_display_name' retrieved from /home/jithish/Documents/dag-dag-dag/.venv/lib/python3.10/site-packages/airflow/example_dags/example_display_name.py
[2024-05-15T03:20:24.509+0800] {logging_mixin.py:188} INFO - [2024-05-15T03:20:24.509+0800] {dag.py:3096} INFO - Sync 1 DAGs
[2024-05-15T03:20:24.519+0800] {logging_mixin.py:188} INFO - [2024-05-15T03:20:24.519+0800] {dag.py:3954} INFO - Setting next_dagrun for example_display_name to None, run_after=None
[2024-05-15T03:20:24.541+0800] {processor.py:183} INFO - Processing /home/jithish/Documents/dag-dag-dag/.venv/lib/python3.10/site-packages/airflow/example_dags/example_display_name.py took 0.148 seconds
[2024-05-15T03:21:16.395+0800] {processor.py:161} INFO - Started process (PID=80625) to work on /home/jithish/Documents/dag-dag-dag/.venv/lib/python3.10/site-packages/airflow/example_dags/example_display_name.py
[2024-05-15T03:21:16.457+0800] {processor.py:830} INFO - Processing file /home/jithish/Documents/dag-dag-dag/.venv/lib/python3.10/site-packages/airflow/example_dags/example_display_name.py for tasks to queue
[2024-05-15T03:21:16.463+0800] {logging_mixin.py:188} INFO - [2024-05-15T03:21:16.462+0800] {dagbag.py:545} INFO - Filling up the DagBag from /home/jithish/Documents/dag-dag-dag/.venv/lib/python3.10/site-packages/airflow/example_dags/example_display_name.py
[2024-05-15T03:21:16.478+0800] {processor.py:840} INFO - DAG(s) 'example_display_name' retrieved from /home/jithish/Documents/dag-dag-dag/.venv/lib/python3.10/site-packages/airflow/example_dags/example_display_name.py
[2024-05-15T03:21:16.496+0800] {logging_mixin.py:188} INFO - [2024-05-15T03:21:16.496+0800] {dag.py:3096} INFO - Sync 1 DAGs
[2024-05-15T03:21:16.507+0800] {logging_mixin.py:188} INFO - [2024-05-15T03:21:16.506+0800] {dag.py:3954} INFO - Setting next_dagrun for example_display_name to None, run_after=None
[2024-05-15T03:21:16.535+0800] {processor.py:183} INFO - Processing /home/jithish/Documents/dag-dag-dag/.venv/lib/python3.10/site-packages/airflow/example_dags/example_display_name.py took 0.158 seconds
[2024-05-15T03:22:07.730+0800] {processor.py:161} INFO - Started process (PID=81387) to work on /home/jithish/Documents/dag-dag-dag/.venv/lib/python3.10/site-packages/airflow/example_dags/example_display_name.py
[2024-05-15T03:22:07.793+0800] {processor.py:830} INFO - Processing file /home/jithish/Documents/dag-dag-dag/.venv/lib/python3.10/site-packages/airflow/example_dags/example_display_name.py for tasks to queue
[2024-05-15T03:22:07.799+0800] {logging_mixin.py:188} INFO - [2024-05-15T03:22:07.798+0800] {dagbag.py:545} INFO - Filling up the DagBag from /home/jithish/Documents/dag-dag-dag/.venv/lib/python3.10/site-packages/airflow/example_dags/example_display_name.py
[2024-05-15T03:22:07.818+0800] {processor.py:840} INFO - DAG(s) 'example_display_name' retrieved from /home/jithish/Documents/dag-dag-dag/.venv/lib/python3.10/site-packages/airflow/example_dags/example_display_name.py
[2024-05-15T03:22:07.850+0800] {logging_mixin.py:188} INFO - [2024-05-15T03:22:07.849+0800] {dag.py:3096} INFO - Sync 1 DAGs
[2024-05-15T03:22:07.866+0800] {logging_mixin.py:188} INFO - [2024-05-15T03:22:07.865+0800] {dag.py:3954} INFO - Setting next_dagrun for example_display_name to None, run_after=None
[2024-05-15T03:22:07.886+0800] {processor.py:183} INFO - Processing /home/jithish/Documents/dag-dag-dag/.venv/lib/python3.10/site-packages/airflow/example_dags/example_display_name.py took 0.171 seconds
[2024-05-15T03:23:02.353+0800] {processor.py:161} INFO - Started process (PID=82110) to work on /home/jithish/Documents/dag-dag-dag/.venv/lib/python3.10/site-packages/airflow/example_dags/example_display_name.py
[2024-05-15T03:23:02.415+0800] {processor.py:830} INFO - Processing file /home/jithish/Documents/dag-dag-dag/.venv/lib/python3.10/site-packages/airflow/example_dags/example_display_name.py for tasks to queue
[2024-05-15T03:23:02.419+0800] {logging_mixin.py:188} INFO - [2024-05-15T03:23:02.418+0800] {dagbag.py:545} INFO - Filling up the DagBag from /home/jithish/Documents/dag-dag-dag/.venv/lib/python3.10/site-packages/airflow/example_dags/example_display_name.py
[2024-05-15T03:23:02.435+0800] {processor.py:840} INFO - DAG(s) 'example_display_name' retrieved from /home/jithish/Documents/dag-dag-dag/.venv/lib/python3.10/site-packages/airflow/example_dags/example_display_name.py
[2024-05-15T03:23:02.461+0800] {logging_mixin.py:188} INFO - [2024-05-15T03:23:02.460+0800] {dag.py:3096} INFO - Sync 1 DAGs
[2024-05-15T03:23:02.472+0800] {logging_mixin.py:188} INFO - [2024-05-15T03:23:02.471+0800] {dag.py:3954} INFO - Setting next_dagrun for example_display_name to None, run_after=None
[2024-05-15T03:23:02.498+0800] {processor.py:183} INFO - Processing /home/jithish/Documents/dag-dag-dag/.venv/lib/python3.10/site-packages/airflow/example_dags/example_display_name.py took 0.153 seconds
[2024-05-15T03:23:55.023+0800] {processor.py:161} INFO - Started process (PID=82576) to work on /home/jithish/Documents/dag-dag-dag/.venv/lib/python3.10/site-packages/airflow/example_dags/example_display_name.py
[2024-05-15T03:23:55.084+0800] {processor.py:830} INFO - Processing file /home/jithish/Documents/dag-dag-dag/.venv/lib/python3.10/site-packages/airflow/example_dags/example_display_name.py for tasks to queue
[2024-05-15T03:23:55.089+0800] {logging_mixin.py:188} INFO - [2024-05-15T03:23:55.088+0800] {dagbag.py:545} INFO - Filling up the DagBag from /home/jithish/Documents/dag-dag-dag/.venv/lib/python3.10/site-packages/airflow/example_dags/example_display_name.py
[2024-05-15T03:23:55.106+0800] {processor.py:840} INFO - DAG(s) 'example_display_name' retrieved from /home/jithish/Documents/dag-dag-dag/.venv/lib/python3.10/site-packages/airflow/example_dags/example_display_name.py
[2024-05-15T03:23:55.133+0800] {logging_mixin.py:188} INFO - [2024-05-15T03:23:55.132+0800] {dag.py:3096} INFO - Sync 1 DAGs
[2024-05-15T03:23:55.143+0800] {logging_mixin.py:188} INFO - [2024-05-15T03:23:55.143+0800] {dag.py:3954} INFO - Setting next_dagrun for example_display_name to None, run_after=None
[2024-05-15T03:23:55.164+0800] {processor.py:183} INFO - Processing /home/jithish/Documents/dag-dag-dag/.venv/lib/python3.10/site-packages/airflow/example_dags/example_display_name.py took 0.145 seconds
[2024-05-15T03:24:52.179+0800] {processor.py:161} INFO - Started process (PID=83073) to work on /home/jithish/Documents/dag-dag-dag/.venv/lib/python3.10/site-packages/airflow/example_dags/example_display_name.py
[2024-05-15T03:24:52.181+0800] {processor.py:830} INFO - Processing file /home/jithish/Documents/dag-dag-dag/.venv/lib/python3.10/site-packages/airflow/example_dags/example_display_name.py for tasks to queue
[2024-05-15T03:24:52.184+0800] {logging_mixin.py:188} INFO - [2024-05-15T03:24:52.183+0800] {dagbag.py:545} INFO - Filling up the DagBag from /home/jithish/Documents/dag-dag-dag/.venv/lib/python3.10/site-packages/airflow/example_dags/example_display_name.py
[2024-05-15T03:24:52.193+0800] {processor.py:840} INFO - DAG(s) 'example_display_name' retrieved from /home/jithish/Documents/dag-dag-dag/.venv/lib/python3.10/site-packages/airflow/example_dags/example_display_name.py
[2024-05-15T03:24:52.208+0800] {logging_mixin.py:188} INFO - [2024-05-15T03:24:52.208+0800] {dag.py:3096} INFO - Sync 1 DAGs
[2024-05-15T03:24:52.217+0800] {logging_mixin.py:188} INFO - [2024-05-15T03:24:52.216+0800] {dag.py:3954} INFO - Setting next_dagrun for example_display_name to None, run_after=None
[2024-05-15T03:24:52.233+0800] {processor.py:183} INFO - Processing /home/jithish/Documents/dag-dag-dag/.venv/lib/python3.10/site-packages/airflow/example_dags/example_display_name.py took 0.071 seconds
[2024-05-15T03:25:45.788+0800] {processor.py:161} INFO - Started process (PID=83515) to work on /home/jithish/Documents/dag-dag-dag/.venv/lib/python3.10/site-packages/airflow/example_dags/example_display_name.py
[2024-05-15T03:25:45.849+0800] {processor.py:830} INFO - Processing file /home/jithish/Documents/dag-dag-dag/.venv/lib/python3.10/site-packages/airflow/example_dags/example_display_name.py for tasks to queue
[2024-05-15T03:25:45.854+0800] {logging_mixin.py:188} INFO - [2024-05-15T03:25:45.853+0800] {dagbag.py:545} INFO - Filling up the DagBag from /home/jithish/Documents/dag-dag-dag/.venv/lib/python3.10/site-packages/airflow/example_dags/example_display_name.py
[2024-05-15T03:25:45.872+0800] {processor.py:840} INFO - DAG(s) 'example_display_name' retrieved from /home/jithish/Documents/dag-dag-dag/.venv/lib/python3.10/site-packages/airflow/example_dags/example_display_name.py
[2024-05-15T03:25:45.898+0800] {logging_mixin.py:188} INFO - [2024-05-15T03:25:45.898+0800] {dag.py:3096} INFO - Sync 1 DAGs
[2024-05-15T03:25:45.908+0800] {logging_mixin.py:188} INFO - [2024-05-15T03:25:45.908+0800] {dag.py:3954} INFO - Setting next_dagrun for example_display_name to None, run_after=None
[2024-05-15T03:25:45.934+0800] {processor.py:183} INFO - Processing /home/jithish/Documents/dag-dag-dag/.venv/lib/python3.10/site-packages/airflow/example_dags/example_display_name.py took 0.151 seconds
[2024-05-15T03:26:38.735+0800] {processor.py:161} INFO - Started process (PID=83959) to work on /home/jithish/Documents/dag-dag-dag/.venv/lib/python3.10/site-packages/airflow/example_dags/example_display_name.py
[2024-05-15T03:26:38.796+0800] {processor.py:830} INFO - Processing file /home/jithish/Documents/dag-dag-dag/.venv/lib/python3.10/site-packages/airflow/example_dags/example_display_name.py for tasks to queue
[2024-05-15T03:26:38.801+0800] {logging_mixin.py:188} INFO - [2024-05-15T03:26:38.800+0800] {dagbag.py:545} INFO - Filling up the DagBag from /home/jithish/Documents/dag-dag-dag/.venv/lib/python3.10/site-packages/airflow/example_dags/example_display_name.py
[2024-05-15T03:26:38.819+0800] {processor.py:840} INFO - DAG(s) 'example_display_name' retrieved from /home/jithish/Documents/dag-dag-dag/.venv/lib/python3.10/site-packages/airflow/example_dags/example_display_name.py
[2024-05-15T03:26:38.844+0800] {logging_mixin.py:188} INFO - [2024-05-15T03:26:38.844+0800] {dag.py:3096} INFO - Sync 1 DAGs
[2024-05-15T03:26:38.854+0800] {logging_mixin.py:188} INFO - [2024-05-15T03:26:38.854+0800] {dag.py:3954} INFO - Setting next_dagrun for example_display_name to None, run_after=None
[2024-05-15T03:26:38.882+0800] {processor.py:183} INFO - Processing /home/jithish/Documents/dag-dag-dag/.venv/lib/python3.10/site-packages/airflow/example_dags/example_display_name.py took 0.151 seconds
[2024-05-15T03:27:33.165+0800] {processor.py:161} INFO - Started process (PID=84749) to work on /home/jithish/Documents/dag-dag-dag/.venv/lib/python3.10/site-packages/airflow/example_dags/example_display_name.py
[2024-05-15T03:27:33.166+0800] {processor.py:830} INFO - Processing file /home/jithish/Documents/dag-dag-dag/.venv/lib/python3.10/site-packages/airflow/example_dags/example_display_name.py for tasks to queue
[2024-05-15T03:27:33.168+0800] {logging_mixin.py:188} INFO - [2024-05-15T03:27:33.168+0800] {dagbag.py:545} INFO - Filling up the DagBag from /home/jithish/Documents/dag-dag-dag/.venv/lib/python3.10/site-packages/airflow/example_dags/example_display_name.py
[2024-05-15T03:27:33.174+0800] {processor.py:840} INFO - DAG(s) 'example_display_name' retrieved from /home/jithish/Documents/dag-dag-dag/.venv/lib/python3.10/site-packages/airflow/example_dags/example_display_name.py
[2024-05-15T03:27:33.188+0800] {logging_mixin.py:188} INFO - [2024-05-15T03:27:33.188+0800] {dag.py:3096} INFO - Sync 1 DAGs
[2024-05-15T03:27:33.197+0800] {logging_mixin.py:188} INFO - [2024-05-15T03:27:33.197+0800] {dag.py:3954} INFO - Setting next_dagrun for example_display_name to None, run_after=None
[2024-05-15T03:27:33.220+0800] {processor.py:183} INFO - Processing /home/jithish/Documents/dag-dag-dag/.venv/lib/python3.10/site-packages/airflow/example_dags/example_display_name.py took 0.059 seconds
[2024-05-15T03:28:21.709+0800] {processor.py:161} INFO - Started process (PID=85081) to work on /home/jithish/Documents/dag-dag-dag/.venv/lib/python3.10/site-packages/airflow/example_dags/example_display_name.py
[2024-05-15T03:28:21.770+0800] {processor.py:830} INFO - Processing file /home/jithish/Documents/dag-dag-dag/.venv/lib/python3.10/site-packages/airflow/example_dags/example_display_name.py for tasks to queue
[2024-05-15T03:28:21.775+0800] {logging_mixin.py:188} INFO - [2024-05-15T03:28:21.774+0800] {dagbag.py:545} INFO - Filling up the DagBag from /home/jithish/Documents/dag-dag-dag/.venv/lib/python3.10/site-packages/airflow/example_dags/example_display_name.py
[2024-05-15T03:28:21.795+0800] {processor.py:840} INFO - DAG(s) 'example_display_name' retrieved from /home/jithish/Documents/dag-dag-dag/.venv/lib/python3.10/site-packages/airflow/example_dags/example_display_name.py
[2024-05-15T03:28:21.820+0800] {logging_mixin.py:188} INFO - [2024-05-15T03:28:21.820+0800] {dag.py:3096} INFO - Sync 1 DAGs
[2024-05-15T03:28:21.831+0800] {logging_mixin.py:188} INFO - [2024-05-15T03:28:21.831+0800] {dag.py:3954} INFO - Setting next_dagrun for example_display_name to None, run_after=None
[2024-05-15T03:28:21.850+0800] {processor.py:183} INFO - Processing /home/jithish/Documents/dag-dag-dag/.venv/lib/python3.10/site-packages/airflow/example_dags/example_display_name.py took 0.146 seconds
[2024-05-15T03:29:11.622+0800] {processor.py:161} INFO - Started process (PID=85573) to work on /home/jithish/Documents/dag-dag-dag/.venv/lib/python3.10/site-packages/airflow/example_dags/example_display_name.py
[2024-05-15T03:29:11.624+0800] {processor.py:830} INFO - Processing file /home/jithish/Documents/dag-dag-dag/.venv/lib/python3.10/site-packages/airflow/example_dags/example_display_name.py for tasks to queue
[2024-05-15T03:29:11.626+0800] {logging_mixin.py:188} INFO - [2024-05-15T03:29:11.625+0800] {dagbag.py:545} INFO - Filling up the DagBag from /home/jithish/Documents/dag-dag-dag/.venv/lib/python3.10/site-packages/airflow/example_dags/example_display_name.py
[2024-05-15T03:29:11.633+0800] {processor.py:840} INFO - DAG(s) 'example_display_name' retrieved from /home/jithish/Documents/dag-dag-dag/.venv/lib/python3.10/site-packages/airflow/example_dags/example_display_name.py
[2024-05-15T03:29:11.647+0800] {logging_mixin.py:188} INFO - [2024-05-15T03:29:11.647+0800] {dag.py:3096} INFO - Sync 1 DAGs
[2024-05-15T03:29:11.655+0800] {logging_mixin.py:188} INFO - [2024-05-15T03:29:11.655+0800] {dag.py:3954} INFO - Setting next_dagrun for example_display_name to None, run_after=None
[2024-05-15T03:29:11.669+0800] {processor.py:183} INFO - Processing /home/jithish/Documents/dag-dag-dag/.venv/lib/python3.10/site-packages/airflow/example_dags/example_display_name.py took 0.055 seconds
[2024-05-15T03:30:01.969+0800] {processor.py:161} INFO - Started process (PID=85989) to work on /home/jithish/Documents/dag-dag-dag/.venv/lib/python3.10/site-packages/airflow/example_dags/example_display_name.py
[2024-05-15T03:30:02.031+0800] {processor.py:830} INFO - Processing file /home/jithish/Documents/dag-dag-dag/.venv/lib/python3.10/site-packages/airflow/example_dags/example_display_name.py for tasks to queue
[2024-05-15T03:30:02.033+0800] {logging_mixin.py:188} INFO - [2024-05-15T03:30:02.033+0800] {dagbag.py:545} INFO - Filling up the DagBag from /home/jithish/Documents/dag-dag-dag/.venv/lib/python3.10/site-packages/airflow/example_dags/example_display_name.py
[2024-05-15T03:30:02.038+0800] {processor.py:840} INFO - DAG(s) 'example_display_name' retrieved from /home/jithish/Documents/dag-dag-dag/.venv/lib/python3.10/site-packages/airflow/example_dags/example_display_name.py
[2024-05-15T03:30:02.049+0800] {logging_mixin.py:188} INFO - [2024-05-15T03:30:02.049+0800] {dag.py:3096} INFO - Sync 1 DAGs
[2024-05-15T03:30:02.058+0800] {logging_mixin.py:188} INFO - [2024-05-15T03:30:02.058+0800] {dag.py:3954} INFO - Setting next_dagrun for example_display_name to None, run_after=None
[2024-05-15T03:30:02.077+0800] {processor.py:183} INFO - Processing /home/jithish/Documents/dag-dag-dag/.venv/lib/python3.10/site-packages/airflow/example_dags/example_display_name.py took 0.125 seconds
[2024-05-15T03:30:53.109+0800] {processor.py:161} INFO - Started process (PID=86432) to work on /home/jithish/Documents/dag-dag-dag/.venv/lib/python3.10/site-packages/airflow/example_dags/example_display_name.py
[2024-05-15T03:30:53.171+0800] {processor.py:830} INFO - Processing file /home/jithish/Documents/dag-dag-dag/.venv/lib/python3.10/site-packages/airflow/example_dags/example_display_name.py for tasks to queue
[2024-05-15T03:30:53.175+0800] {logging_mixin.py:188} INFO - [2024-05-15T03:30:53.174+0800] {dagbag.py:545} INFO - Filling up the DagBag from /home/jithish/Documents/dag-dag-dag/.venv/lib/python3.10/site-packages/airflow/example_dags/example_display_name.py
[2024-05-15T03:30:53.189+0800] {processor.py:840} INFO - DAG(s) 'example_display_name' retrieved from /home/jithish/Documents/dag-dag-dag/.venv/lib/python3.10/site-packages/airflow/example_dags/example_display_name.py
[2024-05-15T03:30:53.212+0800] {logging_mixin.py:188} INFO - [2024-05-15T03:30:53.212+0800] {dag.py:3096} INFO - Sync 1 DAGs
[2024-05-15T03:30:53.223+0800] {logging_mixin.py:188} INFO - [2024-05-15T03:30:53.223+0800] {dag.py:3954} INFO - Setting next_dagrun for example_display_name to None, run_after=None
[2024-05-15T03:30:53.243+0800] {processor.py:183} INFO - Processing /home/jithish/Documents/dag-dag-dag/.venv/lib/python3.10/site-packages/airflow/example_dags/example_display_name.py took 0.139 seconds
[2024-05-15T03:31:44.389+0800] {processor.py:161} INFO - Started process (PID=86892) to work on /home/jithish/Documents/dag-dag-dag/.venv/lib/python3.10/site-packages/airflow/example_dags/example_display_name.py
[2024-05-15T03:31:44.454+0800] {processor.py:830} INFO - Processing file /home/jithish/Documents/dag-dag-dag/.venv/lib/python3.10/site-packages/airflow/example_dags/example_display_name.py for tasks to queue
[2024-05-15T03:31:44.458+0800] {logging_mixin.py:188} INFO - [2024-05-15T03:31:44.457+0800] {dagbag.py:545} INFO - Filling up the DagBag from /home/jithish/Documents/dag-dag-dag/.venv/lib/python3.10/site-packages/airflow/example_dags/example_display_name.py
[2024-05-15T03:31:44.468+0800] {processor.py:840} INFO - DAG(s) 'example_display_name' retrieved from /home/jithish/Documents/dag-dag-dag/.venv/lib/python3.10/site-packages/airflow/example_dags/example_display_name.py
[2024-05-15T03:31:44.482+0800] {logging_mixin.py:188} INFO - [2024-05-15T03:31:44.482+0800] {dag.py:3096} INFO - Sync 1 DAGs
[2024-05-15T03:31:44.491+0800] {logging_mixin.py:188} INFO - [2024-05-15T03:31:44.490+0800] {dag.py:3954} INFO - Setting next_dagrun for example_display_name to None, run_after=None
[2024-05-15T03:31:44.508+0800] {processor.py:183} INFO - Processing /home/jithish/Documents/dag-dag-dag/.venv/lib/python3.10/site-packages/airflow/example_dags/example_display_name.py took 0.136 seconds
[2024-05-15T03:32:35.517+0800] {processor.py:161} INFO - Started process (PID=87297) to work on /home/jithish/Documents/dag-dag-dag/.venv/lib/python3.10/site-packages/airflow/example_dags/example_display_name.py
[2024-05-15T03:32:35.519+0800] {processor.py:830} INFO - Processing file /home/jithish/Documents/dag-dag-dag/.venv/lib/python3.10/site-packages/airflow/example_dags/example_display_name.py for tasks to queue
[2024-05-15T03:32:35.522+0800] {logging_mixin.py:188} INFO - [2024-05-15T03:32:35.521+0800] {dagbag.py:545} INFO - Filling up the DagBag from /home/jithish/Documents/dag-dag-dag/.venv/lib/python3.10/site-packages/airflow/example_dags/example_display_name.py
[2024-05-15T03:32:35.533+0800] {processor.py:840} INFO - DAG(s) 'example_display_name' retrieved from /home/jithish/Documents/dag-dag-dag/.venv/lib/python3.10/site-packages/airflow/example_dags/example_display_name.py
[2024-05-15T03:32:35.550+0800] {logging_mixin.py:188} INFO - [2024-05-15T03:32:35.549+0800] {dag.py:3096} INFO - Sync 1 DAGs
[2024-05-15T03:32:35.559+0800] {logging_mixin.py:188} INFO - [2024-05-15T03:32:35.559+0800] {dag.py:3954} INFO - Setting next_dagrun for example_display_name to None, run_after=None
[2024-05-15T03:32:35.574+0800] {processor.py:183} INFO - Processing /home/jithish/Documents/dag-dag-dag/.venv/lib/python3.10/site-packages/airflow/example_dags/example_display_name.py took 0.070 seconds
[2024-05-15T03:33:24.531+0800] {processor.py:161} INFO - Started process (PID=87718) to work on /home/jithish/Documents/dag-dag-dag/.venv/lib/python3.10/site-packages/airflow/example_dags/example_display_name.py
[2024-05-15T03:33:24.591+0800] {processor.py:830} INFO - Processing file /home/jithish/Documents/dag-dag-dag/.venv/lib/python3.10/site-packages/airflow/example_dags/example_display_name.py for tasks to queue
[2024-05-15T03:33:24.592+0800] {logging_mixin.py:188} INFO - [2024-05-15T03:33:24.592+0800] {dagbag.py:545} INFO - Filling up the DagBag from /home/jithish/Documents/dag-dag-dag/.venv/lib/python3.10/site-packages/airflow/example_dags/example_display_name.py
[2024-05-15T03:33:24.598+0800] {processor.py:840} INFO - DAG(s) 'example_display_name' retrieved from /home/jithish/Documents/dag-dag-dag/.venv/lib/python3.10/site-packages/airflow/example_dags/example_display_name.py
[2024-05-15T03:33:24.608+0800] {logging_mixin.py:188} INFO - [2024-05-15T03:33:24.608+0800] {dag.py:3096} INFO - Sync 1 DAGs
[2024-05-15T03:33:24.617+0800] {logging_mixin.py:188} INFO - [2024-05-15T03:33:24.617+0800] {dag.py:3954} INFO - Setting next_dagrun for example_display_name to None, run_after=None
[2024-05-15T03:33:24.638+0800] {processor.py:183} INFO - Processing /home/jithish/Documents/dag-dag-dag/.venv/lib/python3.10/site-packages/airflow/example_dags/example_display_name.py took 0.112 seconds
[2024-05-15T03:34:12.630+0800] {processor.py:161} INFO - Started process (PID=88187) to work on /home/jithish/Documents/dag-dag-dag/.venv/lib/python3.10/site-packages/airflow/example_dags/example_display_name.py
[2024-05-15T03:34:12.691+0800] {processor.py:830} INFO - Processing file /home/jithish/Documents/dag-dag-dag/.venv/lib/python3.10/site-packages/airflow/example_dags/example_display_name.py for tasks to queue
[2024-05-15T03:34:12.692+0800] {logging_mixin.py:188} INFO - [2024-05-15T03:34:12.692+0800] {dagbag.py:545} INFO - Filling up the DagBag from /home/jithish/Documents/dag-dag-dag/.venv/lib/python3.10/site-packages/airflow/example_dags/example_display_name.py
[2024-05-15T03:34:12.697+0800] {processor.py:840} INFO - DAG(s) 'example_display_name' retrieved from /home/jithish/Documents/dag-dag-dag/.venv/lib/python3.10/site-packages/airflow/example_dags/example_display_name.py
[2024-05-15T03:34:12.708+0800] {logging_mixin.py:188} INFO - [2024-05-15T03:34:12.708+0800] {dag.py:3096} INFO - Sync 1 DAGs
[2024-05-15T03:34:12.717+0800] {logging_mixin.py:188} INFO - [2024-05-15T03:34:12.717+0800] {dag.py:3954} INFO - Setting next_dagrun for example_display_name to None, run_after=None
[2024-05-15T03:34:12.737+0800] {processor.py:183} INFO - Processing /home/jithish/Documents/dag-dag-dag/.venv/lib/python3.10/site-packages/airflow/example_dags/example_display_name.py took 0.111 seconds
[2024-05-15T03:34:59.006+0800] {processor.py:161} INFO - Started process (PID=88610) to work on /home/jithish/Documents/dag-dag-dag/.venv/lib/python3.10/site-packages/airflow/example_dags/example_display_name.py
[2024-05-15T03:34:59.067+0800] {processor.py:830} INFO - Processing file /home/jithish/Documents/dag-dag-dag/.venv/lib/python3.10/site-packages/airflow/example_dags/example_display_name.py for tasks to queue
[2024-05-15T03:34:59.068+0800] {logging_mixin.py:188} INFO - [2024-05-15T03:34:59.068+0800] {dagbag.py:545} INFO - Filling up the DagBag from /home/jithish/Documents/dag-dag-dag/.venv/lib/python3.10/site-packages/airflow/example_dags/example_display_name.py
[2024-05-15T03:34:59.074+0800] {processor.py:840} INFO - DAG(s) 'example_display_name' retrieved from /home/jithish/Documents/dag-dag-dag/.venv/lib/python3.10/site-packages/airflow/example_dags/example_display_name.py
[2024-05-15T03:34:59.087+0800] {logging_mixin.py:188} INFO - [2024-05-15T03:34:59.087+0800] {dag.py:3096} INFO - Sync 1 DAGs
[2024-05-15T03:34:59.096+0800] {logging_mixin.py:188} INFO - [2024-05-15T03:34:59.096+0800] {dag.py:3954} INFO - Setting next_dagrun for example_display_name to None, run_after=None
[2024-05-15T03:34:59.120+0800] {processor.py:183} INFO - Processing /home/jithish/Documents/dag-dag-dag/.venv/lib/python3.10/site-packages/airflow/example_dags/example_display_name.py took 0.120 seconds
[2024-05-15T03:35:49.606+0800] {processor.py:161} INFO - Started process (PID=89066) to work on /home/jithish/Documents/dag-dag-dag/.venv/lib/python3.10/site-packages/airflow/example_dags/example_display_name.py
[2024-05-15T03:35:49.667+0800] {processor.py:830} INFO - Processing file /home/jithish/Documents/dag-dag-dag/.venv/lib/python3.10/site-packages/airflow/example_dags/example_display_name.py for tasks to queue
[2024-05-15T03:35:49.668+0800] {logging_mixin.py:188} INFO - [2024-05-15T03:35:49.668+0800] {dagbag.py:545} INFO - Filling up the DagBag from /home/jithish/Documents/dag-dag-dag/.venv/lib/python3.10/site-packages/airflow/example_dags/example_display_name.py
[2024-05-15T03:35:49.672+0800] {processor.py:840} INFO - DAG(s) 'example_display_name' retrieved from /home/jithish/Documents/dag-dag-dag/.venv/lib/python3.10/site-packages/airflow/example_dags/example_display_name.py
[2024-05-15T03:35:49.686+0800] {logging_mixin.py:188} INFO - [2024-05-15T03:35:49.686+0800] {dag.py:3096} INFO - Sync 1 DAGs
[2024-05-15T03:35:49.695+0800] {logging_mixin.py:188} INFO - [2024-05-15T03:35:49.695+0800] {dag.py:3954} INFO - Setting next_dagrun for example_display_name to None, run_after=None
[2024-05-15T03:35:49.713+0800] {processor.py:183} INFO - Processing /home/jithish/Documents/dag-dag-dag/.venv/lib/python3.10/site-packages/airflow/example_dags/example_display_name.py took 0.112 seconds
[2024-05-15T03:36:37.698+0800] {processor.py:161} INFO - Started process (PID=89553) to work on /home/jithish/Documents/dag-dag-dag/.venv/lib/python3.10/site-packages/airflow/example_dags/example_display_name.py
[2024-05-15T03:36:37.708+0800] {processor.py:830} INFO - Processing file /home/jithish/Documents/dag-dag-dag/.venv/lib/python3.10/site-packages/airflow/example_dags/example_display_name.py for tasks to queue
[2024-05-15T03:36:37.710+0800] {logging_mixin.py:188} INFO - [2024-05-15T03:36:37.709+0800] {dagbag.py:545} INFO - Filling up the DagBag from /home/jithish/Documents/dag-dag-dag/.venv/lib/python3.10/site-packages/airflow/example_dags/example_display_name.py
[2024-05-15T03:36:37.717+0800] {processor.py:840} INFO - DAG(s) 'example_display_name' retrieved from /home/jithish/Documents/dag-dag-dag/.venv/lib/python3.10/site-packages/airflow/example_dags/example_display_name.py
[2024-05-15T03:36:37.732+0800] {logging_mixin.py:188} INFO - [2024-05-15T03:36:37.732+0800] {dag.py:3096} INFO - Sync 1 DAGs
[2024-05-15T03:36:37.744+0800] {logging_mixin.py:188} INFO - [2024-05-15T03:36:37.744+0800] {dag.py:3954} INFO - Setting next_dagrun for example_display_name to None, run_after=None
[2024-05-15T03:36:37.765+0800] {processor.py:183} INFO - Processing /home/jithish/Documents/dag-dag-dag/.venv/lib/python3.10/site-packages/airflow/example_dags/example_display_name.py took 0.072 seconds
[2024-05-15T03:37:27.362+0800] {processor.py:161} INFO - Started process (PID=89988) to work on /home/jithish/Documents/dag-dag-dag/.venv/lib/python3.10/site-packages/airflow/example_dags/example_display_name.py
[2024-05-15T03:37:27.425+0800] {processor.py:830} INFO - Processing file /home/jithish/Documents/dag-dag-dag/.venv/lib/python3.10/site-packages/airflow/example_dags/example_display_name.py for tasks to queue
[2024-05-15T03:37:27.427+0800] {logging_mixin.py:188} INFO - [2024-05-15T03:37:27.426+0800] {dagbag.py:545} INFO - Filling up the DagBag from /home/jithish/Documents/dag-dag-dag/.venv/lib/python3.10/site-packages/airflow/example_dags/example_display_name.py
[2024-05-15T03:37:27.436+0800] {processor.py:840} INFO - DAG(s) 'example_display_name' retrieved from /home/jithish/Documents/dag-dag-dag/.venv/lib/python3.10/site-packages/airflow/example_dags/example_display_name.py
[2024-05-15T03:37:27.453+0800] {logging_mixin.py:188} INFO - [2024-05-15T03:37:27.453+0800] {dag.py:3096} INFO - Sync 1 DAGs
[2024-05-15T03:37:27.469+0800] {logging_mixin.py:188} INFO - [2024-05-15T03:37:27.469+0800] {dag.py:3954} INFO - Setting next_dagrun for example_display_name to None, run_after=None
[2024-05-15T03:37:27.498+0800] {processor.py:183} INFO - Processing /home/jithish/Documents/dag-dag-dag/.venv/lib/python3.10/site-packages/airflow/example_dags/example_display_name.py took 0.140 seconds
[2024-05-15T03:38:17.131+0800] {processor.py:161} INFO - Started process (PID=90427) to work on /home/jithish/Documents/dag-dag-dag/.venv/lib/python3.10/site-packages/airflow/example_dags/example_display_name.py
[2024-05-15T03:38:17.192+0800] {processor.py:830} INFO - Processing file /home/jithish/Documents/dag-dag-dag/.venv/lib/python3.10/site-packages/airflow/example_dags/example_display_name.py for tasks to queue
[2024-05-15T03:38:17.194+0800] {logging_mixin.py:188} INFO - [2024-05-15T03:38:17.193+0800] {dagbag.py:545} INFO - Filling up the DagBag from /home/jithish/Documents/dag-dag-dag/.venv/lib/python3.10/site-packages/airflow/example_dags/example_display_name.py
[2024-05-15T03:38:17.198+0800] {processor.py:840} INFO - DAG(s) 'example_display_name' retrieved from /home/jithish/Documents/dag-dag-dag/.venv/lib/python3.10/site-packages/airflow/example_dags/example_display_name.py
[2024-05-15T03:38:17.208+0800] {logging_mixin.py:188} INFO - [2024-05-15T03:38:17.208+0800] {dag.py:3096} INFO - Sync 1 DAGs
[2024-05-15T03:38:17.216+0800] {logging_mixin.py:188} INFO - [2024-05-15T03:38:17.216+0800] {dag.py:3954} INFO - Setting next_dagrun for example_display_name to None, run_after=None
[2024-05-15T03:38:17.234+0800] {processor.py:183} INFO - Processing /home/jithish/Documents/dag-dag-dag/.venv/lib/python3.10/site-packages/airflow/example_dags/example_display_name.py took 0.120 seconds
[2024-05-15T03:39:07.320+0800] {processor.py:161} INFO - Started process (PID=91102) to work on /home/jithish/Documents/dag-dag-dag/.venv/lib/python3.10/site-packages/airflow/example_dags/example_display_name.py
[2024-05-15T03:39:07.380+0800] {processor.py:830} INFO - Processing file /home/jithish/Documents/dag-dag-dag/.venv/lib/python3.10/site-packages/airflow/example_dags/example_display_name.py for tasks to queue
[2024-05-15T03:39:07.382+0800] {logging_mixin.py:188} INFO - [2024-05-15T03:39:07.381+0800] {dagbag.py:545} INFO - Filling up the DagBag from /home/jithish/Documents/dag-dag-dag/.venv/lib/python3.10/site-packages/airflow/example_dags/example_display_name.py
[2024-05-15T03:39:07.386+0800] {processor.py:840} INFO - DAG(s) 'example_display_name' retrieved from /home/jithish/Documents/dag-dag-dag/.venv/lib/python3.10/site-packages/airflow/example_dags/example_display_name.py
[2024-05-15T03:39:07.396+0800] {logging_mixin.py:188} INFO - [2024-05-15T03:39:07.396+0800] {dag.py:3096} INFO - Sync 1 DAGs
[2024-05-15T03:39:07.403+0800] {logging_mixin.py:188} INFO - [2024-05-15T03:39:07.403+0800] {dag.py:3954} INFO - Setting next_dagrun for example_display_name to None, run_after=None
[2024-05-15T03:39:07.423+0800] {processor.py:183} INFO - Processing /home/jithish/Documents/dag-dag-dag/.venv/lib/python3.10/site-packages/airflow/example_dags/example_display_name.py took 0.108 seconds
[2024-05-15T03:40:13.598+0800] {processor.py:161} INFO - Started process (PID=92892) to work on /home/jithish/Documents/dag-dag-dag/.venv/lib/python3.10/site-packages/airflow/example_dags/example_display_name.py
[2024-05-15T03:40:13.659+0800] {processor.py:830} INFO - Processing file /home/jithish/Documents/dag-dag-dag/.venv/lib/python3.10/site-packages/airflow/example_dags/example_display_name.py for tasks to queue
[2024-05-15T03:40:13.665+0800] {logging_mixin.py:188} INFO - [2024-05-15T03:40:13.664+0800] {dagbag.py:545} INFO - Filling up the DagBag from /home/jithish/Documents/dag-dag-dag/.venv/lib/python3.10/site-packages/airflow/example_dags/example_display_name.py
[2024-05-15T03:40:13.683+0800] {processor.py:840} INFO - DAG(s) 'example_display_name' retrieved from /home/jithish/Documents/dag-dag-dag/.venv/lib/python3.10/site-packages/airflow/example_dags/example_display_name.py
[2024-05-15T03:40:13.709+0800] {logging_mixin.py:188} INFO - [2024-05-15T03:40:13.709+0800] {dag.py:3096} INFO - Sync 1 DAGs
[2024-05-15T03:40:13.721+0800] {logging_mixin.py:188} INFO - [2024-05-15T03:40:13.721+0800] {dag.py:3954} INFO - Setting next_dagrun for example_display_name to None, run_after=None
[2024-05-15T03:40:13.739+0800] {processor.py:183} INFO - Processing /home/jithish/Documents/dag-dag-dag/.venv/lib/python3.10/site-packages/airflow/example_dags/example_display_name.py took 0.156 seconds
[2024-05-15T03:41:11.006+0800] {processor.py:161} INFO - Started process (PID=93702) to work on /home/jithish/Documents/dag-dag-dag/.venv/lib/python3.10/site-packages/airflow/example_dags/example_display_name.py
[2024-05-15T03:41:11.012+0800] {processor.py:830} INFO - Processing file /home/jithish/Documents/dag-dag-dag/.venv/lib/python3.10/site-packages/airflow/example_dags/example_display_name.py for tasks to queue
[2024-05-15T03:41:11.014+0800] {logging_mixin.py:188} INFO - [2024-05-15T03:41:11.013+0800] {dagbag.py:545} INFO - Filling up the DagBag from /home/jithish/Documents/dag-dag-dag/.venv/lib/python3.10/site-packages/airflow/example_dags/example_display_name.py
[2024-05-15T03:41:11.018+0800] {processor.py:840} INFO - DAG(s) 'example_display_name' retrieved from /home/jithish/Documents/dag-dag-dag/.venv/lib/python3.10/site-packages/airflow/example_dags/example_display_name.py
[2024-05-15T03:41:11.031+0800] {logging_mixin.py:188} INFO - [2024-05-15T03:41:11.031+0800] {dag.py:3096} INFO - Sync 1 DAGs
[2024-05-15T03:41:11.040+0800] {logging_mixin.py:188} INFO - [2024-05-15T03:41:11.040+0800] {dag.py:3954} INFO - Setting next_dagrun for example_display_name to None, run_after=None
[2024-05-15T03:41:11.060+0800] {processor.py:183} INFO - Processing /home/jithish/Documents/dag-dag-dag/.venv/lib/python3.10/site-packages/airflow/example_dags/example_display_name.py took 0.060 seconds
[2024-05-15T03:42:05.694+0800] {processor.py:161} INFO - Started process (PID=94476) to work on /home/jithish/Documents/dag-dag-dag/.venv/lib/python3.10/site-packages/airflow/example_dags/example_display_name.py
[2024-05-15T03:42:05.756+0800] {processor.py:830} INFO - Processing file /home/jithish/Documents/dag-dag-dag/.venv/lib/python3.10/site-packages/airflow/example_dags/example_display_name.py for tasks to queue
[2024-05-15T03:42:05.761+0800] {logging_mixin.py:188} INFO - [2024-05-15T03:42:05.759+0800] {dagbag.py:545} INFO - Filling up the DagBag from /home/jithish/Documents/dag-dag-dag/.venv/lib/python3.10/site-packages/airflow/example_dags/example_display_name.py
[2024-05-15T03:42:05.784+0800] {processor.py:840} INFO - DAG(s) 'example_display_name' retrieved from /home/jithish/Documents/dag-dag-dag/.venv/lib/python3.10/site-packages/airflow/example_dags/example_display_name.py
[2024-05-15T03:42:05.805+0800] {logging_mixin.py:188} INFO - [2024-05-15T03:42:05.805+0800] {dag.py:3096} INFO - Sync 1 DAGs
[2024-05-15T03:42:05.815+0800] {logging_mixin.py:188} INFO - [2024-05-15T03:42:05.815+0800] {dag.py:3954} INFO - Setting next_dagrun for example_display_name to None, run_after=None
[2024-05-15T03:42:05.853+0800] {processor.py:183} INFO - Processing /home/jithish/Documents/dag-dag-dag/.venv/lib/python3.10/site-packages/airflow/example_dags/example_display_name.py took 0.164 seconds
[2024-05-15T03:42:58.408+0800] {processor.py:161} INFO - Started process (PID=95220) to work on /home/jithish/Documents/dag-dag-dag/.venv/lib/python3.10/site-packages/airflow/example_dags/example_display_name.py
[2024-05-15T03:42:58.470+0800] {processor.py:830} INFO - Processing file /home/jithish/Documents/dag-dag-dag/.venv/lib/python3.10/site-packages/airflow/example_dags/example_display_name.py for tasks to queue
[2024-05-15T03:42:58.476+0800] {logging_mixin.py:188} INFO - [2024-05-15T03:42:58.474+0800] {dagbag.py:545} INFO - Filling up the DagBag from /home/jithish/Documents/dag-dag-dag/.venv/lib/python3.10/site-packages/airflow/example_dags/example_display_name.py
[2024-05-15T03:42:58.497+0800] {processor.py:840} INFO - DAG(s) 'example_display_name' retrieved from /home/jithish/Documents/dag-dag-dag/.venv/lib/python3.10/site-packages/airflow/example_dags/example_display_name.py
[2024-05-15T03:42:58.521+0800] {logging_mixin.py:188} INFO - [2024-05-15T03:42:58.521+0800] {dag.py:3096} INFO - Sync 1 DAGs
[2024-05-15T03:42:58.535+0800] {logging_mixin.py:188} INFO - [2024-05-15T03:42:58.534+0800] {dag.py:3954} INFO - Setting next_dagrun for example_display_name to None, run_after=None
[2024-05-15T03:42:58.555+0800] {processor.py:183} INFO - Processing /home/jithish/Documents/dag-dag-dag/.venv/lib/python3.10/site-packages/airflow/example_dags/example_display_name.py took 0.152 seconds
[2024-05-15T03:43:53.621+0800] {processor.py:161} INFO - Started process (PID=95998) to work on /home/jithish/Documents/dag-dag-dag/.venv/lib/python3.10/site-packages/airflow/example_dags/example_display_name.py
[2024-05-15T03:43:53.623+0800] {processor.py:830} INFO - Processing file /home/jithish/Documents/dag-dag-dag/.venv/lib/python3.10/site-packages/airflow/example_dags/example_display_name.py for tasks to queue
[2024-05-15T03:43:53.624+0800] {logging_mixin.py:188} INFO - [2024-05-15T03:43:53.624+0800] {dagbag.py:545} INFO - Filling up the DagBag from /home/jithish/Documents/dag-dag-dag/.venv/lib/python3.10/site-packages/airflow/example_dags/example_display_name.py
[2024-05-15T03:43:53.628+0800] {processor.py:840} INFO - DAG(s) 'example_display_name' retrieved from /home/jithish/Documents/dag-dag-dag/.venv/lib/python3.10/site-packages/airflow/example_dags/example_display_name.py
[2024-05-15T03:43:53.641+0800] {logging_mixin.py:188} INFO - [2024-05-15T03:43:53.641+0800] {dag.py:3096} INFO - Sync 1 DAGs
[2024-05-15T03:43:53.649+0800] {logging_mixin.py:188} INFO - [2024-05-15T03:43:53.649+0800] {dag.py:3954} INFO - Setting next_dagrun for example_display_name to None, run_after=None
[2024-05-15T03:43:53.666+0800] {processor.py:183} INFO - Processing /home/jithish/Documents/dag-dag-dag/.venv/lib/python3.10/site-packages/airflow/example_dags/example_display_name.py took 0.051 seconds
[2024-05-15T03:44:49.283+0800] {processor.py:161} INFO - Started process (PID=96784) to work on /home/jithish/Documents/dag-dag-dag/.venv/lib/python3.10/site-packages/airflow/example_dags/example_display_name.py
[2024-05-15T03:44:49.284+0800] {processor.py:830} INFO - Processing file /home/jithish/Documents/dag-dag-dag/.venv/lib/python3.10/site-packages/airflow/example_dags/example_display_name.py for tasks to queue
[2024-05-15T03:44:49.286+0800] {logging_mixin.py:188} INFO - [2024-05-15T03:44:49.285+0800] {dagbag.py:545} INFO - Filling up the DagBag from /home/jithish/Documents/dag-dag-dag/.venv/lib/python3.10/site-packages/airflow/example_dags/example_display_name.py
[2024-05-15T03:44:49.291+0800] {processor.py:840} INFO - DAG(s) 'example_display_name' retrieved from /home/jithish/Documents/dag-dag-dag/.venv/lib/python3.10/site-packages/airflow/example_dags/example_display_name.py
[2024-05-15T03:44:49.304+0800] {logging_mixin.py:188} INFO - [2024-05-15T03:44:49.304+0800] {dag.py:3096} INFO - Sync 1 DAGs
[2024-05-15T03:44:49.314+0800] {logging_mixin.py:188} INFO - [2024-05-15T03:44:49.314+0800] {dag.py:3954} INFO - Setting next_dagrun for example_display_name to None, run_after=None
[2024-05-15T03:44:49.332+0800] {processor.py:183} INFO - Processing /home/jithish/Documents/dag-dag-dag/.venv/lib/python3.10/site-packages/airflow/example_dags/example_display_name.py took 0.056 seconds
[2024-05-15T03:45:46.226+0800] {processor.py:161} INFO - Started process (PID=97447) to work on /home/jithish/Documents/dag-dag-dag/.venv/lib/python3.10/site-packages/airflow/example_dags/example_display_name.py
[2024-05-15T03:45:46.288+0800] {processor.py:830} INFO - Processing file /home/jithish/Documents/dag-dag-dag/.venv/lib/python3.10/site-packages/airflow/example_dags/example_display_name.py for tasks to queue
[2024-05-15T03:45:46.293+0800] {logging_mixin.py:188} INFO - [2024-05-15T03:45:46.292+0800] {dagbag.py:545} INFO - Filling up the DagBag from /home/jithish/Documents/dag-dag-dag/.venv/lib/python3.10/site-packages/airflow/example_dags/example_display_name.py
[2024-05-15T03:45:46.312+0800] {processor.py:840} INFO - DAG(s) 'example_display_name' retrieved from /home/jithish/Documents/dag-dag-dag/.venv/lib/python3.10/site-packages/airflow/example_dags/example_display_name.py
[2024-05-15T03:45:46.336+0800] {logging_mixin.py:188} INFO - [2024-05-15T03:45:46.336+0800] {dag.py:3096} INFO - Sync 1 DAGs
[2024-05-15T03:45:46.349+0800] {logging_mixin.py:188} INFO - [2024-05-15T03:45:46.349+0800] {dag.py:3954} INFO - Setting next_dagrun for example_display_name to None, run_after=None
[2024-05-15T03:45:46.368+0800] {processor.py:183} INFO - Processing /home/jithish/Documents/dag-dag-dag/.venv/lib/python3.10/site-packages/airflow/example_dags/example_display_name.py took 0.148 seconds
[2024-05-15T03:46:52.919+0800] {processor.py:161} INFO - Started process (PID=98475) to work on /home/jithish/Documents/dag-dag-dag/.venv/lib/python3.10/site-packages/airflow/example_dags/example_display_name.py
[2024-05-15T03:46:52.981+0800] {processor.py:830} INFO - Processing file /home/jithish/Documents/dag-dag-dag/.venv/lib/python3.10/site-packages/airflow/example_dags/example_display_name.py for tasks to queue
[2024-05-15T03:46:52.988+0800] {logging_mixin.py:188} INFO - [2024-05-15T03:46:52.986+0800] {dagbag.py:545} INFO - Filling up the DagBag from /home/jithish/Documents/dag-dag-dag/.venv/lib/python3.10/site-packages/airflow/example_dags/example_display_name.py
[2024-05-15T03:46:53.006+0800] {processor.py:840} INFO - DAG(s) 'example_display_name' retrieved from /home/jithish/Documents/dag-dag-dag/.venv/lib/python3.10/site-packages/airflow/example_dags/example_display_name.py
[2024-05-15T03:46:53.029+0800] {logging_mixin.py:188} INFO - [2024-05-15T03:46:53.029+0800] {dag.py:3096} INFO - Sync 1 DAGs
[2024-05-15T03:46:53.041+0800] {logging_mixin.py:188} INFO - [2024-05-15T03:46:53.041+0800] {dag.py:3954} INFO - Setting next_dagrun for example_display_name to None, run_after=None
[2024-05-15T03:46:53.060+0800] {processor.py:183} INFO - Processing /home/jithish/Documents/dag-dag-dag/.venv/lib/python3.10/site-packages/airflow/example_dags/example_display_name.py took 0.152 seconds
[2024-05-15T03:47:48.197+0800] {processor.py:161} INFO - Started process (PID=99252) to work on /home/jithish/Documents/dag-dag-dag/.venv/lib/python3.10/site-packages/airflow/example_dags/example_display_name.py
[2024-05-15T03:47:48.202+0800] {processor.py:830} INFO - Processing file /home/jithish/Documents/dag-dag-dag/.venv/lib/python3.10/site-packages/airflow/example_dags/example_display_name.py for tasks to queue
[2024-05-15T03:47:48.203+0800] {logging_mixin.py:188} INFO - [2024-05-15T03:47:48.203+0800] {dagbag.py:545} INFO - Filling up the DagBag from /home/jithish/Documents/dag-dag-dag/.venv/lib/python3.10/site-packages/airflow/example_dags/example_display_name.py
[2024-05-15T03:47:48.207+0800] {processor.py:840} INFO - DAG(s) 'example_display_name' retrieved from /home/jithish/Documents/dag-dag-dag/.venv/lib/python3.10/site-packages/airflow/example_dags/example_display_name.py
[2024-05-15T03:47:48.220+0800] {logging_mixin.py:188} INFO - [2024-05-15T03:47:48.219+0800] {dag.py:3096} INFO - Sync 1 DAGs
[2024-05-15T03:47:48.230+0800] {logging_mixin.py:188} INFO - [2024-05-15T03:47:48.229+0800] {dag.py:3954} INFO - Setting next_dagrun for example_display_name to None, run_after=None
[2024-05-15T03:47:48.248+0800] {processor.py:183} INFO - Processing /home/jithish/Documents/dag-dag-dag/.venv/lib/python3.10/site-packages/airflow/example_dags/example_display_name.py took 0.057 seconds
[2024-05-15T03:48:37.561+0800] {processor.py:161} INFO - Started process (PID=99967) to work on /home/jithish/Documents/dag-dag-dag/.venv/lib/python3.10/site-packages/airflow/example_dags/example_display_name.py
[2024-05-15T03:48:37.623+0800] {processor.py:830} INFO - Processing file /home/jithish/Documents/dag-dag-dag/.venv/lib/python3.10/site-packages/airflow/example_dags/example_display_name.py for tasks to queue
[2024-05-15T03:48:37.628+0800] {logging_mixin.py:188} INFO - [2024-05-15T03:48:37.627+0800] {dagbag.py:545} INFO - Filling up the DagBag from /home/jithish/Documents/dag-dag-dag/.venv/lib/python3.10/site-packages/airflow/example_dags/example_display_name.py
[2024-05-15T03:48:37.646+0800] {processor.py:840} INFO - DAG(s) 'example_display_name' retrieved from /home/jithish/Documents/dag-dag-dag/.venv/lib/python3.10/site-packages/airflow/example_dags/example_display_name.py
[2024-05-15T03:48:37.665+0800] {logging_mixin.py:188} INFO - [2024-05-15T03:48:37.665+0800] {dag.py:3096} INFO - Sync 1 DAGs
[2024-05-15T03:48:37.677+0800] {logging_mixin.py:188} INFO - [2024-05-15T03:48:37.676+0800] {dag.py:3954} INFO - Setting next_dagrun for example_display_name to None, run_after=None
[2024-05-15T03:48:37.698+0800] {processor.py:183} INFO - Processing /home/jithish/Documents/dag-dag-dag/.venv/lib/python3.10/site-packages/airflow/example_dags/example_display_name.py took 0.156 seconds
[2024-05-15T03:49:33.270+0800] {processor.py:161} INFO - Started process (PID=100797) to work on /home/jithish/Documents/dag-dag-dag/.venv/lib/python3.10/site-packages/airflow/example_dags/example_display_name.py
[2024-05-15T03:49:33.331+0800] {processor.py:830} INFO - Processing file /home/jithish/Documents/dag-dag-dag/.venv/lib/python3.10/site-packages/airflow/example_dags/example_display_name.py for tasks to queue
[2024-05-15T03:49:33.334+0800] {logging_mixin.py:188} INFO - [2024-05-15T03:49:33.333+0800] {dagbag.py:545} INFO - Filling up the DagBag from /home/jithish/Documents/dag-dag-dag/.venv/lib/python3.10/site-packages/airflow/example_dags/example_display_name.py
[2024-05-15T03:49:33.341+0800] {processor.py:840} INFO - DAG(s) 'example_display_name' retrieved from /home/jithish/Documents/dag-dag-dag/.venv/lib/python3.10/site-packages/airflow/example_dags/example_display_name.py
[2024-05-15T03:49:33.355+0800] {logging_mixin.py:188} INFO - [2024-05-15T03:49:33.355+0800] {dag.py:3096} INFO - Sync 1 DAGs
[2024-05-15T03:49:33.364+0800] {logging_mixin.py:188} INFO - [2024-05-15T03:49:33.364+0800] {dag.py:3954} INFO - Setting next_dagrun for example_display_name to None, run_after=None
[2024-05-15T03:49:33.387+0800] {processor.py:183} INFO - Processing /home/jithish/Documents/dag-dag-dag/.venv/lib/python3.10/site-packages/airflow/example_dags/example_display_name.py took 0.128 seconds
[2024-05-15T03:50:30.372+0800] {processor.py:161} INFO - Started process (PID=101595) to work on /home/jithish/Documents/dag-dag-dag/.venv/lib/python3.10/site-packages/airflow/example_dags/example_display_name.py
[2024-05-15T03:50:30.434+0800] {processor.py:830} INFO - Processing file /home/jithish/Documents/dag-dag-dag/.venv/lib/python3.10/site-packages/airflow/example_dags/example_display_name.py for tasks to queue
[2024-05-15T03:50:30.438+0800] {logging_mixin.py:188} INFO - [2024-05-15T03:50:30.437+0800] {dagbag.py:545} INFO - Filling up the DagBag from /home/jithish/Documents/dag-dag-dag/.venv/lib/python3.10/site-packages/airflow/example_dags/example_display_name.py
[2024-05-15T03:50:30.449+0800] {processor.py:840} INFO - DAG(s) 'example_display_name' retrieved from /home/jithish/Documents/dag-dag-dag/.venv/lib/python3.10/site-packages/airflow/example_dags/example_display_name.py
[2024-05-15T03:50:30.467+0800] {logging_mixin.py:188} INFO - [2024-05-15T03:50:30.467+0800] {dag.py:3096} INFO - Sync 1 DAGs
[2024-05-15T03:50:30.477+0800] {logging_mixin.py:188} INFO - [2024-05-15T03:50:30.476+0800] {dag.py:3954} INFO - Setting next_dagrun for example_display_name to None, run_after=None
[2024-05-15T03:50:30.509+0800] {processor.py:183} INFO - Processing /home/jithish/Documents/dag-dag-dag/.venv/lib/python3.10/site-packages/airflow/example_dags/example_display_name.py took 0.145 seconds
[2024-05-15T03:51:26.763+0800] {processor.py:161} INFO - Started process (PID=102396) to work on /home/jithish/Documents/dag-dag-dag/.venv/lib/python3.10/site-packages/airflow/example_dags/example_display_name.py
[2024-05-15T03:51:26.826+0800] {processor.py:830} INFO - Processing file /home/jithish/Documents/dag-dag-dag/.venv/lib/python3.10/site-packages/airflow/example_dags/example_display_name.py for tasks to queue
[2024-05-15T03:51:26.832+0800] {logging_mixin.py:188} INFO - [2024-05-15T03:51:26.830+0800] {dagbag.py:545} INFO - Filling up the DagBag from /home/jithish/Documents/dag-dag-dag/.venv/lib/python3.10/site-packages/airflow/example_dags/example_display_name.py
[2024-05-15T03:51:26.851+0800] {processor.py:840} INFO - DAG(s) 'example_display_name' retrieved from /home/jithish/Documents/dag-dag-dag/.venv/lib/python3.10/site-packages/airflow/example_dags/example_display_name.py
[2024-05-15T03:51:26.874+0800] {logging_mixin.py:188} INFO - [2024-05-15T03:51:26.874+0800] {dag.py:3096} INFO - Sync 1 DAGs
[2024-05-15T03:51:26.887+0800] {logging_mixin.py:188} INFO - [2024-05-15T03:51:26.886+0800] {dag.py:3954} INFO - Setting next_dagrun for example_display_name to None, run_after=None
[2024-05-15T03:51:26.907+0800] {processor.py:183} INFO - Processing /home/jithish/Documents/dag-dag-dag/.venv/lib/python3.10/site-packages/airflow/example_dags/example_display_name.py took 0.152 seconds
[2024-05-15T03:52:16.159+0800] {processor.py:161} INFO - Started process (PID=102845) to work on /home/jithish/Documents/dag-dag-dag/.venv/lib/python3.10/site-packages/airflow/example_dags/example_display_name.py
[2024-05-15T03:52:16.220+0800] {processor.py:830} INFO - Processing file /home/jithish/Documents/dag-dag-dag/.venv/lib/python3.10/site-packages/airflow/example_dags/example_display_name.py for tasks to queue
[2024-05-15T03:52:16.225+0800] {logging_mixin.py:188} INFO - [2024-05-15T03:52:16.224+0800] {dagbag.py:545} INFO - Filling up the DagBag from /home/jithish/Documents/dag-dag-dag/.venv/lib/python3.10/site-packages/airflow/example_dags/example_display_name.py
[2024-05-15T03:52:16.242+0800] {processor.py:840} INFO - DAG(s) 'example_display_name' retrieved from /home/jithish/Documents/dag-dag-dag/.venv/lib/python3.10/site-packages/airflow/example_dags/example_display_name.py
[2024-05-15T03:52:16.268+0800] {logging_mixin.py:188} INFO - [2024-05-15T03:52:16.267+0800] {dag.py:3096} INFO - Sync 1 DAGs
[2024-05-15T03:52:16.278+0800] {logging_mixin.py:188} INFO - [2024-05-15T03:52:16.278+0800] {dag.py:3954} INFO - Setting next_dagrun for example_display_name to None, run_after=None
[2024-05-15T03:52:16.299+0800] {processor.py:183} INFO - Processing /home/jithish/Documents/dag-dag-dag/.venv/lib/python3.10/site-packages/airflow/example_dags/example_display_name.py took 0.144 seconds
[2024-05-15T03:53:04.672+0800] {processor.py:161} INFO - Started process (PID=103380) to work on /home/jithish/Documents/dag-dag-dag/.venv/lib/python3.10/site-packages/airflow/example_dags/example_display_name.py
[2024-05-15T03:53:04.735+0800] {processor.py:830} INFO - Processing file /home/jithish/Documents/dag-dag-dag/.venv/lib/python3.10/site-packages/airflow/example_dags/example_display_name.py for tasks to queue
[2024-05-15T03:53:04.737+0800] {logging_mixin.py:188} INFO - [2024-05-15T03:53:04.736+0800] {dagbag.py:545} INFO - Filling up the DagBag from /home/jithish/Documents/dag-dag-dag/.venv/lib/python3.10/site-packages/airflow/example_dags/example_display_name.py
[2024-05-15T03:53:04.743+0800] {processor.py:840} INFO - DAG(s) 'example_display_name' retrieved from /home/jithish/Documents/dag-dag-dag/.venv/lib/python3.10/site-packages/airflow/example_dags/example_display_name.py
[2024-05-15T03:53:04.754+0800] {logging_mixin.py:188} INFO - [2024-05-15T03:53:04.754+0800] {dag.py:3096} INFO - Sync 1 DAGs
[2024-05-15T03:53:04.764+0800] {logging_mixin.py:188} INFO - [2024-05-15T03:53:04.763+0800] {dag.py:3954} INFO - Setting next_dagrun for example_display_name to None, run_after=None
[2024-05-15T03:53:04.782+0800] {processor.py:183} INFO - Processing /home/jithish/Documents/dag-dag-dag/.venv/lib/python3.10/site-packages/airflow/example_dags/example_display_name.py took 0.117 seconds
[2024-05-15T03:54:02.254+0800] {processor.py:161} INFO - Started process (PID=104146) to work on /home/jithish/Documents/dag-dag-dag/.venv/lib/python3.10/site-packages/airflow/example_dags/example_display_name.py
[2024-05-15T03:54:02.316+0800] {processor.py:830} INFO - Processing file /home/jithish/Documents/dag-dag-dag/.venv/lib/python3.10/site-packages/airflow/example_dags/example_display_name.py for tasks to queue
[2024-05-15T03:54:02.321+0800] {logging_mixin.py:188} INFO - [2024-05-15T03:54:02.320+0800] {dagbag.py:545} INFO - Filling up the DagBag from /home/jithish/Documents/dag-dag-dag/.venv/lib/python3.10/site-packages/airflow/example_dags/example_display_name.py
[2024-05-15T03:54:02.331+0800] {processor.py:840} INFO - DAG(s) 'example_display_name' retrieved from /home/jithish/Documents/dag-dag-dag/.venv/lib/python3.10/site-packages/airflow/example_dags/example_display_name.py
[2024-05-15T03:54:02.348+0800] {logging_mixin.py:188} INFO - [2024-05-15T03:54:02.348+0800] {dag.py:3096} INFO - Sync 1 DAGs
[2024-05-15T03:54:02.357+0800] {logging_mixin.py:188} INFO - [2024-05-15T03:54:02.357+0800] {dag.py:3954} INFO - Setting next_dagrun for example_display_name to None, run_after=None
[2024-05-15T03:54:02.377+0800] {processor.py:183} INFO - Processing /home/jithish/Documents/dag-dag-dag/.venv/lib/python3.10/site-packages/airflow/example_dags/example_display_name.py took 0.141 seconds
[2024-05-15T03:54:58.573+0800] {processor.py:161} INFO - Started process (PID=104830) to work on /home/jithish/Documents/dag-dag-dag/.venv/lib/python3.10/site-packages/airflow/example_dags/example_display_name.py
[2024-05-15T03:54:58.574+0800] {processor.py:830} INFO - Processing file /home/jithish/Documents/dag-dag-dag/.venv/lib/python3.10/site-packages/airflow/example_dags/example_display_name.py for tasks to queue
[2024-05-15T03:54:58.576+0800] {logging_mixin.py:188} INFO - [2024-05-15T03:54:58.576+0800] {dagbag.py:545} INFO - Filling up the DagBag from /home/jithish/Documents/dag-dag-dag/.venv/lib/python3.10/site-packages/airflow/example_dags/example_display_name.py
[2024-05-15T03:54:58.586+0800] {processor.py:840} INFO - DAG(s) 'example_display_name' retrieved from /home/jithish/Documents/dag-dag-dag/.venv/lib/python3.10/site-packages/airflow/example_dags/example_display_name.py
[2024-05-15T03:54:58.603+0800] {logging_mixin.py:188} INFO - [2024-05-15T03:54:58.602+0800] {dag.py:3096} INFO - Sync 1 DAGs
[2024-05-15T03:54:58.611+0800] {logging_mixin.py:188} INFO - [2024-05-15T03:54:58.611+0800] {dag.py:3954} INFO - Setting next_dagrun for example_display_name to None, run_after=None
[2024-05-15T03:54:58.629+0800] {processor.py:183} INFO - Processing /home/jithish/Documents/dag-dag-dag/.venv/lib/python3.10/site-packages/airflow/example_dags/example_display_name.py took 0.068 seconds
[2024-05-15T03:55:52.013+0800] {processor.py:161} INFO - Started process (PID=105480) to work on /home/jithish/Documents/dag-dag-dag/.venv/lib/python3.10/site-packages/airflow/example_dags/example_display_name.py
[2024-05-15T03:55:52.074+0800] {processor.py:830} INFO - Processing file /home/jithish/Documents/dag-dag-dag/.venv/lib/python3.10/site-packages/airflow/example_dags/example_display_name.py for tasks to queue
[2024-05-15T03:55:52.075+0800] {logging_mixin.py:188} INFO - [2024-05-15T03:55:52.075+0800] {dagbag.py:545} INFO - Filling up the DagBag from /home/jithish/Documents/dag-dag-dag/.venv/lib/python3.10/site-packages/airflow/example_dags/example_display_name.py
[2024-05-15T03:55:52.080+0800] {processor.py:840} INFO - DAG(s) 'example_display_name' retrieved from /home/jithish/Documents/dag-dag-dag/.venv/lib/python3.10/site-packages/airflow/example_dags/example_display_name.py
[2024-05-15T03:55:52.090+0800] {logging_mixin.py:188} INFO - [2024-05-15T03:55:52.090+0800] {dag.py:3096} INFO - Sync 1 DAGs
[2024-05-15T03:55:52.097+0800] {logging_mixin.py:188} INFO - [2024-05-15T03:55:52.097+0800] {dag.py:3954} INFO - Setting next_dagrun for example_display_name to None, run_after=None
[2024-05-15T03:55:52.116+0800] {processor.py:183} INFO - Processing /home/jithish/Documents/dag-dag-dag/.venv/lib/python3.10/site-packages/airflow/example_dags/example_display_name.py took 0.109 seconds
[2024-05-15T03:56:40.474+0800] {processor.py:161} INFO - Started process (PID=105963) to work on /home/jithish/Documents/dag-dag-dag/.venv/lib/python3.10/site-packages/airflow/example_dags/example_display_name.py
[2024-05-15T03:56:40.543+0800] {processor.py:830} INFO - Processing file /home/jithish/Documents/dag-dag-dag/.venv/lib/python3.10/site-packages/airflow/example_dags/example_display_name.py for tasks to queue
[2024-05-15T03:56:40.548+0800] {logging_mixin.py:188} INFO - [2024-05-15T03:56:40.547+0800] {dagbag.py:545} INFO - Filling up the DagBag from /home/jithish/Documents/dag-dag-dag/.venv/lib/python3.10/site-packages/airflow/example_dags/example_display_name.py
[2024-05-15T03:56:40.566+0800] {processor.py:840} INFO - DAG(s) 'example_display_name' retrieved from /home/jithish/Documents/dag-dag-dag/.venv/lib/python3.10/site-packages/airflow/example_dags/example_display_name.py
[2024-05-15T03:56:40.591+0800] {logging_mixin.py:188} INFO - [2024-05-15T03:56:40.590+0800] {dag.py:3096} INFO - Sync 1 DAGs
[2024-05-15T03:56:40.606+0800] {logging_mixin.py:188} INFO - [2024-05-15T03:56:40.605+0800] {dag.py:3954} INFO - Setting next_dagrun for example_display_name to None, run_after=None
[2024-05-15T03:56:40.630+0800] {processor.py:183} INFO - Processing /home/jithish/Documents/dag-dag-dag/.venv/lib/python3.10/site-packages/airflow/example_dags/example_display_name.py took 0.173 seconds
[2024-05-15T03:57:29.918+0800] {processor.py:161} INFO - Started process (PID=106421) to work on /home/jithish/Documents/dag-dag-dag/.venv/lib/python3.10/site-packages/airflow/example_dags/example_display_name.py
[2024-05-15T03:57:29.919+0800] {processor.py:830} INFO - Processing file /home/jithish/Documents/dag-dag-dag/.venv/lib/python3.10/site-packages/airflow/example_dags/example_display_name.py for tasks to queue
[2024-05-15T03:57:29.921+0800] {logging_mixin.py:188} INFO - [2024-05-15T03:57:29.921+0800] {dagbag.py:545} INFO - Filling up the DagBag from /home/jithish/Documents/dag-dag-dag/.venv/lib/python3.10/site-packages/airflow/example_dags/example_display_name.py
[2024-05-15T03:57:29.928+0800] {processor.py:840} INFO - DAG(s) 'example_display_name' retrieved from /home/jithish/Documents/dag-dag-dag/.venv/lib/python3.10/site-packages/airflow/example_dags/example_display_name.py
[2024-05-15T03:57:29.939+0800] {logging_mixin.py:188} INFO - [2024-05-15T03:57:29.939+0800] {dag.py:3096} INFO - Sync 1 DAGs
[2024-05-15T03:57:29.948+0800] {logging_mixin.py:188} INFO - [2024-05-15T03:57:29.947+0800] {dag.py:3954} INFO - Setting next_dagrun for example_display_name to None, run_after=None
[2024-05-15T03:57:29.962+0800] {processor.py:183} INFO - Processing /home/jithish/Documents/dag-dag-dag/.venv/lib/python3.10/site-packages/airflow/example_dags/example_display_name.py took 0.048 seconds
[2024-05-15T03:58:15.067+0800] {processor.py:161} INFO - Started process (PID=106795) to work on /home/jithish/Documents/dag-dag-dag/.venv/lib/python3.10/site-packages/airflow/example_dags/example_display_name.py
[2024-05-15T03:58:15.128+0800] {processor.py:830} INFO - Processing file /home/jithish/Documents/dag-dag-dag/.venv/lib/python3.10/site-packages/airflow/example_dags/example_display_name.py for tasks to queue
[2024-05-15T03:58:15.129+0800] {logging_mixin.py:188} INFO - [2024-05-15T03:58:15.129+0800] {dagbag.py:545} INFO - Filling up the DagBag from /home/jithish/Documents/dag-dag-dag/.venv/lib/python3.10/site-packages/airflow/example_dags/example_display_name.py
[2024-05-15T03:58:15.133+0800] {processor.py:840} INFO - DAG(s) 'example_display_name' retrieved from /home/jithish/Documents/dag-dag-dag/.venv/lib/python3.10/site-packages/airflow/example_dags/example_display_name.py
[2024-05-15T03:58:15.145+0800] {logging_mixin.py:188} INFO - [2024-05-15T03:58:15.145+0800] {dag.py:3096} INFO - Sync 1 DAGs
[2024-05-15T03:58:15.154+0800] {logging_mixin.py:188} INFO - [2024-05-15T03:58:15.154+0800] {dag.py:3954} INFO - Setting next_dagrun for example_display_name to None, run_after=None
[2024-05-15T03:58:15.176+0800] {processor.py:183} INFO - Processing /home/jithish/Documents/dag-dag-dag/.venv/lib/python3.10/site-packages/airflow/example_dags/example_display_name.py took 0.114 seconds
[2024-05-15T03:59:02.916+0800] {processor.py:161} INFO - Started process (PID=107339) to work on /home/jithish/Documents/dag-dag-dag/.venv/lib/python3.10/site-packages/airflow/example_dags/example_display_name.py
[2024-05-15T03:59:02.977+0800] {processor.py:830} INFO - Processing file /home/jithish/Documents/dag-dag-dag/.venv/lib/python3.10/site-packages/airflow/example_dags/example_display_name.py for tasks to queue
[2024-05-15T03:59:02.979+0800] {logging_mixin.py:188} INFO - [2024-05-15T03:59:02.978+0800] {dagbag.py:545} INFO - Filling up the DagBag from /home/jithish/Documents/dag-dag-dag/.venv/lib/python3.10/site-packages/airflow/example_dags/example_display_name.py
[2024-05-15T03:59:02.984+0800] {processor.py:840} INFO - DAG(s) 'example_display_name' retrieved from /home/jithish/Documents/dag-dag-dag/.venv/lib/python3.10/site-packages/airflow/example_dags/example_display_name.py
[2024-05-15T03:59:03.002+0800] {logging_mixin.py:188} INFO - [2024-05-15T03:59:03.002+0800] {dag.py:3096} INFO - Sync 1 DAGs
[2024-05-15T03:59:03.019+0800] {logging_mixin.py:188} INFO - [2024-05-15T03:59:03.019+0800] {dag.py:3954} INFO - Setting next_dagrun for example_display_name to None, run_after=None
[2024-05-15T03:59:03.051+0800] {processor.py:183} INFO - Processing /home/jithish/Documents/dag-dag-dag/.venv/lib/python3.10/site-packages/airflow/example_dags/example_display_name.py took 0.144 seconds
[2024-05-15T03:59:53.738+0800] {processor.py:161} INFO - Started process (PID=107796) to work on /home/jithish/Documents/dag-dag-dag/.venv/lib/python3.10/site-packages/airflow/example_dags/example_display_name.py
[2024-05-15T03:59:53.799+0800] {processor.py:830} INFO - Processing file /home/jithish/Documents/dag-dag-dag/.venv/lib/python3.10/site-packages/airflow/example_dags/example_display_name.py for tasks to queue
[2024-05-15T03:59:53.801+0800] {logging_mixin.py:188} INFO - [2024-05-15T03:59:53.800+0800] {dagbag.py:545} INFO - Filling up the DagBag from /home/jithish/Documents/dag-dag-dag/.venv/lib/python3.10/site-packages/airflow/example_dags/example_display_name.py
[2024-05-15T03:59:53.805+0800] {processor.py:840} INFO - DAG(s) 'example_display_name' retrieved from /home/jithish/Documents/dag-dag-dag/.venv/lib/python3.10/site-packages/airflow/example_dags/example_display_name.py
[2024-05-15T03:59:53.816+0800] {logging_mixin.py:188} INFO - [2024-05-15T03:59:53.816+0800] {dag.py:3096} INFO - Sync 1 DAGs
[2024-05-15T03:59:53.824+0800] {logging_mixin.py:188} INFO - [2024-05-15T03:59:53.824+0800] {dag.py:3954} INFO - Setting next_dagrun for example_display_name to None, run_after=None
[2024-05-15T03:59:53.846+0800] {processor.py:183} INFO - Processing /home/jithish/Documents/dag-dag-dag/.venv/lib/python3.10/site-packages/airflow/example_dags/example_display_name.py took 0.112 seconds
[2024-05-15T04:00:40.897+0800] {processor.py:161} INFO - Started process (PID=108187) to work on /home/jithish/Documents/dag-dag-dag/.venv/lib/python3.10/site-packages/airflow/example_dags/example_display_name.py
[2024-05-15T04:00:40.959+0800] {processor.py:830} INFO - Processing file /home/jithish/Documents/dag-dag-dag/.venv/lib/python3.10/site-packages/airflow/example_dags/example_display_name.py for tasks to queue
[2024-05-15T04:00:40.964+0800] {logging_mixin.py:188} INFO - [2024-05-15T04:00:40.962+0800] {dagbag.py:545} INFO - Filling up the DagBag from /home/jithish/Documents/dag-dag-dag/.venv/lib/python3.10/site-packages/airflow/example_dags/example_display_name.py
[2024-05-15T04:00:40.981+0800] {processor.py:840} INFO - DAG(s) 'example_display_name' retrieved from /home/jithish/Documents/dag-dag-dag/.venv/lib/python3.10/site-packages/airflow/example_dags/example_display_name.py
[2024-05-15T04:00:41.002+0800] {logging_mixin.py:188} INFO - [2024-05-15T04:00:41.002+0800] {dag.py:3096} INFO - Sync 1 DAGs
[2024-05-15T04:00:41.013+0800] {logging_mixin.py:188} INFO - [2024-05-15T04:00:41.012+0800] {dag.py:3954} INFO - Setting next_dagrun for example_display_name to None, run_after=None
[2024-05-15T04:00:41.033+0800] {processor.py:183} INFO - Processing /home/jithish/Documents/dag-dag-dag/.venv/lib/python3.10/site-packages/airflow/example_dags/example_display_name.py took 0.151 seconds
[2024-05-15T04:01:30.002+0800] {processor.py:161} INFO - Started process (PID=108604) to work on /home/jithish/Documents/dag-dag-dag/.venv/lib/python3.10/site-packages/airflow/example_dags/example_display_name.py
[2024-05-15T04:01:30.065+0800] {processor.py:830} INFO - Processing file /home/jithish/Documents/dag-dag-dag/.venv/lib/python3.10/site-packages/airflow/example_dags/example_display_name.py for tasks to queue
[2024-05-15T04:01:30.070+0800] {logging_mixin.py:188} INFO - [2024-05-15T04:01:30.068+0800] {dagbag.py:545} INFO - Filling up the DagBag from /home/jithish/Documents/dag-dag-dag/.venv/lib/python3.10/site-packages/airflow/example_dags/example_display_name.py
[2024-05-15T04:01:30.088+0800] {processor.py:840} INFO - DAG(s) 'example_display_name' retrieved from /home/jithish/Documents/dag-dag-dag/.venv/lib/python3.10/site-packages/airflow/example_dags/example_display_name.py
[2024-05-15T04:01:30.110+0800] {logging_mixin.py:188} INFO - [2024-05-15T04:01:30.110+0800] {dag.py:3096} INFO - Sync 1 DAGs
[2024-05-15T04:01:30.121+0800] {logging_mixin.py:188} INFO - [2024-05-15T04:01:30.121+0800] {dag.py:3954} INFO - Setting next_dagrun for example_display_name to None, run_after=None
[2024-05-15T04:01:30.140+0800] {processor.py:183} INFO - Processing /home/jithish/Documents/dag-dag-dag/.venv/lib/python3.10/site-packages/airflow/example_dags/example_display_name.py took 0.155 seconds
[2024-05-15T04:02:18.185+0800] {processor.py:161} INFO - Started process (PID=109070) to work on /home/jithish/Documents/dag-dag-dag/.venv/lib/python3.10/site-packages/airflow/example_dags/example_display_name.py
[2024-05-15T04:02:18.246+0800] {processor.py:830} INFO - Processing file /home/jithish/Documents/dag-dag-dag/.venv/lib/python3.10/site-packages/airflow/example_dags/example_display_name.py for tasks to queue
[2024-05-15T04:02:18.248+0800] {logging_mixin.py:188} INFO - [2024-05-15T04:02:18.248+0800] {dagbag.py:545} INFO - Filling up the DagBag from /home/jithish/Documents/dag-dag-dag/.venv/lib/python3.10/site-packages/airflow/example_dags/example_display_name.py
[2024-05-15T04:02:18.252+0800] {processor.py:840} INFO - DAG(s) 'example_display_name' retrieved from /home/jithish/Documents/dag-dag-dag/.venv/lib/python3.10/site-packages/airflow/example_dags/example_display_name.py
[2024-05-15T04:02:18.264+0800] {logging_mixin.py:188} INFO - [2024-05-15T04:02:18.263+0800] {dag.py:3096} INFO - Sync 1 DAGs
[2024-05-15T04:02:18.273+0800] {logging_mixin.py:188} INFO - [2024-05-15T04:02:18.272+0800] {dag.py:3954} INFO - Setting next_dagrun for example_display_name to None, run_after=None
[2024-05-15T04:02:18.296+0800] {processor.py:183} INFO - Processing /home/jithish/Documents/dag-dag-dag/.venv/lib/python3.10/site-packages/airflow/example_dags/example_display_name.py took 0.115 seconds
[2024-05-15T04:03:10.146+0800] {processor.py:161} INFO - Started process (PID=109618) to work on /home/jithish/Documents/dag-dag-dag/.venv/lib/python3.10/site-packages/airflow/example_dags/example_display_name.py
[2024-05-15T04:03:10.208+0800] {processor.py:830} INFO - Processing file /home/jithish/Documents/dag-dag-dag/.venv/lib/python3.10/site-packages/airflow/example_dags/example_display_name.py for tasks to queue
[2024-05-15T04:03:10.213+0800] {logging_mixin.py:188} INFO - [2024-05-15T04:03:10.212+0800] {dagbag.py:545} INFO - Filling up the DagBag from /home/jithish/Documents/dag-dag-dag/.venv/lib/python3.10/site-packages/airflow/example_dags/example_display_name.py
[2024-05-15T04:03:10.230+0800] {processor.py:840} INFO - DAG(s) 'example_display_name' retrieved from /home/jithish/Documents/dag-dag-dag/.venv/lib/python3.10/site-packages/airflow/example_dags/example_display_name.py
[2024-05-15T04:03:10.257+0800] {logging_mixin.py:188} INFO - [2024-05-15T04:03:10.257+0800] {dag.py:3096} INFO - Sync 1 DAGs
[2024-05-15T04:03:10.267+0800] {logging_mixin.py:188} INFO - [2024-05-15T04:03:10.267+0800] {dag.py:3954} INFO - Setting next_dagrun for example_display_name to None, run_after=None
[2024-05-15T04:03:10.287+0800] {processor.py:183} INFO - Processing /home/jithish/Documents/dag-dag-dag/.venv/lib/python3.10/site-packages/airflow/example_dags/example_display_name.py took 0.146 seconds
[2024-05-15T04:04:20.375+0800] {processor.py:161} INFO - Started process (PID=110814) to work on /home/jithish/Documents/dag-dag-dag/.venv/lib/python3.10/site-packages/airflow/example_dags/example_display_name.py
[2024-05-15T04:04:20.376+0800] {processor.py:830} INFO - Processing file /home/jithish/Documents/dag-dag-dag/.venv/lib/python3.10/site-packages/airflow/example_dags/example_display_name.py for tasks to queue
[2024-05-15T04:04:20.377+0800] {logging_mixin.py:188} INFO - [2024-05-15T04:04:20.377+0800] {dagbag.py:545} INFO - Filling up the DagBag from /home/jithish/Documents/dag-dag-dag/.venv/lib/python3.10/site-packages/airflow/example_dags/example_display_name.py
[2024-05-15T04:04:20.384+0800] {processor.py:840} INFO - DAG(s) 'example_display_name' retrieved from /home/jithish/Documents/dag-dag-dag/.venv/lib/python3.10/site-packages/airflow/example_dags/example_display_name.py
[2024-05-15T04:04:20.395+0800] {logging_mixin.py:188} INFO - [2024-05-15T04:04:20.395+0800] {dag.py:3096} INFO - Sync 1 DAGs
[2024-05-15T04:04:20.404+0800] {logging_mixin.py:188} INFO - [2024-05-15T04:04:20.404+0800] {dag.py:3954} INFO - Setting next_dagrun for example_display_name to None, run_after=None
[2024-05-15T04:04:20.421+0800] {processor.py:183} INFO - Processing /home/jithish/Documents/dag-dag-dag/.venv/lib/python3.10/site-packages/airflow/example_dags/example_display_name.py took 0.053 seconds
[2024-05-15T04:05:19.215+0800] {processor.py:161} INFO - Started process (PID=111691) to work on /home/jithish/Documents/dag-dag-dag/.venv/lib/python3.10/site-packages/airflow/example_dags/example_display_name.py
[2024-05-15T04:05:19.277+0800] {processor.py:830} INFO - Processing file /home/jithish/Documents/dag-dag-dag/.venv/lib/python3.10/site-packages/airflow/example_dags/example_display_name.py for tasks to queue
[2024-05-15T04:05:19.279+0800] {logging_mixin.py:188} INFO - [2024-05-15T04:05:19.278+0800] {dagbag.py:545} INFO - Filling up the DagBag from /home/jithish/Documents/dag-dag-dag/.venv/lib/python3.10/site-packages/airflow/example_dags/example_display_name.py
[2024-05-15T04:05:19.283+0800] {processor.py:840} INFO - DAG(s) 'example_display_name' retrieved from /home/jithish/Documents/dag-dag-dag/.venv/lib/python3.10/site-packages/airflow/example_dags/example_display_name.py
[2024-05-15T04:05:19.297+0800] {logging_mixin.py:188} INFO - [2024-05-15T04:05:19.297+0800] {dag.py:3096} INFO - Sync 1 DAGs
[2024-05-15T04:05:19.306+0800] {logging_mixin.py:188} INFO - [2024-05-15T04:05:19.306+0800] {dag.py:3954} INFO - Setting next_dagrun for example_display_name to None, run_after=None
[2024-05-15T04:05:19.331+0800] {processor.py:183} INFO - Processing /home/jithish/Documents/dag-dag-dag/.venv/lib/python3.10/site-packages/airflow/example_dags/example_display_name.py took 0.133 seconds
[2024-05-15T04:06:12.814+0800] {processor.py:161} INFO - Started process (PID=112455) to work on /home/jithish/Documents/dag-dag-dag/.venv/lib/python3.10/site-packages/airflow/example_dags/example_display_name.py
[2024-05-15T04:06:12.876+0800] {processor.py:830} INFO - Processing file /home/jithish/Documents/dag-dag-dag/.venv/lib/python3.10/site-packages/airflow/example_dags/example_display_name.py for tasks to queue
[2024-05-15T04:06:12.881+0800] {logging_mixin.py:188} INFO - [2024-05-15T04:06:12.879+0800] {dagbag.py:545} INFO - Filling up the DagBag from /home/jithish/Documents/dag-dag-dag/.venv/lib/python3.10/site-packages/airflow/example_dags/example_display_name.py
[2024-05-15T04:06:12.899+0800] {processor.py:840} INFO - DAG(s) 'example_display_name' retrieved from /home/jithish/Documents/dag-dag-dag/.venv/lib/python3.10/site-packages/airflow/example_dags/example_display_name.py
[2024-05-15T04:06:12.924+0800] {logging_mixin.py:188} INFO - [2024-05-15T04:06:12.924+0800] {dag.py:3096} INFO - Sync 1 DAGs
[2024-05-15T04:06:12.934+0800] {logging_mixin.py:188} INFO - [2024-05-15T04:06:12.934+0800] {dag.py:3954} INFO - Setting next_dagrun for example_display_name to None, run_after=None
[2024-05-15T04:06:12.956+0800] {processor.py:183} INFO - Processing /home/jithish/Documents/dag-dag-dag/.venv/lib/python3.10/site-packages/airflow/example_dags/example_display_name.py took 0.155 seconds
[2024-05-15T04:07:09.278+0800] {processor.py:161} INFO - Started process (PID=113275) to work on /home/jithish/Documents/dag-dag-dag/.venv/lib/python3.10/site-packages/airflow/example_dags/example_display_name.py
[2024-05-15T04:07:09.295+0800] {processor.py:830} INFO - Processing file /home/jithish/Documents/dag-dag-dag/.venv/lib/python3.10/site-packages/airflow/example_dags/example_display_name.py for tasks to queue
[2024-05-15T04:07:09.297+0800] {logging_mixin.py:188} INFO - [2024-05-15T04:07:09.297+0800] {dagbag.py:545} INFO - Filling up the DagBag from /home/jithish/Documents/dag-dag-dag/.venv/lib/python3.10/site-packages/airflow/example_dags/example_display_name.py
[2024-05-15T04:07:09.302+0800] {processor.py:840} INFO - DAG(s) 'example_display_name' retrieved from /home/jithish/Documents/dag-dag-dag/.venv/lib/python3.10/site-packages/airflow/example_dags/example_display_name.py
[2024-05-15T04:07:09.312+0800] {logging_mixin.py:188} INFO - [2024-05-15T04:07:09.312+0800] {dag.py:3096} INFO - Sync 1 DAGs
[2024-05-15T04:07:09.320+0800] {logging_mixin.py:188} INFO - [2024-05-15T04:07:09.320+0800] {dag.py:3954} INFO - Setting next_dagrun for example_display_name to None, run_after=None
[2024-05-15T04:07:09.335+0800] {processor.py:183} INFO - Processing /home/jithish/Documents/dag-dag-dag/.venv/lib/python3.10/site-packages/airflow/example_dags/example_display_name.py took 0.062 seconds
[2024-05-15T04:08:03.278+0800] {processor.py:161} INFO - Started process (PID=113804) to work on /home/jithish/Documents/dag-dag-dag/.venv/lib/python3.10/site-packages/airflow/example_dags/example_display_name.py
[2024-05-15T04:08:03.279+0800] {processor.py:830} INFO - Processing file /home/jithish/Documents/dag-dag-dag/.venv/lib/python3.10/site-packages/airflow/example_dags/example_display_name.py for tasks to queue
[2024-05-15T04:08:03.280+0800] {logging_mixin.py:188} INFO - [2024-05-15T04:08:03.280+0800] {dagbag.py:545} INFO - Filling up the DagBag from /home/jithish/Documents/dag-dag-dag/.venv/lib/python3.10/site-packages/airflow/example_dags/example_display_name.py
[2024-05-15T04:08:03.285+0800] {processor.py:840} INFO - DAG(s) 'example_display_name' retrieved from /home/jithish/Documents/dag-dag-dag/.venv/lib/python3.10/site-packages/airflow/example_dags/example_display_name.py
[2024-05-15T04:08:03.296+0800] {logging_mixin.py:188} INFO - [2024-05-15T04:08:03.296+0800] {dag.py:3096} INFO - Sync 1 DAGs
[2024-05-15T04:08:03.305+0800] {logging_mixin.py:188} INFO - [2024-05-15T04:08:03.305+0800] {dag.py:3954} INFO - Setting next_dagrun for example_display_name to None, run_after=None
[2024-05-15T04:08:03.326+0800] {processor.py:183} INFO - Processing /home/jithish/Documents/dag-dag-dag/.venv/lib/python3.10/site-packages/airflow/example_dags/example_display_name.py took 0.054 seconds
[2024-05-15T04:09:02.644+0800] {processor.py:161} INFO - Started process (PID=114735) to work on /home/jithish/Documents/dag-dag-dag/.venv/lib/python3.10/site-packages/airflow/example_dags/example_display_name.py
[2024-05-15T04:09:02.706+0800] {processor.py:830} INFO - Processing file /home/jithish/Documents/dag-dag-dag/.venv/lib/python3.10/site-packages/airflow/example_dags/example_display_name.py for tasks to queue
[2024-05-15T04:09:02.712+0800] {logging_mixin.py:188} INFO - [2024-05-15T04:09:02.710+0800] {dagbag.py:545} INFO - Filling up the DagBag from /home/jithish/Documents/dag-dag-dag/.venv/lib/python3.10/site-packages/airflow/example_dags/example_display_name.py
[2024-05-15T04:09:02.731+0800] {processor.py:840} INFO - DAG(s) 'example_display_name' retrieved from /home/jithish/Documents/dag-dag-dag/.venv/lib/python3.10/site-packages/airflow/example_dags/example_display_name.py
[2024-05-15T04:09:02.754+0800] {logging_mixin.py:188} INFO - [2024-05-15T04:09:02.753+0800] {dag.py:3096} INFO - Sync 1 DAGs
[2024-05-15T04:09:02.764+0800] {logging_mixin.py:188} INFO - [2024-05-15T04:09:02.764+0800] {dag.py:3954} INFO - Setting next_dagrun for example_display_name to None, run_after=None
[2024-05-15T04:09:02.795+0800] {processor.py:183} INFO - Processing /home/jithish/Documents/dag-dag-dag/.venv/lib/python3.10/site-packages/airflow/example_dags/example_display_name.py took 0.161 seconds
[2024-05-15T04:09:59.532+0800] {processor.py:161} INFO - Started process (PID=115581) to work on /home/jithish/Documents/dag-dag-dag/.venv/lib/python3.10/site-packages/airflow/example_dags/example_display_name.py
[2024-05-15T04:09:59.594+0800] {processor.py:830} INFO - Processing file /home/jithish/Documents/dag-dag-dag/.venv/lib/python3.10/site-packages/airflow/example_dags/example_display_name.py for tasks to queue
[2024-05-15T04:09:59.600+0800] {logging_mixin.py:188} INFO - [2024-05-15T04:09:59.599+0800] {dagbag.py:545} INFO - Filling up the DagBag from /home/jithish/Documents/dag-dag-dag/.venv/lib/python3.10/site-packages/airflow/example_dags/example_display_name.py
[2024-05-15T04:09:59.620+0800] {processor.py:840} INFO - DAG(s) 'example_display_name' retrieved from /home/jithish/Documents/dag-dag-dag/.venv/lib/python3.10/site-packages/airflow/example_dags/example_display_name.py
[2024-05-15T04:09:59.643+0800] {logging_mixin.py:188} INFO - [2024-05-15T04:09:59.643+0800] {dag.py:3096} INFO - Sync 1 DAGs
[2024-05-15T04:09:59.655+0800] {logging_mixin.py:188} INFO - [2024-05-15T04:09:59.654+0800] {dag.py:3954} INFO - Setting next_dagrun for example_display_name to None, run_after=None
[2024-05-15T04:09:59.674+0800] {processor.py:183} INFO - Processing /home/jithish/Documents/dag-dag-dag/.venv/lib/python3.10/site-packages/airflow/example_dags/example_display_name.py took 0.152 seconds
[2024-05-15T04:10:52.780+0800] {processor.py:161} INFO - Started process (PID=116350) to work on /home/jithish/Documents/dag-dag-dag/.venv/lib/python3.10/site-packages/airflow/example_dags/example_display_name.py
[2024-05-15T04:10:52.842+0800] {processor.py:830} INFO - Processing file /home/jithish/Documents/dag-dag-dag/.venv/lib/python3.10/site-packages/airflow/example_dags/example_display_name.py for tasks to queue
[2024-05-15T04:10:52.848+0800] {logging_mixin.py:188} INFO - [2024-05-15T04:10:52.847+0800] {dagbag.py:545} INFO - Filling up the DagBag from /home/jithish/Documents/dag-dag-dag/.venv/lib/python3.10/site-packages/airflow/example_dags/example_display_name.py
[2024-05-15T04:10:52.867+0800] {processor.py:840} INFO - DAG(s) 'example_display_name' retrieved from /home/jithish/Documents/dag-dag-dag/.venv/lib/python3.10/site-packages/airflow/example_dags/example_display_name.py
[2024-05-15T04:10:52.888+0800] {logging_mixin.py:188} INFO - [2024-05-15T04:10:52.888+0800] {dag.py:3096} INFO - Sync 1 DAGs
[2024-05-15T04:10:52.900+0800] {logging_mixin.py:188} INFO - [2024-05-15T04:10:52.900+0800] {dag.py:3954} INFO - Setting next_dagrun for example_display_name to None, run_after=None
[2024-05-15T04:10:52.919+0800] {processor.py:183} INFO - Processing /home/jithish/Documents/dag-dag-dag/.venv/lib/python3.10/site-packages/airflow/example_dags/example_display_name.py took 0.149 seconds
[2024-05-15T04:11:48.400+0800] {processor.py:161} INFO - Started process (PID=117137) to work on /home/jithish/Documents/dag-dag-dag/.venv/lib/python3.10/site-packages/airflow/example_dags/example_display_name.py
[2024-05-15T04:11:48.462+0800] {processor.py:830} INFO - Processing file /home/jithish/Documents/dag-dag-dag/.venv/lib/python3.10/site-packages/airflow/example_dags/example_display_name.py for tasks to queue
[2024-05-15T04:11:48.467+0800] {logging_mixin.py:188} INFO - [2024-05-15T04:11:48.466+0800] {dagbag.py:545} INFO - Filling up the DagBag from /home/jithish/Documents/dag-dag-dag/.venv/lib/python3.10/site-packages/airflow/example_dags/example_display_name.py
[2024-05-15T04:11:48.493+0800] {processor.py:840} INFO - DAG(s) 'example_display_name' retrieved from /home/jithish/Documents/dag-dag-dag/.venv/lib/python3.10/site-packages/airflow/example_dags/example_display_name.py
[2024-05-15T04:11:48.522+0800] {logging_mixin.py:188} INFO - [2024-05-15T04:11:48.522+0800] {dag.py:3096} INFO - Sync 1 DAGs
[2024-05-15T04:11:48.531+0800] {logging_mixin.py:188} INFO - [2024-05-15T04:11:48.531+0800] {dag.py:3954} INFO - Setting next_dagrun for example_display_name to None, run_after=None
[2024-05-15T04:11:48.548+0800] {processor.py:183} INFO - Processing /home/jithish/Documents/dag-dag-dag/.venv/lib/python3.10/site-packages/airflow/example_dags/example_display_name.py took 0.152 seconds
[2024-05-15T04:12:50.477+0800] {processor.py:161} INFO - Started process (PID=118031) to work on /home/jithish/Documents/dag-dag-dag/.venv/lib/python3.10/site-packages/airflow/example_dags/example_display_name.py
[2024-05-15T04:12:50.539+0800] {processor.py:830} INFO - Processing file /home/jithish/Documents/dag-dag-dag/.venv/lib/python3.10/site-packages/airflow/example_dags/example_display_name.py for tasks to queue
[2024-05-15T04:12:50.543+0800] {logging_mixin.py:188} INFO - [2024-05-15T04:12:50.542+0800] {dagbag.py:545} INFO - Filling up the DagBag from /home/jithish/Documents/dag-dag-dag/.venv/lib/python3.10/site-packages/airflow/example_dags/example_display_name.py
[2024-05-15T04:12:50.558+0800] {processor.py:840} INFO - DAG(s) 'example_display_name' retrieved from /home/jithish/Documents/dag-dag-dag/.venv/lib/python3.10/site-packages/airflow/example_dags/example_display_name.py
[2024-05-15T04:12:50.576+0800] {logging_mixin.py:188} INFO - [2024-05-15T04:12:50.576+0800] {dag.py:3096} INFO - Sync 1 DAGs
[2024-05-15T04:12:50.586+0800] {logging_mixin.py:188} INFO - [2024-05-15T04:12:50.586+0800] {dag.py:3954} INFO - Setting next_dagrun for example_display_name to None, run_after=None
[2024-05-15T04:12:50.607+0800] {processor.py:183} INFO - Processing /home/jithish/Documents/dag-dag-dag/.venv/lib/python3.10/site-packages/airflow/example_dags/example_display_name.py took 0.138 seconds
[2024-05-15T04:13:48.382+0800] {processor.py:161} INFO - Started process (PID=118892) to work on /home/jithish/Documents/dag-dag-dag/.venv/lib/python3.10/site-packages/airflow/example_dags/example_display_name.py
[2024-05-15T04:13:48.443+0800] {processor.py:830} INFO - Processing file /home/jithish/Documents/dag-dag-dag/.venv/lib/python3.10/site-packages/airflow/example_dags/example_display_name.py for tasks to queue
[2024-05-15T04:13:48.445+0800] {logging_mixin.py:188} INFO - [2024-05-15T04:13:48.444+0800] {dagbag.py:545} INFO - Filling up the DagBag from /home/jithish/Documents/dag-dag-dag/.venv/lib/python3.10/site-packages/airflow/example_dags/example_display_name.py
[2024-05-15T04:13:48.450+0800] {processor.py:840} INFO - DAG(s) 'example_display_name' retrieved from /home/jithish/Documents/dag-dag-dag/.venv/lib/python3.10/site-packages/airflow/example_dags/example_display_name.py
[2024-05-15T04:13:48.465+0800] {logging_mixin.py:188} INFO - [2024-05-15T04:13:48.465+0800] {dag.py:3096} INFO - Sync 1 DAGs
[2024-05-15T04:13:48.476+0800] {logging_mixin.py:188} INFO - [2024-05-15T04:13:48.476+0800] {dag.py:3954} INFO - Setting next_dagrun for example_display_name to None, run_after=None
[2024-05-15T04:13:48.497+0800] {processor.py:183} INFO - Processing /home/jithish/Documents/dag-dag-dag/.venv/lib/python3.10/site-packages/airflow/example_dags/example_display_name.py took 0.124 seconds
[2024-05-15T04:14:43.238+0800] {processor.py:161} INFO - Started process (PID=119585) to work on /home/jithish/Documents/dag-dag-dag/.venv/lib/python3.10/site-packages/airflow/example_dags/example_display_name.py
[2024-05-15T04:14:43.301+0800] {processor.py:830} INFO - Processing file /home/jithish/Documents/dag-dag-dag/.venv/lib/python3.10/site-packages/airflow/example_dags/example_display_name.py for tasks to queue
[2024-05-15T04:14:43.308+0800] {logging_mixin.py:188} INFO - [2024-05-15T04:14:43.306+0800] {dagbag.py:545} INFO - Filling up the DagBag from /home/jithish/Documents/dag-dag-dag/.venv/lib/python3.10/site-packages/airflow/example_dags/example_display_name.py
[2024-05-15T04:14:43.325+0800] {processor.py:840} INFO - DAG(s) 'example_display_name' retrieved from /home/jithish/Documents/dag-dag-dag/.venv/lib/python3.10/site-packages/airflow/example_dags/example_display_name.py
[2024-05-15T04:14:43.342+0800] {logging_mixin.py:188} INFO - [2024-05-15T04:14:43.341+0800] {dag.py:3096} INFO - Sync 1 DAGs
[2024-05-15T04:14:43.351+0800] {logging_mixin.py:188} INFO - [2024-05-15T04:14:43.351+0800] {dag.py:3954} INFO - Setting next_dagrun for example_display_name to None, run_after=None
[2024-05-15T04:14:43.370+0800] {processor.py:183} INFO - Processing /home/jithish/Documents/dag-dag-dag/.venv/lib/python3.10/site-packages/airflow/example_dags/example_display_name.py took 0.139 seconds
[2024-05-15T04:15:36.815+0800] {processor.py:161} INFO - Started process (PID=120119) to work on /home/jithish/Documents/dag-dag-dag/.venv/lib/python3.10/site-packages/airflow/example_dags/example_display_name.py
[2024-05-15T04:15:36.878+0800] {processor.py:830} INFO - Processing file /home/jithish/Documents/dag-dag-dag/.venv/lib/python3.10/site-packages/airflow/example_dags/example_display_name.py for tasks to queue
[2024-05-15T04:15:36.883+0800] {logging_mixin.py:188} INFO - [2024-05-15T04:15:36.882+0800] {dagbag.py:545} INFO - Filling up the DagBag from /home/jithish/Documents/dag-dag-dag/.venv/lib/python3.10/site-packages/airflow/example_dags/example_display_name.py
[2024-05-15T04:15:36.901+0800] {processor.py:840} INFO - DAG(s) 'example_display_name' retrieved from /home/jithish/Documents/dag-dag-dag/.venv/lib/python3.10/site-packages/airflow/example_dags/example_display_name.py
[2024-05-15T04:15:36.925+0800] {logging_mixin.py:188} INFO - [2024-05-15T04:15:36.925+0800] {dag.py:3096} INFO - Sync 1 DAGs
[2024-05-15T04:15:36.936+0800] {logging_mixin.py:188} INFO - [2024-05-15T04:15:36.935+0800] {dag.py:3954} INFO - Setting next_dagrun for example_display_name to None, run_after=None
[2024-05-15T04:15:36.953+0800] {processor.py:183} INFO - Processing /home/jithish/Documents/dag-dag-dag/.venv/lib/python3.10/site-packages/airflow/example_dags/example_display_name.py took 0.144 seconds
