[2024-05-15T02:59:17.343+0800] {processor.py:161} INFO - Started process (PID=65495) to work on /home/jithish/Documents/dag-dag-dag/.venv/lib/python3.10/site-packages/airflow/example_dags/example_branch_operator.py
[2024-05-15T02:59:17.344+0800] {processor.py:830} INFO - Processing file /home/jithish/Documents/dag-dag-dag/.venv/lib/python3.10/site-packages/airflow/example_dags/example_branch_operator.py for tasks to queue
[2024-05-15T02:59:17.346+0800] {logging_mixin.py:188} INFO - [2024-05-15T02:59:17.346+0800] {dagbag.py:545} INFO - Filling up the DagBag from /home/jithish/Documents/dag-dag-dag/.venv/lib/python3.10/site-packages/airflow/example_dags/example_branch_operator.py
[2024-05-15T02:59:17.362+0800] {processor.py:840} INFO - DAG(s) 'example_branch_operator' retrieved from /home/jithish/Documents/dag-dag-dag/.venv/lib/python3.10/site-packages/airflow/example_dags/example_branch_operator.py
[2024-05-15T02:59:17.435+0800] {logging_mixin.py:188} INFO - [2024-05-15T02:59:17.435+0800] {dag.py:3096} INFO - Sync 1 DAGs
[2024-05-15T02:59:17.513+0800] {logging_mixin.py:188} INFO - [2024-05-15T02:59:17.513+0800] {dag.py:3954} INFO - Setting next_dagrun for example_branch_operator to 2024-05-13 00:00:00+00:00, run_after=2024-05-14 00:00:00+00:00
[2024-05-15T02:59:17.620+0800] {processor.py:183} INFO - Processing /home/jithish/Documents/dag-dag-dag/.venv/lib/python3.10/site-packages/airflow/example_dags/example_branch_operator.py took 0.285 seconds
[2024-05-15T03:14:37.576+0800] {processor.py:161} INFO - Started process (PID=75080) to work on /home/jithish/Documents/dag-dag-dag/.venv/lib/python3.10/site-packages/airflow/example_dags/example_branch_operator.py
[2024-05-15T03:14:37.640+0800] {processor.py:830} INFO - Processing file /home/jithish/Documents/dag-dag-dag/.venv/lib/python3.10/site-packages/airflow/example_dags/example_branch_operator.py for tasks to queue
[2024-05-15T03:14:37.644+0800] {logging_mixin.py:188} INFO - [2024-05-15T03:14:37.643+0800] {dagbag.py:545} INFO - Filling up the DagBag from /home/jithish/Documents/dag-dag-dag/.venv/lib/python3.10/site-packages/airflow/example_dags/example_branch_operator.py
[2024-05-15T03:14:37.686+0800] {processor.py:840} INFO - DAG(s) 'example_branch_operator' retrieved from /home/jithish/Documents/dag-dag-dag/.venv/lib/python3.10/site-packages/airflow/example_dags/example_branch_operator.py
[2024-05-15T03:14:37.804+0800] {logging_mixin.py:188} INFO - [2024-05-15T03:14:37.803+0800] {dag.py:3096} INFO - Sync 1 DAGs
[2024-05-15T03:14:37.919+0800] {logging_mixin.py:188} INFO - [2024-05-15T03:14:37.918+0800] {dag.py:3954} INFO - Setting next_dagrun for example_branch_operator to 2024-05-13 00:00:00+00:00, run_after=2024-05-14 00:00:00+00:00
[2024-05-15T03:14:37.944+0800] {processor.py:183} INFO - Processing /home/jithish/Documents/dag-dag-dag/.venv/lib/python3.10/site-packages/airflow/example_dags/example_branch_operator.py took 0.376 seconds
[2024-05-15T03:15:41.815+0800] {processor.py:161} INFO - Started process (PID=75895) to work on /home/jithish/Documents/dag-dag-dag/.venv/lib/python3.10/site-packages/airflow/example_dags/example_branch_operator.py
[2024-05-15T03:15:41.819+0800] {processor.py:830} INFO - Processing file /home/jithish/Documents/dag-dag-dag/.venv/lib/python3.10/site-packages/airflow/example_dags/example_branch_operator.py for tasks to queue
[2024-05-15T03:15:41.824+0800] {logging_mixin.py:188} INFO - [2024-05-15T03:15:41.822+0800] {dagbag.py:545} INFO - Filling up the DagBag from /home/jithish/Documents/dag-dag-dag/.venv/lib/python3.10/site-packages/airflow/example_dags/example_branch_operator.py
[2024-05-15T03:15:41.849+0800] {processor.py:840} INFO - DAG(s) 'example_branch_operator' retrieved from /home/jithish/Documents/dag-dag-dag/.venv/lib/python3.10/site-packages/airflow/example_dags/example_branch_operator.py
[2024-05-15T03:15:41.869+0800] {logging_mixin.py:188} INFO - [2024-05-15T03:15:41.869+0800] {dag.py:3096} INFO - Sync 1 DAGs
[2024-05-15T03:15:41.884+0800] {logging_mixin.py:188} INFO - [2024-05-15T03:15:41.884+0800] {dag.py:3954} INFO - Setting next_dagrun for example_branch_operator to 2024-05-13 00:00:00+00:00, run_after=2024-05-14 00:00:00+00:00
[2024-05-15T03:15:42.059+0800] {processor.py:183} INFO - Processing /home/jithish/Documents/dag-dag-dag/.venv/lib/python3.10/site-packages/airflow/example_dags/example_branch_operator.py took 0.252 seconds
[2024-05-15T03:16:45.766+0800] {processor.py:161} INFO - Started process (PID=76710) to work on /home/jithish/Documents/dag-dag-dag/.venv/lib/python3.10/site-packages/airflow/example_dags/example_branch_operator.py
[2024-05-15T03:16:45.770+0800] {processor.py:830} INFO - Processing file /home/jithish/Documents/dag-dag-dag/.venv/lib/python3.10/site-packages/airflow/example_dags/example_branch_operator.py for tasks to queue
[2024-05-15T03:16:45.772+0800] {logging_mixin.py:188} INFO - [2024-05-15T03:16:45.771+0800] {dagbag.py:545} INFO - Filling up the DagBag from /home/jithish/Documents/dag-dag-dag/.venv/lib/python3.10/site-packages/airflow/example_dags/example_branch_operator.py
[2024-05-15T03:16:45.790+0800] {processor.py:840} INFO - DAG(s) 'example_branch_operator' retrieved from /home/jithish/Documents/dag-dag-dag/.venv/lib/python3.10/site-packages/airflow/example_dags/example_branch_operator.py
[2024-05-15T03:16:45.808+0800] {logging_mixin.py:188} INFO - [2024-05-15T03:16:45.808+0800] {dag.py:3096} INFO - Sync 1 DAGs
[2024-05-15T03:16:45.821+0800] {logging_mixin.py:188} INFO - [2024-05-15T03:16:45.821+0800] {dag.py:3954} INFO - Setting next_dagrun for example_branch_operator to 2024-05-13 00:00:00+00:00, run_after=2024-05-14 00:00:00+00:00
[2024-05-15T03:16:45.835+0800] {processor.py:183} INFO - Processing /home/jithish/Documents/dag-dag-dag/.venv/lib/python3.10/site-packages/airflow/example_dags/example_branch_operator.py took 0.076 seconds
[2024-05-15T03:17:49.186+0800] {processor.py:161} INFO - Started process (PID=77707) to work on /home/jithish/Documents/dag-dag-dag/.venv/lib/python3.10/site-packages/airflow/example_dags/example_branch_operator.py
[2024-05-15T03:17:49.248+0800] {processor.py:830} INFO - Processing file /home/jithish/Documents/dag-dag-dag/.venv/lib/python3.10/site-packages/airflow/example_dags/example_branch_operator.py for tasks to queue
[2024-05-15T03:17:49.253+0800] {logging_mixin.py:188} INFO - [2024-05-15T03:17:49.252+0800] {dagbag.py:545} INFO - Filling up the DagBag from /home/jithish/Documents/dag-dag-dag/.venv/lib/python3.10/site-packages/airflow/example_dags/example_branch_operator.py
[2024-05-15T03:17:49.288+0800] {processor.py:840} INFO - DAG(s) 'example_branch_operator' retrieved from /home/jithish/Documents/dag-dag-dag/.venv/lib/python3.10/site-packages/airflow/example_dags/example_branch_operator.py
[2024-05-15T03:17:49.321+0800] {logging_mixin.py:188} INFO - [2024-05-15T03:17:49.321+0800] {dag.py:3096} INFO - Sync 1 DAGs
[2024-05-15T03:17:49.335+0800] {logging_mixin.py:188} INFO - [2024-05-15T03:17:49.335+0800] {dag.py:3954} INFO - Setting next_dagrun for example_branch_operator to 2024-05-13 00:00:00+00:00, run_after=2024-05-14 00:00:00+00:00
[2024-05-15T03:17:49.357+0800] {processor.py:183} INFO - Processing /home/jithish/Documents/dag-dag-dag/.venv/lib/python3.10/site-packages/airflow/example_dags/example_branch_operator.py took 0.181 seconds
[2024-05-15T03:18:43.528+0800] {processor.py:161} INFO - Started process (PID=78470) to work on /home/jithish/Documents/dag-dag-dag/.venv/lib/python3.10/site-packages/airflow/example_dags/example_branch_operator.py
[2024-05-15T03:18:43.589+0800] {processor.py:830} INFO - Processing file /home/jithish/Documents/dag-dag-dag/.venv/lib/python3.10/site-packages/airflow/example_dags/example_branch_operator.py for tasks to queue
[2024-05-15T03:18:43.595+0800] {logging_mixin.py:188} INFO - [2024-05-15T03:18:43.594+0800] {dagbag.py:545} INFO - Filling up the DagBag from /home/jithish/Documents/dag-dag-dag/.venv/lib/python3.10/site-packages/airflow/example_dags/example_branch_operator.py
[2024-05-15T03:18:43.633+0800] {processor.py:840} INFO - DAG(s) 'example_branch_operator' retrieved from /home/jithish/Documents/dag-dag-dag/.venv/lib/python3.10/site-packages/airflow/example_dags/example_branch_operator.py
[2024-05-15T03:18:43.656+0800] {logging_mixin.py:188} INFO - [2024-05-15T03:18:43.656+0800] {dag.py:3096} INFO - Sync 1 DAGs
[2024-05-15T03:18:43.671+0800] {logging_mixin.py:188} INFO - [2024-05-15T03:18:43.671+0800] {dag.py:3954} INFO - Setting next_dagrun for example_branch_operator to 2024-05-13 00:00:00+00:00, run_after=2024-05-14 00:00:00+00:00
[2024-05-15T03:18:43.692+0800] {processor.py:183} INFO - Processing /home/jithish/Documents/dag-dag-dag/.venv/lib/python3.10/site-packages/airflow/example_dags/example_branch_operator.py took 0.169 seconds
[2024-05-15T03:19:40.438+0800] {processor.py:161} INFO - Started process (PID=79306) to work on /home/jithish/Documents/dag-dag-dag/.venv/lib/python3.10/site-packages/airflow/example_dags/example_branch_operator.py
[2024-05-15T03:19:40.500+0800] {processor.py:830} INFO - Processing file /home/jithish/Documents/dag-dag-dag/.venv/lib/python3.10/site-packages/airflow/example_dags/example_branch_operator.py for tasks to queue
[2024-05-15T03:19:40.505+0800] {logging_mixin.py:188} INFO - [2024-05-15T03:19:40.503+0800] {dagbag.py:545} INFO - Filling up the DagBag from /home/jithish/Documents/dag-dag-dag/.venv/lib/python3.10/site-packages/airflow/example_dags/example_branch_operator.py
[2024-05-15T03:19:40.545+0800] {processor.py:840} INFO - DAG(s) 'example_branch_operator' retrieved from /home/jithish/Documents/dag-dag-dag/.venv/lib/python3.10/site-packages/airflow/example_dags/example_branch_operator.py
[2024-05-15T03:19:40.568+0800] {logging_mixin.py:188} INFO - [2024-05-15T03:19:40.568+0800] {dag.py:3096} INFO - Sync 1 DAGs
[2024-05-15T03:19:40.584+0800] {logging_mixin.py:188} INFO - [2024-05-15T03:19:40.584+0800] {dag.py:3954} INFO - Setting next_dagrun for example_branch_operator to 2024-05-13 00:00:00+00:00, run_after=2024-05-14 00:00:00+00:00
[2024-05-15T03:19:40.603+0800] {processor.py:183} INFO - Processing /home/jithish/Documents/dag-dag-dag/.venv/lib/python3.10/site-packages/airflow/example_dags/example_branch_operator.py took 0.178 seconds
[2024-05-15T03:20:31.834+0800] {processor.py:161} INFO - Started process (PID=79994) to work on /home/jithish/Documents/dag-dag-dag/.venv/lib/python3.10/site-packages/airflow/example_dags/example_branch_operator.py
[2024-05-15T03:20:31.840+0800] {processor.py:830} INFO - Processing file /home/jithish/Documents/dag-dag-dag/.venv/lib/python3.10/site-packages/airflow/example_dags/example_branch_operator.py for tasks to queue
[2024-05-15T03:20:31.843+0800] {logging_mixin.py:188} INFO - [2024-05-15T03:20:31.842+0800] {dagbag.py:545} INFO - Filling up the DagBag from /home/jithish/Documents/dag-dag-dag/.venv/lib/python3.10/site-packages/airflow/example_dags/example_branch_operator.py
[2024-05-15T03:20:31.859+0800] {processor.py:840} INFO - DAG(s) 'example_branch_operator' retrieved from /home/jithish/Documents/dag-dag-dag/.venv/lib/python3.10/site-packages/airflow/example_dags/example_branch_operator.py
[2024-05-15T03:20:31.879+0800] {logging_mixin.py:188} INFO - [2024-05-15T03:20:31.879+0800] {dag.py:3096} INFO - Sync 1 DAGs
[2024-05-15T03:20:31.898+0800] {logging_mixin.py:188} INFO - [2024-05-15T03:20:31.897+0800] {dag.py:3954} INFO - Setting next_dagrun for example_branch_operator to 2024-05-13 00:00:00+00:00, run_after=2024-05-14 00:00:00+00:00
[2024-05-15T03:20:31.915+0800] {processor.py:183} INFO - Processing /home/jithish/Documents/dag-dag-dag/.venv/lib/python3.10/site-packages/airflow/example_dags/example_branch_operator.py took 0.087 seconds
[2024-05-15T03:21:23.152+0800] {processor.py:161} INFO - Started process (PID=80733) to work on /home/jithish/Documents/dag-dag-dag/.venv/lib/python3.10/site-packages/airflow/example_dags/example_branch_operator.py
[2024-05-15T03:21:23.194+0800] {processor.py:830} INFO - Processing file /home/jithish/Documents/dag-dag-dag/.venv/lib/python3.10/site-packages/airflow/example_dags/example_branch_operator.py for tasks to queue
[2024-05-15T03:21:23.199+0800] {logging_mixin.py:188} INFO - [2024-05-15T03:21:23.198+0800] {dagbag.py:545} INFO - Filling up the DagBag from /home/jithish/Documents/dag-dag-dag/.venv/lib/python3.10/site-packages/airflow/example_dags/example_branch_operator.py
[2024-05-15T03:21:23.236+0800] {processor.py:840} INFO - DAG(s) 'example_branch_operator' retrieved from /home/jithish/Documents/dag-dag-dag/.venv/lib/python3.10/site-packages/airflow/example_dags/example_branch_operator.py
[2024-05-15T03:21:23.257+0800] {logging_mixin.py:188} INFO - [2024-05-15T03:21:23.257+0800] {dag.py:3096} INFO - Sync 1 DAGs
[2024-05-15T03:21:23.272+0800] {logging_mixin.py:188} INFO - [2024-05-15T03:21:23.272+0800] {dag.py:3954} INFO - Setting next_dagrun for example_branch_operator to 2024-05-13 00:00:00+00:00, run_after=2024-05-14 00:00:00+00:00
[2024-05-15T03:21:23.290+0800] {processor.py:183} INFO - Processing /home/jithish/Documents/dag-dag-dag/.venv/lib/python3.10/site-packages/airflow/example_dags/example_branch_operator.py took 0.155 seconds
[2024-05-15T03:22:16.557+0800] {processor.py:161} INFO - Started process (PID=81494) to work on /home/jithish/Documents/dag-dag-dag/.venv/lib/python3.10/site-packages/airflow/example_dags/example_branch_operator.py
[2024-05-15T03:22:16.619+0800] {processor.py:830} INFO - Processing file /home/jithish/Documents/dag-dag-dag/.venv/lib/python3.10/site-packages/airflow/example_dags/example_branch_operator.py for tasks to queue
[2024-05-15T03:22:16.621+0800] {logging_mixin.py:188} INFO - [2024-05-15T03:22:16.621+0800] {dagbag.py:545} INFO - Filling up the DagBag from /home/jithish/Documents/dag-dag-dag/.venv/lib/python3.10/site-packages/airflow/example_dags/example_branch_operator.py
[2024-05-15T03:22:16.652+0800] {processor.py:840} INFO - DAG(s) 'example_branch_operator' retrieved from /home/jithish/Documents/dag-dag-dag/.venv/lib/python3.10/site-packages/airflow/example_dags/example_branch_operator.py
[2024-05-15T03:22:16.677+0800] {logging_mixin.py:188} INFO - [2024-05-15T03:22:16.676+0800] {dag.py:3096} INFO - Sync 1 DAGs
[2024-05-15T03:22:16.690+0800] {logging_mixin.py:188} INFO - [2024-05-15T03:22:16.690+0800] {dag.py:3954} INFO - Setting next_dagrun for example_branch_operator to 2024-05-13 00:00:00+00:00, run_after=2024-05-14 00:00:00+00:00
[2024-05-15T03:22:16.713+0800] {processor.py:183} INFO - Processing /home/jithish/Documents/dag-dag-dag/.venv/lib/python3.10/site-packages/airflow/example_dags/example_branch_operator.py took 0.166 seconds
[2024-05-15T03:23:10.995+0800] {processor.py:161} INFO - Started process (PID=82177) to work on /home/jithish/Documents/dag-dag-dag/.venv/lib/python3.10/site-packages/airflow/example_dags/example_branch_operator.py
[2024-05-15T03:23:11.056+0800] {processor.py:830} INFO - Processing file /home/jithish/Documents/dag-dag-dag/.venv/lib/python3.10/site-packages/airflow/example_dags/example_branch_operator.py for tasks to queue
[2024-05-15T03:23:11.059+0800] {logging_mixin.py:188} INFO - [2024-05-15T03:23:11.058+0800] {dagbag.py:545} INFO - Filling up the DagBag from /home/jithish/Documents/dag-dag-dag/.venv/lib/python3.10/site-packages/airflow/example_dags/example_branch_operator.py
[2024-05-15T03:23:11.094+0800] {processor.py:840} INFO - DAG(s) 'example_branch_operator' retrieved from /home/jithish/Documents/dag-dag-dag/.venv/lib/python3.10/site-packages/airflow/example_dags/example_branch_operator.py
[2024-05-15T03:23:11.117+0800] {logging_mixin.py:188} INFO - [2024-05-15T03:23:11.117+0800] {dag.py:3096} INFO - Sync 1 DAGs
[2024-05-15T03:23:11.129+0800] {logging_mixin.py:188} INFO - [2024-05-15T03:23:11.129+0800] {dag.py:3954} INFO - Setting next_dagrun for example_branch_operator to 2024-05-13 00:00:00+00:00, run_after=2024-05-14 00:00:00+00:00
[2024-05-15T03:23:11.148+0800] {processor.py:183} INFO - Processing /home/jithish/Documents/dag-dag-dag/.venv/lib/python3.10/site-packages/airflow/example_dags/example_branch_operator.py took 0.156 seconds
[2024-05-15T03:24:03.316+0800] {processor.py:161} INFO - Started process (PID=82652) to work on /home/jithish/Documents/dag-dag-dag/.venv/lib/python3.10/site-packages/airflow/example_dags/example_branch_operator.py
[2024-05-15T03:24:03.377+0800] {processor.py:830} INFO - Processing file /home/jithish/Documents/dag-dag-dag/.venv/lib/python3.10/site-packages/airflow/example_dags/example_branch_operator.py for tasks to queue
[2024-05-15T03:24:03.382+0800] {logging_mixin.py:188} INFO - [2024-05-15T03:24:03.381+0800] {dagbag.py:545} INFO - Filling up the DagBag from /home/jithish/Documents/dag-dag-dag/.venv/lib/python3.10/site-packages/airflow/example_dags/example_branch_operator.py
[2024-05-15T03:24:03.397+0800] {processor.py:840} INFO - DAG(s) 'example_branch_operator' retrieved from /home/jithish/Documents/dag-dag-dag/.venv/lib/python3.10/site-packages/airflow/example_dags/example_branch_operator.py
[2024-05-15T03:24:03.414+0800] {logging_mixin.py:188} INFO - [2024-05-15T03:24:03.413+0800] {dag.py:3096} INFO - Sync 1 DAGs
[2024-05-15T03:24:03.426+0800] {logging_mixin.py:188} INFO - [2024-05-15T03:24:03.426+0800] {dag.py:3954} INFO - Setting next_dagrun for example_branch_operator to 2024-05-13 00:00:00+00:00, run_after=2024-05-14 00:00:00+00:00
[2024-05-15T03:24:03.444+0800] {processor.py:183} INFO - Processing /home/jithish/Documents/dag-dag-dag/.venv/lib/python3.10/site-packages/airflow/example_dags/example_branch_operator.py took 0.132 seconds
[2024-05-15T03:24:59.349+0800] {processor.py:161} INFO - Started process (PID=83128) to work on /home/jithish/Documents/dag-dag-dag/.venv/lib/python3.10/site-packages/airflow/example_dags/example_branch_operator.py
[2024-05-15T03:24:59.411+0800] {processor.py:830} INFO - Processing file /home/jithish/Documents/dag-dag-dag/.venv/lib/python3.10/site-packages/airflow/example_dags/example_branch_operator.py for tasks to queue
[2024-05-15T03:24:59.416+0800] {logging_mixin.py:188} INFO - [2024-05-15T03:24:59.415+0800] {dagbag.py:545} INFO - Filling up the DagBag from /home/jithish/Documents/dag-dag-dag/.venv/lib/python3.10/site-packages/airflow/example_dags/example_branch_operator.py
[2024-05-15T03:24:59.456+0800] {processor.py:840} INFO - DAG(s) 'example_branch_operator' retrieved from /home/jithish/Documents/dag-dag-dag/.venv/lib/python3.10/site-packages/airflow/example_dags/example_branch_operator.py
[2024-05-15T03:24:59.477+0800] {logging_mixin.py:188} INFO - [2024-05-15T03:24:59.477+0800] {dag.py:3096} INFO - Sync 1 DAGs
[2024-05-15T03:24:59.490+0800] {logging_mixin.py:188} INFO - [2024-05-15T03:24:59.490+0800] {dag.py:3954} INFO - Setting next_dagrun for example_branch_operator to 2024-05-13 00:00:00+00:00, run_after=2024-05-14 00:00:00+00:00
[2024-05-15T03:24:59.515+0800] {processor.py:183} INFO - Processing /home/jithish/Documents/dag-dag-dag/.venv/lib/python3.10/site-packages/airflow/example_dags/example_branch_operator.py took 0.170 seconds
[2024-05-15T03:25:53.468+0800] {processor.py:161} INFO - Started process (PID=83569) to work on /home/jithish/Documents/dag-dag-dag/.venv/lib/python3.10/site-packages/airflow/example_dags/example_branch_operator.py
[2024-05-15T03:25:53.529+0800] {processor.py:830} INFO - Processing file /home/jithish/Documents/dag-dag-dag/.venv/lib/python3.10/site-packages/airflow/example_dags/example_branch_operator.py for tasks to queue
[2024-05-15T03:25:53.531+0800] {logging_mixin.py:188} INFO - [2024-05-15T03:25:53.531+0800] {dagbag.py:545} INFO - Filling up the DagBag from /home/jithish/Documents/dag-dag-dag/.venv/lib/python3.10/site-packages/airflow/example_dags/example_branch_operator.py
[2024-05-15T03:25:53.567+0800] {processor.py:840} INFO - DAG(s) 'example_branch_operator' retrieved from /home/jithish/Documents/dag-dag-dag/.venv/lib/python3.10/site-packages/airflow/example_dags/example_branch_operator.py
[2024-05-15T03:25:53.591+0800] {logging_mixin.py:188} INFO - [2024-05-15T03:25:53.591+0800] {dag.py:3096} INFO - Sync 1 DAGs
[2024-05-15T03:25:53.604+0800] {logging_mixin.py:188} INFO - [2024-05-15T03:25:53.604+0800] {dag.py:3954} INFO - Setting next_dagrun for example_branch_operator to 2024-05-13 00:00:00+00:00, run_after=2024-05-14 00:00:00+00:00
[2024-05-15T03:25:53.623+0800] {processor.py:183} INFO - Processing /home/jithish/Documents/dag-dag-dag/.venv/lib/python3.10/site-packages/airflow/example_dags/example_branch_operator.py took 0.160 seconds
[2024-05-15T03:26:47.405+0800] {processor.py:161} INFO - Started process (PID=84174) to work on /home/jithish/Documents/dag-dag-dag/.venv/lib/python3.10/site-packages/airflow/example_dags/example_branch_operator.py
[2024-05-15T03:26:47.466+0800] {processor.py:830} INFO - Processing file /home/jithish/Documents/dag-dag-dag/.venv/lib/python3.10/site-packages/airflow/example_dags/example_branch_operator.py for tasks to queue
[2024-05-15T03:26:47.467+0800] {logging_mixin.py:188} INFO - [2024-05-15T03:26:47.467+0800] {dagbag.py:545} INFO - Filling up the DagBag from /home/jithish/Documents/dag-dag-dag/.venv/lib/python3.10/site-packages/airflow/example_dags/example_branch_operator.py
[2024-05-15T03:26:47.480+0800] {processor.py:840} INFO - DAG(s) 'example_branch_operator' retrieved from /home/jithish/Documents/dag-dag-dag/.venv/lib/python3.10/site-packages/airflow/example_dags/example_branch_operator.py
[2024-05-15T03:26:47.498+0800] {logging_mixin.py:188} INFO - [2024-05-15T03:26:47.498+0800] {dag.py:3096} INFO - Sync 1 DAGs
[2024-05-15T03:26:47.512+0800] {logging_mixin.py:188} INFO - [2024-05-15T03:26:47.512+0800] {dag.py:3954} INFO - Setting next_dagrun for example_branch_operator to 2024-05-13 00:00:00+00:00, run_after=2024-05-14 00:00:00+00:00
[2024-05-15T03:26:47.538+0800] {processor.py:183} INFO - Processing /home/jithish/Documents/dag-dag-dag/.venv/lib/python3.10/site-packages/airflow/example_dags/example_branch_operator.py took 0.137 seconds
[2024-05-15T03:27:41.047+0800] {processor.py:161} INFO - Started process (PID=84794) to work on /home/jithish/Documents/dag-dag-dag/.venv/lib/python3.10/site-packages/airflow/example_dags/example_branch_operator.py
[2024-05-15T03:27:41.108+0800] {processor.py:830} INFO - Processing file /home/jithish/Documents/dag-dag-dag/.venv/lib/python3.10/site-packages/airflow/example_dags/example_branch_operator.py for tasks to queue
[2024-05-15T03:27:41.109+0800] {logging_mixin.py:188} INFO - [2024-05-15T03:27:41.109+0800] {dagbag.py:545} INFO - Filling up the DagBag from /home/jithish/Documents/dag-dag-dag/.venv/lib/python3.10/site-packages/airflow/example_dags/example_branch_operator.py
[2024-05-15T03:27:41.123+0800] {processor.py:840} INFO - DAG(s) 'example_branch_operator' retrieved from /home/jithish/Documents/dag-dag-dag/.venv/lib/python3.10/site-packages/airflow/example_dags/example_branch_operator.py
[2024-05-15T03:27:41.142+0800] {logging_mixin.py:188} INFO - [2024-05-15T03:27:41.141+0800] {dag.py:3096} INFO - Sync 1 DAGs
[2024-05-15T03:27:41.160+0800] {logging_mixin.py:188} INFO - [2024-05-15T03:27:41.160+0800] {dag.py:3954} INFO - Setting next_dagrun for example_branch_operator to 2024-05-13 00:00:00+00:00, run_after=2024-05-14 00:00:00+00:00
[2024-05-15T03:27:41.196+0800] {processor.py:183} INFO - Processing /home/jithish/Documents/dag-dag-dag/.venv/lib/python3.10/site-packages/airflow/example_dags/example_branch_operator.py took 0.156 seconds
[2024-05-15T03:28:29.494+0800] {processor.py:161} INFO - Started process (PID=85186) to work on /home/jithish/Documents/dag-dag-dag/.venv/lib/python3.10/site-packages/airflow/example_dags/example_branch_operator.py
[2024-05-15T03:28:29.555+0800] {processor.py:830} INFO - Processing file /home/jithish/Documents/dag-dag-dag/.venv/lib/python3.10/site-packages/airflow/example_dags/example_branch_operator.py for tasks to queue
[2024-05-15T03:28:29.561+0800] {logging_mixin.py:188} INFO - [2024-05-15T03:28:29.560+0800] {dagbag.py:545} INFO - Filling up the DagBag from /home/jithish/Documents/dag-dag-dag/.venv/lib/python3.10/site-packages/airflow/example_dags/example_branch_operator.py
[2024-05-15T03:28:29.591+0800] {processor.py:840} INFO - DAG(s) 'example_branch_operator' retrieved from /home/jithish/Documents/dag-dag-dag/.venv/lib/python3.10/site-packages/airflow/example_dags/example_branch_operator.py
[2024-05-15T03:28:29.611+0800] {logging_mixin.py:188} INFO - [2024-05-15T03:28:29.611+0800] {dag.py:3096} INFO - Sync 1 DAGs
[2024-05-15T03:28:29.625+0800] {logging_mixin.py:188} INFO - [2024-05-15T03:28:29.625+0800] {dag.py:3954} INFO - Setting next_dagrun for example_branch_operator to 2024-05-13 00:00:00+00:00, run_after=2024-05-14 00:00:00+00:00
[2024-05-15T03:28:29.645+0800] {processor.py:183} INFO - Processing /home/jithish/Documents/dag-dag-dag/.venv/lib/python3.10/site-packages/airflow/example_dags/example_branch_operator.py took 0.155 seconds
[2024-05-15T03:29:20.288+0800] {processor.py:161} INFO - Started process (PID=85630) to work on /home/jithish/Documents/dag-dag-dag/.venv/lib/python3.10/site-packages/airflow/example_dags/example_branch_operator.py
[2024-05-15T03:29:20.349+0800] {processor.py:830} INFO - Processing file /home/jithish/Documents/dag-dag-dag/.venv/lib/python3.10/site-packages/airflow/example_dags/example_branch_operator.py for tasks to queue
[2024-05-15T03:29:20.353+0800] {logging_mixin.py:188} INFO - [2024-05-15T03:29:20.352+0800] {dagbag.py:545} INFO - Filling up the DagBag from /home/jithish/Documents/dag-dag-dag/.venv/lib/python3.10/site-packages/airflow/example_dags/example_branch_operator.py
[2024-05-15T03:29:20.394+0800] {processor.py:840} INFO - DAG(s) 'example_branch_operator' retrieved from /home/jithish/Documents/dag-dag-dag/.venv/lib/python3.10/site-packages/airflow/example_dags/example_branch_operator.py
[2024-05-15T03:29:20.417+0800] {logging_mixin.py:188} INFO - [2024-05-15T03:29:20.417+0800] {dag.py:3096} INFO - Sync 1 DAGs
[2024-05-15T03:29:20.431+0800] {logging_mixin.py:188} INFO - [2024-05-15T03:29:20.431+0800] {dag.py:3954} INFO - Setting next_dagrun for example_branch_operator to 2024-05-13 00:00:00+00:00, run_after=2024-05-14 00:00:00+00:00
[2024-05-15T03:29:20.449+0800] {processor.py:183} INFO - Processing /home/jithish/Documents/dag-dag-dag/.venv/lib/python3.10/site-packages/airflow/example_dags/example_branch_operator.py took 0.165 seconds
[2024-05-15T03:30:08.806+0800] {processor.py:161} INFO - Started process (PID=86039) to work on /home/jithish/Documents/dag-dag-dag/.venv/lib/python3.10/site-packages/airflow/example_dags/example_branch_operator.py
[2024-05-15T03:30:08.867+0800] {processor.py:830} INFO - Processing file /home/jithish/Documents/dag-dag-dag/.venv/lib/python3.10/site-packages/airflow/example_dags/example_branch_operator.py for tasks to queue
[2024-05-15T03:30:08.871+0800] {logging_mixin.py:188} INFO - [2024-05-15T03:30:08.870+0800] {dagbag.py:545} INFO - Filling up the DagBag from /home/jithish/Documents/dag-dag-dag/.venv/lib/python3.10/site-packages/airflow/example_dags/example_branch_operator.py
[2024-05-15T03:30:08.906+0800] {processor.py:840} INFO - DAG(s) 'example_branch_operator' retrieved from /home/jithish/Documents/dag-dag-dag/.venv/lib/python3.10/site-packages/airflow/example_dags/example_branch_operator.py
[2024-05-15T03:30:08.928+0800] {logging_mixin.py:188} INFO - [2024-05-15T03:30:08.927+0800] {dag.py:3096} INFO - Sync 1 DAGs
[2024-05-15T03:30:08.941+0800] {logging_mixin.py:188} INFO - [2024-05-15T03:30:08.941+0800] {dag.py:3954} INFO - Setting next_dagrun for example_branch_operator to 2024-05-13 00:00:00+00:00, run_after=2024-05-14 00:00:00+00:00
[2024-05-15T03:30:08.959+0800] {processor.py:183} INFO - Processing /home/jithish/Documents/dag-dag-dag/.venv/lib/python3.10/site-packages/airflow/example_dags/example_branch_operator.py took 0.161 seconds
[2024-05-15T03:30:59.918+0800] {processor.py:161} INFO - Started process (PID=86482) to work on /home/jithish/Documents/dag-dag-dag/.venv/lib/python3.10/site-packages/airflow/example_dags/example_branch_operator.py
[2024-05-15T03:30:59.979+0800] {processor.py:830} INFO - Processing file /home/jithish/Documents/dag-dag-dag/.venv/lib/python3.10/site-packages/airflow/example_dags/example_branch_operator.py for tasks to queue
[2024-05-15T03:30:59.984+0800] {logging_mixin.py:188} INFO - [2024-05-15T03:30:59.983+0800] {dagbag.py:545} INFO - Filling up the DagBag from /home/jithish/Documents/dag-dag-dag/.venv/lib/python3.10/site-packages/airflow/example_dags/example_branch_operator.py
[2024-05-15T03:31:00.024+0800] {processor.py:840} INFO - DAG(s) 'example_branch_operator' retrieved from /home/jithish/Documents/dag-dag-dag/.venv/lib/python3.10/site-packages/airflow/example_dags/example_branch_operator.py
[2024-05-15T03:31:00.044+0800] {logging_mixin.py:188} INFO - [2024-05-15T03:31:00.044+0800] {dag.py:3096} INFO - Sync 1 DAGs
[2024-05-15T03:31:00.057+0800] {logging_mixin.py:188} INFO - [2024-05-15T03:31:00.057+0800] {dag.py:3954} INFO - Setting next_dagrun for example_branch_operator to 2024-05-13 00:00:00+00:00, run_after=2024-05-14 00:00:00+00:00
[2024-05-15T03:31:00.076+0800] {processor.py:183} INFO - Processing /home/jithish/Documents/dag-dag-dag/.venv/lib/python3.10/site-packages/airflow/example_dags/example_branch_operator.py took 0.165 seconds
[2024-05-15T03:31:52.249+0800] {processor.py:161} INFO - Started process (PID=86940) to work on /home/jithish/Documents/dag-dag-dag/.venv/lib/python3.10/site-packages/airflow/example_dags/example_branch_operator.py
[2024-05-15T03:31:52.309+0800] {processor.py:830} INFO - Processing file /home/jithish/Documents/dag-dag-dag/.venv/lib/python3.10/site-packages/airflow/example_dags/example_branch_operator.py for tasks to queue
[2024-05-15T03:31:52.312+0800] {logging_mixin.py:188} INFO - [2024-05-15T03:31:52.311+0800] {dagbag.py:545} INFO - Filling up the DagBag from /home/jithish/Documents/dag-dag-dag/.venv/lib/python3.10/site-packages/airflow/example_dags/example_branch_operator.py
[2024-05-15T03:31:52.341+0800] {processor.py:840} INFO - DAG(s) 'example_branch_operator' retrieved from /home/jithish/Documents/dag-dag-dag/.venv/lib/python3.10/site-packages/airflow/example_dags/example_branch_operator.py
[2024-05-15T03:31:52.367+0800] {logging_mixin.py:188} INFO - [2024-05-15T03:31:52.367+0800] {dag.py:3096} INFO - Sync 1 DAGs
[2024-05-15T03:31:52.381+0800] {logging_mixin.py:188} INFO - [2024-05-15T03:31:52.381+0800] {dag.py:3954} INFO - Setting next_dagrun for example_branch_operator to 2024-05-13 00:00:00+00:00, run_after=2024-05-14 00:00:00+00:00
[2024-05-15T03:31:52.397+0800] {processor.py:183} INFO - Processing /home/jithish/Documents/dag-dag-dag/.venv/lib/python3.10/site-packages/airflow/example_dags/example_branch_operator.py took 0.152 seconds
[2024-05-15T03:32:43.047+0800] {processor.py:161} INFO - Started process (PID=87346) to work on /home/jithish/Documents/dag-dag-dag/.venv/lib/python3.10/site-packages/airflow/example_dags/example_branch_operator.py
[2024-05-15T03:32:43.109+0800] {processor.py:830} INFO - Processing file /home/jithish/Documents/dag-dag-dag/.venv/lib/python3.10/site-packages/airflow/example_dags/example_branch_operator.py for tasks to queue
[2024-05-15T03:32:43.110+0800] {logging_mixin.py:188} INFO - [2024-05-15T03:32:43.110+0800] {dagbag.py:545} INFO - Filling up the DagBag from /home/jithish/Documents/dag-dag-dag/.venv/lib/python3.10/site-packages/airflow/example_dags/example_branch_operator.py
[2024-05-15T03:32:43.122+0800] {processor.py:840} INFO - DAG(s) 'example_branch_operator' retrieved from /home/jithish/Documents/dag-dag-dag/.venv/lib/python3.10/site-packages/airflow/example_dags/example_branch_operator.py
[2024-05-15T03:32:43.139+0800] {logging_mixin.py:188} INFO - [2024-05-15T03:32:43.138+0800] {dag.py:3096} INFO - Sync 1 DAGs
[2024-05-15T03:32:43.152+0800] {logging_mixin.py:188} INFO - [2024-05-15T03:32:43.152+0800] {dag.py:3954} INFO - Setting next_dagrun for example_branch_operator to 2024-05-13 00:00:00+00:00, run_after=2024-05-14 00:00:00+00:00
[2024-05-15T03:32:43.178+0800] {processor.py:183} INFO - Processing /home/jithish/Documents/dag-dag-dag/.venv/lib/python3.10/site-packages/airflow/example_dags/example_branch_operator.py took 0.139 seconds
[2024-05-15T03:33:31.209+0800] {processor.py:161} INFO - Started process (PID=87805) to work on /home/jithish/Documents/dag-dag-dag/.venv/lib/python3.10/site-packages/airflow/example_dags/example_branch_operator.py
[2024-05-15T03:33:31.237+0800] {processor.py:830} INFO - Processing file /home/jithish/Documents/dag-dag-dag/.venv/lib/python3.10/site-packages/airflow/example_dags/example_branch_operator.py for tasks to queue
[2024-05-15T03:33:31.239+0800] {logging_mixin.py:188} INFO - [2024-05-15T03:33:31.238+0800] {dagbag.py:545} INFO - Filling up the DagBag from /home/jithish/Documents/dag-dag-dag/.venv/lib/python3.10/site-packages/airflow/example_dags/example_branch_operator.py
[2024-05-15T03:33:31.251+0800] {processor.py:840} INFO - DAG(s) 'example_branch_operator' retrieved from /home/jithish/Documents/dag-dag-dag/.venv/lib/python3.10/site-packages/airflow/example_dags/example_branch_operator.py
[2024-05-15T03:33:31.270+0800] {logging_mixin.py:188} INFO - [2024-05-15T03:33:31.270+0800] {dag.py:3096} INFO - Sync 1 DAGs
[2024-05-15T03:33:31.284+0800] {logging_mixin.py:188} INFO - [2024-05-15T03:33:31.283+0800] {dag.py:3954} INFO - Setting next_dagrun for example_branch_operator to 2024-05-13 00:00:00+00:00, run_after=2024-05-14 00:00:00+00:00
[2024-05-15T03:33:31.301+0800] {processor.py:183} INFO - Processing /home/jithish/Documents/dag-dag-dag/.venv/lib/python3.10/site-packages/airflow/example_dags/example_branch_operator.py took 0.096 seconds
[2024-05-15T03:34:38.528+0800] {processor.py:161} INFO - Started process (PID=88457) to work on /home/jithish/Documents/dag-dag-dag/.venv/lib/python3.10/site-packages/airflow/example_dags/example_branch_operator.py
[2024-05-15T03:34:38.589+0800] {processor.py:830} INFO - Processing file /home/jithish/Documents/dag-dag-dag/.venv/lib/python3.10/site-packages/airflow/example_dags/example_branch_operator.py for tasks to queue
[2024-05-15T03:34:38.590+0800] {logging_mixin.py:188} INFO - [2024-05-15T03:34:38.590+0800] {dagbag.py:545} INFO - Filling up the DagBag from /home/jithish/Documents/dag-dag-dag/.venv/lib/python3.10/site-packages/airflow/example_dags/example_branch_operator.py
[2024-05-15T03:34:38.604+0800] {processor.py:840} INFO - DAG(s) 'example_branch_operator' retrieved from /home/jithish/Documents/dag-dag-dag/.venv/lib/python3.10/site-packages/airflow/example_dags/example_branch_operator.py
[2024-05-15T03:34:38.623+0800] {logging_mixin.py:188} INFO - [2024-05-15T03:34:38.622+0800] {dag.py:3096} INFO - Sync 1 DAGs
[2024-05-15T03:34:38.636+0800] {logging_mixin.py:188} INFO - [2024-05-15T03:34:38.636+0800] {dag.py:3954} INFO - Setting next_dagrun for example_branch_operator to 2024-05-13 00:00:00+00:00, run_after=2024-05-14 00:00:00+00:00
[2024-05-15T03:34:38.653+0800] {processor.py:183} INFO - Processing /home/jithish/Documents/dag-dag-dag/.venv/lib/python3.10/site-packages/airflow/example_dags/example_branch_operator.py took 0.129 seconds
[2024-05-15T03:35:29.499+0800] {processor.py:161} INFO - Started process (PID=88888) to work on /home/jithish/Documents/dag-dag-dag/.venv/lib/python3.10/site-packages/airflow/example_dags/example_branch_operator.py
[2024-05-15T03:35:29.513+0800] {processor.py:830} INFO - Processing file /home/jithish/Documents/dag-dag-dag/.venv/lib/python3.10/site-packages/airflow/example_dags/example_branch_operator.py for tasks to queue
[2024-05-15T03:35:29.515+0800] {logging_mixin.py:188} INFO - [2024-05-15T03:35:29.514+0800] {dagbag.py:545} INFO - Filling up the DagBag from /home/jithish/Documents/dag-dag-dag/.venv/lib/python3.10/site-packages/airflow/example_dags/example_branch_operator.py
[2024-05-15T03:35:29.528+0800] {processor.py:840} INFO - DAG(s) 'example_branch_operator' retrieved from /home/jithish/Documents/dag-dag-dag/.venv/lib/python3.10/site-packages/airflow/example_dags/example_branch_operator.py
[2024-05-15T03:35:29.546+0800] {logging_mixin.py:188} INFO - [2024-05-15T03:35:29.546+0800] {dag.py:3096} INFO - Sync 1 DAGs
[2024-05-15T03:35:29.560+0800] {logging_mixin.py:188} INFO - [2024-05-15T03:35:29.559+0800] {dag.py:3954} INFO - Setting next_dagrun for example_branch_operator to 2024-05-13 00:00:00+00:00, run_after=2024-05-14 00:00:00+00:00
[2024-05-15T03:35:29.578+0800] {processor.py:183} INFO - Processing /home/jithish/Documents/dag-dag-dag/.venv/lib/python3.10/site-packages/airflow/example_dags/example_branch_operator.py took 0.086 seconds
[2024-05-15T03:36:20.344+0800] {processor.py:161} INFO - Started process (PID=89362) to work on /home/jithish/Documents/dag-dag-dag/.venv/lib/python3.10/site-packages/airflow/example_dags/example_branch_operator.py
[2024-05-15T03:36:20.345+0800] {processor.py:830} INFO - Processing file /home/jithish/Documents/dag-dag-dag/.venv/lib/python3.10/site-packages/airflow/example_dags/example_branch_operator.py for tasks to queue
[2024-05-15T03:36:20.347+0800] {logging_mixin.py:188} INFO - [2024-05-15T03:36:20.346+0800] {dagbag.py:545} INFO - Filling up the DagBag from /home/jithish/Documents/dag-dag-dag/.venv/lib/python3.10/site-packages/airflow/example_dags/example_branch_operator.py
[2024-05-15T03:36:20.361+0800] {processor.py:840} INFO - DAG(s) 'example_branch_operator' retrieved from /home/jithish/Documents/dag-dag-dag/.venv/lib/python3.10/site-packages/airflow/example_dags/example_branch_operator.py
[2024-05-15T03:36:20.380+0800] {logging_mixin.py:188} INFO - [2024-05-15T03:36:20.379+0800] {dag.py:3096} INFO - Sync 1 DAGs
[2024-05-15T03:36:20.397+0800] {logging_mixin.py:188} INFO - [2024-05-15T03:36:20.396+0800] {dag.py:3954} INFO - Setting next_dagrun for example_branch_operator to 2024-05-13 00:00:00+00:00, run_after=2024-05-14 00:00:00+00:00
[2024-05-15T03:36:20.419+0800] {processor.py:183} INFO - Processing /home/jithish/Documents/dag-dag-dag/.venv/lib/python3.10/site-packages/airflow/example_dags/example_branch_operator.py took 0.080 seconds
[2024-05-15T03:37:31.383+0800] {processor.py:161} INFO - Started process (PID=90029) to work on /home/jithish/Documents/dag-dag-dag/.venv/lib/python3.10/site-packages/airflow/example_dags/example_branch_operator.py
[2024-05-15T03:37:31.384+0800] {processor.py:830} INFO - Processing file /home/jithish/Documents/dag-dag-dag/.venv/lib/python3.10/site-packages/airflow/example_dags/example_branch_operator.py for tasks to queue
[2024-05-15T03:37:31.386+0800] {logging_mixin.py:188} INFO - [2024-05-15T03:37:31.385+0800] {dagbag.py:545} INFO - Filling up the DagBag from /home/jithish/Documents/dag-dag-dag/.venv/lib/python3.10/site-packages/airflow/example_dags/example_branch_operator.py
[2024-05-15T03:37:31.402+0800] {processor.py:840} INFO - DAG(s) 'example_branch_operator' retrieved from /home/jithish/Documents/dag-dag-dag/.venv/lib/python3.10/site-packages/airflow/example_dags/example_branch_operator.py
[2024-05-15T03:37:31.420+0800] {logging_mixin.py:188} INFO - [2024-05-15T03:37:31.420+0800] {dag.py:3096} INFO - Sync 1 DAGs
[2024-05-15T03:37:31.434+0800] {logging_mixin.py:188} INFO - [2024-05-15T03:37:31.434+0800] {dag.py:3954} INFO - Setting next_dagrun for example_branch_operator to 2024-05-13 00:00:00+00:00, run_after=2024-05-14 00:00:00+00:00
[2024-05-15T03:37:31.447+0800] {processor.py:183} INFO - Processing /home/jithish/Documents/dag-dag-dag/.venv/lib/python3.10/site-packages/airflow/example_dags/example_branch_operator.py took 0.071 seconds
[2024-05-15T03:38:21.104+0800] {processor.py:161} INFO - Started process (PID=90463) to work on /home/jithish/Documents/dag-dag-dag/.venv/lib/python3.10/site-packages/airflow/example_dags/example_branch_operator.py
[2024-05-15T03:38:21.164+0800] {processor.py:830} INFO - Processing file /home/jithish/Documents/dag-dag-dag/.venv/lib/python3.10/site-packages/airflow/example_dags/example_branch_operator.py for tasks to queue
[2024-05-15T03:38:21.167+0800] {logging_mixin.py:188} INFO - [2024-05-15T03:38:21.166+0800] {dagbag.py:545} INFO - Filling up the DagBag from /home/jithish/Documents/dag-dag-dag/.venv/lib/python3.10/site-packages/airflow/example_dags/example_branch_operator.py
[2024-05-15T03:38:21.184+0800] {processor.py:840} INFO - DAG(s) 'example_branch_operator' retrieved from /home/jithish/Documents/dag-dag-dag/.venv/lib/python3.10/site-packages/airflow/example_dags/example_branch_operator.py
[2024-05-15T03:38:21.203+0800] {logging_mixin.py:188} INFO - [2024-05-15T03:38:21.202+0800] {dag.py:3096} INFO - Sync 1 DAGs
[2024-05-15T03:38:21.217+0800] {logging_mixin.py:188} INFO - [2024-05-15T03:38:21.217+0800] {dag.py:3954} INFO - Setting next_dagrun for example_branch_operator to 2024-05-13 00:00:00+00:00, run_after=2024-05-14 00:00:00+00:00
[2024-05-15T03:38:21.236+0800] {processor.py:183} INFO - Processing /home/jithish/Documents/dag-dag-dag/.venv/lib/python3.10/site-packages/airflow/example_dags/example_branch_operator.py took 0.138 seconds
[2024-05-15T03:39:15.778+0800] {processor.py:161} INFO - Started process (PID=91254) to work on /home/jithish/Documents/dag-dag-dag/.venv/lib/python3.10/site-packages/airflow/example_dags/example_branch_operator.py
[2024-05-15T03:39:15.815+0800] {processor.py:830} INFO - Processing file /home/jithish/Documents/dag-dag-dag/.venv/lib/python3.10/site-packages/airflow/example_dags/example_branch_operator.py for tasks to queue
[2024-05-15T03:39:15.820+0800] {logging_mixin.py:188} INFO - [2024-05-15T03:39:15.819+0800] {dagbag.py:545} INFO - Filling up the DagBag from /home/jithish/Documents/dag-dag-dag/.venv/lib/python3.10/site-packages/airflow/example_dags/example_branch_operator.py
[2024-05-15T03:39:15.856+0800] {processor.py:840} INFO - DAG(s) 'example_branch_operator' retrieved from /home/jithish/Documents/dag-dag-dag/.venv/lib/python3.10/site-packages/airflow/example_dags/example_branch_operator.py
[2024-05-15T03:39:15.882+0800] {logging_mixin.py:188} INFO - [2024-05-15T03:39:15.882+0800] {dag.py:3096} INFO - Sync 1 DAGs
[2024-05-15T03:39:15.898+0800] {logging_mixin.py:188} INFO - [2024-05-15T03:39:15.897+0800] {dag.py:3954} INFO - Setting next_dagrun for example_branch_operator to 2024-05-13 00:00:00+00:00, run_after=2024-05-14 00:00:00+00:00
[2024-05-15T03:39:15.913+0800] {processor.py:183} INFO - Processing /home/jithish/Documents/dag-dag-dag/.venv/lib/python3.10/site-packages/airflow/example_dags/example_branch_operator.py took 0.139 seconds
[2024-05-15T03:40:17.602+0800] {processor.py:161} INFO - Started process (PID=92935) to work on /home/jithish/Documents/dag-dag-dag/.venv/lib/python3.10/site-packages/airflow/example_dags/example_branch_operator.py
[2024-05-15T03:40:17.663+0800] {processor.py:830} INFO - Processing file /home/jithish/Documents/dag-dag-dag/.venv/lib/python3.10/site-packages/airflow/example_dags/example_branch_operator.py for tasks to queue
[2024-05-15T03:40:17.669+0800] {logging_mixin.py:188} INFO - [2024-05-15T03:40:17.668+0800] {dagbag.py:545} INFO - Filling up the DagBag from /home/jithish/Documents/dag-dag-dag/.venv/lib/python3.10/site-packages/airflow/example_dags/example_branch_operator.py
[2024-05-15T03:40:17.709+0800] {processor.py:840} INFO - DAG(s) 'example_branch_operator' retrieved from /home/jithish/Documents/dag-dag-dag/.venv/lib/python3.10/site-packages/airflow/example_dags/example_branch_operator.py
[2024-05-15T03:40:17.735+0800] {logging_mixin.py:188} INFO - [2024-05-15T03:40:17.735+0800] {dag.py:3096} INFO - Sync 1 DAGs
[2024-05-15T03:40:17.751+0800] {logging_mixin.py:188} INFO - [2024-05-15T03:40:17.751+0800] {dag.py:3954} INFO - Setting next_dagrun for example_branch_operator to 2024-05-13 00:00:00+00:00, run_after=2024-05-14 00:00:00+00:00
[2024-05-15T03:40:17.767+0800] {processor.py:183} INFO - Processing /home/jithish/Documents/dag-dag-dag/.venv/lib/python3.10/site-packages/airflow/example_dags/example_branch_operator.py took 0.173 seconds
[2024-05-15T03:41:14.931+0800] {processor.py:161} INFO - Started process (PID=93750) to work on /home/jithish/Documents/dag-dag-dag/.venv/lib/python3.10/site-packages/airflow/example_dags/example_branch_operator.py
[2024-05-15T03:41:14.992+0800] {processor.py:830} INFO - Processing file /home/jithish/Documents/dag-dag-dag/.venv/lib/python3.10/site-packages/airflow/example_dags/example_branch_operator.py for tasks to queue
[2024-05-15T03:41:14.994+0800] {logging_mixin.py:188} INFO - [2024-05-15T03:41:14.993+0800] {dagbag.py:545} INFO - Filling up the DagBag from /home/jithish/Documents/dag-dag-dag/.venv/lib/python3.10/site-packages/airflow/example_dags/example_branch_operator.py
[2024-05-15T03:41:15.009+0800] {processor.py:840} INFO - DAG(s) 'example_branch_operator' retrieved from /home/jithish/Documents/dag-dag-dag/.venv/lib/python3.10/site-packages/airflow/example_dags/example_branch_operator.py
[2024-05-15T03:41:15.033+0800] {logging_mixin.py:188} INFO - [2024-05-15T03:41:15.032+0800] {dag.py:3096} INFO - Sync 1 DAGs
[2024-05-15T03:41:15.049+0800] {logging_mixin.py:188} INFO - [2024-05-15T03:41:15.049+0800] {dag.py:3954} INFO - Setting next_dagrun for example_branch_operator to 2024-05-13 00:00:00+00:00, run_after=2024-05-14 00:00:00+00:00
[2024-05-15T03:41:15.069+0800] {processor.py:183} INFO - Processing /home/jithish/Documents/dag-dag-dag/.venv/lib/python3.10/site-packages/airflow/example_dags/example_branch_operator.py took 0.146 seconds
[2024-05-15T03:42:08.866+0800] {processor.py:161} INFO - Started process (PID=94532) to work on /home/jithish/Documents/dag-dag-dag/.venv/lib/python3.10/site-packages/airflow/example_dags/example_branch_operator.py
[2024-05-15T03:42:08.867+0800] {processor.py:830} INFO - Processing file /home/jithish/Documents/dag-dag-dag/.venv/lib/python3.10/site-packages/airflow/example_dags/example_branch_operator.py for tasks to queue
[2024-05-15T03:42:08.870+0800] {logging_mixin.py:188} INFO - [2024-05-15T03:42:08.869+0800] {dagbag.py:545} INFO - Filling up the DagBag from /home/jithish/Documents/dag-dag-dag/.venv/lib/python3.10/site-packages/airflow/example_dags/example_branch_operator.py
[2024-05-15T03:42:08.889+0800] {processor.py:840} INFO - DAG(s) 'example_branch_operator' retrieved from /home/jithish/Documents/dag-dag-dag/.venv/lib/python3.10/site-packages/airflow/example_dags/example_branch_operator.py
[2024-05-15T03:42:08.908+0800] {logging_mixin.py:188} INFO - [2024-05-15T03:42:08.908+0800] {dag.py:3096} INFO - Sync 1 DAGs
[2024-05-15T03:42:08.923+0800] {logging_mixin.py:188} INFO - [2024-05-15T03:42:08.923+0800] {dag.py:3954} INFO - Setting next_dagrun for example_branch_operator to 2024-05-13 00:00:00+00:00, run_after=2024-05-14 00:00:00+00:00
[2024-05-15T03:42:08.939+0800] {processor.py:183} INFO - Processing /home/jithish/Documents/dag-dag-dag/.venv/lib/python3.10/site-packages/airflow/example_dags/example_branch_operator.py took 0.081 seconds
[2024-05-15T03:43:02.621+0800] {processor.py:161} INFO - Started process (PID=95263) to work on /home/jithish/Documents/dag-dag-dag/.venv/lib/python3.10/site-packages/airflow/example_dags/example_branch_operator.py
[2024-05-15T03:43:02.682+0800] {processor.py:830} INFO - Processing file /home/jithish/Documents/dag-dag-dag/.venv/lib/python3.10/site-packages/airflow/example_dags/example_branch_operator.py for tasks to queue
[2024-05-15T03:43:02.684+0800] {logging_mixin.py:188} INFO - [2024-05-15T03:43:02.683+0800] {dagbag.py:545} INFO - Filling up the DagBag from /home/jithish/Documents/dag-dag-dag/.venv/lib/python3.10/site-packages/airflow/example_dags/example_branch_operator.py
[2024-05-15T03:43:02.698+0800] {processor.py:840} INFO - DAG(s) 'example_branch_operator' retrieved from /home/jithish/Documents/dag-dag-dag/.venv/lib/python3.10/site-packages/airflow/example_dags/example_branch_operator.py
[2024-05-15T03:43:02.717+0800] {logging_mixin.py:188} INFO - [2024-05-15T03:43:02.717+0800] {dag.py:3096} INFO - Sync 1 DAGs
[2024-05-15T03:43:02.733+0800] {logging_mixin.py:188} INFO - [2024-05-15T03:43:02.732+0800] {dag.py:3954} INFO - Setting next_dagrun for example_branch_operator to 2024-05-13 00:00:00+00:00, run_after=2024-05-14 00:00:00+00:00
[2024-05-15T03:43:02.752+0800] {processor.py:183} INFO - Processing /home/jithish/Documents/dag-dag-dag/.venv/lib/python3.10/site-packages/airflow/example_dags/example_branch_operator.py took 0.139 seconds
[2024-05-15T03:43:57.852+0800] {processor.py:161} INFO - Started process (PID=96092) to work on /home/jithish/Documents/dag-dag-dag/.venv/lib/python3.10/site-packages/airflow/example_dags/example_branch_operator.py
[2024-05-15T03:43:57.916+0800] {processor.py:830} INFO - Processing file /home/jithish/Documents/dag-dag-dag/.venv/lib/python3.10/site-packages/airflow/example_dags/example_branch_operator.py for tasks to queue
[2024-05-15T03:43:57.922+0800] {logging_mixin.py:188} INFO - [2024-05-15T03:43:57.920+0800] {dagbag.py:545} INFO - Filling up the DagBag from /home/jithish/Documents/dag-dag-dag/.venv/lib/python3.10/site-packages/airflow/example_dags/example_branch_operator.py
[2024-05-15T03:43:57.962+0800] {processor.py:840} INFO - DAG(s) 'example_branch_operator' retrieved from /home/jithish/Documents/dag-dag-dag/.venv/lib/python3.10/site-packages/airflow/example_dags/example_branch_operator.py
[2024-05-15T03:43:57.992+0800] {logging_mixin.py:188} INFO - [2024-05-15T03:43:57.991+0800] {dag.py:3096} INFO - Sync 1 DAGs
[2024-05-15T03:43:58.009+0800] {logging_mixin.py:188} INFO - [2024-05-15T03:43:58.009+0800] {dag.py:3954} INFO - Setting next_dagrun for example_branch_operator to 2024-05-13 00:00:00+00:00, run_after=2024-05-14 00:00:00+00:00
[2024-05-15T03:43:58.035+0800] {processor.py:183} INFO - Processing /home/jithish/Documents/dag-dag-dag/.venv/lib/python3.10/site-packages/airflow/example_dags/example_branch_operator.py took 0.189 seconds
[2024-05-15T03:44:53.089+0800] {processor.py:161} INFO - Started process (PID=96833) to work on /home/jithish/Documents/dag-dag-dag/.venv/lib/python3.10/site-packages/airflow/example_dags/example_branch_operator.py
[2024-05-15T03:44:53.150+0800] {processor.py:830} INFO - Processing file /home/jithish/Documents/dag-dag-dag/.venv/lib/python3.10/site-packages/airflow/example_dags/example_branch_operator.py for tasks to queue
[2024-05-15T03:44:53.156+0800] {logging_mixin.py:188} INFO - [2024-05-15T03:44:53.155+0800] {dagbag.py:545} INFO - Filling up the DagBag from /home/jithish/Documents/dag-dag-dag/.venv/lib/python3.10/site-packages/airflow/example_dags/example_branch_operator.py
[2024-05-15T03:44:53.194+0800] {processor.py:840} INFO - DAG(s) 'example_branch_operator' retrieved from /home/jithish/Documents/dag-dag-dag/.venv/lib/python3.10/site-packages/airflow/example_dags/example_branch_operator.py
[2024-05-15T03:44:53.214+0800] {logging_mixin.py:188} INFO - [2024-05-15T03:44:53.214+0800] {dag.py:3096} INFO - Sync 1 DAGs
[2024-05-15T03:44:53.227+0800] {logging_mixin.py:188} INFO - [2024-05-15T03:44:53.227+0800] {dag.py:3954} INFO - Setting next_dagrun for example_branch_operator to 2024-05-13 00:00:00+00:00, run_after=2024-05-14 00:00:00+00:00
[2024-05-15T03:44:53.247+0800] {processor.py:183} INFO - Processing /home/jithish/Documents/dag-dag-dag/.venv/lib/python3.10/site-packages/airflow/example_dags/example_branch_operator.py took 0.163 seconds
[2024-05-15T03:45:50.449+0800] {processor.py:161} INFO - Started process (PID=97521) to work on /home/jithish/Documents/dag-dag-dag/.venv/lib/python3.10/site-packages/airflow/example_dags/example_branch_operator.py
[2024-05-15T03:45:50.510+0800] {processor.py:830} INFO - Processing file /home/jithish/Documents/dag-dag-dag/.venv/lib/python3.10/site-packages/airflow/example_dags/example_branch_operator.py for tasks to queue
[2024-05-15T03:45:50.512+0800] {logging_mixin.py:188} INFO - [2024-05-15T03:45:50.511+0800] {dagbag.py:545} INFO - Filling up the DagBag from /home/jithish/Documents/dag-dag-dag/.venv/lib/python3.10/site-packages/airflow/example_dags/example_branch_operator.py
[2024-05-15T03:45:50.527+0800] {processor.py:840} INFO - DAG(s) 'example_branch_operator' retrieved from /home/jithish/Documents/dag-dag-dag/.venv/lib/python3.10/site-packages/airflow/example_dags/example_branch_operator.py
[2024-05-15T03:45:50.548+0800] {logging_mixin.py:188} INFO - [2024-05-15T03:45:50.548+0800] {dag.py:3096} INFO - Sync 1 DAGs
[2024-05-15T03:45:50.565+0800] {logging_mixin.py:188} INFO - [2024-05-15T03:45:50.565+0800] {dag.py:3954} INFO - Setting next_dagrun for example_branch_operator to 2024-05-13 00:00:00+00:00, run_after=2024-05-14 00:00:00+00:00
[2024-05-15T03:45:50.623+0800] {processor.py:183} INFO - Processing /home/jithish/Documents/dag-dag-dag/.venv/lib/python3.10/site-packages/airflow/example_dags/example_branch_operator.py took 0.179 seconds
[2024-05-15T03:46:56.966+0800] {processor.py:161} INFO - Started process (PID=98528) to work on /home/jithish/Documents/dag-dag-dag/.venv/lib/python3.10/site-packages/airflow/example_dags/example_branch_operator.py
[2024-05-15T03:46:57.028+0800] {processor.py:830} INFO - Processing file /home/jithish/Documents/dag-dag-dag/.venv/lib/python3.10/site-packages/airflow/example_dags/example_branch_operator.py for tasks to queue
[2024-05-15T03:46:57.034+0800] {logging_mixin.py:188} INFO - [2024-05-15T03:46:57.032+0800] {dagbag.py:545} INFO - Filling up the DagBag from /home/jithish/Documents/dag-dag-dag/.venv/lib/python3.10/site-packages/airflow/example_dags/example_branch_operator.py
[2024-05-15T03:46:57.069+0800] {processor.py:840} INFO - DAG(s) 'example_branch_operator' retrieved from /home/jithish/Documents/dag-dag-dag/.venv/lib/python3.10/site-packages/airflow/example_dags/example_branch_operator.py
[2024-05-15T03:46:57.089+0800] {logging_mixin.py:188} INFO - [2024-05-15T03:46:57.089+0800] {dag.py:3096} INFO - Sync 1 DAGs
[2024-05-15T03:46:57.105+0800] {logging_mixin.py:188} INFO - [2024-05-15T03:46:57.105+0800] {dag.py:3954} INFO - Setting next_dagrun for example_branch_operator to 2024-05-13 00:00:00+00:00, run_after=2024-05-14 00:00:00+00:00
[2024-05-15T03:46:57.121+0800] {processor.py:183} INFO - Processing /home/jithish/Documents/dag-dag-dag/.venv/lib/python3.10/site-packages/airflow/example_dags/example_branch_operator.py took 0.165 seconds
[2024-05-15T03:47:53.202+0800] {processor.py:161} INFO - Started process (PID=99307) to work on /home/jithish/Documents/dag-dag-dag/.venv/lib/python3.10/site-packages/airflow/example_dags/example_branch_operator.py
[2024-05-15T03:47:53.202+0800] {processor.py:830} INFO - Processing file /home/jithish/Documents/dag-dag-dag/.venv/lib/python3.10/site-packages/airflow/example_dags/example_branch_operator.py for tasks to queue
[2024-05-15T03:47:53.204+0800] {logging_mixin.py:188} INFO - [2024-05-15T03:47:53.203+0800] {dagbag.py:545} INFO - Filling up the DagBag from /home/jithish/Documents/dag-dag-dag/.venv/lib/python3.10/site-packages/airflow/example_dags/example_branch_operator.py
[2024-05-15T03:47:53.218+0800] {processor.py:840} INFO - DAG(s) 'example_branch_operator' retrieved from /home/jithish/Documents/dag-dag-dag/.venv/lib/python3.10/site-packages/airflow/example_dags/example_branch_operator.py
[2024-05-15T03:47:53.242+0800] {logging_mixin.py:188} INFO - [2024-05-15T03:47:53.242+0800] {dag.py:3096} INFO - Sync 1 DAGs
[2024-05-15T03:47:53.257+0800] {logging_mixin.py:188} INFO - [2024-05-15T03:47:53.256+0800] {dag.py:3954} INFO - Setting next_dagrun for example_branch_operator to 2024-05-13 00:00:00+00:00, run_after=2024-05-14 00:00:00+00:00
[2024-05-15T03:47:53.283+0800] {processor.py:183} INFO - Processing /home/jithish/Documents/dag-dag-dag/.venv/lib/python3.10/site-packages/airflow/example_dags/example_branch_operator.py took 0.087 seconds
[2024-05-15T03:48:41.464+0800] {processor.py:161} INFO - Started process (PID=100027) to work on /home/jithish/Documents/dag-dag-dag/.venv/lib/python3.10/site-packages/airflow/example_dags/example_branch_operator.py
[2024-05-15T03:48:41.525+0800] {processor.py:830} INFO - Processing file /home/jithish/Documents/dag-dag-dag/.venv/lib/python3.10/site-packages/airflow/example_dags/example_branch_operator.py for tasks to queue
[2024-05-15T03:48:41.530+0800] {logging_mixin.py:188} INFO - [2024-05-15T03:48:41.529+0800] {dagbag.py:545} INFO - Filling up the DagBag from /home/jithish/Documents/dag-dag-dag/.venv/lib/python3.10/site-packages/airflow/example_dags/example_branch_operator.py
[2024-05-15T03:48:41.576+0800] {processor.py:840} INFO - DAG(s) 'example_branch_operator' retrieved from /home/jithish/Documents/dag-dag-dag/.venv/lib/python3.10/site-packages/airflow/example_dags/example_branch_operator.py
[2024-05-15T03:48:41.599+0800] {logging_mixin.py:188} INFO - [2024-05-15T03:48:41.599+0800] {dag.py:3096} INFO - Sync 1 DAGs
[2024-05-15T03:48:41.615+0800] {logging_mixin.py:188} INFO - [2024-05-15T03:48:41.615+0800] {dag.py:3954} INFO - Setting next_dagrun for example_branch_operator to 2024-05-13 00:00:00+00:00, run_after=2024-05-14 00:00:00+00:00
[2024-05-15T03:48:41.645+0800] {processor.py:183} INFO - Processing /home/jithish/Documents/dag-dag-dag/.venv/lib/python3.10/site-packages/airflow/example_dags/example_branch_operator.py took 0.191 seconds
[2024-05-15T03:49:38.344+0800] {processor.py:161} INFO - Started process (PID=100867) to work on /home/jithish/Documents/dag-dag-dag/.venv/lib/python3.10/site-packages/airflow/example_dags/example_branch_operator.py
[2024-05-15T03:49:38.405+0800] {processor.py:830} INFO - Processing file /home/jithish/Documents/dag-dag-dag/.venv/lib/python3.10/site-packages/airflow/example_dags/example_branch_operator.py for tasks to queue
[2024-05-15T03:49:38.407+0800] {logging_mixin.py:188} INFO - [2024-05-15T03:49:38.406+0800] {dagbag.py:545} INFO - Filling up the DagBag from /home/jithish/Documents/dag-dag-dag/.venv/lib/python3.10/site-packages/airflow/example_dags/example_branch_operator.py
[2024-05-15T03:49:38.432+0800] {processor.py:840} INFO - DAG(s) 'example_branch_operator' retrieved from /home/jithish/Documents/dag-dag-dag/.venv/lib/python3.10/site-packages/airflow/example_dags/example_branch_operator.py
[2024-05-15T03:49:38.454+0800] {logging_mixin.py:188} INFO - [2024-05-15T03:49:38.454+0800] {dag.py:3096} INFO - Sync 1 DAGs
[2024-05-15T03:49:38.470+0800] {logging_mixin.py:188} INFO - [2024-05-15T03:49:38.469+0800] {dag.py:3954} INFO - Setting next_dagrun for example_branch_operator to 2024-05-13 00:00:00+00:00, run_after=2024-05-14 00:00:00+00:00
[2024-05-15T03:49:38.495+0800] {processor.py:183} INFO - Processing /home/jithish/Documents/dag-dag-dag/.venv/lib/python3.10/site-packages/airflow/example_dags/example_branch_operator.py took 0.159 seconds
[2024-05-15T03:50:35.469+0800] {processor.py:161} INFO - Started process (PID=101673) to work on /home/jithish/Documents/dag-dag-dag/.venv/lib/python3.10/site-packages/airflow/example_dags/example_branch_operator.py
[2024-05-15T03:50:35.531+0800] {processor.py:830} INFO - Processing file /home/jithish/Documents/dag-dag-dag/.venv/lib/python3.10/site-packages/airflow/example_dags/example_branch_operator.py for tasks to queue
[2024-05-15T03:50:35.535+0800] {logging_mixin.py:188} INFO - [2024-05-15T03:50:35.534+0800] {dagbag.py:545} INFO - Filling up the DagBag from /home/jithish/Documents/dag-dag-dag/.venv/lib/python3.10/site-packages/airflow/example_dags/example_branch_operator.py
[2024-05-15T03:50:35.577+0800] {processor.py:840} INFO - DAG(s) 'example_branch_operator' retrieved from /home/jithish/Documents/dag-dag-dag/.venv/lib/python3.10/site-packages/airflow/example_dags/example_branch_operator.py
[2024-05-15T03:50:35.598+0800] {logging_mixin.py:188} INFO - [2024-05-15T03:50:35.598+0800] {dag.py:3096} INFO - Sync 1 DAGs
[2024-05-15T03:50:35.614+0800] {logging_mixin.py:188} INFO - [2024-05-15T03:50:35.614+0800] {dag.py:3954} INFO - Setting next_dagrun for example_branch_operator to 2024-05-13 00:00:00+00:00, run_after=2024-05-14 00:00:00+00:00
[2024-05-15T03:50:35.633+0800] {processor.py:183} INFO - Processing /home/jithish/Documents/dag-dag-dag/.venv/lib/python3.10/site-packages/airflow/example_dags/example_branch_operator.py took 0.170 seconds
[2024-05-15T03:51:31.385+0800] {processor.py:161} INFO - Started process (PID=102429) to work on /home/jithish/Documents/dag-dag-dag/.venv/lib/python3.10/site-packages/airflow/example_dags/example_branch_operator.py
[2024-05-15T03:51:31.386+0800] {processor.py:830} INFO - Processing file /home/jithish/Documents/dag-dag-dag/.venv/lib/python3.10/site-packages/airflow/example_dags/example_branch_operator.py for tasks to queue
[2024-05-15T03:51:31.387+0800] {logging_mixin.py:188} INFO - [2024-05-15T03:51:31.387+0800] {dagbag.py:545} INFO - Filling up the DagBag from /home/jithish/Documents/dag-dag-dag/.venv/lib/python3.10/site-packages/airflow/example_dags/example_branch_operator.py
[2024-05-15T03:51:31.399+0800] {processor.py:840} INFO - DAG(s) 'example_branch_operator' retrieved from /home/jithish/Documents/dag-dag-dag/.venv/lib/python3.10/site-packages/airflow/example_dags/example_branch_operator.py
[2024-05-15T03:51:31.416+0800] {logging_mixin.py:188} INFO - [2024-05-15T03:51:31.416+0800] {dag.py:3096} INFO - Sync 1 DAGs
[2024-05-15T03:51:31.429+0800] {logging_mixin.py:188} INFO - [2024-05-15T03:51:31.429+0800] {dag.py:3954} INFO - Setting next_dagrun for example_branch_operator to 2024-05-13 00:00:00+00:00, run_after=2024-05-14 00:00:00+00:00
[2024-05-15T03:51:31.443+0800] {processor.py:183} INFO - Processing /home/jithish/Documents/dag-dag-dag/.venv/lib/python3.10/site-packages/airflow/example_dags/example_branch_operator.py took 0.063 seconds
[2024-05-15T03:52:20.281+0800] {processor.py:161} INFO - Started process (PID=102915) to work on /home/jithish/Documents/dag-dag-dag/.venv/lib/python3.10/site-packages/airflow/example_dags/example_branch_operator.py
[2024-05-15T03:52:20.282+0800] {processor.py:830} INFO - Processing file /home/jithish/Documents/dag-dag-dag/.venv/lib/python3.10/site-packages/airflow/example_dags/example_branch_operator.py for tasks to queue
[2024-05-15T03:52:20.283+0800] {logging_mixin.py:188} INFO - [2024-05-15T03:52:20.283+0800] {dagbag.py:545} INFO - Filling up the DagBag from /home/jithish/Documents/dag-dag-dag/.venv/lib/python3.10/site-packages/airflow/example_dags/example_branch_operator.py
[2024-05-15T03:52:20.295+0800] {processor.py:840} INFO - DAG(s) 'example_branch_operator' retrieved from /home/jithish/Documents/dag-dag-dag/.venv/lib/python3.10/site-packages/airflow/example_dags/example_branch_operator.py
[2024-05-15T03:52:20.312+0800] {logging_mixin.py:188} INFO - [2024-05-15T03:52:20.311+0800] {dag.py:3096} INFO - Sync 1 DAGs
[2024-05-15T03:52:20.325+0800] {logging_mixin.py:188} INFO - [2024-05-15T03:52:20.325+0800] {dag.py:3954} INFO - Setting next_dagrun for example_branch_operator to 2024-05-13 00:00:00+00:00, run_after=2024-05-14 00:00:00+00:00
[2024-05-15T03:52:20.343+0800] {processor.py:183} INFO - Processing /home/jithish/Documents/dag-dag-dag/.venv/lib/python3.10/site-packages/airflow/example_dags/example_branch_operator.py took 0.066 seconds
[2024-05-15T03:53:12.456+0800] {processor.py:161} INFO - Started process (PID=103462) to work on /home/jithish/Documents/dag-dag-dag/.venv/lib/python3.10/site-packages/airflow/example_dags/example_branch_operator.py
[2024-05-15T03:53:12.511+0800] {processor.py:830} INFO - Processing file /home/jithish/Documents/dag-dag-dag/.venv/lib/python3.10/site-packages/airflow/example_dags/example_branch_operator.py for tasks to queue
[2024-05-15T03:53:12.515+0800] {logging_mixin.py:188} INFO - [2024-05-15T03:53:12.514+0800] {dagbag.py:545} INFO - Filling up the DagBag from /home/jithish/Documents/dag-dag-dag/.venv/lib/python3.10/site-packages/airflow/example_dags/example_branch_operator.py
[2024-05-15T03:53:12.563+0800] {processor.py:840} INFO - DAG(s) 'example_branch_operator' retrieved from /home/jithish/Documents/dag-dag-dag/.venv/lib/python3.10/site-packages/airflow/example_dags/example_branch_operator.py
[2024-05-15T03:53:12.592+0800] {logging_mixin.py:188} INFO - [2024-05-15T03:53:12.592+0800] {dag.py:3096} INFO - Sync 1 DAGs
[2024-05-15T03:53:12.623+0800] {logging_mixin.py:188} INFO - [2024-05-15T03:53:12.623+0800] {dag.py:3954} INFO - Setting next_dagrun for example_branch_operator to 2024-05-13 00:00:00+00:00, run_after=2024-05-14 00:00:00+00:00
[2024-05-15T03:53:12.883+0800] {processor.py:183} INFO - Processing /home/jithish/Documents/dag-dag-dag/.venv/lib/python3.10/site-packages/airflow/example_dags/example_branch_operator.py took 0.432 seconds
[2024-05-15T03:54:08.778+0800] {processor.py:161} INFO - Started process (PID=104238) to work on /home/jithish/Documents/dag-dag-dag/.venv/lib/python3.10/site-packages/airflow/example_dags/example_branch_operator.py
[2024-05-15T03:54:08.779+0800] {processor.py:830} INFO - Processing file /home/jithish/Documents/dag-dag-dag/.venv/lib/python3.10/site-packages/airflow/example_dags/example_branch_operator.py for tasks to queue
[2024-05-15T03:54:08.780+0800] {logging_mixin.py:188} INFO - [2024-05-15T03:54:08.780+0800] {dagbag.py:545} INFO - Filling up the DagBag from /home/jithish/Documents/dag-dag-dag/.venv/lib/python3.10/site-packages/airflow/example_dags/example_branch_operator.py
[2024-05-15T03:54:08.799+0800] {processor.py:840} INFO - DAG(s) 'example_branch_operator' retrieved from /home/jithish/Documents/dag-dag-dag/.venv/lib/python3.10/site-packages/airflow/example_dags/example_branch_operator.py
[2024-05-15T03:54:08.821+0800] {logging_mixin.py:188} INFO - [2024-05-15T03:54:08.821+0800] {dag.py:3096} INFO - Sync 1 DAGs
[2024-05-15T03:54:08.837+0800] {logging_mixin.py:188} INFO - [2024-05-15T03:54:08.836+0800] {dag.py:3954} INFO - Setting next_dagrun for example_branch_operator to 2024-05-13 00:00:00+00:00, run_after=2024-05-14 00:00:00+00:00
[2024-05-15T03:54:08.862+0800] {processor.py:183} INFO - Processing /home/jithish/Documents/dag-dag-dag/.venv/lib/python3.10/site-packages/airflow/example_dags/example_branch_operator.py took 0.089 seconds
[2024-05-15T03:55:05.614+0800] {processor.py:161} INFO - Started process (PID=104929) to work on /home/jithish/Documents/dag-dag-dag/.venv/lib/python3.10/site-packages/airflow/example_dags/example_branch_operator.py
[2024-05-15T03:55:05.617+0800] {processor.py:830} INFO - Processing file /home/jithish/Documents/dag-dag-dag/.venv/lib/python3.10/site-packages/airflow/example_dags/example_branch_operator.py for tasks to queue
[2024-05-15T03:55:05.618+0800] {logging_mixin.py:188} INFO - [2024-05-15T03:55:05.618+0800] {dagbag.py:545} INFO - Filling up the DagBag from /home/jithish/Documents/dag-dag-dag/.venv/lib/python3.10/site-packages/airflow/example_dags/example_branch_operator.py
[2024-05-15T03:55:05.631+0800] {processor.py:840} INFO - DAG(s) 'example_branch_operator' retrieved from /home/jithish/Documents/dag-dag-dag/.venv/lib/python3.10/site-packages/airflow/example_dags/example_branch_operator.py
[2024-05-15T03:55:05.650+0800] {logging_mixin.py:188} INFO - [2024-05-15T03:55:05.650+0800] {dag.py:3096} INFO - Sync 1 DAGs
[2024-05-15T03:55:05.664+0800] {logging_mixin.py:188} INFO - [2024-05-15T03:55:05.664+0800] {dag.py:3954} INFO - Setting next_dagrun for example_branch_operator to 2024-05-13 00:00:00+00:00, run_after=2024-05-14 00:00:00+00:00
[2024-05-15T03:55:05.677+0800] {processor.py:183} INFO - Processing /home/jithish/Documents/dag-dag-dag/.venv/lib/python3.10/site-packages/airflow/example_dags/example_branch_operator.py took 0.068 seconds
[2024-05-15T03:55:57.737+0800] {processor.py:161} INFO - Started process (PID=105520) to work on /home/jithish/Documents/dag-dag-dag/.venv/lib/python3.10/site-packages/airflow/example_dags/example_branch_operator.py
[2024-05-15T03:55:57.801+0800] {processor.py:830} INFO - Processing file /home/jithish/Documents/dag-dag-dag/.venv/lib/python3.10/site-packages/airflow/example_dags/example_branch_operator.py for tasks to queue
[2024-05-15T03:55:57.805+0800] {logging_mixin.py:188} INFO - [2024-05-15T03:55:57.804+0800] {dagbag.py:545} INFO - Filling up the DagBag from /home/jithish/Documents/dag-dag-dag/.venv/lib/python3.10/site-packages/airflow/example_dags/example_branch_operator.py
[2024-05-15T03:55:57.843+0800] {processor.py:840} INFO - DAG(s) 'example_branch_operator' retrieved from /home/jithish/Documents/dag-dag-dag/.venv/lib/python3.10/site-packages/airflow/example_dags/example_branch_operator.py
[2024-05-15T03:55:57.865+0800] {logging_mixin.py:188} INFO - [2024-05-15T03:55:57.864+0800] {dag.py:3096} INFO - Sync 1 DAGs
[2024-05-15T03:55:57.880+0800] {logging_mixin.py:188} INFO - [2024-05-15T03:55:57.879+0800] {dag.py:3954} INFO - Setting next_dagrun for example_branch_operator to 2024-05-13 00:00:00+00:00, run_after=2024-05-14 00:00:00+00:00
[2024-05-15T03:55:57.900+0800] {processor.py:183} INFO - Processing /home/jithish/Documents/dag-dag-dag/.venv/lib/python3.10/site-packages/airflow/example_dags/example_branch_operator.py took 0.179 seconds
[2024-05-15T03:56:47.238+0800] {processor.py:161} INFO - Started process (PID=106041) to work on /home/jithish/Documents/dag-dag-dag/.venv/lib/python3.10/site-packages/airflow/example_dags/example_branch_operator.py
[2024-05-15T03:56:47.241+0800] {processor.py:830} INFO - Processing file /home/jithish/Documents/dag-dag-dag/.venv/lib/python3.10/site-packages/airflow/example_dags/example_branch_operator.py for tasks to queue
[2024-05-15T03:56:47.243+0800] {logging_mixin.py:188} INFO - [2024-05-15T03:56:47.243+0800] {dagbag.py:545} INFO - Filling up the DagBag from /home/jithish/Documents/dag-dag-dag/.venv/lib/python3.10/site-packages/airflow/example_dags/example_branch_operator.py
[2024-05-15T03:56:47.262+0800] {processor.py:840} INFO - DAG(s) 'example_branch_operator' retrieved from /home/jithish/Documents/dag-dag-dag/.venv/lib/python3.10/site-packages/airflow/example_dags/example_branch_operator.py
[2024-05-15T03:56:47.285+0800] {logging_mixin.py:188} INFO - [2024-05-15T03:56:47.285+0800] {dag.py:3096} INFO - Sync 1 DAGs
[2024-05-15T03:56:47.299+0800] {logging_mixin.py:188} INFO - [2024-05-15T03:56:47.299+0800] {dag.py:3954} INFO - Setting next_dagrun for example_branch_operator to 2024-05-13 00:00:00+00:00, run_after=2024-05-14 00:00:00+00:00
[2024-05-15T03:56:47.314+0800] {processor.py:183} INFO - Processing /home/jithish/Documents/dag-dag-dag/.venv/lib/python3.10/site-packages/airflow/example_dags/example_branch_operator.py took 0.089 seconds
[2024-05-15T03:57:35.129+0800] {processor.py:161} INFO - Started process (PID=106465) to work on /home/jithish/Documents/dag-dag-dag/.venv/lib/python3.10/site-packages/airflow/example_dags/example_branch_operator.py
[2024-05-15T03:57:35.153+0800] {processor.py:830} INFO - Processing file /home/jithish/Documents/dag-dag-dag/.venv/lib/python3.10/site-packages/airflow/example_dags/example_branch_operator.py for tasks to queue
[2024-05-15T03:57:35.155+0800] {logging_mixin.py:188} INFO - [2024-05-15T03:57:35.154+0800] {dagbag.py:545} INFO - Filling up the DagBag from /home/jithish/Documents/dag-dag-dag/.venv/lib/python3.10/site-packages/airflow/example_dags/example_branch_operator.py
[2024-05-15T03:57:35.167+0800] {processor.py:840} INFO - DAG(s) 'example_branch_operator' retrieved from /home/jithish/Documents/dag-dag-dag/.venv/lib/python3.10/site-packages/airflow/example_dags/example_branch_operator.py
[2024-05-15T03:57:35.186+0800] {logging_mixin.py:188} INFO - [2024-05-15T03:57:35.186+0800] {dag.py:3096} INFO - Sync 1 DAGs
[2024-05-15T03:57:35.201+0800] {logging_mixin.py:188} INFO - [2024-05-15T03:57:35.201+0800] {dag.py:3954} INFO - Setting next_dagrun for example_branch_operator to 2024-05-13 00:00:00+00:00, run_after=2024-05-14 00:00:00+00:00
[2024-05-15T03:57:35.220+0800] {processor.py:183} INFO - Processing /home/jithish/Documents/dag-dag-dag/.venv/lib/python3.10/site-packages/airflow/example_dags/example_branch_operator.py took 0.095 seconds
[2024-05-15T03:58:43.774+0800] {processor.py:161} INFO - Started process (PID=107159) to work on /home/jithish/Documents/dag-dag-dag/.venv/lib/python3.10/site-packages/airflow/example_dags/example_branch_operator.py
[2024-05-15T03:58:43.841+0800] {processor.py:830} INFO - Processing file /home/jithish/Documents/dag-dag-dag/.venv/lib/python3.10/site-packages/airflow/example_dags/example_branch_operator.py for tasks to queue
[2024-05-15T03:58:43.843+0800] {logging_mixin.py:188} INFO - [2024-05-15T03:58:43.843+0800] {dagbag.py:545} INFO - Filling up the DagBag from /home/jithish/Documents/dag-dag-dag/.venv/lib/python3.10/site-packages/airflow/example_dags/example_branch_operator.py
[2024-05-15T03:58:43.869+0800] {processor.py:840} INFO - DAG(s) 'example_branch_operator' retrieved from /home/jithish/Documents/dag-dag-dag/.venv/lib/python3.10/site-packages/airflow/example_dags/example_branch_operator.py
[2024-05-15T03:58:43.905+0800] {logging_mixin.py:188} INFO - [2024-05-15T03:58:43.905+0800] {dag.py:3096} INFO - Sync 1 DAGs
[2024-05-15T03:58:43.925+0800] {logging_mixin.py:188} INFO - [2024-05-15T03:58:43.925+0800] {dag.py:3954} INFO - Setting next_dagrun for example_branch_operator to 2024-05-13 00:00:00+00:00, run_after=2024-05-14 00:00:00+00:00
[2024-05-15T03:58:43.951+0800] {processor.py:183} INFO - Processing /home/jithish/Documents/dag-dag-dag/.venv/lib/python3.10/site-packages/airflow/example_dags/example_branch_operator.py took 0.183 seconds
[2024-05-15T03:59:32.052+0800] {processor.py:161} INFO - Started process (PID=107623) to work on /home/jithish/Documents/dag-dag-dag/.venv/lib/python3.10/site-packages/airflow/example_dags/example_branch_operator.py
[2024-05-15T03:59:32.053+0800] {processor.py:830} INFO - Processing file /home/jithish/Documents/dag-dag-dag/.venv/lib/python3.10/site-packages/airflow/example_dags/example_branch_operator.py for tasks to queue
[2024-05-15T03:59:32.055+0800] {logging_mixin.py:188} INFO - [2024-05-15T03:59:32.054+0800] {dagbag.py:545} INFO - Filling up the DagBag from /home/jithish/Documents/dag-dag-dag/.venv/lib/python3.10/site-packages/airflow/example_dags/example_branch_operator.py
[2024-05-15T03:59:32.071+0800] {processor.py:840} INFO - DAG(s) 'example_branch_operator' retrieved from /home/jithish/Documents/dag-dag-dag/.venv/lib/python3.10/site-packages/airflow/example_dags/example_branch_operator.py
[2024-05-15T03:59:32.093+0800] {logging_mixin.py:188} INFO - [2024-05-15T03:59:32.093+0800] {dag.py:3096} INFO - Sync 1 DAGs
[2024-05-15T03:59:32.116+0800] {logging_mixin.py:188} INFO - [2024-05-15T03:59:32.116+0800] {dag.py:3954} INFO - Setting next_dagrun for example_branch_operator to 2024-05-13 00:00:00+00:00, run_after=2024-05-14 00:00:00+00:00
[2024-05-15T03:59:32.140+0800] {processor.py:183} INFO - Processing /home/jithish/Documents/dag-dag-dag/.venv/lib/python3.10/site-packages/airflow/example_dags/example_branch_operator.py took 0.095 seconds
[2024-05-15T04:00:21.321+0800] {processor.py:161} INFO - Started process (PID=108037) to work on /home/jithish/Documents/dag-dag-dag/.venv/lib/python3.10/site-packages/airflow/example_dags/example_branch_operator.py
[2024-05-15T04:00:21.382+0800] {processor.py:830} INFO - Processing file /home/jithish/Documents/dag-dag-dag/.venv/lib/python3.10/site-packages/airflow/example_dags/example_branch_operator.py for tasks to queue
[2024-05-15T04:00:21.389+0800] {logging_mixin.py:188} INFO - [2024-05-15T04:00:21.387+0800] {dagbag.py:545} INFO - Filling up the DagBag from /home/jithish/Documents/dag-dag-dag/.venv/lib/python3.10/site-packages/airflow/example_dags/example_branch_operator.py
[2024-05-15T04:00:21.447+0800] {processor.py:840} INFO - DAG(s) 'example_branch_operator' retrieved from /home/jithish/Documents/dag-dag-dag/.venv/lib/python3.10/site-packages/airflow/example_dags/example_branch_operator.py
[2024-05-15T04:00:21.471+0800] {logging_mixin.py:188} INFO - [2024-05-15T04:00:21.471+0800] {dag.py:3096} INFO - Sync 1 DAGs
[2024-05-15T04:00:21.486+0800] {logging_mixin.py:188} INFO - [2024-05-15T04:00:21.486+0800] {dag.py:3954} INFO - Setting next_dagrun for example_branch_operator to 2024-05-13 00:00:00+00:00, run_after=2024-05-14 00:00:00+00:00
[2024-05-15T04:00:21.502+0800] {processor.py:183} INFO - Processing /home/jithish/Documents/dag-dag-dag/.venv/lib/python3.10/site-packages/airflow/example_dags/example_branch_operator.py took 0.187 seconds
[2024-05-15T04:01:11.849+0800] {processor.py:161} INFO - Started process (PID=108432) to work on /home/jithish/Documents/dag-dag-dag/.venv/lib/python3.10/site-packages/airflow/example_dags/example_branch_operator.py
[2024-05-15T04:01:11.910+0800] {processor.py:830} INFO - Processing file /home/jithish/Documents/dag-dag-dag/.venv/lib/python3.10/site-packages/airflow/example_dags/example_branch_operator.py for tasks to queue
[2024-05-15T04:01:11.915+0800] {logging_mixin.py:188} INFO - [2024-05-15T04:01:11.914+0800] {dagbag.py:545} INFO - Filling up the DagBag from /home/jithish/Documents/dag-dag-dag/.venv/lib/python3.10/site-packages/airflow/example_dags/example_branch_operator.py
[2024-05-15T04:01:11.955+0800] {processor.py:840} INFO - DAG(s) 'example_branch_operator' retrieved from /home/jithish/Documents/dag-dag-dag/.venv/lib/python3.10/site-packages/airflow/example_dags/example_branch_operator.py
[2024-05-15T04:01:11.976+0800] {logging_mixin.py:188} INFO - [2024-05-15T04:01:11.976+0800] {dag.py:3096} INFO - Sync 1 DAGs
[2024-05-15T04:01:11.989+0800] {logging_mixin.py:188} INFO - [2024-05-15T04:01:11.989+0800] {dag.py:3954} INFO - Setting next_dagrun for example_branch_operator to 2024-05-13 00:00:00+00:00, run_after=2024-05-14 00:00:00+00:00
[2024-05-15T04:01:12.017+0800] {processor.py:183} INFO - Processing /home/jithish/Documents/dag-dag-dag/.venv/lib/python3.10/site-packages/airflow/example_dags/example_branch_operator.py took 0.172 seconds
[2024-05-15T04:02:23.458+0800] {processor.py:161} INFO - Started process (PID=109143) to work on /home/jithish/Documents/dag-dag-dag/.venv/lib/python3.10/site-packages/airflow/example_dags/example_branch_operator.py
[2024-05-15T04:02:23.519+0800] {processor.py:830} INFO - Processing file /home/jithish/Documents/dag-dag-dag/.venv/lib/python3.10/site-packages/airflow/example_dags/example_branch_operator.py for tasks to queue
[2024-05-15T04:02:23.523+0800] {logging_mixin.py:188} INFO - [2024-05-15T04:02:23.522+0800] {dagbag.py:545} INFO - Filling up the DagBag from /home/jithish/Documents/dag-dag-dag/.venv/lib/python3.10/site-packages/airflow/example_dags/example_branch_operator.py
[2024-05-15T04:02:23.564+0800] {processor.py:840} INFO - DAG(s) 'example_branch_operator' retrieved from /home/jithish/Documents/dag-dag-dag/.venv/lib/python3.10/site-packages/airflow/example_dags/example_branch_operator.py
[2024-05-15T04:02:23.585+0800] {logging_mixin.py:188} INFO - [2024-05-15T04:02:23.585+0800] {dag.py:3096} INFO - Sync 1 DAGs
[2024-05-15T04:02:23.599+0800] {logging_mixin.py:188} INFO - [2024-05-15T04:02:23.599+0800] {dag.py:3954} INFO - Setting next_dagrun for example_branch_operator to 2024-05-13 00:00:00+00:00, run_after=2024-05-14 00:00:00+00:00
[2024-05-15T04:02:23.618+0800] {processor.py:183} INFO - Processing /home/jithish/Documents/dag-dag-dag/.venv/lib/python3.10/site-packages/airflow/example_dags/example_branch_operator.py took 0.164 seconds
[2024-05-15T04:03:16.242+0800] {processor.py:161} INFO - Started process (PID=109721) to work on /home/jithish/Documents/dag-dag-dag/.venv/lib/python3.10/site-packages/airflow/example_dags/example_branch_operator.py
[2024-05-15T04:03:16.304+0800] {processor.py:830} INFO - Processing file /home/jithish/Documents/dag-dag-dag/.venv/lib/python3.10/site-packages/airflow/example_dags/example_branch_operator.py for tasks to queue
[2024-05-15T04:03:16.306+0800] {logging_mixin.py:188} INFO - [2024-05-15T04:03:16.305+0800] {dagbag.py:545} INFO - Filling up the DagBag from /home/jithish/Documents/dag-dag-dag/.venv/lib/python3.10/site-packages/airflow/example_dags/example_branch_operator.py
[2024-05-15T04:03:16.321+0800] {processor.py:840} INFO - DAG(s) 'example_branch_operator' retrieved from /home/jithish/Documents/dag-dag-dag/.venv/lib/python3.10/site-packages/airflow/example_dags/example_branch_operator.py
[2024-05-15T04:03:16.339+0800] {logging_mixin.py:188} INFO - [2024-05-15T04:03:16.339+0800] {dag.py:3096} INFO - Sync 1 DAGs
[2024-05-15T04:03:16.352+0800] {logging_mixin.py:188} INFO - [2024-05-15T04:03:16.352+0800] {dag.py:3954} INFO - Setting next_dagrun for example_branch_operator to 2024-05-13 00:00:00+00:00, run_after=2024-05-14 00:00:00+00:00
[2024-05-15T04:03:16.377+0800] {processor.py:183} INFO - Processing /home/jithish/Documents/dag-dag-dag/.venv/lib/python3.10/site-packages/airflow/example_dags/example_branch_operator.py took 0.153 seconds
[2024-05-15T04:04:26.349+0800] {processor.py:161} INFO - Started process (PID=110893) to work on /home/jithish/Documents/dag-dag-dag/.venv/lib/python3.10/site-packages/airflow/example_dags/example_branch_operator.py
[2024-05-15T04:04:26.410+0800] {processor.py:830} INFO - Processing file /home/jithish/Documents/dag-dag-dag/.venv/lib/python3.10/site-packages/airflow/example_dags/example_branch_operator.py for tasks to queue
[2024-05-15T04:04:26.411+0800] {logging_mixin.py:188} INFO - [2024-05-15T04:04:26.411+0800] {dagbag.py:545} INFO - Filling up the DagBag from /home/jithish/Documents/dag-dag-dag/.venv/lib/python3.10/site-packages/airflow/example_dags/example_branch_operator.py
[2024-05-15T04:04:26.425+0800] {processor.py:840} INFO - DAG(s) 'example_branch_operator' retrieved from /home/jithish/Documents/dag-dag-dag/.venv/lib/python3.10/site-packages/airflow/example_dags/example_branch_operator.py
[2024-05-15T04:04:26.444+0800] {logging_mixin.py:188} INFO - [2024-05-15T04:04:26.444+0800] {dag.py:3096} INFO - Sync 1 DAGs
[2024-05-15T04:04:26.459+0800] {logging_mixin.py:188} INFO - [2024-05-15T04:04:26.459+0800] {dag.py:3954} INFO - Setting next_dagrun for example_branch_operator to 2024-05-13 00:00:00+00:00, run_after=2024-05-14 00:00:00+00:00
[2024-05-15T04:04:26.476+0800] {processor.py:183} INFO - Processing /home/jithish/Documents/dag-dag-dag/.venv/lib/python3.10/site-packages/airflow/example_dags/example_branch_operator.py took 0.136 seconds
[2024-05-15T04:05:24.517+0800] {processor.py:161} INFO - Started process (PID=111765) to work on /home/jithish/Documents/dag-dag-dag/.venv/lib/python3.10/site-packages/airflow/example_dags/example_branch_operator.py
[2024-05-15T04:05:24.583+0800] {processor.py:830} INFO - Processing file /home/jithish/Documents/dag-dag-dag/.venv/lib/python3.10/site-packages/airflow/example_dags/example_branch_operator.py for tasks to queue
[2024-05-15T04:05:24.587+0800] {logging_mixin.py:188} INFO - [2024-05-15T04:05:24.586+0800] {dagbag.py:545} INFO - Filling up the DagBag from /home/jithish/Documents/dag-dag-dag/.venv/lib/python3.10/site-packages/airflow/example_dags/example_branch_operator.py
[2024-05-15T04:05:24.632+0800] {processor.py:840} INFO - DAG(s) 'example_branch_operator' retrieved from /home/jithish/Documents/dag-dag-dag/.venv/lib/python3.10/site-packages/airflow/example_dags/example_branch_operator.py
[2024-05-15T04:05:24.651+0800] {logging_mixin.py:188} INFO - [2024-05-15T04:05:24.651+0800] {dag.py:3096} INFO - Sync 1 DAGs
[2024-05-15T04:05:24.668+0800] {logging_mixin.py:188} INFO - [2024-05-15T04:05:24.668+0800] {dag.py:3954} INFO - Setting next_dagrun for example_branch_operator to 2024-05-13 00:00:00+00:00, run_after=2024-05-14 00:00:00+00:00
[2024-05-15T04:05:24.683+0800] {processor.py:183} INFO - Processing /home/jithish/Documents/dag-dag-dag/.venv/lib/python3.10/site-packages/airflow/example_dags/example_branch_operator.py took 0.180 seconds
[2024-05-15T04:06:18.576+0800] {processor.py:161} INFO - Started process (PID=112535) to work on /home/jithish/Documents/dag-dag-dag/.venv/lib/python3.10/site-packages/airflow/example_dags/example_branch_operator.py
[2024-05-15T04:06:18.638+0800] {processor.py:830} INFO - Processing file /home/jithish/Documents/dag-dag-dag/.venv/lib/python3.10/site-packages/airflow/example_dags/example_branch_operator.py for tasks to queue
[2024-05-15T04:06:18.643+0800] {logging_mixin.py:188} INFO - [2024-05-15T04:06:18.642+0800] {dagbag.py:545} INFO - Filling up the DagBag from /home/jithish/Documents/dag-dag-dag/.venv/lib/python3.10/site-packages/airflow/example_dags/example_branch_operator.py
[2024-05-15T04:06:18.677+0800] {processor.py:840} INFO - DAG(s) 'example_branch_operator' retrieved from /home/jithish/Documents/dag-dag-dag/.venv/lib/python3.10/site-packages/airflow/example_dags/example_branch_operator.py
[2024-05-15T04:06:18.698+0800] {logging_mixin.py:188} INFO - [2024-05-15T04:06:18.697+0800] {dag.py:3096} INFO - Sync 1 DAGs
[2024-05-15T04:06:18.713+0800] {logging_mixin.py:188} INFO - [2024-05-15T04:06:18.713+0800] {dag.py:3954} INFO - Setting next_dagrun for example_branch_operator to 2024-05-13 00:00:00+00:00, run_after=2024-05-14 00:00:00+00:00
[2024-05-15T04:06:18.733+0800] {processor.py:183} INFO - Processing /home/jithish/Documents/dag-dag-dag/.venv/lib/python3.10/site-packages/airflow/example_dags/example_branch_operator.py took 0.167 seconds
[2024-05-15T04:07:13.881+0800] {processor.py:161} INFO - Started process (PID=113354) to work on /home/jithish/Documents/dag-dag-dag/.venv/lib/python3.10/site-packages/airflow/example_dags/example_branch_operator.py
[2024-05-15T04:07:13.895+0800] {processor.py:830} INFO - Processing file /home/jithish/Documents/dag-dag-dag/.venv/lib/python3.10/site-packages/airflow/example_dags/example_branch_operator.py for tasks to queue
[2024-05-15T04:07:13.900+0800] {logging_mixin.py:188} INFO - [2024-05-15T04:07:13.899+0800] {dagbag.py:545} INFO - Filling up the DagBag from /home/jithish/Documents/dag-dag-dag/.venv/lib/python3.10/site-packages/airflow/example_dags/example_branch_operator.py
[2024-05-15T04:07:13.922+0800] {processor.py:840} INFO - DAG(s) 'example_branch_operator' retrieved from /home/jithish/Documents/dag-dag-dag/.venv/lib/python3.10/site-packages/airflow/example_dags/example_branch_operator.py
[2024-05-15T04:07:13.942+0800] {logging_mixin.py:188} INFO - [2024-05-15T04:07:13.942+0800] {dag.py:3096} INFO - Sync 1 DAGs
[2024-05-15T04:07:13.957+0800] {logging_mixin.py:188} INFO - [2024-05-15T04:07:13.957+0800] {dag.py:3954} INFO - Setting next_dagrun for example_branch_operator to 2024-05-13 00:00:00+00:00, run_after=2024-05-14 00:00:00+00:00
[2024-05-15T04:07:13.975+0800] {processor.py:183} INFO - Processing /home/jithish/Documents/dag-dag-dag/.venv/lib/python3.10/site-packages/airflow/example_dags/example_branch_operator.py took 0.100 seconds
[2024-05-15T04:08:08.430+0800] {processor.py:161} INFO - Started process (PID=113868) to work on /home/jithish/Documents/dag-dag-dag/.venv/lib/python3.10/site-packages/airflow/example_dags/example_branch_operator.py
[2024-05-15T04:08:08.431+0800] {processor.py:830} INFO - Processing file /home/jithish/Documents/dag-dag-dag/.venv/lib/python3.10/site-packages/airflow/example_dags/example_branch_operator.py for tasks to queue
[2024-05-15T04:08:08.434+0800] {logging_mixin.py:188} INFO - [2024-05-15T04:08:08.433+0800] {dagbag.py:545} INFO - Filling up the DagBag from /home/jithish/Documents/dag-dag-dag/.venv/lib/python3.10/site-packages/airflow/example_dags/example_branch_operator.py
[2024-05-15T04:08:08.458+0800] {processor.py:840} INFO - DAG(s) 'example_branch_operator' retrieved from /home/jithish/Documents/dag-dag-dag/.venv/lib/python3.10/site-packages/airflow/example_dags/example_branch_operator.py
[2024-05-15T04:08:08.493+0800] {logging_mixin.py:188} INFO - [2024-05-15T04:08:08.492+0800] {dag.py:3096} INFO - Sync 1 DAGs
[2024-05-15T04:08:08.535+0800] {logging_mixin.py:188} INFO - [2024-05-15T04:08:08.535+0800] {dag.py:3954} INFO - Setting next_dagrun for example_branch_operator to 2024-05-13 00:00:00+00:00, run_after=2024-05-14 00:00:00+00:00
[2024-05-15T04:08:08.587+0800] {processor.py:183} INFO - Processing /home/jithish/Documents/dag-dag-dag/.venv/lib/python3.10/site-packages/airflow/example_dags/example_branch_operator.py took 0.165 seconds
[2024-05-15T04:09:07.900+0800] {processor.py:161} INFO - Started process (PID=114806) to work on /home/jithish/Documents/dag-dag-dag/.venv/lib/python3.10/site-packages/airflow/example_dags/example_branch_operator.py
[2024-05-15T04:09:07.962+0800] {processor.py:830} INFO - Processing file /home/jithish/Documents/dag-dag-dag/.venv/lib/python3.10/site-packages/airflow/example_dags/example_branch_operator.py for tasks to queue
[2024-05-15T04:09:07.967+0800] {logging_mixin.py:188} INFO - [2024-05-15T04:09:07.966+0800] {dagbag.py:545} INFO - Filling up the DagBag from /home/jithish/Documents/dag-dag-dag/.venv/lib/python3.10/site-packages/airflow/example_dags/example_branch_operator.py
[2024-05-15T04:09:08.007+0800] {processor.py:840} INFO - DAG(s) 'example_branch_operator' retrieved from /home/jithish/Documents/dag-dag-dag/.venv/lib/python3.10/site-packages/airflow/example_dags/example_branch_operator.py
[2024-05-15T04:09:08.027+0800] {logging_mixin.py:188} INFO - [2024-05-15T04:09:08.027+0800] {dag.py:3096} INFO - Sync 1 DAGs
[2024-05-15T04:09:08.042+0800] {logging_mixin.py:188} INFO - [2024-05-15T04:09:08.042+0800] {dag.py:3954} INFO - Setting next_dagrun for example_branch_operator to 2024-05-13 00:00:00+00:00, run_after=2024-05-14 00:00:00+00:00
[2024-05-15T04:09:08.063+0800] {processor.py:183} INFO - Processing /home/jithish/Documents/dag-dag-dag/.venv/lib/python3.10/site-packages/airflow/example_dags/example_branch_operator.py took 0.169 seconds
[2024-05-15T04:10:04.259+0800] {processor.py:161} INFO - Started process (PID=115634) to work on /home/jithish/Documents/dag-dag-dag/.venv/lib/python3.10/site-packages/airflow/example_dags/example_branch_operator.py
[2024-05-15T04:10:04.320+0800] {processor.py:830} INFO - Processing file /home/jithish/Documents/dag-dag-dag/.venv/lib/python3.10/site-packages/airflow/example_dags/example_branch_operator.py for tasks to queue
[2024-05-15T04:10:04.325+0800] {logging_mixin.py:188} INFO - [2024-05-15T04:10:04.324+0800] {dagbag.py:545} INFO - Filling up the DagBag from /home/jithish/Documents/dag-dag-dag/.venv/lib/python3.10/site-packages/airflow/example_dags/example_branch_operator.py
[2024-05-15T04:10:04.363+0800] {processor.py:840} INFO - DAG(s) 'example_branch_operator' retrieved from /home/jithish/Documents/dag-dag-dag/.venv/lib/python3.10/site-packages/airflow/example_dags/example_branch_operator.py
[2024-05-15T04:10:04.387+0800] {logging_mixin.py:188} INFO - [2024-05-15T04:10:04.386+0800] {dag.py:3096} INFO - Sync 1 DAGs
[2024-05-15T04:10:04.403+0800] {logging_mixin.py:188} INFO - [2024-05-15T04:10:04.403+0800] {dag.py:3954} INFO - Setting next_dagrun for example_branch_operator to 2024-05-13 00:00:00+00:00, run_after=2024-05-14 00:00:00+00:00
[2024-05-15T04:10:04.423+0800] {processor.py:183} INFO - Processing /home/jithish/Documents/dag-dag-dag/.venv/lib/python3.10/site-packages/airflow/example_dags/example_branch_operator.py took 0.172 seconds
[2024-05-15T04:10:59.112+0800] {processor.py:161} INFO - Started process (PID=116428) to work on /home/jithish/Documents/dag-dag-dag/.venv/lib/python3.10/site-packages/airflow/example_dags/example_branch_operator.py
[2024-05-15T04:10:59.174+0800] {processor.py:830} INFO - Processing file /home/jithish/Documents/dag-dag-dag/.venv/lib/python3.10/site-packages/airflow/example_dags/example_branch_operator.py for tasks to queue
[2024-05-15T04:10:59.181+0800] {logging_mixin.py:188} INFO - [2024-05-15T04:10:59.180+0800] {dagbag.py:545} INFO - Filling up the DagBag from /home/jithish/Documents/dag-dag-dag/.venv/lib/python3.10/site-packages/airflow/example_dags/example_branch_operator.py
[2024-05-15T04:10:59.216+0800] {processor.py:840} INFO - DAG(s) 'example_branch_operator' retrieved from /home/jithish/Documents/dag-dag-dag/.venv/lib/python3.10/site-packages/airflow/example_dags/example_branch_operator.py
[2024-05-15T04:10:59.250+0800] {logging_mixin.py:188} INFO - [2024-05-15T04:10:59.250+0800] {dag.py:3096} INFO - Sync 1 DAGs
[2024-05-15T04:10:59.272+0800] {logging_mixin.py:188} INFO - [2024-05-15T04:10:59.272+0800] {dag.py:3954} INFO - Setting next_dagrun for example_branch_operator to 2024-05-13 00:00:00+00:00, run_after=2024-05-14 00:00:00+00:00
[2024-05-15T04:10:59.293+0800] {processor.py:183} INFO - Processing /home/jithish/Documents/dag-dag-dag/.venv/lib/python3.10/site-packages/airflow/example_dags/example_branch_operator.py took 0.187 seconds
[2024-05-15T04:12:15.351+0800] {processor.py:161} INFO - Started process (PID=117547) to work on /home/jithish/Documents/dag-dag-dag/.venv/lib/python3.10/site-packages/airflow/example_dags/example_branch_operator.py
[2024-05-15T04:12:15.397+0800] {processor.py:830} INFO - Processing file /home/jithish/Documents/dag-dag-dag/.venv/lib/python3.10/site-packages/airflow/example_dags/example_branch_operator.py for tasks to queue
[2024-05-15T04:12:15.403+0800] {logging_mixin.py:188} INFO - [2024-05-15T04:12:15.401+0800] {dagbag.py:545} INFO - Filling up the DagBag from /home/jithish/Documents/dag-dag-dag/.venv/lib/python3.10/site-packages/airflow/example_dags/example_branch_operator.py
[2024-05-15T04:12:15.435+0800] {processor.py:840} INFO - DAG(s) 'example_branch_operator' retrieved from /home/jithish/Documents/dag-dag-dag/.venv/lib/python3.10/site-packages/airflow/example_dags/example_branch_operator.py
[2024-05-15T04:12:15.457+0800] {logging_mixin.py:188} INFO - [2024-05-15T04:12:15.456+0800] {dag.py:3096} INFO - Sync 1 DAGs
[2024-05-15T04:12:15.471+0800] {logging_mixin.py:188} INFO - [2024-05-15T04:12:15.471+0800] {dag.py:3954} INFO - Setting next_dagrun for example_branch_operator to 2024-05-13 00:00:00+00:00, run_after=2024-05-14 00:00:00+00:00
[2024-05-15T04:12:15.487+0800] {processor.py:183} INFO - Processing /home/jithish/Documents/dag-dag-dag/.venv/lib/python3.10/site-packages/airflow/example_dags/example_branch_operator.py took 0.145 seconds
[2024-05-15T04:13:12.176+0800] {processor.py:161} INFO - Started process (PID=118369) to work on /home/jithish/Documents/dag-dag-dag/.venv/lib/python3.10/site-packages/airflow/example_dags/example_branch_operator.py
[2024-05-15T04:13:12.238+0800] {processor.py:830} INFO - Processing file /home/jithish/Documents/dag-dag-dag/.venv/lib/python3.10/site-packages/airflow/example_dags/example_branch_operator.py for tasks to queue
[2024-05-15T04:13:12.244+0800] {logging_mixin.py:188} INFO - [2024-05-15T04:13:12.243+0800] {dagbag.py:545} INFO - Filling up the DagBag from /home/jithish/Documents/dag-dag-dag/.venv/lib/python3.10/site-packages/airflow/example_dags/example_branch_operator.py
[2024-05-15T04:13:12.271+0800] {processor.py:840} INFO - DAG(s) 'example_branch_operator' retrieved from /home/jithish/Documents/dag-dag-dag/.venv/lib/python3.10/site-packages/airflow/example_dags/example_branch_operator.py
[2024-05-15T04:13:12.291+0800] {logging_mixin.py:188} INFO - [2024-05-15T04:13:12.291+0800] {dag.py:3096} INFO - Sync 1 DAGs
[2024-05-15T04:13:12.306+0800] {logging_mixin.py:188} INFO - [2024-05-15T04:13:12.305+0800] {dag.py:3954} INFO - Setting next_dagrun for example_branch_operator to 2024-05-13 00:00:00+00:00, run_after=2024-05-14 00:00:00+00:00
[2024-05-15T04:13:12.326+0800] {processor.py:183} INFO - Processing /home/jithish/Documents/dag-dag-dag/.venv/lib/python3.10/site-packages/airflow/example_dags/example_branch_operator.py took 0.163 seconds
[2024-05-15T04:14:06.925+0800] {processor.py:161} INFO - Started process (PID=119198) to work on /home/jithish/Documents/dag-dag-dag/.venv/lib/python3.10/site-packages/airflow/example_dags/example_branch_operator.py
[2024-05-15T04:14:06.926+0800] {processor.py:830} INFO - Processing file /home/jithish/Documents/dag-dag-dag/.venv/lib/python3.10/site-packages/airflow/example_dags/example_branch_operator.py for tasks to queue
[2024-05-15T04:14:06.927+0800] {logging_mixin.py:188} INFO - [2024-05-15T04:14:06.927+0800] {dagbag.py:545} INFO - Filling up the DagBag from /home/jithish/Documents/dag-dag-dag/.venv/lib/python3.10/site-packages/airflow/example_dags/example_branch_operator.py
[2024-05-15T04:14:06.940+0800] {processor.py:840} INFO - DAG(s) 'example_branch_operator' retrieved from /home/jithish/Documents/dag-dag-dag/.venv/lib/python3.10/site-packages/airflow/example_dags/example_branch_operator.py
[2024-05-15T04:14:06.957+0800] {logging_mixin.py:188} INFO - [2024-05-15T04:14:06.956+0800] {dag.py:3096} INFO - Sync 1 DAGs
[2024-05-15T04:14:06.970+0800] {logging_mixin.py:188} INFO - [2024-05-15T04:14:06.970+0800] {dag.py:3954} INFO - Setting next_dagrun for example_branch_operator to 2024-05-13 00:00:00+00:00, run_after=2024-05-14 00:00:00+00:00
[2024-05-15T04:14:06.985+0800] {processor.py:183} INFO - Processing /home/jithish/Documents/dag-dag-dag/.venv/lib/python3.10/site-packages/airflow/example_dags/example_branch_operator.py took 0.065 seconds
[2024-05-15T04:15:04.123+0800] {processor.py:161} INFO - Started process (PID=119786) to work on /home/jithish/Documents/dag-dag-dag/.venv/lib/python3.10/site-packages/airflow/example_dags/example_branch_operator.py
[2024-05-15T04:15:04.168+0800] {processor.py:830} INFO - Processing file /home/jithish/Documents/dag-dag-dag/.venv/lib/python3.10/site-packages/airflow/example_dags/example_branch_operator.py for tasks to queue
[2024-05-15T04:15:04.173+0800] {logging_mixin.py:188} INFO - [2024-05-15T04:15:04.172+0800] {dagbag.py:545} INFO - Filling up the DagBag from /home/jithish/Documents/dag-dag-dag/.venv/lib/python3.10/site-packages/airflow/example_dags/example_branch_operator.py
[2024-05-15T04:15:04.204+0800] {processor.py:840} INFO - DAG(s) 'example_branch_operator' retrieved from /home/jithish/Documents/dag-dag-dag/.venv/lib/python3.10/site-packages/airflow/example_dags/example_branch_operator.py
[2024-05-15T04:15:04.226+0800] {logging_mixin.py:188} INFO - [2024-05-15T04:15:04.226+0800] {dag.py:3096} INFO - Sync 1 DAGs
[2024-05-15T04:15:04.243+0800] {logging_mixin.py:188} INFO - [2024-05-15T04:15:04.243+0800] {dag.py:3954} INFO - Setting next_dagrun for example_branch_operator to 2024-05-13 00:00:00+00:00, run_after=2024-05-14 00:00:00+00:00
[2024-05-15T04:15:04.260+0800] {processor.py:183} INFO - Processing /home/jithish/Documents/dag-dag-dag/.venv/lib/python3.10/site-packages/airflow/example_dags/example_branch_operator.py took 0.146 seconds
[2024-05-15T04:15:58.165+0800] {processor.py:161} INFO - Started process (PID=120399) to work on /home/jithish/Documents/dag-dag-dag/.venv/lib/python3.10/site-packages/airflow/example_dags/example_branch_operator.py
[2024-05-15T04:15:58.226+0800] {processor.py:830} INFO - Processing file /home/jithish/Documents/dag-dag-dag/.venv/lib/python3.10/site-packages/airflow/example_dags/example_branch_operator.py for tasks to queue
[2024-05-15T04:15:58.231+0800] {logging_mixin.py:188} INFO - [2024-05-15T04:15:58.230+0800] {dagbag.py:545} INFO - Filling up the DagBag from /home/jithish/Documents/dag-dag-dag/.venv/lib/python3.10/site-packages/airflow/example_dags/example_branch_operator.py
[2024-05-15T04:15:58.271+0800] {processor.py:840} INFO - DAG(s) 'example_branch_operator' retrieved from /home/jithish/Documents/dag-dag-dag/.venv/lib/python3.10/site-packages/airflow/example_dags/example_branch_operator.py
[2024-05-15T04:15:58.292+0800] {logging_mixin.py:188} INFO - [2024-05-15T04:15:58.292+0800] {dag.py:3096} INFO - Sync 1 DAGs
[2024-05-15T04:15:58.306+0800] {logging_mixin.py:188} INFO - [2024-05-15T04:15:58.306+0800] {dag.py:3954} INFO - Setting next_dagrun for example_branch_operator to 2024-05-13 00:00:00+00:00, run_after=2024-05-14 00:00:00+00:00
[2024-05-15T04:15:58.333+0800] {processor.py:183} INFO - Processing /home/jithish/Documents/dag-dag-dag/.venv/lib/python3.10/site-packages/airflow/example_dags/example_branch_operator.py took 0.176 seconds
