[2024-05-15T02:59:22.843+0800] {processor.py:161} INFO - Started process (PID=65600) to work on /home/jithish/Documents/dag-dag-dag/.venv/lib/python3.10/site-packages/airflow/example_dags/example_latest_only.py
[2024-05-15T02:59:22.843+0800] {processor.py:830} INFO - Processing file /home/jithish/Documents/dag-dag-dag/.venv/lib/python3.10/site-packages/airflow/example_dags/example_latest_only.py for tasks to queue
[2024-05-15T02:59:22.845+0800] {logging_mixin.py:188} INFO - [2024-05-15T02:59:22.844+0800] {dagbag.py:545} INFO - Filling up the DagBag from /home/jithish/Documents/dag-dag-dag/.venv/lib/python3.10/site-packages/airflow/example_dags/example_latest_only.py
[2024-05-15T02:59:22.850+0800] {processor.py:840} INFO - DAG(s) 'latest_only' retrieved from /home/jithish/Documents/dag-dag-dag/.venv/lib/python3.10/site-packages/airflow/example_dags/example_latest_only.py
[2024-05-15T02:59:22.920+0800] {logging_mixin.py:188} INFO - [2024-05-15T02:59:22.920+0800] {dag.py:3096} INFO - Sync 1 DAGs
[2024-05-15T02:59:23.010+0800] {logging_mixin.py:188} INFO - [2024-05-15T02:59:23.010+0800] {dag.py:3954} INFO - Setting next_dagrun for latest_only to 2024-05-14 12:00:00+00:00, run_after=2024-05-14 16:00:00+00:00
[2024-05-15T02:59:23.111+0800] {processor.py:183} INFO - Processing /home/jithish/Documents/dag-dag-dag/.venv/lib/python3.10/site-packages/airflow/example_dags/example_latest_only.py took 0.272 seconds
[2024-05-15T03:14:44.105+0800] {processor.py:161} INFO - Started process (PID=75131) to work on /home/jithish/Documents/dag-dag-dag/.venv/lib/python3.10/site-packages/airflow/example_dags/example_latest_only.py
[2024-05-15T03:14:44.166+0800] {processor.py:830} INFO - Processing file /home/jithish/Documents/dag-dag-dag/.venv/lib/python3.10/site-packages/airflow/example_dags/example_latest_only.py for tasks to queue
[2024-05-15T03:14:44.171+0800] {logging_mixin.py:188} INFO - [2024-05-15T03:14:44.170+0800] {dagbag.py:545} INFO - Filling up the DagBag from /home/jithish/Documents/dag-dag-dag/.venv/lib/python3.10/site-packages/airflow/example_dags/example_latest_only.py
[2024-05-15T03:14:44.185+0800] {processor.py:840} INFO - DAG(s) 'latest_only' retrieved from /home/jithish/Documents/dag-dag-dag/.venv/lib/python3.10/site-packages/airflow/example_dags/example_latest_only.py
[2024-05-15T03:14:44.266+0800] {logging_mixin.py:188} INFO - [2024-05-15T03:14:44.266+0800] {dag.py:3096} INFO - Sync 1 DAGs
[2024-05-15T03:14:44.341+0800] {logging_mixin.py:188} INFO - [2024-05-15T03:14:44.340+0800] {dag.py:3954} INFO - Setting next_dagrun for latest_only to 2024-05-14 12:00:00+00:00, run_after=2024-05-14 16:00:00+00:00
[2024-05-15T03:14:44.424+0800] {processor.py:183} INFO - Processing /home/jithish/Documents/dag-dag-dag/.venv/lib/python3.10/site-packages/airflow/example_dags/example_latest_only.py took 0.326 seconds
[2024-05-15T03:15:48.439+0800] {processor.py:161} INFO - Started process (PID=75931) to work on /home/jithish/Documents/dag-dag-dag/.venv/lib/python3.10/site-packages/airflow/example_dags/example_latest_only.py
[2024-05-15T03:15:48.500+0800] {processor.py:830} INFO - Processing file /home/jithish/Documents/dag-dag-dag/.venv/lib/python3.10/site-packages/airflow/example_dags/example_latest_only.py for tasks to queue
[2024-05-15T03:15:48.505+0800] {logging_mixin.py:188} INFO - [2024-05-15T03:15:48.504+0800] {dagbag.py:545} INFO - Filling up the DagBag from /home/jithish/Documents/dag-dag-dag/.venv/lib/python3.10/site-packages/airflow/example_dags/example_latest_only.py
[2024-05-15T03:15:48.520+0800] {processor.py:840} INFO - DAG(s) 'latest_only' retrieved from /home/jithish/Documents/dag-dag-dag/.venv/lib/python3.10/site-packages/airflow/example_dags/example_latest_only.py
[2024-05-15T03:15:48.546+0800] {logging_mixin.py:188} INFO - [2024-05-15T03:15:48.546+0800] {dag.py:3096} INFO - Sync 1 DAGs
[2024-05-15T03:15:48.564+0800] {logging_mixin.py:188} INFO - [2024-05-15T03:15:48.564+0800] {dag.py:3954} INFO - Setting next_dagrun for latest_only to 2024-05-14 12:00:00+00:00, run_after=2024-05-14 16:00:00+00:00
[2024-05-15T03:15:48.727+0800] {processor.py:183} INFO - Processing /home/jithish/Documents/dag-dag-dag/.venv/lib/python3.10/site-packages/airflow/example_dags/example_latest_only.py took 0.293 seconds
[2024-05-15T03:16:51.013+0800] {processor.py:161} INFO - Started process (PID=76789) to work on /home/jithish/Documents/dag-dag-dag/.venv/lib/python3.10/site-packages/airflow/example_dags/example_latest_only.py
[2024-05-15T03:16:51.075+0800] {processor.py:830} INFO - Processing file /home/jithish/Documents/dag-dag-dag/.venv/lib/python3.10/site-packages/airflow/example_dags/example_latest_only.py for tasks to queue
[2024-05-15T03:16:51.080+0800] {logging_mixin.py:188} INFO - [2024-05-15T03:16:51.079+0800] {dagbag.py:545} INFO - Filling up the DagBag from /home/jithish/Documents/dag-dag-dag/.venv/lib/python3.10/site-packages/airflow/example_dags/example_latest_only.py
[2024-05-15T03:16:51.094+0800] {processor.py:840} INFO - DAG(s) 'latest_only' retrieved from /home/jithish/Documents/dag-dag-dag/.venv/lib/python3.10/site-packages/airflow/example_dags/example_latest_only.py
[2024-05-15T03:16:51.120+0800] {logging_mixin.py:188} INFO - [2024-05-15T03:16:51.120+0800] {dag.py:3096} INFO - Sync 1 DAGs
[2024-05-15T03:16:51.136+0800] {logging_mixin.py:188} INFO - [2024-05-15T03:16:51.136+0800] {dag.py:3954} INFO - Setting next_dagrun for latest_only to 2024-05-14 12:00:00+00:00, run_after=2024-05-14 16:00:00+00:00
[2024-05-15T03:16:51.162+0800] {processor.py:183} INFO - Processing /home/jithish/Documents/dag-dag-dag/.venv/lib/python3.10/site-packages/airflow/example_dags/example_latest_only.py took 0.156 seconds
[2024-05-15T03:17:54.430+0800] {processor.py:161} INFO - Started process (PID=77776) to work on /home/jithish/Documents/dag-dag-dag/.venv/lib/python3.10/site-packages/airflow/example_dags/example_latest_only.py
[2024-05-15T03:17:54.492+0800] {processor.py:830} INFO - Processing file /home/jithish/Documents/dag-dag-dag/.venv/lib/python3.10/site-packages/airflow/example_dags/example_latest_only.py for tasks to queue
[2024-05-15T03:17:54.498+0800] {logging_mixin.py:188} INFO - [2024-05-15T03:17:54.496+0800] {dagbag.py:545} INFO - Filling up the DagBag from /home/jithish/Documents/dag-dag-dag/.venv/lib/python3.10/site-packages/airflow/example_dags/example_latest_only.py
[2024-05-15T03:17:54.513+0800] {processor.py:840} INFO - DAG(s) 'latest_only' retrieved from /home/jithish/Documents/dag-dag-dag/.venv/lib/python3.10/site-packages/airflow/example_dags/example_latest_only.py
[2024-05-15T03:17:54.538+0800] {logging_mixin.py:188} INFO - [2024-05-15T03:17:54.537+0800] {dag.py:3096} INFO - Sync 1 DAGs
[2024-05-15T03:17:54.556+0800] {logging_mixin.py:188} INFO - [2024-05-15T03:17:54.556+0800] {dag.py:3954} INFO - Setting next_dagrun for latest_only to 2024-05-14 12:00:00+00:00, run_after=2024-05-14 16:00:00+00:00
[2024-05-15T03:17:54.586+0800] {processor.py:183} INFO - Processing /home/jithish/Documents/dag-dag-dag/.venv/lib/python3.10/site-packages/airflow/example_dags/example_latest_only.py took 0.162 seconds
[2024-05-15T03:18:48.726+0800] {processor.py:161} INFO - Started process (PID=78534) to work on /home/jithish/Documents/dag-dag-dag/.venv/lib/python3.10/site-packages/airflow/example_dags/example_latest_only.py
[2024-05-15T03:18:48.788+0800] {processor.py:830} INFO - Processing file /home/jithish/Documents/dag-dag-dag/.venv/lib/python3.10/site-packages/airflow/example_dags/example_latest_only.py for tasks to queue
[2024-05-15T03:18:48.793+0800] {logging_mixin.py:188} INFO - [2024-05-15T03:18:48.792+0800] {dagbag.py:545} INFO - Filling up the DagBag from /home/jithish/Documents/dag-dag-dag/.venv/lib/python3.10/site-packages/airflow/example_dags/example_latest_only.py
[2024-05-15T03:18:48.808+0800] {processor.py:840} INFO - DAG(s) 'latest_only' retrieved from /home/jithish/Documents/dag-dag-dag/.venv/lib/python3.10/site-packages/airflow/example_dags/example_latest_only.py
[2024-05-15T03:18:48.834+0800] {logging_mixin.py:188} INFO - [2024-05-15T03:18:48.834+0800] {dag.py:3096} INFO - Sync 1 DAGs
[2024-05-15T03:18:48.851+0800] {logging_mixin.py:188} INFO - [2024-05-15T03:18:48.851+0800] {dag.py:3954} INFO - Setting next_dagrun for latest_only to 2024-05-14 12:00:00+00:00, run_after=2024-05-14 16:00:00+00:00
[2024-05-15T03:18:48.884+0800] {processor.py:183} INFO - Processing /home/jithish/Documents/dag-dag-dag/.venv/lib/python3.10/site-packages/airflow/example_dags/example_latest_only.py took 0.174 seconds
[2024-05-15T03:19:45.579+0800] {processor.py:161} INFO - Started process (PID=79366) to work on /home/jithish/Documents/dag-dag-dag/.venv/lib/python3.10/site-packages/airflow/example_dags/example_latest_only.py
[2024-05-15T03:19:45.641+0800] {processor.py:830} INFO - Processing file /home/jithish/Documents/dag-dag-dag/.venv/lib/python3.10/site-packages/airflow/example_dags/example_latest_only.py for tasks to queue
[2024-05-15T03:19:45.645+0800] {logging_mixin.py:188} INFO - [2024-05-15T03:19:45.644+0800] {dagbag.py:545} INFO - Filling up the DagBag from /home/jithish/Documents/dag-dag-dag/.venv/lib/python3.10/site-packages/airflow/example_dags/example_latest_only.py
[2024-05-15T03:19:45.652+0800] {processor.py:840} INFO - DAG(s) 'latest_only' retrieved from /home/jithish/Documents/dag-dag-dag/.venv/lib/python3.10/site-packages/airflow/example_dags/example_latest_only.py
[2024-05-15T03:19:45.674+0800] {logging_mixin.py:188} INFO - [2024-05-15T03:19:45.673+0800] {dag.py:3096} INFO - Sync 1 DAGs
[2024-05-15T03:19:45.691+0800] {logging_mixin.py:188} INFO - [2024-05-15T03:19:45.691+0800] {dag.py:3954} INFO - Setting next_dagrun for latest_only to 2024-05-14 12:00:00+00:00, run_after=2024-05-14 16:00:00+00:00
[2024-05-15T03:19:45.715+0800] {processor.py:183} INFO - Processing /home/jithish/Documents/dag-dag-dag/.venv/lib/python3.10/site-packages/airflow/example_dags/example_latest_only.py took 0.146 seconds
[2024-05-15T03:21:01.799+0800] {processor.py:161} INFO - Started process (PID=80425) to work on /home/jithish/Documents/dag-dag-dag/.venv/lib/python3.10/site-packages/airflow/example_dags/example_latest_only.py
[2024-05-15T03:21:01.861+0800] {processor.py:830} INFO - Processing file /home/jithish/Documents/dag-dag-dag/.venv/lib/python3.10/site-packages/airflow/example_dags/example_latest_only.py for tasks to queue
[2024-05-15T03:21:01.866+0800] {logging_mixin.py:188} INFO - [2024-05-15T03:21:01.864+0800] {dagbag.py:545} INFO - Filling up the DagBag from /home/jithish/Documents/dag-dag-dag/.venv/lib/python3.10/site-packages/airflow/example_dags/example_latest_only.py
[2024-05-15T03:21:01.881+0800] {processor.py:840} INFO - DAG(s) 'latest_only' retrieved from /home/jithish/Documents/dag-dag-dag/.venv/lib/python3.10/site-packages/airflow/example_dags/example_latest_only.py
[2024-05-15T03:21:01.905+0800] {logging_mixin.py:188} INFO - [2024-05-15T03:21:01.905+0800] {dag.py:3096} INFO - Sync 1 DAGs
[2024-05-15T03:21:01.922+0800] {logging_mixin.py:188} INFO - [2024-05-15T03:21:01.922+0800] {dag.py:3954} INFO - Setting next_dagrun for latest_only to 2024-05-14 12:00:00+00:00, run_after=2024-05-14 16:00:00+00:00
[2024-05-15T03:21:01.939+0800] {processor.py:183} INFO - Processing /home/jithish/Documents/dag-dag-dag/.venv/lib/python3.10/site-packages/airflow/example_dags/example_latest_only.py took 0.144 seconds
[2024-05-15T03:21:53.822+0800] {processor.py:161} INFO - Started process (PID=81192) to work on /home/jithish/Documents/dag-dag-dag/.venv/lib/python3.10/site-packages/airflow/example_dags/example_latest_only.py
[2024-05-15T03:21:53.883+0800] {processor.py:830} INFO - Processing file /home/jithish/Documents/dag-dag-dag/.venv/lib/python3.10/site-packages/airflow/example_dags/example_latest_only.py for tasks to queue
[2024-05-15T03:21:53.887+0800] {logging_mixin.py:188} INFO - [2024-05-15T03:21:53.886+0800] {dagbag.py:545} INFO - Filling up the DagBag from /home/jithish/Documents/dag-dag-dag/.venv/lib/python3.10/site-packages/airflow/example_dags/example_latest_only.py
[2024-05-15T03:21:53.896+0800] {processor.py:840} INFO - DAG(s) 'latest_only' retrieved from /home/jithish/Documents/dag-dag-dag/.venv/lib/python3.10/site-packages/airflow/example_dags/example_latest_only.py
[2024-05-15T03:21:53.920+0800] {logging_mixin.py:188} INFO - [2024-05-15T03:21:53.920+0800] {dag.py:3096} INFO - Sync 1 DAGs
[2024-05-15T03:21:53.939+0800] {logging_mixin.py:188} INFO - [2024-05-15T03:21:53.939+0800] {dag.py:3954} INFO - Setting next_dagrun for latest_only to 2024-05-14 12:00:00+00:00, run_after=2024-05-14 16:00:00+00:00
[2024-05-15T03:21:53.959+0800] {processor.py:183} INFO - Processing /home/jithish/Documents/dag-dag-dag/.venv/lib/python3.10/site-packages/airflow/example_dags/example_latest_only.py took 0.146 seconds
[2024-05-15T03:22:47.104+0800] {processor.py:161} INFO - Started process (PID=81992) to work on /home/jithish/Documents/dag-dag-dag/.venv/lib/python3.10/site-packages/airflow/example_dags/example_latest_only.py
[2024-05-15T03:22:47.166+0800] {processor.py:830} INFO - Processing file /home/jithish/Documents/dag-dag-dag/.venv/lib/python3.10/site-packages/airflow/example_dags/example_latest_only.py for tasks to queue
[2024-05-15T03:22:47.171+0800] {logging_mixin.py:188} INFO - [2024-05-15T03:22:47.169+0800] {dagbag.py:545} INFO - Filling up the DagBag from /home/jithish/Documents/dag-dag-dag/.venv/lib/python3.10/site-packages/airflow/example_dags/example_latest_only.py
[2024-05-15T03:22:47.185+0800] {processor.py:840} INFO - DAG(s) 'latest_only' retrieved from /home/jithish/Documents/dag-dag-dag/.venv/lib/python3.10/site-packages/airflow/example_dags/example_latest_only.py
[2024-05-15T03:22:47.214+0800] {logging_mixin.py:188} INFO - [2024-05-15T03:22:47.214+0800] {dag.py:3096} INFO - Sync 1 DAGs
[2024-05-15T03:22:47.231+0800] {logging_mixin.py:188} INFO - [2024-05-15T03:22:47.231+0800] {dag.py:3954} INFO - Setting next_dagrun for latest_only to 2024-05-14 12:00:00+00:00, run_after=2024-05-14 16:00:00+00:00
[2024-05-15T03:22:47.251+0800] {processor.py:183} INFO - Processing /home/jithish/Documents/dag-dag-dag/.venv/lib/python3.10/site-packages/airflow/example_dags/example_latest_only.py took 0.151 seconds
[2024-05-15T03:23:42.110+0800] {processor.py:161} INFO - Started process (PID=82452) to work on /home/jithish/Documents/dag-dag-dag/.venv/lib/python3.10/site-packages/airflow/example_dags/example_latest_only.py
[2024-05-15T03:23:42.171+0800] {processor.py:830} INFO - Processing file /home/jithish/Documents/dag-dag-dag/.venv/lib/python3.10/site-packages/airflow/example_dags/example_latest_only.py for tasks to queue
[2024-05-15T03:23:42.175+0800] {logging_mixin.py:188} INFO - [2024-05-15T03:23:42.174+0800] {dagbag.py:545} INFO - Filling up the DagBag from /home/jithish/Documents/dag-dag-dag/.venv/lib/python3.10/site-packages/airflow/example_dags/example_latest_only.py
[2024-05-15T03:23:42.189+0800] {processor.py:840} INFO - DAG(s) 'latest_only' retrieved from /home/jithish/Documents/dag-dag-dag/.venv/lib/python3.10/site-packages/airflow/example_dags/example_latest_only.py
[2024-05-15T03:23:42.219+0800] {logging_mixin.py:188} INFO - [2024-05-15T03:23:42.219+0800] {dag.py:3096} INFO - Sync 1 DAGs
[2024-05-15T03:23:42.236+0800] {logging_mixin.py:188} INFO - [2024-05-15T03:23:42.236+0800] {dag.py:3954} INFO - Setting next_dagrun for latest_only to 2024-05-14 12:00:00+00:00, run_after=2024-05-14 16:00:00+00:00
[2024-05-15T03:23:42.254+0800] {processor.py:183} INFO - Processing /home/jithish/Documents/dag-dag-dag/.venv/lib/python3.10/site-packages/airflow/example_dags/example_latest_only.py took 0.147 seconds
[2024-05-15T03:24:36.381+0800] {processor.py:161} INFO - Started process (PID=82941) to work on /home/jithish/Documents/dag-dag-dag/.venv/lib/python3.10/site-packages/airflow/example_dags/example_latest_only.py
[2024-05-15T03:24:36.446+0800] {processor.py:830} INFO - Processing file /home/jithish/Documents/dag-dag-dag/.venv/lib/python3.10/site-packages/airflow/example_dags/example_latest_only.py for tasks to queue
[2024-05-15T03:24:36.451+0800] {logging_mixin.py:188} INFO - [2024-05-15T03:24:36.450+0800] {dagbag.py:545} INFO - Filling up the DagBag from /home/jithish/Documents/dag-dag-dag/.venv/lib/python3.10/site-packages/airflow/example_dags/example_latest_only.py
[2024-05-15T03:24:36.465+0800] {processor.py:840} INFO - DAG(s) 'latest_only' retrieved from /home/jithish/Documents/dag-dag-dag/.venv/lib/python3.10/site-packages/airflow/example_dags/example_latest_only.py
[2024-05-15T03:24:36.492+0800] {logging_mixin.py:188} INFO - [2024-05-15T03:24:36.492+0800] {dag.py:3096} INFO - Sync 1 DAGs
[2024-05-15T03:24:36.508+0800] {logging_mixin.py:188} INFO - [2024-05-15T03:24:36.508+0800] {dag.py:3954} INFO - Setting next_dagrun for latest_only to 2024-05-14 12:00:00+00:00, run_after=2024-05-14 16:00:00+00:00
[2024-05-15T03:24:36.524+0800] {processor.py:183} INFO - Processing /home/jithish/Documents/dag-dag-dag/.venv/lib/python3.10/site-packages/airflow/example_dags/example_latest_only.py took 0.148 seconds
[2024-05-15T03:25:31.550+0800] {processor.py:161} INFO - Started process (PID=83415) to work on /home/jithish/Documents/dag-dag-dag/.venv/lib/python3.10/site-packages/airflow/example_dags/example_latest_only.py
[2024-05-15T03:25:31.612+0800] {processor.py:830} INFO - Processing file /home/jithish/Documents/dag-dag-dag/.venv/lib/python3.10/site-packages/airflow/example_dags/example_latest_only.py for tasks to queue
[2024-05-15T03:25:31.615+0800] {logging_mixin.py:188} INFO - [2024-05-15T03:25:31.614+0800] {dagbag.py:545} INFO - Filling up the DagBag from /home/jithish/Documents/dag-dag-dag/.venv/lib/python3.10/site-packages/airflow/example_dags/example_latest_only.py
[2024-05-15T03:25:31.624+0800] {processor.py:840} INFO - DAG(s) 'latest_only' retrieved from /home/jithish/Documents/dag-dag-dag/.venv/lib/python3.10/site-packages/airflow/example_dags/example_latest_only.py
[2024-05-15T03:25:31.649+0800] {logging_mixin.py:188} INFO - [2024-05-15T03:25:31.648+0800] {dag.py:3096} INFO - Sync 1 DAGs
[2024-05-15T03:25:31.666+0800] {logging_mixin.py:188} INFO - [2024-05-15T03:25:31.665+0800] {dag.py:3954} INFO - Setting next_dagrun for latest_only to 2024-05-14 12:00:00+00:00, run_after=2024-05-14 16:00:00+00:00
[2024-05-15T03:25:31.698+0800] {processor.py:183} INFO - Processing /home/jithish/Documents/dag-dag-dag/.venv/lib/python3.10/site-packages/airflow/example_dags/example_latest_only.py took 0.164 seconds
[2024-05-15T03:26:23.537+0800] {processor.py:161} INFO - Started process (PID=83803) to work on /home/jithish/Documents/dag-dag-dag/.venv/lib/python3.10/site-packages/airflow/example_dags/example_latest_only.py
[2024-05-15T03:26:23.598+0800] {processor.py:830} INFO - Processing file /home/jithish/Documents/dag-dag-dag/.venv/lib/python3.10/site-packages/airflow/example_dags/example_latest_only.py for tasks to queue
[2024-05-15T03:26:23.603+0800] {logging_mixin.py:188} INFO - [2024-05-15T03:26:23.602+0800] {dagbag.py:545} INFO - Filling up the DagBag from /home/jithish/Documents/dag-dag-dag/.venv/lib/python3.10/site-packages/airflow/example_dags/example_latest_only.py
[2024-05-15T03:26:23.618+0800] {processor.py:840} INFO - DAG(s) 'latest_only' retrieved from /home/jithish/Documents/dag-dag-dag/.venv/lib/python3.10/site-packages/airflow/example_dags/example_latest_only.py
[2024-05-15T03:26:23.647+0800] {logging_mixin.py:188} INFO - [2024-05-15T03:26:23.647+0800] {dag.py:3096} INFO - Sync 1 DAGs
[2024-05-15T03:26:23.663+0800] {logging_mixin.py:188} INFO - [2024-05-15T03:26:23.663+0800] {dag.py:3954} INFO - Setting next_dagrun for latest_only to 2024-05-14 12:00:00+00:00, run_after=2024-05-14 16:00:00+00:00
[2024-05-15T03:26:23.687+0800] {processor.py:183} INFO - Processing /home/jithish/Documents/dag-dag-dag/.venv/lib/python3.10/site-packages/airflow/example_dags/example_latest_only.py took 0.155 seconds
[2024-05-15T03:27:18.867+0800] {processor.py:161} INFO - Started process (PID=84593) to work on /home/jithish/Documents/dag-dag-dag/.venv/lib/python3.10/site-packages/airflow/example_dags/example_latest_only.py
[2024-05-15T03:27:18.928+0800] {processor.py:830} INFO - Processing file /home/jithish/Documents/dag-dag-dag/.venv/lib/python3.10/site-packages/airflow/example_dags/example_latest_only.py for tasks to queue
[2024-05-15T03:27:18.931+0800] {logging_mixin.py:188} INFO - [2024-05-15T03:27:18.930+0800] {dagbag.py:545} INFO - Filling up the DagBag from /home/jithish/Documents/dag-dag-dag/.venv/lib/python3.10/site-packages/airflow/example_dags/example_latest_only.py
[2024-05-15T03:27:18.941+0800] {processor.py:840} INFO - DAG(s) 'latest_only' retrieved from /home/jithish/Documents/dag-dag-dag/.venv/lib/python3.10/site-packages/airflow/example_dags/example_latest_only.py
[2024-05-15T03:27:18.969+0800] {logging_mixin.py:188} INFO - [2024-05-15T03:27:18.968+0800] {dag.py:3096} INFO - Sync 1 DAGs
[2024-05-15T03:27:18.986+0800] {logging_mixin.py:188} INFO - [2024-05-15T03:27:18.986+0800] {dag.py:3954} INFO - Setting next_dagrun for latest_only to 2024-05-14 12:00:00+00:00, run_after=2024-05-14 16:00:00+00:00
[2024-05-15T03:27:19.005+0800] {processor.py:183} INFO - Processing /home/jithish/Documents/dag-dag-dag/.venv/lib/python3.10/site-packages/airflow/example_dags/example_latest_only.py took 0.143 seconds
[2024-05-15T03:28:33.269+0800] {processor.py:161} INFO - Started process (PID=85213) to work on /home/jithish/Documents/dag-dag-dag/.venv/lib/python3.10/site-packages/airflow/example_dags/example_latest_only.py
[2024-05-15T03:28:33.331+0800] {processor.py:830} INFO - Processing file /home/jithish/Documents/dag-dag-dag/.venv/lib/python3.10/site-packages/airflow/example_dags/example_latest_only.py for tasks to queue
[2024-05-15T03:28:33.336+0800] {logging_mixin.py:188} INFO - [2024-05-15T03:28:33.334+0800] {dagbag.py:545} INFO - Filling up the DagBag from /home/jithish/Documents/dag-dag-dag/.venv/lib/python3.10/site-packages/airflow/example_dags/example_latest_only.py
[2024-05-15T03:28:33.353+0800] {processor.py:840} INFO - DAG(s) 'latest_only' retrieved from /home/jithish/Documents/dag-dag-dag/.venv/lib/python3.10/site-packages/airflow/example_dags/example_latest_only.py
[2024-05-15T03:28:33.375+0800] {logging_mixin.py:188} INFO - [2024-05-15T03:28:33.375+0800] {dag.py:3096} INFO - Sync 1 DAGs
[2024-05-15T03:28:33.391+0800] {logging_mixin.py:188} INFO - [2024-05-15T03:28:33.390+0800] {dag.py:3954} INFO - Setting next_dagrun for latest_only to 2024-05-14 12:00:00+00:00, run_after=2024-05-14 16:00:00+00:00
[2024-05-15T03:28:33.409+0800] {processor.py:183} INFO - Processing /home/jithish/Documents/dag-dag-dag/.venv/lib/python3.10/site-packages/airflow/example_dags/example_latest_only.py took 0.149 seconds
[2024-05-15T03:29:47.458+0800] {processor.py:161} INFO - Started process (PID=85861) to work on /home/jithish/Documents/dag-dag-dag/.venv/lib/python3.10/site-packages/airflow/example_dags/example_latest_only.py
[2024-05-15T03:29:47.480+0800] {processor.py:830} INFO - Processing file /home/jithish/Documents/dag-dag-dag/.venv/lib/python3.10/site-packages/airflow/example_dags/example_latest_only.py for tasks to queue
[2024-05-15T03:29:47.486+0800] {logging_mixin.py:188} INFO - [2024-05-15T03:29:47.485+0800] {dagbag.py:545} INFO - Filling up the DagBag from /home/jithish/Documents/dag-dag-dag/.venv/lib/python3.10/site-packages/airflow/example_dags/example_latest_only.py
[2024-05-15T03:29:47.496+0800] {processor.py:840} INFO - DAG(s) 'latest_only' retrieved from /home/jithish/Documents/dag-dag-dag/.venv/lib/python3.10/site-packages/airflow/example_dags/example_latest_only.py
[2024-05-15T03:29:47.513+0800] {logging_mixin.py:188} INFO - [2024-05-15T03:29:47.513+0800] {dag.py:3096} INFO - Sync 1 DAGs
[2024-05-15T03:29:47.528+0800] {logging_mixin.py:188} INFO - [2024-05-15T03:29:47.528+0800] {dag.py:3954} INFO - Setting next_dagrun for latest_only to 2024-05-14 12:00:00+00:00, run_after=2024-05-14 16:00:00+00:00
[2024-05-15T03:29:47.542+0800] {processor.py:183} INFO - Processing /home/jithish/Documents/dag-dag-dag/.venv/lib/python3.10/site-packages/airflow/example_dags/example_latest_only.py took 0.089 seconds
[2024-05-15T03:30:38.651+0800] {processor.py:161} INFO - Started process (PID=86318) to work on /home/jithish/Documents/dag-dag-dag/.venv/lib/python3.10/site-packages/airflow/example_dags/example_latest_only.py
[2024-05-15T03:30:38.712+0800] {processor.py:830} INFO - Processing file /home/jithish/Documents/dag-dag-dag/.venv/lib/python3.10/site-packages/airflow/example_dags/example_latest_only.py for tasks to queue
[2024-05-15T03:30:38.718+0800] {logging_mixin.py:188} INFO - [2024-05-15T03:30:38.716+0800] {dagbag.py:545} INFO - Filling up the DagBag from /home/jithish/Documents/dag-dag-dag/.venv/lib/python3.10/site-packages/airflow/example_dags/example_latest_only.py
[2024-05-15T03:30:38.735+0800] {processor.py:840} INFO - DAG(s) 'latest_only' retrieved from /home/jithish/Documents/dag-dag-dag/.venv/lib/python3.10/site-packages/airflow/example_dags/example_latest_only.py
[2024-05-15T03:30:38.762+0800] {logging_mixin.py:188} INFO - [2024-05-15T03:30:38.761+0800] {dag.py:3096} INFO - Sync 1 DAGs
[2024-05-15T03:30:38.782+0800] {logging_mixin.py:188} INFO - [2024-05-15T03:30:38.782+0800] {dag.py:3954} INFO - Setting next_dagrun for latest_only to 2024-05-14 12:00:00+00:00, run_after=2024-05-14 16:00:00+00:00
[2024-05-15T03:30:38.810+0800] {processor.py:183} INFO - Processing /home/jithish/Documents/dag-dag-dag/.venv/lib/python3.10/site-packages/airflow/example_dags/example_latest_only.py took 0.165 seconds
[2024-05-15T03:31:55.331+0800] {processor.py:161} INFO - Started process (PID=86964) to work on /home/jithish/Documents/dag-dag-dag/.venv/lib/python3.10/site-packages/airflow/example_dags/example_latest_only.py
[2024-05-15T03:31:55.332+0800] {processor.py:830} INFO - Processing file /home/jithish/Documents/dag-dag-dag/.venv/lib/python3.10/site-packages/airflow/example_dags/example_latest_only.py for tasks to queue
[2024-05-15T03:31:55.333+0800] {logging_mixin.py:188} INFO - [2024-05-15T03:31:55.333+0800] {dagbag.py:545} INFO - Filling up the DagBag from /home/jithish/Documents/dag-dag-dag/.venv/lib/python3.10/site-packages/airflow/example_dags/example_latest_only.py
[2024-05-15T03:31:55.336+0800] {processor.py:840} INFO - DAG(s) 'latest_only' retrieved from /home/jithish/Documents/dag-dag-dag/.venv/lib/python3.10/site-packages/airflow/example_dags/example_latest_only.py
[2024-05-15T03:31:55.347+0800] {logging_mixin.py:188} INFO - [2024-05-15T03:31:55.347+0800] {dag.py:3096} INFO - Sync 1 DAGs
[2024-05-15T03:31:55.360+0800] {logging_mixin.py:188} INFO - [2024-05-15T03:31:55.360+0800] {dag.py:3954} INFO - Setting next_dagrun for latest_only to 2024-05-14 12:00:00+00:00, run_after=2024-05-14 16:00:00+00:00
[2024-05-15T03:31:55.375+0800] {processor.py:183} INFO - Processing /home/jithish/Documents/dag-dag-dag/.venv/lib/python3.10/site-packages/airflow/example_dags/example_latest_only.py took 0.048 seconds
[2024-05-15T03:32:46.583+0800] {processor.py:161} INFO - Started process (PID=87376) to work on /home/jithish/Documents/dag-dag-dag/.venv/lib/python3.10/site-packages/airflow/example_dags/example_latest_only.py
[2024-05-15T03:32:46.644+0800] {processor.py:830} INFO - Processing file /home/jithish/Documents/dag-dag-dag/.venv/lib/python3.10/site-packages/airflow/example_dags/example_latest_only.py for tasks to queue
[2024-05-15T03:32:46.646+0800] {logging_mixin.py:188} INFO - [2024-05-15T03:32:46.645+0800] {dagbag.py:545} INFO - Filling up the DagBag from /home/jithish/Documents/dag-dag-dag/.venv/lib/python3.10/site-packages/airflow/example_dags/example_latest_only.py
[2024-05-15T03:32:46.649+0800] {processor.py:840} INFO - DAG(s) 'latest_only' retrieved from /home/jithish/Documents/dag-dag-dag/.venv/lib/python3.10/site-packages/airflow/example_dags/example_latest_only.py
[2024-05-15T03:32:46.660+0800] {logging_mixin.py:188} INFO - [2024-05-15T03:32:46.660+0800] {dag.py:3096} INFO - Sync 1 DAGs
[2024-05-15T03:32:46.673+0800] {logging_mixin.py:188} INFO - [2024-05-15T03:32:46.673+0800] {dag.py:3954} INFO - Setting next_dagrun for latest_only to 2024-05-14 12:00:00+00:00, run_after=2024-05-14 16:00:00+00:00
[2024-05-15T03:32:46.689+0800] {processor.py:183} INFO - Processing /home/jithish/Documents/dag-dag-dag/.venv/lib/python3.10/site-packages/airflow/example_dags/example_latest_only.py took 0.116 seconds
[2024-05-15T03:33:56.246+0800] {processor.py:161} INFO - Started process (PID=88033) to work on /home/jithish/Documents/dag-dag-dag/.venv/lib/python3.10/site-packages/airflow/example_dags/example_latest_only.py
[2024-05-15T03:33:56.307+0800] {processor.py:830} INFO - Processing file /home/jithish/Documents/dag-dag-dag/.venv/lib/python3.10/site-packages/airflow/example_dags/example_latest_only.py for tasks to queue
[2024-05-15T03:33:56.308+0800] {logging_mixin.py:188} INFO - [2024-05-15T03:33:56.308+0800] {dagbag.py:545} INFO - Filling up the DagBag from /home/jithish/Documents/dag-dag-dag/.venv/lib/python3.10/site-packages/airflow/example_dags/example_latest_only.py
[2024-05-15T03:33:56.312+0800] {processor.py:840} INFO - DAG(s) 'latest_only' retrieved from /home/jithish/Documents/dag-dag-dag/.venv/lib/python3.10/site-packages/airflow/example_dags/example_latest_only.py
[2024-05-15T03:33:56.323+0800] {logging_mixin.py:188} INFO - [2024-05-15T03:33:56.323+0800] {dag.py:3096} INFO - Sync 1 DAGs
[2024-05-15T03:33:56.338+0800] {logging_mixin.py:188} INFO - [2024-05-15T03:33:56.337+0800] {dag.py:3954} INFO - Setting next_dagrun for latest_only to 2024-05-14 12:00:00+00:00, run_after=2024-05-14 16:00:00+00:00
[2024-05-15T03:33:56.361+0800] {processor.py:183} INFO - Processing /home/jithish/Documents/dag-dag-dag/.venv/lib/python3.10/site-packages/airflow/example_dags/example_latest_only.py took 0.119 seconds
[2024-05-15T03:35:06.270+0800] {processor.py:161} INFO - Started process (PID=88674) to work on /home/jithish/Documents/dag-dag-dag/.venv/lib/python3.10/site-packages/airflow/example_dags/example_latest_only.py
[2024-05-15T03:35:06.271+0800] {processor.py:830} INFO - Processing file /home/jithish/Documents/dag-dag-dag/.venv/lib/python3.10/site-packages/airflow/example_dags/example_latest_only.py for tasks to queue
[2024-05-15T03:35:06.272+0800] {logging_mixin.py:188} INFO - [2024-05-15T03:35:06.272+0800] {dagbag.py:545} INFO - Filling up the DagBag from /home/jithish/Documents/dag-dag-dag/.venv/lib/python3.10/site-packages/airflow/example_dags/example_latest_only.py
[2024-05-15T03:35:06.276+0800] {processor.py:840} INFO - DAG(s) 'latest_only' retrieved from /home/jithish/Documents/dag-dag-dag/.venv/lib/python3.10/site-packages/airflow/example_dags/example_latest_only.py
[2024-05-15T03:35:06.287+0800] {logging_mixin.py:188} INFO - [2024-05-15T03:35:06.286+0800] {dag.py:3096} INFO - Sync 1 DAGs
[2024-05-15T03:35:06.301+0800] {logging_mixin.py:188} INFO - [2024-05-15T03:35:06.301+0800] {dag.py:3954} INFO - Setting next_dagrun for latest_only to 2024-05-14 12:00:00+00:00, run_after=2024-05-14 16:00:00+00:00
[2024-05-15T03:35:06.321+0800] {processor.py:183} INFO - Processing /home/jithish/Documents/dag-dag-dag/.venv/lib/python3.10/site-packages/airflow/example_dags/example_latest_only.py took 0.055 seconds
[2024-05-15T03:35:55.708+0800] {processor.py:161} INFO - Started process (PID=89101) to work on /home/jithish/Documents/dag-dag-dag/.venv/lib/python3.10/site-packages/airflow/example_dags/example_latest_only.py
[2024-05-15T03:35:55.769+0800] {processor.py:830} INFO - Processing file /home/jithish/Documents/dag-dag-dag/.venv/lib/python3.10/site-packages/airflow/example_dags/example_latest_only.py for tasks to queue
[2024-05-15T03:35:55.771+0800] {logging_mixin.py:188} INFO - [2024-05-15T03:35:55.770+0800] {dagbag.py:545} INFO - Filling up the DagBag from /home/jithish/Documents/dag-dag-dag/.venv/lib/python3.10/site-packages/airflow/example_dags/example_latest_only.py
[2024-05-15T03:35:55.776+0800] {processor.py:840} INFO - DAG(s) 'latest_only' retrieved from /home/jithish/Documents/dag-dag-dag/.venv/lib/python3.10/site-packages/airflow/example_dags/example_latest_only.py
[2024-05-15T03:35:55.793+0800] {logging_mixin.py:188} INFO - [2024-05-15T03:35:55.792+0800] {dag.py:3096} INFO - Sync 1 DAGs
[2024-05-15T03:35:55.816+0800] {logging_mixin.py:188} INFO - [2024-05-15T03:35:55.816+0800] {dag.py:3954} INFO - Setting next_dagrun for latest_only to 2024-05-14 12:00:00+00:00, run_after=2024-05-14 16:00:00+00:00
[2024-05-15T03:35:55.839+0800] {processor.py:183} INFO - Processing /home/jithish/Documents/dag-dag-dag/.venv/lib/python3.10/site-packages/airflow/example_dags/example_latest_only.py took 0.135 seconds
[2024-05-15T03:37:07.736+0800] {processor.py:161} INFO - Started process (PID=89784) to work on /home/jithish/Documents/dag-dag-dag/.venv/lib/python3.10/site-packages/airflow/example_dags/example_latest_only.py
[2024-05-15T03:37:07.797+0800] {processor.py:830} INFO - Processing file /home/jithish/Documents/dag-dag-dag/.venv/lib/python3.10/site-packages/airflow/example_dags/example_latest_only.py for tasks to queue
[2024-05-15T03:37:07.798+0800] {logging_mixin.py:188} INFO - [2024-05-15T03:37:07.798+0800] {dagbag.py:545} INFO - Filling up the DagBag from /home/jithish/Documents/dag-dag-dag/.venv/lib/python3.10/site-packages/airflow/example_dags/example_latest_only.py
[2024-05-15T03:37:07.802+0800] {processor.py:840} INFO - DAG(s) 'latest_only' retrieved from /home/jithish/Documents/dag-dag-dag/.venv/lib/python3.10/site-packages/airflow/example_dags/example_latest_only.py
[2024-05-15T03:37:07.813+0800] {logging_mixin.py:188} INFO - [2024-05-15T03:37:07.813+0800] {dag.py:3096} INFO - Sync 1 DAGs
[2024-05-15T03:37:07.827+0800] {logging_mixin.py:188} INFO - [2024-05-15T03:37:07.827+0800] {dag.py:3954} INFO - Setting next_dagrun for latest_only to 2024-05-14 12:00:00+00:00, run_after=2024-05-14 16:00:00+00:00
[2024-05-15T03:37:07.846+0800] {processor.py:183} INFO - Processing /home/jithish/Documents/dag-dag-dag/.venv/lib/python3.10/site-packages/airflow/example_dags/example_latest_only.py took 0.114 seconds
[2024-05-15T03:37:59.042+0800] {processor.py:161} INFO - Started process (PID=90269) to work on /home/jithish/Documents/dag-dag-dag/.venv/lib/python3.10/site-packages/airflow/example_dags/example_latest_only.py
[2024-05-15T03:37:59.104+0800] {processor.py:830} INFO - Processing file /home/jithish/Documents/dag-dag-dag/.venv/lib/python3.10/site-packages/airflow/example_dags/example_latest_only.py for tasks to queue
[2024-05-15T03:37:59.109+0800] {logging_mixin.py:188} INFO - [2024-05-15T03:37:59.107+0800] {dagbag.py:545} INFO - Filling up the DagBag from /home/jithish/Documents/dag-dag-dag/.venv/lib/python3.10/site-packages/airflow/example_dags/example_latest_only.py
[2024-05-15T03:37:59.123+0800] {processor.py:840} INFO - DAG(s) 'latest_only' retrieved from /home/jithish/Documents/dag-dag-dag/.venv/lib/python3.10/site-packages/airflow/example_dags/example_latest_only.py
[2024-05-15T03:37:59.148+0800] {logging_mixin.py:188} INFO - [2024-05-15T03:37:59.148+0800] {dag.py:3096} INFO - Sync 1 DAGs
[2024-05-15T03:37:59.164+0800] {logging_mixin.py:188} INFO - [2024-05-15T03:37:59.164+0800] {dag.py:3954} INFO - Setting next_dagrun for latest_only to 2024-05-14 12:00:00+00:00, run_after=2024-05-14 16:00:00+00:00
[2024-05-15T03:37:59.183+0800] {processor.py:183} INFO - Processing /home/jithish/Documents/dag-dag-dag/.venv/lib/python3.10/site-packages/airflow/example_dags/example_latest_only.py took 0.145 seconds
[2024-05-15T03:39:19.361+0800] {processor.py:161} INFO - Started process (PID=91338) to work on /home/jithish/Documents/dag-dag-dag/.venv/lib/python3.10/site-packages/airflow/example_dags/example_latest_only.py
[2024-05-15T03:39:19.394+0800] {processor.py:830} INFO - Processing file /home/jithish/Documents/dag-dag-dag/.venv/lib/python3.10/site-packages/airflow/example_dags/example_latest_only.py for tasks to queue
[2024-05-15T03:39:19.395+0800] {logging_mixin.py:188} INFO - [2024-05-15T03:39:19.395+0800] {dagbag.py:545} INFO - Filling up the DagBag from /home/jithish/Documents/dag-dag-dag/.venv/lib/python3.10/site-packages/airflow/example_dags/example_latest_only.py
[2024-05-15T03:39:19.400+0800] {processor.py:840} INFO - DAG(s) 'latest_only' retrieved from /home/jithish/Documents/dag-dag-dag/.venv/lib/python3.10/site-packages/airflow/example_dags/example_latest_only.py
[2024-05-15T03:39:19.414+0800] {logging_mixin.py:188} INFO - [2024-05-15T03:39:19.414+0800] {dag.py:3096} INFO - Sync 1 DAGs
[2024-05-15T03:39:19.432+0800] {logging_mixin.py:188} INFO - [2024-05-15T03:39:19.432+0800] {dag.py:3954} INFO - Setting next_dagrun for latest_only to 2024-05-14 12:00:00+00:00, run_after=2024-05-14 16:00:00+00:00
[2024-05-15T03:39:19.447+0800] {processor.py:183} INFO - Processing /home/jithish/Documents/dag-dag-dag/.venv/lib/python3.10/site-packages/airflow/example_dags/example_latest_only.py took 0.091 seconds
[2024-05-15T03:40:21.396+0800] {processor.py:161} INFO - Started process (PID=92979) to work on /home/jithish/Documents/dag-dag-dag/.venv/lib/python3.10/site-packages/airflow/example_dags/example_latest_only.py
[2024-05-15T03:40:21.458+0800] {processor.py:830} INFO - Processing file /home/jithish/Documents/dag-dag-dag/.venv/lib/python3.10/site-packages/airflow/example_dags/example_latest_only.py for tasks to queue
[2024-05-15T03:40:21.464+0800] {logging_mixin.py:188} INFO - [2024-05-15T03:40:21.462+0800] {dagbag.py:545} INFO - Filling up the DagBag from /home/jithish/Documents/dag-dag-dag/.venv/lib/python3.10/site-packages/airflow/example_dags/example_latest_only.py
[2024-05-15T03:40:21.479+0800] {processor.py:840} INFO - DAG(s) 'latest_only' retrieved from /home/jithish/Documents/dag-dag-dag/.venv/lib/python3.10/site-packages/airflow/example_dags/example_latest_only.py
[2024-05-15T03:40:21.505+0800] {logging_mixin.py:188} INFO - [2024-05-15T03:40:21.505+0800] {dag.py:3096} INFO - Sync 1 DAGs
[2024-05-15T03:40:21.522+0800] {logging_mixin.py:188} INFO - [2024-05-15T03:40:21.522+0800] {dag.py:3954} INFO - Setting next_dagrun for latest_only to 2024-05-14 12:00:00+00:00, run_after=2024-05-14 16:00:00+00:00
[2024-05-15T03:40:21.541+0800] {processor.py:183} INFO - Processing /home/jithish/Documents/dag-dag-dag/.venv/lib/python3.10/site-packages/airflow/example_dags/example_latest_only.py took 0.153 seconds
[2024-05-15T03:41:17.733+0800] {processor.py:161} INFO - Started process (PID=93792) to work on /home/jithish/Documents/dag-dag-dag/.venv/lib/python3.10/site-packages/airflow/example_dags/example_latest_only.py
[2024-05-15T03:41:17.735+0800] {processor.py:830} INFO - Processing file /home/jithish/Documents/dag-dag-dag/.venv/lib/python3.10/site-packages/airflow/example_dags/example_latest_only.py for tasks to queue
[2024-05-15T03:41:17.738+0800] {logging_mixin.py:188} INFO - [2024-05-15T03:41:17.737+0800] {dagbag.py:545} INFO - Filling up the DagBag from /home/jithish/Documents/dag-dag-dag/.venv/lib/python3.10/site-packages/airflow/example_dags/example_latest_only.py
[2024-05-15T03:41:17.745+0800] {processor.py:840} INFO - DAG(s) 'latest_only' retrieved from /home/jithish/Documents/dag-dag-dag/.venv/lib/python3.10/site-packages/airflow/example_dags/example_latest_only.py
[2024-05-15T03:41:17.761+0800] {logging_mixin.py:188} INFO - [2024-05-15T03:41:17.761+0800] {dag.py:3096} INFO - Sync 1 DAGs
[2024-05-15T03:41:17.777+0800] {logging_mixin.py:188} INFO - [2024-05-15T03:41:17.776+0800] {dag.py:3954} INFO - Setting next_dagrun for latest_only to 2024-05-14 12:00:00+00:00, run_after=2024-05-14 16:00:00+00:00
[2024-05-15T03:41:17.793+0800] {processor.py:183} INFO - Processing /home/jithish/Documents/dag-dag-dag/.venv/lib/python3.10/site-packages/airflow/example_dags/example_latest_only.py took 0.069 seconds
[2024-05-15T03:42:12.425+0800] {processor.py:161} INFO - Started process (PID=94573) to work on /home/jithish/Documents/dag-dag-dag/.venv/lib/python3.10/site-packages/airflow/example_dags/example_latest_only.py
[2024-05-15T03:42:12.430+0800] {processor.py:830} INFO - Processing file /home/jithish/Documents/dag-dag-dag/.venv/lib/python3.10/site-packages/airflow/example_dags/example_latest_only.py for tasks to queue
[2024-05-15T03:42:12.434+0800] {logging_mixin.py:188} INFO - [2024-05-15T03:42:12.433+0800] {dagbag.py:545} INFO - Filling up the DagBag from /home/jithish/Documents/dag-dag-dag/.venv/lib/python3.10/site-packages/airflow/example_dags/example_latest_only.py
[2024-05-15T03:42:12.442+0800] {processor.py:840} INFO - DAG(s) 'latest_only' retrieved from /home/jithish/Documents/dag-dag-dag/.venv/lib/python3.10/site-packages/airflow/example_dags/example_latest_only.py
[2024-05-15T03:42:12.459+0800] {logging_mixin.py:188} INFO - [2024-05-15T03:42:12.459+0800] {dag.py:3096} INFO - Sync 1 DAGs
[2024-05-15T03:42:12.474+0800] {logging_mixin.py:188} INFO - [2024-05-15T03:42:12.474+0800] {dag.py:3954} INFO - Setting next_dagrun for latest_only to 2024-05-14 12:00:00+00:00, run_after=2024-05-14 16:00:00+00:00
[2024-05-15T03:42:12.490+0800] {processor.py:183} INFO - Processing /home/jithish/Documents/dag-dag-dag/.venv/lib/python3.10/site-packages/airflow/example_dags/example_latest_only.py took 0.083 seconds
[2024-05-15T03:43:05.395+0800] {processor.py:161} INFO - Started process (PID=95305) to work on /home/jithish/Documents/dag-dag-dag/.venv/lib/python3.10/site-packages/airflow/example_dags/example_latest_only.py
[2024-05-15T03:43:05.445+0800] {processor.py:830} INFO - Processing file /home/jithish/Documents/dag-dag-dag/.venv/lib/python3.10/site-packages/airflow/example_dags/example_latest_only.py for tasks to queue
[2024-05-15T03:43:05.448+0800] {logging_mixin.py:188} INFO - [2024-05-15T03:43:05.447+0800] {dagbag.py:545} INFO - Filling up the DagBag from /home/jithish/Documents/dag-dag-dag/.venv/lib/python3.10/site-packages/airflow/example_dags/example_latest_only.py
[2024-05-15T03:43:05.458+0800] {processor.py:840} INFO - DAG(s) 'latest_only' retrieved from /home/jithish/Documents/dag-dag-dag/.venv/lib/python3.10/site-packages/airflow/example_dags/example_latest_only.py
[2024-05-15T03:43:05.484+0800] {logging_mixin.py:188} INFO - [2024-05-15T03:43:05.484+0800] {dag.py:3096} INFO - Sync 1 DAGs
[2024-05-15T03:43:05.501+0800] {logging_mixin.py:188} INFO - [2024-05-15T03:43:05.501+0800] {dag.py:3954} INFO - Setting next_dagrun for latest_only to 2024-05-14 12:00:00+00:00, run_after=2024-05-14 16:00:00+00:00
[2024-05-15T03:43:05.518+0800] {processor.py:183} INFO - Processing /home/jithish/Documents/dag-dag-dag/.venv/lib/python3.10/site-packages/airflow/example_dags/example_latest_only.py took 0.137 seconds
[2024-05-15T03:44:01.449+0800] {processor.py:161} INFO - Started process (PID=96137) to work on /home/jithish/Documents/dag-dag-dag/.venv/lib/python3.10/site-packages/airflow/example_dags/example_latest_only.py
[2024-05-15T03:44:01.510+0800] {processor.py:830} INFO - Processing file /home/jithish/Documents/dag-dag-dag/.venv/lib/python3.10/site-packages/airflow/example_dags/example_latest_only.py for tasks to queue
[2024-05-15T03:44:01.511+0800] {logging_mixin.py:188} INFO - [2024-05-15T03:44:01.511+0800] {dagbag.py:545} INFO - Filling up the DagBag from /home/jithish/Documents/dag-dag-dag/.venv/lib/python3.10/site-packages/airflow/example_dags/example_latest_only.py
[2024-05-15T03:44:01.515+0800] {processor.py:840} INFO - DAG(s) 'latest_only' retrieved from /home/jithish/Documents/dag-dag-dag/.venv/lib/python3.10/site-packages/airflow/example_dags/example_latest_only.py
[2024-05-15T03:44:01.528+0800] {logging_mixin.py:188} INFO - [2024-05-15T03:44:01.527+0800] {dag.py:3096} INFO - Sync 1 DAGs
[2024-05-15T03:44:01.544+0800] {logging_mixin.py:188} INFO - [2024-05-15T03:44:01.543+0800] {dag.py:3954} INFO - Setting next_dagrun for latest_only to 2024-05-14 12:00:00+00:00, run_after=2024-05-14 16:00:00+00:00
[2024-05-15T03:44:01.562+0800] {processor.py:183} INFO - Processing /home/jithish/Documents/dag-dag-dag/.venv/lib/python3.10/site-packages/airflow/example_dags/example_latest_only.py took 0.120 seconds
[2024-05-15T03:44:57.960+0800] {processor.py:161} INFO - Started process (PID=96869) to work on /home/jithish/Documents/dag-dag-dag/.venv/lib/python3.10/site-packages/airflow/example_dags/example_latest_only.py
[2024-05-15T03:44:58.022+0800] {processor.py:830} INFO - Processing file /home/jithish/Documents/dag-dag-dag/.venv/lib/python3.10/site-packages/airflow/example_dags/example_latest_only.py for tasks to queue
[2024-05-15T03:44:58.026+0800] {logging_mixin.py:188} INFO - [2024-05-15T03:44:58.025+0800] {dagbag.py:545} INFO - Filling up the DagBag from /home/jithish/Documents/dag-dag-dag/.venv/lib/python3.10/site-packages/airflow/example_dags/example_latest_only.py
[2024-05-15T03:44:58.046+0800] {processor.py:840} INFO - DAG(s) 'latest_only' retrieved from /home/jithish/Documents/dag-dag-dag/.venv/lib/python3.10/site-packages/airflow/example_dags/example_latest_only.py
[2024-05-15T03:44:58.072+0800] {logging_mixin.py:188} INFO - [2024-05-15T03:44:58.072+0800] {dag.py:3096} INFO - Sync 1 DAGs
[2024-05-15T03:44:58.088+0800] {logging_mixin.py:188} INFO - [2024-05-15T03:44:58.088+0800] {dag.py:3954} INFO - Setting next_dagrun for latest_only to 2024-05-14 12:00:00+00:00, run_after=2024-05-14 16:00:00+00:00
[2024-05-15T03:44:58.103+0800] {processor.py:183} INFO - Processing /home/jithish/Documents/dag-dag-dag/.venv/lib/python3.10/site-packages/airflow/example_dags/example_latest_only.py took 0.148 seconds
[2024-05-15T03:45:54.110+0800] {processor.py:161} INFO - Started process (PID=97545) to work on /home/jithish/Documents/dag-dag-dag/.venv/lib/python3.10/site-packages/airflow/example_dags/example_latest_only.py
[2024-05-15T03:45:54.151+0800] {processor.py:830} INFO - Processing file /home/jithish/Documents/dag-dag-dag/.venv/lib/python3.10/site-packages/airflow/example_dags/example_latest_only.py for tasks to queue
[2024-05-15T03:45:54.155+0800] {logging_mixin.py:188} INFO - [2024-05-15T03:45:54.154+0800] {dagbag.py:545} INFO - Filling up the DagBag from /home/jithish/Documents/dag-dag-dag/.venv/lib/python3.10/site-packages/airflow/example_dags/example_latest_only.py
[2024-05-15T03:45:54.169+0800] {processor.py:840} INFO - DAG(s) 'latest_only' retrieved from /home/jithish/Documents/dag-dag-dag/.venv/lib/python3.10/site-packages/airflow/example_dags/example_latest_only.py
[2024-05-15T03:45:54.195+0800] {logging_mixin.py:188} INFO - [2024-05-15T03:45:54.195+0800] {dag.py:3096} INFO - Sync 1 DAGs
[2024-05-15T03:45:54.212+0800] {logging_mixin.py:188} INFO - [2024-05-15T03:45:54.212+0800] {dag.py:3954} INFO - Setting next_dagrun for latest_only to 2024-05-14 12:00:00+00:00, run_after=2024-05-14 16:00:00+00:00
[2024-05-15T03:45:54.228+0800] {processor.py:183} INFO - Processing /home/jithish/Documents/dag-dag-dag/.venv/lib/python3.10/site-packages/airflow/example_dags/example_latest_only.py took 0.135 seconds
[2024-05-15T03:47:01.461+0800] {processor.py:161} INFO - Started process (PID=98606) to work on /home/jithish/Documents/dag-dag-dag/.venv/lib/python3.10/site-packages/airflow/example_dags/example_latest_only.py
[2024-05-15T03:47:01.479+0800] {processor.py:830} INFO - Processing file /home/jithish/Documents/dag-dag-dag/.venv/lib/python3.10/site-packages/airflow/example_dags/example_latest_only.py for tasks to queue
[2024-05-15T03:47:01.483+0800] {logging_mixin.py:188} INFO - [2024-05-15T03:47:01.482+0800] {dagbag.py:545} INFO - Filling up the DagBag from /home/jithish/Documents/dag-dag-dag/.venv/lib/python3.10/site-packages/airflow/example_dags/example_latest_only.py
[2024-05-15T03:47:01.493+0800] {processor.py:840} INFO - DAG(s) 'latest_only' retrieved from /home/jithish/Documents/dag-dag-dag/.venv/lib/python3.10/site-packages/airflow/example_dags/example_latest_only.py
[2024-05-15T03:47:01.515+0800] {logging_mixin.py:188} INFO - [2024-05-15T03:47:01.515+0800] {dag.py:3096} INFO - Sync 1 DAGs
[2024-05-15T03:47:01.532+0800] {logging_mixin.py:188} INFO - [2024-05-15T03:47:01.532+0800] {dag.py:3954} INFO - Setting next_dagrun for latest_only to 2024-05-14 12:00:00+00:00, run_after=2024-05-14 16:00:00+00:00
[2024-05-15T03:47:01.549+0800] {processor.py:183} INFO - Processing /home/jithish/Documents/dag-dag-dag/.venv/lib/python3.10/site-packages/airflow/example_dags/example_latest_only.py took 0.097 seconds
[2024-05-15T03:47:56.608+0800] {processor.py:161} INFO - Started process (PID=99379) to work on /home/jithish/Documents/dag-dag-dag/.venv/lib/python3.10/site-packages/airflow/example_dags/example_latest_only.py
[2024-05-15T03:47:56.671+0800] {processor.py:830} INFO - Processing file /home/jithish/Documents/dag-dag-dag/.venv/lib/python3.10/site-packages/airflow/example_dags/example_latest_only.py for tasks to queue
[2024-05-15T03:47:56.675+0800] {logging_mixin.py:188} INFO - [2024-05-15T03:47:56.674+0800] {dagbag.py:545} INFO - Filling up the DagBag from /home/jithish/Documents/dag-dag-dag/.venv/lib/python3.10/site-packages/airflow/example_dags/example_latest_only.py
[2024-05-15T03:47:56.683+0800] {processor.py:840} INFO - DAG(s) 'latest_only' retrieved from /home/jithish/Documents/dag-dag-dag/.venv/lib/python3.10/site-packages/airflow/example_dags/example_latest_only.py
[2024-05-15T03:47:56.699+0800] {logging_mixin.py:188} INFO - [2024-05-15T03:47:56.699+0800] {dag.py:3096} INFO - Sync 1 DAGs
[2024-05-15T03:47:56.715+0800] {logging_mixin.py:188} INFO - [2024-05-15T03:47:56.714+0800] {dag.py:3954} INFO - Setting next_dagrun for latest_only to 2024-05-14 12:00:00+00:00, run_after=2024-05-14 16:00:00+00:00
[2024-05-15T03:47:56.732+0800] {processor.py:183} INFO - Processing /home/jithish/Documents/dag-dag-dag/.venv/lib/python3.10/site-packages/airflow/example_dags/example_latest_only.py took 0.134 seconds
[2024-05-15T03:49:15.057+0800] {processor.py:161} INFO - Started process (PID=100520) to work on /home/jithish/Documents/dag-dag-dag/.venv/lib/python3.10/site-packages/airflow/example_dags/example_latest_only.py
[2024-05-15T03:49:15.118+0800] {processor.py:830} INFO - Processing file /home/jithish/Documents/dag-dag-dag/.venv/lib/python3.10/site-packages/airflow/example_dags/example_latest_only.py for tasks to queue
[2024-05-15T03:49:15.123+0800] {logging_mixin.py:188} INFO - [2024-05-15T03:49:15.122+0800] {dagbag.py:545} INFO - Filling up the DagBag from /home/jithish/Documents/dag-dag-dag/.venv/lib/python3.10/site-packages/airflow/example_dags/example_latest_only.py
[2024-05-15T03:49:15.138+0800] {processor.py:840} INFO - DAG(s) 'latest_only' retrieved from /home/jithish/Documents/dag-dag-dag/.venv/lib/python3.10/site-packages/airflow/example_dags/example_latest_only.py
[2024-05-15T03:49:15.165+0800] {logging_mixin.py:188} INFO - [2024-05-15T03:49:15.165+0800] {dag.py:3096} INFO - Sync 1 DAGs
[2024-05-15T03:49:15.183+0800] {logging_mixin.py:188} INFO - [2024-05-15T03:49:15.183+0800] {dag.py:3954} INFO - Setting next_dagrun for latest_only to 2024-05-14 12:00:00+00:00, run_after=2024-05-14 16:00:00+00:00
[2024-05-15T03:49:15.212+0800] {processor.py:183} INFO - Processing /home/jithish/Documents/dag-dag-dag/.venv/lib/python3.10/site-packages/airflow/example_dags/example_latest_only.py took 0.161 seconds
[2024-05-15T03:50:12.662+0800] {processor.py:161} INFO - Started process (PID=101323) to work on /home/jithish/Documents/dag-dag-dag/.venv/lib/python3.10/site-packages/airflow/example_dags/example_latest_only.py
[2024-05-15T03:50:12.724+0800] {processor.py:830} INFO - Processing file /home/jithish/Documents/dag-dag-dag/.venv/lib/python3.10/site-packages/airflow/example_dags/example_latest_only.py for tasks to queue
[2024-05-15T03:50:12.731+0800] {logging_mixin.py:188} INFO - [2024-05-15T03:50:12.729+0800] {dagbag.py:545} INFO - Filling up the DagBag from /home/jithish/Documents/dag-dag-dag/.venv/lib/python3.10/site-packages/airflow/example_dags/example_latest_only.py
[2024-05-15T03:50:12.748+0800] {processor.py:840} INFO - DAG(s) 'latest_only' retrieved from /home/jithish/Documents/dag-dag-dag/.venv/lib/python3.10/site-packages/airflow/example_dags/example_latest_only.py
[2024-05-15T03:50:12.773+0800] {logging_mixin.py:188} INFO - [2024-05-15T03:50:12.772+0800] {dag.py:3096} INFO - Sync 1 DAGs
[2024-05-15T03:50:12.789+0800] {logging_mixin.py:188} INFO - [2024-05-15T03:50:12.789+0800] {dag.py:3954} INFO - Setting next_dagrun for latest_only to 2024-05-14 12:00:00+00:00, run_after=2024-05-14 16:00:00+00:00
[2024-05-15T03:50:12.821+0800] {processor.py:183} INFO - Processing /home/jithish/Documents/dag-dag-dag/.venv/lib/python3.10/site-packages/airflow/example_dags/example_latest_only.py took 0.165 seconds
[2024-05-15T03:51:10.065+0800] {processor.py:161} INFO - Started process (PID=102202) to work on /home/jithish/Documents/dag-dag-dag/.venv/lib/python3.10/site-packages/airflow/example_dags/example_latest_only.py
[2024-05-15T03:51:10.068+0800] {processor.py:830} INFO - Processing file /home/jithish/Documents/dag-dag-dag/.venv/lib/python3.10/site-packages/airflow/example_dags/example_latest_only.py for tasks to queue
[2024-05-15T03:51:10.070+0800] {logging_mixin.py:188} INFO - [2024-05-15T03:51:10.069+0800] {dagbag.py:545} INFO - Filling up the DagBag from /home/jithish/Documents/dag-dag-dag/.venv/lib/python3.10/site-packages/airflow/example_dags/example_latest_only.py
[2024-05-15T03:51:10.073+0800] {processor.py:840} INFO - DAG(s) 'latest_only' retrieved from /home/jithish/Documents/dag-dag-dag/.venv/lib/python3.10/site-packages/airflow/example_dags/example_latest_only.py
[2024-05-15T03:51:10.084+0800] {logging_mixin.py:188} INFO - [2024-05-15T03:51:10.084+0800] {dag.py:3096} INFO - Sync 1 DAGs
[2024-05-15T03:51:10.098+0800] {logging_mixin.py:188} INFO - [2024-05-15T03:51:10.097+0800] {dag.py:3954} INFO - Setting next_dagrun for latest_only to 2024-05-14 12:00:00+00:00, run_after=2024-05-14 16:00:00+00:00
[2024-05-15T03:51:10.123+0800] {processor.py:183} INFO - Processing /home/jithish/Documents/dag-dag-dag/.venv/lib/python3.10/site-packages/airflow/example_dags/example_latest_only.py took 0.063 seconds
[2024-05-15T03:52:02.449+0800] {processor.py:161} INFO - Started process (PID=102735) to work on /home/jithish/Documents/dag-dag-dag/.venv/lib/python3.10/site-packages/airflow/example_dags/example_latest_only.py
[2024-05-15T03:52:02.511+0800] {processor.py:830} INFO - Processing file /home/jithish/Documents/dag-dag-dag/.venv/lib/python3.10/site-packages/airflow/example_dags/example_latest_only.py for tasks to queue
[2024-05-15T03:52:02.516+0800] {logging_mixin.py:188} INFO - [2024-05-15T03:52:02.515+0800] {dagbag.py:545} INFO - Filling up the DagBag from /home/jithish/Documents/dag-dag-dag/.venv/lib/python3.10/site-packages/airflow/example_dags/example_latest_only.py
[2024-05-15T03:52:02.531+0800] {processor.py:840} INFO - DAG(s) 'latest_only' retrieved from /home/jithish/Documents/dag-dag-dag/.venv/lib/python3.10/site-packages/airflow/example_dags/example_latest_only.py
[2024-05-15T03:52:02.565+0800] {logging_mixin.py:188} INFO - [2024-05-15T03:52:02.565+0800] {dag.py:3096} INFO - Sync 1 DAGs
[2024-05-15T03:52:02.585+0800] {logging_mixin.py:188} INFO - [2024-05-15T03:52:02.585+0800] {dag.py:3954} INFO - Setting next_dagrun for latest_only to 2024-05-14 12:00:00+00:00, run_after=2024-05-14 16:00:00+00:00
[2024-05-15T03:52:02.604+0800] {processor.py:183} INFO - Processing /home/jithish/Documents/dag-dag-dag/.venv/lib/python3.10/site-packages/airflow/example_dags/example_latest_only.py took 0.159 seconds
[2024-05-15T03:53:16.470+0800] {processor.py:161} INFO - Started process (PID=103510) to work on /home/jithish/Documents/dag-dag-dag/.venv/lib/python3.10/site-packages/airflow/example_dags/example_latest_only.py
[2024-05-15T03:53:16.472+0800] {processor.py:830} INFO - Processing file /home/jithish/Documents/dag-dag-dag/.venv/lib/python3.10/site-packages/airflow/example_dags/example_latest_only.py for tasks to queue
[2024-05-15T03:53:16.474+0800] {logging_mixin.py:188} INFO - [2024-05-15T03:53:16.473+0800] {dagbag.py:545} INFO - Filling up the DagBag from /home/jithish/Documents/dag-dag-dag/.venv/lib/python3.10/site-packages/airflow/example_dags/example_latest_only.py
[2024-05-15T03:53:16.481+0800] {processor.py:840} INFO - DAG(s) 'latest_only' retrieved from /home/jithish/Documents/dag-dag-dag/.venv/lib/python3.10/site-packages/airflow/example_dags/example_latest_only.py
[2024-05-15T03:53:16.701+0800] {logging_mixin.py:188} INFO - [2024-05-15T03:53:16.701+0800] {dag.py:3096} INFO - Sync 1 DAGs
[2024-05-15T03:53:16.749+0800] {logging_mixin.py:188} INFO - [2024-05-15T03:53:16.747+0800] {dag.py:3954} INFO - Setting next_dagrun for latest_only to 2024-05-14 12:00:00+00:00, run_after=2024-05-14 16:00:00+00:00
[2024-05-15T03:53:16.779+0800] {processor.py:183} INFO - Processing /home/jithish/Documents/dag-dag-dag/.venv/lib/python3.10/site-packages/airflow/example_dags/example_latest_only.py took 0.316 seconds
[2024-05-15T03:54:12.516+0800] {processor.py:161} INFO - Started process (PID=104263) to work on /home/jithish/Documents/dag-dag-dag/.venv/lib/python3.10/site-packages/airflow/example_dags/example_latest_only.py
[2024-05-15T03:54:12.579+0800] {processor.py:830} INFO - Processing file /home/jithish/Documents/dag-dag-dag/.venv/lib/python3.10/site-packages/airflow/example_dags/example_latest_only.py for tasks to queue
[2024-05-15T03:54:12.581+0800] {logging_mixin.py:188} INFO - [2024-05-15T03:54:12.580+0800] {dagbag.py:545} INFO - Filling up the DagBag from /home/jithish/Documents/dag-dag-dag/.venv/lib/python3.10/site-packages/airflow/example_dags/example_latest_only.py
[2024-05-15T03:54:12.586+0800] {processor.py:840} INFO - DAG(s) 'latest_only' retrieved from /home/jithish/Documents/dag-dag-dag/.venv/lib/python3.10/site-packages/airflow/example_dags/example_latest_only.py
[2024-05-15T03:54:12.599+0800] {logging_mixin.py:188} INFO - [2024-05-15T03:54:12.599+0800] {dag.py:3096} INFO - Sync 1 DAGs
[2024-05-15T03:54:12.614+0800] {logging_mixin.py:188} INFO - [2024-05-15T03:54:12.614+0800] {dag.py:3954} INFO - Setting next_dagrun for latest_only to 2024-05-14 12:00:00+00:00, run_after=2024-05-14 16:00:00+00:00
[2024-05-15T03:54:12.630+0800] {processor.py:183} INFO - Processing /home/jithish/Documents/dag-dag-dag/.venv/lib/python3.10/site-packages/airflow/example_dags/example_latest_only.py took 0.118 seconds
[2024-05-15T03:55:08.875+0800] {processor.py:161} INFO - Started process (PID=104959) to work on /home/jithish/Documents/dag-dag-dag/.venv/lib/python3.10/site-packages/airflow/example_dags/example_latest_only.py
[2024-05-15T03:55:08.937+0800] {processor.py:830} INFO - Processing file /home/jithish/Documents/dag-dag-dag/.venv/lib/python3.10/site-packages/airflow/example_dags/example_latest_only.py for tasks to queue
[2024-05-15T03:55:08.939+0800] {logging_mixin.py:188} INFO - [2024-05-15T03:55:08.939+0800] {dagbag.py:545} INFO - Filling up the DagBag from /home/jithish/Documents/dag-dag-dag/.venv/lib/python3.10/site-packages/airflow/example_dags/example_latest_only.py
[2024-05-15T03:55:08.945+0800] {processor.py:840} INFO - DAG(s) 'latest_only' retrieved from /home/jithish/Documents/dag-dag-dag/.venv/lib/python3.10/site-packages/airflow/example_dags/example_latest_only.py
[2024-05-15T03:55:08.958+0800] {logging_mixin.py:188} INFO - [2024-05-15T03:55:08.958+0800] {dag.py:3096} INFO - Sync 1 DAGs
[2024-05-15T03:55:08.972+0800] {logging_mixin.py:188} INFO - [2024-05-15T03:55:08.972+0800] {dag.py:3954} INFO - Setting next_dagrun for latest_only to 2024-05-14 12:00:00+00:00, run_after=2024-05-14 16:00:00+00:00
[2024-05-15T03:55:08.991+0800] {processor.py:183} INFO - Processing /home/jithish/Documents/dag-dag-dag/.venv/lib/python3.10/site-packages/airflow/example_dags/example_latest_only.py took 0.134 seconds
[2024-05-15T03:56:01.555+0800] {processor.py:161} INFO - Started process (PID=105550) to work on /home/jithish/Documents/dag-dag-dag/.venv/lib/python3.10/site-packages/airflow/example_dags/example_latest_only.py
[2024-05-15T03:56:01.558+0800] {processor.py:830} INFO - Processing file /home/jithish/Documents/dag-dag-dag/.venv/lib/python3.10/site-packages/airflow/example_dags/example_latest_only.py for tasks to queue
[2024-05-15T03:56:01.560+0800] {logging_mixin.py:188} INFO - [2024-05-15T03:56:01.559+0800] {dagbag.py:545} INFO - Filling up the DagBag from /home/jithish/Documents/dag-dag-dag/.venv/lib/python3.10/site-packages/airflow/example_dags/example_latest_only.py
[2024-05-15T03:56:01.564+0800] {processor.py:840} INFO - DAG(s) 'latest_only' retrieved from /home/jithish/Documents/dag-dag-dag/.venv/lib/python3.10/site-packages/airflow/example_dags/example_latest_only.py
[2024-05-15T03:56:01.575+0800] {logging_mixin.py:188} INFO - [2024-05-15T03:56:01.575+0800] {dag.py:3096} INFO - Sync 1 DAGs
[2024-05-15T03:56:01.588+0800] {logging_mixin.py:188} INFO - [2024-05-15T03:56:01.588+0800] {dag.py:3954} INFO - Setting next_dagrun for latest_only to 2024-05-14 12:00:00+00:00, run_after=2024-05-14 16:00:00+00:00
[2024-05-15T03:56:01.601+0800] {processor.py:183} INFO - Processing /home/jithish/Documents/dag-dag-dag/.venv/lib/python3.10/site-packages/airflow/example_dags/example_latest_only.py took 0.052 seconds
[2024-05-15T03:57:15.407+0800] {processor.py:161} INFO - Started process (PID=106266) to work on /home/jithish/Documents/dag-dag-dag/.venv/lib/python3.10/site-packages/airflow/example_dags/example_latest_only.py
[2024-05-15T03:57:15.408+0800] {processor.py:830} INFO - Processing file /home/jithish/Documents/dag-dag-dag/.venv/lib/python3.10/site-packages/airflow/example_dags/example_latest_only.py for tasks to queue
[2024-05-15T03:57:15.409+0800] {logging_mixin.py:188} INFO - [2024-05-15T03:57:15.409+0800] {dagbag.py:545} INFO - Filling up the DagBag from /home/jithish/Documents/dag-dag-dag/.venv/lib/python3.10/site-packages/airflow/example_dags/example_latest_only.py
[2024-05-15T03:57:15.413+0800] {processor.py:840} INFO - DAG(s) 'latest_only' retrieved from /home/jithish/Documents/dag-dag-dag/.venv/lib/python3.10/site-packages/airflow/example_dags/example_latest_only.py
[2024-05-15T03:57:15.426+0800] {logging_mixin.py:188} INFO - [2024-05-15T03:57:15.426+0800] {dag.py:3096} INFO - Sync 1 DAGs
[2024-05-15T03:57:15.442+0800] {logging_mixin.py:188} INFO - [2024-05-15T03:57:15.442+0800] {dag.py:3954} INFO - Setting next_dagrun for latest_only to 2024-05-14 12:00:00+00:00, run_after=2024-05-14 16:00:00+00:00
[2024-05-15T03:57:15.455+0800] {processor.py:183} INFO - Processing /home/jithish/Documents/dag-dag-dag/.venv/lib/python3.10/site-packages/airflow/example_dags/example_latest_only.py took 0.054 seconds
[2024-05-15T03:58:23.360+0800] {processor.py:161} INFO - Started process (PID=106896) to work on /home/jithish/Documents/dag-dag-dag/.venv/lib/python3.10/site-packages/airflow/example_dags/example_latest_only.py
[2024-05-15T03:58:23.422+0800] {processor.py:830} INFO - Processing file /home/jithish/Documents/dag-dag-dag/.venv/lib/python3.10/site-packages/airflow/example_dags/example_latest_only.py for tasks to queue
[2024-05-15T03:58:23.424+0800] {logging_mixin.py:188} INFO - [2024-05-15T03:58:23.423+0800] {dagbag.py:545} INFO - Filling up the DagBag from /home/jithish/Documents/dag-dag-dag/.venv/lib/python3.10/site-packages/airflow/example_dags/example_latest_only.py
[2024-05-15T03:58:23.428+0800] {processor.py:840} INFO - DAG(s) 'latest_only' retrieved from /home/jithish/Documents/dag-dag-dag/.venv/lib/python3.10/site-packages/airflow/example_dags/example_latest_only.py
[2024-05-15T03:58:23.444+0800] {logging_mixin.py:188} INFO - [2024-05-15T03:58:23.444+0800] {dag.py:3096} INFO - Sync 1 DAGs
[2024-05-15T03:58:23.464+0800] {logging_mixin.py:188} INFO - [2024-05-15T03:58:23.464+0800] {dag.py:3954} INFO - Setting next_dagrun for latest_only to 2024-05-14 12:00:00+00:00, run_after=2024-05-14 16:00:00+00:00
[2024-05-15T03:58:23.486+0800] {processor.py:183} INFO - Processing /home/jithish/Documents/dag-dag-dag/.venv/lib/python3.10/site-packages/airflow/example_dags/example_latest_only.py took 0.131 seconds
[2024-05-15T03:59:36.972+0800] {processor.py:161} INFO - Started process (PID=107658) to work on /home/jithish/Documents/dag-dag-dag/.venv/lib/python3.10/site-packages/airflow/example_dags/example_latest_only.py
[2024-05-15T03:59:36.973+0800] {processor.py:830} INFO - Processing file /home/jithish/Documents/dag-dag-dag/.venv/lib/python3.10/site-packages/airflow/example_dags/example_latest_only.py for tasks to queue
[2024-05-15T03:59:36.975+0800] {logging_mixin.py:188} INFO - [2024-05-15T03:59:36.974+0800] {dagbag.py:545} INFO - Filling up the DagBag from /home/jithish/Documents/dag-dag-dag/.venv/lib/python3.10/site-packages/airflow/example_dags/example_latest_only.py
[2024-05-15T03:59:36.979+0800] {processor.py:840} INFO - DAG(s) 'latest_only' retrieved from /home/jithish/Documents/dag-dag-dag/.venv/lib/python3.10/site-packages/airflow/example_dags/example_latest_only.py
[2024-05-15T03:59:36.991+0800] {logging_mixin.py:188} INFO - [2024-05-15T03:59:36.991+0800] {dag.py:3096} INFO - Sync 1 DAGs
[2024-05-15T03:59:37.005+0800] {logging_mixin.py:188} INFO - [2024-05-15T03:59:37.005+0800] {dag.py:3954} INFO - Setting next_dagrun for latest_only to 2024-05-14 12:00:00+00:00, run_after=2024-05-14 16:00:00+00:00
[2024-05-15T03:59:37.023+0800] {processor.py:183} INFO - Processing /home/jithish/Documents/dag-dag-dag/.venv/lib/python3.10/site-packages/airflow/example_dags/example_latest_only.py took 0.055 seconds
[2024-05-15T04:00:48.584+0800] {processor.py:161} INFO - Started process (PID=108245) to work on /home/jithish/Documents/dag-dag-dag/.venv/lib/python3.10/site-packages/airflow/example_dags/example_latest_only.py
[2024-05-15T04:00:48.646+0800] {processor.py:830} INFO - Processing file /home/jithish/Documents/dag-dag-dag/.venv/lib/python3.10/site-packages/airflow/example_dags/example_latest_only.py for tasks to queue
[2024-05-15T04:00:48.648+0800] {logging_mixin.py:188} INFO - [2024-05-15T04:00:48.647+0800] {dagbag.py:545} INFO - Filling up the DagBag from /home/jithish/Documents/dag-dag-dag/.venv/lib/python3.10/site-packages/airflow/example_dags/example_latest_only.py
[2024-05-15T04:00:48.654+0800] {processor.py:840} INFO - DAG(s) 'latest_only' retrieved from /home/jithish/Documents/dag-dag-dag/.venv/lib/python3.10/site-packages/airflow/example_dags/example_latest_only.py
[2024-05-15T04:00:48.676+0800] {logging_mixin.py:188} INFO - [2024-05-15T04:00:48.675+0800] {dag.py:3096} INFO - Sync 1 DAGs
[2024-05-15T04:00:48.695+0800] {logging_mixin.py:188} INFO - [2024-05-15T04:00:48.694+0800] {dag.py:3954} INFO - Setting next_dagrun for latest_only to 2024-05-14 16:00:00+00:00, run_after=2024-05-14 20:00:00+00:00
[2024-05-15T04:00:48.715+0800] {processor.py:183} INFO - Processing /home/jithish/Documents/dag-dag-dag/.venv/lib/python3.10/site-packages/airflow/example_dags/example_latest_only.py took 0.135 seconds
[2024-05-15T04:02:00.890+0800] {processor.py:161} INFO - Started process (PID=108859) to work on /home/jithish/Documents/dag-dag-dag/.venv/lib/python3.10/site-packages/airflow/example_dags/example_latest_only.py
[2024-05-15T04:02:00.892+0800] {processor.py:830} INFO - Processing file /home/jithish/Documents/dag-dag-dag/.venv/lib/python3.10/site-packages/airflow/example_dags/example_latest_only.py for tasks to queue
[2024-05-15T04:02:00.893+0800] {logging_mixin.py:188} INFO - [2024-05-15T04:02:00.893+0800] {dagbag.py:545} INFO - Filling up the DagBag from /home/jithish/Documents/dag-dag-dag/.venv/lib/python3.10/site-packages/airflow/example_dags/example_latest_only.py
[2024-05-15T04:02:00.898+0800] {processor.py:840} INFO - DAG(s) 'latest_only' retrieved from /home/jithish/Documents/dag-dag-dag/.venv/lib/python3.10/site-packages/airflow/example_dags/example_latest_only.py
[2024-05-15T04:02:00.909+0800] {logging_mixin.py:188} INFO - [2024-05-15T04:02:00.909+0800] {dag.py:3096} INFO - Sync 1 DAGs
[2024-05-15T04:02:00.924+0800] {logging_mixin.py:188} INFO - [2024-05-15T04:02:00.924+0800] {dag.py:3954} INFO - Setting next_dagrun for latest_only to 2024-05-14 16:00:00+00:00, run_after=2024-05-14 20:00:00+00:00
[2024-05-15T04:02:00.943+0800] {processor.py:183} INFO - Processing /home/jithish/Documents/dag-dag-dag/.venv/lib/python3.10/site-packages/airflow/example_dags/example_latest_only.py took 0.060 seconds
[2024-05-15T04:03:19.566+0800] {processor.py:161} INFO - Started process (PID=109737) to work on /home/jithish/Documents/dag-dag-dag/.venv/lib/python3.10/site-packages/airflow/example_dags/example_latest_only.py
[2024-05-15T04:03:19.628+0800] {processor.py:830} INFO - Processing file /home/jithish/Documents/dag-dag-dag/.venv/lib/python3.10/site-packages/airflow/example_dags/example_latest_only.py for tasks to queue
[2024-05-15T04:03:19.634+0800] {logging_mixin.py:188} INFO - [2024-05-15T04:03:19.632+0800] {dagbag.py:545} INFO - Filling up the DagBag from /home/jithish/Documents/dag-dag-dag/.venv/lib/python3.10/site-packages/airflow/example_dags/example_latest_only.py
[2024-05-15T04:03:19.648+0800] {processor.py:840} INFO - DAG(s) 'latest_only' retrieved from /home/jithish/Documents/dag-dag-dag/.venv/lib/python3.10/site-packages/airflow/example_dags/example_latest_only.py
[2024-05-15T04:03:19.671+0800] {logging_mixin.py:188} INFO - [2024-05-15T04:03:19.671+0800] {dag.py:3096} INFO - Sync 1 DAGs
[2024-05-15T04:03:19.690+0800] {logging_mixin.py:188} INFO - [2024-05-15T04:03:19.690+0800] {dag.py:3954} INFO - Setting next_dagrun for latest_only to 2024-05-14 16:00:00+00:00, run_after=2024-05-14 20:00:00+00:00
[2024-05-15T04:03:19.710+0800] {processor.py:183} INFO - Processing /home/jithish/Documents/dag-dag-dag/.venv/lib/python3.10/site-packages/airflow/example_dags/example_latest_only.py took 0.151 seconds
[2024-05-15T04:04:30.176+0800] {processor.py:161} INFO - Started process (PID=110948) to work on /home/jithish/Documents/dag-dag-dag/.venv/lib/python3.10/site-packages/airflow/example_dags/example_latest_only.py
[2024-05-15T04:04:30.237+0800] {processor.py:830} INFO - Processing file /home/jithish/Documents/dag-dag-dag/.venv/lib/python3.10/site-packages/airflow/example_dags/example_latest_only.py for tasks to queue
[2024-05-15T04:04:30.243+0800] {logging_mixin.py:188} INFO - [2024-05-15T04:04:30.242+0800] {dagbag.py:545} INFO - Filling up the DagBag from /home/jithish/Documents/dag-dag-dag/.venv/lib/python3.10/site-packages/airflow/example_dags/example_latest_only.py
[2024-05-15T04:04:30.259+0800] {processor.py:840} INFO - DAG(s) 'latest_only' retrieved from /home/jithish/Documents/dag-dag-dag/.venv/lib/python3.10/site-packages/airflow/example_dags/example_latest_only.py
[2024-05-15T04:04:30.284+0800] {logging_mixin.py:188} INFO - [2024-05-15T04:04:30.284+0800] {dag.py:3096} INFO - Sync 1 DAGs
[2024-05-15T04:04:30.301+0800] {logging_mixin.py:188} INFO - [2024-05-15T04:04:30.301+0800] {dag.py:3954} INFO - Setting next_dagrun for latest_only to 2024-05-14 16:00:00+00:00, run_after=2024-05-14 20:00:00+00:00
[2024-05-15T04:04:30.327+0800] {processor.py:183} INFO - Processing /home/jithish/Documents/dag-dag-dag/.venv/lib/python3.10/site-packages/airflow/example_dags/example_latest_only.py took 0.156 seconds
[2024-05-15T04:05:27.236+0800] {processor.py:161} INFO - Started process (PID=111797) to work on /home/jithish/Documents/dag-dag-dag/.venv/lib/python3.10/site-packages/airflow/example_dags/example_latest_only.py
[2024-05-15T04:05:27.236+0800] {processor.py:830} INFO - Processing file /home/jithish/Documents/dag-dag-dag/.venv/lib/python3.10/site-packages/airflow/example_dags/example_latest_only.py for tasks to queue
[2024-05-15T04:05:27.238+0800] {logging_mixin.py:188} INFO - [2024-05-15T04:05:27.237+0800] {dagbag.py:545} INFO - Filling up the DagBag from /home/jithish/Documents/dag-dag-dag/.venv/lib/python3.10/site-packages/airflow/example_dags/example_latest_only.py
[2024-05-15T04:05:27.242+0800] {processor.py:840} INFO - DAG(s) 'latest_only' retrieved from /home/jithish/Documents/dag-dag-dag/.venv/lib/python3.10/site-packages/airflow/example_dags/example_latest_only.py
[2024-05-15T04:05:27.253+0800] {logging_mixin.py:188} INFO - [2024-05-15T04:05:27.253+0800] {dag.py:3096} INFO - Sync 1 DAGs
[2024-05-15T04:05:27.268+0800] {logging_mixin.py:188} INFO - [2024-05-15T04:05:27.268+0800] {dag.py:3954} INFO - Setting next_dagrun for latest_only to 2024-05-14 16:00:00+00:00, run_after=2024-05-14 20:00:00+00:00
[2024-05-15T04:05:27.282+0800] {processor.py:183} INFO - Processing /home/jithish/Documents/dag-dag-dag/.venv/lib/python3.10/site-packages/airflow/example_dags/example_latest_only.py took 0.051 seconds
[2024-05-15T04:06:22.383+0800] {processor.py:161} INFO - Started process (PID=112577) to work on /home/jithish/Documents/dag-dag-dag/.venv/lib/python3.10/site-packages/airflow/example_dags/example_latest_only.py
[2024-05-15T04:06:22.445+0800] {processor.py:830} INFO - Processing file /home/jithish/Documents/dag-dag-dag/.venv/lib/python3.10/site-packages/airflow/example_dags/example_latest_only.py for tasks to queue
[2024-05-15T04:06:22.451+0800] {logging_mixin.py:188} INFO - [2024-05-15T04:06:22.450+0800] {dagbag.py:545} INFO - Filling up the DagBag from /home/jithish/Documents/dag-dag-dag/.venv/lib/python3.10/site-packages/airflow/example_dags/example_latest_only.py
[2024-05-15T04:06:22.468+0800] {processor.py:840} INFO - DAG(s) 'latest_only' retrieved from /home/jithish/Documents/dag-dag-dag/.venv/lib/python3.10/site-packages/airflow/example_dags/example_latest_only.py
[2024-05-15T04:06:22.488+0800] {logging_mixin.py:188} INFO - [2024-05-15T04:06:22.488+0800] {dag.py:3096} INFO - Sync 1 DAGs
[2024-05-15T04:06:22.504+0800] {logging_mixin.py:188} INFO - [2024-05-15T04:06:22.504+0800] {dag.py:3954} INFO - Setting next_dagrun for latest_only to 2024-05-14 16:00:00+00:00, run_after=2024-05-14 20:00:00+00:00
[2024-05-15T04:06:22.524+0800] {processor.py:183} INFO - Processing /home/jithish/Documents/dag-dag-dag/.venv/lib/python3.10/site-packages/airflow/example_dags/example_latest_only.py took 0.146 seconds
[2024-05-15T04:07:16.163+0800] {processor.py:161} INFO - Started process (PID=113370) to work on /home/jithish/Documents/dag-dag-dag/.venv/lib/python3.10/site-packages/airflow/example_dags/example_latest_only.py
[2024-05-15T04:07:16.225+0800] {processor.py:830} INFO - Processing file /home/jithish/Documents/dag-dag-dag/.venv/lib/python3.10/site-packages/airflow/example_dags/example_latest_only.py for tasks to queue
[2024-05-15T04:07:16.231+0800] {logging_mixin.py:188} INFO - [2024-05-15T04:07:16.229+0800] {dagbag.py:545} INFO - Filling up the DagBag from /home/jithish/Documents/dag-dag-dag/.venv/lib/python3.10/site-packages/airflow/example_dags/example_latest_only.py
[2024-05-15T04:07:16.244+0800] {processor.py:840} INFO - DAG(s) 'latest_only' retrieved from /home/jithish/Documents/dag-dag-dag/.venv/lib/python3.10/site-packages/airflow/example_dags/example_latest_only.py
[2024-05-15T04:07:16.272+0800] {logging_mixin.py:188} INFO - [2024-05-15T04:07:16.272+0800] {dag.py:3096} INFO - Sync 1 DAGs
[2024-05-15T04:07:16.289+0800] {logging_mixin.py:188} INFO - [2024-05-15T04:07:16.289+0800] {dag.py:3954} INFO - Setting next_dagrun for latest_only to 2024-05-14 16:00:00+00:00, run_after=2024-05-14 20:00:00+00:00
[2024-05-15T04:07:16.316+0800] {processor.py:183} INFO - Processing /home/jithish/Documents/dag-dag-dag/.venv/lib/python3.10/site-packages/airflow/example_dags/example_latest_only.py took 0.158 seconds
[2024-05-15T04:08:12.421+0800] {processor.py:161} INFO - Started process (PID=113966) to work on /home/jithish/Documents/dag-dag-dag/.venv/lib/python3.10/site-packages/airflow/example_dags/example_latest_only.py
[2024-05-15T04:08:12.484+0800] {processor.py:830} INFO - Processing file /home/jithish/Documents/dag-dag-dag/.venv/lib/python3.10/site-packages/airflow/example_dags/example_latest_only.py for tasks to queue
[2024-05-15T04:08:12.489+0800] {logging_mixin.py:188} INFO - [2024-05-15T04:08:12.487+0800] {dagbag.py:545} INFO - Filling up the DagBag from /home/jithish/Documents/dag-dag-dag/.venv/lib/python3.10/site-packages/airflow/example_dags/example_latest_only.py
[2024-05-15T04:08:12.502+0800] {processor.py:840} INFO - DAG(s) 'latest_only' retrieved from /home/jithish/Documents/dag-dag-dag/.venv/lib/python3.10/site-packages/airflow/example_dags/example_latest_only.py
[2024-05-15T04:08:12.527+0800] {logging_mixin.py:188} INFO - [2024-05-15T04:08:12.526+0800] {dag.py:3096} INFO - Sync 1 DAGs
[2024-05-15T04:08:12.543+0800] {logging_mixin.py:188} INFO - [2024-05-15T04:08:12.543+0800] {dag.py:3954} INFO - Setting next_dagrun for latest_only to 2024-05-14 16:00:00+00:00, run_after=2024-05-14 20:00:00+00:00
[2024-05-15T04:08:12.562+0800] {processor.py:183} INFO - Processing /home/jithish/Documents/dag-dag-dag/.venv/lib/python3.10/site-packages/airflow/example_dags/example_latest_only.py took 0.159 seconds
[2024-05-15T04:09:11.703+0800] {processor.py:161} INFO - Started process (PID=114899) to work on /home/jithish/Documents/dag-dag-dag/.venv/lib/python3.10/site-packages/airflow/example_dags/example_latest_only.py
[2024-05-15T04:09:11.708+0800] {processor.py:830} INFO - Processing file /home/jithish/Documents/dag-dag-dag/.venv/lib/python3.10/site-packages/airflow/example_dags/example_latest_only.py for tasks to queue
[2024-05-15T04:09:11.711+0800] {logging_mixin.py:188} INFO - [2024-05-15T04:09:11.710+0800] {dagbag.py:545} INFO - Filling up the DagBag from /home/jithish/Documents/dag-dag-dag/.venv/lib/python3.10/site-packages/airflow/example_dags/example_latest_only.py
[2024-05-15T04:09:11.720+0800] {processor.py:840} INFO - DAG(s) 'latest_only' retrieved from /home/jithish/Documents/dag-dag-dag/.venv/lib/python3.10/site-packages/airflow/example_dags/example_latest_only.py
[2024-05-15T04:09:11.736+0800] {logging_mixin.py:188} INFO - [2024-05-15T04:09:11.736+0800] {dag.py:3096} INFO - Sync 1 DAGs
[2024-05-15T04:09:11.751+0800] {logging_mixin.py:188} INFO - [2024-05-15T04:09:11.751+0800] {dag.py:3954} INFO - Setting next_dagrun for latest_only to 2024-05-14 16:00:00+00:00, run_after=2024-05-14 20:00:00+00:00
[2024-05-15T04:09:11.771+0800] {processor.py:183} INFO - Processing /home/jithish/Documents/dag-dag-dag/.venv/lib/python3.10/site-packages/airflow/example_dags/example_latest_only.py took 0.080 seconds
[2024-05-15T04:10:07.684+0800] {processor.py:161} INFO - Started process (PID=115690) to work on /home/jithish/Documents/dag-dag-dag/.venv/lib/python3.10/site-packages/airflow/example_dags/example_latest_only.py
[2024-05-15T04:10:07.691+0800] {processor.py:830} INFO - Processing file /home/jithish/Documents/dag-dag-dag/.venv/lib/python3.10/site-packages/airflow/example_dags/example_latest_only.py for tasks to queue
[2024-05-15T04:10:07.692+0800] {logging_mixin.py:188} INFO - [2024-05-15T04:10:07.692+0800] {dagbag.py:545} INFO - Filling up the DagBag from /home/jithish/Documents/dag-dag-dag/.venv/lib/python3.10/site-packages/airflow/example_dags/example_latest_only.py
[2024-05-15T04:10:07.699+0800] {processor.py:840} INFO - DAG(s) 'latest_only' retrieved from /home/jithish/Documents/dag-dag-dag/.venv/lib/python3.10/site-packages/airflow/example_dags/example_latest_only.py
[2024-05-15T04:10:07.711+0800] {logging_mixin.py:188} INFO - [2024-05-15T04:10:07.710+0800] {dag.py:3096} INFO - Sync 1 DAGs
[2024-05-15T04:10:07.727+0800] {logging_mixin.py:188} INFO - [2024-05-15T04:10:07.726+0800] {dag.py:3954} INFO - Setting next_dagrun for latest_only to 2024-05-14 16:00:00+00:00, run_after=2024-05-14 20:00:00+00:00
[2024-05-15T04:10:07.744+0800] {processor.py:183} INFO - Processing /home/jithish/Documents/dag-dag-dag/.venv/lib/python3.10/site-packages/airflow/example_dags/example_latest_only.py took 0.069 seconds
[2024-05-15T04:11:20.473+0800] {processor.py:161} INFO - Started process (PID=116759) to work on /home/jithish/Documents/dag-dag-dag/.venv/lib/python3.10/site-packages/airflow/example_dags/example_latest_only.py
[2024-05-15T04:11:20.541+0800] {processor.py:830} INFO - Processing file /home/jithish/Documents/dag-dag-dag/.venv/lib/python3.10/site-packages/airflow/example_dags/example_latest_only.py for tasks to queue
[2024-05-15T04:11:20.547+0800] {logging_mixin.py:188} INFO - [2024-05-15T04:11:20.545+0800] {dagbag.py:545} INFO - Filling up the DagBag from /home/jithish/Documents/dag-dag-dag/.venv/lib/python3.10/site-packages/airflow/example_dags/example_latest_only.py
[2024-05-15T04:11:20.559+0800] {processor.py:840} INFO - DAG(s) 'latest_only' retrieved from /home/jithish/Documents/dag-dag-dag/.venv/lib/python3.10/site-packages/airflow/example_dags/example_latest_only.py
[2024-05-15T04:11:20.581+0800] {logging_mixin.py:188} INFO - [2024-05-15T04:11:20.581+0800] {dag.py:3096} INFO - Sync 1 DAGs
[2024-05-15T04:11:20.601+0800] {logging_mixin.py:188} INFO - [2024-05-15T04:11:20.601+0800] {dag.py:3954} INFO - Setting next_dagrun for latest_only to 2024-05-14 16:00:00+00:00, run_after=2024-05-14 20:00:00+00:00
[2024-05-15T04:11:20.620+0800] {processor.py:183} INFO - Processing /home/jithish/Documents/dag-dag-dag/.venv/lib/python3.10/site-packages/airflow/example_dags/example_latest_only.py took 0.166 seconds
[2024-05-15T04:12:20.210+0800] {processor.py:161} INFO - Started process (PID=117618) to work on /home/jithish/Documents/dag-dag-dag/.venv/lib/python3.10/site-packages/airflow/example_dags/example_latest_only.py
[2024-05-15T04:12:20.275+0800] {processor.py:830} INFO - Processing file /home/jithish/Documents/dag-dag-dag/.venv/lib/python3.10/site-packages/airflow/example_dags/example_latest_only.py for tasks to queue
[2024-05-15T04:12:20.280+0800] {logging_mixin.py:188} INFO - [2024-05-15T04:12:20.279+0800] {dagbag.py:545} INFO - Filling up the DagBag from /home/jithish/Documents/dag-dag-dag/.venv/lib/python3.10/site-packages/airflow/example_dags/example_latest_only.py
[2024-05-15T04:12:20.293+0800] {processor.py:840} INFO - DAG(s) 'latest_only' retrieved from /home/jithish/Documents/dag-dag-dag/.venv/lib/python3.10/site-packages/airflow/example_dags/example_latest_only.py
[2024-05-15T04:12:20.326+0800] {logging_mixin.py:188} INFO - [2024-05-15T04:12:20.326+0800] {dag.py:3096} INFO - Sync 1 DAGs
[2024-05-15T04:12:20.349+0800] {logging_mixin.py:188} INFO - [2024-05-15T04:12:20.348+0800] {dag.py:3954} INFO - Setting next_dagrun for latest_only to 2024-05-14 16:00:00+00:00, run_after=2024-05-14 20:00:00+00:00
[2024-05-15T04:12:20.377+0800] {processor.py:183} INFO - Processing /home/jithish/Documents/dag-dag-dag/.venv/lib/python3.10/site-packages/airflow/example_dags/example_latest_only.py took 0.174 seconds
[2024-05-15T04:13:16.976+0800] {processor.py:161} INFO - Started process (PID=118432) to work on /home/jithish/Documents/dag-dag-dag/.venv/lib/python3.10/site-packages/airflow/example_dags/example_latest_only.py
[2024-05-15T04:13:17.039+0800] {processor.py:830} INFO - Processing file /home/jithish/Documents/dag-dag-dag/.venv/lib/python3.10/site-packages/airflow/example_dags/example_latest_only.py for tasks to queue
[2024-05-15T04:13:17.041+0800] {logging_mixin.py:188} INFO - [2024-05-15T04:13:17.040+0800] {dagbag.py:545} INFO - Filling up the DagBag from /home/jithish/Documents/dag-dag-dag/.venv/lib/python3.10/site-packages/airflow/example_dags/example_latest_only.py
[2024-05-15T04:13:17.048+0800] {processor.py:840} INFO - DAG(s) 'latest_only' retrieved from /home/jithish/Documents/dag-dag-dag/.venv/lib/python3.10/site-packages/airflow/example_dags/example_latest_only.py
[2024-05-15T04:13:17.069+0800] {logging_mixin.py:188} INFO - [2024-05-15T04:13:17.069+0800] {dag.py:3096} INFO - Sync 1 DAGs
[2024-05-15T04:13:17.086+0800] {logging_mixin.py:188} INFO - [2024-05-15T04:13:17.086+0800] {dag.py:3954} INFO - Setting next_dagrun for latest_only to 2024-05-14 16:00:00+00:00, run_after=2024-05-14 20:00:00+00:00
[2024-05-15T04:13:17.105+0800] {processor.py:183} INFO - Processing /home/jithish/Documents/dag-dag-dag/.venv/lib/python3.10/site-packages/airflow/example_dags/example_latest_only.py took 0.141 seconds
[2024-05-15T04:14:12.123+0800] {processor.py:161} INFO - Started process (PID=119285) to work on /home/jithish/Documents/dag-dag-dag/.venv/lib/python3.10/site-packages/airflow/example_dags/example_latest_only.py
[2024-05-15T04:14:12.124+0800] {processor.py:830} INFO - Processing file /home/jithish/Documents/dag-dag-dag/.venv/lib/python3.10/site-packages/airflow/example_dags/example_latest_only.py for tasks to queue
[2024-05-15T04:14:12.126+0800] {logging_mixin.py:188} INFO - [2024-05-15T04:14:12.126+0800] {dagbag.py:545} INFO - Filling up the DagBag from /home/jithish/Documents/dag-dag-dag/.venv/lib/python3.10/site-packages/airflow/example_dags/example_latest_only.py
[2024-05-15T04:14:12.131+0800] {processor.py:840} INFO - DAG(s) 'latest_only' retrieved from /home/jithish/Documents/dag-dag-dag/.venv/lib/python3.10/site-packages/airflow/example_dags/example_latest_only.py
[2024-05-15T04:14:12.144+0800] {logging_mixin.py:188} INFO - [2024-05-15T04:14:12.143+0800] {dag.py:3096} INFO - Sync 1 DAGs
[2024-05-15T04:14:12.157+0800] {logging_mixin.py:188} INFO - [2024-05-15T04:14:12.156+0800] {dag.py:3954} INFO - Setting next_dagrun for latest_only to 2024-05-14 16:00:00+00:00, run_after=2024-05-14 20:00:00+00:00
[2024-05-15T04:14:12.174+0800] {processor.py:183} INFO - Processing /home/jithish/Documents/dag-dag-dag/.venv/lib/python3.10/site-packages/airflow/example_dags/example_latest_only.py took 0.059 seconds
[2024-05-15T04:15:07.941+0800] {processor.py:161} INFO - Started process (PID=119864) to work on /home/jithish/Documents/dag-dag-dag/.venv/lib/python3.10/site-packages/airflow/example_dags/example_latest_only.py
[2024-05-15T04:15:08.002+0800] {processor.py:830} INFO - Processing file /home/jithish/Documents/dag-dag-dag/.venv/lib/python3.10/site-packages/airflow/example_dags/example_latest_only.py for tasks to queue
[2024-05-15T04:15:08.004+0800] {logging_mixin.py:188} INFO - [2024-05-15T04:15:08.003+0800] {dagbag.py:545} INFO - Filling up the DagBag from /home/jithish/Documents/dag-dag-dag/.venv/lib/python3.10/site-packages/airflow/example_dags/example_latest_only.py
[2024-05-15T04:15:08.008+0800] {processor.py:840} INFO - DAG(s) 'latest_only' retrieved from /home/jithish/Documents/dag-dag-dag/.venv/lib/python3.10/site-packages/airflow/example_dags/example_latest_only.py
[2024-05-15T04:15:08.018+0800] {logging_mixin.py:188} INFO - [2024-05-15T04:15:08.018+0800] {dag.py:3096} INFO - Sync 1 DAGs
[2024-05-15T04:15:08.032+0800] {logging_mixin.py:188} INFO - [2024-05-15T04:15:08.031+0800] {dag.py:3954} INFO - Setting next_dagrun for latest_only to 2024-05-14 16:00:00+00:00, run_after=2024-05-14 20:00:00+00:00
[2024-05-15T04:15:08.047+0800] {processor.py:183} INFO - Processing /home/jithish/Documents/dag-dag-dag/.venv/lib/python3.10/site-packages/airflow/example_dags/example_latest_only.py took 0.110 seconds
[2024-05-15T04:16:03.441+0800] {processor.py:161} INFO - Started process (PID=120455) to work on /home/jithish/Documents/dag-dag-dag/.venv/lib/python3.10/site-packages/airflow/example_dags/example_latest_only.py
[2024-05-15T04:16:03.443+0800] {processor.py:830} INFO - Processing file /home/jithish/Documents/dag-dag-dag/.venv/lib/python3.10/site-packages/airflow/example_dags/example_latest_only.py for tasks to queue
[2024-05-15T04:16:03.447+0800] {logging_mixin.py:188} INFO - [2024-05-15T04:16:03.446+0800] {dagbag.py:545} INFO - Filling up the DagBag from /home/jithish/Documents/dag-dag-dag/.venv/lib/python3.10/site-packages/airflow/example_dags/example_latest_only.py
[2024-05-15T04:16:03.456+0800] {processor.py:840} INFO - DAG(s) 'latest_only' retrieved from /home/jithish/Documents/dag-dag-dag/.venv/lib/python3.10/site-packages/airflow/example_dags/example_latest_only.py
[2024-05-15T04:16:03.470+0800] {logging_mixin.py:188} INFO - [2024-05-15T04:16:03.470+0800] {dag.py:3096} INFO - Sync 1 DAGs
[2024-05-15T04:16:03.484+0800] {logging_mixin.py:188} INFO - [2024-05-15T04:16:03.484+0800] {dag.py:3954} INFO - Setting next_dagrun for latest_only to 2024-05-14 16:00:00+00:00, run_after=2024-05-14 20:00:00+00:00
[2024-05-15T04:16:03.505+0800] {processor.py:183} INFO - Processing /home/jithish/Documents/dag-dag-dag/.venv/lib/python3.10/site-packages/airflow/example_dags/example_latest_only.py took 0.089 seconds
