[2024-05-15T03:14:55.961+0800] {processor.py:161} INFO - Started process (PID=75258) to work on /home/jithish/Documents/dag-dag-dag/.venv/lib/python3.10/site-packages/airflow/example_dags/example_bash_operator.py
[2024-05-15T03:14:55.962+0800] {processor.py:830} INFO - Processing file /home/jithish/Documents/dag-dag-dag/.venv/lib/python3.10/site-packages/airflow/example_dags/example_bash_operator.py for tasks to queue
[2024-05-15T03:14:55.963+0800] {logging_mixin.py:188} INFO - [2024-05-15T03:14:55.963+0800] {dagbag.py:545} INFO - Filling up the DagBag from /home/jithish/Documents/dag-dag-dag/.venv/lib/python3.10/site-packages/airflow/example_dags/example_bash_operator.py
[2024-05-15T03:14:55.971+0800] {processor.py:840} INFO - DAG(s) 'example_bash_operator' retrieved from /home/jithish/Documents/dag-dag-dag/.venv/lib/python3.10/site-packages/airflow/example_dags/example_bash_operator.py
[2024-05-15T03:14:56.103+0800] {logging_mixin.py:188} INFO - [2024-05-15T03:14:56.103+0800] {dag.py:3096} INFO - Sync 1 DAGs
[2024-05-15T03:14:56.115+0800] {logging_mixin.py:188} INFO - [2024-05-15T03:14:56.114+0800] {dag.py:3954} INFO - Setting next_dagrun for example_bash_operator to 2024-05-13 00:00:00+00:00, run_after=2024-05-14 00:00:00+00:00
[2024-05-15T03:14:56.130+0800] {processor.py:183} INFO - Processing /home/jithish/Documents/dag-dag-dag/.venv/lib/python3.10/site-packages/airflow/example_dags/example_bash_operator.py took 0.173 seconds
[2024-05-15T03:15:58.381+0800] {processor.py:161} INFO - Started process (PID=76086) to work on /home/jithish/Documents/dag-dag-dag/.venv/lib/python3.10/site-packages/airflow/example_dags/example_bash_operator.py
[2024-05-15T03:15:58.442+0800] {processor.py:830} INFO - Processing file /home/jithish/Documents/dag-dag-dag/.venv/lib/python3.10/site-packages/airflow/example_dags/example_bash_operator.py for tasks to queue
[2024-05-15T03:15:58.444+0800] {logging_mixin.py:188} INFO - [2024-05-15T03:15:58.444+0800] {dagbag.py:545} INFO - Filling up the DagBag from /home/jithish/Documents/dag-dag-dag/.venv/lib/python3.10/site-packages/airflow/example_dags/example_bash_operator.py
[2024-05-15T03:15:58.458+0800] {processor.py:840} INFO - DAG(s) 'example_bash_operator' retrieved from /home/jithish/Documents/dag-dag-dag/.venv/lib/python3.10/site-packages/airflow/example_dags/example_bash_operator.py
[2024-05-15T03:15:58.482+0800] {logging_mixin.py:188} INFO - [2024-05-15T03:15:58.482+0800] {dag.py:3096} INFO - Sync 1 DAGs
[2024-05-15T03:15:58.584+0800] {logging_mixin.py:188} INFO - [2024-05-15T03:15:58.584+0800] {dag.py:3954} INFO - Setting next_dagrun for example_bash_operator to 2024-05-13 00:00:00+00:00, run_after=2024-05-14 00:00:00+00:00
[2024-05-15T03:15:58.602+0800] {processor.py:183} INFO - Processing /home/jithish/Documents/dag-dag-dag/.venv/lib/python3.10/site-packages/airflow/example_dags/example_bash_operator.py took 0.225 seconds
[2024-05-15T03:17:01.234+0800] {processor.py:161} INFO - Started process (PID=76910) to work on /home/jithish/Documents/dag-dag-dag/.venv/lib/python3.10/site-packages/airflow/example_dags/example_bash_operator.py
[2024-05-15T03:17:01.290+0800] {processor.py:830} INFO - Processing file /home/jithish/Documents/dag-dag-dag/.venv/lib/python3.10/site-packages/airflow/example_dags/example_bash_operator.py for tasks to queue
[2024-05-15T03:17:01.295+0800] {logging_mixin.py:188} INFO - [2024-05-15T03:17:01.294+0800] {dagbag.py:545} INFO - Filling up the DagBag from /home/jithish/Documents/dag-dag-dag/.venv/lib/python3.10/site-packages/airflow/example_dags/example_bash_operator.py
[2024-05-15T03:17:01.321+0800] {processor.py:840} INFO - DAG(s) 'example_bash_operator' retrieved from /home/jithish/Documents/dag-dag-dag/.venv/lib/python3.10/site-packages/airflow/example_dags/example_bash_operator.py
[2024-05-15T03:17:01.344+0800] {logging_mixin.py:188} INFO - [2024-05-15T03:17:01.344+0800] {dag.py:3096} INFO - Sync 1 DAGs
[2024-05-15T03:17:01.358+0800] {logging_mixin.py:188} INFO - [2024-05-15T03:17:01.358+0800] {dag.py:3954} INFO - Setting next_dagrun for example_bash_operator to 2024-05-13 00:00:00+00:00, run_after=2024-05-14 00:00:00+00:00
[2024-05-15T03:17:01.374+0800] {processor.py:183} INFO - Processing /home/jithish/Documents/dag-dag-dag/.venv/lib/python3.10/site-packages/airflow/example_dags/example_bash_operator.py took 0.157 seconds
[2024-05-15T03:18:03.413+0800] {processor.py:161} INFO - Started process (PID=77904) to work on /home/jithish/Documents/dag-dag-dag/.venv/lib/python3.10/site-packages/airflow/example_dags/example_bash_operator.py
[2024-05-15T03:18:03.475+0800] {processor.py:830} INFO - Processing file /home/jithish/Documents/dag-dag-dag/.venv/lib/python3.10/site-packages/airflow/example_dags/example_bash_operator.py for tasks to queue
[2024-05-15T03:18:03.478+0800] {logging_mixin.py:188} INFO - [2024-05-15T03:18:03.477+0800] {dagbag.py:545} INFO - Filling up the DagBag from /home/jithish/Documents/dag-dag-dag/.venv/lib/python3.10/site-packages/airflow/example_dags/example_bash_operator.py
[2024-05-15T03:18:03.495+0800] {processor.py:840} INFO - DAG(s) 'example_bash_operator' retrieved from /home/jithish/Documents/dag-dag-dag/.venv/lib/python3.10/site-packages/airflow/example_dags/example_bash_operator.py
[2024-05-15T03:18:03.521+0800] {logging_mixin.py:188} INFO - [2024-05-15T03:18:03.521+0800] {dag.py:3096} INFO - Sync 1 DAGs
[2024-05-15T03:18:03.536+0800] {logging_mixin.py:188} INFO - [2024-05-15T03:18:03.536+0800] {dag.py:3954} INFO - Setting next_dagrun for example_bash_operator to 2024-05-13 00:00:00+00:00, run_after=2024-05-14 00:00:00+00:00
[2024-05-15T03:18:03.560+0800] {processor.py:183} INFO - Processing /home/jithish/Documents/dag-dag-dag/.venv/lib/python3.10/site-packages/airflow/example_dags/example_bash_operator.py took 0.156 seconds
[2024-05-15T03:19:18.550+0800] {processor.py:161} INFO - Started process (PID=78976) to work on /home/jithish/Documents/dag-dag-dag/.venv/lib/python3.10/site-packages/airflow/example_dags/example_bash_operator.py
[2024-05-15T03:19:18.611+0800] {processor.py:830} INFO - Processing file /home/jithish/Documents/dag-dag-dag/.venv/lib/python3.10/site-packages/airflow/example_dags/example_bash_operator.py for tasks to queue
[2024-05-15T03:19:18.615+0800] {logging_mixin.py:188} INFO - [2024-05-15T03:19:18.614+0800] {dagbag.py:545} INFO - Filling up the DagBag from /home/jithish/Documents/dag-dag-dag/.venv/lib/python3.10/site-packages/airflow/example_dags/example_bash_operator.py
[2024-05-15T03:19:18.624+0800] {processor.py:840} INFO - DAG(s) 'example_bash_operator' retrieved from /home/jithish/Documents/dag-dag-dag/.venv/lib/python3.10/site-packages/airflow/example_dags/example_bash_operator.py
[2024-05-15T03:19:18.644+0800] {logging_mixin.py:188} INFO - [2024-05-15T03:19:18.644+0800] {dag.py:3096} INFO - Sync 1 DAGs
[2024-05-15T03:19:18.659+0800] {logging_mixin.py:188} INFO - [2024-05-15T03:19:18.659+0800] {dag.py:3954} INFO - Setting next_dagrun for example_bash_operator to 2024-05-13 00:00:00+00:00, run_after=2024-05-14 00:00:00+00:00
[2024-05-15T03:19:18.688+0800] {processor.py:183} INFO - Processing /home/jithish/Documents/dag-dag-dag/.venv/lib/python3.10/site-packages/airflow/example_dags/example_bash_operator.py took 0.148 seconds
[2024-05-15T03:20:37.247+0800] {processor.py:161} INFO - Started process (PID=80120) to work on /home/jithish/Documents/dag-dag-dag/.venv/lib/python3.10/site-packages/airflow/example_dags/example_bash_operator.py
[2024-05-15T03:20:37.309+0800] {processor.py:830} INFO - Processing file /home/jithish/Documents/dag-dag-dag/.venv/lib/python3.10/site-packages/airflow/example_dags/example_bash_operator.py for tasks to queue
[2024-05-15T03:20:37.313+0800] {logging_mixin.py:188} INFO - [2024-05-15T03:20:37.312+0800] {dagbag.py:545} INFO - Filling up the DagBag from /home/jithish/Documents/dag-dag-dag/.venv/lib/python3.10/site-packages/airflow/example_dags/example_bash_operator.py
[2024-05-15T03:20:37.346+0800] {processor.py:840} INFO - DAG(s) 'example_bash_operator' retrieved from /home/jithish/Documents/dag-dag-dag/.venv/lib/python3.10/site-packages/airflow/example_dags/example_bash_operator.py
[2024-05-15T03:20:37.372+0800] {logging_mixin.py:188} INFO - [2024-05-15T03:20:37.371+0800] {dag.py:3096} INFO - Sync 1 DAGs
[2024-05-15T03:20:37.387+0800] {logging_mixin.py:188} INFO - [2024-05-15T03:20:37.387+0800] {dag.py:3954} INFO - Setting next_dagrun for example_bash_operator to 2024-05-13 00:00:00+00:00, run_after=2024-05-14 00:00:00+00:00
[2024-05-15T03:20:37.409+0800] {processor.py:183} INFO - Processing /home/jithish/Documents/dag-dag-dag/.venv/lib/python3.10/site-packages/airflow/example_dags/example_bash_operator.py took 0.166 seconds
[2024-05-15T03:21:54.693+0800] {processor.py:161} INFO - Started process (PID=81196) to work on /home/jithish/Documents/dag-dag-dag/.venv/lib/python3.10/site-packages/airflow/example_dags/example_bash_operator.py
[2024-05-15T03:21:54.755+0800] {processor.py:830} INFO - Processing file /home/jithish/Documents/dag-dag-dag/.venv/lib/python3.10/site-packages/airflow/example_dags/example_bash_operator.py for tasks to queue
[2024-05-15T03:21:54.759+0800] {logging_mixin.py:188} INFO - [2024-05-15T03:21:54.758+0800] {dagbag.py:545} INFO - Filling up the DagBag from /home/jithish/Documents/dag-dag-dag/.venv/lib/python3.10/site-packages/airflow/example_dags/example_bash_operator.py
[2024-05-15T03:21:54.792+0800] {processor.py:840} INFO - DAG(s) 'example_bash_operator' retrieved from /home/jithish/Documents/dag-dag-dag/.venv/lib/python3.10/site-packages/airflow/example_dags/example_bash_operator.py
[2024-05-15T03:21:54.818+0800] {logging_mixin.py:188} INFO - [2024-05-15T03:21:54.818+0800] {dag.py:3096} INFO - Sync 1 DAGs
[2024-05-15T03:21:54.834+0800] {logging_mixin.py:188} INFO - [2024-05-15T03:21:54.834+0800] {dag.py:3954} INFO - Setting next_dagrun for example_bash_operator to 2024-05-13 00:00:00+00:00, run_after=2024-05-14 00:00:00+00:00
[2024-05-15T03:21:54.854+0800] {processor.py:183} INFO - Processing /home/jithish/Documents/dag-dag-dag/.venv/lib/python3.10/site-packages/airflow/example_dags/example_bash_operator.py took 0.176 seconds
[2024-05-15T03:23:17.486+0800] {processor.py:161} INFO - Started process (PID=82226) to work on /home/jithish/Documents/dag-dag-dag/.venv/lib/python3.10/site-packages/airflow/example_dags/example_bash_operator.py
[2024-05-15T03:23:17.550+0800] {processor.py:830} INFO - Processing file /home/jithish/Documents/dag-dag-dag/.venv/lib/python3.10/site-packages/airflow/example_dags/example_bash_operator.py for tasks to queue
[2024-05-15T03:23:17.554+0800] {logging_mixin.py:188} INFO - [2024-05-15T03:23:17.553+0800] {dagbag.py:545} INFO - Filling up the DagBag from /home/jithish/Documents/dag-dag-dag/.venv/lib/python3.10/site-packages/airflow/example_dags/example_bash_operator.py
[2024-05-15T03:23:17.586+0800] {processor.py:840} INFO - DAG(s) 'example_bash_operator' retrieved from /home/jithish/Documents/dag-dag-dag/.venv/lib/python3.10/site-packages/airflow/example_dags/example_bash_operator.py
[2024-05-15T03:23:17.612+0800] {logging_mixin.py:188} INFO - [2024-05-15T03:23:17.612+0800] {dag.py:3096} INFO - Sync 1 DAGs
[2024-05-15T03:23:17.626+0800] {logging_mixin.py:188} INFO - [2024-05-15T03:23:17.625+0800] {dag.py:3954} INFO - Setting next_dagrun for example_bash_operator to 2024-05-13 00:00:00+00:00, run_after=2024-05-14 00:00:00+00:00
[2024-05-15T03:23:17.639+0800] {processor.py:183} INFO - Processing /home/jithish/Documents/dag-dag-dag/.venv/lib/python3.10/site-packages/airflow/example_dags/example_bash_operator.py took 0.157 seconds
[2024-05-15T03:24:38.908+0800] {processor.py:161} INFO - Started process (PID=82951) to work on /home/jithish/Documents/dag-dag-dag/.venv/lib/python3.10/site-packages/airflow/example_dags/example_bash_operator.py
[2024-05-15T03:24:38.970+0800] {processor.py:830} INFO - Processing file /home/jithish/Documents/dag-dag-dag/.venv/lib/python3.10/site-packages/airflow/example_dags/example_bash_operator.py for tasks to queue
[2024-05-15T03:24:38.971+0800] {logging_mixin.py:188} INFO - [2024-05-15T03:24:38.971+0800] {dagbag.py:545} INFO - Filling up the DagBag from /home/jithish/Documents/dag-dag-dag/.venv/lib/python3.10/site-packages/airflow/example_dags/example_bash_operator.py
[2024-05-15T03:24:38.979+0800] {processor.py:840} INFO - DAG(s) 'example_bash_operator' retrieved from /home/jithish/Documents/dag-dag-dag/.venv/lib/python3.10/site-packages/airflow/example_dags/example_bash_operator.py
[2024-05-15T03:24:38.996+0800] {logging_mixin.py:188} INFO - [2024-05-15T03:24:38.995+0800] {dag.py:3096} INFO - Sync 1 DAGs
[2024-05-15T03:24:39.009+0800] {logging_mixin.py:188} INFO - [2024-05-15T03:24:39.009+0800] {dag.py:3954} INFO - Setting next_dagrun for example_bash_operator to 2024-05-13 00:00:00+00:00, run_after=2024-05-14 00:00:00+00:00
[2024-05-15T03:24:39.027+0800] {processor.py:183} INFO - Processing /home/jithish/Documents/dag-dag-dag/.venv/lib/python3.10/site-packages/airflow/example_dags/example_bash_operator.py took 0.137 seconds
[2024-05-15T03:25:34.478+0800] {processor.py:161} INFO - Started process (PID=83429) to work on /home/jithish/Documents/dag-dag-dag/.venv/lib/python3.10/site-packages/airflow/example_dags/example_bash_operator.py
[2024-05-15T03:25:34.542+0800] {processor.py:830} INFO - Processing file /home/jithish/Documents/dag-dag-dag/.venv/lib/python3.10/site-packages/airflow/example_dags/example_bash_operator.py for tasks to queue
[2024-05-15T03:25:34.548+0800] {logging_mixin.py:188} INFO - [2024-05-15T03:25:34.546+0800] {dagbag.py:545} INFO - Filling up the DagBag from /home/jithish/Documents/dag-dag-dag/.venv/lib/python3.10/site-packages/airflow/example_dags/example_bash_operator.py
[2024-05-15T03:25:34.579+0800] {processor.py:840} INFO - DAG(s) 'example_bash_operator' retrieved from /home/jithish/Documents/dag-dag-dag/.venv/lib/python3.10/site-packages/airflow/example_dags/example_bash_operator.py
[2024-05-15T03:25:34.603+0800] {logging_mixin.py:188} INFO - [2024-05-15T03:25:34.603+0800] {dag.py:3096} INFO - Sync 1 DAGs
[2024-05-15T03:25:34.616+0800] {logging_mixin.py:188} INFO - [2024-05-15T03:25:34.616+0800] {dag.py:3954} INFO - Setting next_dagrun for example_bash_operator to 2024-05-13 00:00:00+00:00, run_after=2024-05-14 00:00:00+00:00
[2024-05-15T03:25:34.632+0800] {processor.py:183} INFO - Processing /home/jithish/Documents/dag-dag-dag/.venv/lib/python3.10/site-packages/airflow/example_dags/example_bash_operator.py took 0.160 seconds
[2024-05-15T03:26:55.485+0800] {processor.py:161} INFO - Started process (PID=84320) to work on /home/jithish/Documents/dag-dag-dag/.venv/lib/python3.10/site-packages/airflow/example_dags/example_bash_operator.py
[2024-05-15T03:26:55.546+0800] {processor.py:830} INFO - Processing file /home/jithish/Documents/dag-dag-dag/.venv/lib/python3.10/site-packages/airflow/example_dags/example_bash_operator.py for tasks to queue
[2024-05-15T03:26:55.547+0800] {logging_mixin.py:188} INFO - [2024-05-15T03:26:55.547+0800] {dagbag.py:545} INFO - Filling up the DagBag from /home/jithish/Documents/dag-dag-dag/.venv/lib/python3.10/site-packages/airflow/example_dags/example_bash_operator.py
[2024-05-15T03:26:55.556+0800] {processor.py:840} INFO - DAG(s) 'example_bash_operator' retrieved from /home/jithish/Documents/dag-dag-dag/.venv/lib/python3.10/site-packages/airflow/example_dags/example_bash_operator.py
[2024-05-15T03:26:55.576+0800] {logging_mixin.py:188} INFO - [2024-05-15T03:26:55.576+0800] {dag.py:3096} INFO - Sync 1 DAGs
[2024-05-15T03:26:55.596+0800] {logging_mixin.py:188} INFO - [2024-05-15T03:26:55.596+0800] {dag.py:3954} INFO - Setting next_dagrun for example_bash_operator to 2024-05-13 00:00:00+00:00, run_after=2024-05-14 00:00:00+00:00
[2024-05-15T03:26:55.610+0800] {processor.py:183} INFO - Processing /home/jithish/Documents/dag-dag-dag/.venv/lib/python3.10/site-packages/airflow/example_dags/example_bash_operator.py took 0.132 seconds
[2024-05-15T03:28:11.571+0800] {processor.py:161} INFO - Started process (PID=84999) to work on /home/jithish/Documents/dag-dag-dag/.venv/lib/python3.10/site-packages/airflow/example_dags/example_bash_operator.py
[2024-05-15T03:28:11.572+0800] {processor.py:830} INFO - Processing file /home/jithish/Documents/dag-dag-dag/.venv/lib/python3.10/site-packages/airflow/example_dags/example_bash_operator.py for tasks to queue
[2024-05-15T03:28:11.573+0800] {logging_mixin.py:188} INFO - [2024-05-15T03:28:11.573+0800] {dagbag.py:545} INFO - Filling up the DagBag from /home/jithish/Documents/dag-dag-dag/.venv/lib/python3.10/site-packages/airflow/example_dags/example_bash_operator.py
[2024-05-15T03:28:11.582+0800] {processor.py:840} INFO - DAG(s) 'example_bash_operator' retrieved from /home/jithish/Documents/dag-dag-dag/.venv/lib/python3.10/site-packages/airflow/example_dags/example_bash_operator.py
[2024-05-15T03:28:11.599+0800] {logging_mixin.py:188} INFO - [2024-05-15T03:28:11.598+0800] {dag.py:3096} INFO - Sync 1 DAGs
[2024-05-15T03:28:11.612+0800] {logging_mixin.py:188} INFO - [2024-05-15T03:28:11.612+0800] {dag.py:3954} INFO - Setting next_dagrun for example_bash_operator to 2024-05-13 00:00:00+00:00, run_after=2024-05-14 00:00:00+00:00
[2024-05-15T03:28:11.626+0800] {processor.py:183} INFO - Processing /home/jithish/Documents/dag-dag-dag/.venv/lib/python3.10/site-packages/airflow/example_dags/example_bash_operator.py took 0.059 seconds
[2024-05-15T03:29:26.476+0800] {processor.py:161} INFO - Started process (PID=85675) to work on /home/jithish/Documents/dag-dag-dag/.venv/lib/python3.10/site-packages/airflow/example_dags/example_bash_operator.py
[2024-05-15T03:29:26.538+0800] {processor.py:830} INFO - Processing file /home/jithish/Documents/dag-dag-dag/.venv/lib/python3.10/site-packages/airflow/example_dags/example_bash_operator.py for tasks to queue
[2024-05-15T03:29:26.543+0800] {logging_mixin.py:188} INFO - [2024-05-15T03:29:26.542+0800] {dagbag.py:545} INFO - Filling up the DagBag from /home/jithish/Documents/dag-dag-dag/.venv/lib/python3.10/site-packages/airflow/example_dags/example_bash_operator.py
[2024-05-15T03:29:26.575+0800] {processor.py:840} INFO - DAG(s) 'example_bash_operator' retrieved from /home/jithish/Documents/dag-dag-dag/.venv/lib/python3.10/site-packages/airflow/example_dags/example_bash_operator.py
[2024-05-15T03:29:26.598+0800] {logging_mixin.py:188} INFO - [2024-05-15T03:29:26.598+0800] {dag.py:3096} INFO - Sync 1 DAGs
[2024-05-15T03:29:26.613+0800] {logging_mixin.py:188} INFO - [2024-05-15T03:29:26.613+0800] {dag.py:3954} INFO - Setting next_dagrun for example_bash_operator to 2024-05-13 00:00:00+00:00, run_after=2024-05-14 00:00:00+00:00
[2024-05-15T03:29:26.628+0800] {processor.py:183} INFO - Processing /home/jithish/Documents/dag-dag-dag/.venv/lib/python3.10/site-packages/airflow/example_dags/example_bash_operator.py took 0.158 seconds
[2024-05-15T03:30:41.600+0800] {processor.py:161} INFO - Started process (PID=86335) to work on /home/jithish/Documents/dag-dag-dag/.venv/lib/python3.10/site-packages/airflow/example_dags/example_bash_operator.py
[2024-05-15T03:30:41.660+0800] {processor.py:830} INFO - Processing file /home/jithish/Documents/dag-dag-dag/.venv/lib/python3.10/site-packages/airflow/example_dags/example_bash_operator.py for tasks to queue
[2024-05-15T03:30:41.662+0800] {logging_mixin.py:188} INFO - [2024-05-15T03:30:41.662+0800] {dagbag.py:545} INFO - Filling up the DagBag from /home/jithish/Documents/dag-dag-dag/.venv/lib/python3.10/site-packages/airflow/example_dags/example_bash_operator.py
[2024-05-15T03:30:41.674+0800] {processor.py:840} INFO - DAG(s) 'example_bash_operator' retrieved from /home/jithish/Documents/dag-dag-dag/.venv/lib/python3.10/site-packages/airflow/example_dags/example_bash_operator.py
[2024-05-15T03:30:41.700+0800] {logging_mixin.py:188} INFO - [2024-05-15T03:30:41.700+0800] {dag.py:3096} INFO - Sync 1 DAGs
[2024-05-15T03:30:41.715+0800] {logging_mixin.py:188} INFO - [2024-05-15T03:30:41.715+0800] {dag.py:3954} INFO - Setting next_dagrun for example_bash_operator to 2024-05-13 00:00:00+00:00, run_after=2024-05-14 00:00:00+00:00
[2024-05-15T03:30:41.734+0800] {processor.py:183} INFO - Processing /home/jithish/Documents/dag-dag-dag/.venv/lib/python3.10/site-packages/airflow/example_dags/example_bash_operator.py took 0.139 seconds
[2024-05-15T03:32:00.195+0800] {processor.py:161} INFO - Started process (PID=87002) to work on /home/jithish/Documents/dag-dag-dag/.venv/lib/python3.10/site-packages/airflow/example_dags/example_bash_operator.py
[2024-05-15T03:32:00.256+0800] {processor.py:830} INFO - Processing file /home/jithish/Documents/dag-dag-dag/.venv/lib/python3.10/site-packages/airflow/example_dags/example_bash_operator.py for tasks to queue
[2024-05-15T03:32:00.258+0800] {logging_mixin.py:188} INFO - [2024-05-15T03:32:00.258+0800] {dagbag.py:545} INFO - Filling up the DagBag from /home/jithish/Documents/dag-dag-dag/.venv/lib/python3.10/site-packages/airflow/example_dags/example_bash_operator.py
[2024-05-15T03:32:00.272+0800] {processor.py:840} INFO - DAG(s) 'example_bash_operator' retrieved from /home/jithish/Documents/dag-dag-dag/.venv/lib/python3.10/site-packages/airflow/example_dags/example_bash_operator.py
[2024-05-15T03:32:00.298+0800] {logging_mixin.py:188} INFO - [2024-05-15T03:32:00.298+0800] {dag.py:3096} INFO - Sync 1 DAGs
[2024-05-15T03:32:00.313+0800] {logging_mixin.py:188} INFO - [2024-05-15T03:32:00.313+0800] {dag.py:3954} INFO - Setting next_dagrun for example_bash_operator to 2024-05-13 00:00:00+00:00, run_after=2024-05-14 00:00:00+00:00
[2024-05-15T03:32:00.340+0800] {processor.py:183} INFO - Processing /home/jithish/Documents/dag-dag-dag/.venv/lib/python3.10/site-packages/airflow/example_dags/example_bash_operator.py took 0.149 seconds
[2024-05-15T03:33:12.940+0800] {processor.py:161} INFO - Started process (PID=87631) to work on /home/jithish/Documents/dag-dag-dag/.venv/lib/python3.10/site-packages/airflow/example_dags/example_bash_operator.py
[2024-05-15T03:33:13.001+0800] {processor.py:830} INFO - Processing file /home/jithish/Documents/dag-dag-dag/.venv/lib/python3.10/site-packages/airflow/example_dags/example_bash_operator.py for tasks to queue
[2024-05-15T03:33:13.003+0800] {logging_mixin.py:188} INFO - [2024-05-15T03:33:13.003+0800] {dagbag.py:545} INFO - Filling up the DagBag from /home/jithish/Documents/dag-dag-dag/.venv/lib/python3.10/site-packages/airflow/example_dags/example_bash_operator.py
[2024-05-15T03:33:13.021+0800] {processor.py:840} INFO - DAG(s) 'example_bash_operator' retrieved from /home/jithish/Documents/dag-dag-dag/.venv/lib/python3.10/site-packages/airflow/example_dags/example_bash_operator.py
[2024-05-15T03:33:13.048+0800] {logging_mixin.py:188} INFO - [2024-05-15T03:33:13.048+0800] {dag.py:3096} INFO - Sync 1 DAGs
[2024-05-15T03:33:13.070+0800] {logging_mixin.py:188} INFO - [2024-05-15T03:33:13.070+0800] {dag.py:3954} INFO - Setting next_dagrun for example_bash_operator to 2024-05-13 00:00:00+00:00, run_after=2024-05-14 00:00:00+00:00
[2024-05-15T03:33:13.091+0800] {processor.py:183} INFO - Processing /home/jithish/Documents/dag-dag-dag/.venv/lib/python3.10/site-packages/airflow/example_dags/example_bash_operator.py took 0.157 seconds
[2024-05-15T03:34:22.111+0800] {processor.py:161} INFO - Started process (PID=88249) to work on /home/jithish/Documents/dag-dag-dag/.venv/lib/python3.10/site-packages/airflow/example_dags/example_bash_operator.py
[2024-05-15T03:34:22.171+0800] {processor.py:830} INFO - Processing file /home/jithish/Documents/dag-dag-dag/.venv/lib/python3.10/site-packages/airflow/example_dags/example_bash_operator.py for tasks to queue
[2024-05-15T03:34:22.172+0800] {logging_mixin.py:188} INFO - [2024-05-15T03:34:22.172+0800] {dagbag.py:545} INFO - Filling up the DagBag from /home/jithish/Documents/dag-dag-dag/.venv/lib/python3.10/site-packages/airflow/example_dags/example_bash_operator.py
[2024-05-15T03:34:22.183+0800] {processor.py:840} INFO - DAG(s) 'example_bash_operator' retrieved from /home/jithish/Documents/dag-dag-dag/.venv/lib/python3.10/site-packages/airflow/example_dags/example_bash_operator.py
[2024-05-15T03:34:22.202+0800] {logging_mixin.py:188} INFO - [2024-05-15T03:34:22.202+0800] {dag.py:3096} INFO - Sync 1 DAGs
[2024-05-15T03:34:22.216+0800] {logging_mixin.py:188} INFO - [2024-05-15T03:34:22.216+0800] {dag.py:3954} INFO - Setting next_dagrun for example_bash_operator to 2024-05-13 00:00:00+00:00, run_after=2024-05-14 00:00:00+00:00
[2024-05-15T03:34:22.240+0800] {processor.py:183} INFO - Processing /home/jithish/Documents/dag-dag-dag/.venv/lib/python3.10/site-packages/airflow/example_dags/example_bash_operator.py took 0.134 seconds
[2024-05-15T03:35:35.308+0800] {processor.py:161} INFO - Started process (PID=88924) to work on /home/jithish/Documents/dag-dag-dag/.venv/lib/python3.10/site-packages/airflow/example_dags/example_bash_operator.py
[2024-05-15T03:35:35.371+0800] {processor.py:830} INFO - Processing file /home/jithish/Documents/dag-dag-dag/.venv/lib/python3.10/site-packages/airflow/example_dags/example_bash_operator.py for tasks to queue
[2024-05-15T03:35:35.372+0800] {logging_mixin.py:188} INFO - [2024-05-15T03:35:35.372+0800] {dagbag.py:545} INFO - Filling up the DagBag from /home/jithish/Documents/dag-dag-dag/.venv/lib/python3.10/site-packages/airflow/example_dags/example_bash_operator.py
[2024-05-15T03:35:35.382+0800] {processor.py:840} INFO - DAG(s) 'example_bash_operator' retrieved from /home/jithish/Documents/dag-dag-dag/.venv/lib/python3.10/site-packages/airflow/example_dags/example_bash_operator.py
[2024-05-15T03:35:35.401+0800] {logging_mixin.py:188} INFO - [2024-05-15T03:35:35.401+0800] {dag.py:3096} INFO - Sync 1 DAGs
[2024-05-15T03:35:35.416+0800] {logging_mixin.py:188} INFO - [2024-05-15T03:35:35.416+0800] {dag.py:3954} INFO - Setting next_dagrun for example_bash_operator to 2024-05-13 00:00:00+00:00, run_after=2024-05-14 00:00:00+00:00
[2024-05-15T03:35:35.436+0800] {processor.py:183} INFO - Processing /home/jithish/Documents/dag-dag-dag/.venv/lib/python3.10/site-packages/airflow/example_dags/example_bash_operator.py took 0.132 seconds
[2024-05-15T03:36:47.055+0800] {processor.py:161} INFO - Started process (PID=89644) to work on /home/jithish/Documents/dag-dag-dag/.venv/lib/python3.10/site-packages/airflow/example_dags/example_bash_operator.py
[2024-05-15T03:36:47.116+0800] {processor.py:830} INFO - Processing file /home/jithish/Documents/dag-dag-dag/.venv/lib/python3.10/site-packages/airflow/example_dags/example_bash_operator.py for tasks to queue
[2024-05-15T03:36:47.118+0800] {logging_mixin.py:188} INFO - [2024-05-15T03:36:47.117+0800] {dagbag.py:545} INFO - Filling up the DagBag from /home/jithish/Documents/dag-dag-dag/.venv/lib/python3.10/site-packages/airflow/example_dags/example_bash_operator.py
[2024-05-15T03:36:47.132+0800] {processor.py:840} INFO - DAG(s) 'example_bash_operator' retrieved from /home/jithish/Documents/dag-dag-dag/.venv/lib/python3.10/site-packages/airflow/example_dags/example_bash_operator.py
[2024-05-15T03:36:47.165+0800] {logging_mixin.py:188} INFO - [2024-05-15T03:36:47.164+0800] {dag.py:3096} INFO - Sync 1 DAGs
[2024-05-15T03:36:47.183+0800] {logging_mixin.py:188} INFO - [2024-05-15T03:36:47.183+0800] {dag.py:3954} INFO - Setting next_dagrun for example_bash_operator to 2024-05-13 00:00:00+00:00, run_after=2024-05-14 00:00:00+00:00
[2024-05-15T03:36:47.204+0800] {processor.py:183} INFO - Processing /home/jithish/Documents/dag-dag-dag/.venv/lib/python3.10/site-packages/airflow/example_dags/example_bash_operator.py took 0.154 seconds
[2024-05-15T03:38:03.303+0800] {processor.py:161} INFO - Started process (PID=90292) to work on /home/jithish/Documents/dag-dag-dag/.venv/lib/python3.10/site-packages/airflow/example_dags/example_bash_operator.py
[2024-05-15T03:38:03.366+0800] {processor.py:830} INFO - Processing file /home/jithish/Documents/dag-dag-dag/.venv/lib/python3.10/site-packages/airflow/example_dags/example_bash_operator.py for tasks to queue
[2024-05-15T03:38:03.370+0800] {logging_mixin.py:188} INFO - [2024-05-15T03:38:03.369+0800] {dagbag.py:545} INFO - Filling up the DagBag from /home/jithish/Documents/dag-dag-dag/.venv/lib/python3.10/site-packages/airflow/example_dags/example_bash_operator.py
[2024-05-15T03:38:03.386+0800] {processor.py:840} INFO - DAG(s) 'example_bash_operator' retrieved from /home/jithish/Documents/dag-dag-dag/.venv/lib/python3.10/site-packages/airflow/example_dags/example_bash_operator.py
[2024-05-15T03:38:03.407+0800] {logging_mixin.py:188} INFO - [2024-05-15T03:38:03.407+0800] {dag.py:3096} INFO - Sync 1 DAGs
[2024-05-15T03:38:03.422+0800] {logging_mixin.py:188} INFO - [2024-05-15T03:38:03.422+0800] {dag.py:3954} INFO - Setting next_dagrun for example_bash_operator to 2024-05-13 00:00:00+00:00, run_after=2024-05-14 00:00:00+00:00
[2024-05-15T03:38:03.443+0800] {processor.py:183} INFO - Processing /home/jithish/Documents/dag-dag-dag/.venv/lib/python3.10/site-packages/airflow/example_dags/example_bash_operator.py took 0.157 seconds
[2024-05-15T03:39:25.642+0800] {processor.py:161} INFO - Started process (PID=91489) to work on /home/jithish/Documents/dag-dag-dag/.venv/lib/python3.10/site-packages/airflow/example_dags/example_bash_operator.py
[2024-05-15T03:39:25.704+0800] {processor.py:830} INFO - Processing file /home/jithish/Documents/dag-dag-dag/.venv/lib/python3.10/site-packages/airflow/example_dags/example_bash_operator.py for tasks to queue
[2024-05-15T03:39:25.709+0800] {logging_mixin.py:188} INFO - [2024-05-15T03:39:25.708+0800] {dagbag.py:545} INFO - Filling up the DagBag from /home/jithish/Documents/dag-dag-dag/.venv/lib/python3.10/site-packages/airflow/example_dags/example_bash_operator.py
[2024-05-15T03:39:25.740+0800] {processor.py:840} INFO - DAG(s) 'example_bash_operator' retrieved from /home/jithish/Documents/dag-dag-dag/.venv/lib/python3.10/site-packages/airflow/example_dags/example_bash_operator.py
[2024-05-15T03:39:25.765+0800] {logging_mixin.py:188} INFO - [2024-05-15T03:39:25.764+0800] {dag.py:3096} INFO - Sync 1 DAGs
[2024-05-15T03:39:25.780+0800] {logging_mixin.py:188} INFO - [2024-05-15T03:39:25.780+0800] {dag.py:3954} INFO - Setting next_dagrun for example_bash_operator to 2024-05-13 00:00:00+00:00, run_after=2024-05-14 00:00:00+00:00
[2024-05-15T03:39:25.803+0800] {processor.py:183} INFO - Processing /home/jithish/Documents/dag-dag-dag/.venv/lib/python3.10/site-packages/airflow/example_dags/example_bash_operator.py took 0.179 seconds
[2024-05-15T03:40:27.836+0800] {processor.py:161} INFO - Started process (PID=93118) to work on /home/jithish/Documents/dag-dag-dag/.venv/lib/python3.10/site-packages/airflow/example_dags/example_bash_operator.py
[2024-05-15T03:40:27.898+0800] {processor.py:830} INFO - Processing file /home/jithish/Documents/dag-dag-dag/.venv/lib/python3.10/site-packages/airflow/example_dags/example_bash_operator.py for tasks to queue
[2024-05-15T03:40:27.902+0800] {logging_mixin.py:188} INFO - [2024-05-15T03:40:27.901+0800] {dagbag.py:545} INFO - Filling up the DagBag from /home/jithish/Documents/dag-dag-dag/.venv/lib/python3.10/site-packages/airflow/example_dags/example_bash_operator.py
[2024-05-15T03:40:27.918+0800] {processor.py:840} INFO - DAG(s) 'example_bash_operator' retrieved from /home/jithish/Documents/dag-dag-dag/.venv/lib/python3.10/site-packages/airflow/example_dags/example_bash_operator.py
[2024-05-15T03:40:27.938+0800] {logging_mixin.py:188} INFO - [2024-05-15T03:40:27.938+0800] {dag.py:3096} INFO - Sync 1 DAGs
[2024-05-15T03:40:27.953+0800] {logging_mixin.py:188} INFO - [2024-05-15T03:40:27.953+0800] {dag.py:3954} INFO - Setting next_dagrun for example_bash_operator to 2024-05-13 00:00:00+00:00, run_after=2024-05-14 00:00:00+00:00
[2024-05-15T03:40:27.981+0800] {processor.py:183} INFO - Processing /home/jithish/Documents/dag-dag-dag/.venv/lib/python3.10/site-packages/airflow/example_dags/example_bash_operator.py took 0.153 seconds
[2024-05-15T03:41:51.488+0800] {processor.py:161} INFO - Started process (PID=94271) to work on /home/jithish/Documents/dag-dag-dag/.venv/lib/python3.10/site-packages/airflow/example_dags/example_bash_operator.py
[2024-05-15T03:41:51.550+0800] {processor.py:830} INFO - Processing file /home/jithish/Documents/dag-dag-dag/.venv/lib/python3.10/site-packages/airflow/example_dags/example_bash_operator.py for tasks to queue
[2024-05-15T03:41:51.553+0800] {logging_mixin.py:188} INFO - [2024-05-15T03:41:51.552+0800] {dagbag.py:545} INFO - Filling up the DagBag from /home/jithish/Documents/dag-dag-dag/.venv/lib/python3.10/site-packages/airflow/example_dags/example_bash_operator.py
[2024-05-15T03:41:51.566+0800] {processor.py:840} INFO - DAG(s) 'example_bash_operator' retrieved from /home/jithish/Documents/dag-dag-dag/.venv/lib/python3.10/site-packages/airflow/example_dags/example_bash_operator.py
[2024-05-15T03:41:51.592+0800] {logging_mixin.py:188} INFO - [2024-05-15T03:41:51.592+0800] {dag.py:3096} INFO - Sync 1 DAGs
[2024-05-15T03:41:51.610+0800] {logging_mixin.py:188} INFO - [2024-05-15T03:41:51.610+0800] {dag.py:3954} INFO - Setting next_dagrun for example_bash_operator to 2024-05-13 00:00:00+00:00, run_after=2024-05-14 00:00:00+00:00
[2024-05-15T03:41:51.628+0800] {processor.py:183} INFO - Processing /home/jithish/Documents/dag-dag-dag/.venv/lib/python3.10/site-packages/airflow/example_dags/example_bash_operator.py took 0.157 seconds
[2024-05-15T03:43:10.327+0800] {processor.py:161} INFO - Started process (PID=95368) to work on /home/jithish/Documents/dag-dag-dag/.venv/lib/python3.10/site-packages/airflow/example_dags/example_bash_operator.py
[2024-05-15T03:43:10.399+0800] {processor.py:830} INFO - Processing file /home/jithish/Documents/dag-dag-dag/.venv/lib/python3.10/site-packages/airflow/example_dags/example_bash_operator.py for tasks to queue
[2024-05-15T03:43:10.401+0800] {logging_mixin.py:188} INFO - [2024-05-15T03:43:10.400+0800] {dagbag.py:545} INFO - Filling up the DagBag from /home/jithish/Documents/dag-dag-dag/.venv/lib/python3.10/site-packages/airflow/example_dags/example_bash_operator.py
[2024-05-15T03:43:10.411+0800] {processor.py:840} INFO - DAG(s) 'example_bash_operator' retrieved from /home/jithish/Documents/dag-dag-dag/.venv/lib/python3.10/site-packages/airflow/example_dags/example_bash_operator.py
[2024-05-15T03:43:10.432+0800] {logging_mixin.py:188} INFO - [2024-05-15T03:43:10.432+0800] {dag.py:3096} INFO - Sync 1 DAGs
[2024-05-15T03:43:10.448+0800] {logging_mixin.py:188} INFO - [2024-05-15T03:43:10.448+0800] {dag.py:3954} INFO - Setting next_dagrun for example_bash_operator to 2024-05-13 00:00:00+00:00, run_after=2024-05-14 00:00:00+00:00
[2024-05-15T03:43:10.568+0800] {processor.py:183} INFO - Processing /home/jithish/Documents/dag-dag-dag/.venv/lib/python3.10/site-packages/airflow/example_dags/example_bash_operator.py took 0.248 seconds
[2024-05-15T03:44:35.584+0800] {processor.py:161} INFO - Started process (PID=96671) to work on /home/jithish/Documents/dag-dag-dag/.venv/lib/python3.10/site-packages/airflow/example_dags/example_bash_operator.py
[2024-05-15T03:44:35.588+0800] {processor.py:830} INFO - Processing file /home/jithish/Documents/dag-dag-dag/.venv/lib/python3.10/site-packages/airflow/example_dags/example_bash_operator.py for tasks to queue
[2024-05-15T03:44:35.589+0800] {logging_mixin.py:188} INFO - [2024-05-15T03:44:35.589+0800] {dagbag.py:545} INFO - Filling up the DagBag from /home/jithish/Documents/dag-dag-dag/.venv/lib/python3.10/site-packages/airflow/example_dags/example_bash_operator.py
[2024-05-15T03:44:35.598+0800] {processor.py:840} INFO - DAG(s) 'example_bash_operator' retrieved from /home/jithish/Documents/dag-dag-dag/.venv/lib/python3.10/site-packages/airflow/example_dags/example_bash_operator.py
[2024-05-15T03:44:35.618+0800] {logging_mixin.py:188} INFO - [2024-05-15T03:44:35.617+0800] {dag.py:3096} INFO - Sync 1 DAGs
[2024-05-15T03:44:35.634+0800] {logging_mixin.py:188} INFO - [2024-05-15T03:44:35.634+0800] {dag.py:3954} INFO - Setting next_dagrun for example_bash_operator to 2024-05-13 00:00:00+00:00, run_after=2024-05-14 00:00:00+00:00
[2024-05-15T03:44:35.647+0800] {processor.py:183} INFO - Processing /home/jithish/Documents/dag-dag-dag/.venv/lib/python3.10/site-packages/airflow/example_dags/example_bash_operator.py took 0.068 seconds
[2024-05-15T03:46:01.435+0800] {processor.py:161} INFO - Started process (PID=97687) to work on /home/jithish/Documents/dag-dag-dag/.venv/lib/python3.10/site-packages/airflow/example_dags/example_bash_operator.py
[2024-05-15T03:46:01.438+0800] {processor.py:830} INFO - Processing file /home/jithish/Documents/dag-dag-dag/.venv/lib/python3.10/site-packages/airflow/example_dags/example_bash_operator.py for tasks to queue
[2024-05-15T03:46:01.441+0800] {logging_mixin.py:188} INFO - [2024-05-15T03:46:01.440+0800] {dagbag.py:545} INFO - Filling up the DagBag from /home/jithish/Documents/dag-dag-dag/.venv/lib/python3.10/site-packages/airflow/example_dags/example_bash_operator.py
[2024-05-15T03:46:01.450+0800] {processor.py:840} INFO - DAG(s) 'example_bash_operator' retrieved from /home/jithish/Documents/dag-dag-dag/.venv/lib/python3.10/site-packages/airflow/example_dags/example_bash_operator.py
[2024-05-15T03:46:01.471+0800] {logging_mixin.py:188} INFO - [2024-05-15T03:46:01.471+0800] {dag.py:3096} INFO - Sync 1 DAGs
[2024-05-15T03:46:01.491+0800] {logging_mixin.py:188} INFO - [2024-05-15T03:46:01.491+0800] {dag.py:3954} INFO - Setting next_dagrun for example_bash_operator to 2024-05-13 00:00:00+00:00, run_after=2024-05-14 00:00:00+00:00
[2024-05-15T03:46:01.513+0800] {processor.py:183} INFO - Processing /home/jithish/Documents/dag-dag-dag/.venv/lib/python3.10/site-packages/airflow/example_dags/example_bash_operator.py took 0.083 seconds
[2024-05-15T03:47:07.427+0800] {processor.py:161} INFO - Started process (PID=98670) to work on /home/jithish/Documents/dag-dag-dag/.venv/lib/python3.10/site-packages/airflow/example_dags/example_bash_operator.py
[2024-05-15T03:47:07.491+0800] {processor.py:830} INFO - Processing file /home/jithish/Documents/dag-dag-dag/.venv/lib/python3.10/site-packages/airflow/example_dags/example_bash_operator.py for tasks to queue
[2024-05-15T03:47:07.497+0800] {logging_mixin.py:188} INFO - [2024-05-15T03:47:07.495+0800] {dagbag.py:545} INFO - Filling up the DagBag from /home/jithish/Documents/dag-dag-dag/.venv/lib/python3.10/site-packages/airflow/example_dags/example_bash_operator.py
[2024-05-15T03:47:07.598+0800] {processor.py:840} INFO - DAG(s) 'example_bash_operator' retrieved from /home/jithish/Documents/dag-dag-dag/.venv/lib/python3.10/site-packages/airflow/example_dags/example_bash_operator.py
[2024-05-15T03:47:07.722+0800] {logging_mixin.py:188} INFO - [2024-05-15T03:47:07.721+0800] {dag.py:3096} INFO - Sync 1 DAGs
[2024-05-15T03:47:07.761+0800] {logging_mixin.py:188} INFO - [2024-05-15T03:47:07.761+0800] {dag.py:3954} INFO - Setting next_dagrun for example_bash_operator to 2024-05-13 00:00:00+00:00, run_after=2024-05-14 00:00:00+00:00
[2024-05-15T03:47:07.854+0800] {processor.py:183} INFO - Processing /home/jithish/Documents/dag-dag-dag/.venv/lib/python3.10/site-packages/airflow/example_dags/example_bash_operator.py took 0.431 seconds
[2024-05-15T03:48:23.241+0800] {processor.py:161} INFO - Started process (PID=99774) to work on /home/jithish/Documents/dag-dag-dag/.venv/lib/python3.10/site-packages/airflow/example_dags/example_bash_operator.py
[2024-05-15T03:48:23.302+0800] {processor.py:830} INFO - Processing file /home/jithish/Documents/dag-dag-dag/.venv/lib/python3.10/site-packages/airflow/example_dags/example_bash_operator.py for tasks to queue
[2024-05-15T03:48:23.309+0800] {logging_mixin.py:188} INFO - [2024-05-15T03:48:23.307+0800] {dagbag.py:545} INFO - Filling up the DagBag from /home/jithish/Documents/dag-dag-dag/.venv/lib/python3.10/site-packages/airflow/example_dags/example_bash_operator.py
[2024-05-15T03:48:23.341+0800] {processor.py:840} INFO - DAG(s) 'example_bash_operator' retrieved from /home/jithish/Documents/dag-dag-dag/.venv/lib/python3.10/site-packages/airflow/example_dags/example_bash_operator.py
[2024-05-15T03:48:23.365+0800] {logging_mixin.py:188} INFO - [2024-05-15T03:48:23.365+0800] {dag.py:3096} INFO - Sync 1 DAGs
[2024-05-15T03:48:23.380+0800] {logging_mixin.py:188} INFO - [2024-05-15T03:48:23.380+0800] {dag.py:3954} INFO - Setting next_dagrun for example_bash_operator to 2024-05-13 00:00:00+00:00, run_after=2024-05-14 00:00:00+00:00
[2024-05-15T03:48:23.399+0800] {processor.py:183} INFO - Processing /home/jithish/Documents/dag-dag-dag/.venv/lib/python3.10/site-packages/airflow/example_dags/example_bash_operator.py took 0.164 seconds
[2024-05-15T03:49:46.094+0800] {processor.py:161} INFO - Started process (PID=100979) to work on /home/jithish/Documents/dag-dag-dag/.venv/lib/python3.10/site-packages/airflow/example_dags/example_bash_operator.py
[2024-05-15T03:49:46.156+0800] {processor.py:830} INFO - Processing file /home/jithish/Documents/dag-dag-dag/.venv/lib/python3.10/site-packages/airflow/example_dags/example_bash_operator.py for tasks to queue
[2024-05-15T03:49:46.162+0800] {logging_mixin.py:188} INFO - [2024-05-15T03:49:46.160+0800] {dagbag.py:545} INFO - Filling up the DagBag from /home/jithish/Documents/dag-dag-dag/.venv/lib/python3.10/site-packages/airflow/example_dags/example_bash_operator.py
[2024-05-15T03:49:46.192+0800] {processor.py:840} INFO - DAG(s) 'example_bash_operator' retrieved from /home/jithish/Documents/dag-dag-dag/.venv/lib/python3.10/site-packages/airflow/example_dags/example_bash_operator.py
[2024-05-15T03:49:46.217+0800] {logging_mixin.py:188} INFO - [2024-05-15T03:49:46.217+0800] {dag.py:3096} INFO - Sync 1 DAGs
[2024-05-15T03:49:46.232+0800] {logging_mixin.py:188} INFO - [2024-05-15T03:49:46.232+0800] {dag.py:3954} INFO - Setting next_dagrun for example_bash_operator to 2024-05-13 00:00:00+00:00, run_after=2024-05-14 00:00:00+00:00
[2024-05-15T03:49:46.252+0800] {processor.py:183} INFO - Processing /home/jithish/Documents/dag-dag-dag/.venv/lib/python3.10/site-packages/airflow/example_dags/example_bash_operator.py took 0.165 seconds
[2024-05-15T03:50:44.436+0800] {processor.py:161} INFO - Started process (PID=101763) to work on /home/jithish/Documents/dag-dag-dag/.venv/lib/python3.10/site-packages/airflow/example_dags/example_bash_operator.py
[2024-05-15T03:50:44.438+0800] {processor.py:830} INFO - Processing file /home/jithish/Documents/dag-dag-dag/.venv/lib/python3.10/site-packages/airflow/example_dags/example_bash_operator.py for tasks to queue
[2024-05-15T03:50:44.441+0800] {logging_mixin.py:188} INFO - [2024-05-15T03:50:44.440+0800] {dagbag.py:545} INFO - Filling up the DagBag from /home/jithish/Documents/dag-dag-dag/.venv/lib/python3.10/site-packages/airflow/example_dags/example_bash_operator.py
[2024-05-15T03:50:44.455+0800] {processor.py:840} INFO - DAG(s) 'example_bash_operator' retrieved from /home/jithish/Documents/dag-dag-dag/.venv/lib/python3.10/site-packages/airflow/example_dags/example_bash_operator.py
[2024-05-15T03:50:44.475+0800] {logging_mixin.py:188} INFO - [2024-05-15T03:50:44.475+0800] {dag.py:3096} INFO - Sync 1 DAGs
[2024-05-15T03:50:44.489+0800] {logging_mixin.py:188} INFO - [2024-05-15T03:50:44.489+0800] {dag.py:3954} INFO - Setting next_dagrun for example_bash_operator to 2024-05-13 00:00:00+00:00, run_after=2024-05-14 00:00:00+00:00
[2024-05-15T03:50:44.505+0800] {processor.py:183} INFO - Processing /home/jithish/Documents/dag-dag-dag/.venv/lib/python3.10/site-packages/airflow/example_dags/example_bash_operator.py took 0.080 seconds
[2024-05-15T03:52:03.232+0800] {processor.py:161} INFO - Started process (PID=102737) to work on /home/jithish/Documents/dag-dag-dag/.venv/lib/python3.10/site-packages/airflow/example_dags/example_bash_operator.py
[2024-05-15T03:52:03.298+0800] {processor.py:830} INFO - Processing file /home/jithish/Documents/dag-dag-dag/.venv/lib/python3.10/site-packages/airflow/example_dags/example_bash_operator.py for tasks to queue
[2024-05-15T03:52:03.303+0800] {logging_mixin.py:188} INFO - [2024-05-15T03:52:03.302+0800] {dagbag.py:545} INFO - Filling up the DagBag from /home/jithish/Documents/dag-dag-dag/.venv/lib/python3.10/site-packages/airflow/example_dags/example_bash_operator.py
[2024-05-15T03:52:03.332+0800] {processor.py:840} INFO - DAG(s) 'example_bash_operator' retrieved from /home/jithish/Documents/dag-dag-dag/.venv/lib/python3.10/site-packages/airflow/example_dags/example_bash_operator.py
[2024-05-15T03:52:03.349+0800] {logging_mixin.py:188} INFO - [2024-05-15T03:52:03.349+0800] {dag.py:3096} INFO - Sync 1 DAGs
[2024-05-15T03:52:03.362+0800] {logging_mixin.py:188} INFO - [2024-05-15T03:52:03.362+0800] {dag.py:3954} INFO - Setting next_dagrun for example_bash_operator to 2024-05-13 00:00:00+00:00, run_after=2024-05-14 00:00:00+00:00
[2024-05-15T03:52:03.378+0800] {processor.py:183} INFO - Processing /home/jithish/Documents/dag-dag-dag/.venv/lib/python3.10/site-packages/airflow/example_dags/example_bash_operator.py took 0.151 seconds
[2024-05-15T03:53:17.948+0800] {processor.py:161} INFO - Started process (PID=103575) to work on /home/jithish/Documents/dag-dag-dag/.venv/lib/python3.10/site-packages/airflow/example_dags/example_bash_operator.py
[2024-05-15T03:53:17.949+0800] {processor.py:830} INFO - Processing file /home/jithish/Documents/dag-dag-dag/.venv/lib/python3.10/site-packages/airflow/example_dags/example_bash_operator.py for tasks to queue
[2024-05-15T03:53:17.952+0800] {logging_mixin.py:188} INFO - [2024-05-15T03:53:17.951+0800] {dagbag.py:545} INFO - Filling up the DagBag from /home/jithish/Documents/dag-dag-dag/.venv/lib/python3.10/site-packages/airflow/example_dags/example_bash_operator.py
[2024-05-15T03:53:17.967+0800] {processor.py:840} INFO - DAG(s) 'example_bash_operator' retrieved from /home/jithish/Documents/dag-dag-dag/.venv/lib/python3.10/site-packages/airflow/example_dags/example_bash_operator.py
[2024-05-15T03:53:17.992+0800] {logging_mixin.py:188} INFO - [2024-05-15T03:53:17.992+0800] {dag.py:3096} INFO - Sync 1 DAGs
[2024-05-15T03:53:18.015+0800] {logging_mixin.py:188} INFO - [2024-05-15T03:53:18.014+0800] {dag.py:3954} INFO - Setting next_dagrun for example_bash_operator to 2024-05-13 00:00:00+00:00, run_after=2024-05-14 00:00:00+00:00
[2024-05-15T03:53:18.036+0800] {processor.py:183} INFO - Processing /home/jithish/Documents/dag-dag-dag/.venv/lib/python3.10/site-packages/airflow/example_dags/example_bash_operator.py took 0.096 seconds
[2024-05-15T03:54:16.314+0800] {processor.py:161} INFO - Started process (PID=104285) to work on /home/jithish/Documents/dag-dag-dag/.venv/lib/python3.10/site-packages/airflow/example_dags/example_bash_operator.py
[2024-05-15T03:54:16.374+0800] {processor.py:830} INFO - Processing file /home/jithish/Documents/dag-dag-dag/.venv/lib/python3.10/site-packages/airflow/example_dags/example_bash_operator.py for tasks to queue
[2024-05-15T03:54:16.376+0800] {logging_mixin.py:188} INFO - [2024-05-15T03:54:16.376+0800] {dagbag.py:545} INFO - Filling up the DagBag from /home/jithish/Documents/dag-dag-dag/.venv/lib/python3.10/site-packages/airflow/example_dags/example_bash_operator.py
[2024-05-15T03:54:16.384+0800] {processor.py:840} INFO - DAG(s) 'example_bash_operator' retrieved from /home/jithish/Documents/dag-dag-dag/.venv/lib/python3.10/site-packages/airflow/example_dags/example_bash_operator.py
[2024-05-15T03:54:16.400+0800] {logging_mixin.py:188} INFO - [2024-05-15T03:54:16.400+0800] {dag.py:3096} INFO - Sync 1 DAGs
[2024-05-15T03:54:16.413+0800] {logging_mixin.py:188} INFO - [2024-05-15T03:54:16.413+0800] {dag.py:3954} INFO - Setting next_dagrun for example_bash_operator to 2024-05-13 00:00:00+00:00, run_after=2024-05-14 00:00:00+00:00
[2024-05-15T03:54:16.439+0800] {processor.py:183} INFO - Processing /home/jithish/Documents/dag-dag-dag/.venv/lib/python3.10/site-packages/airflow/example_dags/example_bash_operator.py took 0.132 seconds
[2024-05-15T03:55:37.920+0800] {processor.py:161} INFO - Started process (PID=105352) to work on /home/jithish/Documents/dag-dag-dag/.venv/lib/python3.10/site-packages/airflow/example_dags/example_bash_operator.py
[2024-05-15T03:55:37.921+0800] {processor.py:830} INFO - Processing file /home/jithish/Documents/dag-dag-dag/.venv/lib/python3.10/site-packages/airflow/example_dags/example_bash_operator.py for tasks to queue
[2024-05-15T03:55:37.923+0800] {logging_mixin.py:188} INFO - [2024-05-15T03:55:37.923+0800] {dagbag.py:545} INFO - Filling up the DagBag from /home/jithish/Documents/dag-dag-dag/.venv/lib/python3.10/site-packages/airflow/example_dags/example_bash_operator.py
[2024-05-15T03:55:37.935+0800] {processor.py:840} INFO - DAG(s) 'example_bash_operator' retrieved from /home/jithish/Documents/dag-dag-dag/.venv/lib/python3.10/site-packages/airflow/example_dags/example_bash_operator.py
[2024-05-15T03:55:37.953+0800] {logging_mixin.py:188} INFO - [2024-05-15T03:55:37.953+0800] {dag.py:3096} INFO - Sync 1 DAGs
[2024-05-15T03:55:37.970+0800] {logging_mixin.py:188} INFO - [2024-05-15T03:55:37.970+0800] {dag.py:3954} INFO - Setting next_dagrun for example_bash_operator to 2024-05-13 00:00:00+00:00, run_after=2024-05-14 00:00:00+00:00
[2024-05-15T03:55:37.992+0800] {processor.py:183} INFO - Processing /home/jithish/Documents/dag-dag-dag/.venv/lib/python3.10/site-packages/airflow/example_dags/example_bash_operator.py took 0.078 seconds
[2024-05-15T03:56:51.985+0800] {processor.py:161} INFO - Started process (PID=106070) to work on /home/jithish/Documents/dag-dag-dag/.venv/lib/python3.10/site-packages/airflow/example_dags/example_bash_operator.py
[2024-05-15T03:56:51.989+0800] {processor.py:830} INFO - Processing file /home/jithish/Documents/dag-dag-dag/.venv/lib/python3.10/site-packages/airflow/example_dags/example_bash_operator.py for tasks to queue
[2024-05-15T03:56:51.991+0800] {logging_mixin.py:188} INFO - [2024-05-15T03:56:51.990+0800] {dagbag.py:545} INFO - Filling up the DagBag from /home/jithish/Documents/dag-dag-dag/.venv/lib/python3.10/site-packages/airflow/example_dags/example_bash_operator.py
[2024-05-15T03:56:52.004+0800] {processor.py:840} INFO - DAG(s) 'example_bash_operator' retrieved from /home/jithish/Documents/dag-dag-dag/.venv/lib/python3.10/site-packages/airflow/example_dags/example_bash_operator.py
[2024-05-15T03:56:52.027+0800] {logging_mixin.py:188} INFO - [2024-05-15T03:56:52.027+0800] {dag.py:3096} INFO - Sync 1 DAGs
[2024-05-15T03:56:52.046+0800] {logging_mixin.py:188} INFO - [2024-05-15T03:56:52.045+0800] {dag.py:3954} INFO - Setting next_dagrun for example_bash_operator to 2024-05-13 00:00:00+00:00, run_after=2024-05-14 00:00:00+00:00
[2024-05-15T03:56:52.064+0800] {processor.py:183} INFO - Processing /home/jithish/Documents/dag-dag-dag/.venv/lib/python3.10/site-packages/airflow/example_dags/example_bash_operator.py took 0.090 seconds
[2024-05-15T03:58:02.887+0800] {processor.py:161} INFO - Started process (PID=106691) to work on /home/jithish/Documents/dag-dag-dag/.venv/lib/python3.10/site-packages/airflow/example_dags/example_bash_operator.py
[2024-05-15T03:58:02.950+0800] {processor.py:830} INFO - Processing file /home/jithish/Documents/dag-dag-dag/.venv/lib/python3.10/site-packages/airflow/example_dags/example_bash_operator.py for tasks to queue
[2024-05-15T03:58:02.952+0800] {logging_mixin.py:188} INFO - [2024-05-15T03:58:02.952+0800] {dagbag.py:545} INFO - Filling up the DagBag from /home/jithish/Documents/dag-dag-dag/.venv/lib/python3.10/site-packages/airflow/example_dags/example_bash_operator.py
[2024-05-15T03:58:02.961+0800] {processor.py:840} INFO - DAG(s) 'example_bash_operator' retrieved from /home/jithish/Documents/dag-dag-dag/.venv/lib/python3.10/site-packages/airflow/example_dags/example_bash_operator.py
[2024-05-15T03:58:02.978+0800] {logging_mixin.py:188} INFO - [2024-05-15T03:58:02.978+0800] {dag.py:3096} INFO - Sync 1 DAGs
[2024-05-15T03:58:02.993+0800] {logging_mixin.py:188} INFO - [2024-05-15T03:58:02.993+0800] {dag.py:3954} INFO - Setting next_dagrun for example_bash_operator to 2024-05-13 00:00:00+00:00, run_after=2024-05-14 00:00:00+00:00
[2024-05-15T03:58:03.012+0800] {processor.py:183} INFO - Processing /home/jithish/Documents/dag-dag-dag/.venv/lib/python3.10/site-packages/airflow/example_dags/example_bash_operator.py took 0.131 seconds
[2024-05-15T03:59:14.416+0800] {processor.py:161} INFO - Started process (PID=107429) to work on /home/jithish/Documents/dag-dag-dag/.venv/lib/python3.10/site-packages/airflow/example_dags/example_bash_operator.py
[2024-05-15T03:59:14.477+0800] {processor.py:830} INFO - Processing file /home/jithish/Documents/dag-dag-dag/.venv/lib/python3.10/site-packages/airflow/example_dags/example_bash_operator.py for tasks to queue
[2024-05-15T03:59:14.478+0800] {logging_mixin.py:188} INFO - [2024-05-15T03:59:14.478+0800] {dagbag.py:545} INFO - Filling up the DagBag from /home/jithish/Documents/dag-dag-dag/.venv/lib/python3.10/site-packages/airflow/example_dags/example_bash_operator.py
[2024-05-15T03:59:14.490+0800] {processor.py:840} INFO - DAG(s) 'example_bash_operator' retrieved from /home/jithish/Documents/dag-dag-dag/.venv/lib/python3.10/site-packages/airflow/example_dags/example_bash_operator.py
[2024-05-15T03:59:14.511+0800] {logging_mixin.py:188} INFO - [2024-05-15T03:59:14.511+0800] {dag.py:3096} INFO - Sync 1 DAGs
[2024-05-15T03:59:14.528+0800] {logging_mixin.py:188} INFO - [2024-05-15T03:59:14.528+0800] {dag.py:3954} INFO - Setting next_dagrun for example_bash_operator to 2024-05-13 00:00:00+00:00, run_after=2024-05-14 00:00:00+00:00
[2024-05-15T03:59:14.557+0800] {processor.py:183} INFO - Processing /home/jithish/Documents/dag-dag-dag/.venv/lib/python3.10/site-packages/airflow/example_dags/example_bash_operator.py took 0.148 seconds
[2024-05-15T04:00:26.504+0800] {processor.py:161} INFO - Started process (PID=108090) to work on /home/jithish/Documents/dag-dag-dag/.venv/lib/python3.10/site-packages/airflow/example_dags/example_bash_operator.py
[2024-05-15T04:00:26.505+0800] {processor.py:830} INFO - Processing file /home/jithish/Documents/dag-dag-dag/.venv/lib/python3.10/site-packages/airflow/example_dags/example_bash_operator.py for tasks to queue
[2024-05-15T04:00:26.507+0800] {logging_mixin.py:188} INFO - [2024-05-15T04:00:26.506+0800] {dagbag.py:545} INFO - Filling up the DagBag from /home/jithish/Documents/dag-dag-dag/.venv/lib/python3.10/site-packages/airflow/example_dags/example_bash_operator.py
[2024-05-15T04:00:26.518+0800] {processor.py:840} INFO - DAG(s) 'example_bash_operator' retrieved from /home/jithish/Documents/dag-dag-dag/.venv/lib/python3.10/site-packages/airflow/example_dags/example_bash_operator.py
[2024-05-15T04:00:26.536+0800] {logging_mixin.py:188} INFO - [2024-05-15T04:00:26.535+0800] {dag.py:3096} INFO - Sync 1 DAGs
[2024-05-15T04:00:26.549+0800] {logging_mixin.py:188} INFO - [2024-05-15T04:00:26.549+0800] {dag.py:3954} INFO - Setting next_dagrun for example_bash_operator to 2024-05-13 00:00:00+00:00, run_after=2024-05-14 00:00:00+00:00
[2024-05-15T04:00:26.565+0800] {processor.py:183} INFO - Processing /home/jithish/Documents/dag-dag-dag/.venv/lib/python3.10/site-packages/airflow/example_dags/example_bash_operator.py took 0.070 seconds
[2024-05-15T04:01:39.368+0800] {processor.py:161} INFO - Started process (PID=108673) to work on /home/jithish/Documents/dag-dag-dag/.venv/lib/python3.10/site-packages/airflow/example_dags/example_bash_operator.py
[2024-05-15T04:01:39.429+0800] {processor.py:830} INFO - Processing file /home/jithish/Documents/dag-dag-dag/.venv/lib/python3.10/site-packages/airflow/example_dags/example_bash_operator.py for tasks to queue
[2024-05-15T04:01:39.433+0800] {logging_mixin.py:188} INFO - [2024-05-15T04:01:39.432+0800] {dagbag.py:545} INFO - Filling up the DagBag from /home/jithish/Documents/dag-dag-dag/.venv/lib/python3.10/site-packages/airflow/example_dags/example_bash_operator.py
[2024-05-15T04:01:39.464+0800] {processor.py:840} INFO - DAG(s) 'example_bash_operator' retrieved from /home/jithish/Documents/dag-dag-dag/.venv/lib/python3.10/site-packages/airflow/example_dags/example_bash_operator.py
[2024-05-15T04:01:39.491+0800] {logging_mixin.py:188} INFO - [2024-05-15T04:01:39.490+0800] {dag.py:3096} INFO - Sync 1 DAGs
[2024-05-15T04:01:39.505+0800] {logging_mixin.py:188} INFO - [2024-05-15T04:01:39.505+0800] {dag.py:3954} INFO - Setting next_dagrun for example_bash_operator to 2024-05-13 00:00:00+00:00, run_after=2024-05-14 00:00:00+00:00
[2024-05-15T04:01:39.526+0800] {processor.py:183} INFO - Processing /home/jithish/Documents/dag-dag-dag/.venv/lib/python3.10/site-packages/airflow/example_dags/example_bash_operator.py took 0.163 seconds
[2024-05-15T04:02:55.027+0800] {processor.py:161} INFO - Started process (PID=109443) to work on /home/jithish/Documents/dag-dag-dag/.venv/lib/python3.10/site-packages/airflow/example_dags/example_bash_operator.py
[2024-05-15T04:02:55.088+0800] {processor.py:830} INFO - Processing file /home/jithish/Documents/dag-dag-dag/.venv/lib/python3.10/site-packages/airflow/example_dags/example_bash_operator.py for tasks to queue
[2024-05-15T04:02:55.090+0800] {logging_mixin.py:188} INFO - [2024-05-15T04:02:55.090+0800] {dagbag.py:545} INFO - Filling up the DagBag from /home/jithish/Documents/dag-dag-dag/.venv/lib/python3.10/site-packages/airflow/example_dags/example_bash_operator.py
[2024-05-15T04:02:55.101+0800] {processor.py:840} INFO - DAG(s) 'example_bash_operator' retrieved from /home/jithish/Documents/dag-dag-dag/.venv/lib/python3.10/site-packages/airflow/example_dags/example_bash_operator.py
[2024-05-15T04:02:55.121+0800] {logging_mixin.py:188} INFO - [2024-05-15T04:02:55.121+0800] {dag.py:3096} INFO - Sync 1 DAGs
[2024-05-15T04:02:55.141+0800] {logging_mixin.py:188} INFO - [2024-05-15T04:02:55.141+0800] {dag.py:3954} INFO - Setting next_dagrun for example_bash_operator to 2024-05-13 00:00:00+00:00, run_after=2024-05-14 00:00:00+00:00
[2024-05-15T04:02:55.159+0800] {processor.py:183} INFO - Processing /home/jithish/Documents/dag-dag-dag/.venv/lib/python3.10/site-packages/airflow/example_dags/example_bash_operator.py took 0.138 seconds
[2024-05-15T04:04:31.863+0800] {processor.py:161} INFO - Started process (PID=110980) to work on /home/jithish/Documents/dag-dag-dag/.venv/lib/python3.10/site-packages/airflow/example_dags/example_bash_operator.py
[2024-05-15T04:04:31.925+0800] {processor.py:830} INFO - Processing file /home/jithish/Documents/dag-dag-dag/.venv/lib/python3.10/site-packages/airflow/example_dags/example_bash_operator.py for tasks to queue
[2024-05-15T04:04:31.927+0800] {logging_mixin.py:188} INFO - [2024-05-15T04:04:31.927+0800] {dagbag.py:545} INFO - Filling up the DagBag from /home/jithish/Documents/dag-dag-dag/.venv/lib/python3.10/site-packages/airflow/example_dags/example_bash_operator.py
[2024-05-15T04:04:31.942+0800] {processor.py:840} INFO - DAG(s) 'example_bash_operator' retrieved from /home/jithish/Documents/dag-dag-dag/.venv/lib/python3.10/site-packages/airflow/example_dags/example_bash_operator.py
[2024-05-15T04:04:31.964+0800] {logging_mixin.py:188} INFO - [2024-05-15T04:04:31.964+0800] {dag.py:3096} INFO - Sync 1 DAGs
[2024-05-15T04:04:31.981+0800] {logging_mixin.py:188} INFO - [2024-05-15T04:04:31.981+0800] {dag.py:3954} INFO - Setting next_dagrun for example_bash_operator to 2024-05-13 00:00:00+00:00, run_after=2024-05-14 00:00:00+00:00
[2024-05-15T04:04:32.003+0800] {processor.py:183} INFO - Processing /home/jithish/Documents/dag-dag-dag/.venv/lib/python3.10/site-packages/airflow/example_dags/example_bash_operator.py took 0.150 seconds
[2024-05-15T04:05:29.729+0800] {processor.py:161} INFO - Started process (PID=111829) to work on /home/jithish/Documents/dag-dag-dag/.venv/lib/python3.10/site-packages/airflow/example_dags/example_bash_operator.py
[2024-05-15T04:05:29.730+0800] {processor.py:830} INFO - Processing file /home/jithish/Documents/dag-dag-dag/.venv/lib/python3.10/site-packages/airflow/example_dags/example_bash_operator.py for tasks to queue
[2024-05-15T04:05:29.733+0800] {logging_mixin.py:188} INFO - [2024-05-15T04:05:29.732+0800] {dagbag.py:545} INFO - Filling up the DagBag from /home/jithish/Documents/dag-dag-dag/.venv/lib/python3.10/site-packages/airflow/example_dags/example_bash_operator.py
[2024-05-15T04:05:29.748+0800] {processor.py:840} INFO - DAG(s) 'example_bash_operator' retrieved from /home/jithish/Documents/dag-dag-dag/.venv/lib/python3.10/site-packages/airflow/example_dags/example_bash_operator.py
[2024-05-15T04:05:29.767+0800] {logging_mixin.py:188} INFO - [2024-05-15T04:05:29.767+0800] {dag.py:3096} INFO - Sync 1 DAGs
[2024-05-15T04:05:29.782+0800] {logging_mixin.py:188} INFO - [2024-05-15T04:05:29.782+0800] {dag.py:3954} INFO - Setting next_dagrun for example_bash_operator to 2024-05-13 00:00:00+00:00, run_after=2024-05-14 00:00:00+00:00
[2024-05-15T04:05:29.799+0800] {processor.py:183} INFO - Processing /home/jithish/Documents/dag-dag-dag/.venv/lib/python3.10/site-packages/airflow/example_dags/example_bash_operator.py took 0.087 seconds
[2024-05-15T04:06:51.419+0800] {processor.py:161} INFO - Started process (PID=112966) to work on /home/jithish/Documents/dag-dag-dag/.venv/lib/python3.10/site-packages/airflow/example_dags/example_bash_operator.py
[2024-05-15T04:06:51.481+0800] {processor.py:830} INFO - Processing file /home/jithish/Documents/dag-dag-dag/.venv/lib/python3.10/site-packages/airflow/example_dags/example_bash_operator.py for tasks to queue
[2024-05-15T04:06:51.486+0800] {logging_mixin.py:188} INFO - [2024-05-15T04:06:51.485+0800] {dagbag.py:545} INFO - Filling up the DagBag from /home/jithish/Documents/dag-dag-dag/.venv/lib/python3.10/site-packages/airflow/example_dags/example_bash_operator.py
[2024-05-15T04:06:51.499+0800] {processor.py:840} INFO - DAG(s) 'example_bash_operator' retrieved from /home/jithish/Documents/dag-dag-dag/.venv/lib/python3.10/site-packages/airflow/example_dags/example_bash_operator.py
[2024-05-15T04:06:51.533+0800] {logging_mixin.py:188} INFO - [2024-05-15T04:06:51.532+0800] {dag.py:3096} INFO - Sync 1 DAGs
[2024-05-15T04:06:51.556+0800] {logging_mixin.py:188} INFO - [2024-05-15T04:06:51.556+0800] {dag.py:3954} INFO - Setting next_dagrun for example_bash_operator to 2024-05-13 00:00:00+00:00, run_after=2024-05-14 00:00:00+00:00
[2024-05-15T04:06:51.577+0800] {processor.py:183} INFO - Processing /home/jithish/Documents/dag-dag-dag/.venv/lib/python3.10/site-packages/airflow/example_dags/example_bash_operator.py took 0.174 seconds
[2024-05-15T04:08:13.685+0800] {processor.py:161} INFO - Started process (PID=113980) to work on /home/jithish/Documents/dag-dag-dag/.venv/lib/python3.10/site-packages/airflow/example_dags/example_bash_operator.py
[2024-05-15T04:08:13.748+0800] {processor.py:830} INFO - Processing file /home/jithish/Documents/dag-dag-dag/.venv/lib/python3.10/site-packages/airflow/example_dags/example_bash_operator.py for tasks to queue
[2024-05-15T04:08:13.755+0800] {logging_mixin.py:188} INFO - [2024-05-15T04:08:13.753+0800] {dagbag.py:545} INFO - Filling up the DagBag from /home/jithish/Documents/dag-dag-dag/.venv/lib/python3.10/site-packages/airflow/example_dags/example_bash_operator.py
[2024-05-15T04:08:13.785+0800] {processor.py:840} INFO - DAG(s) 'example_bash_operator' retrieved from /home/jithish/Documents/dag-dag-dag/.venv/lib/python3.10/site-packages/airflow/example_dags/example_bash_operator.py
[2024-05-15T04:08:13.809+0800] {logging_mixin.py:188} INFO - [2024-05-15T04:08:13.809+0800] {dag.py:3096} INFO - Sync 1 DAGs
[2024-05-15T04:08:13.838+0800] {logging_mixin.py:188} INFO - [2024-05-15T04:08:13.838+0800] {dag.py:3954} INFO - Setting next_dagrun for example_bash_operator to 2024-05-13 00:00:00+00:00, run_after=2024-05-14 00:00:00+00:00
[2024-05-15T04:08:13.865+0800] {processor.py:183} INFO - Processing /home/jithish/Documents/dag-dag-dag/.venv/lib/python3.10/site-packages/airflow/example_dags/example_bash_operator.py took 0.196 seconds
[2024-05-15T04:09:13.182+0800] {processor.py:161} INFO - Started process (PID=114914) to work on /home/jithish/Documents/dag-dag-dag/.venv/lib/python3.10/site-packages/airflow/example_dags/example_bash_operator.py
[2024-05-15T04:09:13.184+0800] {processor.py:830} INFO - Processing file /home/jithish/Documents/dag-dag-dag/.venv/lib/python3.10/site-packages/airflow/example_dags/example_bash_operator.py for tasks to queue
[2024-05-15T04:09:13.188+0800] {logging_mixin.py:188} INFO - [2024-05-15T04:09:13.188+0800] {dagbag.py:545} INFO - Filling up the DagBag from /home/jithish/Documents/dag-dag-dag/.venv/lib/python3.10/site-packages/airflow/example_dags/example_bash_operator.py
[2024-05-15T04:09:13.203+0800] {processor.py:840} INFO - DAG(s) 'example_bash_operator' retrieved from /home/jithish/Documents/dag-dag-dag/.venv/lib/python3.10/site-packages/airflow/example_dags/example_bash_operator.py
[2024-05-15T04:09:13.223+0800] {logging_mixin.py:188} INFO - [2024-05-15T04:09:13.223+0800] {dag.py:3096} INFO - Sync 1 DAGs
[2024-05-15T04:09:13.239+0800] {logging_mixin.py:188} INFO - [2024-05-15T04:09:13.238+0800] {dag.py:3954} INFO - Setting next_dagrun for example_bash_operator to 2024-05-13 00:00:00+00:00, run_after=2024-05-14 00:00:00+00:00
[2024-05-15T04:09:13.254+0800] {processor.py:183} INFO - Processing /home/jithish/Documents/dag-dag-dag/.venv/lib/python3.10/site-packages/airflow/example_dags/example_bash_operator.py took 0.089 seconds
[2024-05-15T04:10:34.234+0800] {processor.py:161} INFO - Started process (PID=116082) to work on /home/jithish/Documents/dag-dag-dag/.venv/lib/python3.10/site-packages/airflow/example_dags/example_bash_operator.py
[2024-05-15T04:10:34.235+0800] {processor.py:830} INFO - Processing file /home/jithish/Documents/dag-dag-dag/.venv/lib/python3.10/site-packages/airflow/example_dags/example_bash_operator.py for tasks to queue
[2024-05-15T04:10:34.236+0800] {logging_mixin.py:188} INFO - [2024-05-15T04:10:34.236+0800] {dagbag.py:545} INFO - Filling up the DagBag from /home/jithish/Documents/dag-dag-dag/.venv/lib/python3.10/site-packages/airflow/example_dags/example_bash_operator.py
[2024-05-15T04:10:34.248+0800] {processor.py:840} INFO - DAG(s) 'example_bash_operator' retrieved from /home/jithish/Documents/dag-dag-dag/.venv/lib/python3.10/site-packages/airflow/example_dags/example_bash_operator.py
[2024-05-15T04:10:34.271+0800] {logging_mixin.py:188} INFO - [2024-05-15T04:10:34.271+0800] {dag.py:3096} INFO - Sync 1 DAGs
[2024-05-15T04:10:34.291+0800] {logging_mixin.py:188} INFO - [2024-05-15T04:10:34.290+0800] {dag.py:3954} INFO - Setting next_dagrun for example_bash_operator to 2024-05-13 00:00:00+00:00, run_after=2024-05-14 00:00:00+00:00
[2024-05-15T04:10:34.321+0800] {processor.py:183} INFO - Processing /home/jithish/Documents/dag-dag-dag/.venv/lib/python3.10/site-packages/airflow/example_dags/example_bash_operator.py took 0.093 seconds
[2024-05-15T04:11:55.890+0800] {processor.py:161} INFO - Started process (PID=117257) to work on /home/jithish/Documents/dag-dag-dag/.venv/lib/python3.10/site-packages/airflow/example_dags/example_bash_operator.py
[2024-05-15T04:11:55.891+0800] {processor.py:830} INFO - Processing file /home/jithish/Documents/dag-dag-dag/.venv/lib/python3.10/site-packages/airflow/example_dags/example_bash_operator.py for tasks to queue
[2024-05-15T04:11:55.893+0800] {logging_mixin.py:188} INFO - [2024-05-15T04:11:55.893+0800] {dagbag.py:545} INFO - Filling up the DagBag from /home/jithish/Documents/dag-dag-dag/.venv/lib/python3.10/site-packages/airflow/example_dags/example_bash_operator.py
[2024-05-15T04:11:55.903+0800] {processor.py:840} INFO - DAG(s) 'example_bash_operator' retrieved from /home/jithish/Documents/dag-dag-dag/.venv/lib/python3.10/site-packages/airflow/example_dags/example_bash_operator.py
[2024-05-15T04:11:55.923+0800] {logging_mixin.py:188} INFO - [2024-05-15T04:11:55.922+0800] {dag.py:3096} INFO - Sync 1 DAGs
[2024-05-15T04:11:55.937+0800] {logging_mixin.py:188} INFO - [2024-05-15T04:11:55.937+0800] {dag.py:3954} INFO - Setting next_dagrun for example_bash_operator to 2024-05-13 00:00:00+00:00, run_after=2024-05-14 00:00:00+00:00
[2024-05-15T04:11:55.952+0800] {processor.py:183} INFO - Processing /home/jithish/Documents/dag-dag-dag/.venv/lib/python3.10/site-packages/airflow/example_dags/example_bash_operator.py took 0.068 seconds
[2024-05-15T04:12:56.299+0800] {processor.py:161} INFO - Started process (PID=118120) to work on /home/jithish/Documents/dag-dag-dag/.venv/lib/python3.10/site-packages/airflow/example_dags/example_bash_operator.py
[2024-05-15T04:12:56.333+0800] {processor.py:830} INFO - Processing file /home/jithish/Documents/dag-dag-dag/.venv/lib/python3.10/site-packages/airflow/example_dags/example_bash_operator.py for tasks to queue
[2024-05-15T04:12:56.334+0800] {logging_mixin.py:188} INFO - [2024-05-15T04:12:56.334+0800] {dagbag.py:545} INFO - Filling up the DagBag from /home/jithish/Documents/dag-dag-dag/.venv/lib/python3.10/site-packages/airflow/example_dags/example_bash_operator.py
[2024-05-15T04:12:56.342+0800] {processor.py:840} INFO - DAG(s) 'example_bash_operator' retrieved from /home/jithish/Documents/dag-dag-dag/.venv/lib/python3.10/site-packages/airflow/example_dags/example_bash_operator.py
[2024-05-15T04:12:56.362+0800] {logging_mixin.py:188} INFO - [2024-05-15T04:12:56.361+0800] {dag.py:3096} INFO - Sync 1 DAGs
[2024-05-15T04:12:56.376+0800] {logging_mixin.py:188} INFO - [2024-05-15T04:12:56.376+0800] {dag.py:3954} INFO - Setting next_dagrun for example_bash_operator to 2024-05-13 00:00:00+00:00, run_after=2024-05-14 00:00:00+00:00
[2024-05-15T04:12:56.396+0800] {processor.py:183} INFO - Processing /home/jithish/Documents/dag-dag-dag/.venv/lib/python3.10/site-packages/airflow/example_dags/example_bash_operator.py took 0.104 seconds
[2024-05-15T04:14:22.048+0800] {processor.py:161} INFO - Started process (PID=119356) to work on /home/jithish/Documents/dag-dag-dag/.venv/lib/python3.10/site-packages/airflow/example_dags/example_bash_operator.py
[2024-05-15T04:14:22.049+0800] {processor.py:830} INFO - Processing file /home/jithish/Documents/dag-dag-dag/.venv/lib/python3.10/site-packages/airflow/example_dags/example_bash_operator.py for tasks to queue
[2024-05-15T04:14:22.050+0800] {logging_mixin.py:188} INFO - [2024-05-15T04:14:22.050+0800] {dagbag.py:545} INFO - Filling up the DagBag from /home/jithish/Documents/dag-dag-dag/.venv/lib/python3.10/site-packages/airflow/example_dags/example_bash_operator.py
[2024-05-15T04:14:22.061+0800] {processor.py:840} INFO - DAG(s) 'example_bash_operator' retrieved from /home/jithish/Documents/dag-dag-dag/.venv/lib/python3.10/site-packages/airflow/example_dags/example_bash_operator.py
[2024-05-15T04:14:22.088+0800] {logging_mixin.py:188} INFO - [2024-05-15T04:14:22.087+0800] {dag.py:3096} INFO - Sync 1 DAGs
[2024-05-15T04:14:22.105+0800] {logging_mixin.py:188} INFO - [2024-05-15T04:14:22.105+0800] {dag.py:3954} INFO - Setting next_dagrun for example_bash_operator to 2024-05-13 00:00:00+00:00, run_after=2024-05-14 00:00:00+00:00
[2024-05-15T04:14:22.123+0800] {processor.py:183} INFO - Processing /home/jithish/Documents/dag-dag-dag/.venv/lib/python3.10/site-packages/airflow/example_dags/example_bash_operator.py took 0.081 seconds
[2024-05-15T04:15:41.185+0800] {processor.py:161} INFO - Started process (PID=120156) to work on /home/jithish/Documents/dag-dag-dag/.venv/lib/python3.10/site-packages/airflow/example_dags/example_bash_operator.py
[2024-05-15T04:15:41.249+0800] {processor.py:830} INFO - Processing file /home/jithish/Documents/dag-dag-dag/.venv/lib/python3.10/site-packages/airflow/example_dags/example_bash_operator.py for tasks to queue
[2024-05-15T04:15:41.253+0800] {logging_mixin.py:188} INFO - [2024-05-15T04:15:41.252+0800] {dagbag.py:545} INFO - Filling up the DagBag from /home/jithish/Documents/dag-dag-dag/.venv/lib/python3.10/site-packages/airflow/example_dags/example_bash_operator.py
[2024-05-15T04:15:41.277+0800] {processor.py:840} INFO - DAG(s) 'example_bash_operator' retrieved from /home/jithish/Documents/dag-dag-dag/.venv/lib/python3.10/site-packages/airflow/example_dags/example_bash_operator.py
[2024-05-15T04:15:41.302+0800] {logging_mixin.py:188} INFO - [2024-05-15T04:15:41.302+0800] {dag.py:3096} INFO - Sync 1 DAGs
[2024-05-15T04:15:41.317+0800] {logging_mixin.py:188} INFO - [2024-05-15T04:15:41.317+0800] {dag.py:3954} INFO - Setting next_dagrun for example_bash_operator to 2024-05-13 00:00:00+00:00, run_after=2024-05-14 00:00:00+00:00
[2024-05-15T04:15:41.337+0800] {processor.py:183} INFO - Processing /home/jithish/Documents/dag-dag-dag/.venv/lib/python3.10/site-packages/airflow/example_dags/example_bash_operator.py took 0.155 seconds
