[2024-05-15T03:14:56.318+0800] {processor.py:161} INFO - Started process (PID=75268) to work on /home/jithish/Documents/dag-dag-dag/.venv/lib/python3.10/site-packages/airflow/example_dags/example_bash_decorator.py
[2024-05-15T03:14:56.320+0800] {processor.py:830} INFO - Processing file /home/jithish/Documents/dag-dag-dag/.venv/lib/python3.10/site-packages/airflow/example_dags/example_bash_decorator.py for tasks to queue
[2024-05-15T03:14:56.321+0800] {logging_mixin.py:188} INFO - [2024-05-15T03:14:56.321+0800] {dagbag.py:545} INFO - Filling up the DagBag from /home/jithish/Documents/dag-dag-dag/.venv/lib/python3.10/site-packages/airflow/example_dags/example_bash_decorator.py
[2024-05-15T03:14:56.334+0800] {processor.py:840} INFO - DAG(s) 'example_bash_decorator' retrieved from /home/jithish/Documents/dag-dag-dag/.venv/lib/python3.10/site-packages/airflow/example_dags/example_bash_decorator.py
[2024-05-15T03:14:56.459+0800] {logging_mixin.py:188} INFO - [2024-05-15T03:14:56.459+0800] {dag.py:3096} INFO - Sync 1 DAGs
[2024-05-15T03:14:56.465+0800] {logging_mixin.py:188} INFO - [2024-05-15T03:14:56.464+0800] {dag.py:3954} INFO - Setting next_dagrun for example_bash_decorator to None, run_after=None
[2024-05-15T03:14:56.479+0800] {processor.py:183} INFO - Processing /home/jithish/Documents/dag-dag-dag/.venv/lib/python3.10/site-packages/airflow/example_dags/example_bash_decorator.py took 0.170 seconds
[2024-05-15T03:15:59.253+0800] {processor.py:161} INFO - Started process (PID=76093) to work on /home/jithish/Documents/dag-dag-dag/.venv/lib/python3.10/site-packages/airflow/example_dags/example_bash_decorator.py
[2024-05-15T03:15:59.315+0800] {processor.py:830} INFO - Processing file /home/jithish/Documents/dag-dag-dag/.venv/lib/python3.10/site-packages/airflow/example_dags/example_bash_decorator.py for tasks to queue
[2024-05-15T03:15:59.319+0800] {logging_mixin.py:188} INFO - [2024-05-15T03:15:59.318+0800] {dagbag.py:545} INFO - Filling up the DagBag from /home/jithish/Documents/dag-dag-dag/.venv/lib/python3.10/site-packages/airflow/example_dags/example_bash_decorator.py
[2024-05-15T03:15:59.357+0800] {processor.py:840} INFO - DAG(s) 'example_bash_decorator' retrieved from /home/jithish/Documents/dag-dag-dag/.venv/lib/python3.10/site-packages/airflow/example_dags/example_bash_decorator.py
[2024-05-15T03:15:59.377+0800] {logging_mixin.py:188} INFO - [2024-05-15T03:15:59.376+0800] {dag.py:3096} INFO - Sync 1 DAGs
[2024-05-15T03:15:59.481+0800] {logging_mixin.py:188} INFO - [2024-05-15T03:15:59.481+0800] {dag.py:3954} INFO - Setting next_dagrun for example_bash_decorator to None, run_after=None
[2024-05-15T03:15:59.582+0800] {processor.py:183} INFO - Processing /home/jithish/Documents/dag-dag-dag/.venv/lib/python3.10/site-packages/airflow/example_dags/example_bash_decorator.py took 0.334 seconds
[2024-05-15T03:17:02.498+0800] {processor.py:161} INFO - Started process (PID=76939) to work on /home/jithish/Documents/dag-dag-dag/.venv/lib/python3.10/site-packages/airflow/example_dags/example_bash_decorator.py
[2024-05-15T03:17:02.560+0800] {processor.py:830} INFO - Processing file /home/jithish/Documents/dag-dag-dag/.venv/lib/python3.10/site-packages/airflow/example_dags/example_bash_decorator.py for tasks to queue
[2024-05-15T03:17:02.564+0800] {logging_mixin.py:188} INFO - [2024-05-15T03:17:02.563+0800] {dagbag.py:545} INFO - Filling up the DagBag from /home/jithish/Documents/dag-dag-dag/.venv/lib/python3.10/site-packages/airflow/example_dags/example_bash_decorator.py
[2024-05-15T03:17:02.587+0800] {processor.py:840} INFO - DAG(s) 'example_bash_decorator' retrieved from /home/jithish/Documents/dag-dag-dag/.venv/lib/python3.10/site-packages/airflow/example_dags/example_bash_decorator.py
[2024-05-15T03:17:02.607+0800] {logging_mixin.py:188} INFO - [2024-05-15T03:17:02.606+0800] {dag.py:3096} INFO - Sync 1 DAGs
[2024-05-15T03:17:02.617+0800] {logging_mixin.py:188} INFO - [2024-05-15T03:17:02.616+0800] {dag.py:3954} INFO - Setting next_dagrun for example_bash_decorator to None, run_after=None
[2024-05-15T03:17:02.647+0800] {processor.py:183} INFO - Processing /home/jithish/Documents/dag-dag-dag/.venv/lib/python3.10/site-packages/airflow/example_dags/example_bash_decorator.py took 0.160 seconds
[2024-05-15T03:18:04.665+0800] {processor.py:161} INFO - Started process (PID=77905) to work on /home/jithish/Documents/dag-dag-dag/.venv/lib/python3.10/site-packages/airflow/example_dags/example_bash_decorator.py
[2024-05-15T03:18:04.727+0800] {processor.py:830} INFO - Processing file /home/jithish/Documents/dag-dag-dag/.venv/lib/python3.10/site-packages/airflow/example_dags/example_bash_decorator.py for tasks to queue
[2024-05-15T03:18:04.732+0800] {logging_mixin.py:188} INFO - [2024-05-15T03:18:04.731+0800] {dagbag.py:545} INFO - Filling up the DagBag from /home/jithish/Documents/dag-dag-dag/.venv/lib/python3.10/site-packages/airflow/example_dags/example_bash_decorator.py
[2024-05-15T03:18:04.771+0800] {processor.py:840} INFO - DAG(s) 'example_bash_decorator' retrieved from /home/jithish/Documents/dag-dag-dag/.venv/lib/python3.10/site-packages/airflow/example_dags/example_bash_decorator.py
[2024-05-15T03:18:04.794+0800] {logging_mixin.py:188} INFO - [2024-05-15T03:18:04.794+0800] {dag.py:3096} INFO - Sync 1 DAGs
[2024-05-15T03:18:04.802+0800] {logging_mixin.py:188} INFO - [2024-05-15T03:18:04.802+0800] {dag.py:3954} INFO - Setting next_dagrun for example_bash_decorator to None, run_after=None
[2024-05-15T03:18:04.825+0800] {processor.py:183} INFO - Processing /home/jithish/Documents/dag-dag-dag/.venv/lib/python3.10/site-packages/airflow/example_dags/example_bash_decorator.py took 0.167 seconds
[2024-05-15T03:19:19.809+0800] {processor.py:161} INFO - Started process (PID=78984) to work on /home/jithish/Documents/dag-dag-dag/.venv/lib/python3.10/site-packages/airflow/example_dags/example_bash_decorator.py
[2024-05-15T03:19:19.871+0800] {processor.py:830} INFO - Processing file /home/jithish/Documents/dag-dag-dag/.venv/lib/python3.10/site-packages/airflow/example_dags/example_bash_decorator.py for tasks to queue
[2024-05-15T03:19:19.875+0800] {logging_mixin.py:188} INFO - [2024-05-15T03:19:19.874+0800] {dagbag.py:545} INFO - Filling up the DagBag from /home/jithish/Documents/dag-dag-dag/.venv/lib/python3.10/site-packages/airflow/example_dags/example_bash_decorator.py
[2024-05-15T03:19:19.911+0800] {processor.py:840} INFO - DAG(s) 'example_bash_decorator' retrieved from /home/jithish/Documents/dag-dag-dag/.venv/lib/python3.10/site-packages/airflow/example_dags/example_bash_decorator.py
[2024-05-15T03:19:19.933+0800] {logging_mixin.py:188} INFO - [2024-05-15T03:19:19.933+0800] {dag.py:3096} INFO - Sync 1 DAGs
[2024-05-15T03:19:19.941+0800] {logging_mixin.py:188} INFO - [2024-05-15T03:19:19.941+0800] {dag.py:3954} INFO - Setting next_dagrun for example_bash_decorator to None, run_after=None
[2024-05-15T03:19:19.970+0800] {processor.py:183} INFO - Processing /home/jithish/Documents/dag-dag-dag/.venv/lib/python3.10/site-packages/airflow/example_dags/example_bash_decorator.py took 0.166 seconds
[2024-05-15T03:20:38.552+0800] {processor.py:161} INFO - Started process (PID=80127) to work on /home/jithish/Documents/dag-dag-dag/.venv/lib/python3.10/site-packages/airflow/example_dags/example_bash_decorator.py
[2024-05-15T03:20:38.617+0800] {processor.py:830} INFO - Processing file /home/jithish/Documents/dag-dag-dag/.venv/lib/python3.10/site-packages/airflow/example_dags/example_bash_decorator.py for tasks to queue
[2024-05-15T03:20:38.619+0800] {logging_mixin.py:188} INFO - [2024-05-15T03:20:38.618+0800] {dagbag.py:545} INFO - Filling up the DagBag from /home/jithish/Documents/dag-dag-dag/.venv/lib/python3.10/site-packages/airflow/example_dags/example_bash_decorator.py
[2024-05-15T03:20:38.633+0800] {processor.py:840} INFO - DAG(s) 'example_bash_decorator' retrieved from /home/jithish/Documents/dag-dag-dag/.venv/lib/python3.10/site-packages/airflow/example_dags/example_bash_decorator.py
[2024-05-15T03:20:38.649+0800] {logging_mixin.py:188} INFO - [2024-05-15T03:20:38.649+0800] {dag.py:3096} INFO - Sync 1 DAGs
[2024-05-15T03:20:38.660+0800] {logging_mixin.py:188} INFO - [2024-05-15T03:20:38.660+0800] {dag.py:3954} INFO - Setting next_dagrun for example_bash_decorator to None, run_after=None
[2024-05-15T03:20:38.677+0800] {processor.py:183} INFO - Processing /home/jithish/Documents/dag-dag-dag/.venv/lib/python3.10/site-packages/airflow/example_dags/example_bash_decorator.py took 0.137 seconds
[2024-05-15T03:21:55.955+0800] {processor.py:161} INFO - Started process (PID=81224) to work on /home/jithish/Documents/dag-dag-dag/.venv/lib/python3.10/site-packages/airflow/example_dags/example_bash_decorator.py
[2024-05-15T03:21:56.017+0800] {processor.py:830} INFO - Processing file /home/jithish/Documents/dag-dag-dag/.venv/lib/python3.10/site-packages/airflow/example_dags/example_bash_decorator.py for tasks to queue
[2024-05-15T03:21:56.021+0800] {logging_mixin.py:188} INFO - [2024-05-15T03:21:56.020+0800] {dagbag.py:545} INFO - Filling up the DagBag from /home/jithish/Documents/dag-dag-dag/.venv/lib/python3.10/site-packages/airflow/example_dags/example_bash_decorator.py
[2024-05-15T03:21:56.047+0800] {processor.py:840} INFO - DAG(s) 'example_bash_decorator' retrieved from /home/jithish/Documents/dag-dag-dag/.venv/lib/python3.10/site-packages/airflow/example_dags/example_bash_decorator.py
[2024-05-15T03:21:56.064+0800] {logging_mixin.py:188} INFO - [2024-05-15T03:21:56.064+0800] {dag.py:3096} INFO - Sync 1 DAGs
[2024-05-15T03:21:56.072+0800] {logging_mixin.py:188} INFO - [2024-05-15T03:21:56.072+0800] {dag.py:3954} INFO - Setting next_dagrun for example_bash_decorator to None, run_after=None
[2024-05-15T03:21:56.102+0800] {processor.py:183} INFO - Processing /home/jithish/Documents/dag-dag-dag/.venv/lib/python3.10/site-packages/airflow/example_dags/example_bash_decorator.py took 0.158 seconds
[2024-05-15T03:23:18.723+0800] {processor.py:161} INFO - Started process (PID=82230) to work on /home/jithish/Documents/dag-dag-dag/.venv/lib/python3.10/site-packages/airflow/example_dags/example_bash_decorator.py
[2024-05-15T03:23:18.784+0800] {processor.py:830} INFO - Processing file /home/jithish/Documents/dag-dag-dag/.venv/lib/python3.10/site-packages/airflow/example_dags/example_bash_decorator.py for tasks to queue
[2024-05-15T03:23:18.790+0800] {logging_mixin.py:188} INFO - [2024-05-15T03:23:18.788+0800] {dagbag.py:545} INFO - Filling up the DagBag from /home/jithish/Documents/dag-dag-dag/.venv/lib/python3.10/site-packages/airflow/example_dags/example_bash_decorator.py
[2024-05-15T03:23:18.824+0800] {processor.py:840} INFO - DAG(s) 'example_bash_decorator' retrieved from /home/jithish/Documents/dag-dag-dag/.venv/lib/python3.10/site-packages/airflow/example_dags/example_bash_decorator.py
[2024-05-15T03:23:18.838+0800] {logging_mixin.py:188} INFO - [2024-05-15T03:23:18.838+0800] {dag.py:3096} INFO - Sync 1 DAGs
[2024-05-15T03:23:18.846+0800] {logging_mixin.py:188} INFO - [2024-05-15T03:23:18.845+0800] {dag.py:3954} INFO - Setting next_dagrun for example_bash_decorator to None, run_after=None
[2024-05-15T03:23:18.869+0800] {processor.py:183} INFO - Processing /home/jithish/Documents/dag-dag-dag/.venv/lib/python3.10/site-packages/airflow/example_dags/example_bash_decorator.py took 0.150 seconds
[2024-05-15T03:24:39.245+0800] {processor.py:161} INFO - Started process (PID=82953) to work on /home/jithish/Documents/dag-dag-dag/.venv/lib/python3.10/site-packages/airflow/example_dags/example_bash_decorator.py
[2024-05-15T03:24:39.306+0800] {processor.py:830} INFO - Processing file /home/jithish/Documents/dag-dag-dag/.venv/lib/python3.10/site-packages/airflow/example_dags/example_bash_decorator.py for tasks to queue
[2024-05-15T03:24:39.311+0800] {logging_mixin.py:188} INFO - [2024-05-15T03:24:39.310+0800] {dagbag.py:545} INFO - Filling up the DagBag from /home/jithish/Documents/dag-dag-dag/.venv/lib/python3.10/site-packages/airflow/example_dags/example_bash_decorator.py
[2024-05-15T03:24:39.345+0800] {processor.py:840} INFO - DAG(s) 'example_bash_decorator' retrieved from /home/jithish/Documents/dag-dag-dag/.venv/lib/python3.10/site-packages/airflow/example_dags/example_bash_decorator.py
[2024-05-15T03:24:39.364+0800] {logging_mixin.py:188} INFO - [2024-05-15T03:24:39.364+0800] {dag.py:3096} INFO - Sync 1 DAGs
[2024-05-15T03:24:39.372+0800] {logging_mixin.py:188} INFO - [2024-05-15T03:24:39.372+0800] {dag.py:3954} INFO - Setting next_dagrun for example_bash_decorator to None, run_after=None
[2024-05-15T03:24:39.391+0800] {processor.py:183} INFO - Processing /home/jithish/Documents/dag-dag-dag/.venv/lib/python3.10/site-packages/airflow/example_dags/example_bash_decorator.py took 0.151 seconds
[2024-05-15T03:25:59.271+0800] {processor.py:161} INFO - Started process (PID=83609) to work on /home/jithish/Documents/dag-dag-dag/.venv/lib/python3.10/site-packages/airflow/example_dags/example_bash_decorator.py
[2024-05-15T03:25:59.332+0800] {processor.py:830} INFO - Processing file /home/jithish/Documents/dag-dag-dag/.venv/lib/python3.10/site-packages/airflow/example_dags/example_bash_decorator.py for tasks to queue
[2024-05-15T03:25:59.337+0800] {logging_mixin.py:188} INFO - [2024-05-15T03:25:59.336+0800] {dagbag.py:545} INFO - Filling up the DagBag from /home/jithish/Documents/dag-dag-dag/.venv/lib/python3.10/site-packages/airflow/example_dags/example_bash_decorator.py
[2024-05-15T03:25:59.372+0800] {processor.py:840} INFO - DAG(s) 'example_bash_decorator' retrieved from /home/jithish/Documents/dag-dag-dag/.venv/lib/python3.10/site-packages/airflow/example_dags/example_bash_decorator.py
[2024-05-15T03:25:59.391+0800] {logging_mixin.py:188} INFO - [2024-05-15T03:25:59.391+0800] {dag.py:3096} INFO - Sync 1 DAGs
[2024-05-15T03:25:59.399+0800] {logging_mixin.py:188} INFO - [2024-05-15T03:25:59.399+0800] {dag.py:3954} INFO - Setting next_dagrun for example_bash_decorator to None, run_after=None
[2024-05-15T03:25:59.418+0800] {processor.py:183} INFO - Processing /home/jithish/Documents/dag-dag-dag/.venv/lib/python3.10/site-packages/airflow/example_dags/example_bash_decorator.py took 0.151 seconds
[2024-05-15T03:27:21.144+0800] {processor.py:161} INFO - Started process (PID=84614) to work on /home/jithish/Documents/dag-dag-dag/.venv/lib/python3.10/site-packages/airflow/example_dags/example_bash_decorator.py
[2024-05-15T03:27:21.206+0800] {processor.py:830} INFO - Processing file /home/jithish/Documents/dag-dag-dag/.venv/lib/python3.10/site-packages/airflow/example_dags/example_bash_decorator.py for tasks to queue
[2024-05-15T03:27:21.211+0800] {logging_mixin.py:188} INFO - [2024-05-15T03:27:21.209+0800] {dagbag.py:545} INFO - Filling up the DagBag from /home/jithish/Documents/dag-dag-dag/.venv/lib/python3.10/site-packages/airflow/example_dags/example_bash_decorator.py
[2024-05-15T03:27:21.243+0800] {processor.py:840} INFO - DAG(s) 'example_bash_decorator' retrieved from /home/jithish/Documents/dag-dag-dag/.venv/lib/python3.10/site-packages/airflow/example_dags/example_bash_decorator.py
[2024-05-15T03:27:21.260+0800] {logging_mixin.py:188} INFO - [2024-05-15T03:27:21.260+0800] {dag.py:3096} INFO - Sync 1 DAGs
[2024-05-15T03:27:21.268+0800] {logging_mixin.py:188} INFO - [2024-05-15T03:27:21.268+0800] {dag.py:3954} INFO - Setting next_dagrun for example_bash_decorator to None, run_after=None
[2024-05-15T03:27:21.296+0800] {processor.py:183} INFO - Processing /home/jithish/Documents/dag-dag-dag/.venv/lib/python3.10/site-packages/airflow/example_dags/example_bash_decorator.py took 0.160 seconds
[2024-05-15T03:28:36.152+0800] {processor.py:161} INFO - Started process (PID=85225) to work on /home/jithish/Documents/dag-dag-dag/.venv/lib/python3.10/site-packages/airflow/example_dags/example_bash_decorator.py
[2024-05-15T03:28:36.213+0800] {processor.py:830} INFO - Processing file /home/jithish/Documents/dag-dag-dag/.venv/lib/python3.10/site-packages/airflow/example_dags/example_bash_decorator.py for tasks to queue
[2024-05-15T03:28:36.214+0800] {logging_mixin.py:188} INFO - [2024-05-15T03:28:36.214+0800] {dagbag.py:545} INFO - Filling up the DagBag from /home/jithish/Documents/dag-dag-dag/.venv/lib/python3.10/site-packages/airflow/example_dags/example_bash_decorator.py
[2024-05-15T03:28:36.224+0800] {processor.py:840} INFO - DAG(s) 'example_bash_decorator' retrieved from /home/jithish/Documents/dag-dag-dag/.venv/lib/python3.10/site-packages/airflow/example_dags/example_bash_decorator.py
[2024-05-15T03:28:36.238+0800] {logging_mixin.py:188} INFO - [2024-05-15T03:28:36.238+0800] {dag.py:3096} INFO - Sync 1 DAGs
[2024-05-15T03:28:36.246+0800] {logging_mixin.py:188} INFO - [2024-05-15T03:28:36.246+0800] {dag.py:3954} INFO - Setting next_dagrun for example_bash_decorator to None, run_after=None
[2024-05-15T03:28:36.277+0800] {processor.py:183} INFO - Processing /home/jithish/Documents/dag-dag-dag/.venv/lib/python3.10/site-packages/airflow/example_dags/example_bash_decorator.py took 0.135 seconds
[2024-05-15T03:29:50.392+0800] {processor.py:161} INFO - Started process (PID=85887) to work on /home/jithish/Documents/dag-dag-dag/.venv/lib/python3.10/site-packages/airflow/example_dags/example_bash_decorator.py
[2024-05-15T03:29:50.393+0800] {processor.py:830} INFO - Processing file /home/jithish/Documents/dag-dag-dag/.venv/lib/python3.10/site-packages/airflow/example_dags/example_bash_decorator.py for tasks to queue
[2024-05-15T03:29:50.394+0800] {logging_mixin.py:188} INFO - [2024-05-15T03:29:50.394+0800] {dagbag.py:545} INFO - Filling up the DagBag from /home/jithish/Documents/dag-dag-dag/.venv/lib/python3.10/site-packages/airflow/example_dags/example_bash_decorator.py
[2024-05-15T03:29:50.410+0800] {processor.py:840} INFO - DAG(s) 'example_bash_decorator' retrieved from /home/jithish/Documents/dag-dag-dag/.venv/lib/python3.10/site-packages/airflow/example_dags/example_bash_decorator.py
[2024-05-15T03:29:50.427+0800] {logging_mixin.py:188} INFO - [2024-05-15T03:29:50.427+0800] {dag.py:3096} INFO - Sync 1 DAGs
[2024-05-15T03:29:50.435+0800] {logging_mixin.py:188} INFO - [2024-05-15T03:29:50.435+0800] {dag.py:3954} INFO - Setting next_dagrun for example_bash_decorator to None, run_after=None
[2024-05-15T03:29:50.448+0800] {processor.py:183} INFO - Processing /home/jithish/Documents/dag-dag-dag/.venv/lib/python3.10/site-packages/airflow/example_dags/example_bash_decorator.py took 0.063 seconds
[2024-05-15T03:31:06.146+0800] {processor.py:161} INFO - Started process (PID=86538) to work on /home/jithish/Documents/dag-dag-dag/.venv/lib/python3.10/site-packages/airflow/example_dags/example_bash_decorator.py
[2024-05-15T03:31:06.207+0800] {processor.py:830} INFO - Processing file /home/jithish/Documents/dag-dag-dag/.venv/lib/python3.10/site-packages/airflow/example_dags/example_bash_decorator.py for tasks to queue
[2024-05-15T03:31:06.213+0800] {logging_mixin.py:188} INFO - [2024-05-15T03:31:06.211+0800] {dagbag.py:545} INFO - Filling up the DagBag from /home/jithish/Documents/dag-dag-dag/.venv/lib/python3.10/site-packages/airflow/example_dags/example_bash_decorator.py
[2024-05-15T03:31:06.249+0800] {processor.py:840} INFO - DAG(s) 'example_bash_decorator' retrieved from /home/jithish/Documents/dag-dag-dag/.venv/lib/python3.10/site-packages/airflow/example_dags/example_bash_decorator.py
[2024-05-15T03:31:06.269+0800] {logging_mixin.py:188} INFO - [2024-05-15T03:31:06.269+0800] {dag.py:3096} INFO - Sync 1 DAGs
[2024-05-15T03:31:06.278+0800] {logging_mixin.py:188} INFO - [2024-05-15T03:31:06.278+0800] {dag.py:3954} INFO - Setting next_dagrun for example_bash_decorator to None, run_after=None
[2024-05-15T03:31:06.311+0800] {processor.py:183} INFO - Processing /home/jithish/Documents/dag-dag-dag/.venv/lib/python3.10/site-packages/airflow/example_dags/example_bash_decorator.py took 0.171 seconds
[2024-05-15T03:32:24.747+0800] {processor.py:161} INFO - Started process (PID=87184) to work on /home/jithish/Documents/dag-dag-dag/.venv/lib/python3.10/site-packages/airflow/example_dags/example_bash_decorator.py
[2024-05-15T03:32:24.748+0800] {processor.py:830} INFO - Processing file /home/jithish/Documents/dag-dag-dag/.venv/lib/python3.10/site-packages/airflow/example_dags/example_bash_decorator.py for tasks to queue
[2024-05-15T03:32:24.750+0800] {logging_mixin.py:188} INFO - [2024-05-15T03:32:24.750+0800] {dagbag.py:545} INFO - Filling up the DagBag from /home/jithish/Documents/dag-dag-dag/.venv/lib/python3.10/site-packages/airflow/example_dags/example_bash_decorator.py
[2024-05-15T03:32:24.766+0800] {processor.py:840} INFO - DAG(s) 'example_bash_decorator' retrieved from /home/jithish/Documents/dag-dag-dag/.venv/lib/python3.10/site-packages/airflow/example_dags/example_bash_decorator.py
[2024-05-15T03:32:24.782+0800] {logging_mixin.py:188} INFO - [2024-05-15T03:32:24.781+0800] {dag.py:3096} INFO - Sync 1 DAGs
[2024-05-15T03:32:24.790+0800] {logging_mixin.py:188} INFO - [2024-05-15T03:32:24.790+0800] {dag.py:3954} INFO - Setting next_dagrun for example_bash_decorator to None, run_after=None
[2024-05-15T03:32:24.806+0800] {processor.py:183} INFO - Processing /home/jithish/Documents/dag-dag-dag/.venv/lib/python3.10/site-packages/airflow/example_dags/example_bash_decorator.py took 0.066 seconds
[2024-05-15T03:33:35.222+0800] {processor.py:161} INFO - Started process (PID=87850) to work on /home/jithish/Documents/dag-dag-dag/.venv/lib/python3.10/site-packages/airflow/example_dags/example_bash_decorator.py
[2024-05-15T03:33:35.283+0800] {processor.py:830} INFO - Processing file /home/jithish/Documents/dag-dag-dag/.venv/lib/python3.10/site-packages/airflow/example_dags/example_bash_decorator.py for tasks to queue
[2024-05-15T03:33:35.284+0800] {logging_mixin.py:188} INFO - [2024-05-15T03:33:35.284+0800] {dagbag.py:545} INFO - Filling up the DagBag from /home/jithish/Documents/dag-dag-dag/.venv/lib/python3.10/site-packages/airflow/example_dags/example_bash_decorator.py
[2024-05-15T03:33:35.294+0800] {processor.py:840} INFO - DAG(s) 'example_bash_decorator' retrieved from /home/jithish/Documents/dag-dag-dag/.venv/lib/python3.10/site-packages/airflow/example_dags/example_bash_decorator.py
[2024-05-15T03:33:35.308+0800] {logging_mixin.py:188} INFO - [2024-05-15T03:33:35.307+0800] {dag.py:3096} INFO - Sync 1 DAGs
[2024-05-15T03:33:35.316+0800] {logging_mixin.py:188} INFO - [2024-05-15T03:33:35.315+0800] {dag.py:3954} INFO - Setting next_dagrun for example_bash_decorator to None, run_after=None
[2024-05-15T03:33:35.333+0800] {processor.py:183} INFO - Processing /home/jithish/Documents/dag-dag-dag/.venv/lib/python3.10/site-packages/airflow/example_dags/example_bash_decorator.py took 0.115 seconds
[2024-05-15T03:34:43.010+0800] {processor.py:161} INFO - Started process (PID=88491) to work on /home/jithish/Documents/dag-dag-dag/.venv/lib/python3.10/site-packages/airflow/example_dags/example_bash_decorator.py
[2024-05-15T03:34:43.071+0800] {processor.py:830} INFO - Processing file /home/jithish/Documents/dag-dag-dag/.venv/lib/python3.10/site-packages/airflow/example_dags/example_bash_decorator.py for tasks to queue
[2024-05-15T03:34:43.072+0800] {logging_mixin.py:188} INFO - [2024-05-15T03:34:43.072+0800] {dagbag.py:545} INFO - Filling up the DagBag from /home/jithish/Documents/dag-dag-dag/.venv/lib/python3.10/site-packages/airflow/example_dags/example_bash_decorator.py
[2024-05-15T03:34:43.083+0800] {processor.py:840} INFO - DAG(s) 'example_bash_decorator' retrieved from /home/jithish/Documents/dag-dag-dag/.venv/lib/python3.10/site-packages/airflow/example_dags/example_bash_decorator.py
[2024-05-15T03:34:43.097+0800] {logging_mixin.py:188} INFO - [2024-05-15T03:34:43.097+0800] {dag.py:3096} INFO - Sync 1 DAGs
[2024-05-15T03:34:43.106+0800] {logging_mixin.py:188} INFO - [2024-05-15T03:34:43.106+0800] {dag.py:3954} INFO - Setting next_dagrun for example_bash_decorator to None, run_after=None
[2024-05-15T03:34:43.130+0800] {processor.py:183} INFO - Processing /home/jithish/Documents/dag-dag-dag/.venv/lib/python3.10/site-packages/airflow/example_dags/example_bash_decorator.py took 0.126 seconds
[2024-05-15T03:35:57.760+0800] {processor.py:161} INFO - Started process (PID=89114) to work on /home/jithish/Documents/dag-dag-dag/.venv/lib/python3.10/site-packages/airflow/example_dags/example_bash_decorator.py
[2024-05-15T03:35:57.763+0800] {processor.py:830} INFO - Processing file /home/jithish/Documents/dag-dag-dag/.venv/lib/python3.10/site-packages/airflow/example_dags/example_bash_decorator.py for tasks to queue
[2024-05-15T03:35:57.764+0800] {logging_mixin.py:188} INFO - [2024-05-15T03:35:57.764+0800] {dagbag.py:545} INFO - Filling up the DagBag from /home/jithish/Documents/dag-dag-dag/.venv/lib/python3.10/site-packages/airflow/example_dags/example_bash_decorator.py
[2024-05-15T03:35:57.774+0800] {processor.py:840} INFO - DAG(s) 'example_bash_decorator' retrieved from /home/jithish/Documents/dag-dag-dag/.venv/lib/python3.10/site-packages/airflow/example_dags/example_bash_decorator.py
[2024-05-15T03:35:57.788+0800] {logging_mixin.py:188} INFO - [2024-05-15T03:35:57.788+0800] {dag.py:3096} INFO - Sync 1 DAGs
[2024-05-15T03:35:57.797+0800] {logging_mixin.py:188} INFO - [2024-05-15T03:35:57.797+0800] {dag.py:3954} INFO - Setting next_dagrun for example_bash_decorator to None, run_after=None
[2024-05-15T03:35:57.814+0800] {processor.py:183} INFO - Processing /home/jithish/Documents/dag-dag-dag/.venv/lib/python3.10/site-packages/airflow/example_dags/example_bash_decorator.py took 0.059 seconds
[2024-05-15T03:37:10.997+0800] {processor.py:161} INFO - Started process (PID=89806) to work on /home/jithish/Documents/dag-dag-dag/.venv/lib/python3.10/site-packages/airflow/example_dags/example_bash_decorator.py
[2024-05-15T03:37:11.058+0800] {processor.py:830} INFO - Processing file /home/jithish/Documents/dag-dag-dag/.venv/lib/python3.10/site-packages/airflow/example_dags/example_bash_decorator.py for tasks to queue
[2024-05-15T03:37:11.059+0800] {logging_mixin.py:188} INFO - [2024-05-15T03:37:11.059+0800] {dagbag.py:545} INFO - Filling up the DagBag from /home/jithish/Documents/dag-dag-dag/.venv/lib/python3.10/site-packages/airflow/example_dags/example_bash_decorator.py
[2024-05-15T03:37:11.073+0800] {processor.py:840} INFO - DAG(s) 'example_bash_decorator' retrieved from /home/jithish/Documents/dag-dag-dag/.venv/lib/python3.10/site-packages/airflow/example_dags/example_bash_decorator.py
[2024-05-15T03:37:11.087+0800] {logging_mixin.py:188} INFO - [2024-05-15T03:37:11.087+0800] {dag.py:3096} INFO - Sync 1 DAGs
[2024-05-15T03:37:11.096+0800] {logging_mixin.py:188} INFO - [2024-05-15T03:37:11.096+0800] {dag.py:3954} INFO - Setting next_dagrun for example_bash_decorator to None, run_after=None
[2024-05-15T03:37:11.118+0800] {processor.py:183} INFO - Processing /home/jithish/Documents/dag-dag-dag/.venv/lib/python3.10/site-packages/airflow/example_dags/example_bash_decorator.py took 0.126 seconds
[2024-05-15T03:38:26.223+0800] {processor.py:161} INFO - Started process (PID=90558) to work on /home/jithish/Documents/dag-dag-dag/.venv/lib/python3.10/site-packages/airflow/example_dags/example_bash_decorator.py
[2024-05-15T03:38:26.284+0800] {processor.py:830} INFO - Processing file /home/jithish/Documents/dag-dag-dag/.venv/lib/python3.10/site-packages/airflow/example_dags/example_bash_decorator.py for tasks to queue
[2024-05-15T03:38:26.289+0800] {logging_mixin.py:188} INFO - [2024-05-15T03:38:26.288+0800] {dagbag.py:545} INFO - Filling up the DagBag from /home/jithish/Documents/dag-dag-dag/.venv/lib/python3.10/site-packages/airflow/example_dags/example_bash_decorator.py
[2024-05-15T03:38:26.323+0800] {processor.py:840} INFO - DAG(s) 'example_bash_decorator' retrieved from /home/jithish/Documents/dag-dag-dag/.venv/lib/python3.10/site-packages/airflow/example_dags/example_bash_decorator.py
[2024-05-15T03:38:26.345+0800] {logging_mixin.py:188} INFO - [2024-05-15T03:38:26.345+0800] {dag.py:3096} INFO - Sync 1 DAGs
[2024-05-15T03:38:26.354+0800] {logging_mixin.py:188} INFO - [2024-05-15T03:38:26.354+0800] {dag.py:3954} INFO - Setting next_dagrun for example_bash_decorator to None, run_after=None
[2024-05-15T03:38:26.372+0800] {processor.py:183} INFO - Processing /home/jithish/Documents/dag-dag-dag/.venv/lib/python3.10/site-packages/airflow/example_dags/example_bash_decorator.py took 0.157 seconds
[2024-05-15T03:39:57.860+0800] {processor.py:161} INFO - Started process (PID=92675) to work on /home/jithish/Documents/dag-dag-dag/.venv/lib/python3.10/site-packages/airflow/example_dags/example_bash_decorator.py
[2024-05-15T03:39:57.922+0800] {processor.py:830} INFO - Processing file /home/jithish/Documents/dag-dag-dag/.venv/lib/python3.10/site-packages/airflow/example_dags/example_bash_decorator.py for tasks to queue
[2024-05-15T03:39:57.926+0800] {logging_mixin.py:188} INFO - [2024-05-15T03:39:57.925+0800] {dagbag.py:545} INFO - Filling up the DagBag from /home/jithish/Documents/dag-dag-dag/.venv/lib/python3.10/site-packages/airflow/example_dags/example_bash_decorator.py
[2024-05-15T03:39:57.958+0800] {processor.py:840} INFO - DAG(s) 'example_bash_decorator' retrieved from /home/jithish/Documents/dag-dag-dag/.venv/lib/python3.10/site-packages/airflow/example_dags/example_bash_decorator.py
[2024-05-15T03:39:57.977+0800] {logging_mixin.py:188} INFO - [2024-05-15T03:39:57.977+0800] {dag.py:3096} INFO - Sync 1 DAGs
[2024-05-15T03:39:57.987+0800] {logging_mixin.py:188} INFO - [2024-05-15T03:39:57.987+0800] {dag.py:3954} INFO - Setting next_dagrun for example_bash_decorator to None, run_after=None
[2024-05-15T03:39:58.013+0800] {processor.py:183} INFO - Processing /home/jithish/Documents/dag-dag-dag/.venv/lib/python3.10/site-packages/airflow/example_dags/example_bash_decorator.py took 0.159 seconds
[2024-05-15T03:40:57.176+0800] {processor.py:161} INFO - Started process (PID=93513) to work on /home/jithish/Documents/dag-dag-dag/.venv/lib/python3.10/site-packages/airflow/example_dags/example_bash_decorator.py
[2024-05-15T03:40:57.237+0800] {processor.py:830} INFO - Processing file /home/jithish/Documents/dag-dag-dag/.venv/lib/python3.10/site-packages/airflow/example_dags/example_bash_decorator.py for tasks to queue
[2024-05-15T03:40:57.243+0800] {logging_mixin.py:188} INFO - [2024-05-15T03:40:57.242+0800] {dagbag.py:545} INFO - Filling up the DagBag from /home/jithish/Documents/dag-dag-dag/.venv/lib/python3.10/site-packages/airflow/example_dags/example_bash_decorator.py
[2024-05-15T03:40:57.271+0800] {processor.py:840} INFO - DAG(s) 'example_bash_decorator' retrieved from /home/jithish/Documents/dag-dag-dag/.venv/lib/python3.10/site-packages/airflow/example_dags/example_bash_decorator.py
[2024-05-15T03:40:57.291+0800] {logging_mixin.py:188} INFO - [2024-05-15T03:40:57.291+0800] {dag.py:3096} INFO - Sync 1 DAGs
[2024-05-15T03:40:57.301+0800] {logging_mixin.py:188} INFO - [2024-05-15T03:40:57.301+0800] {dag.py:3954} INFO - Setting next_dagrun for example_bash_decorator to None, run_after=None
[2024-05-15T03:40:57.321+0800] {processor.py:183} INFO - Processing /home/jithish/Documents/dag-dag-dag/.venv/lib/python3.10/site-packages/airflow/example_dags/example_bash_decorator.py took 0.154 seconds
[2024-05-15T03:42:17.652+0800] {processor.py:161} INFO - Started process (PID=94640) to work on /home/jithish/Documents/dag-dag-dag/.venv/lib/python3.10/site-packages/airflow/example_dags/example_bash_decorator.py
[2024-05-15T03:42:17.653+0800] {processor.py:830} INFO - Processing file /home/jithish/Documents/dag-dag-dag/.venv/lib/python3.10/site-packages/airflow/example_dags/example_bash_decorator.py for tasks to queue
[2024-05-15T03:42:17.654+0800] {logging_mixin.py:188} INFO - [2024-05-15T03:42:17.654+0800] {dagbag.py:545} INFO - Filling up the DagBag from /home/jithish/Documents/dag-dag-dag/.venv/lib/python3.10/site-packages/airflow/example_dags/example_bash_decorator.py
[2024-05-15T03:42:17.664+0800] {processor.py:840} INFO - DAG(s) 'example_bash_decorator' retrieved from /home/jithish/Documents/dag-dag-dag/.venv/lib/python3.10/site-packages/airflow/example_dags/example_bash_decorator.py
[2024-05-15T03:42:17.679+0800] {logging_mixin.py:188} INFO - [2024-05-15T03:42:17.679+0800] {dag.py:3096} INFO - Sync 1 DAGs
[2024-05-15T03:42:17.689+0800] {logging_mixin.py:188} INFO - [2024-05-15T03:42:17.688+0800] {dag.py:3954} INFO - Setting next_dagrun for example_bash_decorator to None, run_after=None
[2024-05-15T03:42:17.705+0800] {processor.py:183} INFO - Processing /home/jithish/Documents/dag-dag-dag/.venv/lib/python3.10/site-packages/airflow/example_dags/example_bash_decorator.py took 0.059 seconds
[2024-05-15T03:43:37.103+0800] {processor.py:161} INFO - Started process (PID=95760) to work on /home/jithish/Documents/dag-dag-dag/.venv/lib/python3.10/site-packages/airflow/example_dags/example_bash_decorator.py
[2024-05-15T03:43:37.165+0800] {processor.py:830} INFO - Processing file /home/jithish/Documents/dag-dag-dag/.venv/lib/python3.10/site-packages/airflow/example_dags/example_bash_decorator.py for tasks to queue
[2024-05-15T03:43:37.170+0800] {logging_mixin.py:188} INFO - [2024-05-15T03:43:37.169+0800] {dagbag.py:545} INFO - Filling up the DagBag from /home/jithish/Documents/dag-dag-dag/.venv/lib/python3.10/site-packages/airflow/example_dags/example_bash_decorator.py
[2024-05-15T03:43:37.198+0800] {processor.py:840} INFO - DAG(s) 'example_bash_decorator' retrieved from /home/jithish/Documents/dag-dag-dag/.venv/lib/python3.10/site-packages/airflow/example_dags/example_bash_decorator.py
[2024-05-15T03:43:37.218+0800] {logging_mixin.py:188} INFO - [2024-05-15T03:43:37.218+0800] {dag.py:3096} INFO - Sync 1 DAGs
[2024-05-15T03:43:37.229+0800] {logging_mixin.py:188} INFO - [2024-05-15T03:43:37.229+0800] {dag.py:3954} INFO - Setting next_dagrun for example_bash_decorator to None, run_after=None
[2024-05-15T03:43:37.249+0800] {processor.py:183} INFO - Processing /home/jithish/Documents/dag-dag-dag/.venv/lib/python3.10/site-packages/airflow/example_dags/example_bash_decorator.py took 0.156 seconds
[2024-05-15T03:45:02.020+0800] {processor.py:161} INFO - Started process (PID=96902) to work on /home/jithish/Documents/dag-dag-dag/.venv/lib/python3.10/site-packages/airflow/example_dags/example_bash_decorator.py
[2024-05-15T03:45:02.082+0800] {processor.py:830} INFO - Processing file /home/jithish/Documents/dag-dag-dag/.venv/lib/python3.10/site-packages/airflow/example_dags/example_bash_decorator.py for tasks to queue
[2024-05-15T03:45:02.086+0800] {logging_mixin.py:188} INFO - [2024-05-15T03:45:02.085+0800] {dagbag.py:545} INFO - Filling up the DagBag from /home/jithish/Documents/dag-dag-dag/.venv/lib/python3.10/site-packages/airflow/example_dags/example_bash_decorator.py
[2024-05-15T03:45:02.113+0800] {processor.py:840} INFO - DAG(s) 'example_bash_decorator' retrieved from /home/jithish/Documents/dag-dag-dag/.venv/lib/python3.10/site-packages/airflow/example_dags/example_bash_decorator.py
[2024-05-15T03:45:02.128+0800] {logging_mixin.py:188} INFO - [2024-05-15T03:45:02.127+0800] {dag.py:3096} INFO - Sync 1 DAGs
[2024-05-15T03:45:02.135+0800] {logging_mixin.py:188} INFO - [2024-05-15T03:45:02.135+0800] {dag.py:3954} INFO - Setting next_dagrun for example_bash_decorator to None, run_after=None
[2024-05-15T03:45:02.164+0800] {processor.py:183} INFO - Processing /home/jithish/Documents/dag-dag-dag/.venv/lib/python3.10/site-packages/airflow/example_dags/example_bash_decorator.py took 0.154 seconds
[2024-05-15T03:46:34.771+0800] {processor.py:161} INFO - Started process (PID=98239) to work on /home/jithish/Documents/dag-dag-dag/.venv/lib/python3.10/site-packages/airflow/example_dags/example_bash_decorator.py
[2024-05-15T03:46:34.833+0800] {processor.py:830} INFO - Processing file /home/jithish/Documents/dag-dag-dag/.venv/lib/python3.10/site-packages/airflow/example_dags/example_bash_decorator.py for tasks to queue
[2024-05-15T03:46:34.839+0800] {logging_mixin.py:188} INFO - [2024-05-15T03:46:34.837+0800] {dagbag.py:545} INFO - Filling up the DagBag from /home/jithish/Documents/dag-dag-dag/.venv/lib/python3.10/site-packages/airflow/example_dags/example_bash_decorator.py
[2024-05-15T03:46:34.874+0800] {processor.py:840} INFO - DAG(s) 'example_bash_decorator' retrieved from /home/jithish/Documents/dag-dag-dag/.venv/lib/python3.10/site-packages/airflow/example_dags/example_bash_decorator.py
[2024-05-15T03:46:34.893+0800] {logging_mixin.py:188} INFO - [2024-05-15T03:46:34.893+0800] {dag.py:3096} INFO - Sync 1 DAGs
[2024-05-15T03:46:34.904+0800] {logging_mixin.py:188} INFO - [2024-05-15T03:46:34.904+0800] {dag.py:3954} INFO - Setting next_dagrun for example_bash_decorator to None, run_after=None
[2024-05-15T03:46:34.933+0800] {processor.py:183} INFO - Processing /home/jithish/Documents/dag-dag-dag/.venv/lib/python3.10/site-packages/airflow/example_dags/example_bash_decorator.py took 0.170 seconds
[2024-05-15T03:47:33.647+0800] {processor.py:161} INFO - Started process (PID=99070) to work on /home/jithish/Documents/dag-dag-dag/.venv/lib/python3.10/site-packages/airflow/example_dags/example_bash_decorator.py
[2024-05-15T03:47:33.708+0800] {processor.py:830} INFO - Processing file /home/jithish/Documents/dag-dag-dag/.venv/lib/python3.10/site-packages/airflow/example_dags/example_bash_decorator.py for tasks to queue
[2024-05-15T03:47:33.714+0800] {logging_mixin.py:188} INFO - [2024-05-15T03:47:33.712+0800] {dagbag.py:545} INFO - Filling up the DagBag from /home/jithish/Documents/dag-dag-dag/.venv/lib/python3.10/site-packages/airflow/example_dags/example_bash_decorator.py
[2024-05-15T03:47:33.749+0800] {processor.py:840} INFO - DAG(s) 'example_bash_decorator' retrieved from /home/jithish/Documents/dag-dag-dag/.venv/lib/python3.10/site-packages/airflow/example_dags/example_bash_decorator.py
[2024-05-15T03:47:33.769+0800] {logging_mixin.py:188} INFO - [2024-05-15T03:47:33.769+0800] {dag.py:3096} INFO - Sync 1 DAGs
[2024-05-15T03:47:33.781+0800] {logging_mixin.py:188} INFO - [2024-05-15T03:47:33.781+0800] {dag.py:3954} INFO - Setting next_dagrun for example_bash_decorator to None, run_after=None
[2024-05-15T03:47:33.803+0800] {processor.py:183} INFO - Processing /home/jithish/Documents/dag-dag-dag/.venv/lib/python3.10/site-packages/airflow/example_dags/example_bash_decorator.py took 0.163 seconds
[2024-05-15T03:48:49.040+0800] {processor.py:161} INFO - Started process (PID=100104) to work on /home/jithish/Documents/dag-dag-dag/.venv/lib/python3.10/site-packages/airflow/example_dags/example_bash_decorator.py
[2024-05-15T03:48:49.043+0800] {processor.py:830} INFO - Processing file /home/jithish/Documents/dag-dag-dag/.venv/lib/python3.10/site-packages/airflow/example_dags/example_bash_decorator.py for tasks to queue
[2024-05-15T03:48:49.044+0800] {logging_mixin.py:188} INFO - [2024-05-15T03:48:49.044+0800] {dagbag.py:545} INFO - Filling up the DagBag from /home/jithish/Documents/dag-dag-dag/.venv/lib/python3.10/site-packages/airflow/example_dags/example_bash_decorator.py
[2024-05-15T03:48:49.056+0800] {processor.py:840} INFO - DAG(s) 'example_bash_decorator' retrieved from /home/jithish/Documents/dag-dag-dag/.venv/lib/python3.10/site-packages/airflow/example_dags/example_bash_decorator.py
[2024-05-15T03:48:49.071+0800] {logging_mixin.py:188} INFO - [2024-05-15T03:48:49.071+0800] {dag.py:3096} INFO - Sync 1 DAGs
[2024-05-15T03:48:49.079+0800] {logging_mixin.py:188} INFO - [2024-05-15T03:48:49.079+0800] {dag.py:3954} INFO - Setting next_dagrun for example_bash_decorator to None, run_after=None
[2024-05-15T03:48:49.099+0800] {processor.py:183} INFO - Processing /home/jithish/Documents/dag-dag-dag/.venv/lib/python3.10/site-packages/airflow/example_dags/example_bash_decorator.py took 0.065 seconds
[2024-05-15T03:49:47.367+0800] {processor.py:161} INFO - Started process (PID=100981) to work on /home/jithish/Documents/dag-dag-dag/.venv/lib/python3.10/site-packages/airflow/example_dags/example_bash_decorator.py
[2024-05-15T03:49:47.428+0800] {processor.py:830} INFO - Processing file /home/jithish/Documents/dag-dag-dag/.venv/lib/python3.10/site-packages/airflow/example_dags/example_bash_decorator.py for tasks to queue
[2024-05-15T03:49:47.430+0800] {logging_mixin.py:188} INFO - [2024-05-15T03:49:47.430+0800] {dagbag.py:545} INFO - Filling up the DagBag from /home/jithish/Documents/dag-dag-dag/.venv/lib/python3.10/site-packages/airflow/example_dags/example_bash_decorator.py
[2024-05-15T03:49:47.441+0800] {processor.py:840} INFO - DAG(s) 'example_bash_decorator' retrieved from /home/jithish/Documents/dag-dag-dag/.venv/lib/python3.10/site-packages/airflow/example_dags/example_bash_decorator.py
[2024-05-15T03:49:47.456+0800] {logging_mixin.py:188} INFO - [2024-05-15T03:49:47.456+0800] {dag.py:3096} INFO - Sync 1 DAGs
[2024-05-15T03:49:47.466+0800] {logging_mixin.py:188} INFO - [2024-05-15T03:49:47.466+0800] {dag.py:3954} INFO - Setting next_dagrun for example_bash_decorator to None, run_after=None
[2024-05-15T03:49:47.494+0800] {processor.py:183} INFO - Processing /home/jithish/Documents/dag-dag-dag/.venv/lib/python3.10/site-packages/airflow/example_dags/example_bash_decorator.py took 0.134 seconds
[2024-05-15T03:51:11.508+0800] {processor.py:161} INFO - Started process (PID=102242) to work on /home/jithish/Documents/dag-dag-dag/.venv/lib/python3.10/site-packages/airflow/example_dags/example_bash_decorator.py
[2024-05-15T03:51:11.508+0800] {processor.py:830} INFO - Processing file /home/jithish/Documents/dag-dag-dag/.venv/lib/python3.10/site-packages/airflow/example_dags/example_bash_decorator.py for tasks to queue
[2024-05-15T03:51:11.510+0800] {logging_mixin.py:188} INFO - [2024-05-15T03:51:11.509+0800] {dagbag.py:545} INFO - Filling up the DagBag from /home/jithish/Documents/dag-dag-dag/.venv/lib/python3.10/site-packages/airflow/example_dags/example_bash_decorator.py
[2024-05-15T03:51:11.522+0800] {processor.py:840} INFO - DAG(s) 'example_bash_decorator' retrieved from /home/jithish/Documents/dag-dag-dag/.venv/lib/python3.10/site-packages/airflow/example_dags/example_bash_decorator.py
[2024-05-15T03:51:11.536+0800] {logging_mixin.py:188} INFO - [2024-05-15T03:51:11.536+0800] {dag.py:3096} INFO - Sync 1 DAGs
[2024-05-15T03:51:11.544+0800] {logging_mixin.py:188} INFO - [2024-05-15T03:51:11.544+0800] {dag.py:3954} INFO - Setting next_dagrun for example_bash_decorator to None, run_after=None
[2024-05-15T03:51:11.558+0800] {processor.py:183} INFO - Processing /home/jithish/Documents/dag-dag-dag/.venv/lib/python3.10/site-packages/airflow/example_dags/example_bash_decorator.py took 0.055 seconds
[2024-05-15T03:52:25.423+0800] {processor.py:161} INFO - Started process (PID=102949) to work on /home/jithish/Documents/dag-dag-dag/.venv/lib/python3.10/site-packages/airflow/example_dags/example_bash_decorator.py
[2024-05-15T03:52:25.484+0800] {processor.py:830} INFO - Processing file /home/jithish/Documents/dag-dag-dag/.venv/lib/python3.10/site-packages/airflow/example_dags/example_bash_decorator.py for tasks to queue
[2024-05-15T03:52:25.491+0800] {logging_mixin.py:188} INFO - [2024-05-15T03:52:25.489+0800] {dagbag.py:545} INFO - Filling up the DagBag from /home/jithish/Documents/dag-dag-dag/.venv/lib/python3.10/site-packages/airflow/example_dags/example_bash_decorator.py
[2024-05-15T03:52:25.526+0800] {processor.py:840} INFO - DAG(s) 'example_bash_decorator' retrieved from /home/jithish/Documents/dag-dag-dag/.venv/lib/python3.10/site-packages/airflow/example_dags/example_bash_decorator.py
[2024-05-15T03:52:25.545+0800] {logging_mixin.py:188} INFO - [2024-05-15T03:52:25.545+0800] {dag.py:3096} INFO - Sync 1 DAGs
[2024-05-15T03:52:25.553+0800] {logging_mixin.py:188} INFO - [2024-05-15T03:52:25.553+0800] {dag.py:3954} INFO - Setting next_dagrun for example_bash_decorator to None, run_after=None
[2024-05-15T03:52:25.578+0800] {processor.py:183} INFO - Processing /home/jithish/Documents/dag-dag-dag/.venv/lib/python3.10/site-packages/airflow/example_dags/example_bash_decorator.py took 0.160 seconds
[2024-05-15T03:53:45.846+0800] {processor.py:161} INFO - Started process (PID=103928) to work on /home/jithish/Documents/dag-dag-dag/.venv/lib/python3.10/site-packages/airflow/example_dags/example_bash_decorator.py
[2024-05-15T03:53:45.907+0800] {processor.py:830} INFO - Processing file /home/jithish/Documents/dag-dag-dag/.venv/lib/python3.10/site-packages/airflow/example_dags/example_bash_decorator.py for tasks to queue
[2024-05-15T03:53:45.912+0800] {logging_mixin.py:188} INFO - [2024-05-15T03:53:45.911+0800] {dagbag.py:545} INFO - Filling up the DagBag from /home/jithish/Documents/dag-dag-dag/.venv/lib/python3.10/site-packages/airflow/example_dags/example_bash_decorator.py
[2024-05-15T03:53:45.946+0800] {processor.py:840} INFO - DAG(s) 'example_bash_decorator' retrieved from /home/jithish/Documents/dag-dag-dag/.venv/lib/python3.10/site-packages/airflow/example_dags/example_bash_decorator.py
[2024-05-15T03:53:45.966+0800] {logging_mixin.py:188} INFO - [2024-05-15T03:53:45.966+0800] {dag.py:3096} INFO - Sync 1 DAGs
[2024-05-15T03:53:45.975+0800] {logging_mixin.py:188} INFO - [2024-05-15T03:53:45.974+0800] {dag.py:3954} INFO - Setting next_dagrun for example_bash_decorator to None, run_after=None
[2024-05-15T03:53:45.993+0800] {processor.py:183} INFO - Processing /home/jithish/Documents/dag-dag-dag/.venv/lib/python3.10/site-packages/airflow/example_dags/example_bash_decorator.py took 0.152 seconds
[2024-05-15T03:54:43.764+0800] {processor.py:161} INFO - Started process (PID=104647) to work on /home/jithish/Documents/dag-dag-dag/.venv/lib/python3.10/site-packages/airflow/example_dags/example_bash_decorator.py
[2024-05-15T03:54:43.827+0800] {processor.py:830} INFO - Processing file /home/jithish/Documents/dag-dag-dag/.venv/lib/python3.10/site-packages/airflow/example_dags/example_bash_decorator.py for tasks to queue
[2024-05-15T03:54:43.831+0800] {logging_mixin.py:188} INFO - [2024-05-15T03:54:43.830+0800] {dagbag.py:545} INFO - Filling up the DagBag from /home/jithish/Documents/dag-dag-dag/.venv/lib/python3.10/site-packages/airflow/example_dags/example_bash_decorator.py
[2024-05-15T03:54:43.865+0800] {processor.py:840} INFO - DAG(s) 'example_bash_decorator' retrieved from /home/jithish/Documents/dag-dag-dag/.venv/lib/python3.10/site-packages/airflow/example_dags/example_bash_decorator.py
[2024-05-15T03:54:43.884+0800] {logging_mixin.py:188} INFO - [2024-05-15T03:54:43.884+0800] {dag.py:3096} INFO - Sync 1 DAGs
[2024-05-15T03:54:43.893+0800] {logging_mixin.py:188} INFO - [2024-05-15T03:54:43.893+0800] {dag.py:3954} INFO - Setting next_dagrun for example_bash_decorator to None, run_after=None
[2024-05-15T03:54:43.913+0800] {processor.py:183} INFO - Processing /home/jithish/Documents/dag-dag-dag/.venv/lib/python3.10/site-packages/airflow/example_dags/example_bash_decorator.py took 0.166 seconds
[2024-05-15T03:56:02.771+0800] {processor.py:161} INFO - Started process (PID=105568) to work on /home/jithish/Documents/dag-dag-dag/.venv/lib/python3.10/site-packages/airflow/example_dags/example_bash_decorator.py
[2024-05-15T03:56:02.774+0800] {processor.py:830} INFO - Processing file /home/jithish/Documents/dag-dag-dag/.venv/lib/python3.10/site-packages/airflow/example_dags/example_bash_decorator.py for tasks to queue
[2024-05-15T03:56:02.776+0800] {logging_mixin.py:188} INFO - [2024-05-15T03:56:02.776+0800] {dagbag.py:545} INFO - Filling up the DagBag from /home/jithish/Documents/dag-dag-dag/.venv/lib/python3.10/site-packages/airflow/example_dags/example_bash_decorator.py
[2024-05-15T03:56:02.791+0800] {processor.py:840} INFO - DAG(s) 'example_bash_decorator' retrieved from /home/jithish/Documents/dag-dag-dag/.venv/lib/python3.10/site-packages/airflow/example_dags/example_bash_decorator.py
[2024-05-15T03:56:02.808+0800] {logging_mixin.py:188} INFO - [2024-05-15T03:56:02.808+0800] {dag.py:3096} INFO - Sync 1 DAGs
[2024-05-15T03:56:02.817+0800] {logging_mixin.py:188} INFO - [2024-05-15T03:56:02.817+0800] {dag.py:3954} INFO - Setting next_dagrun for example_bash_decorator to None, run_after=None
[2024-05-15T03:56:02.835+0800] {processor.py:183} INFO - Processing /home/jithish/Documents/dag-dag-dag/.venv/lib/python3.10/site-packages/airflow/example_dags/example_bash_decorator.py took 0.074 seconds
[2024-05-15T03:57:16.541+0800] {processor.py:161} INFO - Started process (PID=106324) to work on /home/jithish/Documents/dag-dag-dag/.venv/lib/python3.10/site-packages/airflow/example_dags/example_bash_decorator.py
[2024-05-15T03:57:16.607+0800] {processor.py:830} INFO - Processing file /home/jithish/Documents/dag-dag-dag/.venv/lib/python3.10/site-packages/airflow/example_dags/example_bash_decorator.py for tasks to queue
[2024-05-15T03:57:16.613+0800] {logging_mixin.py:188} INFO - [2024-05-15T03:57:16.611+0800] {dagbag.py:545} INFO - Filling up the DagBag from /home/jithish/Documents/dag-dag-dag/.venv/lib/python3.10/site-packages/airflow/example_dags/example_bash_decorator.py
[2024-05-15T03:57:16.648+0800] {processor.py:840} INFO - DAG(s) 'example_bash_decorator' retrieved from /home/jithish/Documents/dag-dag-dag/.venv/lib/python3.10/site-packages/airflow/example_dags/example_bash_decorator.py
[2024-05-15T03:57:16.667+0800] {logging_mixin.py:188} INFO - [2024-05-15T03:57:16.666+0800] {dag.py:3096} INFO - Sync 1 DAGs
[2024-05-15T03:57:16.675+0800] {logging_mixin.py:188} INFO - [2024-05-15T03:57:16.675+0800] {dag.py:3954} INFO - Setting next_dagrun for example_bash_decorator to None, run_after=None
[2024-05-15T03:57:16.692+0800] {processor.py:183} INFO - Processing /home/jithish/Documents/dag-dag-dag/.venv/lib/python3.10/site-packages/airflow/example_dags/example_bash_decorator.py took 0.155 seconds
[2024-05-15T03:58:24.310+0800] {processor.py:161} INFO - Started process (PID=106907) to work on /home/jithish/Documents/dag-dag-dag/.venv/lib/python3.10/site-packages/airflow/example_dags/example_bash_decorator.py
[2024-05-15T03:58:24.311+0800] {processor.py:830} INFO - Processing file /home/jithish/Documents/dag-dag-dag/.venv/lib/python3.10/site-packages/airflow/example_dags/example_bash_decorator.py for tasks to queue
[2024-05-15T03:58:24.312+0800] {logging_mixin.py:188} INFO - [2024-05-15T03:58:24.312+0800] {dagbag.py:545} INFO - Filling up the DagBag from /home/jithish/Documents/dag-dag-dag/.venv/lib/python3.10/site-packages/airflow/example_dags/example_bash_decorator.py
[2024-05-15T03:58:24.323+0800] {processor.py:840} INFO - DAG(s) 'example_bash_decorator' retrieved from /home/jithish/Documents/dag-dag-dag/.venv/lib/python3.10/site-packages/airflow/example_dags/example_bash_decorator.py
[2024-05-15T03:58:24.336+0800] {logging_mixin.py:188} INFO - [2024-05-15T03:58:24.336+0800] {dag.py:3096} INFO - Sync 1 DAGs
[2024-05-15T03:58:24.345+0800] {logging_mixin.py:188} INFO - [2024-05-15T03:58:24.344+0800] {dag.py:3954} INFO - Setting next_dagrun for example_bash_decorator to None, run_after=None
[2024-05-15T03:58:24.363+0800] {processor.py:183} INFO - Processing /home/jithish/Documents/dag-dag-dag/.venv/lib/python3.10/site-packages/airflow/example_dags/example_bash_decorator.py took 0.057 seconds
[2024-05-15T03:59:38.345+0800] {processor.py:161} INFO - Started process (PID=107673) to work on /home/jithish/Documents/dag-dag-dag/.venv/lib/python3.10/site-packages/airflow/example_dags/example_bash_decorator.py
[2024-05-15T03:59:38.406+0800] {processor.py:830} INFO - Processing file /home/jithish/Documents/dag-dag-dag/.venv/lib/python3.10/site-packages/airflow/example_dags/example_bash_decorator.py for tasks to queue
[2024-05-15T03:59:38.408+0800] {logging_mixin.py:188} INFO - [2024-05-15T03:59:38.407+0800] {dagbag.py:545} INFO - Filling up the DagBag from /home/jithish/Documents/dag-dag-dag/.venv/lib/python3.10/site-packages/airflow/example_dags/example_bash_decorator.py
[2024-05-15T03:59:38.418+0800] {processor.py:840} INFO - DAG(s) 'example_bash_decorator' retrieved from /home/jithish/Documents/dag-dag-dag/.venv/lib/python3.10/site-packages/airflow/example_dags/example_bash_decorator.py
[2024-05-15T03:59:38.432+0800] {logging_mixin.py:188} INFO - [2024-05-15T03:59:38.432+0800] {dag.py:3096} INFO - Sync 1 DAGs
[2024-05-15T03:59:38.441+0800] {logging_mixin.py:188} INFO - [2024-05-15T03:59:38.441+0800] {dag.py:3954} INFO - Setting next_dagrun for example_bash_decorator to None, run_after=None
[2024-05-15T03:59:38.466+0800] {processor.py:183} INFO - Processing /home/jithish/Documents/dag-dag-dag/.venv/lib/python3.10/site-packages/airflow/example_dags/example_bash_decorator.py took 0.128 seconds
[2024-05-15T04:00:50.102+0800] {processor.py:161} INFO - Started process (PID=108257) to work on /home/jithish/Documents/dag-dag-dag/.venv/lib/python3.10/site-packages/airflow/example_dags/example_bash_decorator.py
[2024-05-15T04:00:50.103+0800] {processor.py:830} INFO - Processing file /home/jithish/Documents/dag-dag-dag/.venv/lib/python3.10/site-packages/airflow/example_dags/example_bash_decorator.py for tasks to queue
[2024-05-15T04:00:50.105+0800] {logging_mixin.py:188} INFO - [2024-05-15T04:00:50.105+0800] {dagbag.py:545} INFO - Filling up the DagBag from /home/jithish/Documents/dag-dag-dag/.venv/lib/python3.10/site-packages/airflow/example_dags/example_bash_decorator.py
[2024-05-15T04:00:50.119+0800] {processor.py:840} INFO - DAG(s) 'example_bash_decorator' retrieved from /home/jithish/Documents/dag-dag-dag/.venv/lib/python3.10/site-packages/airflow/example_dags/example_bash_decorator.py
[2024-05-15T04:00:50.136+0800] {logging_mixin.py:188} INFO - [2024-05-15T04:00:50.136+0800] {dag.py:3096} INFO - Sync 1 DAGs
[2024-05-15T04:00:50.143+0800] {logging_mixin.py:188} INFO - [2024-05-15T04:00:50.143+0800] {dag.py:3954} INFO - Setting next_dagrun for example_bash_decorator to None, run_after=None
[2024-05-15T04:00:50.156+0800] {processor.py:183} INFO - Processing /home/jithish/Documents/dag-dag-dag/.venv/lib/python3.10/site-packages/airflow/example_dags/example_bash_decorator.py took 0.060 seconds
[2024-05-15T04:02:03.219+0800] {processor.py:161} INFO - Started process (PID=108883) to work on /home/jithish/Documents/dag-dag-dag/.venv/lib/python3.10/site-packages/airflow/example_dags/example_bash_decorator.py
[2024-05-15T04:02:03.220+0800] {processor.py:830} INFO - Processing file /home/jithish/Documents/dag-dag-dag/.venv/lib/python3.10/site-packages/airflow/example_dags/example_bash_decorator.py for tasks to queue
[2024-05-15T04:02:03.222+0800] {logging_mixin.py:188} INFO - [2024-05-15T04:02:03.221+0800] {dagbag.py:545} INFO - Filling up the DagBag from /home/jithish/Documents/dag-dag-dag/.venv/lib/python3.10/site-packages/airflow/example_dags/example_bash_decorator.py
[2024-05-15T04:02:03.233+0800] {processor.py:840} INFO - DAG(s) 'example_bash_decorator' retrieved from /home/jithish/Documents/dag-dag-dag/.venv/lib/python3.10/site-packages/airflow/example_dags/example_bash_decorator.py
[2024-05-15T04:02:03.254+0800] {logging_mixin.py:188} INFO - [2024-05-15T04:02:03.254+0800] {dag.py:3096} INFO - Sync 1 DAGs
[2024-05-15T04:02:03.267+0800] {logging_mixin.py:188} INFO - [2024-05-15T04:02:03.267+0800] {dag.py:3954} INFO - Setting next_dagrun for example_bash_decorator to None, run_after=None
[2024-05-15T04:02:03.284+0800] {processor.py:183} INFO - Processing /home/jithish/Documents/dag-dag-dag/.venv/lib/python3.10/site-packages/airflow/example_dags/example_bash_decorator.py took 0.070 seconds
[2024-05-15T04:03:21.475+0800] {processor.py:161} INFO - Started process (PID=109796) to work on /home/jithish/Documents/dag-dag-dag/.venv/lib/python3.10/site-packages/airflow/example_dags/example_bash_decorator.py
[2024-05-15T04:03:21.537+0800] {processor.py:830} INFO - Processing file /home/jithish/Documents/dag-dag-dag/.venv/lib/python3.10/site-packages/airflow/example_dags/example_bash_decorator.py for tasks to queue
[2024-05-15T04:03:21.543+0800] {logging_mixin.py:188} INFO - [2024-05-15T04:03:21.541+0800] {dagbag.py:545} INFO - Filling up the DagBag from /home/jithish/Documents/dag-dag-dag/.venv/lib/python3.10/site-packages/airflow/example_dags/example_bash_decorator.py
[2024-05-15T04:03:21.590+0800] {processor.py:840} INFO - DAG(s) 'example_bash_decorator' retrieved from /home/jithish/Documents/dag-dag-dag/.venv/lib/python3.10/site-packages/airflow/example_dags/example_bash_decorator.py
[2024-05-15T04:03:21.620+0800] {logging_mixin.py:188} INFO - [2024-05-15T04:03:21.620+0800] {dag.py:3096} INFO - Sync 1 DAGs
[2024-05-15T04:03:21.631+0800] {logging_mixin.py:188} INFO - [2024-05-15T04:03:21.630+0800] {dag.py:3954} INFO - Setting next_dagrun for example_bash_decorator to None, run_after=None
[2024-05-15T04:03:21.656+0800] {processor.py:183} INFO - Processing /home/jithish/Documents/dag-dag-dag/.venv/lib/python3.10/site-packages/airflow/example_dags/example_bash_decorator.py took 0.188 seconds
[2024-05-15T04:04:33.101+0800] {processor.py:161} INFO - Started process (PID=110997) to work on /home/jithish/Documents/dag-dag-dag/.venv/lib/python3.10/site-packages/airflow/example_dags/example_bash_decorator.py
[2024-05-15T04:04:33.163+0800] {processor.py:830} INFO - Processing file /home/jithish/Documents/dag-dag-dag/.venv/lib/python3.10/site-packages/airflow/example_dags/example_bash_decorator.py for tasks to queue
[2024-05-15T04:04:33.167+0800] {logging_mixin.py:188} INFO - [2024-05-15T04:04:33.166+0800] {dagbag.py:545} INFO - Filling up the DagBag from /home/jithish/Documents/dag-dag-dag/.venv/lib/python3.10/site-packages/airflow/example_dags/example_bash_decorator.py
[2024-05-15T04:04:33.180+0800] {processor.py:840} INFO - DAG(s) 'example_bash_decorator' retrieved from /home/jithish/Documents/dag-dag-dag/.venv/lib/python3.10/site-packages/airflow/example_dags/example_bash_decorator.py
[2024-05-15T04:04:33.200+0800] {logging_mixin.py:188} INFO - [2024-05-15T04:04:33.200+0800] {dag.py:3096} INFO - Sync 1 DAGs
[2024-05-15T04:04:33.209+0800] {logging_mixin.py:188} INFO - [2024-05-15T04:04:33.209+0800] {dag.py:3954} INFO - Setting next_dagrun for example_bash_decorator to None, run_after=None
[2024-05-15T04:04:33.244+0800] {processor.py:183} INFO - Processing /home/jithish/Documents/dag-dag-dag/.venv/lib/python3.10/site-packages/airflow/example_dags/example_bash_decorator.py took 0.151 seconds
[2024-05-15T04:05:30.855+0800] {processor.py:161} INFO - Started process (PID=111842) to work on /home/jithish/Documents/dag-dag-dag/.venv/lib/python3.10/site-packages/airflow/example_dags/example_bash_decorator.py
[2024-05-15T04:05:30.916+0800] {processor.py:830} INFO - Processing file /home/jithish/Documents/dag-dag-dag/.venv/lib/python3.10/site-packages/airflow/example_dags/example_bash_decorator.py for tasks to queue
[2024-05-15T04:05:30.921+0800] {logging_mixin.py:188} INFO - [2024-05-15T04:05:30.919+0800] {dagbag.py:545} INFO - Filling up the DagBag from /home/jithish/Documents/dag-dag-dag/.venv/lib/python3.10/site-packages/airflow/example_dags/example_bash_decorator.py
[2024-05-15T04:05:30.953+0800] {processor.py:840} INFO - DAG(s) 'example_bash_decorator' retrieved from /home/jithish/Documents/dag-dag-dag/.venv/lib/python3.10/site-packages/airflow/example_dags/example_bash_decorator.py
[2024-05-15T04:05:30.972+0800] {logging_mixin.py:188} INFO - [2024-05-15T04:05:30.972+0800] {dag.py:3096} INFO - Sync 1 DAGs
[2024-05-15T04:05:30.982+0800] {logging_mixin.py:188} INFO - [2024-05-15T04:05:30.982+0800] {dag.py:3954} INFO - Setting next_dagrun for example_bash_decorator to None, run_after=None
[2024-05-15T04:05:31.004+0800] {processor.py:183} INFO - Processing /home/jithish/Documents/dag-dag-dag/.venv/lib/python3.10/site-packages/airflow/example_dags/example_bash_decorator.py took 0.154 seconds
[2024-05-15T04:06:52.699+0800] {processor.py:161} INFO - Started process (PID=113002) to work on /home/jithish/Documents/dag-dag-dag/.venv/lib/python3.10/site-packages/airflow/example_dags/example_bash_decorator.py
[2024-05-15T04:06:52.701+0800] {processor.py:830} INFO - Processing file /home/jithish/Documents/dag-dag-dag/.venv/lib/python3.10/site-packages/airflow/example_dags/example_bash_decorator.py for tasks to queue
[2024-05-15T04:06:52.703+0800] {logging_mixin.py:188} INFO - [2024-05-15T04:06:52.703+0800] {dagbag.py:545} INFO - Filling up the DagBag from /home/jithish/Documents/dag-dag-dag/.venv/lib/python3.10/site-packages/airflow/example_dags/example_bash_decorator.py
[2024-05-15T04:06:52.713+0800] {processor.py:840} INFO - DAG(s) 'example_bash_decorator' retrieved from /home/jithish/Documents/dag-dag-dag/.venv/lib/python3.10/site-packages/airflow/example_dags/example_bash_decorator.py
[2024-05-15T04:06:52.728+0800] {logging_mixin.py:188} INFO - [2024-05-15T04:06:52.728+0800] {dag.py:3096} INFO - Sync 1 DAGs
[2024-05-15T04:06:52.737+0800] {logging_mixin.py:188} INFO - [2024-05-15T04:06:52.737+0800] {dag.py:3954} INFO - Setting next_dagrun for example_bash_decorator to None, run_after=None
[2024-05-15T04:06:52.764+0800] {processor.py:183} INFO - Processing /home/jithish/Documents/dag-dag-dag/.venv/lib/python3.10/site-packages/airflow/example_dags/example_bash_decorator.py took 0.070 seconds
[2024-05-15T04:08:15.257+0800] {processor.py:161} INFO - Started process (PID=114012) to work on /home/jithish/Documents/dag-dag-dag/.venv/lib/python3.10/site-packages/airflow/example_dags/example_bash_decorator.py
[2024-05-15T04:08:15.258+0800] {processor.py:830} INFO - Processing file /home/jithish/Documents/dag-dag-dag/.venv/lib/python3.10/site-packages/airflow/example_dags/example_bash_decorator.py for tasks to queue
[2024-05-15T04:08:15.262+0800] {logging_mixin.py:188} INFO - [2024-05-15T04:08:15.261+0800] {dagbag.py:545} INFO - Filling up the DagBag from /home/jithish/Documents/dag-dag-dag/.venv/lib/python3.10/site-packages/airflow/example_dags/example_bash_decorator.py
[2024-05-15T04:08:15.273+0800] {processor.py:840} INFO - DAG(s) 'example_bash_decorator' retrieved from /home/jithish/Documents/dag-dag-dag/.venv/lib/python3.10/site-packages/airflow/example_dags/example_bash_decorator.py
[2024-05-15T04:08:15.293+0800] {logging_mixin.py:188} INFO - [2024-05-15T04:08:15.292+0800] {dag.py:3096} INFO - Sync 1 DAGs
[2024-05-15T04:08:15.304+0800] {logging_mixin.py:188} INFO - [2024-05-15T04:08:15.304+0800] {dag.py:3954} INFO - Setting next_dagrun for example_bash_decorator to None, run_after=None
[2024-05-15T04:08:15.327+0800] {processor.py:183} INFO - Processing /home/jithish/Documents/dag-dag-dag/.venv/lib/python3.10/site-packages/airflow/example_dags/example_bash_decorator.py took 0.076 seconds
[2024-05-15T04:09:14.317+0800] {processor.py:161} INFO - Started process (PID=114930) to work on /home/jithish/Documents/dag-dag-dag/.venv/lib/python3.10/site-packages/airflow/example_dags/example_bash_decorator.py
[2024-05-15T04:09:14.320+0800] {processor.py:830} INFO - Processing file /home/jithish/Documents/dag-dag-dag/.venv/lib/python3.10/site-packages/airflow/example_dags/example_bash_decorator.py for tasks to queue
[2024-05-15T04:09:14.322+0800] {logging_mixin.py:188} INFO - [2024-05-15T04:09:14.321+0800] {dagbag.py:545} INFO - Filling up the DagBag from /home/jithish/Documents/dag-dag-dag/.venv/lib/python3.10/site-packages/airflow/example_dags/example_bash_decorator.py
[2024-05-15T04:09:14.333+0800] {processor.py:840} INFO - DAG(s) 'example_bash_decorator' retrieved from /home/jithish/Documents/dag-dag-dag/.venv/lib/python3.10/site-packages/airflow/example_dags/example_bash_decorator.py
[2024-05-15T04:09:14.349+0800] {logging_mixin.py:188} INFO - [2024-05-15T04:09:14.349+0800] {dag.py:3096} INFO - Sync 1 DAGs
[2024-05-15T04:09:14.359+0800] {logging_mixin.py:188} INFO - [2024-05-15T04:09:14.359+0800] {dag.py:3954} INFO - Setting next_dagrun for example_bash_decorator to None, run_after=None
[2024-05-15T04:09:14.375+0800] {processor.py:183} INFO - Processing /home/jithish/Documents/dag-dag-dag/.venv/lib/python3.10/site-packages/airflow/example_dags/example_bash_decorator.py took 0.063 seconds
[2024-05-15T04:10:35.418+0800] {processor.py:161} INFO - Started process (PID=116104) to work on /home/jithish/Documents/dag-dag-dag/.venv/lib/python3.10/site-packages/airflow/example_dags/example_bash_decorator.py
[2024-05-15T04:10:35.479+0800] {processor.py:830} INFO - Processing file /home/jithish/Documents/dag-dag-dag/.venv/lib/python3.10/site-packages/airflow/example_dags/example_bash_decorator.py for tasks to queue
[2024-05-15T04:10:35.485+0800] {logging_mixin.py:188} INFO - [2024-05-15T04:10:35.484+0800] {dagbag.py:545} INFO - Filling up the DagBag from /home/jithish/Documents/dag-dag-dag/.venv/lib/python3.10/site-packages/airflow/example_dags/example_bash_decorator.py
[2024-05-15T04:10:35.518+0800] {processor.py:840} INFO - DAG(s) 'example_bash_decorator' retrieved from /home/jithish/Documents/dag-dag-dag/.venv/lib/python3.10/site-packages/airflow/example_dags/example_bash_decorator.py
[2024-05-15T04:10:35.540+0800] {logging_mixin.py:188} INFO - [2024-05-15T04:10:35.539+0800] {dag.py:3096} INFO - Sync 1 DAGs
[2024-05-15T04:10:35.551+0800] {logging_mixin.py:188} INFO - [2024-05-15T04:10:35.551+0800] {dag.py:3954} INFO - Setting next_dagrun for example_bash_decorator to None, run_after=None
[2024-05-15T04:10:35.575+0800] {processor.py:183} INFO - Processing /home/jithish/Documents/dag-dag-dag/.venv/lib/python3.10/site-packages/airflow/example_dags/example_bash_decorator.py took 0.165 seconds
[2024-05-15T04:11:57.092+0800] {processor.py:161} INFO - Started process (PID=117260) to work on /home/jithish/Documents/dag-dag-dag/.venv/lib/python3.10/site-packages/airflow/example_dags/example_bash_decorator.py
[2024-05-15T04:11:57.154+0800] {processor.py:830} INFO - Processing file /home/jithish/Documents/dag-dag-dag/.venv/lib/python3.10/site-packages/airflow/example_dags/example_bash_decorator.py for tasks to queue
[2024-05-15T04:11:57.158+0800] {logging_mixin.py:188} INFO - [2024-05-15T04:11:57.157+0800] {dagbag.py:545} INFO - Filling up the DagBag from /home/jithish/Documents/dag-dag-dag/.venv/lib/python3.10/site-packages/airflow/example_dags/example_bash_decorator.py
[2024-05-15T04:11:57.180+0800] {processor.py:840} INFO - DAG(s) 'example_bash_decorator' retrieved from /home/jithish/Documents/dag-dag-dag/.venv/lib/python3.10/site-packages/airflow/example_dags/example_bash_decorator.py
[2024-05-15T04:11:57.199+0800] {logging_mixin.py:188} INFO - [2024-05-15T04:11:57.199+0800] {dag.py:3096} INFO - Sync 1 DAGs
[2024-05-15T04:11:57.210+0800] {logging_mixin.py:188} INFO - [2024-05-15T04:11:57.210+0800] {dag.py:3954} INFO - Setting next_dagrun for example_bash_decorator to None, run_after=None
[2024-05-15T04:11:57.229+0800] {processor.py:183} INFO - Processing /home/jithish/Documents/dag-dag-dag/.venv/lib/python3.10/site-packages/airflow/example_dags/example_bash_decorator.py took 0.147 seconds
[2024-05-15T04:12:57.562+0800] {processor.py:161} INFO - Started process (PID=118127) to work on /home/jithish/Documents/dag-dag-dag/.venv/lib/python3.10/site-packages/airflow/example_dags/example_bash_decorator.py
[2024-05-15T04:12:57.623+0800] {processor.py:830} INFO - Processing file /home/jithish/Documents/dag-dag-dag/.venv/lib/python3.10/site-packages/airflow/example_dags/example_bash_decorator.py for tasks to queue
[2024-05-15T04:12:57.629+0800] {logging_mixin.py:188} INFO - [2024-05-15T04:12:57.627+0800] {dagbag.py:545} INFO - Filling up the DagBag from /home/jithish/Documents/dag-dag-dag/.venv/lib/python3.10/site-packages/airflow/example_dags/example_bash_decorator.py
[2024-05-15T04:12:57.659+0800] {processor.py:840} INFO - DAG(s) 'example_bash_decorator' retrieved from /home/jithish/Documents/dag-dag-dag/.venv/lib/python3.10/site-packages/airflow/example_dags/example_bash_decorator.py
[2024-05-15T04:12:57.678+0800] {logging_mixin.py:188} INFO - [2024-05-15T04:12:57.677+0800] {dag.py:3096} INFO - Sync 1 DAGs
[2024-05-15T04:12:57.687+0800] {logging_mixin.py:188} INFO - [2024-05-15T04:12:57.687+0800] {dag.py:3954} INFO - Setting next_dagrun for example_bash_decorator to None, run_after=None
[2024-05-15T04:12:57.720+0800] {processor.py:183} INFO - Processing /home/jithish/Documents/dag-dag-dag/.venv/lib/python3.10/site-packages/airflow/example_dags/example_bash_decorator.py took 0.167 seconds
[2024-05-15T04:14:23.216+0800] {processor.py:161} INFO - Started process (PID=119360) to work on /home/jithish/Documents/dag-dag-dag/.venv/lib/python3.10/site-packages/airflow/example_dags/example_bash_decorator.py
[2024-05-15T04:14:23.298+0800] {processor.py:830} INFO - Processing file /home/jithish/Documents/dag-dag-dag/.venv/lib/python3.10/site-packages/airflow/example_dags/example_bash_decorator.py for tasks to queue
[2024-05-15T04:14:23.303+0800] {logging_mixin.py:188} INFO - [2024-05-15T04:14:23.301+0800] {dagbag.py:545} INFO - Filling up the DagBag from /home/jithish/Documents/dag-dag-dag/.venv/lib/python3.10/site-packages/airflow/example_dags/example_bash_decorator.py
[2024-05-15T04:14:23.338+0800] {processor.py:840} INFO - DAG(s) 'example_bash_decorator' retrieved from /home/jithish/Documents/dag-dag-dag/.venv/lib/python3.10/site-packages/airflow/example_dags/example_bash_decorator.py
[2024-05-15T04:14:23.358+0800] {logging_mixin.py:188} INFO - [2024-05-15T04:14:23.357+0800] {dag.py:3096} INFO - Sync 1 DAGs
[2024-05-15T04:14:23.366+0800] {logging_mixin.py:188} INFO - [2024-05-15T04:14:23.366+0800] {dag.py:3954} INFO - Setting next_dagrun for example_bash_decorator to None, run_after=None
[2024-05-15T04:14:23.378+0800] {processor.py:183} INFO - Processing /home/jithish/Documents/dag-dag-dag/.venv/lib/python3.10/site-packages/airflow/example_dags/example_bash_decorator.py took 0.180 seconds
[2024-05-15T04:15:42.479+0800] {processor.py:161} INFO - Started process (PID=120158) to work on /home/jithish/Documents/dag-dag-dag/.venv/lib/python3.10/site-packages/airflow/example_dags/example_bash_decorator.py
[2024-05-15T04:15:42.541+0800] {processor.py:830} INFO - Processing file /home/jithish/Documents/dag-dag-dag/.venv/lib/python3.10/site-packages/airflow/example_dags/example_bash_decorator.py for tasks to queue
[2024-05-15T04:15:42.543+0800] {logging_mixin.py:188} INFO - [2024-05-15T04:15:42.542+0800] {dagbag.py:545} INFO - Filling up the DagBag from /home/jithish/Documents/dag-dag-dag/.venv/lib/python3.10/site-packages/airflow/example_dags/example_bash_decorator.py
[2024-05-15T04:15:42.555+0800] {processor.py:840} INFO - DAG(s) 'example_bash_decorator' retrieved from /home/jithish/Documents/dag-dag-dag/.venv/lib/python3.10/site-packages/airflow/example_dags/example_bash_decorator.py
[2024-05-15T04:15:42.569+0800] {logging_mixin.py:188} INFO - [2024-05-15T04:15:42.568+0800] {dag.py:3096} INFO - Sync 1 DAGs
[2024-05-15T04:15:42.576+0800] {logging_mixin.py:188} INFO - [2024-05-15T04:15:42.576+0800] {dag.py:3954} INFO - Setting next_dagrun for example_bash_decorator to None, run_after=None
[2024-05-15T04:15:42.596+0800] {processor.py:183} INFO - Processing /home/jithish/Documents/dag-dag-dag/.venv/lib/python3.10/site-packages/airflow/example_dags/example_bash_decorator.py took 0.133 seconds
