[2024-05-15T02:59:27.857+0800] {processor.py:161} INFO - Started process (PID=65704) to work on /home/jithish/Documents/dag-dag-dag/.venv/lib/python3.10/site-packages/airflow/example_dags/example_nested_branch_dag.py
[2024-05-15T02:59:27.857+0800] {processor.py:830} INFO - Processing file /home/jithish/Documents/dag-dag-dag/.venv/lib/python3.10/site-packages/airflow/example_dags/example_nested_branch_dag.py for tasks to queue
[2024-05-15T02:59:27.859+0800] {logging_mixin.py:188} INFO - [2024-05-15T02:59:27.859+0800] {dagbag.py:545} INFO - Filling up the DagBag from /home/jithish/Documents/dag-dag-dag/.venv/lib/python3.10/site-packages/airflow/example_dags/example_nested_branch_dag.py
[2024-05-15T02:59:27.870+0800] {processor.py:840} INFO - DAG(s) 'example_nested_branch_dag' retrieved from /home/jithish/Documents/dag-dag-dag/.venv/lib/python3.10/site-packages/airflow/example_dags/example_nested_branch_dag.py
[2024-05-15T02:59:27.939+0800] {logging_mixin.py:188} INFO - [2024-05-15T02:59:27.939+0800] {dag.py:3096} INFO - Sync 1 DAGs
[2024-05-15T02:59:28.016+0800] {logging_mixin.py:188} INFO - [2024-05-15T02:59:28.016+0800] {dag.py:3954} INFO - Setting next_dagrun for example_nested_branch_dag to 2024-05-13 00:00:00+00:00, run_after=2024-05-14 00:00:00+00:00
[2024-05-15T02:59:28.039+0800] {processor.py:183} INFO - Processing /home/jithish/Documents/dag-dag-dag/.venv/lib/python3.10/site-packages/airflow/example_dags/example_nested_branch_dag.py took 0.188 seconds
[2024-05-15T03:14:49.840+0800] {processor.py:161} INFO - Started process (PID=75158) to work on /home/jithish/Documents/dag-dag-dag/.venv/lib/python3.10/site-packages/airflow/example_dags/example_nested_branch_dag.py
[2024-05-15T03:14:49.901+0800] {processor.py:830} INFO - Processing file /home/jithish/Documents/dag-dag-dag/.venv/lib/python3.10/site-packages/airflow/example_dags/example_nested_branch_dag.py for tasks to queue
[2024-05-15T03:14:49.906+0800] {logging_mixin.py:188} INFO - [2024-05-15T03:14:49.905+0800] {dagbag.py:545} INFO - Filling up the DagBag from /home/jithish/Documents/dag-dag-dag/.venv/lib/python3.10/site-packages/airflow/example_dags/example_nested_branch_dag.py
[2024-05-15T03:14:49.937+0800] {processor.py:840} INFO - DAG(s) 'example_nested_branch_dag' retrieved from /home/jithish/Documents/dag-dag-dag/.venv/lib/python3.10/site-packages/airflow/example_dags/example_nested_branch_dag.py
[2024-05-15T03:14:50.036+0800] {logging_mixin.py:188} INFO - [2024-05-15T03:14:50.036+0800] {dag.py:3096} INFO - Sync 1 DAGs
[2024-05-15T03:14:50.123+0800] {logging_mixin.py:188} INFO - [2024-05-15T03:14:50.123+0800] {dag.py:3954} INFO - Setting next_dagrun for example_nested_branch_dag to 2024-05-13 00:00:00+00:00, run_after=2024-05-14 00:00:00+00:00
[2024-05-15T03:14:50.139+0800] {processor.py:183} INFO - Processing /home/jithish/Documents/dag-dag-dag/.venv/lib/python3.10/site-packages/airflow/example_dags/example_nested_branch_dag.py took 0.303 seconds
[2024-05-15T03:15:53.225+0800] {processor.py:161} INFO - Started process (PID=76014) to work on /home/jithish/Documents/dag-dag-dag/.venv/lib/python3.10/site-packages/airflow/example_dags/example_nested_branch_dag.py
[2024-05-15T03:15:53.286+0800] {processor.py:830} INFO - Processing file /home/jithish/Documents/dag-dag-dag/.venv/lib/python3.10/site-packages/airflow/example_dags/example_nested_branch_dag.py for tasks to queue
[2024-05-15T03:15:53.292+0800] {logging_mixin.py:188} INFO - [2024-05-15T03:15:53.291+0800] {dagbag.py:545} INFO - Filling up the DagBag from /home/jithish/Documents/dag-dag-dag/.venv/lib/python3.10/site-packages/airflow/example_dags/example_nested_branch_dag.py
[2024-05-15T03:15:53.316+0800] {processor.py:840} INFO - DAG(s) 'example_nested_branch_dag' retrieved from /home/jithish/Documents/dag-dag-dag/.venv/lib/python3.10/site-packages/airflow/example_dags/example_nested_branch_dag.py
[2024-05-15T03:15:53.337+0800] {logging_mixin.py:188} INFO - [2024-05-15T03:15:53.336+0800] {dag.py:3096} INFO - Sync 1 DAGs
[2024-05-15T03:15:53.354+0800] {logging_mixin.py:188} INFO - [2024-05-15T03:15:53.353+0800] {dag.py:3954} INFO - Setting next_dagrun for example_nested_branch_dag to 2024-05-13 00:00:00+00:00, run_after=2024-05-14 00:00:00+00:00
[2024-05-15T03:15:53.530+0800] {processor.py:183} INFO - Processing /home/jithish/Documents/dag-dag-dag/.venv/lib/python3.10/site-packages/airflow/example_dags/example_nested_branch_dag.py took 0.312 seconds
[2024-05-15T03:16:55.997+0800] {processor.py:161} INFO - Started process (PID=76826) to work on /home/jithish/Documents/dag-dag-dag/.venv/lib/python3.10/site-packages/airflow/example_dags/example_nested_branch_dag.py
[2024-05-15T03:16:56.059+0800] {processor.py:830} INFO - Processing file /home/jithish/Documents/dag-dag-dag/.venv/lib/python3.10/site-packages/airflow/example_dags/example_nested_branch_dag.py for tasks to queue
[2024-05-15T03:16:56.065+0800] {logging_mixin.py:188} INFO - [2024-05-15T03:16:56.063+0800] {dagbag.py:545} INFO - Filling up the DagBag from /home/jithish/Documents/dag-dag-dag/.venv/lib/python3.10/site-packages/airflow/example_dags/example_nested_branch_dag.py
[2024-05-15T03:16:56.093+0800] {processor.py:840} INFO - DAG(s) 'example_nested_branch_dag' retrieved from /home/jithish/Documents/dag-dag-dag/.venv/lib/python3.10/site-packages/airflow/example_dags/example_nested_branch_dag.py
[2024-05-15T03:16:56.113+0800] {logging_mixin.py:188} INFO - [2024-05-15T03:16:56.112+0800] {dag.py:3096} INFO - Sync 1 DAGs
[2024-05-15T03:16:56.127+0800] {logging_mixin.py:188} INFO - [2024-05-15T03:16:56.127+0800] {dag.py:3954} INFO - Setting next_dagrun for example_nested_branch_dag to 2024-05-13 00:00:00+00:00, run_after=2024-05-14 00:00:00+00:00
[2024-05-15T03:16:56.146+0800] {processor.py:183} INFO - Processing /home/jithish/Documents/dag-dag-dag/.venv/lib/python3.10/site-packages/airflow/example_dags/example_nested_branch_dag.py took 0.157 seconds
[2024-05-15T03:17:58.168+0800] {processor.py:161} INFO - Started process (PID=77829) to work on /home/jithish/Documents/dag-dag-dag/.venv/lib/python3.10/site-packages/airflow/example_dags/example_nested_branch_dag.py
[2024-05-15T03:17:58.169+0800] {processor.py:830} INFO - Processing file /home/jithish/Documents/dag-dag-dag/.venv/lib/python3.10/site-packages/airflow/example_dags/example_nested_branch_dag.py for tasks to queue
[2024-05-15T03:17:58.170+0800] {logging_mixin.py:188} INFO - [2024-05-15T03:17:58.170+0800] {dagbag.py:545} INFO - Filling up the DagBag from /home/jithish/Documents/dag-dag-dag/.venv/lib/python3.10/site-packages/airflow/example_dags/example_nested_branch_dag.py
[2024-05-15T03:17:58.181+0800] {processor.py:840} INFO - DAG(s) 'example_nested_branch_dag' retrieved from /home/jithish/Documents/dag-dag-dag/.venv/lib/python3.10/site-packages/airflow/example_dags/example_nested_branch_dag.py
[2024-05-15T03:17:58.195+0800] {logging_mixin.py:188} INFO - [2024-05-15T03:17:58.195+0800] {dag.py:3096} INFO - Sync 1 DAGs
[2024-05-15T03:17:58.211+0800] {logging_mixin.py:188} INFO - [2024-05-15T03:17:58.211+0800] {dag.py:3954} INFO - Setting next_dagrun for example_nested_branch_dag to 2024-05-13 00:00:00+00:00, run_after=2024-05-14 00:00:00+00:00
[2024-05-15T03:17:58.235+0800] {processor.py:183} INFO - Processing /home/jithish/Documents/dag-dag-dag/.venv/lib/python3.10/site-packages/airflow/example_dags/example_nested_branch_dag.py took 0.071 seconds
[2024-05-15T03:18:52.680+0800] {processor.py:161} INFO - Started process (PID=78593) to work on /home/jithish/Documents/dag-dag-dag/.venv/lib/python3.10/site-packages/airflow/example_dags/example_nested_branch_dag.py
[2024-05-15T03:18:52.681+0800] {processor.py:830} INFO - Processing file /home/jithish/Documents/dag-dag-dag/.venv/lib/python3.10/site-packages/airflow/example_dags/example_nested_branch_dag.py for tasks to queue
[2024-05-15T03:18:52.683+0800] {logging_mixin.py:188} INFO - [2024-05-15T03:18:52.683+0800] {dagbag.py:545} INFO - Filling up the DagBag from /home/jithish/Documents/dag-dag-dag/.venv/lib/python3.10/site-packages/airflow/example_dags/example_nested_branch_dag.py
[2024-05-15T03:18:52.692+0800] {processor.py:840} INFO - DAG(s) 'example_nested_branch_dag' retrieved from /home/jithish/Documents/dag-dag-dag/.venv/lib/python3.10/site-packages/airflow/example_dags/example_nested_branch_dag.py
[2024-05-15T03:18:52.705+0800] {logging_mixin.py:188} INFO - [2024-05-15T03:18:52.705+0800] {dag.py:3096} INFO - Sync 1 DAGs
[2024-05-15T03:18:52.721+0800] {logging_mixin.py:188} INFO - [2024-05-15T03:18:52.720+0800] {dag.py:3954} INFO - Setting next_dagrun for example_nested_branch_dag to 2024-05-13 00:00:00+00:00, run_after=2024-05-14 00:00:00+00:00
[2024-05-15T03:18:52.739+0800] {processor.py:183} INFO - Processing /home/jithish/Documents/dag-dag-dag/.venv/lib/python3.10/site-packages/airflow/example_dags/example_nested_branch_dag.py took 0.063 seconds
[2024-05-15T03:20:10.087+0800] {processor.py:161} INFO - Started process (PID=79701) to work on /home/jithish/Documents/dag-dag-dag/.venv/lib/python3.10/site-packages/airflow/example_dags/example_nested_branch_dag.py
[2024-05-15T03:20:10.148+0800] {processor.py:830} INFO - Processing file /home/jithish/Documents/dag-dag-dag/.venv/lib/python3.10/site-packages/airflow/example_dags/example_nested_branch_dag.py for tasks to queue
[2024-05-15T03:20:10.150+0800] {logging_mixin.py:188} INFO - [2024-05-15T03:20:10.150+0800] {dagbag.py:545} INFO - Filling up the DagBag from /home/jithish/Documents/dag-dag-dag/.venv/lib/python3.10/site-packages/airflow/example_dags/example_nested_branch_dag.py
[2024-05-15T03:20:10.162+0800] {processor.py:840} INFO - DAG(s) 'example_nested_branch_dag' retrieved from /home/jithish/Documents/dag-dag-dag/.venv/lib/python3.10/site-packages/airflow/example_dags/example_nested_branch_dag.py
[2024-05-15T03:20:10.178+0800] {logging_mixin.py:188} INFO - [2024-05-15T03:20:10.177+0800] {dag.py:3096} INFO - Sync 1 DAGs
[2024-05-15T03:20:10.194+0800] {logging_mixin.py:188} INFO - [2024-05-15T03:20:10.194+0800] {dag.py:3954} INFO - Setting next_dagrun for example_nested_branch_dag to 2024-05-13 00:00:00+00:00, run_after=2024-05-14 00:00:00+00:00
[2024-05-15T03:20:10.212+0800] {processor.py:183} INFO - Processing /home/jithish/Documents/dag-dag-dag/.venv/lib/python3.10/site-packages/airflow/example_dags/example_nested_branch_dag.py took 0.135 seconds
[2024-05-15T03:21:05.801+0800] {processor.py:161} INFO - Started process (PID=80471) to work on /home/jithish/Documents/dag-dag-dag/.venv/lib/python3.10/site-packages/airflow/example_dags/example_nested_branch_dag.py
[2024-05-15T03:21:05.863+0800] {processor.py:830} INFO - Processing file /home/jithish/Documents/dag-dag-dag/.venv/lib/python3.10/site-packages/airflow/example_dags/example_nested_branch_dag.py for tasks to queue
[2024-05-15T03:21:05.868+0800] {logging_mixin.py:188} INFO - [2024-05-15T03:21:05.867+0800] {dagbag.py:545} INFO - Filling up the DagBag from /home/jithish/Documents/dag-dag-dag/.venv/lib/python3.10/site-packages/airflow/example_dags/example_nested_branch_dag.py
[2024-05-15T03:21:05.894+0800] {processor.py:840} INFO - DAG(s) 'example_nested_branch_dag' retrieved from /home/jithish/Documents/dag-dag-dag/.venv/lib/python3.10/site-packages/airflow/example_dags/example_nested_branch_dag.py
[2024-05-15T03:21:05.913+0800] {logging_mixin.py:188} INFO - [2024-05-15T03:21:05.913+0800] {dag.py:3096} INFO - Sync 1 DAGs
[2024-05-15T03:21:05.928+0800] {logging_mixin.py:188} INFO - [2024-05-15T03:21:05.928+0800] {dag.py:3954} INFO - Setting next_dagrun for example_nested_branch_dag to 2024-05-13 00:00:00+00:00, run_after=2024-05-14 00:00:00+00:00
[2024-05-15T03:21:05.943+0800] {processor.py:183} INFO - Processing /home/jithish/Documents/dag-dag-dag/.venv/lib/python3.10/site-packages/airflow/example_dags/example_nested_branch_dag.py took 0.147 seconds
[2024-05-15T03:22:24.075+0800] {processor.py:161} INFO - Started process (PID=81588) to work on /home/jithish/Documents/dag-dag-dag/.venv/lib/python3.10/site-packages/airflow/example_dags/example_nested_branch_dag.py
[2024-05-15T03:22:24.136+0800] {processor.py:830} INFO - Processing file /home/jithish/Documents/dag-dag-dag/.venv/lib/python3.10/site-packages/airflow/example_dags/example_nested_branch_dag.py for tasks to queue
[2024-05-15T03:22:24.137+0800] {logging_mixin.py:188} INFO - [2024-05-15T03:22:24.137+0800] {dagbag.py:545} INFO - Filling up the DagBag from /home/jithish/Documents/dag-dag-dag/.venv/lib/python3.10/site-packages/airflow/example_dags/example_nested_branch_dag.py
[2024-05-15T03:22:24.147+0800] {processor.py:840} INFO - DAG(s) 'example_nested_branch_dag' retrieved from /home/jithish/Documents/dag-dag-dag/.venv/lib/python3.10/site-packages/airflow/example_dags/example_nested_branch_dag.py
[2024-05-15T03:22:24.161+0800] {logging_mixin.py:188} INFO - [2024-05-15T03:22:24.160+0800] {dag.py:3096} INFO - Sync 1 DAGs
[2024-05-15T03:22:24.175+0800] {logging_mixin.py:188} INFO - [2024-05-15T03:22:24.175+0800] {dag.py:3954} INFO - Setting next_dagrun for example_nested_branch_dag to 2024-05-13 00:00:00+00:00, run_after=2024-05-14 00:00:00+00:00
[2024-05-15T03:22:24.199+0800] {processor.py:183} INFO - Processing /home/jithish/Documents/dag-dag-dag/.venv/lib/python3.10/site-packages/airflow/example_dags/example_nested_branch_dag.py took 0.130 seconds
[2024-05-15T03:23:43.692+0800] {processor.py:161} INFO - Started process (PID=82464) to work on /home/jithish/Documents/dag-dag-dag/.venv/lib/python3.10/site-packages/airflow/example_dags/example_nested_branch_dag.py
[2024-05-15T03:23:43.718+0800] {processor.py:830} INFO - Processing file /home/jithish/Documents/dag-dag-dag/.venv/lib/python3.10/site-packages/airflow/example_dags/example_nested_branch_dag.py for tasks to queue
[2024-05-15T03:23:43.719+0800] {logging_mixin.py:188} INFO - [2024-05-15T03:23:43.719+0800] {dagbag.py:545} INFO - Filling up the DagBag from /home/jithish/Documents/dag-dag-dag/.venv/lib/python3.10/site-packages/airflow/example_dags/example_nested_branch_dag.py
[2024-05-15T03:23:43.728+0800] {processor.py:840} INFO - DAG(s) 'example_nested_branch_dag' retrieved from /home/jithish/Documents/dag-dag-dag/.venv/lib/python3.10/site-packages/airflow/example_dags/example_nested_branch_dag.py
[2024-05-15T03:23:43.743+0800] {logging_mixin.py:188} INFO - [2024-05-15T03:23:43.743+0800] {dag.py:3096} INFO - Sync 1 DAGs
[2024-05-15T03:23:43.758+0800] {logging_mixin.py:188} INFO - [2024-05-15T03:23:43.758+0800] {dag.py:3954} INFO - Setting next_dagrun for example_nested_branch_dag to 2024-05-13 00:00:00+00:00, run_after=2024-05-14 00:00:00+00:00
[2024-05-15T03:23:43.781+0800] {processor.py:183} INFO - Processing /home/jithish/Documents/dag-dag-dag/.venv/lib/python3.10/site-packages/airflow/example_dags/example_nested_branch_dag.py took 0.094 seconds
[2024-05-15T03:25:05.506+0800] {processor.py:161} INFO - Started process (PID=83177) to work on /home/jithish/Documents/dag-dag-dag/.venv/lib/python3.10/site-packages/airflow/example_dags/example_nested_branch_dag.py
[2024-05-15T03:25:05.568+0800] {processor.py:830} INFO - Processing file /home/jithish/Documents/dag-dag-dag/.venv/lib/python3.10/site-packages/airflow/example_dags/example_nested_branch_dag.py for tasks to queue
[2024-05-15T03:25:05.574+0800] {logging_mixin.py:188} INFO - [2024-05-15T03:25:05.573+0800] {dagbag.py:545} INFO - Filling up the DagBag from /home/jithish/Documents/dag-dag-dag/.venv/lib/python3.10/site-packages/airflow/example_dags/example_nested_branch_dag.py
[2024-05-15T03:25:05.604+0800] {processor.py:840} INFO - DAG(s) 'example_nested_branch_dag' retrieved from /home/jithish/Documents/dag-dag-dag/.venv/lib/python3.10/site-packages/airflow/example_dags/example_nested_branch_dag.py
[2024-05-15T03:25:05.625+0800] {logging_mixin.py:188} INFO - [2024-05-15T03:25:05.625+0800] {dag.py:3096} INFO - Sync 1 DAGs
[2024-05-15T03:25:05.640+0800] {logging_mixin.py:188} INFO - [2024-05-15T03:25:05.640+0800] {dag.py:3954} INFO - Setting next_dagrun for example_nested_branch_dag to 2024-05-13 00:00:00+00:00, run_after=2024-05-14 00:00:00+00:00
[2024-05-15T03:25:05.673+0800] {processor.py:183} INFO - Processing /home/jithish/Documents/dag-dag-dag/.venv/lib/python3.10/site-packages/airflow/example_dags/example_nested_branch_dag.py took 0.171 seconds
[2024-05-15T03:26:24.777+0800] {processor.py:161} INFO - Started process (PID=83812) to work on /home/jithish/Documents/dag-dag-dag/.venv/lib/python3.10/site-packages/airflow/example_dags/example_nested_branch_dag.py
[2024-05-15T03:26:24.838+0800] {processor.py:830} INFO - Processing file /home/jithish/Documents/dag-dag-dag/.venv/lib/python3.10/site-packages/airflow/example_dags/example_nested_branch_dag.py for tasks to queue
[2024-05-15T03:26:24.842+0800] {logging_mixin.py:188} INFO - [2024-05-15T03:26:24.841+0800] {dagbag.py:545} INFO - Filling up the DagBag from /home/jithish/Documents/dag-dag-dag/.venv/lib/python3.10/site-packages/airflow/example_dags/example_nested_branch_dag.py
[2024-05-15T03:26:24.876+0800] {processor.py:840} INFO - DAG(s) 'example_nested_branch_dag' retrieved from /home/jithish/Documents/dag-dag-dag/.venv/lib/python3.10/site-packages/airflow/example_dags/example_nested_branch_dag.py
[2024-05-15T03:26:24.895+0800] {logging_mixin.py:188} INFO - [2024-05-15T03:26:24.895+0800] {dag.py:3096} INFO - Sync 1 DAGs
[2024-05-15T03:26:24.910+0800] {logging_mixin.py:188} INFO - [2024-05-15T03:26:24.910+0800] {dag.py:3954} INFO - Setting next_dagrun for example_nested_branch_dag to 2024-05-13 00:00:00+00:00, run_after=2024-05-14 00:00:00+00:00
[2024-05-15T03:26:24.937+0800] {processor.py:183} INFO - Processing /home/jithish/Documents/dag-dag-dag/.venv/lib/python3.10/site-packages/airflow/example_dags/example_nested_branch_dag.py took 0.165 seconds
[2024-05-15T03:27:19.532+0800] {processor.py:161} INFO - Started process (PID=84594) to work on /home/jithish/Documents/dag-dag-dag/.venv/lib/python3.10/site-packages/airflow/example_dags/example_nested_branch_dag.py
[2024-05-15T03:27:19.593+0800] {processor.py:830} INFO - Processing file /home/jithish/Documents/dag-dag-dag/.venv/lib/python3.10/site-packages/airflow/example_dags/example_nested_branch_dag.py for tasks to queue
[2024-05-15T03:27:19.598+0800] {logging_mixin.py:188} INFO - [2024-05-15T03:27:19.597+0800] {dagbag.py:545} INFO - Filling up the DagBag from /home/jithish/Documents/dag-dag-dag/.venv/lib/python3.10/site-packages/airflow/example_dags/example_nested_branch_dag.py
[2024-05-15T03:27:19.628+0800] {processor.py:840} INFO - DAG(s) 'example_nested_branch_dag' retrieved from /home/jithish/Documents/dag-dag-dag/.venv/lib/python3.10/site-packages/airflow/example_dags/example_nested_branch_dag.py
[2024-05-15T03:27:19.649+0800] {logging_mixin.py:188} INFO - [2024-05-15T03:27:19.648+0800] {dag.py:3096} INFO - Sync 1 DAGs
[2024-05-15T03:27:19.663+0800] {logging_mixin.py:188} INFO - [2024-05-15T03:27:19.663+0800] {dag.py:3954} INFO - Setting next_dagrun for example_nested_branch_dag to 2024-05-13 00:00:00+00:00, run_after=2024-05-14 00:00:00+00:00
[2024-05-15T03:27:19.692+0800] {processor.py:183} INFO - Processing /home/jithish/Documents/dag-dag-dag/.venv/lib/python3.10/site-packages/airflow/example_dags/example_nested_branch_dag.py took 0.164 seconds
[2024-05-15T03:28:34.498+0800] {processor.py:161} INFO - Started process (PID=85214) to work on /home/jithish/Documents/dag-dag-dag/.venv/lib/python3.10/site-packages/airflow/example_dags/example_nested_branch_dag.py
[2024-05-15T03:28:34.559+0800] {processor.py:830} INFO - Processing file /home/jithish/Documents/dag-dag-dag/.venv/lib/python3.10/site-packages/airflow/example_dags/example_nested_branch_dag.py for tasks to queue
[2024-05-15T03:28:34.564+0800] {logging_mixin.py:188} INFO - [2024-05-15T03:28:34.563+0800] {dagbag.py:545} INFO - Filling up the DagBag from /home/jithish/Documents/dag-dag-dag/.venv/lib/python3.10/site-packages/airflow/example_dags/example_nested_branch_dag.py
[2024-05-15T03:28:34.594+0800] {processor.py:840} INFO - DAG(s) 'example_nested_branch_dag' retrieved from /home/jithish/Documents/dag-dag-dag/.venv/lib/python3.10/site-packages/airflow/example_dags/example_nested_branch_dag.py
[2024-05-15T03:28:34.615+0800] {logging_mixin.py:188} INFO - [2024-05-15T03:28:34.615+0800] {dag.py:3096} INFO - Sync 1 DAGs
[2024-05-15T03:28:34.631+0800] {logging_mixin.py:188} INFO - [2024-05-15T03:28:34.630+0800] {dag.py:3954} INFO - Setting next_dagrun for example_nested_branch_dag to 2024-05-13 00:00:00+00:00, run_after=2024-05-14 00:00:00+00:00
[2024-05-15T03:28:34.650+0800] {processor.py:183} INFO - Processing /home/jithish/Documents/dag-dag-dag/.venv/lib/python3.10/site-packages/airflow/example_dags/example_nested_branch_dag.py took 0.156 seconds
[2024-05-15T03:29:47.997+0800] {processor.py:161} INFO - Started process (PID=85865) to work on /home/jithish/Documents/dag-dag-dag/.venv/lib/python3.10/site-packages/airflow/example_dags/example_nested_branch_dag.py
[2024-05-15T03:29:47.998+0800] {processor.py:830} INFO - Processing file /home/jithish/Documents/dag-dag-dag/.venv/lib/python3.10/site-packages/airflow/example_dags/example_nested_branch_dag.py for tasks to queue
[2024-05-15T03:29:47.999+0800] {logging_mixin.py:188} INFO - [2024-05-15T03:29:47.999+0800] {dagbag.py:545} INFO - Filling up the DagBag from /home/jithish/Documents/dag-dag-dag/.venv/lib/python3.10/site-packages/airflow/example_dags/example_nested_branch_dag.py
[2024-05-15T03:29:48.007+0800] {processor.py:840} INFO - DAG(s) 'example_nested_branch_dag' retrieved from /home/jithish/Documents/dag-dag-dag/.venv/lib/python3.10/site-packages/airflow/example_dags/example_nested_branch_dag.py
[2024-05-15T03:29:48.020+0800] {logging_mixin.py:188} INFO - [2024-05-15T03:29:48.019+0800] {dag.py:3096} INFO - Sync 1 DAGs
[2024-05-15T03:29:48.036+0800] {logging_mixin.py:188} INFO - [2024-05-15T03:29:48.036+0800] {dag.py:3954} INFO - Setting next_dagrun for example_nested_branch_dag to 2024-05-13 00:00:00+00:00, run_after=2024-05-14 00:00:00+00:00
[2024-05-15T03:29:48.055+0800] {processor.py:183} INFO - Processing /home/jithish/Documents/dag-dag-dag/.venv/lib/python3.10/site-packages/airflow/example_dags/example_nested_branch_dag.py took 0.063 seconds
[2024-05-15T03:31:03.651+0800] {processor.py:161} INFO - Started process (PID=86508) to work on /home/jithish/Documents/dag-dag-dag/.venv/lib/python3.10/site-packages/airflow/example_dags/example_nested_branch_dag.py
[2024-05-15T03:31:03.713+0800] {processor.py:830} INFO - Processing file /home/jithish/Documents/dag-dag-dag/.venv/lib/python3.10/site-packages/airflow/example_dags/example_nested_branch_dag.py for tasks to queue
[2024-05-15T03:31:03.716+0800] {logging_mixin.py:188} INFO - [2024-05-15T03:31:03.715+0800] {dagbag.py:545} INFO - Filling up the DagBag from /home/jithish/Documents/dag-dag-dag/.venv/lib/python3.10/site-packages/airflow/example_dags/example_nested_branch_dag.py
[2024-05-15T03:31:03.730+0800] {processor.py:840} INFO - DAG(s) 'example_nested_branch_dag' retrieved from /home/jithish/Documents/dag-dag-dag/.venv/lib/python3.10/site-packages/airflow/example_dags/example_nested_branch_dag.py
[2024-05-15T03:31:03.745+0800] {logging_mixin.py:188} INFO - [2024-05-15T03:31:03.745+0800] {dag.py:3096} INFO - Sync 1 DAGs
[2024-05-15T03:31:03.761+0800] {logging_mixin.py:188} INFO - [2024-05-15T03:31:03.761+0800] {dag.py:3954} INFO - Setting next_dagrun for example_nested_branch_dag to 2024-05-13 00:00:00+00:00, run_after=2024-05-14 00:00:00+00:00
[2024-05-15T03:31:03.794+0800] {processor.py:183} INFO - Processing /home/jithish/Documents/dag-dag-dag/.venv/lib/python3.10/site-packages/airflow/example_dags/example_nested_branch_dag.py took 0.147 seconds
[2024-05-15T03:31:57.707+0800] {processor.py:161} INFO - Started process (PID=86981) to work on /home/jithish/Documents/dag-dag-dag/.venv/lib/python3.10/site-packages/airflow/example_dags/example_nested_branch_dag.py
[2024-05-15T03:31:57.769+0800] {processor.py:830} INFO - Processing file /home/jithish/Documents/dag-dag-dag/.venv/lib/python3.10/site-packages/airflow/example_dags/example_nested_branch_dag.py for tasks to queue
[2024-05-15T03:31:57.771+0800] {logging_mixin.py:188} INFO - [2024-05-15T03:31:57.771+0800] {dagbag.py:545} INFO - Filling up the DagBag from /home/jithish/Documents/dag-dag-dag/.venv/lib/python3.10/site-packages/airflow/example_dags/example_nested_branch_dag.py
[2024-05-15T03:31:57.779+0800] {processor.py:840} INFO - DAG(s) 'example_nested_branch_dag' retrieved from /home/jithish/Documents/dag-dag-dag/.venv/lib/python3.10/site-packages/airflow/example_dags/example_nested_branch_dag.py
[2024-05-15T03:31:57.792+0800] {logging_mixin.py:188} INFO - [2024-05-15T03:31:57.792+0800] {dag.py:3096} INFO - Sync 1 DAGs
[2024-05-15T03:31:57.806+0800] {logging_mixin.py:188} INFO - [2024-05-15T03:31:57.806+0800] {dag.py:3954} INFO - Setting next_dagrun for example_nested_branch_dag to 2024-05-13 00:00:00+00:00, run_after=2024-05-14 00:00:00+00:00
[2024-05-15T03:31:57.831+0800] {processor.py:183} INFO - Processing /home/jithish/Documents/dag-dag-dag/.venv/lib/python3.10/site-packages/airflow/example_dags/example_nested_branch_dag.py took 0.141 seconds
[2024-05-15T03:33:10.646+0800] {processor.py:161} INFO - Started process (PID=87600) to work on /home/jithish/Documents/dag-dag-dag/.venv/lib/python3.10/site-packages/airflow/example_dags/example_nested_branch_dag.py
[2024-05-15T03:33:10.647+0800] {processor.py:830} INFO - Processing file /home/jithish/Documents/dag-dag-dag/.venv/lib/python3.10/site-packages/airflow/example_dags/example_nested_branch_dag.py for tasks to queue
[2024-05-15T03:33:10.648+0800] {logging_mixin.py:188} INFO - [2024-05-15T03:33:10.648+0800] {dagbag.py:545} INFO - Filling up the DagBag from /home/jithish/Documents/dag-dag-dag/.venv/lib/python3.10/site-packages/airflow/example_dags/example_nested_branch_dag.py
[2024-05-15T03:33:10.656+0800] {processor.py:840} INFO - DAG(s) 'example_nested_branch_dag' retrieved from /home/jithish/Documents/dag-dag-dag/.venv/lib/python3.10/site-packages/airflow/example_dags/example_nested_branch_dag.py
[2024-05-15T03:33:10.669+0800] {logging_mixin.py:188} INFO - [2024-05-15T03:33:10.669+0800] {dag.py:3096} INFO - Sync 1 DAGs
[2024-05-15T03:33:10.687+0800] {logging_mixin.py:188} INFO - [2024-05-15T03:33:10.687+0800] {dag.py:3954} INFO - Setting next_dagrun for example_nested_branch_dag to 2024-05-13 00:00:00+00:00, run_after=2024-05-14 00:00:00+00:00
[2024-05-15T03:33:10.702+0800] {processor.py:183} INFO - Processing /home/jithish/Documents/dag-dag-dag/.venv/lib/python3.10/site-packages/airflow/example_dags/example_nested_branch_dag.py took 0.060 seconds
[2024-05-15T03:34:19.637+0800] {processor.py:161} INFO - Started process (PID=88238) to work on /home/jithish/Documents/dag-dag-dag/.venv/lib/python3.10/site-packages/airflow/example_dags/example_nested_branch_dag.py
[2024-05-15T03:34:19.697+0800] {processor.py:830} INFO - Processing file /home/jithish/Documents/dag-dag-dag/.venv/lib/python3.10/site-packages/airflow/example_dags/example_nested_branch_dag.py for tasks to queue
[2024-05-15T03:34:19.699+0800] {logging_mixin.py:188} INFO - [2024-05-15T03:34:19.698+0800] {dagbag.py:545} INFO - Filling up the DagBag from /home/jithish/Documents/dag-dag-dag/.venv/lib/python3.10/site-packages/airflow/example_dags/example_nested_branch_dag.py
[2024-05-15T03:34:19.709+0800] {processor.py:840} INFO - DAG(s) 'example_nested_branch_dag' retrieved from /home/jithish/Documents/dag-dag-dag/.venv/lib/python3.10/site-packages/airflow/example_dags/example_nested_branch_dag.py
[2024-05-15T03:34:19.724+0800] {logging_mixin.py:188} INFO - [2024-05-15T03:34:19.724+0800] {dag.py:3096} INFO - Sync 1 DAGs
[2024-05-15T03:34:19.740+0800] {logging_mixin.py:188} INFO - [2024-05-15T03:34:19.740+0800] {dag.py:3954} INFO - Setting next_dagrun for example_nested_branch_dag to 2024-05-13 00:00:00+00:00, run_after=2024-05-14 00:00:00+00:00
[2024-05-15T03:34:19.762+0800] {processor.py:183} INFO - Processing /home/jithish/Documents/dag-dag-dag/.venv/lib/python3.10/site-packages/airflow/example_dags/example_nested_branch_dag.py took 0.130 seconds
[2024-05-15T03:35:32.833+0800] {processor.py:161} INFO - Started process (PID=88914) to work on /home/jithish/Documents/dag-dag-dag/.venv/lib/python3.10/site-packages/airflow/example_dags/example_nested_branch_dag.py
[2024-05-15T03:35:32.894+0800] {processor.py:830} INFO - Processing file /home/jithish/Documents/dag-dag-dag/.venv/lib/python3.10/site-packages/airflow/example_dags/example_nested_branch_dag.py for tasks to queue
[2024-05-15T03:35:32.895+0800] {logging_mixin.py:188} INFO - [2024-05-15T03:35:32.895+0800] {dagbag.py:545} INFO - Filling up the DagBag from /home/jithish/Documents/dag-dag-dag/.venv/lib/python3.10/site-packages/airflow/example_dags/example_nested_branch_dag.py
[2024-05-15T03:35:32.903+0800] {processor.py:840} INFO - DAG(s) 'example_nested_branch_dag' retrieved from /home/jithish/Documents/dag-dag-dag/.venv/lib/python3.10/site-packages/airflow/example_dags/example_nested_branch_dag.py
[2024-05-15T03:35:32.916+0800] {logging_mixin.py:188} INFO - [2024-05-15T03:35:32.915+0800] {dag.py:3096} INFO - Sync 1 DAGs
[2024-05-15T03:35:32.931+0800] {logging_mixin.py:188} INFO - [2024-05-15T03:35:32.931+0800] {dag.py:3954} INFO - Setting next_dagrun for example_nested_branch_dag to 2024-05-13 00:00:00+00:00, run_after=2024-05-14 00:00:00+00:00
[2024-05-15T03:35:32.952+0800] {processor.py:183} INFO - Processing /home/jithish/Documents/dag-dag-dag/.venv/lib/python3.10/site-packages/airflow/example_dags/example_nested_branch_dag.py took 0.124 seconds
[2024-05-15T03:36:45.420+0800] {processor.py:161} INFO - Started process (PID=89611) to work on /home/jithish/Documents/dag-dag-dag/.venv/lib/python3.10/site-packages/airflow/example_dags/example_nested_branch_dag.py
[2024-05-15T03:36:45.425+0800] {processor.py:830} INFO - Processing file /home/jithish/Documents/dag-dag-dag/.venv/lib/python3.10/site-packages/airflow/example_dags/example_nested_branch_dag.py for tasks to queue
[2024-05-15T03:36:45.426+0800] {logging_mixin.py:188} INFO - [2024-05-15T03:36:45.426+0800] {dagbag.py:545} INFO - Filling up the DagBag from /home/jithish/Documents/dag-dag-dag/.venv/lib/python3.10/site-packages/airflow/example_dags/example_nested_branch_dag.py
[2024-05-15T03:36:45.434+0800] {processor.py:840} INFO - DAG(s) 'example_nested_branch_dag' retrieved from /home/jithish/Documents/dag-dag-dag/.venv/lib/python3.10/site-packages/airflow/example_dags/example_nested_branch_dag.py
[2024-05-15T03:36:45.446+0800] {logging_mixin.py:188} INFO - [2024-05-15T03:36:45.446+0800] {dag.py:3096} INFO - Sync 1 DAGs
[2024-05-15T03:36:45.460+0800] {logging_mixin.py:188} INFO - [2024-05-15T03:36:45.460+0800] {dag.py:3954} INFO - Setting next_dagrun for example_nested_branch_dag to 2024-05-13 00:00:00+00:00, run_after=2024-05-14 00:00:00+00:00
[2024-05-15T03:36:45.479+0800] {processor.py:183} INFO - Processing /home/jithish/Documents/dag-dag-dag/.venv/lib/python3.10/site-packages/airflow/example_dags/example_nested_branch_dag.py took 0.064 seconds
[2024-05-15T03:38:01.514+0800] {processor.py:161} INFO - Started process (PID=90280) to work on /home/jithish/Documents/dag-dag-dag/.venv/lib/python3.10/site-packages/airflow/example_dags/example_nested_branch_dag.py
[2024-05-15T03:38:01.576+0800] {processor.py:830} INFO - Processing file /home/jithish/Documents/dag-dag-dag/.venv/lib/python3.10/site-packages/airflow/example_dags/example_nested_branch_dag.py for tasks to queue
[2024-05-15T03:38:01.580+0800] {logging_mixin.py:188} INFO - [2024-05-15T03:38:01.579+0800] {dagbag.py:545} INFO - Filling up the DagBag from /home/jithish/Documents/dag-dag-dag/.venv/lib/python3.10/site-packages/airflow/example_dags/example_nested_branch_dag.py
[2024-05-15T03:38:01.609+0800] {processor.py:840} INFO - DAG(s) 'example_nested_branch_dag' retrieved from /home/jithish/Documents/dag-dag-dag/.venv/lib/python3.10/site-packages/airflow/example_dags/example_nested_branch_dag.py
[2024-05-15T03:38:01.629+0800] {logging_mixin.py:188} INFO - [2024-05-15T03:38:01.629+0800] {dag.py:3096} INFO - Sync 1 DAGs
[2024-05-15T03:38:01.644+0800] {logging_mixin.py:188} INFO - [2024-05-15T03:38:01.644+0800] {dag.py:3954} INFO - Setting next_dagrun for example_nested_branch_dag to 2024-05-13 00:00:00+00:00, run_after=2024-05-14 00:00:00+00:00
[2024-05-15T03:38:01.663+0800] {processor.py:183} INFO - Processing /home/jithish/Documents/dag-dag-dag/.venv/lib/python3.10/site-packages/airflow/example_dags/example_nested_branch_dag.py took 0.154 seconds
[2024-05-15T03:39:23.207+0800] {processor.py:161} INFO - Started process (PID=91421) to work on /home/jithish/Documents/dag-dag-dag/.venv/lib/python3.10/site-packages/airflow/example_dags/example_nested_branch_dag.py
[2024-05-15T03:39:23.269+0800] {processor.py:830} INFO - Processing file /home/jithish/Documents/dag-dag-dag/.venv/lib/python3.10/site-packages/airflow/example_dags/example_nested_branch_dag.py for tasks to queue
[2024-05-15T03:39:23.271+0800] {logging_mixin.py:188} INFO - [2024-05-15T03:39:23.271+0800] {dagbag.py:545} INFO - Filling up the DagBag from /home/jithish/Documents/dag-dag-dag/.venv/lib/python3.10/site-packages/airflow/example_dags/example_nested_branch_dag.py
[2024-05-15T03:39:23.287+0800] {processor.py:840} INFO - DAG(s) 'example_nested_branch_dag' retrieved from /home/jithish/Documents/dag-dag-dag/.venv/lib/python3.10/site-packages/airflow/example_dags/example_nested_branch_dag.py
[2024-05-15T03:39:23.305+0800] {logging_mixin.py:188} INFO - [2024-05-15T03:39:23.305+0800] {dag.py:3096} INFO - Sync 1 DAGs
[2024-05-15T03:39:23.323+0800] {logging_mixin.py:188} INFO - [2024-05-15T03:39:23.323+0800] {dag.py:3954} INFO - Setting next_dagrun for example_nested_branch_dag to 2024-05-13 00:00:00+00:00, run_after=2024-05-14 00:00:00+00:00
[2024-05-15T03:39:23.343+0800] {processor.py:183} INFO - Processing /home/jithish/Documents/dag-dag-dag/.venv/lib/python3.10/site-packages/airflow/example_dags/example_nested_branch_dag.py took 0.144 seconds
[2024-05-15T03:40:25.272+0800] {processor.py:161} INFO - Started process (PID=93089) to work on /home/jithish/Documents/dag-dag-dag/.venv/lib/python3.10/site-packages/airflow/example_dags/example_nested_branch_dag.py
[2024-05-15T03:40:25.334+0800] {processor.py:830} INFO - Processing file /home/jithish/Documents/dag-dag-dag/.venv/lib/python3.10/site-packages/airflow/example_dags/example_nested_branch_dag.py for tasks to queue
[2024-05-15T03:40:25.339+0800] {logging_mixin.py:188} INFO - [2024-05-15T03:40:25.338+0800] {dagbag.py:545} INFO - Filling up the DagBag from /home/jithish/Documents/dag-dag-dag/.venv/lib/python3.10/site-packages/airflow/example_dags/example_nested_branch_dag.py
[2024-05-15T03:40:25.370+0800] {processor.py:840} INFO - DAG(s) 'example_nested_branch_dag' retrieved from /home/jithish/Documents/dag-dag-dag/.venv/lib/python3.10/site-packages/airflow/example_dags/example_nested_branch_dag.py
[2024-05-15T03:40:25.389+0800] {logging_mixin.py:188} INFO - [2024-05-15T03:40:25.389+0800] {dag.py:3096} INFO - Sync 1 DAGs
[2024-05-15T03:40:25.405+0800] {logging_mixin.py:188} INFO - [2024-05-15T03:40:25.405+0800] {dag.py:3954} INFO - Setting next_dagrun for example_nested_branch_dag to 2024-05-13 00:00:00+00:00, run_after=2024-05-14 00:00:00+00:00
[2024-05-15T03:40:25.438+0800] {processor.py:183} INFO - Processing /home/jithish/Documents/dag-dag-dag/.venv/lib/python3.10/site-packages/airflow/example_dags/example_nested_branch_dag.py took 0.180 seconds
[2024-05-15T03:41:21.510+0800] {processor.py:161} INFO - Started process (PID=93842) to work on /home/jithish/Documents/dag-dag-dag/.venv/lib/python3.10/site-packages/airflow/example_dags/example_nested_branch_dag.py
[2024-05-15T03:41:21.511+0800] {processor.py:830} INFO - Processing file /home/jithish/Documents/dag-dag-dag/.venv/lib/python3.10/site-packages/airflow/example_dags/example_nested_branch_dag.py for tasks to queue
[2024-05-15T03:41:21.513+0800] {logging_mixin.py:188} INFO - [2024-05-15T03:41:21.512+0800] {dagbag.py:545} INFO - Filling up the DagBag from /home/jithish/Documents/dag-dag-dag/.venv/lib/python3.10/site-packages/airflow/example_dags/example_nested_branch_dag.py
[2024-05-15T03:41:21.523+0800] {processor.py:840} INFO - DAG(s) 'example_nested_branch_dag' retrieved from /home/jithish/Documents/dag-dag-dag/.venv/lib/python3.10/site-packages/airflow/example_dags/example_nested_branch_dag.py
[2024-05-15T03:41:21.535+0800] {logging_mixin.py:188} INFO - [2024-05-15T03:41:21.535+0800] {dag.py:3096} INFO - Sync 1 DAGs
[2024-05-15T03:41:21.551+0800] {logging_mixin.py:188} INFO - [2024-05-15T03:41:21.551+0800] {dag.py:3954} INFO - Setting next_dagrun for example_nested_branch_dag to 2024-05-13 00:00:00+00:00, run_after=2024-05-14 00:00:00+00:00
[2024-05-15T03:41:21.578+0800] {processor.py:183} INFO - Processing /home/jithish/Documents/dag-dag-dag/.venv/lib/python3.10/site-packages/airflow/example_dags/example_nested_branch_dag.py took 0.075 seconds
[2024-05-15T03:42:16.041+0800] {processor.py:161} INFO - Started process (PID=94610) to work on /home/jithish/Documents/dag-dag-dag/.venv/lib/python3.10/site-packages/airflow/example_dags/example_nested_branch_dag.py
[2024-05-15T03:42:16.102+0800] {processor.py:830} INFO - Processing file /home/jithish/Documents/dag-dag-dag/.venv/lib/python3.10/site-packages/airflow/example_dags/example_nested_branch_dag.py for tasks to queue
[2024-05-15T03:42:16.104+0800] {logging_mixin.py:188} INFO - [2024-05-15T03:42:16.104+0800] {dagbag.py:545} INFO - Filling up the DagBag from /home/jithish/Documents/dag-dag-dag/.venv/lib/python3.10/site-packages/airflow/example_dags/example_nested_branch_dag.py
[2024-05-15T03:42:16.113+0800] {processor.py:840} INFO - DAG(s) 'example_nested_branch_dag' retrieved from /home/jithish/Documents/dag-dag-dag/.venv/lib/python3.10/site-packages/airflow/example_dags/example_nested_branch_dag.py
[2024-05-15T03:42:16.128+0800] {logging_mixin.py:188} INFO - [2024-05-15T03:42:16.127+0800] {dag.py:3096} INFO - Sync 1 DAGs
[2024-05-15T03:42:16.143+0800] {logging_mixin.py:188} INFO - [2024-05-15T03:42:16.143+0800] {dag.py:3954} INFO - Setting next_dagrun for example_nested_branch_dag to 2024-05-13 00:00:00+00:00, run_after=2024-05-14 00:00:00+00:00
[2024-05-15T03:42:16.174+0800] {processor.py:183} INFO - Processing /home/jithish/Documents/dag-dag-dag/.venv/lib/python3.10/site-packages/airflow/example_dags/example_nested_branch_dag.py took 0.151 seconds
[2024-05-15T03:43:34.670+0800] {processor.py:161} INFO - Started process (PID=95739) to work on /home/jithish/Documents/dag-dag-dag/.venv/lib/python3.10/site-packages/airflow/example_dags/example_nested_branch_dag.py
[2024-05-15T03:43:34.671+0800] {processor.py:830} INFO - Processing file /home/jithish/Documents/dag-dag-dag/.venv/lib/python3.10/site-packages/airflow/example_dags/example_nested_branch_dag.py for tasks to queue
[2024-05-15T03:43:34.674+0800] {logging_mixin.py:188} INFO - [2024-05-15T03:43:34.674+0800] {dagbag.py:545} INFO - Filling up the DagBag from /home/jithish/Documents/dag-dag-dag/.venv/lib/python3.10/site-packages/airflow/example_dags/example_nested_branch_dag.py
[2024-05-15T03:43:34.687+0800] {processor.py:840} INFO - DAG(s) 'example_nested_branch_dag' retrieved from /home/jithish/Documents/dag-dag-dag/.venv/lib/python3.10/site-packages/airflow/example_dags/example_nested_branch_dag.py
[2024-05-15T03:43:34.703+0800] {logging_mixin.py:188} INFO - [2024-05-15T03:43:34.702+0800] {dag.py:3096} INFO - Sync 1 DAGs
[2024-05-15T03:43:34.719+0800] {logging_mixin.py:188} INFO - [2024-05-15T03:43:34.719+0800] {dag.py:3954} INFO - Setting next_dagrun for example_nested_branch_dag to 2024-05-13 00:00:00+00:00, run_after=2024-05-14 00:00:00+00:00
[2024-05-15T03:43:34.736+0800] {processor.py:183} INFO - Processing /home/jithish/Documents/dag-dag-dag/.venv/lib/python3.10/site-packages/airflow/example_dags/example_nested_branch_dag.py took 0.077 seconds
[2024-05-15T03:44:31.845+0800] {processor.py:161} INFO - Started process (PID=96645) to work on /home/jithish/Documents/dag-dag-dag/.venv/lib/python3.10/site-packages/airflow/example_dags/example_nested_branch_dag.py
[2024-05-15T03:44:31.906+0800] {processor.py:830} INFO - Processing file /home/jithish/Documents/dag-dag-dag/.venv/lib/python3.10/site-packages/airflow/example_dags/example_nested_branch_dag.py for tasks to queue
[2024-05-15T03:44:31.908+0800] {logging_mixin.py:188} INFO - [2024-05-15T03:44:31.908+0800] {dagbag.py:545} INFO - Filling up the DagBag from /home/jithish/Documents/dag-dag-dag/.venv/lib/python3.10/site-packages/airflow/example_dags/example_nested_branch_dag.py
[2024-05-15T03:44:31.915+0800] {processor.py:840} INFO - DAG(s) 'example_nested_branch_dag' retrieved from /home/jithish/Documents/dag-dag-dag/.venv/lib/python3.10/site-packages/airflow/example_dags/example_nested_branch_dag.py
[2024-05-15T03:44:31.928+0800] {logging_mixin.py:188} INFO - [2024-05-15T03:44:31.927+0800] {dag.py:3096} INFO - Sync 1 DAGs
[2024-05-15T03:44:31.941+0800] {logging_mixin.py:188} INFO - [2024-05-15T03:44:31.941+0800] {dag.py:3954} INFO - Setting next_dagrun for example_nested_branch_dag to 2024-05-13 00:00:00+00:00, run_after=2024-05-14 00:00:00+00:00
[2024-05-15T03:44:31.957+0800] {processor.py:183} INFO - Processing /home/jithish/Documents/dag-dag-dag/.venv/lib/python3.10/site-packages/airflow/example_dags/example_nested_branch_dag.py took 0.118 seconds
[2024-05-15T03:45:29.124+0800] {processor.py:161} INFO - Started process (PID=97208) to work on /home/jithish/Documents/dag-dag-dag/.venv/lib/python3.10/site-packages/airflow/example_dags/example_nested_branch_dag.py
[2024-05-15T03:45:29.185+0800] {processor.py:830} INFO - Processing file /home/jithish/Documents/dag-dag-dag/.venv/lib/python3.10/site-packages/airflow/example_dags/example_nested_branch_dag.py for tasks to queue
[2024-05-15T03:45:29.192+0800] {logging_mixin.py:188} INFO - [2024-05-15T03:45:29.191+0800] {dagbag.py:545} INFO - Filling up the DagBag from /home/jithish/Documents/dag-dag-dag/.venv/lib/python3.10/site-packages/airflow/example_dags/example_nested_branch_dag.py
[2024-05-15T03:45:29.221+0800] {processor.py:840} INFO - DAG(s) 'example_nested_branch_dag' retrieved from /home/jithish/Documents/dag-dag-dag/.venv/lib/python3.10/site-packages/airflow/example_dags/example_nested_branch_dag.py
[2024-05-15T03:45:29.245+0800] {logging_mixin.py:188} INFO - [2024-05-15T03:45:29.245+0800] {dag.py:3096} INFO - Sync 1 DAGs
[2024-05-15T03:45:29.267+0800] {logging_mixin.py:188} INFO - [2024-05-15T03:45:29.267+0800] {dag.py:3954} INFO - Setting next_dagrun for example_nested_branch_dag to 2024-05-13 00:00:00+00:00, run_after=2024-05-14 00:00:00+00:00
[2024-05-15T03:45:29.293+0800] {processor.py:183} INFO - Processing /home/jithish/Documents/dag-dag-dag/.venv/lib/python3.10/site-packages/airflow/example_dags/example_nested_branch_dag.py took 0.185 seconds
[2024-05-15T03:46:31.004+0800] {processor.py:161} INFO - Started process (PID=98203) to work on /home/jithish/Documents/dag-dag-dag/.venv/lib/python3.10/site-packages/airflow/example_dags/example_nested_branch_dag.py
[2024-05-15T03:46:31.013+0800] {processor.py:830} INFO - Processing file /home/jithish/Documents/dag-dag-dag/.venv/lib/python3.10/site-packages/airflow/example_dags/example_nested_branch_dag.py for tasks to queue
[2024-05-15T03:46:31.016+0800] {logging_mixin.py:188} INFO - [2024-05-15T03:46:31.015+0800] {dagbag.py:545} INFO - Filling up the DagBag from /home/jithish/Documents/dag-dag-dag/.venv/lib/python3.10/site-packages/airflow/example_dags/example_nested_branch_dag.py
[2024-05-15T03:46:31.033+0800] {processor.py:840} INFO - DAG(s) 'example_nested_branch_dag' retrieved from /home/jithish/Documents/dag-dag-dag/.venv/lib/python3.10/site-packages/airflow/example_dags/example_nested_branch_dag.py
[2024-05-15T03:46:31.050+0800] {logging_mixin.py:188} INFO - [2024-05-15T03:46:31.050+0800] {dag.py:3096} INFO - Sync 1 DAGs
[2024-05-15T03:46:31.066+0800] {logging_mixin.py:188} INFO - [2024-05-15T03:46:31.065+0800] {dag.py:3954} INFO - Setting next_dagrun for example_nested_branch_dag to 2024-05-13 00:00:00+00:00, run_after=2024-05-14 00:00:00+00:00
[2024-05-15T03:46:31.096+0800] {processor.py:183} INFO - Processing /home/jithish/Documents/dag-dag-dag/.venv/lib/python3.10/site-packages/airflow/example_dags/example_nested_branch_dag.py took 0.103 seconds
[2024-05-15T03:47:29.817+0800] {processor.py:161} INFO - Started process (PID=99017) to work on /home/jithish/Documents/dag-dag-dag/.venv/lib/python3.10/site-packages/airflow/example_dags/example_nested_branch_dag.py
[2024-05-15T03:47:29.878+0800] {processor.py:830} INFO - Processing file /home/jithish/Documents/dag-dag-dag/.venv/lib/python3.10/site-packages/airflow/example_dags/example_nested_branch_dag.py for tasks to queue
[2024-05-15T03:47:29.880+0800] {logging_mixin.py:188} INFO - [2024-05-15T03:47:29.880+0800] {dagbag.py:545} INFO - Filling up the DagBag from /home/jithish/Documents/dag-dag-dag/.venv/lib/python3.10/site-packages/airflow/example_dags/example_nested_branch_dag.py
[2024-05-15T03:47:29.888+0800] {processor.py:840} INFO - DAG(s) 'example_nested_branch_dag' retrieved from /home/jithish/Documents/dag-dag-dag/.venv/lib/python3.10/site-packages/airflow/example_dags/example_nested_branch_dag.py
[2024-05-15T03:47:29.902+0800] {logging_mixin.py:188} INFO - [2024-05-15T03:47:29.902+0800] {dag.py:3096} INFO - Sync 1 DAGs
[2024-05-15T03:47:29.918+0800] {logging_mixin.py:188} INFO - [2024-05-15T03:47:29.918+0800] {dag.py:3954} INFO - Setting next_dagrun for example_nested_branch_dag to 2024-05-13 00:00:00+00:00, run_after=2024-05-14 00:00:00+00:00
[2024-05-15T03:47:29.937+0800] {processor.py:183} INFO - Processing /home/jithish/Documents/dag-dag-dag/.venv/lib/python3.10/site-packages/airflow/example_dags/example_nested_branch_dag.py took 0.129 seconds
[2024-05-15T03:48:45.191+0800] {processor.py:161} INFO - Started process (PID=100063) to work on /home/jithish/Documents/dag-dag-dag/.venv/lib/python3.10/site-packages/airflow/example_dags/example_nested_branch_dag.py
[2024-05-15T03:48:45.252+0800] {processor.py:830} INFO - Processing file /home/jithish/Documents/dag-dag-dag/.venv/lib/python3.10/site-packages/airflow/example_dags/example_nested_branch_dag.py for tasks to queue
[2024-05-15T03:48:45.255+0800] {logging_mixin.py:188} INFO - [2024-05-15T03:48:45.255+0800] {dagbag.py:545} INFO - Filling up the DagBag from /home/jithish/Documents/dag-dag-dag/.venv/lib/python3.10/site-packages/airflow/example_dags/example_nested_branch_dag.py
[2024-05-15T03:48:45.268+0800] {processor.py:840} INFO - DAG(s) 'example_nested_branch_dag' retrieved from /home/jithish/Documents/dag-dag-dag/.venv/lib/python3.10/site-packages/airflow/example_dags/example_nested_branch_dag.py
[2024-05-15T03:48:45.286+0800] {logging_mixin.py:188} INFO - [2024-05-15T03:48:45.285+0800] {dag.py:3096} INFO - Sync 1 DAGs
[2024-05-15T03:48:45.309+0800] {logging_mixin.py:188} INFO - [2024-05-15T03:48:45.309+0800] {dag.py:3954} INFO - Setting next_dagrun for example_nested_branch_dag to 2024-05-13 00:00:00+00:00, run_after=2024-05-14 00:00:00+00:00
[2024-05-15T03:48:45.329+0800] {processor.py:183} INFO - Processing /home/jithish/Documents/dag-dag-dag/.venv/lib/python3.10/site-packages/airflow/example_dags/example_nested_branch_dag.py took 0.149 seconds
[2024-05-15T03:49:41.291+0800] {processor.py:161} INFO - Started process (PID=100917) to work on /home/jithish/Documents/dag-dag-dag/.venv/lib/python3.10/site-packages/airflow/example_dags/example_nested_branch_dag.py
[2024-05-15T03:49:41.352+0800] {processor.py:830} INFO - Processing file /home/jithish/Documents/dag-dag-dag/.venv/lib/python3.10/site-packages/airflow/example_dags/example_nested_branch_dag.py for tasks to queue
[2024-05-15T03:49:41.354+0800] {logging_mixin.py:188} INFO - [2024-05-15T03:49:41.353+0800] {dagbag.py:545} INFO - Filling up the DagBag from /home/jithish/Documents/dag-dag-dag/.venv/lib/python3.10/site-packages/airflow/example_dags/example_nested_branch_dag.py
[2024-05-15T03:49:41.365+0800] {processor.py:840} INFO - DAG(s) 'example_nested_branch_dag' retrieved from /home/jithish/Documents/dag-dag-dag/.venv/lib/python3.10/site-packages/airflow/example_dags/example_nested_branch_dag.py
[2024-05-15T03:49:41.377+0800] {logging_mixin.py:188} INFO - [2024-05-15T03:49:41.377+0800] {dag.py:3096} INFO - Sync 1 DAGs
[2024-05-15T03:49:41.393+0800] {logging_mixin.py:188} INFO - [2024-05-15T03:49:41.393+0800] {dag.py:3954} INFO - Setting next_dagrun for example_nested_branch_dag to 2024-05-13 00:00:00+00:00, run_after=2024-05-14 00:00:00+00:00
[2024-05-15T03:49:41.415+0800] {processor.py:183} INFO - Processing /home/jithish/Documents/dag-dag-dag/.venv/lib/python3.10/site-packages/airflow/example_dags/example_nested_branch_dag.py took 0.135 seconds
[2024-05-15T03:50:39.304+0800] {processor.py:161} INFO - Started process (PID=101705) to work on /home/jithish/Documents/dag-dag-dag/.venv/lib/python3.10/site-packages/airflow/example_dags/example_nested_branch_dag.py
[2024-05-15T03:50:39.306+0800] {processor.py:830} INFO - Processing file /home/jithish/Documents/dag-dag-dag/.venv/lib/python3.10/site-packages/airflow/example_dags/example_nested_branch_dag.py for tasks to queue
[2024-05-15T03:50:39.308+0800] {logging_mixin.py:188} INFO - [2024-05-15T03:50:39.308+0800] {dagbag.py:545} INFO - Filling up the DagBag from /home/jithish/Documents/dag-dag-dag/.venv/lib/python3.10/site-packages/airflow/example_dags/example_nested_branch_dag.py
[2024-05-15T03:50:39.318+0800] {processor.py:840} INFO - DAG(s) 'example_nested_branch_dag' retrieved from /home/jithish/Documents/dag-dag-dag/.venv/lib/python3.10/site-packages/airflow/example_dags/example_nested_branch_dag.py
[2024-05-15T03:50:39.332+0800] {logging_mixin.py:188} INFO - [2024-05-15T03:50:39.332+0800] {dag.py:3096} INFO - Sync 1 DAGs
[2024-05-15T03:50:39.348+0800] {logging_mixin.py:188} INFO - [2024-05-15T03:50:39.348+0800] {dag.py:3954} INFO - Setting next_dagrun for example_nested_branch_dag to 2024-05-13 00:00:00+00:00, run_after=2024-05-14 00:00:00+00:00
[2024-05-15T03:50:39.363+0800] {processor.py:183} INFO - Processing /home/jithish/Documents/dag-dag-dag/.venv/lib/python3.10/site-packages/airflow/example_dags/example_nested_branch_dag.py took 0.064 seconds
[2024-05-15T03:51:35.879+0800] {processor.py:161} INFO - Started process (PID=102457) to work on /home/jithish/Documents/dag-dag-dag/.venv/lib/python3.10/site-packages/airflow/example_dags/example_nested_branch_dag.py
[2024-05-15T03:51:35.941+0800] {processor.py:830} INFO - Processing file /home/jithish/Documents/dag-dag-dag/.venv/lib/python3.10/site-packages/airflow/example_dags/example_nested_branch_dag.py for tasks to queue
[2024-05-15T03:51:35.945+0800] {logging_mixin.py:188} INFO - [2024-05-15T03:51:35.944+0800] {dagbag.py:545} INFO - Filling up the DagBag from /home/jithish/Documents/dag-dag-dag/.venv/lib/python3.10/site-packages/airflow/example_dags/example_nested_branch_dag.py
[2024-05-15T03:51:35.974+0800] {processor.py:840} INFO - DAG(s) 'example_nested_branch_dag' retrieved from /home/jithish/Documents/dag-dag-dag/.venv/lib/python3.10/site-packages/airflow/example_dags/example_nested_branch_dag.py
[2024-05-15T03:51:35.994+0800] {logging_mixin.py:188} INFO - [2024-05-15T03:51:35.994+0800] {dag.py:3096} INFO - Sync 1 DAGs
[2024-05-15T03:51:36.009+0800] {logging_mixin.py:188} INFO - [2024-05-15T03:51:36.009+0800] {dag.py:3954} INFO - Setting next_dagrun for example_nested_branch_dag to 2024-05-13 00:00:00+00:00, run_after=2024-05-14 00:00:00+00:00
[2024-05-15T03:51:36.027+0800] {processor.py:183} INFO - Processing /home/jithish/Documents/dag-dag-dag/.venv/lib/python3.10/site-packages/airflow/example_dags/example_nested_branch_dag.py took 0.152 seconds
[2024-05-15T03:52:47.387+0800] {processor.py:161} INFO - Started process (PID=103182) to work on /home/jithish/Documents/dag-dag-dag/.venv/lib/python3.10/site-packages/airflow/example_dags/example_nested_branch_dag.py
[2024-05-15T03:52:47.449+0800] {processor.py:830} INFO - Processing file /home/jithish/Documents/dag-dag-dag/.venv/lib/python3.10/site-packages/airflow/example_dags/example_nested_branch_dag.py for tasks to queue
[2024-05-15T03:52:47.453+0800] {logging_mixin.py:188} INFO - [2024-05-15T03:52:47.452+0800] {dagbag.py:545} INFO - Filling up the DagBag from /home/jithish/Documents/dag-dag-dag/.venv/lib/python3.10/site-packages/airflow/example_dags/example_nested_branch_dag.py
[2024-05-15T03:52:47.483+0800] {processor.py:840} INFO - DAG(s) 'example_nested_branch_dag' retrieved from /home/jithish/Documents/dag-dag-dag/.venv/lib/python3.10/site-packages/airflow/example_dags/example_nested_branch_dag.py
[2024-05-15T03:52:47.504+0800] {logging_mixin.py:188} INFO - [2024-05-15T03:52:47.503+0800] {dag.py:3096} INFO - Sync 1 DAGs
[2024-05-15T03:52:47.519+0800] {logging_mixin.py:188} INFO - [2024-05-15T03:52:47.518+0800] {dag.py:3954} INFO - Setting next_dagrun for example_nested_branch_dag to 2024-05-13 00:00:00+00:00, run_after=2024-05-14 00:00:00+00:00
[2024-05-15T03:52:47.538+0800] {processor.py:183} INFO - Processing /home/jithish/Documents/dag-dag-dag/.venv/lib/python3.10/site-packages/airflow/example_dags/example_nested_branch_dag.py took 0.168 seconds
[2024-05-15T03:53:44.311+0800] {processor.py:161} INFO - Started process (PID=103914) to work on /home/jithish/Documents/dag-dag-dag/.venv/lib/python3.10/site-packages/airflow/example_dags/example_nested_branch_dag.py
[2024-05-15T03:53:44.357+0800] {processor.py:830} INFO - Processing file /home/jithish/Documents/dag-dag-dag/.venv/lib/python3.10/site-packages/airflow/example_dags/example_nested_branch_dag.py for tasks to queue
[2024-05-15T03:53:44.362+0800] {logging_mixin.py:188} INFO - [2024-05-15T03:53:44.361+0800] {dagbag.py:545} INFO - Filling up the DagBag from /home/jithish/Documents/dag-dag-dag/.venv/lib/python3.10/site-packages/airflow/example_dags/example_nested_branch_dag.py
[2024-05-15T03:53:44.386+0800] {processor.py:840} INFO - DAG(s) 'example_nested_branch_dag' retrieved from /home/jithish/Documents/dag-dag-dag/.venv/lib/python3.10/site-packages/airflow/example_dags/example_nested_branch_dag.py
[2024-05-15T03:53:44.405+0800] {logging_mixin.py:188} INFO - [2024-05-15T03:53:44.405+0800] {dag.py:3096} INFO - Sync 1 DAGs
[2024-05-15T03:53:44.419+0800] {logging_mixin.py:188} INFO - [2024-05-15T03:53:44.419+0800] {dag.py:3954} INFO - Setting next_dagrun for example_nested_branch_dag to 2024-05-13 00:00:00+00:00, run_after=2024-05-14 00:00:00+00:00
[2024-05-15T03:53:44.435+0800] {processor.py:183} INFO - Processing /home/jithish/Documents/dag-dag-dag/.venv/lib/python3.10/site-packages/airflow/example_dags/example_nested_branch_dag.py took 0.132 seconds
[2024-05-15T03:54:41.235+0800] {processor.py:161} INFO - Started process (PID=104623) to work on /home/jithish/Documents/dag-dag-dag/.venv/lib/python3.10/site-packages/airflow/example_dags/example_nested_branch_dag.py
[2024-05-15T03:54:41.298+0800] {processor.py:830} INFO - Processing file /home/jithish/Documents/dag-dag-dag/.venv/lib/python3.10/site-packages/airflow/example_dags/example_nested_branch_dag.py for tasks to queue
[2024-05-15T03:54:41.302+0800] {logging_mixin.py:188} INFO - [2024-05-15T03:54:41.301+0800] {dagbag.py:545} INFO - Filling up the DagBag from /home/jithish/Documents/dag-dag-dag/.venv/lib/python3.10/site-packages/airflow/example_dags/example_nested_branch_dag.py
[2024-05-15T03:54:41.332+0800] {processor.py:840} INFO - DAG(s) 'example_nested_branch_dag' retrieved from /home/jithish/Documents/dag-dag-dag/.venv/lib/python3.10/site-packages/airflow/example_dags/example_nested_branch_dag.py
[2024-05-15T03:54:41.353+0800] {logging_mixin.py:188} INFO - [2024-05-15T03:54:41.353+0800] {dag.py:3096} INFO - Sync 1 DAGs
[2024-05-15T03:54:41.374+0800] {logging_mixin.py:188} INFO - [2024-05-15T03:54:41.374+0800] {dag.py:3954} INFO - Setting next_dagrun for example_nested_branch_dag to 2024-05-13 00:00:00+00:00, run_after=2024-05-14 00:00:00+00:00
[2024-05-15T03:54:41.397+0800] {processor.py:183} INFO - Processing /home/jithish/Documents/dag-dag-dag/.venv/lib/python3.10/site-packages/airflow/example_dags/example_nested_branch_dag.py took 0.171 seconds
[2024-05-15T03:55:36.434+0800] {processor.py:161} INFO - Started process (PID=105340) to work on /home/jithish/Documents/dag-dag-dag/.venv/lib/python3.10/site-packages/airflow/example_dags/example_nested_branch_dag.py
[2024-05-15T03:55:36.496+0800] {processor.py:830} INFO - Processing file /home/jithish/Documents/dag-dag-dag/.venv/lib/python3.10/site-packages/airflow/example_dags/example_nested_branch_dag.py for tasks to queue
[2024-05-15T03:55:36.497+0800] {logging_mixin.py:188} INFO - [2024-05-15T03:55:36.497+0800] {dagbag.py:545} INFO - Filling up the DagBag from /home/jithish/Documents/dag-dag-dag/.venv/lib/python3.10/site-packages/airflow/example_dags/example_nested_branch_dag.py
[2024-05-15T03:55:36.506+0800] {processor.py:840} INFO - DAG(s) 'example_nested_branch_dag' retrieved from /home/jithish/Documents/dag-dag-dag/.venv/lib/python3.10/site-packages/airflow/example_dags/example_nested_branch_dag.py
[2024-05-15T03:55:36.518+0800] {logging_mixin.py:188} INFO - [2024-05-15T03:55:36.517+0800] {dag.py:3096} INFO - Sync 1 DAGs
[2024-05-15T03:55:36.531+0800] {logging_mixin.py:188} INFO - [2024-05-15T03:55:36.530+0800] {dag.py:3954} INFO - Setting next_dagrun for example_nested_branch_dag to 2024-05-13 00:00:00+00:00, run_after=2024-05-14 00:00:00+00:00
[2024-05-15T03:55:36.555+0800] {processor.py:183} INFO - Processing /home/jithish/Documents/dag-dag-dag/.venv/lib/python3.10/site-packages/airflow/example_dags/example_nested_branch_dag.py took 0.138 seconds
[2024-05-15T03:56:50.376+0800] {processor.py:161} INFO - Started process (PID=106060) to work on /home/jithish/Documents/dag-dag-dag/.venv/lib/python3.10/site-packages/airflow/example_dags/example_nested_branch_dag.py
[2024-05-15T03:56:50.437+0800] {processor.py:830} INFO - Processing file /home/jithish/Documents/dag-dag-dag/.venv/lib/python3.10/site-packages/airflow/example_dags/example_nested_branch_dag.py for tasks to queue
[2024-05-15T03:56:50.442+0800] {logging_mixin.py:188} INFO - [2024-05-15T03:56:50.440+0800] {dagbag.py:545} INFO - Filling up the DagBag from /home/jithish/Documents/dag-dag-dag/.venv/lib/python3.10/site-packages/airflow/example_dags/example_nested_branch_dag.py
[2024-05-15T03:56:50.469+0800] {processor.py:840} INFO - DAG(s) 'example_nested_branch_dag' retrieved from /home/jithish/Documents/dag-dag-dag/.venv/lib/python3.10/site-packages/airflow/example_dags/example_nested_branch_dag.py
[2024-05-15T03:56:50.490+0800] {logging_mixin.py:188} INFO - [2024-05-15T03:56:50.489+0800] {dag.py:3096} INFO - Sync 1 DAGs
[2024-05-15T03:56:50.505+0800] {logging_mixin.py:188} INFO - [2024-05-15T03:56:50.505+0800] {dag.py:3954} INFO - Setting next_dagrun for example_nested_branch_dag to 2024-05-13 00:00:00+00:00, run_after=2024-05-14 00:00:00+00:00
[2024-05-15T03:56:50.524+0800] {processor.py:183} INFO - Processing /home/jithish/Documents/dag-dag-dag/.venv/lib/python3.10/site-packages/airflow/example_dags/example_nested_branch_dag.py took 0.152 seconds
[2024-05-15T03:58:00.423+0800] {processor.py:161} INFO - Started process (PID=106679) to work on /home/jithish/Documents/dag-dag-dag/.venv/lib/python3.10/site-packages/airflow/example_dags/example_nested_branch_dag.py
[2024-05-15T03:58:00.484+0800] {processor.py:830} INFO - Processing file /home/jithish/Documents/dag-dag-dag/.venv/lib/python3.10/site-packages/airflow/example_dags/example_nested_branch_dag.py for tasks to queue
[2024-05-15T03:58:00.486+0800] {logging_mixin.py:188} INFO - [2024-05-15T03:58:00.486+0800] {dagbag.py:545} INFO - Filling up the DagBag from /home/jithish/Documents/dag-dag-dag/.venv/lib/python3.10/site-packages/airflow/example_dags/example_nested_branch_dag.py
[2024-05-15T03:58:00.494+0800] {processor.py:840} INFO - DAG(s) 'example_nested_branch_dag' retrieved from /home/jithish/Documents/dag-dag-dag/.venv/lib/python3.10/site-packages/airflow/example_dags/example_nested_branch_dag.py
[2024-05-15T03:58:00.506+0800] {logging_mixin.py:188} INFO - [2024-05-15T03:58:00.506+0800] {dag.py:3096} INFO - Sync 1 DAGs
[2024-05-15T03:58:00.521+0800] {logging_mixin.py:188} INFO - [2024-05-15T03:58:00.520+0800] {dag.py:3954} INFO - Setting next_dagrun for example_nested_branch_dag to 2024-05-13 00:00:00+00:00, run_after=2024-05-14 00:00:00+00:00
[2024-05-15T03:58:00.540+0800] {processor.py:183} INFO - Processing /home/jithish/Documents/dag-dag-dag/.venv/lib/python3.10/site-packages/airflow/example_dags/example_nested_branch_dag.py took 0.121 seconds
[2024-05-15T03:59:11.913+0800] {processor.py:161} INFO - Started process (PID=107413) to work on /home/jithish/Documents/dag-dag-dag/.venv/lib/python3.10/site-packages/airflow/example_dags/example_nested_branch_dag.py
[2024-05-15T03:59:11.974+0800] {processor.py:830} INFO - Processing file /home/jithish/Documents/dag-dag-dag/.venv/lib/python3.10/site-packages/airflow/example_dags/example_nested_branch_dag.py for tasks to queue
[2024-05-15T03:59:11.976+0800] {logging_mixin.py:188} INFO - [2024-05-15T03:59:11.976+0800] {dagbag.py:545} INFO - Filling up the DagBag from /home/jithish/Documents/dag-dag-dag/.venv/lib/python3.10/site-packages/airflow/example_dags/example_nested_branch_dag.py
[2024-05-15T03:59:11.989+0800] {processor.py:840} INFO - DAG(s) 'example_nested_branch_dag' retrieved from /home/jithish/Documents/dag-dag-dag/.venv/lib/python3.10/site-packages/airflow/example_dags/example_nested_branch_dag.py
[2024-05-15T03:59:12.008+0800] {logging_mixin.py:188} INFO - [2024-05-15T03:59:12.008+0800] {dag.py:3096} INFO - Sync 1 DAGs
[2024-05-15T03:59:12.036+0800] {logging_mixin.py:188} INFO - [2024-05-15T03:59:12.036+0800] {dag.py:3954} INFO - Setting next_dagrun for example_nested_branch_dag to 2024-05-13 00:00:00+00:00, run_after=2024-05-14 00:00:00+00:00
[2024-05-15T03:59:12.066+0800] {processor.py:183} INFO - Processing /home/jithish/Documents/dag-dag-dag/.venv/lib/python3.10/site-packages/airflow/example_dags/example_nested_branch_dag.py took 0.161 seconds
[2024-05-15T04:00:24.086+0800] {processor.py:161} INFO - Started process (PID=108066) to work on /home/jithish/Documents/dag-dag-dag/.venv/lib/python3.10/site-packages/airflow/example_dags/example_nested_branch_dag.py
[2024-05-15T04:00:24.087+0800] {processor.py:830} INFO - Processing file /home/jithish/Documents/dag-dag-dag/.venv/lib/python3.10/site-packages/airflow/example_dags/example_nested_branch_dag.py for tasks to queue
[2024-05-15T04:00:24.090+0800] {logging_mixin.py:188} INFO - [2024-05-15T04:00:24.089+0800] {dagbag.py:545} INFO - Filling up the DagBag from /home/jithish/Documents/dag-dag-dag/.venv/lib/python3.10/site-packages/airflow/example_dags/example_nested_branch_dag.py
[2024-05-15T04:00:24.104+0800] {processor.py:840} INFO - DAG(s) 'example_nested_branch_dag' retrieved from /home/jithish/Documents/dag-dag-dag/.venv/lib/python3.10/site-packages/airflow/example_dags/example_nested_branch_dag.py
[2024-05-15T04:00:24.120+0800] {logging_mixin.py:188} INFO - [2024-05-15T04:00:24.119+0800] {dag.py:3096} INFO - Sync 1 DAGs
[2024-05-15T04:00:24.133+0800] {logging_mixin.py:188} INFO - [2024-05-15T04:00:24.133+0800] {dag.py:3954} INFO - Setting next_dagrun for example_nested_branch_dag to 2024-05-13 00:00:00+00:00, run_after=2024-05-14 00:00:00+00:00
[2024-05-15T04:00:24.149+0800] {processor.py:183} INFO - Processing /home/jithish/Documents/dag-dag-dag/.venv/lib/python3.10/site-packages/airflow/example_dags/example_nested_branch_dag.py took 0.073 seconds
[2024-05-15T04:01:36.854+0800] {processor.py:161} INFO - Started process (PID=108661) to work on /home/jithish/Documents/dag-dag-dag/.venv/lib/python3.10/site-packages/airflow/example_dags/example_nested_branch_dag.py
[2024-05-15T04:01:36.915+0800] {processor.py:830} INFO - Processing file /home/jithish/Documents/dag-dag-dag/.venv/lib/python3.10/site-packages/airflow/example_dags/example_nested_branch_dag.py for tasks to queue
[2024-05-15T04:01:36.921+0800] {logging_mixin.py:188} INFO - [2024-05-15T04:01:36.919+0800] {dagbag.py:545} INFO - Filling up the DagBag from /home/jithish/Documents/dag-dag-dag/.venv/lib/python3.10/site-packages/airflow/example_dags/example_nested_branch_dag.py
[2024-05-15T04:01:36.951+0800] {processor.py:840} INFO - DAG(s) 'example_nested_branch_dag' retrieved from /home/jithish/Documents/dag-dag-dag/.venv/lib/python3.10/site-packages/airflow/example_dags/example_nested_branch_dag.py
[2024-05-15T04:01:36.970+0800] {logging_mixin.py:188} INFO - [2024-05-15T04:01:36.969+0800] {dag.py:3096} INFO - Sync 1 DAGs
[2024-05-15T04:01:36.985+0800] {logging_mixin.py:188} INFO - [2024-05-15T04:01:36.985+0800] {dag.py:3954} INFO - Setting next_dagrun for example_nested_branch_dag to 2024-05-13 00:00:00+00:00, run_after=2024-05-14 00:00:00+00:00
[2024-05-15T04:01:37.005+0800] {processor.py:183} INFO - Processing /home/jithish/Documents/dag-dag-dag/.venv/lib/python3.10/site-packages/airflow/example_dags/example_nested_branch_dag.py took 0.160 seconds
[2024-05-15T04:02:52.523+0800] {processor.py:161} INFO - Started process (PID=109416) to work on /home/jithish/Documents/dag-dag-dag/.venv/lib/python3.10/site-packages/airflow/example_dags/example_nested_branch_dag.py
[2024-05-15T04:02:52.583+0800] {processor.py:830} INFO - Processing file /home/jithish/Documents/dag-dag-dag/.venv/lib/python3.10/site-packages/airflow/example_dags/example_nested_branch_dag.py for tasks to queue
[2024-05-15T04:02:52.585+0800] {logging_mixin.py:188} INFO - [2024-05-15T04:02:52.584+0800] {dagbag.py:545} INFO - Filling up the DagBag from /home/jithish/Documents/dag-dag-dag/.venv/lib/python3.10/site-packages/airflow/example_dags/example_nested_branch_dag.py
[2024-05-15T04:02:52.592+0800] {processor.py:840} INFO - DAG(s) 'example_nested_branch_dag' retrieved from /home/jithish/Documents/dag-dag-dag/.venv/lib/python3.10/site-packages/airflow/example_dags/example_nested_branch_dag.py
[2024-05-15T04:02:52.605+0800] {logging_mixin.py:188} INFO - [2024-05-15T04:02:52.604+0800] {dag.py:3096} INFO - Sync 1 DAGs
[2024-05-15T04:02:52.621+0800] {logging_mixin.py:188} INFO - [2024-05-15T04:02:52.621+0800] {dag.py:3954} INFO - Setting next_dagrun for example_nested_branch_dag to 2024-05-13 00:00:00+00:00, run_after=2024-05-14 00:00:00+00:00
[2024-05-15T04:02:52.642+0800] {processor.py:183} INFO - Processing /home/jithish/Documents/dag-dag-dag/.venv/lib/python3.10/site-packages/airflow/example_dags/example_nested_branch_dag.py took 0.123 seconds
[2024-05-15T04:03:55.139+0800] {processor.py:161} INFO - Started process (PID=110391) to work on /home/jithish/Documents/dag-dag-dag/.venv/lib/python3.10/site-packages/airflow/example_dags/example_nested_branch_dag.py
[2024-05-15T04:03:55.201+0800] {processor.py:830} INFO - Processing file /home/jithish/Documents/dag-dag-dag/.venv/lib/python3.10/site-packages/airflow/example_dags/example_nested_branch_dag.py for tasks to queue
[2024-05-15T04:03:55.206+0800] {logging_mixin.py:188} INFO - [2024-05-15T04:03:55.204+0800] {dagbag.py:545} INFO - Filling up the DagBag from /home/jithish/Documents/dag-dag-dag/.venv/lib/python3.10/site-packages/airflow/example_dags/example_nested_branch_dag.py
[2024-05-15T04:03:55.236+0800] {processor.py:840} INFO - DAG(s) 'example_nested_branch_dag' retrieved from /home/jithish/Documents/dag-dag-dag/.venv/lib/python3.10/site-packages/airflow/example_dags/example_nested_branch_dag.py
[2024-05-15T04:03:55.257+0800] {logging_mixin.py:188} INFO - [2024-05-15T04:03:55.257+0800] {dag.py:3096} INFO - Sync 1 DAGs
[2024-05-15T04:03:55.273+0800] {logging_mixin.py:188} INFO - [2024-05-15T04:03:55.273+0800] {dag.py:3954} INFO - Setting next_dagrun for example_nested_branch_dag to 2024-05-13 00:00:00+00:00, run_after=2024-05-14 00:00:00+00:00
[2024-05-15T04:03:55.291+0800] {processor.py:183} INFO - Processing /home/jithish/Documents/dag-dag-dag/.venv/lib/python3.10/site-packages/airflow/example_dags/example_nested_branch_dag.py took 0.157 seconds
[2024-05-15T04:04:58.024+0800] {processor.py:161} INFO - Started process (PID=111380) to work on /home/jithish/Documents/dag-dag-dag/.venv/lib/python3.10/site-packages/airflow/example_dags/example_nested_branch_dag.py
[2024-05-15T04:04:58.067+0800] {processor.py:830} INFO - Processing file /home/jithish/Documents/dag-dag-dag/.venv/lib/python3.10/site-packages/airflow/example_dags/example_nested_branch_dag.py for tasks to queue
[2024-05-15T04:04:58.074+0800] {logging_mixin.py:188} INFO - [2024-05-15T04:04:58.072+0800] {dagbag.py:545} INFO - Filling up the DagBag from /home/jithish/Documents/dag-dag-dag/.venv/lib/python3.10/site-packages/airflow/example_dags/example_nested_branch_dag.py
[2024-05-15T04:04:58.101+0800] {processor.py:840} INFO - DAG(s) 'example_nested_branch_dag' retrieved from /home/jithish/Documents/dag-dag-dag/.venv/lib/python3.10/site-packages/airflow/example_dags/example_nested_branch_dag.py
[2024-05-15T04:04:58.121+0800] {logging_mixin.py:188} INFO - [2024-05-15T04:04:58.121+0800] {dag.py:3096} INFO - Sync 1 DAGs
[2024-05-15T04:04:58.137+0800] {logging_mixin.py:188} INFO - [2024-05-15T04:04:58.137+0800] {dag.py:3954} INFO - Setting next_dagrun for example_nested_branch_dag to 2024-05-13 00:00:00+00:00, run_after=2024-05-14 00:00:00+00:00
[2024-05-15T04:04:58.152+0800] {processor.py:183} INFO - Processing /home/jithish/Documents/dag-dag-dag/.venv/lib/python3.10/site-packages/airflow/example_dags/example_nested_branch_dag.py took 0.133 seconds
[2024-05-15T04:05:52.622+0800] {processor.py:161} INFO - Started process (PID=112156) to work on /home/jithish/Documents/dag-dag-dag/.venv/lib/python3.10/site-packages/airflow/example_dags/example_nested_branch_dag.py
[2024-05-15T04:05:52.623+0800] {processor.py:830} INFO - Processing file /home/jithish/Documents/dag-dag-dag/.venv/lib/python3.10/site-packages/airflow/example_dags/example_nested_branch_dag.py for tasks to queue
[2024-05-15T04:05:52.625+0800] {logging_mixin.py:188} INFO - [2024-05-15T04:05:52.625+0800] {dagbag.py:545} INFO - Filling up the DagBag from /home/jithish/Documents/dag-dag-dag/.venv/lib/python3.10/site-packages/airflow/example_dags/example_nested_branch_dag.py
[2024-05-15T04:05:52.632+0800] {processor.py:840} INFO - DAG(s) 'example_nested_branch_dag' retrieved from /home/jithish/Documents/dag-dag-dag/.venv/lib/python3.10/site-packages/airflow/example_dags/example_nested_branch_dag.py
[2024-05-15T04:05:52.646+0800] {logging_mixin.py:188} INFO - [2024-05-15T04:05:52.646+0800] {dag.py:3096} INFO - Sync 1 DAGs
[2024-05-15T04:05:52.664+0800] {logging_mixin.py:188} INFO - [2024-05-15T04:05:52.663+0800] {dag.py:3954} INFO - Setting next_dagrun for example_nested_branch_dag to 2024-05-13 00:00:00+00:00, run_after=2024-05-14 00:00:00+00:00
[2024-05-15T04:05:52.678+0800] {processor.py:183} INFO - Processing /home/jithish/Documents/dag-dag-dag/.venv/lib/python3.10/site-packages/airflow/example_dags/example_nested_branch_dag.py took 0.062 seconds
[2024-05-15T04:06:48.841+0800] {processor.py:161} INFO - Started process (PID=112946) to work on /home/jithish/Documents/dag-dag-dag/.venv/lib/python3.10/site-packages/airflow/example_dags/example_nested_branch_dag.py
[2024-05-15T04:06:48.903+0800] {processor.py:830} INFO - Processing file /home/jithish/Documents/dag-dag-dag/.venv/lib/python3.10/site-packages/airflow/example_dags/example_nested_branch_dag.py for tasks to queue
[2024-05-15T04:06:48.904+0800] {logging_mixin.py:188} INFO - [2024-05-15T04:06:48.903+0800] {dagbag.py:545} INFO - Filling up the DagBag from /home/jithish/Documents/dag-dag-dag/.venv/lib/python3.10/site-packages/airflow/example_dags/example_nested_branch_dag.py
[2024-05-15T04:06:48.911+0800] {processor.py:840} INFO - DAG(s) 'example_nested_branch_dag' retrieved from /home/jithish/Documents/dag-dag-dag/.venv/lib/python3.10/site-packages/airflow/example_dags/example_nested_branch_dag.py
[2024-05-15T04:06:48.924+0800] {logging_mixin.py:188} INFO - [2024-05-15T04:06:48.924+0800] {dag.py:3096} INFO - Sync 1 DAGs
[2024-05-15T04:06:48.938+0800] {logging_mixin.py:188} INFO - [2024-05-15T04:06:48.938+0800] {dag.py:3954} INFO - Setting next_dagrun for example_nested_branch_dag to 2024-05-13 00:00:00+00:00, run_after=2024-05-14 00:00:00+00:00
[2024-05-15T04:06:48.964+0800] {processor.py:183} INFO - Processing /home/jithish/Documents/dag-dag-dag/.venv/lib/python3.10/site-packages/airflow/example_dags/example_nested_branch_dag.py took 0.132 seconds
[2024-05-15T04:07:44.499+0800] {processor.py:161} INFO - Started process (PID=113630) to work on /home/jithish/Documents/dag-dag-dag/.venv/lib/python3.10/site-packages/airflow/example_dags/example_nested_branch_dag.py
[2024-05-15T04:07:44.559+0800] {processor.py:830} INFO - Processing file /home/jithish/Documents/dag-dag-dag/.venv/lib/python3.10/site-packages/airflow/example_dags/example_nested_branch_dag.py for tasks to queue
[2024-05-15T04:07:44.563+0800] {logging_mixin.py:188} INFO - [2024-05-15T04:07:44.562+0800] {dagbag.py:545} INFO - Filling up the DagBag from /home/jithish/Documents/dag-dag-dag/.venv/lib/python3.10/site-packages/airflow/example_dags/example_nested_branch_dag.py
[2024-05-15T04:07:44.587+0800] {processor.py:840} INFO - DAG(s) 'example_nested_branch_dag' retrieved from /home/jithish/Documents/dag-dag-dag/.venv/lib/python3.10/site-packages/airflow/example_dags/example_nested_branch_dag.py
[2024-05-15T04:07:44.607+0800] {logging_mixin.py:188} INFO - [2024-05-15T04:07:44.607+0800] {dag.py:3096} INFO - Sync 1 DAGs
[2024-05-15T04:07:44.624+0800] {logging_mixin.py:188} INFO - [2024-05-15T04:07:44.623+0800] {dag.py:3954} INFO - Setting next_dagrun for example_nested_branch_dag to 2024-05-13 00:00:00+00:00, run_after=2024-05-14 00:00:00+00:00
[2024-05-15T04:07:44.641+0800] {processor.py:183} INFO - Processing /home/jithish/Documents/dag-dag-dag/.venv/lib/python3.10/site-packages/airflow/example_dags/example_nested_branch_dag.py took 0.147 seconds
[2024-05-15T04:08:37.799+0800] {processor.py:161} INFO - Started process (PID=114320) to work on /home/jithish/Documents/dag-dag-dag/.venv/lib/python3.10/site-packages/airflow/example_dags/example_nested_branch_dag.py
[2024-05-15T04:08:37.860+0800] {processor.py:830} INFO - Processing file /home/jithish/Documents/dag-dag-dag/.venv/lib/python3.10/site-packages/airflow/example_dags/example_nested_branch_dag.py for tasks to queue
[2024-05-15T04:08:37.861+0800] {logging_mixin.py:188} INFO - [2024-05-15T04:08:37.861+0800] {dagbag.py:545} INFO - Filling up the DagBag from /home/jithish/Documents/dag-dag-dag/.venv/lib/python3.10/site-packages/airflow/example_dags/example_nested_branch_dag.py
[2024-05-15T04:08:37.868+0800] {processor.py:840} INFO - DAG(s) 'example_nested_branch_dag' retrieved from /home/jithish/Documents/dag-dag-dag/.venv/lib/python3.10/site-packages/airflow/example_dags/example_nested_branch_dag.py
[2024-05-15T04:08:37.882+0800] {logging_mixin.py:188} INFO - [2024-05-15T04:08:37.882+0800] {dag.py:3096} INFO - Sync 1 DAGs
[2024-05-15T04:08:37.898+0800] {logging_mixin.py:188} INFO - [2024-05-15T04:08:37.898+0800] {dag.py:3954} INFO - Setting next_dagrun for example_nested_branch_dag to 2024-05-13 00:00:00+00:00, run_after=2024-05-14 00:00:00+00:00
[2024-05-15T04:08:37.926+0800] {processor.py:183} INFO - Processing /home/jithish/Documents/dag-dag-dag/.venv/lib/python3.10/site-packages/airflow/example_dags/example_nested_branch_dag.py took 0.139 seconds
[2024-05-15T04:09:38.371+0800] {processor.py:161} INFO - Started process (PID=115263) to work on /home/jithish/Documents/dag-dag-dag/.venv/lib/python3.10/site-packages/airflow/example_dags/example_nested_branch_dag.py
[2024-05-15T04:09:38.373+0800] {processor.py:830} INFO - Processing file /home/jithish/Documents/dag-dag-dag/.venv/lib/python3.10/site-packages/airflow/example_dags/example_nested_branch_dag.py for tasks to queue
[2024-05-15T04:09:38.377+0800] {logging_mixin.py:188} INFO - [2024-05-15T04:09:38.376+0800] {dagbag.py:545} INFO - Filling up the DagBag from /home/jithish/Documents/dag-dag-dag/.venv/lib/python3.10/site-packages/airflow/example_dags/example_nested_branch_dag.py
[2024-05-15T04:09:38.391+0800] {processor.py:840} INFO - DAG(s) 'example_nested_branch_dag' retrieved from /home/jithish/Documents/dag-dag-dag/.venv/lib/python3.10/site-packages/airflow/example_dags/example_nested_branch_dag.py
[2024-05-15T04:09:38.408+0800] {logging_mixin.py:188} INFO - [2024-05-15T04:09:38.407+0800] {dag.py:3096} INFO - Sync 1 DAGs
[2024-05-15T04:09:38.426+0800] {logging_mixin.py:188} INFO - [2024-05-15T04:09:38.426+0800] {dag.py:3954} INFO - Setting next_dagrun for example_nested_branch_dag to 2024-05-13 00:00:00+00:00, run_after=2024-05-14 00:00:00+00:00
[2024-05-15T04:09:38.445+0800] {processor.py:183} INFO - Processing /home/jithish/Documents/dag-dag-dag/.venv/lib/python3.10/site-packages/airflow/example_dags/example_nested_branch_dag.py took 0.092 seconds
[2024-05-15T04:10:31.050+0800] {processor.py:161} INFO - Started process (PID=116060) to work on /home/jithish/Documents/dag-dag-dag/.venv/lib/python3.10/site-packages/airflow/example_dags/example_nested_branch_dag.py
[2024-05-15T04:10:31.112+0800] {processor.py:830} INFO - Processing file /home/jithish/Documents/dag-dag-dag/.venv/lib/python3.10/site-packages/airflow/example_dags/example_nested_branch_dag.py for tasks to queue
[2024-05-15T04:10:31.116+0800] {logging_mixin.py:188} INFO - [2024-05-15T04:10:31.115+0800] {dagbag.py:545} INFO - Filling up the DagBag from /home/jithish/Documents/dag-dag-dag/.venv/lib/python3.10/site-packages/airflow/example_dags/example_nested_branch_dag.py
[2024-05-15T04:10:31.144+0800] {processor.py:840} INFO - DAG(s) 'example_nested_branch_dag' retrieved from /home/jithish/Documents/dag-dag-dag/.venv/lib/python3.10/site-packages/airflow/example_dags/example_nested_branch_dag.py
[2024-05-15T04:10:31.164+0800] {logging_mixin.py:188} INFO - [2024-05-15T04:10:31.164+0800] {dag.py:3096} INFO - Sync 1 DAGs
[2024-05-15T04:10:31.180+0800] {logging_mixin.py:188} INFO - [2024-05-15T04:10:31.180+0800] {dag.py:3954} INFO - Setting next_dagrun for example_nested_branch_dag to 2024-05-13 00:00:00+00:00, run_after=2024-05-14 00:00:00+00:00
[2024-05-15T04:10:31.214+0800] {processor.py:183} INFO - Processing /home/jithish/Documents/dag-dag-dag/.venv/lib/python3.10/site-packages/airflow/example_dags/example_nested_branch_dag.py took 0.170 seconds
[2024-05-15T04:11:25.326+0800] {processor.py:161} INFO - Started process (PID=116821) to work on /home/jithish/Documents/dag-dag-dag/.venv/lib/python3.10/site-packages/airflow/example_dags/example_nested_branch_dag.py
[2024-05-15T04:11:25.387+0800] {processor.py:830} INFO - Processing file /home/jithish/Documents/dag-dag-dag/.venv/lib/python3.10/site-packages/airflow/example_dags/example_nested_branch_dag.py for tasks to queue
[2024-05-15T04:11:25.390+0800] {logging_mixin.py:188} INFO - [2024-05-15T04:11:25.389+0800] {dagbag.py:545} INFO - Filling up the DagBag from /home/jithish/Documents/dag-dag-dag/.venv/lib/python3.10/site-packages/airflow/example_dags/example_nested_branch_dag.py
[2024-05-15T04:11:25.399+0800] {processor.py:840} INFO - DAG(s) 'example_nested_branch_dag' retrieved from /home/jithish/Documents/dag-dag-dag/.venv/lib/python3.10/site-packages/airflow/example_dags/example_nested_branch_dag.py
[2024-05-15T04:11:25.415+0800] {logging_mixin.py:188} INFO - [2024-05-15T04:11:25.414+0800] {dag.py:3096} INFO - Sync 1 DAGs
[2024-05-15T04:11:25.432+0800] {logging_mixin.py:188} INFO - [2024-05-15T04:11:25.432+0800] {dag.py:3954} INFO - Setting next_dagrun for example_nested_branch_dag to 2024-05-13 00:00:00+00:00, run_after=2024-05-14 00:00:00+00:00
[2024-05-15T04:11:25.451+0800] {processor.py:183} INFO - Processing /home/jithish/Documents/dag-dag-dag/.venv/lib/python3.10/site-packages/airflow/example_dags/example_nested_branch_dag.py took 0.133 seconds
[2024-05-15T04:12:23.992+0800] {processor.py:161} INFO - Started process (PID=117656) to work on /home/jithish/Documents/dag-dag-dag/.venv/lib/python3.10/site-packages/airflow/example_dags/example_nested_branch_dag.py
[2024-05-15T04:12:24.053+0800] {processor.py:830} INFO - Processing file /home/jithish/Documents/dag-dag-dag/.venv/lib/python3.10/site-packages/airflow/example_dags/example_nested_branch_dag.py for tasks to queue
[2024-05-15T04:12:24.054+0800] {logging_mixin.py:188} INFO - [2024-05-15T04:12:24.054+0800] {dagbag.py:545} INFO - Filling up the DagBag from /home/jithish/Documents/dag-dag-dag/.venv/lib/python3.10/site-packages/airflow/example_dags/example_nested_branch_dag.py
[2024-05-15T04:12:24.064+0800] {processor.py:840} INFO - DAG(s) 'example_nested_branch_dag' retrieved from /home/jithish/Documents/dag-dag-dag/.venv/lib/python3.10/site-packages/airflow/example_dags/example_nested_branch_dag.py
[2024-05-15T04:12:24.079+0800] {logging_mixin.py:188} INFO - [2024-05-15T04:12:24.078+0800] {dag.py:3096} INFO - Sync 1 DAGs
[2024-05-15T04:12:24.093+0800] {logging_mixin.py:188} INFO - [2024-05-15T04:12:24.093+0800] {dag.py:3954} INFO - Setting next_dagrun for example_nested_branch_dag to 2024-05-13 00:00:00+00:00, run_after=2024-05-14 00:00:00+00:00
[2024-05-15T04:12:24.121+0800] {processor.py:183} INFO - Processing /home/jithish/Documents/dag-dag-dag/.venv/lib/python3.10/site-packages/airflow/example_dags/example_nested_branch_dag.py took 0.141 seconds
[2024-05-15T04:13:20.985+0800] {processor.py:161} INFO - Started process (PID=118494) to work on /home/jithish/Documents/dag-dag-dag/.venv/lib/python3.10/site-packages/airflow/example_dags/example_nested_branch_dag.py
[2024-05-15T04:13:21.047+0800] {processor.py:830} INFO - Processing file /home/jithish/Documents/dag-dag-dag/.venv/lib/python3.10/site-packages/airflow/example_dags/example_nested_branch_dag.py for tasks to queue
[2024-05-15T04:13:21.048+0800] {logging_mixin.py:188} INFO - [2024-05-15T04:13:21.048+0800] {dagbag.py:545} INFO - Filling up the DagBag from /home/jithish/Documents/dag-dag-dag/.venv/lib/python3.10/site-packages/airflow/example_dags/example_nested_branch_dag.py
[2024-05-15T04:13:21.056+0800] {processor.py:840} INFO - DAG(s) 'example_nested_branch_dag' retrieved from /home/jithish/Documents/dag-dag-dag/.venv/lib/python3.10/site-packages/airflow/example_dags/example_nested_branch_dag.py
[2024-05-15T04:13:21.071+0800] {logging_mixin.py:188} INFO - [2024-05-15T04:13:21.071+0800] {dag.py:3096} INFO - Sync 1 DAGs
[2024-05-15T04:13:21.087+0800] {logging_mixin.py:188} INFO - [2024-05-15T04:13:21.087+0800] {dag.py:3954} INFO - Setting next_dagrun for example_nested_branch_dag to 2024-05-13 00:00:00+00:00, run_after=2024-05-14 00:00:00+00:00
[2024-05-15T04:13:21.105+0800] {processor.py:183} INFO - Processing /home/jithish/Documents/dag-dag-dag/.venv/lib/python3.10/site-packages/airflow/example_dags/example_nested_branch_dag.py took 0.137 seconds
[2024-05-15T04:14:16.082+0800] {processor.py:161} INFO - Started process (PID=119316) to work on /home/jithish/Documents/dag-dag-dag/.venv/lib/python3.10/site-packages/airflow/example_dags/example_nested_branch_dag.py
[2024-05-15T04:14:16.144+0800] {processor.py:830} INFO - Processing file /home/jithish/Documents/dag-dag-dag/.venv/lib/python3.10/site-packages/airflow/example_dags/example_nested_branch_dag.py for tasks to queue
[2024-05-15T04:14:16.146+0800] {logging_mixin.py:188} INFO - [2024-05-15T04:14:16.146+0800] {dagbag.py:545} INFO - Filling up the DagBag from /home/jithish/Documents/dag-dag-dag/.venv/lib/python3.10/site-packages/airflow/example_dags/example_nested_branch_dag.py
[2024-05-15T04:14:16.163+0800] {processor.py:840} INFO - DAG(s) 'example_nested_branch_dag' retrieved from /home/jithish/Documents/dag-dag-dag/.venv/lib/python3.10/site-packages/airflow/example_dags/example_nested_branch_dag.py
[2024-05-15T04:14:16.186+0800] {logging_mixin.py:188} INFO - [2024-05-15T04:14:16.186+0800] {dag.py:3096} INFO - Sync 1 DAGs
[2024-05-15T04:14:16.200+0800] {logging_mixin.py:188} INFO - [2024-05-15T04:14:16.200+0800] {dag.py:3954} INFO - Setting next_dagrun for example_nested_branch_dag to 2024-05-13 00:00:00+00:00, run_after=2024-05-14 00:00:00+00:00
[2024-05-15T04:14:16.219+0800] {processor.py:183} INFO - Processing /home/jithish/Documents/dag-dag-dag/.venv/lib/python3.10/site-packages/airflow/example_dags/example_nested_branch_dag.py took 0.155 seconds
[2024-05-15T04:15:12.062+0800] {processor.py:161} INFO - Started process (PID=119897) to work on /home/jithish/Documents/dag-dag-dag/.venv/lib/python3.10/site-packages/airflow/example_dags/example_nested_branch_dag.py
[2024-05-15T04:15:12.104+0800] {processor.py:830} INFO - Processing file /home/jithish/Documents/dag-dag-dag/.venv/lib/python3.10/site-packages/airflow/example_dags/example_nested_branch_dag.py for tasks to queue
[2024-05-15T04:15:12.109+0800] {logging_mixin.py:188} INFO - [2024-05-15T04:15:12.107+0800] {dagbag.py:545} INFO - Filling up the DagBag from /home/jithish/Documents/dag-dag-dag/.venv/lib/python3.10/site-packages/airflow/example_dags/example_nested_branch_dag.py
[2024-05-15T04:15:12.136+0800] {processor.py:840} INFO - DAG(s) 'example_nested_branch_dag' retrieved from /home/jithish/Documents/dag-dag-dag/.venv/lib/python3.10/site-packages/airflow/example_dags/example_nested_branch_dag.py
[2024-05-15T04:15:12.157+0800] {logging_mixin.py:188} INFO - [2024-05-15T04:15:12.156+0800] {dag.py:3096} INFO - Sync 1 DAGs
[2024-05-15T04:15:12.173+0800] {logging_mixin.py:188} INFO - [2024-05-15T04:15:12.172+0800] {dag.py:3954} INFO - Setting next_dagrun for example_nested_branch_dag to 2024-05-13 00:00:00+00:00, run_after=2024-05-14 00:00:00+00:00
[2024-05-15T04:15:12.188+0800] {processor.py:183} INFO - Processing /home/jithish/Documents/dag-dag-dag/.venv/lib/python3.10/site-packages/airflow/example_dags/example_nested_branch_dag.py took 0.130 seconds
[2024-05-15T04:16:06.207+0800] {processor.py:161} INFO - Started process (PID=120524) to work on /home/jithish/Documents/dag-dag-dag/.venv/lib/python3.10/site-packages/airflow/example_dags/example_nested_branch_dag.py
[2024-05-15T04:16:06.208+0800] {processor.py:830} INFO - Processing file /home/jithish/Documents/dag-dag-dag/.venv/lib/python3.10/site-packages/airflow/example_dags/example_nested_branch_dag.py for tasks to queue
[2024-05-15T04:16:06.209+0800] {logging_mixin.py:188} INFO - [2024-05-15T04:16:06.209+0800] {dagbag.py:545} INFO - Filling up the DagBag from /home/jithish/Documents/dag-dag-dag/.venv/lib/python3.10/site-packages/airflow/example_dags/example_nested_branch_dag.py
[2024-05-15T04:16:06.217+0800] {processor.py:840} INFO - DAG(s) 'example_nested_branch_dag' retrieved from /home/jithish/Documents/dag-dag-dag/.venv/lib/python3.10/site-packages/airflow/example_dags/example_nested_branch_dag.py
[2024-05-15T04:16:06.231+0800] {logging_mixin.py:188} INFO - [2024-05-15T04:16:06.231+0800] {dag.py:3096} INFO - Sync 1 DAGs
[2024-05-15T04:16:06.244+0800] {logging_mixin.py:188} INFO - [2024-05-15T04:16:06.244+0800] {dag.py:3954} INFO - Setting next_dagrun for example_nested_branch_dag to 2024-05-13 00:00:00+00:00, run_after=2024-05-14 00:00:00+00:00
[2024-05-15T04:16:06.258+0800] {processor.py:183} INFO - Processing /home/jithish/Documents/dag-dag-dag/.venv/lib/python3.10/site-packages/airflow/example_dags/example_nested_branch_dag.py took 0.055 seconds
