[2024-05-15T02:59:29.094+0800] {processor.py:161} INFO - Started process (PID=65706) to work on /home/jithish/Documents/dag-dag-dag/.venv/lib/python3.10/site-packages/airflow/example_dags/example_params_trigger_ui.py
[2024-05-15T02:59:29.095+0800] {processor.py:830} INFO - Processing file /home/jithish/Documents/dag-dag-dag/.venv/lib/python3.10/site-packages/airflow/example_dags/example_params_trigger_ui.py for tasks to queue
[2024-05-15T02:59:29.097+0800] {logging_mixin.py:188} INFO - [2024-05-15T02:59:29.097+0800] {dagbag.py:545} INFO - Filling up the DagBag from /home/jithish/Documents/dag-dag-dag/.venv/lib/python3.10/site-packages/airflow/example_dags/example_params_trigger_ui.py
[2024-05-15T02:59:29.114+0800] {processor.py:840} INFO - DAG(s) 'example_params_trigger_ui' retrieved from /home/jithish/Documents/dag-dag-dag/.venv/lib/python3.10/site-packages/airflow/example_dags/example_params_trigger_ui.py
[2024-05-15T02:59:29.267+0800] {logging_mixin.py:188} INFO - [2024-05-15T02:59:29.267+0800] {dag.py:3096} INFO - Sync 1 DAGs
[2024-05-15T02:59:29.273+0800] {logging_mixin.py:188} INFO - [2024-05-15T02:59:29.272+0800] {dag.py:3954} INFO - Setting next_dagrun for example_params_trigger_ui to None, run_after=None
[2024-05-15T02:59:29.356+0800] {processor.py:183} INFO - Processing /home/jithish/Documents/dag-dag-dag/.venv/lib/python3.10/site-packages/airflow/example_dags/example_params_trigger_ui.py took 0.270 seconds
[2024-05-15T03:14:50.922+0800] {processor.py:161} INFO - Started process (PID=75210) to work on /home/jithish/Documents/dag-dag-dag/.venv/lib/python3.10/site-packages/airflow/example_dags/example_params_trigger_ui.py
[2024-05-15T03:14:50.923+0800] {processor.py:830} INFO - Processing file /home/jithish/Documents/dag-dag-dag/.venv/lib/python3.10/site-packages/airflow/example_dags/example_params_trigger_ui.py for tasks to queue
[2024-05-15T03:14:50.925+0800] {logging_mixin.py:188} INFO - [2024-05-15T03:14:50.924+0800] {dagbag.py:545} INFO - Filling up the DagBag from /home/jithish/Documents/dag-dag-dag/.venv/lib/python3.10/site-packages/airflow/example_dags/example_params_trigger_ui.py
[2024-05-15T03:14:50.941+0800] {processor.py:840} INFO - DAG(s) 'example_params_trigger_ui' retrieved from /home/jithish/Documents/dag-dag-dag/.venv/lib/python3.10/site-packages/airflow/example_dags/example_params_trigger_ui.py
[2024-05-15T03:14:51.086+0800] {logging_mixin.py:188} INFO - [2024-05-15T03:14:51.086+0800] {dag.py:3096} INFO - Sync 1 DAGs
[2024-05-15T03:14:51.092+0800] {logging_mixin.py:188} INFO - [2024-05-15T03:14:51.092+0800] {dag.py:3954} INFO - Setting next_dagrun for example_params_trigger_ui to None, run_after=None
[2024-05-15T03:14:51.175+0800] {processor.py:183} INFO - Processing /home/jithish/Documents/dag-dag-dag/.venv/lib/python3.10/site-packages/airflow/example_dags/example_params_trigger_ui.py took 0.259 seconds
[2024-05-15T03:15:53.815+0800] {processor.py:161} INFO - Started process (PID=76015) to work on /home/jithish/Documents/dag-dag-dag/.venv/lib/python3.10/site-packages/airflow/example_dags/example_params_trigger_ui.py
[2024-05-15T03:15:53.877+0800] {processor.py:830} INFO - Processing file /home/jithish/Documents/dag-dag-dag/.venv/lib/python3.10/site-packages/airflow/example_dags/example_params_trigger_ui.py for tasks to queue
[2024-05-15T03:15:53.878+0800] {logging_mixin.py:188} INFO - [2024-05-15T03:15:53.878+0800] {dagbag.py:545} INFO - Filling up the DagBag from /home/jithish/Documents/dag-dag-dag/.venv/lib/python3.10/site-packages/airflow/example_dags/example_params_trigger_ui.py
[2024-05-15T03:15:53.892+0800] {processor.py:840} INFO - DAG(s) 'example_params_trigger_ui' retrieved from /home/jithish/Documents/dag-dag-dag/.venv/lib/python3.10/site-packages/airflow/example_dags/example_params_trigger_ui.py
[2024-05-15T03:15:53.950+0800] {logging_mixin.py:188} INFO - [2024-05-15T03:15:53.950+0800] {dag.py:3096} INFO - Sync 1 DAGs
[2024-05-15T03:15:54.041+0800] {logging_mixin.py:188} INFO - [2024-05-15T03:15:54.041+0800] {dag.py:3954} INFO - Setting next_dagrun for example_params_trigger_ui to None, run_after=None
[2024-05-15T03:15:54.140+0800] {processor.py:183} INFO - Processing /home/jithish/Documents/dag-dag-dag/.venv/lib/python3.10/site-packages/airflow/example_dags/example_params_trigger_ui.py took 0.336 seconds
[2024-05-15T03:16:57.209+0800] {processor.py:161} INFO - Started process (PID=76851) to work on /home/jithish/Documents/dag-dag-dag/.venv/lib/python3.10/site-packages/airflow/example_dags/example_params_trigger_ui.py
[2024-05-15T03:16:57.271+0800] {processor.py:830} INFO - Processing file /home/jithish/Documents/dag-dag-dag/.venv/lib/python3.10/site-packages/airflow/example_dags/example_params_trigger_ui.py for tasks to queue
[2024-05-15T03:16:57.276+0800] {logging_mixin.py:188} INFO - [2024-05-15T03:16:57.275+0800] {dagbag.py:545} INFO - Filling up the DagBag from /home/jithish/Documents/dag-dag-dag/.venv/lib/python3.10/site-packages/airflow/example_dags/example_params_trigger_ui.py
[2024-05-15T03:16:57.310+0800] {processor.py:840} INFO - DAG(s) 'example_params_trigger_ui' retrieved from /home/jithish/Documents/dag-dag-dag/.venv/lib/python3.10/site-packages/airflow/example_dags/example_params_trigger_ui.py
[2024-05-15T03:16:57.348+0800] {logging_mixin.py:188} INFO - [2024-05-15T03:16:57.347+0800] {dag.py:3096} INFO - Sync 1 DAGs
[2024-05-15T03:16:57.355+0800] {logging_mixin.py:188} INFO - [2024-05-15T03:16:57.355+0800] {dag.py:3954} INFO - Setting next_dagrun for example_params_trigger_ui to None, run_after=None
[2024-05-15T03:16:57.382+0800] {processor.py:183} INFO - Processing /home/jithish/Documents/dag-dag-dag/.venv/lib/python3.10/site-packages/airflow/example_dags/example_params_trigger_ui.py took 0.191 seconds
[2024-05-15T03:17:59.349+0800] {processor.py:161} INFO - Started process (PID=77840) to work on /home/jithish/Documents/dag-dag-dag/.venv/lib/python3.10/site-packages/airflow/example_dags/example_params_trigger_ui.py
[2024-05-15T03:17:59.399+0800] {processor.py:830} INFO - Processing file /home/jithish/Documents/dag-dag-dag/.venv/lib/python3.10/site-packages/airflow/example_dags/example_params_trigger_ui.py for tasks to queue
[2024-05-15T03:17:59.403+0800] {logging_mixin.py:188} INFO - [2024-05-15T03:17:59.402+0800] {dagbag.py:545} INFO - Filling up the DagBag from /home/jithish/Documents/dag-dag-dag/.venv/lib/python3.10/site-packages/airflow/example_dags/example_params_trigger_ui.py
[2024-05-15T03:17:59.426+0800] {processor.py:840} INFO - DAG(s) 'example_params_trigger_ui' retrieved from /home/jithish/Documents/dag-dag-dag/.venv/lib/python3.10/site-packages/airflow/example_dags/example_params_trigger_ui.py
[2024-05-15T03:17:59.463+0800] {logging_mixin.py:188} INFO - [2024-05-15T03:17:59.462+0800] {dag.py:3096} INFO - Sync 1 DAGs
[2024-05-15T03:17:59.470+0800] {logging_mixin.py:188} INFO - [2024-05-15T03:17:59.470+0800] {dag.py:3954} INFO - Setting next_dagrun for example_params_trigger_ui to None, run_after=None
[2024-05-15T03:17:59.490+0800] {processor.py:183} INFO - Processing /home/jithish/Documents/dag-dag-dag/.venv/lib/python3.10/site-packages/airflow/example_dags/example_params_trigger_ui.py took 0.155 seconds
[2024-05-15T03:18:53.272+0800] {processor.py:161} INFO - Started process (PID=78595) to work on /home/jithish/Documents/dag-dag-dag/.venv/lib/python3.10/site-packages/airflow/example_dags/example_params_trigger_ui.py
[2024-05-15T03:18:53.334+0800] {processor.py:830} INFO - Processing file /home/jithish/Documents/dag-dag-dag/.venv/lib/python3.10/site-packages/airflow/example_dags/example_params_trigger_ui.py for tasks to queue
[2024-05-15T03:18:53.340+0800] {logging_mixin.py:188} INFO - [2024-05-15T03:18:53.339+0800] {dagbag.py:545} INFO - Filling up the DagBag from /home/jithish/Documents/dag-dag-dag/.venv/lib/python3.10/site-packages/airflow/example_dags/example_params_trigger_ui.py
[2024-05-15T03:18:53.372+0800] {processor.py:840} INFO - DAG(s) 'example_params_trigger_ui' retrieved from /home/jithish/Documents/dag-dag-dag/.venv/lib/python3.10/site-packages/airflow/example_dags/example_params_trigger_ui.py
[2024-05-15T03:18:53.411+0800] {logging_mixin.py:188} INFO - [2024-05-15T03:18:53.411+0800] {dag.py:3096} INFO - Sync 1 DAGs
[2024-05-15T03:18:53.420+0800] {logging_mixin.py:188} INFO - [2024-05-15T03:18:53.420+0800] {dag.py:3954} INFO - Setting next_dagrun for example_params_trigger_ui to None, run_after=None
[2024-05-15T03:18:53.451+0800] {processor.py:183} INFO - Processing /home/jithish/Documents/dag-dag-dag/.venv/lib/python3.10/site-packages/airflow/example_dags/example_params_trigger_ui.py took 0.186 seconds
[2024-05-15T03:20:11.283+0800] {processor.py:161} INFO - Started process (PID=79725) to work on /home/jithish/Documents/dag-dag-dag/.venv/lib/python3.10/site-packages/airflow/example_dags/example_params_trigger_ui.py
[2024-05-15T03:20:11.345+0800] {processor.py:830} INFO - Processing file /home/jithish/Documents/dag-dag-dag/.venv/lib/python3.10/site-packages/airflow/example_dags/example_params_trigger_ui.py for tasks to queue
[2024-05-15T03:20:11.351+0800] {logging_mixin.py:188} INFO - [2024-05-15T03:20:11.350+0800] {dagbag.py:545} INFO - Filling up the DagBag from /home/jithish/Documents/dag-dag-dag/.venv/lib/python3.10/site-packages/airflow/example_dags/example_params_trigger_ui.py
[2024-05-15T03:20:11.377+0800] {processor.py:840} INFO - DAG(s) 'example_params_trigger_ui' retrieved from /home/jithish/Documents/dag-dag-dag/.venv/lib/python3.10/site-packages/airflow/example_dags/example_params_trigger_ui.py
[2024-05-15T03:20:11.414+0800] {logging_mixin.py:188} INFO - [2024-05-15T03:20:11.414+0800] {dag.py:3096} INFO - Sync 1 DAGs
[2024-05-15T03:20:11.424+0800] {logging_mixin.py:188} INFO - [2024-05-15T03:20:11.423+0800] {dag.py:3954} INFO - Setting next_dagrun for example_params_trigger_ui to None, run_after=None
[2024-05-15T03:20:11.456+0800] {processor.py:183} INFO - Processing /home/jithish/Documents/dag-dag-dag/.venv/lib/python3.10/site-packages/airflow/example_dags/example_params_trigger_ui.py took 0.184 seconds
[2024-05-15T03:21:29.277+0800] {processor.py:161} INFO - Started process (PID=80805) to work on /home/jithish/Documents/dag-dag-dag/.venv/lib/python3.10/site-packages/airflow/example_dags/example_params_trigger_ui.py
[2024-05-15T03:21:29.338+0800] {processor.py:830} INFO - Processing file /home/jithish/Documents/dag-dag-dag/.venv/lib/python3.10/site-packages/airflow/example_dags/example_params_trigger_ui.py for tasks to queue
[2024-05-15T03:21:29.344+0800] {logging_mixin.py:188} INFO - [2024-05-15T03:21:29.343+0800] {dagbag.py:545} INFO - Filling up the DagBag from /home/jithish/Documents/dag-dag-dag/.venv/lib/python3.10/site-packages/airflow/example_dags/example_params_trigger_ui.py
[2024-05-15T03:21:29.379+0800] {processor.py:840} INFO - DAG(s) 'example_params_trigger_ui' retrieved from /home/jithish/Documents/dag-dag-dag/.venv/lib/python3.10/site-packages/airflow/example_dags/example_params_trigger_ui.py
[2024-05-15T03:21:29.421+0800] {logging_mixin.py:188} INFO - [2024-05-15T03:21:29.421+0800] {dag.py:3096} INFO - Sync 1 DAGs
[2024-05-15T03:21:29.428+0800] {logging_mixin.py:188} INFO - [2024-05-15T03:21:29.428+0800] {dag.py:3954} INFO - Setting next_dagrun for example_params_trigger_ui to None, run_after=None
[2024-05-15T03:21:29.455+0800] {processor.py:183} INFO - Processing /home/jithish/Documents/dag-dag-dag/.venv/lib/python3.10/site-packages/airflow/example_dags/example_params_trigger_ui.py took 0.185 seconds
[2024-05-15T03:22:49.611+0800] {processor.py:161} INFO - Started process (PID=82009) to work on /home/jithish/Documents/dag-dag-dag/.venv/lib/python3.10/site-packages/airflow/example_dags/example_params_trigger_ui.py
[2024-05-15T03:22:49.672+0800] {processor.py:830} INFO - Processing file /home/jithish/Documents/dag-dag-dag/.venv/lib/python3.10/site-packages/airflow/example_dags/example_params_trigger_ui.py for tasks to queue
[2024-05-15T03:22:49.677+0800] {logging_mixin.py:188} INFO - [2024-05-15T03:22:49.676+0800] {dagbag.py:545} INFO - Filling up the DagBag from /home/jithish/Documents/dag-dag-dag/.venv/lib/python3.10/site-packages/airflow/example_dags/example_params_trigger_ui.py
[2024-05-15T03:22:49.714+0800] {processor.py:840} INFO - DAG(s) 'example_params_trigger_ui' retrieved from /home/jithish/Documents/dag-dag-dag/.venv/lib/python3.10/site-packages/airflow/example_dags/example_params_trigger_ui.py
[2024-05-15T03:22:49.752+0800] {logging_mixin.py:188} INFO - [2024-05-15T03:22:49.751+0800] {dag.py:3096} INFO - Sync 1 DAGs
[2024-05-15T03:22:49.759+0800] {logging_mixin.py:188} INFO - [2024-05-15T03:22:49.759+0800] {dag.py:3954} INFO - Setting next_dagrun for example_params_trigger_ui to None, run_after=None
[2024-05-15T03:22:49.776+0800] {processor.py:183} INFO - Processing /home/jithish/Documents/dag-dag-dag/.venv/lib/python3.10/site-packages/airflow/example_dags/example_params_trigger_ui.py took 0.169 seconds
[2024-05-15T03:23:44.828+0800] {processor.py:161} INFO - Started process (PID=82465) to work on /home/jithish/Documents/dag-dag-dag/.venv/lib/python3.10/site-packages/airflow/example_dags/example_params_trigger_ui.py
[2024-05-15T03:23:44.889+0800] {processor.py:830} INFO - Processing file /home/jithish/Documents/dag-dag-dag/.venv/lib/python3.10/site-packages/airflow/example_dags/example_params_trigger_ui.py for tasks to queue
[2024-05-15T03:23:44.894+0800] {logging_mixin.py:188} INFO - [2024-05-15T03:23:44.893+0800] {dagbag.py:545} INFO - Filling up the DagBag from /home/jithish/Documents/dag-dag-dag/.venv/lib/python3.10/site-packages/airflow/example_dags/example_params_trigger_ui.py
[2024-05-15T03:23:44.928+0800] {processor.py:840} INFO - DAG(s) 'example_params_trigger_ui' retrieved from /home/jithish/Documents/dag-dag-dag/.venv/lib/python3.10/site-packages/airflow/example_dags/example_params_trigger_ui.py
[2024-05-15T03:23:44.967+0800] {logging_mixin.py:188} INFO - [2024-05-15T03:23:44.966+0800] {dag.py:3096} INFO - Sync 1 DAGs
[2024-05-15T03:23:44.974+0800] {logging_mixin.py:188} INFO - [2024-05-15T03:23:44.974+0800] {dag.py:3954} INFO - Setting next_dagrun for example_params_trigger_ui to None, run_after=None
[2024-05-15T03:23:45.002+0800] {processor.py:183} INFO - Processing /home/jithish/Documents/dag-dag-dag/.venv/lib/python3.10/site-packages/airflow/example_dags/example_params_trigger_ui.py took 0.178 seconds
[2024-05-15T03:25:06.768+0800] {processor.py:161} INFO - Started process (PID=83188) to work on /home/jithish/Documents/dag-dag-dag/.venv/lib/python3.10/site-packages/airflow/example_dags/example_params_trigger_ui.py
[2024-05-15T03:25:06.829+0800] {processor.py:830} INFO - Processing file /home/jithish/Documents/dag-dag-dag/.venv/lib/python3.10/site-packages/airflow/example_dags/example_params_trigger_ui.py for tasks to queue
[2024-05-15T03:25:06.834+0800] {logging_mixin.py:188} INFO - [2024-05-15T03:25:06.833+0800] {dagbag.py:545} INFO - Filling up the DagBag from /home/jithish/Documents/dag-dag-dag/.venv/lib/python3.10/site-packages/airflow/example_dags/example_params_trigger_ui.py
[2024-05-15T03:25:06.881+0800] {processor.py:840} INFO - DAG(s) 'example_params_trigger_ui' retrieved from /home/jithish/Documents/dag-dag-dag/.venv/lib/python3.10/site-packages/airflow/example_dags/example_params_trigger_ui.py
[2024-05-15T03:25:06.919+0800] {logging_mixin.py:188} INFO - [2024-05-15T03:25:06.919+0800] {dag.py:3096} INFO - Sync 1 DAGs
[2024-05-15T03:25:06.927+0800] {logging_mixin.py:188} INFO - [2024-05-15T03:25:06.926+0800] {dag.py:3954} INFO - Setting next_dagrun for example_params_trigger_ui to None, run_after=None
[2024-05-15T03:25:06.955+0800] {processor.py:183} INFO - Processing /home/jithish/Documents/dag-dag-dag/.venv/lib/python3.10/site-packages/airflow/example_dags/example_params_trigger_ui.py took 0.191 seconds
[2024-05-15T03:26:26.012+0800] {processor.py:161} INFO - Started process (PID=83821) to work on /home/jithish/Documents/dag-dag-dag/.venv/lib/python3.10/site-packages/airflow/example_dags/example_params_trigger_ui.py
[2024-05-15T03:26:26.073+0800] {processor.py:830} INFO - Processing file /home/jithish/Documents/dag-dag-dag/.venv/lib/python3.10/site-packages/airflow/example_dags/example_params_trigger_ui.py for tasks to queue
[2024-05-15T03:26:26.078+0800] {logging_mixin.py:188} INFO - [2024-05-15T03:26:26.077+0800] {dagbag.py:545} INFO - Filling up the DagBag from /home/jithish/Documents/dag-dag-dag/.venv/lib/python3.10/site-packages/airflow/example_dags/example_params_trigger_ui.py
[2024-05-15T03:26:26.115+0800] {processor.py:840} INFO - DAG(s) 'example_params_trigger_ui' retrieved from /home/jithish/Documents/dag-dag-dag/.venv/lib/python3.10/site-packages/airflow/example_dags/example_params_trigger_ui.py
[2024-05-15T03:26:26.154+0800] {logging_mixin.py:188} INFO - [2024-05-15T03:26:26.154+0800] {dag.py:3096} INFO - Sync 1 DAGs
[2024-05-15T03:26:26.162+0800] {logging_mixin.py:188} INFO - [2024-05-15T03:26:26.161+0800] {dag.py:3954} INFO - Setting next_dagrun for example_params_trigger_ui to None, run_after=None
[2024-05-15T03:26:26.181+0800] {processor.py:183} INFO - Processing /home/jithish/Documents/dag-dag-dag/.venv/lib/python3.10/site-packages/airflow/example_dags/example_params_trigger_ui.py took 0.173 seconds
[2024-05-15T03:27:20.766+0800] {processor.py:161} INFO - Started process (PID=84607) to work on /home/jithish/Documents/dag-dag-dag/.venv/lib/python3.10/site-packages/airflow/example_dags/example_params_trigger_ui.py
[2024-05-15T03:27:20.766+0800] {processor.py:830} INFO - Processing file /home/jithish/Documents/dag-dag-dag/.venv/lib/python3.10/site-packages/airflow/example_dags/example_params_trigger_ui.py for tasks to queue
[2024-05-15T03:27:20.768+0800] {logging_mixin.py:188} INFO - [2024-05-15T03:27:20.767+0800] {dagbag.py:545} INFO - Filling up the DagBag from /home/jithish/Documents/dag-dag-dag/.venv/lib/python3.10/site-packages/airflow/example_dags/example_params_trigger_ui.py
[2024-05-15T03:27:20.778+0800] {processor.py:840} INFO - DAG(s) 'example_params_trigger_ui' retrieved from /home/jithish/Documents/dag-dag-dag/.venv/lib/python3.10/site-packages/airflow/example_dags/example_params_trigger_ui.py
[2024-05-15T03:27:20.811+0800] {logging_mixin.py:188} INFO - [2024-05-15T03:27:20.811+0800] {dag.py:3096} INFO - Sync 1 DAGs
[2024-05-15T03:27:20.819+0800] {logging_mixin.py:188} INFO - [2024-05-15T03:27:20.819+0800] {dag.py:3954} INFO - Setting next_dagrun for example_params_trigger_ui to None, run_after=None
[2024-05-15T03:27:20.845+0800] {processor.py:183} INFO - Processing /home/jithish/Documents/dag-dag-dag/.venv/lib/python3.10/site-packages/airflow/example_dags/example_params_trigger_ui.py took 0.084 seconds
[2024-05-15T03:28:34.797+0800] {processor.py:161} INFO - Started process (PID=85217) to work on /home/jithish/Documents/dag-dag-dag/.venv/lib/python3.10/site-packages/airflow/example_dags/example_params_trigger_ui.py
[2024-05-15T03:28:34.799+0800] {processor.py:830} INFO - Processing file /home/jithish/Documents/dag-dag-dag/.venv/lib/python3.10/site-packages/airflow/example_dags/example_params_trigger_ui.py for tasks to queue
[2024-05-15T03:28:34.802+0800] {logging_mixin.py:188} INFO - [2024-05-15T03:28:34.801+0800] {dagbag.py:545} INFO - Filling up the DagBag from /home/jithish/Documents/dag-dag-dag/.venv/lib/python3.10/site-packages/airflow/example_dags/example_params_trigger_ui.py
[2024-05-15T03:28:34.818+0800] {processor.py:840} INFO - DAG(s) 'example_params_trigger_ui' retrieved from /home/jithish/Documents/dag-dag-dag/.venv/lib/python3.10/site-packages/airflow/example_dags/example_params_trigger_ui.py
[2024-05-15T03:28:34.852+0800] {logging_mixin.py:188} INFO - [2024-05-15T03:28:34.852+0800] {dag.py:3096} INFO - Sync 1 DAGs
[2024-05-15T03:28:34.862+0800] {logging_mixin.py:188} INFO - [2024-05-15T03:28:34.861+0800] {dag.py:3954} INFO - Setting next_dagrun for example_params_trigger_ui to None, run_after=None
[2024-05-15T03:28:34.876+0800] {processor.py:183} INFO - Processing /home/jithish/Documents/dag-dag-dag/.venv/lib/python3.10/site-packages/airflow/example_dags/example_params_trigger_ui.py took 0.097 seconds
[2024-05-15T03:29:49.175+0800] {processor.py:161} INFO - Started process (PID=85880) to work on /home/jithish/Documents/dag-dag-dag/.venv/lib/python3.10/site-packages/airflow/example_dags/example_params_trigger_ui.py
[2024-05-15T03:29:49.242+0800] {processor.py:830} INFO - Processing file /home/jithish/Documents/dag-dag-dag/.venv/lib/python3.10/site-packages/airflow/example_dags/example_params_trigger_ui.py for tasks to queue
[2024-05-15T03:29:49.246+0800] {logging_mixin.py:188} INFO - [2024-05-15T03:29:49.245+0800] {dagbag.py:545} INFO - Filling up the DagBag from /home/jithish/Documents/dag-dag-dag/.venv/lib/python3.10/site-packages/airflow/example_dags/example_params_trigger_ui.py
[2024-05-15T03:29:49.268+0800] {processor.py:840} INFO - DAG(s) 'example_params_trigger_ui' retrieved from /home/jithish/Documents/dag-dag-dag/.venv/lib/python3.10/site-packages/airflow/example_dags/example_params_trigger_ui.py
[2024-05-15T03:29:49.304+0800] {logging_mixin.py:188} INFO - [2024-05-15T03:29:49.304+0800] {dag.py:3096} INFO - Sync 1 DAGs
[2024-05-15T03:29:49.312+0800] {logging_mixin.py:188} INFO - [2024-05-15T03:29:49.312+0800] {dag.py:3954} INFO - Setting next_dagrun for example_params_trigger_ui to None, run_after=None
[2024-05-15T03:29:49.328+0800] {processor.py:183} INFO - Processing /home/jithish/Documents/dag-dag-dag/.venv/lib/python3.10/site-packages/airflow/example_dags/example_params_trigger_ui.py took 0.171 seconds
[2024-05-15T03:31:04.904+0800] {processor.py:161} INFO - Started process (PID=86526) to work on /home/jithish/Documents/dag-dag-dag/.venv/lib/python3.10/site-packages/airflow/example_dags/example_params_trigger_ui.py
[2024-05-15T03:31:04.964+0800] {processor.py:830} INFO - Processing file /home/jithish/Documents/dag-dag-dag/.venv/lib/python3.10/site-packages/airflow/example_dags/example_params_trigger_ui.py for tasks to queue
[2024-05-15T03:31:04.966+0800] {logging_mixin.py:188} INFO - [2024-05-15T03:31:04.965+0800] {dagbag.py:545} INFO - Filling up the DagBag from /home/jithish/Documents/dag-dag-dag/.venv/lib/python3.10/site-packages/airflow/example_dags/example_params_trigger_ui.py
[2024-05-15T03:31:04.976+0800] {processor.py:840} INFO - DAG(s) 'example_params_trigger_ui' retrieved from /home/jithish/Documents/dag-dag-dag/.venv/lib/python3.10/site-packages/airflow/example_dags/example_params_trigger_ui.py
[2024-05-15T03:31:05.017+0800] {logging_mixin.py:188} INFO - [2024-05-15T03:31:05.016+0800] {dag.py:3096} INFO - Sync 1 DAGs
[2024-05-15T03:31:05.029+0800] {logging_mixin.py:188} INFO - [2024-05-15T03:31:05.029+0800] {dag.py:3954} INFO - Setting next_dagrun for example_params_trigger_ui to None, run_after=None
[2024-05-15T03:31:05.051+0800] {processor.py:183} INFO - Processing /home/jithish/Documents/dag-dag-dag/.venv/lib/python3.10/site-packages/airflow/example_dags/example_params_trigger_ui.py took 0.151 seconds
[2024-05-15T03:32:23.491+0800] {processor.py:161} INFO - Started process (PID=87172) to work on /home/jithish/Documents/dag-dag-dag/.venv/lib/python3.10/site-packages/airflow/example_dags/example_params_trigger_ui.py
[2024-05-15T03:32:23.553+0800] {processor.py:830} INFO - Processing file /home/jithish/Documents/dag-dag-dag/.venv/lib/python3.10/site-packages/airflow/example_dags/example_params_trigger_ui.py for tasks to queue
[2024-05-15T03:32:23.554+0800] {logging_mixin.py:188} INFO - [2024-05-15T03:32:23.554+0800] {dagbag.py:545} INFO - Filling up the DagBag from /home/jithish/Documents/dag-dag-dag/.venv/lib/python3.10/site-packages/airflow/example_dags/example_params_trigger_ui.py
[2024-05-15T03:32:23.565+0800] {processor.py:840} INFO - DAG(s) 'example_params_trigger_ui' retrieved from /home/jithish/Documents/dag-dag-dag/.venv/lib/python3.10/site-packages/airflow/example_dags/example_params_trigger_ui.py
[2024-05-15T03:32:23.604+0800] {logging_mixin.py:188} INFO - [2024-05-15T03:32:23.603+0800] {dag.py:3096} INFO - Sync 1 DAGs
[2024-05-15T03:32:23.612+0800] {logging_mixin.py:188} INFO - [2024-05-15T03:32:23.611+0800] {dag.py:3954} INFO - Setting next_dagrun for example_params_trigger_ui to None, run_after=None
[2024-05-15T03:32:23.635+0800] {processor.py:183} INFO - Processing /home/jithish/Documents/dag-dag-dag/.venv/lib/python3.10/site-packages/airflow/example_dags/example_params_trigger_ui.py took 0.152 seconds
[2024-05-15T03:33:33.985+0800] {processor.py:161} INFO - Started process (PID=87836) to work on /home/jithish/Documents/dag-dag-dag/.venv/lib/python3.10/site-packages/airflow/example_dags/example_params_trigger_ui.py
[2024-05-15T03:33:34.045+0800] {processor.py:830} INFO - Processing file /home/jithish/Documents/dag-dag-dag/.venv/lib/python3.10/site-packages/airflow/example_dags/example_params_trigger_ui.py for tasks to queue
[2024-05-15T03:33:34.047+0800] {logging_mixin.py:188} INFO - [2024-05-15T03:33:34.046+0800] {dagbag.py:545} INFO - Filling up the DagBag from /home/jithish/Documents/dag-dag-dag/.venv/lib/python3.10/site-packages/airflow/example_dags/example_params_trigger_ui.py
[2024-05-15T03:33:34.057+0800] {processor.py:840} INFO - DAG(s) 'example_params_trigger_ui' retrieved from /home/jithish/Documents/dag-dag-dag/.venv/lib/python3.10/site-packages/airflow/example_dags/example_params_trigger_ui.py
[2024-05-15T03:33:34.092+0800] {logging_mixin.py:188} INFO - [2024-05-15T03:33:34.092+0800] {dag.py:3096} INFO - Sync 1 DAGs
[2024-05-15T03:33:34.101+0800] {logging_mixin.py:188} INFO - [2024-05-15T03:33:34.101+0800] {dag.py:3954} INFO - Setting next_dagrun for example_params_trigger_ui to None, run_after=None
[2024-05-15T03:33:34.126+0800] {processor.py:183} INFO - Processing /home/jithish/Documents/dag-dag-dag/.venv/lib/python3.10/site-packages/airflow/example_dags/example_params_trigger_ui.py took 0.146 seconds
[2024-05-15T03:34:41.738+0800] {processor.py:161} INFO - Started process (PID=88482) to work on /home/jithish/Documents/dag-dag-dag/.venv/lib/python3.10/site-packages/airflow/example_dags/example_params_trigger_ui.py
[2024-05-15T03:34:41.798+0800] {processor.py:830} INFO - Processing file /home/jithish/Documents/dag-dag-dag/.venv/lib/python3.10/site-packages/airflow/example_dags/example_params_trigger_ui.py for tasks to queue
[2024-05-15T03:34:41.799+0800] {logging_mixin.py:188} INFO - [2024-05-15T03:34:41.799+0800] {dagbag.py:545} INFO - Filling up the DagBag from /home/jithish/Documents/dag-dag-dag/.venv/lib/python3.10/site-packages/airflow/example_dags/example_params_trigger_ui.py
[2024-05-15T03:34:41.811+0800] {processor.py:840} INFO - DAG(s) 'example_params_trigger_ui' retrieved from /home/jithish/Documents/dag-dag-dag/.venv/lib/python3.10/site-packages/airflow/example_dags/example_params_trigger_ui.py
[2024-05-15T03:34:41.845+0800] {logging_mixin.py:188} INFO - [2024-05-15T03:34:41.845+0800] {dag.py:3096} INFO - Sync 1 DAGs
[2024-05-15T03:34:41.854+0800] {logging_mixin.py:188} INFO - [2024-05-15T03:34:41.854+0800] {dag.py:3954} INFO - Setting next_dagrun for example_params_trigger_ui to None, run_after=None
[2024-05-15T03:34:41.877+0800] {processor.py:183} INFO - Processing /home/jithish/Documents/dag-dag-dag/.venv/lib/python3.10/site-packages/airflow/example_dags/example_params_trigger_ui.py took 0.144 seconds
[2024-05-15T03:35:57.202+0800] {processor.py:161} INFO - Started process (PID=89113) to work on /home/jithish/Documents/dag-dag-dag/.venv/lib/python3.10/site-packages/airflow/example_dags/example_params_trigger_ui.py
[2024-05-15T03:35:57.202+0800] {processor.py:830} INFO - Processing file /home/jithish/Documents/dag-dag-dag/.venv/lib/python3.10/site-packages/airflow/example_dags/example_params_trigger_ui.py for tasks to queue
[2024-05-15T03:35:57.204+0800] {logging_mixin.py:188} INFO - [2024-05-15T03:35:57.203+0800] {dagbag.py:545} INFO - Filling up the DagBag from /home/jithish/Documents/dag-dag-dag/.venv/lib/python3.10/site-packages/airflow/example_dags/example_params_trigger_ui.py
[2024-05-15T03:35:57.214+0800] {processor.py:840} INFO - DAG(s) 'example_params_trigger_ui' retrieved from /home/jithish/Documents/dag-dag-dag/.venv/lib/python3.10/site-packages/airflow/example_dags/example_params_trigger_ui.py
[2024-05-15T03:35:57.249+0800] {logging_mixin.py:188} INFO - [2024-05-15T03:35:57.249+0800] {dag.py:3096} INFO - Sync 1 DAGs
[2024-05-15T03:35:57.258+0800] {logging_mixin.py:188} INFO - [2024-05-15T03:35:57.258+0800] {dag.py:3954} INFO - Setting next_dagrun for example_params_trigger_ui to None, run_after=None
[2024-05-15T03:35:57.277+0800] {processor.py:183} INFO - Processing /home/jithish/Documents/dag-dag-dag/.venv/lib/python3.10/site-packages/airflow/example_dags/example_params_trigger_ui.py took 0.080 seconds
[2024-05-15T03:37:10.207+0800] {processor.py:161} INFO - Started process (PID=89805) to work on /home/jithish/Documents/dag-dag-dag/.venv/lib/python3.10/site-packages/airflow/example_dags/example_params_trigger_ui.py
[2024-05-15T03:37:10.208+0800] {processor.py:830} INFO - Processing file /home/jithish/Documents/dag-dag-dag/.venv/lib/python3.10/site-packages/airflow/example_dags/example_params_trigger_ui.py for tasks to queue
[2024-05-15T03:37:10.209+0800] {logging_mixin.py:188} INFO - [2024-05-15T03:37:10.209+0800] {dagbag.py:545} INFO - Filling up the DagBag from /home/jithish/Documents/dag-dag-dag/.venv/lib/python3.10/site-packages/airflow/example_dags/example_params_trigger_ui.py
[2024-05-15T03:37:10.219+0800] {processor.py:840} INFO - DAG(s) 'example_params_trigger_ui' retrieved from /home/jithish/Documents/dag-dag-dag/.venv/lib/python3.10/site-packages/airflow/example_dags/example_params_trigger_ui.py
[2024-05-15T03:37:10.253+0800] {logging_mixin.py:188} INFO - [2024-05-15T03:37:10.253+0800] {dag.py:3096} INFO - Sync 1 DAGs
[2024-05-15T03:37:10.262+0800] {logging_mixin.py:188} INFO - [2024-05-15T03:37:10.262+0800] {dag.py:3954} INFO - Setting next_dagrun for example_params_trigger_ui to None, run_after=None
[2024-05-15T03:37:10.279+0800] {processor.py:183} INFO - Processing /home/jithish/Documents/dag-dag-dag/.venv/lib/python3.10/site-packages/airflow/example_dags/example_params_trigger_ui.py took 0.078 seconds
[2024-05-15T03:38:24.876+0800] {processor.py:161} INFO - Started process (PID=90540) to work on /home/jithish/Documents/dag-dag-dag/.venv/lib/python3.10/site-packages/airflow/example_dags/example_params_trigger_ui.py
[2024-05-15T03:38:24.937+0800] {processor.py:830} INFO - Processing file /home/jithish/Documents/dag-dag-dag/.venv/lib/python3.10/site-packages/airflow/example_dags/example_params_trigger_ui.py for tasks to queue
[2024-05-15T03:38:24.939+0800] {logging_mixin.py:188} INFO - [2024-05-15T03:38:24.938+0800] {dagbag.py:545} INFO - Filling up the DagBag from /home/jithish/Documents/dag-dag-dag/.venv/lib/python3.10/site-packages/airflow/example_dags/example_params_trigger_ui.py
[2024-05-15T03:38:24.958+0800] {processor.py:840} INFO - DAG(s) 'example_params_trigger_ui' retrieved from /home/jithish/Documents/dag-dag-dag/.venv/lib/python3.10/site-packages/airflow/example_dags/example_params_trigger_ui.py
[2024-05-15T03:38:25.035+0800] {logging_mixin.py:188} INFO - [2024-05-15T03:38:25.034+0800] {dag.py:3096} INFO - Sync 1 DAGs
[2024-05-15T03:38:25.049+0800] {logging_mixin.py:188} INFO - [2024-05-15T03:38:25.049+0800] {dag.py:3954} INFO - Setting next_dagrun for example_params_trigger_ui to None, run_after=None
[2024-05-15T03:38:25.079+0800] {processor.py:183} INFO - Processing /home/jithish/Documents/dag-dag-dag/.venv/lib/python3.10/site-packages/airflow/example_dags/example_params_trigger_ui.py took 0.210 seconds
[2024-05-15T03:39:54.985+0800] {processor.py:161} INFO - Started process (PID=92637) to work on /home/jithish/Documents/dag-dag-dag/.venv/lib/python3.10/site-packages/airflow/example_dags/example_params_trigger_ui.py
[2024-05-15T03:39:55.047+0800] {processor.py:830} INFO - Processing file /home/jithish/Documents/dag-dag-dag/.venv/lib/python3.10/site-packages/airflow/example_dags/example_params_trigger_ui.py for tasks to queue
[2024-05-15T03:39:55.052+0800] {logging_mixin.py:188} INFO - [2024-05-15T03:39:55.051+0800] {dagbag.py:545} INFO - Filling up the DagBag from /home/jithish/Documents/dag-dag-dag/.venv/lib/python3.10/site-packages/airflow/example_dags/example_params_trigger_ui.py
[2024-05-15T03:39:55.076+0800] {processor.py:840} INFO - DAG(s) 'example_params_trigger_ui' retrieved from /home/jithish/Documents/dag-dag-dag/.venv/lib/python3.10/site-packages/airflow/example_dags/example_params_trigger_ui.py
[2024-05-15T03:39:55.114+0800] {logging_mixin.py:188} INFO - [2024-05-15T03:39:55.114+0800] {dag.py:3096} INFO - Sync 1 DAGs
[2024-05-15T03:39:55.124+0800] {logging_mixin.py:188} INFO - [2024-05-15T03:39:55.123+0800] {dag.py:3954} INFO - Setting next_dagrun for example_params_trigger_ui to None, run_after=None
[2024-05-15T03:39:55.152+0800] {processor.py:183} INFO - Processing /home/jithish/Documents/dag-dag-dag/.venv/lib/python3.10/site-packages/airflow/example_dags/example_params_trigger_ui.py took 0.174 seconds
[2024-05-15T03:40:53.602+0800] {processor.py:161} INFO - Started process (PID=93474) to work on /home/jithish/Documents/dag-dag-dag/.venv/lib/python3.10/site-packages/airflow/example_dags/example_params_trigger_ui.py
[2024-05-15T03:40:53.663+0800] {processor.py:830} INFO - Processing file /home/jithish/Documents/dag-dag-dag/.venv/lib/python3.10/site-packages/airflow/example_dags/example_params_trigger_ui.py for tasks to queue
[2024-05-15T03:40:53.665+0800] {logging_mixin.py:188} INFO - [2024-05-15T03:40:53.665+0800] {dagbag.py:545} INFO - Filling up the DagBag from /home/jithish/Documents/dag-dag-dag/.venv/lib/python3.10/site-packages/airflow/example_dags/example_params_trigger_ui.py
[2024-05-15T03:40:53.679+0800] {processor.py:840} INFO - DAG(s) 'example_params_trigger_ui' retrieved from /home/jithish/Documents/dag-dag-dag/.venv/lib/python3.10/site-packages/airflow/example_dags/example_params_trigger_ui.py
[2024-05-15T03:40:53.714+0800] {logging_mixin.py:188} INFO - [2024-05-15T03:40:53.713+0800] {dag.py:3096} INFO - Sync 1 DAGs
[2024-05-15T03:40:53.721+0800] {logging_mixin.py:188} INFO - [2024-05-15T03:40:53.721+0800] {dag.py:3954} INFO - Setting next_dagrun for example_params_trigger_ui to None, run_after=None
[2024-05-15T03:40:53.753+0800] {processor.py:183} INFO - Processing /home/jithish/Documents/dag-dag-dag/.venv/lib/python3.10/site-packages/airflow/example_dags/example_params_trigger_ui.py took 0.162 seconds
[2024-05-15T03:41:49.586+0800] {processor.py:161} INFO - Started process (PID=94255) to work on /home/jithish/Documents/dag-dag-dag/.venv/lib/python3.10/site-packages/airflow/example_dags/example_params_trigger_ui.py
[2024-05-15T03:41:49.647+0800] {processor.py:830} INFO - Processing file /home/jithish/Documents/dag-dag-dag/.venv/lib/python3.10/site-packages/airflow/example_dags/example_params_trigger_ui.py for tasks to queue
[2024-05-15T03:41:49.651+0800] {logging_mixin.py:188} INFO - [2024-05-15T03:41:49.650+0800] {dagbag.py:545} INFO - Filling up the DagBag from /home/jithish/Documents/dag-dag-dag/.venv/lib/python3.10/site-packages/airflow/example_dags/example_params_trigger_ui.py
[2024-05-15T03:41:49.677+0800] {processor.py:840} INFO - DAG(s) 'example_params_trigger_ui' retrieved from /home/jithish/Documents/dag-dag-dag/.venv/lib/python3.10/site-packages/airflow/example_dags/example_params_trigger_ui.py
[2024-05-15T03:41:49.720+0800] {logging_mixin.py:188} INFO - [2024-05-15T03:41:49.720+0800] {dag.py:3096} INFO - Sync 1 DAGs
[2024-05-15T03:41:49.729+0800] {logging_mixin.py:188} INFO - [2024-05-15T03:41:49.728+0800] {dag.py:3954} INFO - Setting next_dagrun for example_params_trigger_ui to None, run_after=None
[2024-05-15T03:41:49.747+0800] {processor.py:183} INFO - Processing /home/jithish/Documents/dag-dag-dag/.venv/lib/python3.10/site-packages/airflow/example_dags/example_params_trigger_ui.py took 0.167 seconds
[2024-05-15T03:43:08.333+0800] {processor.py:161} INFO - Started process (PID=95352) to work on /home/jithish/Documents/dag-dag-dag/.venv/lib/python3.10/site-packages/airflow/example_dags/example_params_trigger_ui.py
[2024-05-15T03:43:08.334+0800] {processor.py:830} INFO - Processing file /home/jithish/Documents/dag-dag-dag/.venv/lib/python3.10/site-packages/airflow/example_dags/example_params_trigger_ui.py for tasks to queue
[2024-05-15T03:43:08.335+0800] {logging_mixin.py:188} INFO - [2024-05-15T03:43:08.335+0800] {dagbag.py:545} INFO - Filling up the DagBag from /home/jithish/Documents/dag-dag-dag/.venv/lib/python3.10/site-packages/airflow/example_dags/example_params_trigger_ui.py
[2024-05-15T03:43:08.348+0800] {processor.py:840} INFO - DAG(s) 'example_params_trigger_ui' retrieved from /home/jithish/Documents/dag-dag-dag/.venv/lib/python3.10/site-packages/airflow/example_dags/example_params_trigger_ui.py
[2024-05-15T03:43:08.387+0800] {logging_mixin.py:188} INFO - [2024-05-15T03:43:08.386+0800] {dag.py:3096} INFO - Sync 1 DAGs
[2024-05-15T03:43:08.403+0800] {logging_mixin.py:188} INFO - [2024-05-15T03:43:08.403+0800] {dag.py:3954} INFO - Setting next_dagrun for example_params_trigger_ui to None, run_after=None
[2024-05-15T03:43:08.432+0800] {processor.py:183} INFO - Processing /home/jithish/Documents/dag-dag-dag/.venv/lib/python3.10/site-packages/airflow/example_dags/example_params_trigger_ui.py took 0.103 seconds
[2024-05-15T03:44:32.572+0800] {processor.py:161} INFO - Started process (PID=96660) to work on /home/jithish/Documents/dag-dag-dag/.venv/lib/python3.10/site-packages/airflow/example_dags/example_params_trigger_ui.py
[2024-05-15T03:44:32.633+0800] {processor.py:830} INFO - Processing file /home/jithish/Documents/dag-dag-dag/.venv/lib/python3.10/site-packages/airflow/example_dags/example_params_trigger_ui.py for tasks to queue
[2024-05-15T03:44:32.638+0800] {logging_mixin.py:188} INFO - [2024-05-15T03:44:32.637+0800] {dagbag.py:545} INFO - Filling up the DagBag from /home/jithish/Documents/dag-dag-dag/.venv/lib/python3.10/site-packages/airflow/example_dags/example_params_trigger_ui.py
[2024-05-15T03:44:32.668+0800] {processor.py:840} INFO - DAG(s) 'example_params_trigger_ui' retrieved from /home/jithish/Documents/dag-dag-dag/.venv/lib/python3.10/site-packages/airflow/example_dags/example_params_trigger_ui.py
[2024-05-15T03:44:32.709+0800] {logging_mixin.py:188} INFO - [2024-05-15T03:44:32.709+0800] {dag.py:3096} INFO - Sync 1 DAGs
[2024-05-15T03:44:32.716+0800] {logging_mixin.py:188} INFO - [2024-05-15T03:44:32.716+0800] {dag.py:3954} INFO - Setting next_dagrun for example_params_trigger_ui to None, run_after=None
[2024-05-15T03:44:32.735+0800] {processor.py:183} INFO - Processing /home/jithish/Documents/dag-dag-dag/.venv/lib/python3.10/site-packages/airflow/example_dags/example_params_trigger_ui.py took 0.168 seconds
[2024-05-15T03:45:30.370+0800] {processor.py:161} INFO - Started process (PID=97216) to work on /home/jithish/Documents/dag-dag-dag/.venv/lib/python3.10/site-packages/airflow/example_dags/example_params_trigger_ui.py
[2024-05-15T03:45:30.372+0800] {processor.py:830} INFO - Processing file /home/jithish/Documents/dag-dag-dag/.venv/lib/python3.10/site-packages/airflow/example_dags/example_params_trigger_ui.py for tasks to queue
[2024-05-15T03:45:30.375+0800] {logging_mixin.py:188} INFO - [2024-05-15T03:45:30.374+0800] {dagbag.py:545} INFO - Filling up the DagBag from /home/jithish/Documents/dag-dag-dag/.venv/lib/python3.10/site-packages/airflow/example_dags/example_params_trigger_ui.py
[2024-05-15T03:45:30.393+0800] {processor.py:840} INFO - DAG(s) 'example_params_trigger_ui' retrieved from /home/jithish/Documents/dag-dag-dag/.venv/lib/python3.10/site-packages/airflow/example_dags/example_params_trigger_ui.py
[2024-05-15T03:45:30.427+0800] {logging_mixin.py:188} INFO - [2024-05-15T03:45:30.427+0800] {dag.py:3096} INFO - Sync 1 DAGs
[2024-05-15T03:45:30.438+0800] {logging_mixin.py:188} INFO - [2024-05-15T03:45:30.438+0800] {dag.py:3954} INFO - Setting next_dagrun for example_params_trigger_ui to None, run_after=None
[2024-05-15T03:45:30.461+0800] {processor.py:183} INFO - Processing /home/jithish/Documents/dag-dag-dag/.venv/lib/python3.10/site-packages/airflow/example_dags/example_params_trigger_ui.py took 0.102 seconds
[2024-05-15T03:46:32.277+0800] {processor.py:161} INFO - Started process (PID=98204) to work on /home/jithish/Documents/dag-dag-dag/.venv/lib/python3.10/site-packages/airflow/example_dags/example_params_trigger_ui.py
[2024-05-15T03:46:32.338+0800] {processor.py:830} INFO - Processing file /home/jithish/Documents/dag-dag-dag/.venv/lib/python3.10/site-packages/airflow/example_dags/example_params_trigger_ui.py for tasks to queue
[2024-05-15T03:46:32.346+0800] {logging_mixin.py:188} INFO - [2024-05-15T03:46:32.345+0800] {dagbag.py:545} INFO - Filling up the DagBag from /home/jithish/Documents/dag-dag-dag/.venv/lib/python3.10/site-packages/airflow/example_dags/example_params_trigger_ui.py
[2024-05-15T03:46:32.375+0800] {processor.py:840} INFO - DAG(s) 'example_params_trigger_ui' retrieved from /home/jithish/Documents/dag-dag-dag/.venv/lib/python3.10/site-packages/airflow/example_dags/example_params_trigger_ui.py
[2024-05-15T03:46:32.411+0800] {logging_mixin.py:188} INFO - [2024-05-15T03:46:32.411+0800] {dag.py:3096} INFO - Sync 1 DAGs
[2024-05-15T03:46:32.421+0800] {logging_mixin.py:188} INFO - [2024-05-15T03:46:32.421+0800] {dag.py:3954} INFO - Setting next_dagrun for example_params_trigger_ui to None, run_after=None
[2024-05-15T03:46:32.447+0800] {processor.py:183} INFO - Processing /home/jithish/Documents/dag-dag-dag/.venv/lib/python3.10/site-packages/airflow/example_dags/example_params_trigger_ui.py took 0.177 seconds
[2024-05-15T03:47:31.105+0800] {processor.py:161} INFO - Started process (PID=99034) to work on /home/jithish/Documents/dag-dag-dag/.venv/lib/python3.10/site-packages/airflow/example_dags/example_params_trigger_ui.py
[2024-05-15T03:47:31.166+0800] {processor.py:830} INFO - Processing file /home/jithish/Documents/dag-dag-dag/.venv/lib/python3.10/site-packages/airflow/example_dags/example_params_trigger_ui.py for tasks to queue
[2024-05-15T03:47:31.168+0800] {logging_mixin.py:188} INFO - [2024-05-15T03:47:31.167+0800] {dagbag.py:545} INFO - Filling up the DagBag from /home/jithish/Documents/dag-dag-dag/.venv/lib/python3.10/site-packages/airflow/example_dags/example_params_trigger_ui.py
[2024-05-15T03:47:31.178+0800] {processor.py:840} INFO - DAG(s) 'example_params_trigger_ui' retrieved from /home/jithish/Documents/dag-dag-dag/.venv/lib/python3.10/site-packages/airflow/example_dags/example_params_trigger_ui.py
[2024-05-15T03:47:31.218+0800] {logging_mixin.py:188} INFO - [2024-05-15T03:47:31.218+0800] {dag.py:3096} INFO - Sync 1 DAGs
[2024-05-15T03:47:31.230+0800] {logging_mixin.py:188} INFO - [2024-05-15T03:47:31.230+0800] {dag.py:3954} INFO - Setting next_dagrun for example_params_trigger_ui to None, run_after=None
[2024-05-15T03:47:31.251+0800] {processor.py:183} INFO - Processing /home/jithish/Documents/dag-dag-dag/.venv/lib/python3.10/site-packages/airflow/example_dags/example_params_trigger_ui.py took 0.153 seconds
[2024-05-15T03:48:46.488+0800] {processor.py:161} INFO - Started process (PID=100085) to work on /home/jithish/Documents/dag-dag-dag/.venv/lib/python3.10/site-packages/airflow/example_dags/example_params_trigger_ui.py
[2024-05-15T03:48:46.489+0800] {processor.py:830} INFO - Processing file /home/jithish/Documents/dag-dag-dag/.venv/lib/python3.10/site-packages/airflow/example_dags/example_params_trigger_ui.py for tasks to queue
[2024-05-15T03:48:46.490+0800] {logging_mixin.py:188} INFO - [2024-05-15T03:48:46.490+0800] {dagbag.py:545} INFO - Filling up the DagBag from /home/jithish/Documents/dag-dag-dag/.venv/lib/python3.10/site-packages/airflow/example_dags/example_params_trigger_ui.py
[2024-05-15T03:48:46.503+0800] {processor.py:840} INFO - DAG(s) 'example_params_trigger_ui' retrieved from /home/jithish/Documents/dag-dag-dag/.venv/lib/python3.10/site-packages/airflow/example_dags/example_params_trigger_ui.py
[2024-05-15T03:48:46.537+0800] {logging_mixin.py:188} INFO - [2024-05-15T03:48:46.537+0800] {dag.py:3096} INFO - Sync 1 DAGs
[2024-05-15T03:48:46.546+0800] {logging_mixin.py:188} INFO - [2024-05-15T03:48:46.545+0800] {dag.py:3954} INFO - Setting next_dagrun for example_params_trigger_ui to None, run_after=None
[2024-05-15T03:48:46.560+0800] {processor.py:183} INFO - Processing /home/jithish/Documents/dag-dag-dag/.venv/lib/python3.10/site-packages/airflow/example_dags/example_params_trigger_ui.py took 0.081 seconds
[2024-05-15T03:49:42.348+0800] {processor.py:161} INFO - Started process (PID=100926) to work on /home/jithish/Documents/dag-dag-dag/.venv/lib/python3.10/site-packages/airflow/example_dags/example_params_trigger_ui.py
[2024-05-15T03:49:42.349+0800] {processor.py:830} INFO - Processing file /home/jithish/Documents/dag-dag-dag/.venv/lib/python3.10/site-packages/airflow/example_dags/example_params_trigger_ui.py for tasks to queue
[2024-05-15T03:49:42.351+0800] {logging_mixin.py:188} INFO - [2024-05-15T03:49:42.350+0800] {dagbag.py:545} INFO - Filling up the DagBag from /home/jithish/Documents/dag-dag-dag/.venv/lib/python3.10/site-packages/airflow/example_dags/example_params_trigger_ui.py
[2024-05-15T03:49:42.364+0800] {processor.py:840} INFO - DAG(s) 'example_params_trigger_ui' retrieved from /home/jithish/Documents/dag-dag-dag/.venv/lib/python3.10/site-packages/airflow/example_dags/example_params_trigger_ui.py
[2024-05-15T03:49:42.400+0800] {logging_mixin.py:188} INFO - [2024-05-15T03:49:42.399+0800] {dag.py:3096} INFO - Sync 1 DAGs
[2024-05-15T03:49:42.407+0800] {logging_mixin.py:188} INFO - [2024-05-15T03:49:42.407+0800] {dag.py:3954} INFO - Setting next_dagrun for example_params_trigger_ui to None, run_after=None
[2024-05-15T03:49:42.425+0800] {processor.py:183} INFO - Processing /home/jithish/Documents/dag-dag-dag/.venv/lib/python3.10/site-packages/airflow/example_dags/example_params_trigger_ui.py took 0.087 seconds
[2024-05-15T03:50:39.452+0800] {processor.py:161} INFO - Started process (PID=101713) to work on /home/jithish/Documents/dag-dag-dag/.venv/lib/python3.10/site-packages/airflow/example_dags/example_params_trigger_ui.py
[2024-05-15T03:50:39.452+0800] {processor.py:830} INFO - Processing file /home/jithish/Documents/dag-dag-dag/.venv/lib/python3.10/site-packages/airflow/example_dags/example_params_trigger_ui.py for tasks to queue
[2024-05-15T03:50:39.453+0800] {logging_mixin.py:188} INFO - [2024-05-15T03:50:39.453+0800] {dagbag.py:545} INFO - Filling up the DagBag from /home/jithish/Documents/dag-dag-dag/.venv/lib/python3.10/site-packages/airflow/example_dags/example_params_trigger_ui.py
[2024-05-15T03:50:39.465+0800] {processor.py:840} INFO - DAG(s) 'example_params_trigger_ui' retrieved from /home/jithish/Documents/dag-dag-dag/.venv/lib/python3.10/site-packages/airflow/example_dags/example_params_trigger_ui.py
[2024-05-15T03:50:39.507+0800] {logging_mixin.py:188} INFO - [2024-05-15T03:50:39.507+0800] {dag.py:3096} INFO - Sync 1 DAGs
[2024-05-15T03:50:39.517+0800] {logging_mixin.py:188} INFO - [2024-05-15T03:50:39.517+0800] {dag.py:3954} INFO - Setting next_dagrun for example_params_trigger_ui to None, run_after=None
[2024-05-15T03:50:39.539+0800] {processor.py:183} INFO - Processing /home/jithish/Documents/dag-dag-dag/.venv/lib/python3.10/site-packages/airflow/example_dags/example_params_trigger_ui.py took 0.092 seconds
[2024-05-15T03:51:37.112+0800] {processor.py:161} INFO - Started process (PID=102468) to work on /home/jithish/Documents/dag-dag-dag/.venv/lib/python3.10/site-packages/airflow/example_dags/example_params_trigger_ui.py
[2024-05-15T03:51:37.176+0800] {processor.py:830} INFO - Processing file /home/jithish/Documents/dag-dag-dag/.venv/lib/python3.10/site-packages/airflow/example_dags/example_params_trigger_ui.py for tasks to queue
[2024-05-15T03:51:37.179+0800] {logging_mixin.py:188} INFO - [2024-05-15T03:51:37.178+0800] {dagbag.py:545} INFO - Filling up the DagBag from /home/jithish/Documents/dag-dag-dag/.venv/lib/python3.10/site-packages/airflow/example_dags/example_params_trigger_ui.py
[2024-05-15T03:51:37.196+0800] {processor.py:840} INFO - DAG(s) 'example_params_trigger_ui' retrieved from /home/jithish/Documents/dag-dag-dag/.venv/lib/python3.10/site-packages/airflow/example_dags/example_params_trigger_ui.py
[2024-05-15T03:51:37.242+0800] {logging_mixin.py:188} INFO - [2024-05-15T03:51:37.242+0800] {dag.py:3096} INFO - Sync 1 DAGs
[2024-05-15T03:51:37.253+0800] {logging_mixin.py:188} INFO - [2024-05-15T03:51:37.253+0800] {dag.py:3954} INFO - Setting next_dagrun for example_params_trigger_ui to None, run_after=None
[2024-05-15T03:51:37.276+0800] {processor.py:183} INFO - Processing /home/jithish/Documents/dag-dag-dag/.venv/lib/python3.10/site-packages/airflow/example_dags/example_params_trigger_ui.py took 0.169 seconds
[2024-05-15T03:52:48.650+0800] {processor.py:161} INFO - Started process (PID=103201) to work on /home/jithish/Documents/dag-dag-dag/.venv/lib/python3.10/site-packages/airflow/example_dags/example_params_trigger_ui.py
[2024-05-15T03:52:48.650+0800] {processor.py:830} INFO - Processing file /home/jithish/Documents/dag-dag-dag/.venv/lib/python3.10/site-packages/airflow/example_dags/example_params_trigger_ui.py for tasks to queue
[2024-05-15T03:52:48.651+0800] {logging_mixin.py:188} INFO - [2024-05-15T03:52:48.651+0800] {dagbag.py:545} INFO - Filling up the DagBag from /home/jithish/Documents/dag-dag-dag/.venv/lib/python3.10/site-packages/airflow/example_dags/example_params_trigger_ui.py
[2024-05-15T03:52:48.661+0800] {processor.py:840} INFO - DAG(s) 'example_params_trigger_ui' retrieved from /home/jithish/Documents/dag-dag-dag/.venv/lib/python3.10/site-packages/airflow/example_dags/example_params_trigger_ui.py
[2024-05-15T03:52:48.693+0800] {logging_mixin.py:188} INFO - [2024-05-15T03:52:48.692+0800] {dag.py:3096} INFO - Sync 1 DAGs
[2024-05-15T03:52:48.700+0800] {logging_mixin.py:188} INFO - [2024-05-15T03:52:48.700+0800] {dag.py:3954} INFO - Setting next_dagrun for example_params_trigger_ui to None, run_after=None
[2024-05-15T03:52:48.724+0800] {processor.py:183} INFO - Processing /home/jithish/Documents/dag-dag-dag/.venv/lib/python3.10/site-packages/airflow/example_dags/example_params_trigger_ui.py took 0.079 seconds
[2024-05-15T03:53:44.615+0800] {processor.py:161} INFO - Started process (PID=103916) to work on /home/jithish/Documents/dag-dag-dag/.venv/lib/python3.10/site-packages/airflow/example_dags/example_params_trigger_ui.py
[2024-05-15T03:53:44.677+0800] {processor.py:830} INFO - Processing file /home/jithish/Documents/dag-dag-dag/.venv/lib/python3.10/site-packages/airflow/example_dags/example_params_trigger_ui.py for tasks to queue
[2024-05-15T03:53:44.682+0800] {logging_mixin.py:188} INFO - [2024-05-15T03:53:44.681+0800] {dagbag.py:545} INFO - Filling up the DagBag from /home/jithish/Documents/dag-dag-dag/.venv/lib/python3.10/site-packages/airflow/example_dags/example_params_trigger_ui.py
[2024-05-15T03:53:44.716+0800] {processor.py:840} INFO - DAG(s) 'example_params_trigger_ui' retrieved from /home/jithish/Documents/dag-dag-dag/.venv/lib/python3.10/site-packages/airflow/example_dags/example_params_trigger_ui.py
[2024-05-15T03:53:44.754+0800] {logging_mixin.py:188} INFO - [2024-05-15T03:53:44.754+0800] {dag.py:3096} INFO - Sync 1 DAGs
[2024-05-15T03:53:44.762+0800] {logging_mixin.py:188} INFO - [2024-05-15T03:53:44.762+0800] {dag.py:3954} INFO - Setting next_dagrun for example_params_trigger_ui to None, run_after=None
[2024-05-15T03:53:44.782+0800] {processor.py:183} INFO - Processing /home/jithish/Documents/dag-dag-dag/.venv/lib/python3.10/site-packages/airflow/example_dags/example_params_trigger_ui.py took 0.176 seconds
[2024-05-15T03:54:42.460+0800] {processor.py:161} INFO - Started process (PID=104631) to work on /home/jithish/Documents/dag-dag-dag/.venv/lib/python3.10/site-packages/airflow/example_dags/example_params_trigger_ui.py
[2024-05-15T03:54:42.522+0800] {processor.py:830} INFO - Processing file /home/jithish/Documents/dag-dag-dag/.venv/lib/python3.10/site-packages/airflow/example_dags/example_params_trigger_ui.py for tasks to queue
[2024-05-15T03:54:42.527+0800] {logging_mixin.py:188} INFO - [2024-05-15T03:54:42.525+0800] {dagbag.py:545} INFO - Filling up the DagBag from /home/jithish/Documents/dag-dag-dag/.venv/lib/python3.10/site-packages/airflow/example_dags/example_params_trigger_ui.py
[2024-05-15T03:54:42.560+0800] {processor.py:840} INFO - DAG(s) 'example_params_trigger_ui' retrieved from /home/jithish/Documents/dag-dag-dag/.venv/lib/python3.10/site-packages/airflow/example_dags/example_params_trigger_ui.py
[2024-05-15T03:54:42.610+0800] {logging_mixin.py:188} INFO - [2024-05-15T03:54:42.610+0800] {dag.py:3096} INFO - Sync 1 DAGs
[2024-05-15T03:54:42.619+0800] {logging_mixin.py:188} INFO - [2024-05-15T03:54:42.619+0800] {dag.py:3954} INFO - Setting next_dagrun for example_params_trigger_ui to None, run_after=None
[2024-05-15T03:54:42.637+0800] {processor.py:183} INFO - Processing /home/jithish/Documents/dag-dag-dag/.venv/lib/python3.10/site-packages/airflow/example_dags/example_params_trigger_ui.py took 0.181 seconds
[2024-05-15T03:55:37.084+0800] {processor.py:161} INFO - Started process (PID=105341) to work on /home/jithish/Documents/dag-dag-dag/.venv/lib/python3.10/site-packages/airflow/example_dags/example_params_trigger_ui.py
[2024-05-15T03:55:37.145+0800] {processor.py:830} INFO - Processing file /home/jithish/Documents/dag-dag-dag/.venv/lib/python3.10/site-packages/airflow/example_dags/example_params_trigger_ui.py for tasks to queue
[2024-05-15T03:55:37.150+0800] {logging_mixin.py:188} INFO - [2024-05-15T03:55:37.149+0800] {dagbag.py:545} INFO - Filling up the DagBag from /home/jithish/Documents/dag-dag-dag/.venv/lib/python3.10/site-packages/airflow/example_dags/example_params_trigger_ui.py
[2024-05-15T03:55:37.189+0800] {processor.py:840} INFO - DAG(s) 'example_params_trigger_ui' retrieved from /home/jithish/Documents/dag-dag-dag/.venv/lib/python3.10/site-packages/airflow/example_dags/example_params_trigger_ui.py
[2024-05-15T03:55:37.242+0800] {logging_mixin.py:188} INFO - [2024-05-15T03:55:37.242+0800] {dag.py:3096} INFO - Sync 1 DAGs
[2024-05-15T03:55:37.253+0800] {logging_mixin.py:188} INFO - [2024-05-15T03:55:37.253+0800] {dag.py:3954} INFO - Setting next_dagrun for example_params_trigger_ui to None, run_after=None
[2024-05-15T03:55:37.274+0800] {processor.py:183} INFO - Processing /home/jithish/Documents/dag-dag-dag/.venv/lib/python3.10/site-packages/airflow/example_dags/example_params_trigger_ui.py took 0.194 seconds
[2024-05-15T03:56:50.705+0800] {processor.py:161} INFO - Started process (PID=106061) to work on /home/jithish/Documents/dag-dag-dag/.venv/lib/python3.10/site-packages/airflow/example_dags/example_params_trigger_ui.py
[2024-05-15T03:56:50.769+0800] {processor.py:830} INFO - Processing file /home/jithish/Documents/dag-dag-dag/.venv/lib/python3.10/site-packages/airflow/example_dags/example_params_trigger_ui.py for tasks to queue
[2024-05-15T03:56:50.775+0800] {logging_mixin.py:188} INFO - [2024-05-15T03:56:50.774+0800] {dagbag.py:545} INFO - Filling up the DagBag from /home/jithish/Documents/dag-dag-dag/.venv/lib/python3.10/site-packages/airflow/example_dags/example_params_trigger_ui.py
[2024-05-15T03:56:50.798+0800] {processor.py:840} INFO - DAG(s) 'example_params_trigger_ui' retrieved from /home/jithish/Documents/dag-dag-dag/.venv/lib/python3.10/site-packages/airflow/example_dags/example_params_trigger_ui.py
[2024-05-15T03:56:50.833+0800] {logging_mixin.py:188} INFO - [2024-05-15T03:56:50.833+0800] {dag.py:3096} INFO - Sync 1 DAGs
[2024-05-15T03:56:50.848+0800] {logging_mixin.py:188} INFO - [2024-05-15T03:56:50.848+0800] {dag.py:3954} INFO - Setting next_dagrun for example_params_trigger_ui to None, run_after=None
[2024-05-15T03:56:50.881+0800] {processor.py:183} INFO - Processing /home/jithish/Documents/dag-dag-dag/.venv/lib/python3.10/site-packages/airflow/example_dags/example_params_trigger_ui.py took 0.181 seconds
[2024-05-15T03:58:01.655+0800] {processor.py:161} INFO - Started process (PID=106680) to work on /home/jithish/Documents/dag-dag-dag/.venv/lib/python3.10/site-packages/airflow/example_dags/example_params_trigger_ui.py
[2024-05-15T03:58:01.716+0800] {processor.py:830} INFO - Processing file /home/jithish/Documents/dag-dag-dag/.venv/lib/python3.10/site-packages/airflow/example_dags/example_params_trigger_ui.py for tasks to queue
[2024-05-15T03:58:01.718+0800] {logging_mixin.py:188} INFO - [2024-05-15T03:58:01.717+0800] {dagbag.py:545} INFO - Filling up the DagBag from /home/jithish/Documents/dag-dag-dag/.venv/lib/python3.10/site-packages/airflow/example_dags/example_params_trigger_ui.py
[2024-05-15T03:58:01.732+0800] {processor.py:840} INFO - DAG(s) 'example_params_trigger_ui' retrieved from /home/jithish/Documents/dag-dag-dag/.venv/lib/python3.10/site-packages/airflow/example_dags/example_params_trigger_ui.py
[2024-05-15T03:58:01.772+0800] {logging_mixin.py:188} INFO - [2024-05-15T03:58:01.772+0800] {dag.py:3096} INFO - Sync 1 DAGs
[2024-05-15T03:58:01.782+0800] {logging_mixin.py:188} INFO - [2024-05-15T03:58:01.782+0800] {dag.py:3954} INFO - Setting next_dagrun for example_params_trigger_ui to None, run_after=None
[2024-05-15T03:58:01.803+0800] {processor.py:183} INFO - Processing /home/jithish/Documents/dag-dag-dag/.venv/lib/python3.10/site-packages/airflow/example_dags/example_params_trigger_ui.py took 0.152 seconds
[2024-05-15T03:59:13.171+0800] {processor.py:161} INFO - Started process (PID=107421) to work on /home/jithish/Documents/dag-dag-dag/.venv/lib/python3.10/site-packages/airflow/example_dags/example_params_trigger_ui.py
[2024-05-15T03:59:13.172+0800] {processor.py:830} INFO - Processing file /home/jithish/Documents/dag-dag-dag/.venv/lib/python3.10/site-packages/airflow/example_dags/example_params_trigger_ui.py for tasks to queue
[2024-05-15T03:59:13.173+0800] {logging_mixin.py:188} INFO - [2024-05-15T03:59:13.173+0800] {dagbag.py:545} INFO - Filling up the DagBag from /home/jithish/Documents/dag-dag-dag/.venv/lib/python3.10/site-packages/airflow/example_dags/example_params_trigger_ui.py
[2024-05-15T03:59:13.184+0800] {processor.py:840} INFO - DAG(s) 'example_params_trigger_ui' retrieved from /home/jithish/Documents/dag-dag-dag/.venv/lib/python3.10/site-packages/airflow/example_dags/example_params_trigger_ui.py
[2024-05-15T03:59:13.241+0800] {logging_mixin.py:188} INFO - [2024-05-15T03:59:13.241+0800] {dag.py:3096} INFO - Sync 1 DAGs
[2024-05-15T03:59:13.252+0800] {logging_mixin.py:188} INFO - [2024-05-15T03:59:13.252+0800] {dag.py:3954} INFO - Setting next_dagrun for example_params_trigger_ui to None, run_after=None
[2024-05-15T03:59:13.275+0800] {processor.py:183} INFO - Processing /home/jithish/Documents/dag-dag-dag/.venv/lib/python3.10/site-packages/airflow/example_dags/example_params_trigger_ui.py took 0.109 seconds
[2024-05-15T04:00:25.247+0800] {processor.py:161} INFO - Started process (PID=108083) to work on /home/jithish/Documents/dag-dag-dag/.venv/lib/python3.10/site-packages/airflow/example_dags/example_params_trigger_ui.py
[2024-05-15T04:00:25.310+0800] {processor.py:830} INFO - Processing file /home/jithish/Documents/dag-dag-dag/.venv/lib/python3.10/site-packages/airflow/example_dags/example_params_trigger_ui.py for tasks to queue
[2024-05-15T04:00:25.311+0800] {logging_mixin.py:188} INFO - [2024-05-15T04:00:25.311+0800] {dagbag.py:545} INFO - Filling up the DagBag from /home/jithish/Documents/dag-dag-dag/.venv/lib/python3.10/site-packages/airflow/example_dags/example_params_trigger_ui.py
[2024-05-15T04:00:25.323+0800] {processor.py:840} INFO - DAG(s) 'example_params_trigger_ui' retrieved from /home/jithish/Documents/dag-dag-dag/.venv/lib/python3.10/site-packages/airflow/example_dags/example_params_trigger_ui.py
[2024-05-15T04:00:25.368+0800] {logging_mixin.py:188} INFO - [2024-05-15T04:00:25.367+0800] {dag.py:3096} INFO - Sync 1 DAGs
[2024-05-15T04:00:25.376+0800] {logging_mixin.py:188} INFO - [2024-05-15T04:00:25.376+0800] {dag.py:3954} INFO - Setting next_dagrun for example_params_trigger_ui to None, run_after=None
[2024-05-15T04:00:25.395+0800] {processor.py:183} INFO - Processing /home/jithish/Documents/dag-dag-dag/.venv/lib/python3.10/site-packages/airflow/example_dags/example_params_trigger_ui.py took 0.153 seconds
[2024-05-15T04:01:38.125+0800] {processor.py:161} INFO - Started process (PID=108664) to work on /home/jithish/Documents/dag-dag-dag/.venv/lib/python3.10/site-packages/airflow/example_dags/example_params_trigger_ui.py
[2024-05-15T04:01:38.190+0800] {processor.py:830} INFO - Processing file /home/jithish/Documents/dag-dag-dag/.venv/lib/python3.10/site-packages/airflow/example_dags/example_params_trigger_ui.py for tasks to queue
[2024-05-15T04:01:38.194+0800] {logging_mixin.py:188} INFO - [2024-05-15T04:01:38.193+0800] {dagbag.py:545} INFO - Filling up the DagBag from /home/jithish/Documents/dag-dag-dag/.venv/lib/python3.10/site-packages/airflow/example_dags/example_params_trigger_ui.py
[2024-05-15T04:01:38.221+0800] {processor.py:840} INFO - DAG(s) 'example_params_trigger_ui' retrieved from /home/jithish/Documents/dag-dag-dag/.venv/lib/python3.10/site-packages/airflow/example_dags/example_params_trigger_ui.py
[2024-05-15T04:01:38.259+0800] {logging_mixin.py:188} INFO - [2024-05-15T04:01:38.259+0800] {dag.py:3096} INFO - Sync 1 DAGs
[2024-05-15T04:01:38.269+0800] {logging_mixin.py:188} INFO - [2024-05-15T04:01:38.268+0800] {dag.py:3954} INFO - Setting next_dagrun for example_params_trigger_ui to None, run_after=None
[2024-05-15T04:01:38.284+0800] {processor.py:183} INFO - Processing /home/jithish/Documents/dag-dag-dag/.venv/lib/python3.10/site-packages/airflow/example_dags/example_params_trigger_ui.py took 0.165 seconds
[2024-05-15T04:02:53.801+0800] {processor.py:161} INFO - Started process (PID=109427) to work on /home/jithish/Documents/dag-dag-dag/.venv/lib/python3.10/site-packages/airflow/example_dags/example_params_trigger_ui.py
[2024-05-15T04:02:53.867+0800] {processor.py:830} INFO - Processing file /home/jithish/Documents/dag-dag-dag/.venv/lib/python3.10/site-packages/airflow/example_dags/example_params_trigger_ui.py for tasks to queue
[2024-05-15T04:02:53.869+0800] {logging_mixin.py:188} INFO - [2024-05-15T04:02:53.868+0800] {dagbag.py:545} INFO - Filling up the DagBag from /home/jithish/Documents/dag-dag-dag/.venv/lib/python3.10/site-packages/airflow/example_dags/example_params_trigger_ui.py
[2024-05-15T04:02:53.884+0800] {processor.py:840} INFO - DAG(s) 'example_params_trigger_ui' retrieved from /home/jithish/Documents/dag-dag-dag/.venv/lib/python3.10/site-packages/airflow/example_dags/example_params_trigger_ui.py
[2024-05-15T04:02:53.930+0800] {logging_mixin.py:188} INFO - [2024-05-15T04:02:53.930+0800] {dag.py:3096} INFO - Sync 1 DAGs
[2024-05-15T04:02:53.939+0800] {logging_mixin.py:188} INFO - [2024-05-15T04:02:53.939+0800] {dag.py:3954} INFO - Setting next_dagrun for example_params_trigger_ui to None, run_after=None
[2024-05-15T04:02:53.956+0800] {processor.py:183} INFO - Processing /home/jithish/Documents/dag-dag-dag/.venv/lib/python3.10/site-packages/airflow/example_dags/example_params_trigger_ui.py took 0.168 seconds
[2024-05-15T04:03:56.412+0800] {processor.py:161} INFO - Started process (PID=110413) to work on /home/jithish/Documents/dag-dag-dag/.venv/lib/python3.10/site-packages/airflow/example_dags/example_params_trigger_ui.py
[2024-05-15T04:03:56.413+0800] {processor.py:830} INFO - Processing file /home/jithish/Documents/dag-dag-dag/.venv/lib/python3.10/site-packages/airflow/example_dags/example_params_trigger_ui.py for tasks to queue
[2024-05-15T04:03:56.414+0800] {logging_mixin.py:188} INFO - [2024-05-15T04:03:56.414+0800] {dagbag.py:545} INFO - Filling up the DagBag from /home/jithish/Documents/dag-dag-dag/.venv/lib/python3.10/site-packages/airflow/example_dags/example_params_trigger_ui.py
[2024-05-15T04:03:56.429+0800] {processor.py:840} INFO - DAG(s) 'example_params_trigger_ui' retrieved from /home/jithish/Documents/dag-dag-dag/.venv/lib/python3.10/site-packages/airflow/example_dags/example_params_trigger_ui.py
[2024-05-15T04:03:56.470+0800] {logging_mixin.py:188} INFO - [2024-05-15T04:03:56.470+0800] {dag.py:3096} INFO - Sync 1 DAGs
[2024-05-15T04:03:56.482+0800] {logging_mixin.py:188} INFO - [2024-05-15T04:03:56.482+0800] {dag.py:3954} INFO - Setting next_dagrun for example_params_trigger_ui to None, run_after=None
[2024-05-15T04:03:56.506+0800] {processor.py:183} INFO - Processing /home/jithish/Documents/dag-dag-dag/.venv/lib/python3.10/site-packages/airflow/example_dags/example_params_trigger_ui.py took 0.099 seconds
[2024-05-15T04:04:59.294+0800] {processor.py:161} INFO - Started process (PID=111386) to work on /home/jithish/Documents/dag-dag-dag/.venv/lib/python3.10/site-packages/airflow/example_dags/example_params_trigger_ui.py
[2024-05-15T04:04:59.295+0800] {processor.py:830} INFO - Processing file /home/jithish/Documents/dag-dag-dag/.venv/lib/python3.10/site-packages/airflow/example_dags/example_params_trigger_ui.py for tasks to queue
[2024-05-15T04:04:59.297+0800] {logging_mixin.py:188} INFO - [2024-05-15T04:04:59.297+0800] {dagbag.py:545} INFO - Filling up the DagBag from /home/jithish/Documents/dag-dag-dag/.venv/lib/python3.10/site-packages/airflow/example_dags/example_params_trigger_ui.py
[2024-05-15T04:04:59.307+0800] {processor.py:840} INFO - DAG(s) 'example_params_trigger_ui' retrieved from /home/jithish/Documents/dag-dag-dag/.venv/lib/python3.10/site-packages/airflow/example_dags/example_params_trigger_ui.py
[2024-05-15T04:04:59.343+0800] {logging_mixin.py:188} INFO - [2024-05-15T04:04:59.343+0800] {dag.py:3096} INFO - Sync 1 DAGs
[2024-05-15T04:04:59.352+0800] {logging_mixin.py:188} INFO - [2024-05-15T04:04:59.352+0800] {dag.py:3954} INFO - Setting next_dagrun for example_params_trigger_ui to None, run_after=None
[2024-05-15T04:04:59.367+0800] {processor.py:183} INFO - Processing /home/jithish/Documents/dag-dag-dag/.venv/lib/python3.10/site-packages/airflow/example_dags/example_params_trigger_ui.py took 0.079 seconds
[2024-05-15T04:05:53.813+0800] {processor.py:161} INFO - Started process (PID=112163) to work on /home/jithish/Documents/dag-dag-dag/.venv/lib/python3.10/site-packages/airflow/example_dags/example_params_trigger_ui.py
[2024-05-15T04:05:53.875+0800] {processor.py:830} INFO - Processing file /home/jithish/Documents/dag-dag-dag/.venv/lib/python3.10/site-packages/airflow/example_dags/example_params_trigger_ui.py for tasks to queue
[2024-05-15T04:05:53.880+0800] {logging_mixin.py:188} INFO - [2024-05-15T04:05:53.879+0800] {dagbag.py:545} INFO - Filling up the DagBag from /home/jithish/Documents/dag-dag-dag/.venv/lib/python3.10/site-packages/airflow/example_dags/example_params_trigger_ui.py
[2024-05-15T04:05:53.908+0800] {processor.py:840} INFO - DAG(s) 'example_params_trigger_ui' retrieved from /home/jithish/Documents/dag-dag-dag/.venv/lib/python3.10/site-packages/airflow/example_dags/example_params_trigger_ui.py
[2024-05-15T04:05:53.946+0800] {logging_mixin.py:188} INFO - [2024-05-15T04:05:53.946+0800] {dag.py:3096} INFO - Sync 1 DAGs
[2024-05-15T04:05:53.954+0800] {logging_mixin.py:188} INFO - [2024-05-15T04:05:53.953+0800] {dag.py:3954} INFO - Setting next_dagrun for example_params_trigger_ui to None, run_after=None
[2024-05-15T04:05:53.976+0800] {processor.py:183} INFO - Processing /home/jithish/Documents/dag-dag-dag/.venv/lib/python3.10/site-packages/airflow/example_dags/example_params_trigger_ui.py took 0.171 seconds
[2024-05-15T04:06:50.128+0800] {processor.py:161} INFO - Started process (PID=112957) to work on /home/jithish/Documents/dag-dag-dag/.venv/lib/python3.10/site-packages/airflow/example_dags/example_params_trigger_ui.py
[2024-05-15T04:06:50.189+0800] {processor.py:830} INFO - Processing file /home/jithish/Documents/dag-dag-dag/.venv/lib/python3.10/site-packages/airflow/example_dags/example_params_trigger_ui.py for tasks to queue
[2024-05-15T04:06:50.190+0800] {logging_mixin.py:188} INFO - [2024-05-15T04:06:50.190+0800] {dagbag.py:545} INFO - Filling up the DagBag from /home/jithish/Documents/dag-dag-dag/.venv/lib/python3.10/site-packages/airflow/example_dags/example_params_trigger_ui.py
[2024-05-15T04:06:50.201+0800] {processor.py:840} INFO - DAG(s) 'example_params_trigger_ui' retrieved from /home/jithish/Documents/dag-dag-dag/.venv/lib/python3.10/site-packages/airflow/example_dags/example_params_trigger_ui.py
[2024-05-15T04:06:50.234+0800] {logging_mixin.py:188} INFO - [2024-05-15T04:06:50.233+0800] {dag.py:3096} INFO - Sync 1 DAGs
[2024-05-15T04:06:50.243+0800] {logging_mixin.py:188} INFO - [2024-05-15T04:06:50.243+0800] {dag.py:3954} INFO - Setting next_dagrun for example_params_trigger_ui to None, run_after=None
[2024-05-15T04:06:50.273+0800] {processor.py:183} INFO - Processing /home/jithish/Documents/dag-dag-dag/.venv/lib/python3.10/site-packages/airflow/example_dags/example_params_trigger_ui.py took 0.152 seconds
[2024-05-15T04:07:44.910+0800] {processor.py:161} INFO - Started process (PID=113643) to work on /home/jithish/Documents/dag-dag-dag/.venv/lib/python3.10/site-packages/airflow/example_dags/example_params_trigger_ui.py
[2024-05-15T04:07:44.911+0800] {processor.py:830} INFO - Processing file /home/jithish/Documents/dag-dag-dag/.venv/lib/python3.10/site-packages/airflow/example_dags/example_params_trigger_ui.py for tasks to queue
[2024-05-15T04:07:44.913+0800] {logging_mixin.py:188} INFO - [2024-05-15T04:07:44.913+0800] {dagbag.py:545} INFO - Filling up the DagBag from /home/jithish/Documents/dag-dag-dag/.venv/lib/python3.10/site-packages/airflow/example_dags/example_params_trigger_ui.py
[2024-05-15T04:07:44.927+0800] {processor.py:840} INFO - DAG(s) 'example_params_trigger_ui' retrieved from /home/jithish/Documents/dag-dag-dag/.venv/lib/python3.10/site-packages/airflow/example_dags/example_params_trigger_ui.py
[2024-05-15T04:07:44.972+0800] {logging_mixin.py:188} INFO - [2024-05-15T04:07:44.972+0800] {dag.py:3096} INFO - Sync 1 DAGs
[2024-05-15T04:07:44.980+0800] {logging_mixin.py:188} INFO - [2024-05-15T04:07:44.980+0800] {dag.py:3954} INFO - Setting next_dagrun for example_params_trigger_ui to None, run_after=None
[2024-05-15T04:07:44.995+0800] {processor.py:183} INFO - Processing /home/jithish/Documents/dag-dag-dag/.venv/lib/python3.10/site-packages/airflow/example_dags/example_params_trigger_ui.py took 0.090 seconds
[2024-05-15T04:08:39.071+0800] {processor.py:161} INFO - Started process (PID=114323) to work on /home/jithish/Documents/dag-dag-dag/.venv/lib/python3.10/site-packages/airflow/example_dags/example_params_trigger_ui.py
[2024-05-15T04:08:39.134+0800] {processor.py:830} INFO - Processing file /home/jithish/Documents/dag-dag-dag/.venv/lib/python3.10/site-packages/airflow/example_dags/example_params_trigger_ui.py for tasks to queue
[2024-05-15T04:08:39.140+0800] {logging_mixin.py:188} INFO - [2024-05-15T04:08:39.139+0800] {dagbag.py:545} INFO - Filling up the DagBag from /home/jithish/Documents/dag-dag-dag/.venv/lib/python3.10/site-packages/airflow/example_dags/example_params_trigger_ui.py
[2024-05-15T04:08:39.172+0800] {processor.py:840} INFO - DAG(s) 'example_params_trigger_ui' retrieved from /home/jithish/Documents/dag-dag-dag/.venv/lib/python3.10/site-packages/airflow/example_dags/example_params_trigger_ui.py
[2024-05-15T04:08:39.234+0800] {logging_mixin.py:188} INFO - [2024-05-15T04:08:39.234+0800] {dag.py:3096} INFO - Sync 1 DAGs
[2024-05-15T04:08:39.247+0800] {logging_mixin.py:188} INFO - [2024-05-15T04:08:39.247+0800] {dag.py:3954} INFO - Setting next_dagrun for example_params_trigger_ui to None, run_after=None
[2024-05-15T04:08:39.268+0800] {processor.py:183} INFO - Processing /home/jithish/Documents/dag-dag-dag/.venv/lib/python3.10/site-packages/airflow/example_dags/example_params_trigger_ui.py took 0.204 seconds
[2024-05-15T04:09:39.127+0800] {processor.py:161} INFO - Started process (PID=115271) to work on /home/jithish/Documents/dag-dag-dag/.venv/lib/python3.10/site-packages/airflow/example_dags/example_params_trigger_ui.py
[2024-05-15T04:09:39.189+0800] {processor.py:830} INFO - Processing file /home/jithish/Documents/dag-dag-dag/.venv/lib/python3.10/site-packages/airflow/example_dags/example_params_trigger_ui.py for tasks to queue
[2024-05-15T04:09:39.193+0800] {logging_mixin.py:188} INFO - [2024-05-15T04:09:39.192+0800] {dagbag.py:545} INFO - Filling up the DagBag from /home/jithish/Documents/dag-dag-dag/.venv/lib/python3.10/site-packages/airflow/example_dags/example_params_trigger_ui.py
[2024-05-15T04:09:39.228+0800] {processor.py:840} INFO - DAG(s) 'example_params_trigger_ui' retrieved from /home/jithish/Documents/dag-dag-dag/.venv/lib/python3.10/site-packages/airflow/example_dags/example_params_trigger_ui.py
[2024-05-15T04:09:39.270+0800] {logging_mixin.py:188} INFO - [2024-05-15T04:09:39.270+0800] {dag.py:3096} INFO - Sync 1 DAGs
[2024-05-15T04:09:39.278+0800] {logging_mixin.py:188} INFO - [2024-05-15T04:09:39.278+0800] {dag.py:3954} INFO - Setting next_dagrun for example_params_trigger_ui to None, run_after=None
[2024-05-15T04:09:39.297+0800] {processor.py:183} INFO - Processing /home/jithish/Documents/dag-dag-dag/.venv/lib/python3.10/site-packages/airflow/example_dags/example_params_trigger_ui.py took 0.176 seconds
[2024-05-15T04:10:31.724+0800] {processor.py:161} INFO - Started process (PID=116067) to work on /home/jithish/Documents/dag-dag-dag/.venv/lib/python3.10/site-packages/airflow/example_dags/example_params_trigger_ui.py
[2024-05-15T04:10:31.785+0800] {processor.py:830} INFO - Processing file /home/jithish/Documents/dag-dag-dag/.venv/lib/python3.10/site-packages/airflow/example_dags/example_params_trigger_ui.py for tasks to queue
[2024-05-15T04:10:31.790+0800] {logging_mixin.py:188} INFO - [2024-05-15T04:10:31.789+0800] {dagbag.py:545} INFO - Filling up the DagBag from /home/jithish/Documents/dag-dag-dag/.venv/lib/python3.10/site-packages/airflow/example_dags/example_params_trigger_ui.py
[2024-05-15T04:10:31.826+0800] {processor.py:840} INFO - DAG(s) 'example_params_trigger_ui' retrieved from /home/jithish/Documents/dag-dag-dag/.venv/lib/python3.10/site-packages/airflow/example_dags/example_params_trigger_ui.py
[2024-05-15T04:10:31.870+0800] {logging_mixin.py:188} INFO - [2024-05-15T04:10:31.870+0800] {dag.py:3096} INFO - Sync 1 DAGs
[2024-05-15T04:10:31.882+0800] {logging_mixin.py:188} INFO - [2024-05-15T04:10:31.881+0800] {dag.py:3954} INFO - Setting next_dagrun for example_params_trigger_ui to None, run_after=None
[2024-05-15T04:10:31.907+0800] {processor.py:183} INFO - Processing /home/jithish/Documents/dag-dag-dag/.venv/lib/python3.10/site-packages/airflow/example_dags/example_params_trigger_ui.py took 0.189 seconds
[2024-05-15T04:11:26.608+0800] {processor.py:161} INFO - Started process (PID=116838) to work on /home/jithish/Documents/dag-dag-dag/.venv/lib/python3.10/site-packages/airflow/example_dags/example_params_trigger_ui.py
[2024-05-15T04:11:26.669+0800] {processor.py:830} INFO - Processing file /home/jithish/Documents/dag-dag-dag/.venv/lib/python3.10/site-packages/airflow/example_dags/example_params_trigger_ui.py for tasks to queue
[2024-05-15T04:11:26.672+0800] {logging_mixin.py:188} INFO - [2024-05-15T04:11:26.671+0800] {dagbag.py:545} INFO - Filling up the DagBag from /home/jithish/Documents/dag-dag-dag/.venv/lib/python3.10/site-packages/airflow/example_dags/example_params_trigger_ui.py
[2024-05-15T04:11:26.683+0800] {processor.py:840} INFO - DAG(s) 'example_params_trigger_ui' retrieved from /home/jithish/Documents/dag-dag-dag/.venv/lib/python3.10/site-packages/airflow/example_dags/example_params_trigger_ui.py
[2024-05-15T04:11:26.718+0800] {logging_mixin.py:188} INFO - [2024-05-15T04:11:26.717+0800] {dag.py:3096} INFO - Sync 1 DAGs
[2024-05-15T04:11:26.726+0800] {logging_mixin.py:188} INFO - [2024-05-15T04:11:26.726+0800] {dag.py:3954} INFO - Setting next_dagrun for example_params_trigger_ui to None, run_after=None
[2024-05-15T04:11:26.746+0800] {processor.py:183} INFO - Processing /home/jithish/Documents/dag-dag-dag/.venv/lib/python3.10/site-packages/airflow/example_dags/example_params_trigger_ui.py took 0.147 seconds
[2024-05-15T04:12:25.239+0800] {processor.py:161} INFO - Started process (PID=117679) to work on /home/jithish/Documents/dag-dag-dag/.venv/lib/python3.10/site-packages/airflow/example_dags/example_params_trigger_ui.py
[2024-05-15T04:12:25.301+0800] {processor.py:830} INFO - Processing file /home/jithish/Documents/dag-dag-dag/.venv/lib/python3.10/site-packages/airflow/example_dags/example_params_trigger_ui.py for tasks to queue
[2024-05-15T04:12:25.306+0800] {logging_mixin.py:188} INFO - [2024-05-15T04:12:25.305+0800] {dagbag.py:545} INFO - Filling up the DagBag from /home/jithish/Documents/dag-dag-dag/.venv/lib/python3.10/site-packages/airflow/example_dags/example_params_trigger_ui.py
[2024-05-15T04:12:25.339+0800] {processor.py:840} INFO - DAG(s) 'example_params_trigger_ui' retrieved from /home/jithish/Documents/dag-dag-dag/.venv/lib/python3.10/site-packages/airflow/example_dags/example_params_trigger_ui.py
[2024-05-15T04:12:25.378+0800] {logging_mixin.py:188} INFO - [2024-05-15T04:12:25.378+0800] {dag.py:3096} INFO - Sync 1 DAGs
[2024-05-15T04:12:25.388+0800] {logging_mixin.py:188} INFO - [2024-05-15T04:12:25.387+0800] {dag.py:3954} INFO - Setting next_dagrun for example_params_trigger_ui to None, run_after=None
[2024-05-15T04:12:25.408+0800] {processor.py:183} INFO - Processing /home/jithish/Documents/dag-dag-dag/.venv/lib/python3.10/site-packages/airflow/example_dags/example_params_trigger_ui.py took 0.174 seconds
[2024-05-15T04:13:22.318+0800] {processor.py:161} INFO - Started process (PID=118499) to work on /home/jithish/Documents/dag-dag-dag/.venv/lib/python3.10/site-packages/airflow/example_dags/example_params_trigger_ui.py
[2024-05-15T04:13:22.319+0800] {processor.py:830} INFO - Processing file /home/jithish/Documents/dag-dag-dag/.venv/lib/python3.10/site-packages/airflow/example_dags/example_params_trigger_ui.py for tasks to queue
[2024-05-15T04:13:22.321+0800] {logging_mixin.py:188} INFO - [2024-05-15T04:13:22.321+0800] {dagbag.py:545} INFO - Filling up the DagBag from /home/jithish/Documents/dag-dag-dag/.venv/lib/python3.10/site-packages/airflow/example_dags/example_params_trigger_ui.py
[2024-05-15T04:13:22.335+0800] {processor.py:840} INFO - DAG(s) 'example_params_trigger_ui' retrieved from /home/jithish/Documents/dag-dag-dag/.venv/lib/python3.10/site-packages/airflow/example_dags/example_params_trigger_ui.py
[2024-05-15T04:13:22.369+0800] {logging_mixin.py:188} INFO - [2024-05-15T04:13:22.369+0800] {dag.py:3096} INFO - Sync 1 DAGs
[2024-05-15T04:13:22.379+0800] {logging_mixin.py:188} INFO - [2024-05-15T04:13:22.378+0800] {dag.py:3954} INFO - Setting next_dagrun for example_params_trigger_ui to None, run_after=None
[2024-05-15T04:13:22.404+0800] {processor.py:183} INFO - Processing /home/jithish/Documents/dag-dag-dag/.venv/lib/python3.10/site-packages/airflow/example_dags/example_params_trigger_ui.py took 0.096 seconds
[2024-05-15T04:14:17.344+0800] {processor.py:161} INFO - Started process (PID=119318) to work on /home/jithish/Documents/dag-dag-dag/.venv/lib/python3.10/site-packages/airflow/example_dags/example_params_trigger_ui.py
[2024-05-15T04:14:17.405+0800] {processor.py:830} INFO - Processing file /home/jithish/Documents/dag-dag-dag/.venv/lib/python3.10/site-packages/airflow/example_dags/example_params_trigger_ui.py for tasks to queue
[2024-05-15T04:14:17.409+0800] {logging_mixin.py:188} INFO - [2024-05-15T04:14:17.408+0800] {dagbag.py:545} INFO - Filling up the DagBag from /home/jithish/Documents/dag-dag-dag/.venv/lib/python3.10/site-packages/airflow/example_dags/example_params_trigger_ui.py
[2024-05-15T04:14:17.428+0800] {processor.py:840} INFO - DAG(s) 'example_params_trigger_ui' retrieved from /home/jithish/Documents/dag-dag-dag/.venv/lib/python3.10/site-packages/airflow/example_dags/example_params_trigger_ui.py
[2024-05-15T04:14:17.463+0800] {logging_mixin.py:188} INFO - [2024-05-15T04:14:17.463+0800] {dag.py:3096} INFO - Sync 1 DAGs
[2024-05-15T04:14:17.470+0800] {logging_mixin.py:188} INFO - [2024-05-15T04:14:17.470+0800] {dag.py:3954} INFO - Setting next_dagrun for example_params_trigger_ui to None, run_after=None
[2024-05-15T04:14:17.491+0800] {processor.py:183} INFO - Processing /home/jithish/Documents/dag-dag-dag/.venv/lib/python3.10/site-packages/airflow/example_dags/example_params_trigger_ui.py took 0.151 seconds
[2024-05-15T04:15:13.337+0800] {processor.py:161} INFO - Started process (PID=119905) to work on /home/jithish/Documents/dag-dag-dag/.venv/lib/python3.10/site-packages/airflow/example_dags/example_params_trigger_ui.py
[2024-05-15T04:15:13.399+0800] {processor.py:830} INFO - Processing file /home/jithish/Documents/dag-dag-dag/.venv/lib/python3.10/site-packages/airflow/example_dags/example_params_trigger_ui.py for tasks to queue
[2024-05-15T04:15:13.403+0800] {logging_mixin.py:188} INFO - [2024-05-15T04:15:13.402+0800] {dagbag.py:545} INFO - Filling up the DagBag from /home/jithish/Documents/dag-dag-dag/.venv/lib/python3.10/site-packages/airflow/example_dags/example_params_trigger_ui.py
[2024-05-15T04:15:13.438+0800] {processor.py:840} INFO - DAG(s) 'example_params_trigger_ui' retrieved from /home/jithish/Documents/dag-dag-dag/.venv/lib/python3.10/site-packages/airflow/example_dags/example_params_trigger_ui.py
[2024-05-15T04:15:13.476+0800] {logging_mixin.py:188} INFO - [2024-05-15T04:15:13.476+0800] {dag.py:3096} INFO - Sync 1 DAGs
[2024-05-15T04:15:13.485+0800] {logging_mixin.py:188} INFO - [2024-05-15T04:15:13.485+0800] {dag.py:3954} INFO - Setting next_dagrun for example_params_trigger_ui to None, run_after=None
[2024-05-15T04:15:13.505+0800] {processor.py:183} INFO - Processing /home/jithish/Documents/dag-dag-dag/.venv/lib/python3.10/site-packages/airflow/example_dags/example_params_trigger_ui.py took 0.185 seconds
[2024-05-15T04:16:07.356+0800] {processor.py:161} INFO - Started process (PID=120537) to work on /home/jithish/Documents/dag-dag-dag/.venv/lib/python3.10/site-packages/airflow/example_dags/example_params_trigger_ui.py
[2024-05-15T04:16:07.396+0800] {processor.py:830} INFO - Processing file /home/jithish/Documents/dag-dag-dag/.venv/lib/python3.10/site-packages/airflow/example_dags/example_params_trigger_ui.py for tasks to queue
[2024-05-15T04:16:07.398+0800] {logging_mixin.py:188} INFO - [2024-05-15T04:16:07.397+0800] {dagbag.py:545} INFO - Filling up the DagBag from /home/jithish/Documents/dag-dag-dag/.venv/lib/python3.10/site-packages/airflow/example_dags/example_params_trigger_ui.py
[2024-05-15T04:16:07.410+0800] {processor.py:840} INFO - DAG(s) 'example_params_trigger_ui' retrieved from /home/jithish/Documents/dag-dag-dag/.venv/lib/python3.10/site-packages/airflow/example_dags/example_params_trigger_ui.py
[2024-05-15T04:16:07.447+0800] {logging_mixin.py:188} INFO - [2024-05-15T04:16:07.447+0800] {dag.py:3096} INFO - Sync 1 DAGs
[2024-05-15T04:16:07.457+0800] {logging_mixin.py:188} INFO - [2024-05-15T04:16:07.457+0800] {dag.py:3954} INFO - Setting next_dagrun for example_params_trigger_ui to None, run_after=None
[2024-05-15T04:16:07.471+0800] {processor.py:183} INFO - Processing /home/jithish/Documents/dag-dag-dag/.venv/lib/python3.10/site-packages/airflow/example_dags/example_params_trigger_ui.py took 0.120 seconds
