[2024-05-15T02:59:04.310+0800] {processor.py:161} INFO - Started process (PID=65384) to work on /home/jithish/Documents/dag-dag-dag/.venv/lib/python3.10/site-packages/airflow/example_dags/example_sensors.py
[2024-05-15T02:59:04.311+0800] {processor.py:830} INFO - Processing file /home/jithish/Documents/dag-dag-dag/.venv/lib/python3.10/site-packages/airflow/example_dags/example_sensors.py for tasks to queue
[2024-05-15T02:59:04.313+0800] {logging_mixin.py:188} INFO - [2024-05-15T02:59:04.313+0800] {dagbag.py:545} INFO - Filling up the DagBag from /home/jithish/Documents/dag-dag-dag/.venv/lib/python3.10/site-packages/airflow/example_dags/example_sensors.py
[2024-05-15T02:59:04.323+0800] {processor.py:840} INFO - DAG(s) 'example_sensors' retrieved from /home/jithish/Documents/dag-dag-dag/.venv/lib/python3.10/site-packages/airflow/example_dags/example_sensors.py
[2024-05-15T02:59:04.331+0800] {logging_mixin.py:188} INFO - [2024-05-15T02:59:04.331+0800] {dag.py:3096} INFO - Sync 1 DAGs
[2024-05-15T02:59:04.341+0800] {logging_mixin.py:188} INFO - [2024-05-15T02:59:04.341+0800] {dag.py:3954} INFO - Setting next_dagrun for example_sensors to None, run_after=None
[2024-05-15T02:59:04.395+0800] {processor.py:183} INFO - Processing /home/jithish/Documents/dag-dag-dag/.venv/lib/python3.10/site-packages/airflow/example_dags/example_sensors.py took 0.093 seconds
[2024-05-15T03:00:05.993+0800] {processor.py:161} INFO - Started process (PID=66486) to work on /home/jithish/Documents/dag-dag-dag/.venv/lib/python3.10/site-packages/airflow/example_dags/example_sensors.py
[2024-05-15T03:00:06.055+0800] {processor.py:830} INFO - Processing file /home/jithish/Documents/dag-dag-dag/.venv/lib/python3.10/site-packages/airflow/example_dags/example_sensors.py for tasks to queue
[2024-05-15T03:00:06.056+0800] {logging_mixin.py:188} INFO - [2024-05-15T03:00:06.056+0800] {dagbag.py:545} INFO - Filling up the DagBag from /home/jithish/Documents/dag-dag-dag/.venv/lib/python3.10/site-packages/airflow/example_dags/example_sensors.py
[2024-05-15T03:00:06.064+0800] {processor.py:840} INFO - DAG(s) 'example_sensors' retrieved from /home/jithish/Documents/dag-dag-dag/.venv/lib/python3.10/site-packages/airflow/example_dags/example_sensors.py
[2024-05-15T03:00:06.069+0800] {logging_mixin.py:188} INFO - [2024-05-15T03:00:06.069+0800] {dag.py:3096} INFO - Sync 1 DAGs
[2024-05-15T03:00:06.080+0800] {logging_mixin.py:188} INFO - [2024-05-15T03:00:06.079+0800] {dag.py:3954} INFO - Setting next_dagrun for example_sensors to None, run_after=None
[2024-05-15T03:00:06.100+0800] {processor.py:183} INFO - Processing /home/jithish/Documents/dag-dag-dag/.venv/lib/python3.10/site-packages/airflow/example_dags/example_sensors.py took 0.112 seconds
[2024-05-15T03:14:22.473+0800] {processor.py:161} INFO - Started process (PID=74855) to work on /home/jithish/Documents/dag-dag-dag/.venv/lib/python3.10/site-packages/airflow/example_dags/example_sensors.py
[2024-05-15T03:14:22.541+0800] {processor.py:830} INFO - Processing file /home/jithish/Documents/dag-dag-dag/.venv/lib/python3.10/site-packages/airflow/example_dags/example_sensors.py for tasks to queue
[2024-05-15T03:14:22.545+0800] {logging_mixin.py:188} INFO - [2024-05-15T03:14:22.544+0800] {dagbag.py:545} INFO - Filling up the DagBag from /home/jithish/Documents/dag-dag-dag/.venv/lib/python3.10/site-packages/airflow/example_dags/example_sensors.py
[2024-05-15T03:14:22.560+0800] {processor.py:840} INFO - DAG(s) 'example_sensors' retrieved from /home/jithish/Documents/dag-dag-dag/.venv/lib/python3.10/site-packages/airflow/example_dags/example_sensors.py
[2024-05-15T03:14:22.630+0800] {logging_mixin.py:188} INFO - [2024-05-15T03:14:22.630+0800] {dag.py:3096} INFO - Sync 1 DAGs
[2024-05-15T03:14:22.636+0800] {logging_mixin.py:188} INFO - [2024-05-15T03:14:22.636+0800] {dag.py:3954} INFO - Setting next_dagrun for example_sensors to None, run_after=None
[2024-05-15T03:14:22.650+0800] {processor.py:183} INFO - Processing /home/jithish/Documents/dag-dag-dag/.venv/lib/python3.10/site-packages/airflow/example_dags/example_sensors.py took 0.186 seconds
[2024-05-15T03:15:24.735+0800] {processor.py:161} INFO - Started process (PID=75660) to work on /home/jithish/Documents/dag-dag-dag/.venv/lib/python3.10/site-packages/airflow/example_dags/example_sensors.py
[2024-05-15T03:15:24.796+0800] {processor.py:830} INFO - Processing file /home/jithish/Documents/dag-dag-dag/.venv/lib/python3.10/site-packages/airflow/example_dags/example_sensors.py for tasks to queue
[2024-05-15T03:15:24.801+0800] {logging_mixin.py:188} INFO - [2024-05-15T03:15:24.800+0800] {dagbag.py:545} INFO - Filling up the DagBag from /home/jithish/Documents/dag-dag-dag/.venv/lib/python3.10/site-packages/airflow/example_dags/example_sensors.py
[2024-05-15T03:15:24.823+0800] {processor.py:840} INFO - DAG(s) 'example_sensors' retrieved from /home/jithish/Documents/dag-dag-dag/.venv/lib/python3.10/site-packages/airflow/example_dags/example_sensors.py
[2024-05-15T03:15:24.845+0800] {logging_mixin.py:188} INFO - [2024-05-15T03:15:24.845+0800] {dag.py:3096} INFO - Sync 1 DAGs
[2024-05-15T03:15:24.853+0800] {logging_mixin.py:188} INFO - [2024-05-15T03:15:24.852+0800] {dag.py:3954} INFO - Setting next_dagrun for example_sensors to None, run_after=None
[2024-05-15T03:15:24.869+0800] {processor.py:183} INFO - Processing /home/jithish/Documents/dag-dag-dag/.venv/lib/python3.10/site-packages/airflow/example_dags/example_sensors.py took 0.138 seconds
[2024-05-15T03:16:26.518+0800] {processor.py:161} INFO - Started process (PID=76410) to work on /home/jithish/Documents/dag-dag-dag/.venv/lib/python3.10/site-packages/airflow/example_dags/example_sensors.py
[2024-05-15T03:16:26.519+0800] {processor.py:830} INFO - Processing file /home/jithish/Documents/dag-dag-dag/.venv/lib/python3.10/site-packages/airflow/example_dags/example_sensors.py for tasks to queue
[2024-05-15T03:16:26.522+0800] {logging_mixin.py:188} INFO - [2024-05-15T03:16:26.521+0800] {dagbag.py:545} INFO - Filling up the DagBag from /home/jithish/Documents/dag-dag-dag/.venv/lib/python3.10/site-packages/airflow/example_dags/example_sensors.py
[2024-05-15T03:16:26.534+0800] {processor.py:840} INFO - DAG(s) 'example_sensors' retrieved from /home/jithish/Documents/dag-dag-dag/.venv/lib/python3.10/site-packages/airflow/example_dags/example_sensors.py
[2024-05-15T03:16:26.617+0800] {logging_mixin.py:188} INFO - [2024-05-15T03:16:26.617+0800] {dag.py:3096} INFO - Sync 1 DAGs
[2024-05-15T03:16:26.624+0800] {logging_mixin.py:188} INFO - [2024-05-15T03:16:26.623+0800] {dag.py:3954} INFO - Setting next_dagrun for example_sensors to None, run_after=None
[2024-05-15T03:16:26.645+0800] {processor.py:183} INFO - Processing /home/jithish/Documents/dag-dag-dag/.venv/lib/python3.10/site-packages/airflow/example_dags/example_sensors.py took 0.136 seconds
[2024-05-15T03:17:29.971+0800] {processor.py:161} INFO - Started process (PID=77369) to work on /home/jithish/Documents/dag-dag-dag/.venv/lib/python3.10/site-packages/airflow/example_dags/example_sensors.py
[2024-05-15T03:17:29.973+0800] {processor.py:830} INFO - Processing file /home/jithish/Documents/dag-dag-dag/.venv/lib/python3.10/site-packages/airflow/example_dags/example_sensors.py for tasks to queue
[2024-05-15T03:17:29.974+0800] {logging_mixin.py:188} INFO - [2024-05-15T03:17:29.974+0800] {dagbag.py:545} INFO - Filling up the DagBag from /home/jithish/Documents/dag-dag-dag/.venv/lib/python3.10/site-packages/airflow/example_dags/example_sensors.py
[2024-05-15T03:17:29.986+0800] {processor.py:840} INFO - DAG(s) 'example_sensors' retrieved from /home/jithish/Documents/dag-dag-dag/.venv/lib/python3.10/site-packages/airflow/example_dags/example_sensors.py
[2024-05-15T03:17:30.002+0800] {logging_mixin.py:188} INFO - [2024-05-15T03:17:30.002+0800] {dag.py:3096} INFO - Sync 1 DAGs
[2024-05-15T03:17:30.013+0800] {logging_mixin.py:188} INFO - [2024-05-15T03:17:30.013+0800] {dag.py:3954} INFO - Setting next_dagrun for example_sensors to None, run_after=None
[2024-05-15T03:17:30.031+0800] {processor.py:183} INFO - Processing /home/jithish/Documents/dag-dag-dag/.venv/lib/python3.10/site-packages/airflow/example_dags/example_sensors.py took 0.068 seconds
[2024-05-15T03:18:26.683+0800] {processor.py:161} INFO - Started process (PID=78200) to work on /home/jithish/Documents/dag-dag-dag/.venv/lib/python3.10/site-packages/airflow/example_dags/example_sensors.py
[2024-05-15T03:18:26.748+0800] {processor.py:830} INFO - Processing file /home/jithish/Documents/dag-dag-dag/.venv/lib/python3.10/site-packages/airflow/example_dags/example_sensors.py for tasks to queue
[2024-05-15T03:18:26.754+0800] {logging_mixin.py:188} INFO - [2024-05-15T03:18:26.752+0800] {dagbag.py:545} INFO - Filling up the DagBag from /home/jithish/Documents/dag-dag-dag/.venv/lib/python3.10/site-packages/airflow/example_dags/example_sensors.py
[2024-05-15T03:18:26.783+0800] {processor.py:840} INFO - DAG(s) 'example_sensors' retrieved from /home/jithish/Documents/dag-dag-dag/.venv/lib/python3.10/site-packages/airflow/example_dags/example_sensors.py
[2024-05-15T03:18:26.808+0800] {logging_mixin.py:188} INFO - [2024-05-15T03:18:26.808+0800] {dag.py:3096} INFO - Sync 1 DAGs
[2024-05-15T03:18:26.816+0800] {logging_mixin.py:188} INFO - [2024-05-15T03:18:26.816+0800] {dag.py:3954} INFO - Setting next_dagrun for example_sensors to None, run_after=None
[2024-05-15T03:18:26.839+0800] {processor.py:183} INFO - Processing /home/jithish/Documents/dag-dag-dag/.venv/lib/python3.10/site-packages/airflow/example_dags/example_sensors.py took 0.170 seconds
[2024-05-15T03:19:26.375+0800] {processor.py:161} INFO - Started process (PID=79080) to work on /home/jithish/Documents/dag-dag-dag/.venv/lib/python3.10/site-packages/airflow/example_dags/example_sensors.py
[2024-05-15T03:19:26.376+0800] {processor.py:830} INFO - Processing file /home/jithish/Documents/dag-dag-dag/.venv/lib/python3.10/site-packages/airflow/example_dags/example_sensors.py for tasks to queue
[2024-05-15T03:19:26.378+0800] {logging_mixin.py:188} INFO - [2024-05-15T03:19:26.377+0800] {dagbag.py:545} INFO - Filling up the DagBag from /home/jithish/Documents/dag-dag-dag/.venv/lib/python3.10/site-packages/airflow/example_dags/example_sensors.py
[2024-05-15T03:19:26.387+0800] {processor.py:840} INFO - DAG(s) 'example_sensors' retrieved from /home/jithish/Documents/dag-dag-dag/.venv/lib/python3.10/site-packages/airflow/example_dags/example_sensors.py
[2024-05-15T03:19:26.406+0800] {logging_mixin.py:188} INFO - [2024-05-15T03:19:26.406+0800] {dag.py:3096} INFO - Sync 1 DAGs
[2024-05-15T03:19:26.415+0800] {logging_mixin.py:188} INFO - [2024-05-15T03:19:26.414+0800] {dag.py:3954} INFO - Setting next_dagrun for example_sensors to None, run_after=None
[2024-05-15T03:19:26.431+0800] {processor.py:183} INFO - Processing /home/jithish/Documents/dag-dag-dag/.venv/lib/python3.10/site-packages/airflow/example_dags/example_sensors.py took 0.061 seconds
[2024-05-15T03:20:19.228+0800] {processor.py:161} INFO - Started process (PID=79829) to work on /home/jithish/Documents/dag-dag-dag/.venv/lib/python3.10/site-packages/airflow/example_dags/example_sensors.py
[2024-05-15T03:20:19.229+0800] {processor.py:830} INFO - Processing file /home/jithish/Documents/dag-dag-dag/.venv/lib/python3.10/site-packages/airflow/example_dags/example_sensors.py for tasks to queue
[2024-05-15T03:20:19.234+0800] {logging_mixin.py:188} INFO - [2024-05-15T03:20:19.233+0800] {dagbag.py:545} INFO - Filling up the DagBag from /home/jithish/Documents/dag-dag-dag/.venv/lib/python3.10/site-packages/airflow/example_dags/example_sensors.py
[2024-05-15T03:20:19.257+0800] {processor.py:840} INFO - DAG(s) 'example_sensors' retrieved from /home/jithish/Documents/dag-dag-dag/.venv/lib/python3.10/site-packages/airflow/example_dags/example_sensors.py
[2024-05-15T03:20:19.280+0800] {logging_mixin.py:188} INFO - [2024-05-15T03:20:19.280+0800] {dag.py:3096} INFO - Sync 1 DAGs
[2024-05-15T03:20:19.288+0800] {logging_mixin.py:188} INFO - [2024-05-15T03:20:19.288+0800] {dag.py:3954} INFO - Setting next_dagrun for example_sensors to None, run_after=None
[2024-05-15T03:20:19.303+0800] {processor.py:183} INFO - Processing /home/jithish/Documents/dag-dag-dag/.venv/lib/python3.10/site-packages/airflow/example_dags/example_sensors.py took 0.082 seconds
[2024-05-15T03:21:12.391+0800] {processor.py:161} INFO - Started process (PID=80585) to work on /home/jithish/Documents/dag-dag-dag/.venv/lib/python3.10/site-packages/airflow/example_dags/example_sensors.py
[2024-05-15T03:21:12.453+0800] {processor.py:830} INFO - Processing file /home/jithish/Documents/dag-dag-dag/.venv/lib/python3.10/site-packages/airflow/example_dags/example_sensors.py for tasks to queue
[2024-05-15T03:21:12.457+0800] {logging_mixin.py:188} INFO - [2024-05-15T03:21:12.456+0800] {dagbag.py:545} INFO - Filling up the DagBag from /home/jithish/Documents/dag-dag-dag/.venv/lib/python3.10/site-packages/airflow/example_dags/example_sensors.py
[2024-05-15T03:21:12.476+0800] {processor.py:840} INFO - DAG(s) 'example_sensors' retrieved from /home/jithish/Documents/dag-dag-dag/.venv/lib/python3.10/site-packages/airflow/example_dags/example_sensors.py
[2024-05-15T03:21:12.505+0800] {logging_mixin.py:188} INFO - [2024-05-15T03:21:12.505+0800] {dag.py:3096} INFO - Sync 1 DAGs
[2024-05-15T03:21:12.520+0800] {logging_mixin.py:188} INFO - [2024-05-15T03:21:12.520+0800] {dag.py:3954} INFO - Setting next_dagrun for example_sensors to None, run_after=None
[2024-05-15T03:21:12.555+0800] {processor.py:183} INFO - Processing /home/jithish/Documents/dag-dag-dag/.venv/lib/python3.10/site-packages/airflow/example_dags/example_sensors.py took 0.177 seconds
[2024-05-15T03:22:02.829+0800] {processor.py:161} INFO - Started process (PID=81317) to work on /home/jithish/Documents/dag-dag-dag/.venv/lib/python3.10/site-packages/airflow/example_dags/example_sensors.py
[2024-05-15T03:22:02.891+0800] {processor.py:830} INFO - Processing file /home/jithish/Documents/dag-dag-dag/.venv/lib/python3.10/site-packages/airflow/example_dags/example_sensors.py for tasks to queue
[2024-05-15T03:22:02.897+0800] {logging_mixin.py:188} INFO - [2024-05-15T03:22:02.895+0800] {dagbag.py:545} INFO - Filling up the DagBag from /home/jithish/Documents/dag-dag-dag/.venv/lib/python3.10/site-packages/airflow/example_dags/example_sensors.py
[2024-05-15T03:22:02.923+0800] {processor.py:840} INFO - DAG(s) 'example_sensors' retrieved from /home/jithish/Documents/dag-dag-dag/.venv/lib/python3.10/site-packages/airflow/example_dags/example_sensors.py
[2024-05-15T03:22:02.950+0800] {logging_mixin.py:188} INFO - [2024-05-15T03:22:02.950+0800] {dag.py:3096} INFO - Sync 1 DAGs
[2024-05-15T03:22:02.959+0800] {logging_mixin.py:188} INFO - [2024-05-15T03:22:02.959+0800] {dag.py:3954} INFO - Setting next_dagrun for example_sensors to None, run_after=None
[2024-05-15T03:22:02.982+0800] {processor.py:183} INFO - Processing /home/jithish/Documents/dag-dag-dag/.venv/lib/python3.10/site-packages/airflow/example_dags/example_sensors.py took 0.162 seconds
[2024-05-15T03:22:58.078+0800] {processor.py:161} INFO - Started process (PID=82071) to work on /home/jithish/Documents/dag-dag-dag/.venv/lib/python3.10/site-packages/airflow/example_dags/example_sensors.py
[2024-05-15T03:22:58.139+0800] {processor.py:830} INFO - Processing file /home/jithish/Documents/dag-dag-dag/.venv/lib/python3.10/site-packages/airflow/example_dags/example_sensors.py for tasks to queue
[2024-05-15T03:22:58.142+0800] {logging_mixin.py:188} INFO - [2024-05-15T03:22:58.142+0800] {dagbag.py:545} INFO - Filling up the DagBag from /home/jithish/Documents/dag-dag-dag/.venv/lib/python3.10/site-packages/airflow/example_dags/example_sensors.py
[2024-05-15T03:22:58.166+0800] {processor.py:840} INFO - DAG(s) 'example_sensors' retrieved from /home/jithish/Documents/dag-dag-dag/.venv/lib/python3.10/site-packages/airflow/example_dags/example_sensors.py
[2024-05-15T03:22:58.197+0800] {logging_mixin.py:188} INFO - [2024-05-15T03:22:58.197+0800] {dag.py:3096} INFO - Sync 1 DAGs
[2024-05-15T03:22:58.206+0800] {logging_mixin.py:188} INFO - [2024-05-15T03:22:58.206+0800] {dag.py:3954} INFO - Setting next_dagrun for example_sensors to None, run_after=None
[2024-05-15T03:22:58.226+0800] {processor.py:183} INFO - Processing /home/jithish/Documents/dag-dag-dag/.venv/lib/python3.10/site-packages/airflow/example_dags/example_sensors.py took 0.153 seconds
[2024-05-15T03:23:50.688+0800] {processor.py:161} INFO - Started process (PID=82539) to work on /home/jithish/Documents/dag-dag-dag/.venv/lib/python3.10/site-packages/airflow/example_dags/example_sensors.py
[2024-05-15T03:23:50.748+0800] {processor.py:830} INFO - Processing file /home/jithish/Documents/dag-dag-dag/.venv/lib/python3.10/site-packages/airflow/example_dags/example_sensors.py for tasks to queue
[2024-05-15T03:23:50.750+0800] {logging_mixin.py:188} INFO - [2024-05-15T03:23:50.749+0800] {dagbag.py:545} INFO - Filling up the DagBag from /home/jithish/Documents/dag-dag-dag/.venv/lib/python3.10/site-packages/airflow/example_dags/example_sensors.py
[2024-05-15T03:23:50.756+0800] {processor.py:840} INFO - DAG(s) 'example_sensors' retrieved from /home/jithish/Documents/dag-dag-dag/.venv/lib/python3.10/site-packages/airflow/example_dags/example_sensors.py
[2024-05-15T03:23:50.772+0800] {logging_mixin.py:188} INFO - [2024-05-15T03:23:50.771+0800] {dag.py:3096} INFO - Sync 1 DAGs
[2024-05-15T03:23:50.780+0800] {logging_mixin.py:188} INFO - [2024-05-15T03:23:50.779+0800] {dag.py:3954} INFO - Setting next_dagrun for example_sensors to None, run_after=None
[2024-05-15T03:23:50.801+0800] {processor.py:183} INFO - Processing /home/jithish/Documents/dag-dag-dag/.venv/lib/python3.10/site-packages/airflow/example_dags/example_sensors.py took 0.118 seconds
[2024-05-15T03:24:46.623+0800] {processor.py:161} INFO - Started process (PID=83013) to work on /home/jithish/Documents/dag-dag-dag/.venv/lib/python3.10/site-packages/airflow/example_dags/example_sensors.py
[2024-05-15T03:24:46.684+0800] {processor.py:830} INFO - Processing file /home/jithish/Documents/dag-dag-dag/.venv/lib/python3.10/site-packages/airflow/example_dags/example_sensors.py for tasks to queue
[2024-05-15T03:24:46.687+0800] {logging_mixin.py:188} INFO - [2024-05-15T03:24:46.686+0800] {dagbag.py:545} INFO - Filling up the DagBag from /home/jithish/Documents/dag-dag-dag/.venv/lib/python3.10/site-packages/airflow/example_dags/example_sensors.py
[2024-05-15T03:24:46.705+0800] {processor.py:840} INFO - DAG(s) 'example_sensors' retrieved from /home/jithish/Documents/dag-dag-dag/.venv/lib/python3.10/site-packages/airflow/example_dags/example_sensors.py
[2024-05-15T03:24:46.736+0800] {logging_mixin.py:188} INFO - [2024-05-15T03:24:46.736+0800] {dag.py:3096} INFO - Sync 1 DAGs
[2024-05-15T03:24:46.745+0800] {logging_mixin.py:188} INFO - [2024-05-15T03:24:46.745+0800] {dag.py:3954} INFO - Setting next_dagrun for example_sensors to None, run_after=None
[2024-05-15T03:24:46.770+0800] {processor.py:183} INFO - Processing /home/jithish/Documents/dag-dag-dag/.venv/lib/python3.10/site-packages/airflow/example_dags/example_sensors.py took 0.152 seconds
[2024-05-15T03:25:40.065+0800] {processor.py:161} INFO - Started process (PID=83483) to work on /home/jithish/Documents/dag-dag-dag/.venv/lib/python3.10/site-packages/airflow/example_dags/example_sensors.py
[2024-05-15T03:25:40.128+0800] {processor.py:830} INFO - Processing file /home/jithish/Documents/dag-dag-dag/.venv/lib/python3.10/site-packages/airflow/example_dags/example_sensors.py for tasks to queue
[2024-05-15T03:25:40.133+0800] {logging_mixin.py:188} INFO - [2024-05-15T03:25:40.132+0800] {dagbag.py:545} INFO - Filling up the DagBag from /home/jithish/Documents/dag-dag-dag/.venv/lib/python3.10/site-packages/airflow/example_dags/example_sensors.py
[2024-05-15T03:25:40.161+0800] {processor.py:840} INFO - DAG(s) 'example_sensors' retrieved from /home/jithish/Documents/dag-dag-dag/.venv/lib/python3.10/site-packages/airflow/example_dags/example_sensors.py
[2024-05-15T03:25:40.187+0800] {logging_mixin.py:188} INFO - [2024-05-15T03:25:40.187+0800] {dag.py:3096} INFO - Sync 1 DAGs
[2024-05-15T03:25:40.196+0800] {logging_mixin.py:188} INFO - [2024-05-15T03:25:40.195+0800] {dag.py:3954} INFO - Setting next_dagrun for example_sensors to None, run_after=None
[2024-05-15T03:25:40.215+0800] {processor.py:183} INFO - Processing /home/jithish/Documents/dag-dag-dag/.venv/lib/python3.10/site-packages/airflow/example_dags/example_sensors.py took 0.168 seconds
[2024-05-15T03:26:34.069+0800] {processor.py:161} INFO - Started process (PID=83929) to work on /home/jithish/Documents/dag-dag-dag/.venv/lib/python3.10/site-packages/airflow/example_dags/example_sensors.py
[2024-05-15T03:26:34.130+0800] {processor.py:830} INFO - Processing file /home/jithish/Documents/dag-dag-dag/.venv/lib/python3.10/site-packages/airflow/example_dags/example_sensors.py for tasks to queue
[2024-05-15T03:26:34.135+0800] {logging_mixin.py:188} INFO - [2024-05-15T03:26:34.134+0800] {dagbag.py:545} INFO - Filling up the DagBag from /home/jithish/Documents/dag-dag-dag/.venv/lib/python3.10/site-packages/airflow/example_dags/example_sensors.py
[2024-05-15T03:26:34.163+0800] {processor.py:840} INFO - DAG(s) 'example_sensors' retrieved from /home/jithish/Documents/dag-dag-dag/.venv/lib/python3.10/site-packages/airflow/example_dags/example_sensors.py
[2024-05-15T03:26:34.188+0800] {logging_mixin.py:188} INFO - [2024-05-15T03:26:34.188+0800] {dag.py:3096} INFO - Sync 1 DAGs
[2024-05-15T03:26:34.196+0800] {logging_mixin.py:188} INFO - [2024-05-15T03:26:34.196+0800] {dag.py:3954} INFO - Setting next_dagrun for example_sensors to None, run_after=None
[2024-05-15T03:26:34.216+0800] {processor.py:183} INFO - Processing /home/jithish/Documents/dag-dag-dag/.venv/lib/python3.10/site-packages/airflow/example_dags/example_sensors.py took 0.151 seconds
[2024-05-15T03:27:28.007+0800] {processor.py:161} INFO - Started process (PID=84666) to work on /home/jithish/Documents/dag-dag-dag/.venv/lib/python3.10/site-packages/airflow/example_dags/example_sensors.py
[2024-05-15T03:27:28.008+0800] {processor.py:830} INFO - Processing file /home/jithish/Documents/dag-dag-dag/.venv/lib/python3.10/site-packages/airflow/example_dags/example_sensors.py for tasks to queue
[2024-05-15T03:27:28.009+0800] {logging_mixin.py:188} INFO - [2024-05-15T03:27:28.009+0800] {dagbag.py:545} INFO - Filling up the DagBag from /home/jithish/Documents/dag-dag-dag/.venv/lib/python3.10/site-packages/airflow/example_dags/example_sensors.py
[2024-05-15T03:27:28.016+0800] {processor.py:840} INFO - DAG(s) 'example_sensors' retrieved from /home/jithish/Documents/dag-dag-dag/.venv/lib/python3.10/site-packages/airflow/example_dags/example_sensors.py
[2024-05-15T03:27:28.031+0800] {logging_mixin.py:188} INFO - [2024-05-15T03:27:28.031+0800] {dag.py:3096} INFO - Sync 1 DAGs
[2024-05-15T03:27:28.038+0800] {logging_mixin.py:188} INFO - [2024-05-15T03:27:28.038+0800] {dag.py:3954} INFO - Setting next_dagrun for example_sensors to None, run_after=None
[2024-05-15T03:27:28.056+0800] {processor.py:183} INFO - Processing /home/jithish/Documents/dag-dag-dag/.venv/lib/python3.10/site-packages/airflow/example_dags/example_sensors.py took 0.053 seconds
[2024-05-15T03:28:17.612+0800] {processor.py:161} INFO - Started process (PID=85058) to work on /home/jithish/Documents/dag-dag-dag/.venv/lib/python3.10/site-packages/airflow/example_dags/example_sensors.py
[2024-05-15T03:28:17.674+0800] {processor.py:830} INFO - Processing file /home/jithish/Documents/dag-dag-dag/.venv/lib/python3.10/site-packages/airflow/example_dags/example_sensors.py for tasks to queue
[2024-05-15T03:28:17.678+0800] {logging_mixin.py:188} INFO - [2024-05-15T03:28:17.677+0800] {dagbag.py:545} INFO - Filling up the DagBag from /home/jithish/Documents/dag-dag-dag/.venv/lib/python3.10/site-packages/airflow/example_dags/example_sensors.py
[2024-05-15T03:28:17.705+0800] {processor.py:840} INFO - DAG(s) 'example_sensors' retrieved from /home/jithish/Documents/dag-dag-dag/.venv/lib/python3.10/site-packages/airflow/example_dags/example_sensors.py
[2024-05-15T03:28:17.732+0800] {logging_mixin.py:188} INFO - [2024-05-15T03:28:17.732+0800] {dag.py:3096} INFO - Sync 1 DAGs
[2024-05-15T03:28:17.741+0800] {logging_mixin.py:188} INFO - [2024-05-15T03:28:17.741+0800] {dag.py:3954} INFO - Setting next_dagrun for example_sensors to None, run_after=None
[2024-05-15T03:28:17.760+0800] {processor.py:183} INFO - Processing /home/jithish/Documents/dag-dag-dag/.venv/lib/python3.10/site-packages/airflow/example_dags/example_sensors.py took 0.157 seconds
[2024-05-15T03:29:07.401+0800] {processor.py:161} INFO - Started process (PID=85543) to work on /home/jithish/Documents/dag-dag-dag/.venv/lib/python3.10/site-packages/airflow/example_dags/example_sensors.py
[2024-05-15T03:29:07.404+0800] {processor.py:830} INFO - Processing file /home/jithish/Documents/dag-dag-dag/.venv/lib/python3.10/site-packages/airflow/example_dags/example_sensors.py for tasks to queue
[2024-05-15T03:29:07.406+0800] {logging_mixin.py:188} INFO - [2024-05-15T03:29:07.405+0800] {dagbag.py:545} INFO - Filling up the DagBag from /home/jithish/Documents/dag-dag-dag/.venv/lib/python3.10/site-packages/airflow/example_dags/example_sensors.py
[2024-05-15T03:29:07.412+0800] {processor.py:840} INFO - DAG(s) 'example_sensors' retrieved from /home/jithish/Documents/dag-dag-dag/.venv/lib/python3.10/site-packages/airflow/example_dags/example_sensors.py
[2024-05-15T03:29:07.427+0800] {logging_mixin.py:188} INFO - [2024-05-15T03:29:07.427+0800] {dag.py:3096} INFO - Sync 1 DAGs
[2024-05-15T03:29:07.435+0800] {logging_mixin.py:188} INFO - [2024-05-15T03:29:07.435+0800] {dag.py:3954} INFO - Setting next_dagrun for example_sensors to None, run_after=None
[2024-05-15T03:29:07.453+0800] {processor.py:183} INFO - Processing /home/jithish/Documents/dag-dag-dag/.venv/lib/python3.10/site-packages/airflow/example_dags/example_sensors.py took 0.056 seconds
[2024-05-15T03:29:56.099+0800] {processor.py:161} INFO - Started process (PID=85929) to work on /home/jithish/Documents/dag-dag-dag/.venv/lib/python3.10/site-packages/airflow/example_dags/example_sensors.py
[2024-05-15T03:29:56.163+0800] {processor.py:830} INFO - Processing file /home/jithish/Documents/dag-dag-dag/.venv/lib/python3.10/site-packages/airflow/example_dags/example_sensors.py for tasks to queue
[2024-05-15T03:29:56.168+0800] {logging_mixin.py:188} INFO - [2024-05-15T03:29:56.167+0800] {dagbag.py:545} INFO - Filling up the DagBag from /home/jithish/Documents/dag-dag-dag/.venv/lib/python3.10/site-packages/airflow/example_dags/example_sensors.py
[2024-05-15T03:29:56.193+0800] {processor.py:840} INFO - DAG(s) 'example_sensors' retrieved from /home/jithish/Documents/dag-dag-dag/.venv/lib/python3.10/site-packages/airflow/example_dags/example_sensors.py
[2024-05-15T03:29:56.219+0800] {logging_mixin.py:188} INFO - [2024-05-15T03:29:56.218+0800] {dag.py:3096} INFO - Sync 1 DAGs
[2024-05-15T03:29:56.227+0800] {logging_mixin.py:188} INFO - [2024-05-15T03:29:56.227+0800] {dag.py:3954} INFO - Setting next_dagrun for example_sensors to None, run_after=None
[2024-05-15T03:29:56.243+0800] {processor.py:183} INFO - Processing /home/jithish/Documents/dag-dag-dag/.venv/lib/python3.10/site-packages/airflow/example_dags/example_sensors.py took 0.158 seconds
[2024-05-15T03:30:48.031+0800] {processor.py:161} INFO - Started process (PID=86394) to work on /home/jithish/Documents/dag-dag-dag/.venv/lib/python3.10/site-packages/airflow/example_dags/example_sensors.py
[2024-05-15T03:30:48.093+0800] {processor.py:830} INFO - Processing file /home/jithish/Documents/dag-dag-dag/.venv/lib/python3.10/site-packages/airflow/example_dags/example_sensors.py for tasks to queue
[2024-05-15T03:30:48.097+0800] {logging_mixin.py:188} INFO - [2024-05-15T03:30:48.096+0800] {dagbag.py:545} INFO - Filling up the DagBag from /home/jithish/Documents/dag-dag-dag/.venv/lib/python3.10/site-packages/airflow/example_dags/example_sensors.py
[2024-05-15T03:30:48.113+0800] {processor.py:840} INFO - DAG(s) 'example_sensors' retrieved from /home/jithish/Documents/dag-dag-dag/.venv/lib/python3.10/site-packages/airflow/example_dags/example_sensors.py
[2024-05-15T03:30:48.133+0800] {logging_mixin.py:188} INFO - [2024-05-15T03:30:48.133+0800] {dag.py:3096} INFO - Sync 1 DAGs
[2024-05-15T03:30:48.140+0800] {logging_mixin.py:188} INFO - [2024-05-15T03:30:48.140+0800] {dag.py:3954} INFO - Setting next_dagrun for example_sensors to None, run_after=None
[2024-05-15T03:30:48.169+0800] {processor.py:183} INFO - Processing /home/jithish/Documents/dag-dag-dag/.venv/lib/python3.10/site-packages/airflow/example_dags/example_sensors.py took 0.151 seconds
[2024-05-15T03:31:39.183+0800] {processor.py:161} INFO - Started process (PID=86845) to work on /home/jithish/Documents/dag-dag-dag/.venv/lib/python3.10/site-packages/airflow/example_dags/example_sensors.py
[2024-05-15T03:31:39.244+0800] {processor.py:830} INFO - Processing file /home/jithish/Documents/dag-dag-dag/.venv/lib/python3.10/site-packages/airflow/example_dags/example_sensors.py for tasks to queue
[2024-05-15T03:31:39.245+0800] {logging_mixin.py:188} INFO - [2024-05-15T03:31:39.245+0800] {dagbag.py:545} INFO - Filling up the DagBag from /home/jithish/Documents/dag-dag-dag/.venv/lib/python3.10/site-packages/airflow/example_dags/example_sensors.py
[2024-05-15T03:31:39.252+0800] {processor.py:840} INFO - DAG(s) 'example_sensors' retrieved from /home/jithish/Documents/dag-dag-dag/.venv/lib/python3.10/site-packages/airflow/example_dags/example_sensors.py
[2024-05-15T03:31:39.267+0800] {logging_mixin.py:188} INFO - [2024-05-15T03:31:39.267+0800] {dag.py:3096} INFO - Sync 1 DAGs
[2024-05-15T03:31:39.275+0800] {logging_mixin.py:188} INFO - [2024-05-15T03:31:39.275+0800] {dag.py:3954} INFO - Setting next_dagrun for example_sensors to None, run_after=None
[2024-05-15T03:31:39.294+0800] {processor.py:183} INFO - Processing /home/jithish/Documents/dag-dag-dag/.venv/lib/python3.10/site-packages/airflow/example_dags/example_sensors.py took 0.116 seconds
[2024-05-15T03:32:30.247+0800] {processor.py:161} INFO - Started process (PID=87261) to work on /home/jithish/Documents/dag-dag-dag/.venv/lib/python3.10/site-packages/airflow/example_dags/example_sensors.py
[2024-05-15T03:32:30.311+0800] {processor.py:830} INFO - Processing file /home/jithish/Documents/dag-dag-dag/.venv/lib/python3.10/site-packages/airflow/example_dags/example_sensors.py for tasks to queue
[2024-05-15T03:32:30.313+0800] {logging_mixin.py:188} INFO - [2024-05-15T03:32:30.313+0800] {dagbag.py:545} INFO - Filling up the DagBag from /home/jithish/Documents/dag-dag-dag/.venv/lib/python3.10/site-packages/airflow/example_dags/example_sensors.py
[2024-05-15T03:32:30.321+0800] {processor.py:840} INFO - DAG(s) 'example_sensors' retrieved from /home/jithish/Documents/dag-dag-dag/.venv/lib/python3.10/site-packages/airflow/example_dags/example_sensors.py
[2024-05-15T03:32:30.341+0800] {logging_mixin.py:188} INFO - [2024-05-15T03:32:30.341+0800] {dag.py:3096} INFO - Sync 1 DAGs
[2024-05-15T03:32:30.351+0800] {logging_mixin.py:188} INFO - [2024-05-15T03:32:30.350+0800] {dag.py:3954} INFO - Setting next_dagrun for example_sensors to None, run_after=None
[2024-05-15T03:32:30.370+0800] {processor.py:183} INFO - Processing /home/jithish/Documents/dag-dag-dag/.venv/lib/python3.10/site-packages/airflow/example_dags/example_sensors.py took 0.127 seconds
[2024-05-15T03:33:19.295+0800] {processor.py:161} INFO - Started process (PID=87684) to work on /home/jithish/Documents/dag-dag-dag/.venv/lib/python3.10/site-packages/airflow/example_dags/example_sensors.py
[2024-05-15T03:33:19.356+0800] {processor.py:830} INFO - Processing file /home/jithish/Documents/dag-dag-dag/.venv/lib/python3.10/site-packages/airflow/example_dags/example_sensors.py for tasks to queue
[2024-05-15T03:33:19.357+0800] {logging_mixin.py:188} INFO - [2024-05-15T03:33:19.357+0800] {dagbag.py:545} INFO - Filling up the DagBag from /home/jithish/Documents/dag-dag-dag/.venv/lib/python3.10/site-packages/airflow/example_dags/example_sensors.py
[2024-05-15T03:33:19.364+0800] {processor.py:840} INFO - DAG(s) 'example_sensors' retrieved from /home/jithish/Documents/dag-dag-dag/.venv/lib/python3.10/site-packages/airflow/example_dags/example_sensors.py
[2024-05-15T03:33:19.380+0800] {logging_mixin.py:188} INFO - [2024-05-15T03:33:19.380+0800] {dag.py:3096} INFO - Sync 1 DAGs
[2024-05-15T03:33:19.390+0800] {logging_mixin.py:188} INFO - [2024-05-15T03:33:19.390+0800] {dag.py:3954} INFO - Setting next_dagrun for example_sensors to None, run_after=None
[2024-05-15T03:33:19.410+0800] {processor.py:183} INFO - Processing /home/jithish/Documents/dag-dag-dag/.venv/lib/python3.10/site-packages/airflow/example_dags/example_sensors.py took 0.119 seconds
[2024-05-15T03:34:07.548+0800] {processor.py:161} INFO - Started process (PID=88149) to work on /home/jithish/Documents/dag-dag-dag/.venv/lib/python3.10/site-packages/airflow/example_dags/example_sensors.py
[2024-05-15T03:34:07.612+0800] {processor.py:830} INFO - Processing file /home/jithish/Documents/dag-dag-dag/.venv/lib/python3.10/site-packages/airflow/example_dags/example_sensors.py for tasks to queue
[2024-05-15T03:34:07.613+0800] {logging_mixin.py:188} INFO - [2024-05-15T03:34:07.613+0800] {dagbag.py:545} INFO - Filling up the DagBag from /home/jithish/Documents/dag-dag-dag/.venv/lib/python3.10/site-packages/airflow/example_dags/example_sensors.py
[2024-05-15T03:34:07.620+0800] {processor.py:840} INFO - DAG(s) 'example_sensors' retrieved from /home/jithish/Documents/dag-dag-dag/.venv/lib/python3.10/site-packages/airflow/example_dags/example_sensors.py
[2024-05-15T03:34:07.637+0800] {logging_mixin.py:188} INFO - [2024-05-15T03:34:07.637+0800] {dag.py:3096} INFO - Sync 1 DAGs
[2024-05-15T03:34:07.647+0800] {logging_mixin.py:188} INFO - [2024-05-15T03:34:07.647+0800] {dag.py:3954} INFO - Setting next_dagrun for example_sensors to None, run_after=None
[2024-05-15T03:34:07.665+0800] {processor.py:183} INFO - Processing /home/jithish/Documents/dag-dag-dag/.venv/lib/python3.10/site-packages/airflow/example_dags/example_sensors.py took 0.123 seconds
[2024-05-15T03:34:54.642+0800] {processor.py:161} INFO - Started process (PID=88578) to work on /home/jithish/Documents/dag-dag-dag/.venv/lib/python3.10/site-packages/airflow/example_dags/example_sensors.py
[2024-05-15T03:34:54.703+0800] {processor.py:830} INFO - Processing file /home/jithish/Documents/dag-dag-dag/.venv/lib/python3.10/site-packages/airflow/example_dags/example_sensors.py for tasks to queue
[2024-05-15T03:34:54.704+0800] {logging_mixin.py:188} INFO - [2024-05-15T03:34:54.704+0800] {dagbag.py:545} INFO - Filling up the DagBag from /home/jithish/Documents/dag-dag-dag/.venv/lib/python3.10/site-packages/airflow/example_dags/example_sensors.py
[2024-05-15T03:34:54.712+0800] {processor.py:840} INFO - DAG(s) 'example_sensors' retrieved from /home/jithish/Documents/dag-dag-dag/.venv/lib/python3.10/site-packages/airflow/example_dags/example_sensors.py
[2024-05-15T03:34:54.727+0800] {logging_mixin.py:188} INFO - [2024-05-15T03:34:54.727+0800] {dag.py:3096} INFO - Sync 1 DAGs
[2024-05-15T03:34:54.736+0800] {logging_mixin.py:188} INFO - [2024-05-15T03:34:54.736+0800] {dag.py:3954} INFO - Setting next_dagrun for example_sensors to None, run_after=None
[2024-05-15T03:34:54.757+0800] {processor.py:183} INFO - Processing /home/jithish/Documents/dag-dag-dag/.venv/lib/python3.10/site-packages/airflow/example_dags/example_sensors.py took 0.120 seconds
[2024-05-15T03:35:44.463+0800] {processor.py:161} INFO - Started process (PID=89012) to work on /home/jithish/Documents/dag-dag-dag/.venv/lib/python3.10/site-packages/airflow/example_dags/example_sensors.py
[2024-05-15T03:35:44.523+0800] {processor.py:830} INFO - Processing file /home/jithish/Documents/dag-dag-dag/.venv/lib/python3.10/site-packages/airflow/example_dags/example_sensors.py for tasks to queue
[2024-05-15T03:35:44.525+0800] {logging_mixin.py:188} INFO - [2024-05-15T03:35:44.524+0800] {dagbag.py:545} INFO - Filling up the DagBag from /home/jithish/Documents/dag-dag-dag/.venv/lib/python3.10/site-packages/airflow/example_dags/example_sensors.py
[2024-05-15T03:35:44.533+0800] {processor.py:840} INFO - DAG(s) 'example_sensors' retrieved from /home/jithish/Documents/dag-dag-dag/.venv/lib/python3.10/site-packages/airflow/example_dags/example_sensors.py
[2024-05-15T03:35:44.550+0800] {logging_mixin.py:188} INFO - [2024-05-15T03:35:44.550+0800] {dag.py:3096} INFO - Sync 1 DAGs
[2024-05-15T03:35:44.559+0800] {logging_mixin.py:188} INFO - [2024-05-15T03:35:44.558+0800] {dag.py:3954} INFO - Setting next_dagrun for example_sensors to None, run_after=None
[2024-05-15T03:35:44.582+0800] {processor.py:183} INFO - Processing /home/jithish/Documents/dag-dag-dag/.venv/lib/python3.10/site-packages/airflow/example_dags/example_sensors.py took 0.124 seconds
[2024-05-15T03:36:32.754+0800] {processor.py:161} INFO - Started process (PID=89520) to work on /home/jithish/Documents/dag-dag-dag/.venv/lib/python3.10/site-packages/airflow/example_dags/example_sensors.py
[2024-05-15T03:36:32.755+0800] {processor.py:830} INFO - Processing file /home/jithish/Documents/dag-dag-dag/.venv/lib/python3.10/site-packages/airflow/example_dags/example_sensors.py for tasks to queue
[2024-05-15T03:36:32.756+0800] {logging_mixin.py:188} INFO - [2024-05-15T03:36:32.756+0800] {dagbag.py:545} INFO - Filling up the DagBag from /home/jithish/Documents/dag-dag-dag/.venv/lib/python3.10/site-packages/airflow/example_dags/example_sensors.py
[2024-05-15T03:36:32.765+0800] {processor.py:840} INFO - DAG(s) 'example_sensors' retrieved from /home/jithish/Documents/dag-dag-dag/.venv/lib/python3.10/site-packages/airflow/example_dags/example_sensors.py
[2024-05-15T03:36:32.782+0800] {logging_mixin.py:188} INFO - [2024-05-15T03:36:32.782+0800] {dag.py:3096} INFO - Sync 1 DAGs
[2024-05-15T03:36:32.793+0800] {logging_mixin.py:188} INFO - [2024-05-15T03:36:32.793+0800] {dag.py:3954} INFO - Setting next_dagrun for example_sensors to None, run_after=None
[2024-05-15T03:36:32.814+0800] {processor.py:183} INFO - Processing /home/jithish/Documents/dag-dag-dag/.venv/lib/python3.10/site-packages/airflow/example_dags/example_sensors.py took 0.064 seconds
[2024-05-15T03:37:22.214+0800] {processor.py:161} INFO - Started process (PID=89908) to work on /home/jithish/Documents/dag-dag-dag/.venv/lib/python3.10/site-packages/airflow/example_dags/example_sensors.py
[2024-05-15T03:37:22.220+0800] {processor.py:830} INFO - Processing file /home/jithish/Documents/dag-dag-dag/.venv/lib/python3.10/site-packages/airflow/example_dags/example_sensors.py for tasks to queue
[2024-05-15T03:37:22.221+0800] {logging_mixin.py:188} INFO - [2024-05-15T03:37:22.221+0800] {dagbag.py:545} INFO - Filling up the DagBag from /home/jithish/Documents/dag-dag-dag/.venv/lib/python3.10/site-packages/airflow/example_dags/example_sensors.py
[2024-05-15T03:37:22.228+0800] {processor.py:840} INFO - DAG(s) 'example_sensors' retrieved from /home/jithish/Documents/dag-dag-dag/.venv/lib/python3.10/site-packages/airflow/example_dags/example_sensors.py
[2024-05-15T03:37:22.246+0800] {logging_mixin.py:188} INFO - [2024-05-15T03:37:22.246+0800] {dag.py:3096} INFO - Sync 1 DAGs
[2024-05-15T03:37:22.256+0800] {logging_mixin.py:188} INFO - [2024-05-15T03:37:22.256+0800] {dag.py:3954} INFO - Setting next_dagrun for example_sensors to None, run_after=None
[2024-05-15T03:37:22.284+0800] {processor.py:183} INFO - Processing /home/jithish/Documents/dag-dag-dag/.venv/lib/python3.10/site-packages/airflow/example_dags/example_sensors.py took 0.075 seconds
[2024-05-15T03:38:12.293+0800] {processor.py:161} INFO - Started process (PID=90387) to work on /home/jithish/Documents/dag-dag-dag/.venv/lib/python3.10/site-packages/airflow/example_dags/example_sensors.py
[2024-05-15T03:38:12.354+0800] {processor.py:830} INFO - Processing file /home/jithish/Documents/dag-dag-dag/.venv/lib/python3.10/site-packages/airflow/example_dags/example_sensors.py for tasks to queue
[2024-05-15T03:38:12.359+0800] {logging_mixin.py:188} INFO - [2024-05-15T03:38:12.358+0800] {dagbag.py:545} INFO - Filling up the DagBag from /home/jithish/Documents/dag-dag-dag/.venv/lib/python3.10/site-packages/airflow/example_dags/example_sensors.py
[2024-05-15T03:38:12.380+0800] {processor.py:840} INFO - DAG(s) 'example_sensors' retrieved from /home/jithish/Documents/dag-dag-dag/.venv/lib/python3.10/site-packages/airflow/example_dags/example_sensors.py
[2024-05-15T03:38:12.402+0800] {logging_mixin.py:188} INFO - [2024-05-15T03:38:12.402+0800] {dag.py:3096} INFO - Sync 1 DAGs
[2024-05-15T03:38:12.410+0800] {logging_mixin.py:188} INFO - [2024-05-15T03:38:12.410+0800] {dag.py:3954} INFO - Setting next_dagrun for example_sensors to None, run_after=None
[2024-05-15T03:38:12.430+0800] {processor.py:183} INFO - Processing /home/jithish/Documents/dag-dag-dag/.venv/lib/python3.10/site-packages/airflow/example_dags/example_sensors.py took 0.146 seconds
[2024-05-15T03:39:01.878+0800] {processor.py:161} INFO - Started process (PID=91021) to work on /home/jithish/Documents/dag-dag-dag/.venv/lib/python3.10/site-packages/airflow/example_dags/example_sensors.py
[2024-05-15T03:39:01.879+0800] {processor.py:830} INFO - Processing file /home/jithish/Documents/dag-dag-dag/.venv/lib/python3.10/site-packages/airflow/example_dags/example_sensors.py for tasks to queue
[2024-05-15T03:39:01.881+0800] {logging_mixin.py:188} INFO - [2024-05-15T03:39:01.881+0800] {dagbag.py:545} INFO - Filling up the DagBag from /home/jithish/Documents/dag-dag-dag/.venv/lib/python3.10/site-packages/airflow/example_dags/example_sensors.py
[2024-05-15T03:39:01.895+0800] {processor.py:840} INFO - DAG(s) 'example_sensors' retrieved from /home/jithish/Documents/dag-dag-dag/.venv/lib/python3.10/site-packages/airflow/example_dags/example_sensors.py
[2024-05-15T03:39:01.928+0800] {logging_mixin.py:188} INFO - [2024-05-15T03:39:01.928+0800] {dag.py:3096} INFO - Sync 1 DAGs
[2024-05-15T03:39:01.946+0800] {logging_mixin.py:188} INFO - [2024-05-15T03:39:01.946+0800] {dag.py:3954} INFO - Setting next_dagrun for example_sensors to None, run_after=None
[2024-05-15T03:39:01.990+0800] {processor.py:183} INFO - Processing /home/jithish/Documents/dag-dag-dag/.venv/lib/python3.10/site-packages/airflow/example_dags/example_sensors.py took 0.124 seconds
[2024-05-15T03:40:07.454+0800] {processor.py:161} INFO - Started process (PID=92798) to work on /home/jithish/Documents/dag-dag-dag/.venv/lib/python3.10/site-packages/airflow/example_dags/example_sensors.py
[2024-05-15T03:40:07.515+0800] {processor.py:830} INFO - Processing file /home/jithish/Documents/dag-dag-dag/.venv/lib/python3.10/site-packages/airflow/example_dags/example_sensors.py for tasks to queue
[2024-05-15T03:40:07.521+0800] {logging_mixin.py:188} INFO - [2024-05-15T03:40:07.520+0800] {dagbag.py:545} INFO - Filling up the DagBag from /home/jithish/Documents/dag-dag-dag/.venv/lib/python3.10/site-packages/airflow/example_dags/example_sensors.py
[2024-05-15T03:40:07.548+0800] {processor.py:840} INFO - DAG(s) 'example_sensors' retrieved from /home/jithish/Documents/dag-dag-dag/.venv/lib/python3.10/site-packages/airflow/example_dags/example_sensors.py
[2024-05-15T03:40:07.570+0800] {logging_mixin.py:188} INFO - [2024-05-15T03:40:07.570+0800] {dag.py:3096} INFO - Sync 1 DAGs
[2024-05-15T03:40:07.580+0800] {logging_mixin.py:188} INFO - [2024-05-15T03:40:07.580+0800] {dag.py:3954} INFO - Setting next_dagrun for example_sensors to None, run_after=None
[2024-05-15T03:40:07.610+0800] {processor.py:183} INFO - Processing /home/jithish/Documents/dag-dag-dag/.venv/lib/python3.10/site-packages/airflow/example_dags/example_sensors.py took 0.162 seconds
[2024-05-15T03:41:05.634+0800] {processor.py:161} INFO - Started process (PID=93629) to work on /home/jithish/Documents/dag-dag-dag/.venv/lib/python3.10/site-packages/airflow/example_dags/example_sensors.py
[2024-05-15T03:41:05.694+0800] {processor.py:830} INFO - Processing file /home/jithish/Documents/dag-dag-dag/.venv/lib/python3.10/site-packages/airflow/example_dags/example_sensors.py for tasks to queue
[2024-05-15T03:41:05.696+0800] {logging_mixin.py:188} INFO - [2024-05-15T03:41:05.696+0800] {dagbag.py:545} INFO - Filling up the DagBag from /home/jithish/Documents/dag-dag-dag/.venv/lib/python3.10/site-packages/airflow/example_dags/example_sensors.py
[2024-05-15T03:41:05.705+0800] {processor.py:840} INFO - DAG(s) 'example_sensors' retrieved from /home/jithish/Documents/dag-dag-dag/.venv/lib/python3.10/site-packages/airflow/example_dags/example_sensors.py
[2024-05-15T03:41:05.723+0800] {logging_mixin.py:188} INFO - [2024-05-15T03:41:05.723+0800] {dag.py:3096} INFO - Sync 1 DAGs
[2024-05-15T03:41:05.732+0800] {logging_mixin.py:188} INFO - [2024-05-15T03:41:05.732+0800] {dag.py:3954} INFO - Setting next_dagrun for example_sensors to None, run_after=None
[2024-05-15T03:41:05.751+0800] {processor.py:183} INFO - Processing /home/jithish/Documents/dag-dag-dag/.venv/lib/python3.10/site-packages/airflow/example_dags/example_sensors.py took 0.124 seconds
[2024-05-15T03:41:59.851+0800] {processor.py:161} INFO - Started process (PID=94410) to work on /home/jithish/Documents/dag-dag-dag/.venv/lib/python3.10/site-packages/airflow/example_dags/example_sensors.py
[2024-05-15T03:41:59.913+0800] {processor.py:830} INFO - Processing file /home/jithish/Documents/dag-dag-dag/.venv/lib/python3.10/site-packages/airflow/example_dags/example_sensors.py for tasks to queue
[2024-05-15T03:41:59.919+0800] {logging_mixin.py:188} INFO - [2024-05-15T03:41:59.917+0800] {dagbag.py:545} INFO - Filling up the DagBag from /home/jithish/Documents/dag-dag-dag/.venv/lib/python3.10/site-packages/airflow/example_dags/example_sensors.py
[2024-05-15T03:41:59.946+0800] {processor.py:840} INFO - DAG(s) 'example_sensors' retrieved from /home/jithish/Documents/dag-dag-dag/.venv/lib/python3.10/site-packages/airflow/example_dags/example_sensors.py
[2024-05-15T03:41:59.971+0800] {logging_mixin.py:188} INFO - [2024-05-15T03:41:59.971+0800] {dag.py:3096} INFO - Sync 1 DAGs
[2024-05-15T03:41:59.979+0800] {logging_mixin.py:188} INFO - [2024-05-15T03:41:59.979+0800] {dag.py:3954} INFO - Setting next_dagrun for example_sensors to None, run_after=None
[2024-05-15T03:42:00.010+0800] {processor.py:183} INFO - Processing /home/jithish/Documents/dag-dag-dag/.venv/lib/python3.10/site-packages/airflow/example_dags/example_sensors.py took 0.164 seconds
[2024-05-15T03:42:52.804+0800] {processor.py:161} INFO - Started process (PID=95143) to work on /home/jithish/Documents/dag-dag-dag/.venv/lib/python3.10/site-packages/airflow/example_dags/example_sensors.py
[2024-05-15T03:42:52.805+0800] {processor.py:830} INFO - Processing file /home/jithish/Documents/dag-dag-dag/.venv/lib/python3.10/site-packages/airflow/example_dags/example_sensors.py for tasks to queue
[2024-05-15T03:42:52.807+0800] {logging_mixin.py:188} INFO - [2024-05-15T03:42:52.807+0800] {dagbag.py:545} INFO - Filling up the DagBag from /home/jithish/Documents/dag-dag-dag/.venv/lib/python3.10/site-packages/airflow/example_dags/example_sensors.py
[2024-05-15T03:42:52.817+0800] {processor.py:840} INFO - DAG(s) 'example_sensors' retrieved from /home/jithish/Documents/dag-dag-dag/.venv/lib/python3.10/site-packages/airflow/example_dags/example_sensors.py
[2024-05-15T03:42:52.834+0800] {logging_mixin.py:188} INFO - [2024-05-15T03:42:52.834+0800] {dag.py:3096} INFO - Sync 1 DAGs
[2024-05-15T03:42:52.843+0800] {logging_mixin.py:188} INFO - [2024-05-15T03:42:52.843+0800] {dag.py:3954} INFO - Setting next_dagrun for example_sensors to None, run_after=None
[2024-05-15T03:42:52.859+0800] {processor.py:183} INFO - Processing /home/jithish/Documents/dag-dag-dag/.venv/lib/python3.10/site-packages/airflow/example_dags/example_sensors.py took 0.064 seconds
[2024-05-15T03:43:47.308+0800] {processor.py:161} INFO - Started process (PID=95921) to work on /home/jithish/Documents/dag-dag-dag/.venv/lib/python3.10/site-packages/airflow/example_dags/example_sensors.py
[2024-05-15T03:43:47.370+0800] {processor.py:830} INFO - Processing file /home/jithish/Documents/dag-dag-dag/.venv/lib/python3.10/site-packages/airflow/example_dags/example_sensors.py for tasks to queue
[2024-05-15T03:43:47.375+0800] {logging_mixin.py:188} INFO - [2024-05-15T03:43:47.374+0800] {dagbag.py:545} INFO - Filling up the DagBag from /home/jithish/Documents/dag-dag-dag/.venv/lib/python3.10/site-packages/airflow/example_dags/example_sensors.py
[2024-05-15T03:43:47.401+0800] {processor.py:840} INFO - DAG(s) 'example_sensors' retrieved from /home/jithish/Documents/dag-dag-dag/.venv/lib/python3.10/site-packages/airflow/example_dags/example_sensors.py
[2024-05-15T03:43:47.428+0800] {logging_mixin.py:188} INFO - [2024-05-15T03:43:47.428+0800] {dag.py:3096} INFO - Sync 1 DAGs
[2024-05-15T03:43:47.440+0800] {logging_mixin.py:188} INFO - [2024-05-15T03:43:47.439+0800] {dag.py:3954} INFO - Setting next_dagrun for example_sensors to None, run_after=None
[2024-05-15T03:43:47.457+0800] {processor.py:183} INFO - Processing /home/jithish/Documents/dag-dag-dag/.venv/lib/python3.10/site-packages/airflow/example_dags/example_sensors.py took 0.158 seconds
[2024-05-15T03:44:44.029+0800] {processor.py:161} INFO - Started process (PID=96739) to work on /home/jithish/Documents/dag-dag-dag/.venv/lib/python3.10/site-packages/airflow/example_dags/example_sensors.py
[2024-05-15T03:44:44.091+0800] {processor.py:830} INFO - Processing file /home/jithish/Documents/dag-dag-dag/.venv/lib/python3.10/site-packages/airflow/example_dags/example_sensors.py for tasks to queue
[2024-05-15T03:44:44.096+0800] {logging_mixin.py:188} INFO - [2024-05-15T03:44:44.095+0800] {dagbag.py:545} INFO - Filling up the DagBag from /home/jithish/Documents/dag-dag-dag/.venv/lib/python3.10/site-packages/airflow/example_dags/example_sensors.py
[2024-05-15T03:44:44.123+0800] {processor.py:840} INFO - DAG(s) 'example_sensors' retrieved from /home/jithish/Documents/dag-dag-dag/.venv/lib/python3.10/site-packages/airflow/example_dags/example_sensors.py
[2024-05-15T03:44:44.146+0800] {logging_mixin.py:188} INFO - [2024-05-15T03:44:44.146+0800] {dag.py:3096} INFO - Sync 1 DAGs
[2024-05-15T03:44:44.154+0800] {logging_mixin.py:188} INFO - [2024-05-15T03:44:44.153+0800] {dag.py:3954} INFO - Setting next_dagrun for example_sensors to None, run_after=None
[2024-05-15T03:44:44.172+0800] {processor.py:183} INFO - Processing /home/jithish/Documents/dag-dag-dag/.venv/lib/python3.10/site-packages/airflow/example_dags/example_sensors.py took 0.161 seconds
[2024-05-15T03:45:39.990+0800] {processor.py:161} INFO - Started process (PID=97331) to work on /home/jithish/Documents/dag-dag-dag/.venv/lib/python3.10/site-packages/airflow/example_dags/example_sensors.py
[2024-05-15T03:45:40.053+0800] {processor.py:830} INFO - Processing file /home/jithish/Documents/dag-dag-dag/.venv/lib/python3.10/site-packages/airflow/example_dags/example_sensors.py for tasks to queue
[2024-05-15T03:45:40.058+0800] {logging_mixin.py:188} INFO - [2024-05-15T03:45:40.057+0800] {dagbag.py:545} INFO - Filling up the DagBag from /home/jithish/Documents/dag-dag-dag/.venv/lib/python3.10/site-packages/airflow/example_dags/example_sensors.py
[2024-05-15T03:45:40.084+0800] {processor.py:840} INFO - DAG(s) 'example_sensors' retrieved from /home/jithish/Documents/dag-dag-dag/.venv/lib/python3.10/site-packages/airflow/example_dags/example_sensors.py
[2024-05-15T03:45:40.111+0800] {logging_mixin.py:188} INFO - [2024-05-15T03:45:40.111+0800] {dag.py:3096} INFO - Sync 1 DAGs
[2024-05-15T03:45:40.120+0800] {logging_mixin.py:188} INFO - [2024-05-15T03:45:40.120+0800] {dag.py:3954} INFO - Setting next_dagrun for example_sensors to None, run_after=None
[2024-05-15T03:45:40.137+0800] {processor.py:183} INFO - Processing /home/jithish/Documents/dag-dag-dag/.venv/lib/python3.10/site-packages/airflow/example_dags/example_sensors.py took 0.153 seconds
[2024-05-15T03:46:46.523+0800] {processor.py:161} INFO - Started process (PID=98391) to work on /home/jithish/Documents/dag-dag-dag/.venv/lib/python3.10/site-packages/airflow/example_dags/example_sensors.py
[2024-05-15T03:46:46.590+0800] {processor.py:830} INFO - Processing file /home/jithish/Documents/dag-dag-dag/.venv/lib/python3.10/site-packages/airflow/example_dags/example_sensors.py for tasks to queue
[2024-05-15T03:46:46.591+0800] {logging_mixin.py:188} INFO - [2024-05-15T03:46:46.591+0800] {dagbag.py:545} INFO - Filling up the DagBag from /home/jithish/Documents/dag-dag-dag/.venv/lib/python3.10/site-packages/airflow/example_dags/example_sensors.py
[2024-05-15T03:46:46.598+0800] {processor.py:840} INFO - DAG(s) 'example_sensors' retrieved from /home/jithish/Documents/dag-dag-dag/.venv/lib/python3.10/site-packages/airflow/example_dags/example_sensors.py
[2024-05-15T03:46:46.617+0800] {logging_mixin.py:188} INFO - [2024-05-15T03:46:46.617+0800] {dag.py:3096} INFO - Sync 1 DAGs
[2024-05-15T03:46:46.628+0800] {logging_mixin.py:188} INFO - [2024-05-15T03:46:46.628+0800] {dag.py:3954} INFO - Setting next_dagrun for example_sensors to None, run_after=None
[2024-05-15T03:46:46.657+0800] {processor.py:183} INFO - Processing /home/jithish/Documents/dag-dag-dag/.venv/lib/python3.10/site-packages/airflow/example_dags/example_sensors.py took 0.154 seconds
[2024-05-15T03:47:42.949+0800] {processor.py:161} INFO - Started process (PID=99178) to work on /home/jithish/Documents/dag-dag-dag/.venv/lib/python3.10/site-packages/airflow/example_dags/example_sensors.py
[2024-05-15T03:47:43.001+0800] {processor.py:830} INFO - Processing file /home/jithish/Documents/dag-dag-dag/.venv/lib/python3.10/site-packages/airflow/example_dags/example_sensors.py for tasks to queue
[2024-05-15T03:47:43.006+0800] {logging_mixin.py:188} INFO - [2024-05-15T03:47:43.005+0800] {dagbag.py:545} INFO - Filling up the DagBag from /home/jithish/Documents/dag-dag-dag/.venv/lib/python3.10/site-packages/airflow/example_dags/example_sensors.py
[2024-05-15T03:47:43.032+0800] {processor.py:840} INFO - DAG(s) 'example_sensors' retrieved from /home/jithish/Documents/dag-dag-dag/.venv/lib/python3.10/site-packages/airflow/example_dags/example_sensors.py
[2024-05-15T03:47:43.055+0800] {logging_mixin.py:188} INFO - [2024-05-15T03:47:43.055+0800] {dag.py:3096} INFO - Sync 1 DAGs
[2024-05-15T03:47:43.065+0800] {logging_mixin.py:188} INFO - [2024-05-15T03:47:43.064+0800] {dag.py:3954} INFO - Setting next_dagrun for example_sensors to None, run_after=None
[2024-05-15T03:47:43.084+0800] {processor.py:183} INFO - Processing /home/jithish/Documents/dag-dag-dag/.venv/lib/python3.10/site-packages/airflow/example_dags/example_sensors.py took 0.145 seconds
[2024-05-15T03:48:31.225+0800] {processor.py:161} INFO - Started process (PID=99894) to work on /home/jithish/Documents/dag-dag-dag/.venv/lib/python3.10/site-packages/airflow/example_dags/example_sensors.py
[2024-05-15T03:48:31.287+0800] {processor.py:830} INFO - Processing file /home/jithish/Documents/dag-dag-dag/.venv/lib/python3.10/site-packages/airflow/example_dags/example_sensors.py for tasks to queue
[2024-05-15T03:48:31.291+0800] {logging_mixin.py:188} INFO - [2024-05-15T03:48:31.290+0800] {dagbag.py:545} INFO - Filling up the DagBag from /home/jithish/Documents/dag-dag-dag/.venv/lib/python3.10/site-packages/airflow/example_dags/example_sensors.py
[2024-05-15T03:48:31.307+0800] {processor.py:840} INFO - DAG(s) 'example_sensors' retrieved from /home/jithish/Documents/dag-dag-dag/.venv/lib/python3.10/site-packages/airflow/example_dags/example_sensors.py
[2024-05-15T03:48:31.327+0800] {logging_mixin.py:188} INFO - [2024-05-15T03:48:31.327+0800] {dag.py:3096} INFO - Sync 1 DAGs
[2024-05-15T03:48:31.335+0800] {logging_mixin.py:188} INFO - [2024-05-15T03:48:31.334+0800] {dag.py:3954} INFO - Setting next_dagrun for example_sensors to None, run_after=None
[2024-05-15T03:48:31.364+0800] {processor.py:183} INFO - Processing /home/jithish/Documents/dag-dag-dag/.venv/lib/python3.10/site-packages/airflow/example_dags/example_sensors.py took 0.149 seconds
[2024-05-15T03:49:28.059+0800] {processor.py:161} INFO - Started process (PID=100735) to work on /home/jithish/Documents/dag-dag-dag/.venv/lib/python3.10/site-packages/airflow/example_dags/example_sensors.py
[2024-05-15T03:49:28.123+0800] {processor.py:830} INFO - Processing file /home/jithish/Documents/dag-dag-dag/.venv/lib/python3.10/site-packages/airflow/example_dags/example_sensors.py for tasks to queue
[2024-05-15T03:49:28.128+0800] {logging_mixin.py:188} INFO - [2024-05-15T03:49:28.127+0800] {dagbag.py:545} INFO - Filling up the DagBag from /home/jithish/Documents/dag-dag-dag/.venv/lib/python3.10/site-packages/airflow/example_dags/example_sensors.py
[2024-05-15T03:49:28.153+0800] {processor.py:840} INFO - DAG(s) 'example_sensors' retrieved from /home/jithish/Documents/dag-dag-dag/.venv/lib/python3.10/site-packages/airflow/example_dags/example_sensors.py
[2024-05-15T03:49:28.175+0800] {logging_mixin.py:188} INFO - [2024-05-15T03:49:28.174+0800] {dag.py:3096} INFO - Sync 1 DAGs
[2024-05-15T03:49:28.184+0800] {logging_mixin.py:188} INFO - [2024-05-15T03:49:28.184+0800] {dag.py:3954} INFO - Setting next_dagrun for example_sensors to None, run_after=None
[2024-05-15T03:49:28.202+0800] {processor.py:183} INFO - Processing /home/jithish/Documents/dag-dag-dag/.venv/lib/python3.10/site-packages/airflow/example_dags/example_sensors.py took 0.150 seconds
[2024-05-15T03:50:24.024+0800] {processor.py:161} INFO - Started process (PID=101507) to work on /home/jithish/Documents/dag-dag-dag/.venv/lib/python3.10/site-packages/airflow/example_dags/example_sensors.py
[2024-05-15T03:50:24.025+0800] {processor.py:830} INFO - Processing file /home/jithish/Documents/dag-dag-dag/.venv/lib/python3.10/site-packages/airflow/example_dags/example_sensors.py for tasks to queue
[2024-05-15T03:50:24.028+0800] {logging_mixin.py:188} INFO - [2024-05-15T03:50:24.027+0800] {dagbag.py:545} INFO - Filling up the DagBag from /home/jithish/Documents/dag-dag-dag/.venv/lib/python3.10/site-packages/airflow/example_dags/example_sensors.py
[2024-05-15T03:50:24.037+0800] {processor.py:840} INFO - DAG(s) 'example_sensors' retrieved from /home/jithish/Documents/dag-dag-dag/.venv/lib/python3.10/site-packages/airflow/example_dags/example_sensors.py
[2024-05-15T03:50:24.056+0800] {logging_mixin.py:188} INFO - [2024-05-15T03:50:24.056+0800] {dag.py:3096} INFO - Sync 1 DAGs
[2024-05-15T03:50:24.066+0800] {logging_mixin.py:188} INFO - [2024-05-15T03:50:24.066+0800] {dag.py:3954} INFO - Setting next_dagrun for example_sensors to None, run_after=None
[2024-05-15T03:50:24.082+0800] {processor.py:183} INFO - Processing /home/jithish/Documents/dag-dag-dag/.venv/lib/python3.10/site-packages/airflow/example_dags/example_sensors.py took 0.066 seconds
[2024-05-15T03:51:21.520+0800] {processor.py:161} INFO - Started process (PID=102357) to work on /home/jithish/Documents/dag-dag-dag/.venv/lib/python3.10/site-packages/airflow/example_dags/example_sensors.py
[2024-05-15T03:51:21.562+0800] {processor.py:830} INFO - Processing file /home/jithish/Documents/dag-dag-dag/.venv/lib/python3.10/site-packages/airflow/example_dags/example_sensors.py for tasks to queue
[2024-05-15T03:51:21.564+0800] {logging_mixin.py:188} INFO - [2024-05-15T03:51:21.564+0800] {dagbag.py:545} INFO - Filling up the DagBag from /home/jithish/Documents/dag-dag-dag/.venv/lib/python3.10/site-packages/airflow/example_dags/example_sensors.py
[2024-05-15T03:51:21.573+0800] {processor.py:840} INFO - DAG(s) 'example_sensors' retrieved from /home/jithish/Documents/dag-dag-dag/.venv/lib/python3.10/site-packages/airflow/example_dags/example_sensors.py
[2024-05-15T03:51:21.590+0800] {logging_mixin.py:188} INFO - [2024-05-15T03:51:21.590+0800] {dag.py:3096} INFO - Sync 1 DAGs
[2024-05-15T03:51:21.601+0800] {logging_mixin.py:188} INFO - [2024-05-15T03:51:21.601+0800] {dag.py:3954} INFO - Setting next_dagrun for example_sensors to None, run_after=None
[2024-05-15T03:51:21.628+0800] {processor.py:183} INFO - Processing /home/jithish/Documents/dag-dag-dag/.venv/lib/python3.10/site-packages/airflow/example_dags/example_sensors.py took 0.127 seconds
[2024-05-15T03:52:12.038+0800] {processor.py:161} INFO - Started process (PID=102812) to work on /home/jithish/Documents/dag-dag-dag/.venv/lib/python3.10/site-packages/airflow/example_dags/example_sensors.py
[2024-05-15T03:52:12.099+0800] {processor.py:830} INFO - Processing file /home/jithish/Documents/dag-dag-dag/.venv/lib/python3.10/site-packages/airflow/example_dags/example_sensors.py for tasks to queue
[2024-05-15T03:52:12.101+0800] {logging_mixin.py:188} INFO - [2024-05-15T03:52:12.101+0800] {dagbag.py:545} INFO - Filling up the DagBag from /home/jithish/Documents/dag-dag-dag/.venv/lib/python3.10/site-packages/airflow/example_dags/example_sensors.py
[2024-05-15T03:52:12.115+0800] {processor.py:840} INFO - DAG(s) 'example_sensors' retrieved from /home/jithish/Documents/dag-dag-dag/.venv/lib/python3.10/site-packages/airflow/example_dags/example_sensors.py
[2024-05-15T03:52:12.136+0800] {logging_mixin.py:188} INFO - [2024-05-15T03:52:12.136+0800] {dag.py:3096} INFO - Sync 1 DAGs
[2024-05-15T03:52:12.144+0800] {logging_mixin.py:188} INFO - [2024-05-15T03:52:12.144+0800] {dag.py:3954} INFO - Setting next_dagrun for example_sensors to None, run_after=None
[2024-05-15T03:52:12.170+0800] {processor.py:183} INFO - Processing /home/jithish/Documents/dag-dag-dag/.venv/lib/python3.10/site-packages/airflow/example_dags/example_sensors.py took 0.135 seconds
[2024-05-15T03:53:00.158+0800] {processor.py:161} INFO - Started process (PID=103347) to work on /home/jithish/Documents/dag-dag-dag/.venv/lib/python3.10/site-packages/airflow/example_dags/example_sensors.py
[2024-05-15T03:53:00.158+0800] {processor.py:830} INFO - Processing file /home/jithish/Documents/dag-dag-dag/.venv/lib/python3.10/site-packages/airflow/example_dags/example_sensors.py for tasks to queue
[2024-05-15T03:53:00.159+0800] {logging_mixin.py:188} INFO - [2024-05-15T03:53:00.159+0800] {dagbag.py:545} INFO - Filling up the DagBag from /home/jithish/Documents/dag-dag-dag/.venv/lib/python3.10/site-packages/airflow/example_dags/example_sensors.py
[2024-05-15T03:53:00.166+0800] {processor.py:840} INFO - DAG(s) 'example_sensors' retrieved from /home/jithish/Documents/dag-dag-dag/.venv/lib/python3.10/site-packages/airflow/example_dags/example_sensors.py
[2024-05-15T03:53:00.184+0800] {logging_mixin.py:188} INFO - [2024-05-15T03:53:00.184+0800] {dag.py:3096} INFO - Sync 1 DAGs
[2024-05-15T03:53:00.193+0800] {logging_mixin.py:188} INFO - [2024-05-15T03:53:00.193+0800] {dag.py:3954} INFO - Setting next_dagrun for example_sensors to None, run_after=None
[2024-05-15T03:53:00.211+0800] {processor.py:183} INFO - Processing /home/jithish/Documents/dag-dag-dag/.venv/lib/python3.10/site-packages/airflow/example_dags/example_sensors.py took 0.059 seconds
[2024-05-15T03:53:56.119+0800] {processor.py:161} INFO - Started process (PID=104036) to work on /home/jithish/Documents/dag-dag-dag/.venv/lib/python3.10/site-packages/airflow/example_dags/example_sensors.py
[2024-05-15T03:53:56.120+0800] {processor.py:830} INFO - Processing file /home/jithish/Documents/dag-dag-dag/.venv/lib/python3.10/site-packages/airflow/example_dags/example_sensors.py for tasks to queue
[2024-05-15T03:53:56.122+0800] {logging_mixin.py:188} INFO - [2024-05-15T03:53:56.122+0800] {dagbag.py:545} INFO - Filling up the DagBag from /home/jithish/Documents/dag-dag-dag/.venv/lib/python3.10/site-packages/airflow/example_dags/example_sensors.py
[2024-05-15T03:53:56.134+0800] {processor.py:840} INFO - DAG(s) 'example_sensors' retrieved from /home/jithish/Documents/dag-dag-dag/.venv/lib/python3.10/site-packages/airflow/example_dags/example_sensors.py
[2024-05-15T03:53:56.173+0800] {logging_mixin.py:188} INFO - [2024-05-15T03:53:56.173+0800] {dag.py:3096} INFO - Sync 1 DAGs
[2024-05-15T03:53:56.191+0800] {logging_mixin.py:188} INFO - [2024-05-15T03:53:56.190+0800] {dag.py:3954} INFO - Setting next_dagrun for example_sensors to None, run_after=None
[2024-05-15T03:53:56.258+0800] {processor.py:183} INFO - Processing /home/jithish/Documents/dag-dag-dag/.venv/lib/python3.10/site-packages/airflow/example_dags/example_sensors.py took 0.146 seconds
[2024-05-15T03:54:52.953+0800] {processor.py:161} INFO - Started process (PID=104766) to work on /home/jithish/Documents/dag-dag-dag/.venv/lib/python3.10/site-packages/airflow/example_dags/example_sensors.py
[2024-05-15T03:54:53.017+0800] {processor.py:830} INFO - Processing file /home/jithish/Documents/dag-dag-dag/.venv/lib/python3.10/site-packages/airflow/example_dags/example_sensors.py for tasks to queue
[2024-05-15T03:54:53.018+0800] {logging_mixin.py:188} INFO - [2024-05-15T03:54:53.018+0800] {dagbag.py:545} INFO - Filling up the DagBag from /home/jithish/Documents/dag-dag-dag/.venv/lib/python3.10/site-packages/airflow/example_dags/example_sensors.py
[2024-05-15T03:54:53.026+0800] {processor.py:840} INFO - DAG(s) 'example_sensors' retrieved from /home/jithish/Documents/dag-dag-dag/.venv/lib/python3.10/site-packages/airflow/example_dags/example_sensors.py
[2024-05-15T03:54:53.047+0800] {logging_mixin.py:188} INFO - [2024-05-15T03:54:53.047+0800] {dag.py:3096} INFO - Sync 1 DAGs
[2024-05-15T03:54:53.056+0800] {logging_mixin.py:188} INFO - [2024-05-15T03:54:53.056+0800] {dag.py:3954} INFO - Setting next_dagrun for example_sensors to None, run_after=None
[2024-05-15T03:54:53.076+0800] {processor.py:183} INFO - Processing /home/jithish/Documents/dag-dag-dag/.venv/lib/python3.10/site-packages/airflow/example_dags/example_sensors.py took 0.132 seconds
[2024-05-15T03:55:46.413+0800] {processor.py:161} INFO - Started process (PID=105447) to work on /home/jithish/Documents/dag-dag-dag/.venv/lib/python3.10/site-packages/airflow/example_dags/example_sensors.py
[2024-05-15T03:55:46.435+0800] {processor.py:830} INFO - Processing file /home/jithish/Documents/dag-dag-dag/.venv/lib/python3.10/site-packages/airflow/example_dags/example_sensors.py for tasks to queue
[2024-05-15T03:55:46.437+0800] {logging_mixin.py:188} INFO - [2024-05-15T03:55:46.437+0800] {dagbag.py:545} INFO - Filling up the DagBag from /home/jithish/Documents/dag-dag-dag/.venv/lib/python3.10/site-packages/airflow/example_dags/example_sensors.py
[2024-05-15T03:55:46.445+0800] {processor.py:840} INFO - DAG(s) 'example_sensors' retrieved from /home/jithish/Documents/dag-dag-dag/.venv/lib/python3.10/site-packages/airflow/example_dags/example_sensors.py
[2024-05-15T03:55:46.463+0800] {logging_mixin.py:188} INFO - [2024-05-15T03:55:46.462+0800] {dag.py:3096} INFO - Sync 1 DAGs
[2024-05-15T03:55:46.471+0800] {logging_mixin.py:188} INFO - [2024-05-15T03:55:46.471+0800] {dag.py:3954} INFO - Setting next_dagrun for example_sensors to None, run_after=None
[2024-05-15T03:55:46.486+0800] {processor.py:183} INFO - Processing /home/jithish/Documents/dag-dag-dag/.venv/lib/python3.10/site-packages/airflow/example_dags/example_sensors.py took 0.078 seconds
[2024-05-15T03:56:35.283+0800] {processor.py:161} INFO - Started process (PID=105896) to work on /home/jithish/Documents/dag-dag-dag/.venv/lib/python3.10/site-packages/airflow/example_dags/example_sensors.py
[2024-05-15T03:56:35.284+0800] {processor.py:830} INFO - Processing file /home/jithish/Documents/dag-dag-dag/.venv/lib/python3.10/site-packages/airflow/example_dags/example_sensors.py for tasks to queue
[2024-05-15T03:56:35.288+0800] {logging_mixin.py:188} INFO - [2024-05-15T03:56:35.287+0800] {dagbag.py:545} INFO - Filling up the DagBag from /home/jithish/Documents/dag-dag-dag/.venv/lib/python3.10/site-packages/airflow/example_dags/example_sensors.py
[2024-05-15T03:56:35.303+0800] {processor.py:840} INFO - DAG(s) 'example_sensors' retrieved from /home/jithish/Documents/dag-dag-dag/.venv/lib/python3.10/site-packages/airflow/example_dags/example_sensors.py
[2024-05-15T03:56:35.325+0800] {logging_mixin.py:188} INFO - [2024-05-15T03:56:35.325+0800] {dag.py:3096} INFO - Sync 1 DAGs
[2024-05-15T03:56:35.334+0800] {logging_mixin.py:188} INFO - [2024-05-15T03:56:35.334+0800] {dag.py:3954} INFO - Setting next_dagrun for example_sensors to None, run_after=None
[2024-05-15T03:56:35.350+0800] {processor.py:183} INFO - Processing /home/jithish/Documents/dag-dag-dag/.venv/lib/python3.10/site-packages/airflow/example_dags/example_sensors.py took 0.078 seconds
[2024-05-15T03:57:25.822+0800] {processor.py:161} INFO - Started process (PID=106386) to work on /home/jithish/Documents/dag-dag-dag/.venv/lib/python3.10/site-packages/airflow/example_dags/example_sensors.py
[2024-05-15T03:57:25.883+0800] {processor.py:830} INFO - Processing file /home/jithish/Documents/dag-dag-dag/.venv/lib/python3.10/site-packages/airflow/example_dags/example_sensors.py for tasks to queue
[2024-05-15T03:57:25.884+0800] {logging_mixin.py:188} INFO - [2024-05-15T03:57:25.884+0800] {dagbag.py:545} INFO - Filling up the DagBag from /home/jithish/Documents/dag-dag-dag/.venv/lib/python3.10/site-packages/airflow/example_dags/example_sensors.py
[2024-05-15T03:57:25.892+0800] {processor.py:840} INFO - DAG(s) 'example_sensors' retrieved from /home/jithish/Documents/dag-dag-dag/.venv/lib/python3.10/site-packages/airflow/example_dags/example_sensors.py
[2024-05-15T03:57:25.907+0800] {logging_mixin.py:188} INFO - [2024-05-15T03:57:25.907+0800] {dag.py:3096} INFO - Sync 1 DAGs
[2024-05-15T03:57:25.915+0800] {logging_mixin.py:188} INFO - [2024-05-15T03:57:25.915+0800] {dag.py:3954} INFO - Setting next_dagrun for example_sensors to None, run_after=None
[2024-05-15T03:57:25.938+0800] {processor.py:183} INFO - Processing /home/jithish/Documents/dag-dag-dag/.venv/lib/python3.10/site-packages/airflow/example_dags/example_sensors.py took 0.121 seconds
[2024-05-15T03:58:09.919+0800] {processor.py:161} INFO - Started process (PID=106752) to work on /home/jithish/Documents/dag-dag-dag/.venv/lib/python3.10/site-packages/airflow/example_dags/example_sensors.py
[2024-05-15T03:58:09.979+0800] {processor.py:830} INFO - Processing file /home/jithish/Documents/dag-dag-dag/.venv/lib/python3.10/site-packages/airflow/example_dags/example_sensors.py for tasks to queue
[2024-05-15T03:58:09.981+0800] {logging_mixin.py:188} INFO - [2024-05-15T03:58:09.981+0800] {dagbag.py:545} INFO - Filling up the DagBag from /home/jithish/Documents/dag-dag-dag/.venv/lib/python3.10/site-packages/airflow/example_dags/example_sensors.py
[2024-05-15T03:58:09.988+0800] {processor.py:840} INFO - DAG(s) 'example_sensors' retrieved from /home/jithish/Documents/dag-dag-dag/.venv/lib/python3.10/site-packages/airflow/example_dags/example_sensors.py
[2024-05-15T03:58:10.005+0800] {logging_mixin.py:188} INFO - [2024-05-15T03:58:10.005+0800] {dag.py:3096} INFO - Sync 1 DAGs
[2024-05-15T03:58:10.014+0800] {logging_mixin.py:188} INFO - [2024-05-15T03:58:10.013+0800] {dag.py:3954} INFO - Setting next_dagrun for example_sensors to None, run_after=None
[2024-05-15T03:58:10.034+0800] {processor.py:183} INFO - Processing /home/jithish/Documents/dag-dag-dag/.venv/lib/python3.10/site-packages/airflow/example_dags/example_sensors.py took 0.120 seconds
[2024-05-15T03:58:58.307+0800] {processor.py:161} INFO - Started process (PID=107297) to work on /home/jithish/Documents/dag-dag-dag/.venv/lib/python3.10/site-packages/airflow/example_dags/example_sensors.py
[2024-05-15T03:58:58.368+0800] {processor.py:830} INFO - Processing file /home/jithish/Documents/dag-dag-dag/.venv/lib/python3.10/site-packages/airflow/example_dags/example_sensors.py for tasks to queue
[2024-05-15T03:58:58.370+0800] {logging_mixin.py:188} INFO - [2024-05-15T03:58:58.370+0800] {dagbag.py:545} INFO - Filling up the DagBag from /home/jithish/Documents/dag-dag-dag/.venv/lib/python3.10/site-packages/airflow/example_dags/example_sensors.py
[2024-05-15T03:58:58.377+0800] {processor.py:840} INFO - DAG(s) 'example_sensors' retrieved from /home/jithish/Documents/dag-dag-dag/.venv/lib/python3.10/site-packages/airflow/example_dags/example_sensors.py
[2024-05-15T03:58:58.394+0800] {logging_mixin.py:188} INFO - [2024-05-15T03:58:58.394+0800] {dag.py:3096} INFO - Sync 1 DAGs
[2024-05-15T03:58:58.403+0800] {logging_mixin.py:188} INFO - [2024-05-15T03:58:58.402+0800] {dag.py:3954} INFO - Setting next_dagrun for example_sensors to None, run_after=None
[2024-05-15T03:58:58.425+0800] {processor.py:183} INFO - Processing /home/jithish/Documents/dag-dag-dag/.venv/lib/python3.10/site-packages/airflow/example_dags/example_sensors.py took 0.128 seconds
[2024-05-15T03:59:48.722+0800] {processor.py:161} INFO - Started process (PID=107748) to work on /home/jithish/Documents/dag-dag-dag/.venv/lib/python3.10/site-packages/airflow/example_dags/example_sensors.py
[2024-05-15T03:59:48.782+0800] {processor.py:830} INFO - Processing file /home/jithish/Documents/dag-dag-dag/.venv/lib/python3.10/site-packages/airflow/example_dags/example_sensors.py for tasks to queue
[2024-05-15T03:59:48.784+0800] {logging_mixin.py:188} INFO - [2024-05-15T03:59:48.783+0800] {dagbag.py:545} INFO - Filling up the DagBag from /home/jithish/Documents/dag-dag-dag/.venv/lib/python3.10/site-packages/airflow/example_dags/example_sensors.py
[2024-05-15T03:59:48.790+0800] {processor.py:840} INFO - DAG(s) 'example_sensors' retrieved from /home/jithish/Documents/dag-dag-dag/.venv/lib/python3.10/site-packages/airflow/example_dags/example_sensors.py
[2024-05-15T03:59:48.806+0800] {logging_mixin.py:188} INFO - [2024-05-15T03:59:48.806+0800] {dag.py:3096} INFO - Sync 1 DAGs
[2024-05-15T03:59:48.814+0800] {logging_mixin.py:188} INFO - [2024-05-15T03:59:48.814+0800] {dag.py:3954} INFO - Setting next_dagrun for example_sensors to None, run_after=None
[2024-05-15T03:59:48.833+0800] {processor.py:183} INFO - Processing /home/jithish/Documents/dag-dag-dag/.venv/lib/python3.10/site-packages/airflow/example_dags/example_sensors.py took 0.116 seconds
[2024-05-15T04:00:35.346+0800] {processor.py:161} INFO - Started process (PID=108152) to work on /home/jithish/Documents/dag-dag-dag/.venv/lib/python3.10/site-packages/airflow/example_dags/example_sensors.py
[2024-05-15T04:00:35.408+0800] {processor.py:830} INFO - Processing file /home/jithish/Documents/dag-dag-dag/.venv/lib/python3.10/site-packages/airflow/example_dags/example_sensors.py for tasks to queue
[2024-05-15T04:00:35.412+0800] {logging_mixin.py:188} INFO - [2024-05-15T04:00:35.411+0800] {dagbag.py:545} INFO - Filling up the DagBag from /home/jithish/Documents/dag-dag-dag/.venv/lib/python3.10/site-packages/airflow/example_dags/example_sensors.py
[2024-05-15T04:00:35.438+0800] {processor.py:840} INFO - DAG(s) 'example_sensors' retrieved from /home/jithish/Documents/dag-dag-dag/.venv/lib/python3.10/site-packages/airflow/example_dags/example_sensors.py
[2024-05-15T04:00:35.462+0800] {logging_mixin.py:188} INFO - [2024-05-15T04:00:35.462+0800] {dag.py:3096} INFO - Sync 1 DAGs
[2024-05-15T04:00:35.473+0800] {logging_mixin.py:188} INFO - [2024-05-15T04:00:35.472+0800] {dag.py:3954} INFO - Setting next_dagrun for example_sensors to None, run_after=None
[2024-05-15T04:00:35.495+0800] {processor.py:183} INFO - Processing /home/jithish/Documents/dag-dag-dag/.venv/lib/python3.10/site-packages/airflow/example_dags/example_sensors.py took 0.158 seconds
[2024-05-15T04:01:24.573+0800] {processor.py:161} INFO - Started process (PID=108571) to work on /home/jithish/Documents/dag-dag-dag/.venv/lib/python3.10/site-packages/airflow/example_dags/example_sensors.py
[2024-05-15T04:01:24.635+0800] {processor.py:830} INFO - Processing file /home/jithish/Documents/dag-dag-dag/.venv/lib/python3.10/site-packages/airflow/example_dags/example_sensors.py for tasks to queue
[2024-05-15T04:01:24.636+0800] {logging_mixin.py:188} INFO - [2024-05-15T04:01:24.636+0800] {dagbag.py:545} INFO - Filling up the DagBag from /home/jithish/Documents/dag-dag-dag/.venv/lib/python3.10/site-packages/airflow/example_dags/example_sensors.py
[2024-05-15T04:01:24.642+0800] {processor.py:840} INFO - DAG(s) 'example_sensors' retrieved from /home/jithish/Documents/dag-dag-dag/.venv/lib/python3.10/site-packages/airflow/example_dags/example_sensors.py
[2024-05-15T04:01:24.657+0800] {logging_mixin.py:188} INFO - [2024-05-15T04:01:24.657+0800] {dag.py:3096} INFO - Sync 1 DAGs
[2024-05-15T04:01:24.665+0800] {logging_mixin.py:188} INFO - [2024-05-15T04:01:24.665+0800] {dag.py:3954} INFO - Setting next_dagrun for example_sensors to None, run_after=None
[2024-05-15T04:01:24.688+0800] {processor.py:183} INFO - Processing /home/jithish/Documents/dag-dag-dag/.venv/lib/python3.10/site-packages/airflow/example_dags/example_sensors.py took 0.133 seconds
[2024-05-15T04:02:13.107+0800] {processor.py:161} INFO - Started process (PID=108981) to work on /home/jithish/Documents/dag-dag-dag/.venv/lib/python3.10/site-packages/airflow/example_dags/example_sensors.py
[2024-05-15T04:02:13.169+0800] {processor.py:830} INFO - Processing file /home/jithish/Documents/dag-dag-dag/.venv/lib/python3.10/site-packages/airflow/example_dags/example_sensors.py for tasks to queue
[2024-05-15T04:02:13.176+0800] {logging_mixin.py:188} INFO - [2024-05-15T04:02:13.174+0800] {dagbag.py:545} INFO - Filling up the DagBag from /home/jithish/Documents/dag-dag-dag/.venv/lib/python3.10/site-packages/airflow/example_dags/example_sensors.py
[2024-05-15T04:02:13.200+0800] {processor.py:840} INFO - DAG(s) 'example_sensors' retrieved from /home/jithish/Documents/dag-dag-dag/.venv/lib/python3.10/site-packages/airflow/example_dags/example_sensors.py
[2024-05-15T04:02:13.223+0800] {logging_mixin.py:188} INFO - [2024-05-15T04:02:13.223+0800] {dag.py:3096} INFO - Sync 1 DAGs
[2024-05-15T04:02:13.232+0800] {logging_mixin.py:188} INFO - [2024-05-15T04:02:13.231+0800] {dag.py:3954} INFO - Setting next_dagrun for example_sensors to None, run_after=None
[2024-05-15T04:02:13.258+0800] {processor.py:183} INFO - Processing /home/jithish/Documents/dag-dag-dag/.venv/lib/python3.10/site-packages/airflow/example_dags/example_sensors.py took 0.163 seconds
[2024-05-15T04:03:04.792+0800] {processor.py:161} INFO - Started process (PID=109540) to work on /home/jithish/Documents/dag-dag-dag/.venv/lib/python3.10/site-packages/airflow/example_dags/example_sensors.py
[2024-05-15T04:03:04.793+0800] {processor.py:830} INFO - Processing file /home/jithish/Documents/dag-dag-dag/.venv/lib/python3.10/site-packages/airflow/example_dags/example_sensors.py for tasks to queue
[2024-05-15T04:03:04.794+0800] {logging_mixin.py:188} INFO - [2024-05-15T04:03:04.794+0800] {dagbag.py:545} INFO - Filling up the DagBag from /home/jithish/Documents/dag-dag-dag/.venv/lib/python3.10/site-packages/airflow/example_dags/example_sensors.py
[2024-05-15T04:03:04.802+0800] {processor.py:840} INFO - DAG(s) 'example_sensors' retrieved from /home/jithish/Documents/dag-dag-dag/.venv/lib/python3.10/site-packages/airflow/example_dags/example_sensors.py
[2024-05-15T04:03:04.817+0800] {logging_mixin.py:188} INFO - [2024-05-15T04:03:04.817+0800] {dag.py:3096} INFO - Sync 1 DAGs
[2024-05-15T04:03:04.825+0800] {logging_mixin.py:188} INFO - [2024-05-15T04:03:04.825+0800] {dag.py:3954} INFO - Setting next_dagrun for example_sensors to None, run_after=None
[2024-05-15T04:03:04.842+0800] {processor.py:183} INFO - Processing /home/jithish/Documents/dag-dag-dag/.venv/lib/python3.10/site-packages/airflow/example_dags/example_sensors.py took 0.057 seconds
[2024-05-15T04:04:14.700+0800] {processor.py:161} INFO - Started process (PID=110734) to work on /home/jithish/Documents/dag-dag-dag/.venv/lib/python3.10/site-packages/airflow/example_dags/example_sensors.py
[2024-05-15T04:04:14.763+0800] {processor.py:830} INFO - Processing file /home/jithish/Documents/dag-dag-dag/.venv/lib/python3.10/site-packages/airflow/example_dags/example_sensors.py for tasks to queue
[2024-05-15T04:04:14.769+0800] {logging_mixin.py:188} INFO - [2024-05-15T04:04:14.767+0800] {dagbag.py:545} INFO - Filling up the DagBag from /home/jithish/Documents/dag-dag-dag/.venv/lib/python3.10/site-packages/airflow/example_dags/example_sensors.py
[2024-05-15T04:04:14.797+0800] {processor.py:840} INFO - DAG(s) 'example_sensors' retrieved from /home/jithish/Documents/dag-dag-dag/.venv/lib/python3.10/site-packages/airflow/example_dags/example_sensors.py
[2024-05-15T04:04:14.825+0800] {logging_mixin.py:188} INFO - [2024-05-15T04:04:14.825+0800] {dag.py:3096} INFO - Sync 1 DAGs
[2024-05-15T04:04:14.836+0800] {logging_mixin.py:188} INFO - [2024-05-15T04:04:14.835+0800] {dag.py:3954} INFO - Setting next_dagrun for example_sensors to None, run_after=None
[2024-05-15T04:04:14.863+0800] {processor.py:183} INFO - Processing /home/jithish/Documents/dag-dag-dag/.venv/lib/python3.10/site-packages/airflow/example_dags/example_sensors.py took 0.174 seconds
[2024-05-15T04:05:12.953+0800] {processor.py:161} INFO - Started process (PID=111619) to work on /home/jithish/Documents/dag-dag-dag/.venv/lib/python3.10/site-packages/airflow/example_dags/example_sensors.py
[2024-05-15T04:05:13.016+0800] {processor.py:830} INFO - Processing file /home/jithish/Documents/dag-dag-dag/.venv/lib/python3.10/site-packages/airflow/example_dags/example_sensors.py for tasks to queue
[2024-05-15T04:05:13.018+0800] {logging_mixin.py:188} INFO - [2024-05-15T04:05:13.018+0800] {dagbag.py:545} INFO - Filling up the DagBag from /home/jithish/Documents/dag-dag-dag/.venv/lib/python3.10/site-packages/airflow/example_dags/example_sensors.py
[2024-05-15T04:05:13.024+0800] {processor.py:840} INFO - DAG(s) 'example_sensors' retrieved from /home/jithish/Documents/dag-dag-dag/.venv/lib/python3.10/site-packages/airflow/example_dags/example_sensors.py
[2024-05-15T04:05:13.044+0800] {logging_mixin.py:188} INFO - [2024-05-15T04:05:13.044+0800] {dag.py:3096} INFO - Sync 1 DAGs
[2024-05-15T04:05:13.053+0800] {logging_mixin.py:188} INFO - [2024-05-15T04:05:13.053+0800] {dag.py:3954} INFO - Setting next_dagrun for example_sensors to None, run_after=None
[2024-05-15T04:05:13.074+0800] {processor.py:183} INFO - Processing /home/jithish/Documents/dag-dag-dag/.venv/lib/python3.10/site-packages/airflow/example_dags/example_sensors.py took 0.131 seconds
[2024-05-15T04:06:06.746+0800] {processor.py:161} INFO - Started process (PID=112331) to work on /home/jithish/Documents/dag-dag-dag/.venv/lib/python3.10/site-packages/airflow/example_dags/example_sensors.py
[2024-05-15T04:06:06.808+0800] {processor.py:830} INFO - Processing file /home/jithish/Documents/dag-dag-dag/.venv/lib/python3.10/site-packages/airflow/example_dags/example_sensors.py for tasks to queue
[2024-05-15T04:06:06.810+0800] {logging_mixin.py:188} INFO - [2024-05-15T04:06:06.810+0800] {dagbag.py:545} INFO - Filling up the DagBag from /home/jithish/Documents/dag-dag-dag/.venv/lib/python3.10/site-packages/airflow/example_dags/example_sensors.py
[2024-05-15T04:06:06.821+0800] {processor.py:840} INFO - DAG(s) 'example_sensors' retrieved from /home/jithish/Documents/dag-dag-dag/.venv/lib/python3.10/site-packages/airflow/example_dags/example_sensors.py
[2024-05-15T04:06:06.840+0800] {logging_mixin.py:188} INFO - [2024-05-15T04:06:06.840+0800] {dag.py:3096} INFO - Sync 1 DAGs
[2024-05-15T04:06:06.848+0800] {logging_mixin.py:188} INFO - [2024-05-15T04:06:06.847+0800] {dag.py:3954} INFO - Setting next_dagrun for example_sensors to None, run_after=None
[2024-05-15T04:06:06.867+0800] {processor.py:183} INFO - Processing /home/jithish/Documents/dag-dag-dag/.venv/lib/python3.10/site-packages/airflow/example_dags/example_sensors.py took 0.133 seconds
[2024-05-15T04:07:04.160+0800] {processor.py:161} INFO - Started process (PID=113136) to work on /home/jithish/Documents/dag-dag-dag/.venv/lib/python3.10/site-packages/airflow/example_dags/example_sensors.py
[2024-05-15T04:07:04.164+0800] {processor.py:830} INFO - Processing file /home/jithish/Documents/dag-dag-dag/.venv/lib/python3.10/site-packages/airflow/example_dags/example_sensors.py for tasks to queue
[2024-05-15T04:07:04.167+0800] {logging_mixin.py:188} INFO - [2024-05-15T04:07:04.166+0800] {dagbag.py:545} INFO - Filling up the DagBag from /home/jithish/Documents/dag-dag-dag/.venv/lib/python3.10/site-packages/airflow/example_dags/example_sensors.py
[2024-05-15T04:07:04.175+0800] {processor.py:840} INFO - DAG(s) 'example_sensors' retrieved from /home/jithish/Documents/dag-dag-dag/.venv/lib/python3.10/site-packages/airflow/example_dags/example_sensors.py
[2024-05-15T04:07:04.192+0800] {logging_mixin.py:188} INFO - [2024-05-15T04:07:04.192+0800] {dag.py:3096} INFO - Sync 1 DAGs
[2024-05-15T04:07:04.202+0800] {logging_mixin.py:188} INFO - [2024-05-15T04:07:04.201+0800] {dag.py:3954} INFO - Setting next_dagrun for example_sensors to None, run_after=None
[2024-05-15T04:07:04.223+0800] {processor.py:183} INFO - Processing /home/jithish/Documents/dag-dag-dag/.venv/lib/python3.10/site-packages/airflow/example_dags/example_sensors.py took 0.072 seconds
[2024-05-15T04:07:58.497+0800] {processor.py:161} INFO - Started process (PID=113765) to work on /home/jithish/Documents/dag-dag-dag/.venv/lib/python3.10/site-packages/airflow/example_dags/example_sensors.py
[2024-05-15T04:07:58.498+0800] {processor.py:830} INFO - Processing file /home/jithish/Documents/dag-dag-dag/.venv/lib/python3.10/site-packages/airflow/example_dags/example_sensors.py for tasks to queue
[2024-05-15T04:07:58.499+0800] {logging_mixin.py:188} INFO - [2024-05-15T04:07:58.499+0800] {dagbag.py:545} INFO - Filling up the DagBag from /home/jithish/Documents/dag-dag-dag/.venv/lib/python3.10/site-packages/airflow/example_dags/example_sensors.py
[2024-05-15T04:07:58.505+0800] {processor.py:840} INFO - DAG(s) 'example_sensors' retrieved from /home/jithish/Documents/dag-dag-dag/.venv/lib/python3.10/site-packages/airflow/example_dags/example_sensors.py
[2024-05-15T04:07:58.520+0800] {logging_mixin.py:188} INFO - [2024-05-15T04:07:58.519+0800] {dag.py:3096} INFO - Sync 1 DAGs
[2024-05-15T04:07:58.527+0800] {logging_mixin.py:188} INFO - [2024-05-15T04:07:58.527+0800] {dag.py:3954} INFO - Setting next_dagrun for example_sensors to None, run_after=None
[2024-05-15T04:07:58.540+0800] {processor.py:183} INFO - Processing /home/jithish/Documents/dag-dag-dag/.venv/lib/python3.10/site-packages/airflow/example_dags/example_sensors.py took 0.047 seconds
[2024-05-15T04:08:57.385+0800] {processor.py:161} INFO - Started process (PID=114663) to work on /home/jithish/Documents/dag-dag-dag/.venv/lib/python3.10/site-packages/airflow/example_dags/example_sensors.py
[2024-05-15T04:08:57.446+0800] {processor.py:830} INFO - Processing file /home/jithish/Documents/dag-dag-dag/.venv/lib/python3.10/site-packages/airflow/example_dags/example_sensors.py for tasks to queue
[2024-05-15T04:08:57.451+0800] {logging_mixin.py:188} INFO - [2024-05-15T04:08:57.449+0800] {dagbag.py:545} INFO - Filling up the DagBag from /home/jithish/Documents/dag-dag-dag/.venv/lib/python3.10/site-packages/airflow/example_dags/example_sensors.py
[2024-05-15T04:08:57.479+0800] {processor.py:840} INFO - DAG(s) 'example_sensors' retrieved from /home/jithish/Documents/dag-dag-dag/.venv/lib/python3.10/site-packages/airflow/example_dags/example_sensors.py
[2024-05-15T04:08:57.506+0800] {logging_mixin.py:188} INFO - [2024-05-15T04:08:57.505+0800] {dag.py:3096} INFO - Sync 1 DAGs
[2024-05-15T04:08:57.514+0800] {logging_mixin.py:188} INFO - [2024-05-15T04:08:57.514+0800] {dag.py:3954} INFO - Setting next_dagrun for example_sensors to None, run_after=None
[2024-05-15T04:08:57.534+0800] {processor.py:183} INFO - Processing /home/jithish/Documents/dag-dag-dag/.venv/lib/python3.10/site-packages/airflow/example_dags/example_sensors.py took 0.155 seconds
[2024-05-15T04:09:54.679+0800] {processor.py:161} INFO - Started process (PID=115512) to work on /home/jithish/Documents/dag-dag-dag/.venv/lib/python3.10/site-packages/airflow/example_dags/example_sensors.py
[2024-05-15T04:09:54.680+0800] {processor.py:830} INFO - Processing file /home/jithish/Documents/dag-dag-dag/.venv/lib/python3.10/site-packages/airflow/example_dags/example_sensors.py for tasks to queue
[2024-05-15T04:09:54.683+0800] {logging_mixin.py:188} INFO - [2024-05-15T04:09:54.682+0800] {dagbag.py:545} INFO - Filling up the DagBag from /home/jithish/Documents/dag-dag-dag/.venv/lib/python3.10/site-packages/airflow/example_dags/example_sensors.py
[2024-05-15T04:09:54.690+0800] {processor.py:840} INFO - DAG(s) 'example_sensors' retrieved from /home/jithish/Documents/dag-dag-dag/.venv/lib/python3.10/site-packages/airflow/example_dags/example_sensors.py
[2024-05-15T04:09:54.707+0800] {logging_mixin.py:188} INFO - [2024-05-15T04:09:54.707+0800] {dag.py:3096} INFO - Sync 1 DAGs
[2024-05-15T04:09:54.718+0800] {logging_mixin.py:188} INFO - [2024-05-15T04:09:54.718+0800] {dag.py:3954} INFO - Setting next_dagrun for example_sensors to None, run_after=None
[2024-05-15T04:09:54.737+0800] {processor.py:183} INFO - Processing /home/jithish/Documents/dag-dag-dag/.venv/lib/python3.10/site-packages/airflow/example_dags/example_sensors.py took 0.064 seconds
[2024-05-15T04:10:47.481+0800] {processor.py:161} INFO - Started process (PID=116282) to work on /home/jithish/Documents/dag-dag-dag/.venv/lib/python3.10/site-packages/airflow/example_dags/example_sensors.py
[2024-05-15T04:10:47.543+0800] {processor.py:830} INFO - Processing file /home/jithish/Documents/dag-dag-dag/.venv/lib/python3.10/site-packages/airflow/example_dags/example_sensors.py for tasks to queue
[2024-05-15T04:10:47.547+0800] {logging_mixin.py:188} INFO - [2024-05-15T04:10:47.546+0800] {dagbag.py:545} INFO - Filling up the DagBag from /home/jithish/Documents/dag-dag-dag/.venv/lib/python3.10/site-packages/airflow/example_dags/example_sensors.py
[2024-05-15T04:10:47.564+0800] {processor.py:840} INFO - DAG(s) 'example_sensors' retrieved from /home/jithish/Documents/dag-dag-dag/.venv/lib/python3.10/site-packages/airflow/example_dags/example_sensors.py
[2024-05-15T04:10:47.586+0800] {logging_mixin.py:188} INFO - [2024-05-15T04:10:47.586+0800] {dag.py:3096} INFO - Sync 1 DAGs
[2024-05-15T04:10:47.595+0800] {logging_mixin.py:188} INFO - [2024-05-15T04:10:47.595+0800] {dag.py:3954} INFO - Setting next_dagrun for example_sensors to None, run_after=None
[2024-05-15T04:10:47.617+0800] {processor.py:183} INFO - Processing /home/jithish/Documents/dag-dag-dag/.venv/lib/python3.10/site-packages/airflow/example_dags/example_sensors.py took 0.142 seconds
[2024-05-15T04:11:42.000+0800] {processor.py:161} INFO - Started process (PID=117052) to work on /home/jithish/Documents/dag-dag-dag/.venv/lib/python3.10/site-packages/airflow/example_dags/example_sensors.py
[2024-05-15T04:11:42.062+0800] {processor.py:830} INFO - Processing file /home/jithish/Documents/dag-dag-dag/.venv/lib/python3.10/site-packages/airflow/example_dags/example_sensors.py for tasks to queue
[2024-05-15T04:11:42.063+0800] {logging_mixin.py:188} INFO - [2024-05-15T04:11:42.063+0800] {dagbag.py:545} INFO - Filling up the DagBag from /home/jithish/Documents/dag-dag-dag/.venv/lib/python3.10/site-packages/airflow/example_dags/example_sensors.py
[2024-05-15T04:11:42.071+0800] {processor.py:840} INFO - DAG(s) 'example_sensors' retrieved from /home/jithish/Documents/dag-dag-dag/.venv/lib/python3.10/site-packages/airflow/example_dags/example_sensors.py
[2024-05-15T04:11:42.089+0800] {logging_mixin.py:188} INFO - [2024-05-15T04:11:42.089+0800] {dag.py:3096} INFO - Sync 1 DAGs
[2024-05-15T04:11:42.097+0800] {logging_mixin.py:188} INFO - [2024-05-15T04:11:42.097+0800] {dag.py:3954} INFO - Setting next_dagrun for example_sensors to None, run_after=None
[2024-05-15T04:11:42.115+0800] {processor.py:183} INFO - Processing /home/jithish/Documents/dag-dag-dag/.venv/lib/python3.10/site-packages/airflow/example_dags/example_sensors.py took 0.122 seconds
[2024-05-15T04:12:44.671+0800] {processor.py:161} INFO - Started process (PID=117947) to work on /home/jithish/Documents/dag-dag-dag/.venv/lib/python3.10/site-packages/airflow/example_dags/example_sensors.py
[2024-05-15T04:12:44.733+0800] {processor.py:830} INFO - Processing file /home/jithish/Documents/dag-dag-dag/.venv/lib/python3.10/site-packages/airflow/example_dags/example_sensors.py for tasks to queue
[2024-05-15T04:12:44.739+0800] {logging_mixin.py:188} INFO - [2024-05-15T04:12:44.738+0800] {dagbag.py:545} INFO - Filling up the DagBag from /home/jithish/Documents/dag-dag-dag/.venv/lib/python3.10/site-packages/airflow/example_dags/example_sensors.py
[2024-05-15T04:12:44.756+0800] {processor.py:840} INFO - DAG(s) 'example_sensors' retrieved from /home/jithish/Documents/dag-dag-dag/.venv/lib/python3.10/site-packages/airflow/example_dags/example_sensors.py
[2024-05-15T04:12:44.776+0800] {logging_mixin.py:188} INFO - [2024-05-15T04:12:44.776+0800] {dag.py:3096} INFO - Sync 1 DAGs
[2024-05-15T04:12:44.785+0800] {logging_mixin.py:188} INFO - [2024-05-15T04:12:44.785+0800] {dag.py:3954} INFO - Setting next_dagrun for example_sensors to None, run_after=None
[2024-05-15T04:12:44.806+0800] {processor.py:183} INFO - Processing /home/jithish/Documents/dag-dag-dag/.venv/lib/python3.10/site-packages/airflow/example_dags/example_sensors.py took 0.144 seconds
[2024-05-15T04:13:40.577+0800] {processor.py:161} INFO - Started process (PID=118771) to work on /home/jithish/Documents/dag-dag-dag/.venv/lib/python3.10/site-packages/airflow/example_dags/example_sensors.py
[2024-05-15T04:13:40.578+0800] {processor.py:830} INFO - Processing file /home/jithish/Documents/dag-dag-dag/.venv/lib/python3.10/site-packages/airflow/example_dags/example_sensors.py for tasks to queue
[2024-05-15T04:13:40.579+0800] {logging_mixin.py:188} INFO - [2024-05-15T04:13:40.579+0800] {dagbag.py:545} INFO - Filling up the DagBag from /home/jithish/Documents/dag-dag-dag/.venv/lib/python3.10/site-packages/airflow/example_dags/example_sensors.py
[2024-05-15T04:13:40.588+0800] {processor.py:840} INFO - DAG(s) 'example_sensors' retrieved from /home/jithish/Documents/dag-dag-dag/.venv/lib/python3.10/site-packages/airflow/example_dags/example_sensors.py
[2024-05-15T04:13:40.605+0800] {logging_mixin.py:188} INFO - [2024-05-15T04:13:40.605+0800] {dag.py:3096} INFO - Sync 1 DAGs
[2024-05-15T04:13:40.614+0800] {logging_mixin.py:188} INFO - [2024-05-15T04:13:40.614+0800] {dag.py:3954} INFO - Setting next_dagrun for example_sensors to None, run_after=None
[2024-05-15T04:13:40.632+0800] {processor.py:183} INFO - Processing /home/jithish/Documents/dag-dag-dag/.venv/lib/python3.10/site-packages/airflow/example_dags/example_sensors.py took 0.063 seconds
[2024-05-15T04:14:37.194+0800] {processor.py:161} INFO - Started process (PID=119528) to work on /home/jithish/Documents/dag-dag-dag/.venv/lib/python3.10/site-packages/airflow/example_dags/example_sensors.py
[2024-05-15T04:14:37.257+0800] {processor.py:830} INFO - Processing file /home/jithish/Documents/dag-dag-dag/.venv/lib/python3.10/site-packages/airflow/example_dags/example_sensors.py for tasks to queue
[2024-05-15T04:14:37.260+0800] {logging_mixin.py:188} INFO - [2024-05-15T04:14:37.259+0800] {dagbag.py:545} INFO - Filling up the DagBag from /home/jithish/Documents/dag-dag-dag/.venv/lib/python3.10/site-packages/airflow/example_dags/example_sensors.py
[2024-05-15T04:14:37.275+0800] {processor.py:840} INFO - DAG(s) 'example_sensors' retrieved from /home/jithish/Documents/dag-dag-dag/.venv/lib/python3.10/site-packages/airflow/example_dags/example_sensors.py
[2024-05-15T04:14:37.303+0800] {logging_mixin.py:188} INFO - [2024-05-15T04:14:37.303+0800] {dag.py:3096} INFO - Sync 1 DAGs
[2024-05-15T04:14:37.312+0800] {logging_mixin.py:188} INFO - [2024-05-15T04:14:37.312+0800] {dag.py:3954} INFO - Setting next_dagrun for example_sensors to None, run_after=None
[2024-05-15T04:14:37.327+0800] {processor.py:183} INFO - Processing /home/jithish/Documents/dag-dag-dag/.venv/lib/python3.10/site-packages/airflow/example_dags/example_sensors.py took 0.140 seconds
[2024-05-15T04:15:31.599+0800] {processor.py:161} INFO - Started process (PID=120081) to work on /home/jithish/Documents/dag-dag-dag/.venv/lib/python3.10/site-packages/airflow/example_dags/example_sensors.py
[2024-05-15T04:15:31.660+0800] {processor.py:830} INFO - Processing file /home/jithish/Documents/dag-dag-dag/.venv/lib/python3.10/site-packages/airflow/example_dags/example_sensors.py for tasks to queue
[2024-05-15T04:15:31.662+0800] {logging_mixin.py:188} INFO - [2024-05-15T04:15:31.661+0800] {dagbag.py:545} INFO - Filling up the DagBag from /home/jithish/Documents/dag-dag-dag/.venv/lib/python3.10/site-packages/airflow/example_dags/example_sensors.py
[2024-05-15T04:15:31.670+0800] {processor.py:840} INFO - DAG(s) 'example_sensors' retrieved from /home/jithish/Documents/dag-dag-dag/.venv/lib/python3.10/site-packages/airflow/example_dags/example_sensors.py
[2024-05-15T04:15:31.687+0800] {logging_mixin.py:188} INFO - [2024-05-15T04:15:31.686+0800] {dag.py:3096} INFO - Sync 1 DAGs
[2024-05-15T04:15:31.694+0800] {logging_mixin.py:188} INFO - [2024-05-15T04:15:31.694+0800] {dag.py:3954} INFO - Setting next_dagrun for example_sensors to None, run_after=None
[2024-05-15T04:15:31.729+0800] {processor.py:183} INFO - Processing /home/jithish/Documents/dag-dag-dag/.venv/lib/python3.10/site-packages/airflow/example_dags/example_sensors.py took 0.134 seconds
