[2024-05-15T02:59:25.409+0800] {processor.py:161} INFO - Started process (PID=65617) to work on /home/jithish/Documents/dag-dag-dag/.venv/lib/python3.10/site-packages/airflow/example_dags/example_python_operator.py
[2024-05-15T02:59:25.410+0800] {processor.py:830} INFO - Processing file /home/jithish/Documents/dag-dag-dag/.venv/lib/python3.10/site-packages/airflow/example_dags/example_python_operator.py for tasks to queue
[2024-05-15T02:59:25.413+0800] {logging_mixin.py:188} INFO - [2024-05-15T02:59:25.413+0800] {dagbag.py:545} INFO - Filling up the DagBag from /home/jithish/Documents/dag-dag-dag/.venv/lib/python3.10/site-packages/airflow/example_dags/example_python_operator.py
[2024-05-15T02:59:25.431+0800] {processor.py:840} INFO - DAG(s) 'example_python_operator' retrieved from /home/jithish/Documents/dag-dag-dag/.venv/lib/python3.10/site-packages/airflow/example_dags/example_python_operator.py
[2024-05-15T02:59:25.506+0800] {logging_mixin.py:188} INFO - [2024-05-15T02:59:25.506+0800] {dag.py:3096} INFO - Sync 1 DAGs
[2024-05-15T02:59:25.589+0800] {logging_mixin.py:188} INFO - [2024-05-15T02:59:25.589+0800] {dag.py:3954} INFO - Setting next_dagrun for example_python_operator to None, run_after=None
[2024-05-15T02:59:25.676+0800] {processor.py:183} INFO - Processing /home/jithish/Documents/dag-dag-dag/.venv/lib/python3.10/site-packages/airflow/example_dags/example_python_operator.py took 0.276 seconds
[2024-05-15T03:14:46.941+0800] {processor.py:161} INFO - Started process (PID=75143) to work on /home/jithish/Documents/dag-dag-dag/.venv/lib/python3.10/site-packages/airflow/example_dags/example_python_operator.py
[2024-05-15T03:14:46.942+0800] {processor.py:830} INFO - Processing file /home/jithish/Documents/dag-dag-dag/.venv/lib/python3.10/site-packages/airflow/example_dags/example_python_operator.py for tasks to queue
[2024-05-15T03:14:46.944+0800] {logging_mixin.py:188} INFO - [2024-05-15T03:14:46.944+0800] {dagbag.py:545} INFO - Filling up the DagBag from /home/jithish/Documents/dag-dag-dag/.venv/lib/python3.10/site-packages/airflow/example_dags/example_python_operator.py
[2024-05-15T03:14:46.959+0800] {processor.py:840} INFO - DAG(s) 'example_python_operator' retrieved from /home/jithish/Documents/dag-dag-dag/.venv/lib/python3.10/site-packages/airflow/example_dags/example_python_operator.py
[2024-05-15T03:14:47.051+0800] {logging_mixin.py:188} INFO - [2024-05-15T03:14:47.051+0800] {dag.py:3096} INFO - Sync 1 DAGs
[2024-05-15T03:14:47.135+0800] {logging_mixin.py:188} INFO - [2024-05-15T03:14:47.135+0800] {dag.py:3954} INFO - Setting next_dagrun for example_python_operator to None, run_after=None
[2024-05-15T03:14:47.234+0800] {processor.py:183} INFO - Processing /home/jithish/Documents/dag-dag-dag/.venv/lib/python3.10/site-packages/airflow/example_dags/example_python_operator.py took 0.303 seconds
[2024-05-15T03:15:51.240+0800] {processor.py:161} INFO - Started process (PID=75959) to work on /home/jithish/Documents/dag-dag-dag/.venv/lib/python3.10/site-packages/airflow/example_dags/example_python_operator.py
[2024-05-15T03:15:51.241+0800] {processor.py:830} INFO - Processing file /home/jithish/Documents/dag-dag-dag/.venv/lib/python3.10/site-packages/airflow/example_dags/example_python_operator.py for tasks to queue
[2024-05-15T03:15:51.243+0800] {logging_mixin.py:188} INFO - [2024-05-15T03:15:51.242+0800] {dagbag.py:545} INFO - Filling up the DagBag from /home/jithish/Documents/dag-dag-dag/.venv/lib/python3.10/site-packages/airflow/example_dags/example_python_operator.py
[2024-05-15T03:15:51.250+0800] {processor.py:840} INFO - DAG(s) 'example_python_operator' retrieved from /home/jithish/Documents/dag-dag-dag/.venv/lib/python3.10/site-packages/airflow/example_dags/example_python_operator.py
[2024-05-15T03:15:51.265+0800] {logging_mixin.py:188} INFO - [2024-05-15T03:15:51.265+0800] {dag.py:3096} INFO - Sync 1 DAGs
[2024-05-15T03:15:51.274+0800] {logging_mixin.py:188} INFO - [2024-05-15T03:15:51.273+0800] {dag.py:3954} INFO - Setting next_dagrun for example_python_operator to None, run_after=None
[2024-05-15T03:15:51.371+0800] {processor.py:183} INFO - Processing /home/jithish/Documents/dag-dag-dag/.venv/lib/python3.10/site-packages/airflow/example_dags/example_python_operator.py took 0.136 seconds
[2024-05-15T03:16:53.550+0800] {processor.py:161} INFO - Started process (PID=76801) to work on /home/jithish/Documents/dag-dag-dag/.venv/lib/python3.10/site-packages/airflow/example_dags/example_python_operator.py
[2024-05-15T03:16:53.610+0800] {processor.py:830} INFO - Processing file /home/jithish/Documents/dag-dag-dag/.venv/lib/python3.10/site-packages/airflow/example_dags/example_python_operator.py for tasks to queue
[2024-05-15T03:16:53.612+0800] {logging_mixin.py:188} INFO - [2024-05-15T03:16:53.612+0800] {dagbag.py:545} INFO - Filling up the DagBag from /home/jithish/Documents/dag-dag-dag/.venv/lib/python3.10/site-packages/airflow/example_dags/example_python_operator.py
[2024-05-15T03:16:53.623+0800] {processor.py:840} INFO - DAG(s) 'example_python_operator' retrieved from /home/jithish/Documents/dag-dag-dag/.venv/lib/python3.10/site-packages/airflow/example_dags/example_python_operator.py
[2024-05-15T03:16:53.640+0800] {logging_mixin.py:188} INFO - [2024-05-15T03:16:53.640+0800] {dag.py:3096} INFO - Sync 1 DAGs
[2024-05-15T03:16:53.650+0800] {logging_mixin.py:188} INFO - [2024-05-15T03:16:53.650+0800] {dag.py:3954} INFO - Setting next_dagrun for example_python_operator to None, run_after=None
[2024-05-15T03:16:53.668+0800] {processor.py:183} INFO - Processing /home/jithish/Documents/dag-dag-dag/.venv/lib/python3.10/site-packages/airflow/example_dags/example_python_operator.py took 0.125 seconds
[2024-05-15T03:17:57.067+0800] {processor.py:161} INFO - Started process (PID=77821) to work on /home/jithish/Documents/dag-dag-dag/.venv/lib/python3.10/site-packages/airflow/example_dags/example_python_operator.py
[2024-05-15T03:17:57.128+0800] {processor.py:830} INFO - Processing file /home/jithish/Documents/dag-dag-dag/.venv/lib/python3.10/site-packages/airflow/example_dags/example_python_operator.py for tasks to queue
[2024-05-15T03:17:57.132+0800] {logging_mixin.py:188} INFO - [2024-05-15T03:17:57.131+0800] {dagbag.py:545} INFO - Filling up the DagBag from /home/jithish/Documents/dag-dag-dag/.venv/lib/python3.10/site-packages/airflow/example_dags/example_python_operator.py
[2024-05-15T03:17:57.147+0800] {processor.py:840} INFO - DAG(s) 'example_python_operator' retrieved from /home/jithish/Documents/dag-dag-dag/.venv/lib/python3.10/site-packages/airflow/example_dags/example_python_operator.py
[2024-05-15T03:17:57.163+0800] {logging_mixin.py:188} INFO - [2024-05-15T03:17:57.163+0800] {dag.py:3096} INFO - Sync 1 DAGs
[2024-05-15T03:17:57.171+0800] {logging_mixin.py:188} INFO - [2024-05-15T03:17:57.170+0800] {dag.py:3954} INFO - Setting next_dagrun for example_python_operator to None, run_after=None
[2024-05-15T03:17:57.192+0800] {processor.py:183} INFO - Processing /home/jithish/Documents/dag-dag-dag/.venv/lib/python3.10/site-packages/airflow/example_dags/example_python_operator.py took 0.133 seconds
[2024-05-15T03:18:50.423+0800] {processor.py:161} INFO - Started process (PID=78547) to work on /home/jithish/Documents/dag-dag-dag/.venv/lib/python3.10/site-packages/airflow/example_dags/example_python_operator.py
[2024-05-15T03:18:50.424+0800] {processor.py:830} INFO - Processing file /home/jithish/Documents/dag-dag-dag/.venv/lib/python3.10/site-packages/airflow/example_dags/example_python_operator.py for tasks to queue
[2024-05-15T03:18:50.425+0800] {logging_mixin.py:188} INFO - [2024-05-15T03:18:50.425+0800] {dagbag.py:545} INFO - Filling up the DagBag from /home/jithish/Documents/dag-dag-dag/.venv/lib/python3.10/site-packages/airflow/example_dags/example_python_operator.py
[2024-05-15T03:18:50.440+0800] {processor.py:840} INFO - DAG(s) 'example_python_operator' retrieved from /home/jithish/Documents/dag-dag-dag/.venv/lib/python3.10/site-packages/airflow/example_dags/example_python_operator.py
[2024-05-15T03:18:50.457+0800] {logging_mixin.py:188} INFO - [2024-05-15T03:18:50.457+0800] {dag.py:3096} INFO - Sync 1 DAGs
[2024-05-15T03:18:50.465+0800] {logging_mixin.py:188} INFO - [2024-05-15T03:18:50.464+0800] {dag.py:3954} INFO - Setting next_dagrun for example_python_operator to None, run_after=None
[2024-05-15T03:18:50.485+0800] {processor.py:183} INFO - Processing /home/jithish/Documents/dag-dag-dag/.venv/lib/python3.10/site-packages/airflow/example_dags/example_python_operator.py took 0.076 seconds
[2024-05-15T03:19:48.079+0800] {processor.py:161} INFO - Started process (PID=79413) to work on /home/jithish/Documents/dag-dag-dag/.venv/lib/python3.10/site-packages/airflow/example_dags/example_python_operator.py
[2024-05-15T03:19:48.080+0800] {processor.py:830} INFO - Processing file /home/jithish/Documents/dag-dag-dag/.venv/lib/python3.10/site-packages/airflow/example_dags/example_python_operator.py for tasks to queue
[2024-05-15T03:19:48.081+0800] {logging_mixin.py:188} INFO - [2024-05-15T03:19:48.081+0800] {dagbag.py:545} INFO - Filling up the DagBag from /home/jithish/Documents/dag-dag-dag/.venv/lib/python3.10/site-packages/airflow/example_dags/example_python_operator.py
[2024-05-15T03:19:48.089+0800] {processor.py:840} INFO - DAG(s) 'example_python_operator' retrieved from /home/jithish/Documents/dag-dag-dag/.venv/lib/python3.10/site-packages/airflow/example_dags/example_python_operator.py
[2024-05-15T03:19:48.104+0800] {logging_mixin.py:188} INFO - [2024-05-15T03:19:48.104+0800] {dag.py:3096} INFO - Sync 1 DAGs
[2024-05-15T03:19:48.114+0800] {logging_mixin.py:188} INFO - [2024-05-15T03:19:48.114+0800] {dag.py:3954} INFO - Setting next_dagrun for example_python_operator to None, run_after=None
[2024-05-15T03:19:48.134+0800] {processor.py:183} INFO - Processing /home/jithish/Documents/dag-dag-dag/.venv/lib/python3.10/site-packages/airflow/example_dags/example_python_operator.py took 0.062 seconds
[2024-05-15T03:21:03.763+0800] {processor.py:161} INFO - Started process (PID=80453) to work on /home/jithish/Documents/dag-dag-dag/.venv/lib/python3.10/site-packages/airflow/example_dags/example_python_operator.py
[2024-05-15T03:21:03.765+0800] {processor.py:830} INFO - Processing file /home/jithish/Documents/dag-dag-dag/.venv/lib/python3.10/site-packages/airflow/example_dags/example_python_operator.py for tasks to queue
[2024-05-15T03:21:03.768+0800] {logging_mixin.py:188} INFO - [2024-05-15T03:21:03.767+0800] {dagbag.py:545} INFO - Filling up the DagBag from /home/jithish/Documents/dag-dag-dag/.venv/lib/python3.10/site-packages/airflow/example_dags/example_python_operator.py
[2024-05-15T03:21:03.777+0800] {processor.py:840} INFO - DAG(s) 'example_python_operator' retrieved from /home/jithish/Documents/dag-dag-dag/.venv/lib/python3.10/site-packages/airflow/example_dags/example_python_operator.py
[2024-05-15T03:21:03.793+0800] {logging_mixin.py:188} INFO - [2024-05-15T03:21:03.793+0800] {dag.py:3096} INFO - Sync 1 DAGs
[2024-05-15T03:21:03.802+0800] {logging_mixin.py:188} INFO - [2024-05-15T03:21:03.802+0800] {dag.py:3954} INFO - Setting next_dagrun for example_python_operator to None, run_after=None
[2024-05-15T03:21:03.821+0800] {processor.py:183} INFO - Processing /home/jithish/Documents/dag-dag-dag/.venv/lib/python3.10/site-packages/airflow/example_dags/example_python_operator.py took 0.064 seconds
[2024-05-15T03:22:21.631+0800] {processor.py:161} INFO - Started process (PID=81548) to work on /home/jithish/Documents/dag-dag-dag/.venv/lib/python3.10/site-packages/airflow/example_dags/example_python_operator.py
[2024-05-15T03:22:21.634+0800] {processor.py:830} INFO - Processing file /home/jithish/Documents/dag-dag-dag/.venv/lib/python3.10/site-packages/airflow/example_dags/example_python_operator.py for tasks to queue
[2024-05-15T03:22:21.635+0800] {logging_mixin.py:188} INFO - [2024-05-15T03:22:21.634+0800] {dagbag.py:545} INFO - Filling up the DagBag from /home/jithish/Documents/dag-dag-dag/.venv/lib/python3.10/site-packages/airflow/example_dags/example_python_operator.py
[2024-05-15T03:22:21.643+0800] {processor.py:840} INFO - DAG(s) 'example_python_operator' retrieved from /home/jithish/Documents/dag-dag-dag/.venv/lib/python3.10/site-packages/airflow/example_dags/example_python_operator.py
[2024-05-15T03:22:21.657+0800] {logging_mixin.py:188} INFO - [2024-05-15T03:22:21.656+0800] {dag.py:3096} INFO - Sync 1 DAGs
[2024-05-15T03:22:21.666+0800] {logging_mixin.py:188} INFO - [2024-05-15T03:22:21.666+0800] {dag.py:3954} INFO - Setting next_dagrun for example_python_operator to None, run_after=None
[2024-05-15T03:22:21.683+0800] {processor.py:183} INFO - Processing /home/jithish/Documents/dag-dag-dag/.venv/lib/python3.10/site-packages/airflow/example_dags/example_python_operator.py took 0.058 seconds
[2024-05-15T03:23:15.071+0800] {processor.py:161} INFO - Started process (PID=82212) to work on /home/jithish/Documents/dag-dag-dag/.venv/lib/python3.10/site-packages/airflow/example_dags/example_python_operator.py
[2024-05-15T03:23:15.132+0800] {processor.py:830} INFO - Processing file /home/jithish/Documents/dag-dag-dag/.venv/lib/python3.10/site-packages/airflow/example_dags/example_python_operator.py for tasks to queue
[2024-05-15T03:23:15.134+0800] {logging_mixin.py:188} INFO - [2024-05-15T03:23:15.133+0800] {dagbag.py:545} INFO - Filling up the DagBag from /home/jithish/Documents/dag-dag-dag/.venv/lib/python3.10/site-packages/airflow/example_dags/example_python_operator.py
[2024-05-15T03:23:15.144+0800] {processor.py:840} INFO - DAG(s) 'example_python_operator' retrieved from /home/jithish/Documents/dag-dag-dag/.venv/lib/python3.10/site-packages/airflow/example_dags/example_python_operator.py
[2024-05-15T03:23:15.162+0800] {logging_mixin.py:188} INFO - [2024-05-15T03:23:15.162+0800] {dag.py:3096} INFO - Sync 1 DAGs
[2024-05-15T03:23:15.172+0800] {logging_mixin.py:188} INFO - [2024-05-15T03:23:15.172+0800] {dag.py:3954} INFO - Setting next_dagrun for example_python_operator to None, run_after=None
[2024-05-15T03:23:15.191+0800] {processor.py:183} INFO - Processing /home/jithish/Documents/dag-dag-dag/.venv/lib/python3.10/site-packages/airflow/example_dags/example_python_operator.py took 0.128 seconds
[2024-05-15T03:24:08.389+0800] {processor.py:161} INFO - Started process (PID=82678) to work on /home/jithish/Documents/dag-dag-dag/.venv/lib/python3.10/site-packages/airflow/example_dags/example_python_operator.py
[2024-05-15T03:24:08.452+0800] {processor.py:830} INFO - Processing file /home/jithish/Documents/dag-dag-dag/.venv/lib/python3.10/site-packages/airflow/example_dags/example_python_operator.py for tasks to queue
[2024-05-15T03:24:08.456+0800] {logging_mixin.py:188} INFO - [2024-05-15T03:24:08.455+0800] {dagbag.py:545} INFO - Filling up the DagBag from /home/jithish/Documents/dag-dag-dag/.venv/lib/python3.10/site-packages/airflow/example_dags/example_python_operator.py
[2024-05-15T03:24:08.484+0800] {processor.py:840} INFO - DAG(s) 'example_python_operator' retrieved from /home/jithish/Documents/dag-dag-dag/.venv/lib/python3.10/site-packages/airflow/example_dags/example_python_operator.py
[2024-05-15T03:24:08.505+0800] {logging_mixin.py:188} INFO - [2024-05-15T03:24:08.504+0800] {dag.py:3096} INFO - Sync 1 DAGs
[2024-05-15T03:24:08.513+0800] {logging_mixin.py:188} INFO - [2024-05-15T03:24:08.513+0800] {dag.py:3954} INFO - Setting next_dagrun for example_python_operator to None, run_after=None
[2024-05-15T03:24:08.538+0800] {processor.py:183} INFO - Processing /home/jithish/Documents/dag-dag-dag/.venv/lib/python3.10/site-packages/airflow/example_dags/example_python_operator.py took 0.165 seconds
[2024-05-15T03:25:04.000+0800] {processor.py:161} INFO - Started process (PID=83158) to work on /home/jithish/Documents/dag-dag-dag/.venv/lib/python3.10/site-packages/airflow/example_dags/example_python_operator.py
[2024-05-15T03:25:04.063+0800] {processor.py:830} INFO - Processing file /home/jithish/Documents/dag-dag-dag/.venv/lib/python3.10/site-packages/airflow/example_dags/example_python_operator.py for tasks to queue
[2024-05-15T03:25:04.069+0800] {logging_mixin.py:188} INFO - [2024-05-15T03:25:04.067+0800] {dagbag.py:545} INFO - Filling up the DagBag from /home/jithish/Documents/dag-dag-dag/.venv/lib/python3.10/site-packages/airflow/example_dags/example_python_operator.py
[2024-05-15T03:25:04.091+0800] {processor.py:840} INFO - DAG(s) 'example_python_operator' retrieved from /home/jithish/Documents/dag-dag-dag/.venv/lib/python3.10/site-packages/airflow/example_dags/example_python_operator.py
[2024-05-15T03:25:04.108+0800] {logging_mixin.py:188} INFO - [2024-05-15T03:25:04.107+0800] {dag.py:3096} INFO - Sync 1 DAGs
[2024-05-15T03:25:04.115+0800] {logging_mixin.py:188} INFO - [2024-05-15T03:25:04.115+0800] {dag.py:3954} INFO - Setting next_dagrun for example_python_operator to None, run_after=None
[2024-05-15T03:25:04.139+0800] {processor.py:183} INFO - Processing /home/jithish/Documents/dag-dag-dag/.venv/lib/python3.10/site-packages/airflow/example_dags/example_python_operator.py took 0.143 seconds
[2024-05-15T03:25:57.467+0800] {processor.py:161} INFO - Started process (PID=83598) to work on /home/jithish/Documents/dag-dag-dag/.venv/lib/python3.10/site-packages/airflow/example_dags/example_python_operator.py
[2024-05-15T03:25:57.528+0800] {processor.py:830} INFO - Processing file /home/jithish/Documents/dag-dag-dag/.venv/lib/python3.10/site-packages/airflow/example_dags/example_python_operator.py for tasks to queue
[2024-05-15T03:25:57.531+0800] {logging_mixin.py:188} INFO - [2024-05-15T03:25:57.531+0800] {dagbag.py:545} INFO - Filling up the DagBag from /home/jithish/Documents/dag-dag-dag/.venv/lib/python3.10/site-packages/airflow/example_dags/example_python_operator.py
[2024-05-15T03:25:57.563+0800] {processor.py:840} INFO - DAG(s) 'example_python_operator' retrieved from /home/jithish/Documents/dag-dag-dag/.venv/lib/python3.10/site-packages/airflow/example_dags/example_python_operator.py
[2024-05-15T03:25:57.585+0800] {logging_mixin.py:188} INFO - [2024-05-15T03:25:57.585+0800] {dag.py:3096} INFO - Sync 1 DAGs
[2024-05-15T03:25:57.594+0800] {logging_mixin.py:188} INFO - [2024-05-15T03:25:57.594+0800] {dag.py:3954} INFO - Setting next_dagrun for example_python_operator to None, run_after=None
[2024-05-15T03:25:57.620+0800] {processor.py:183} INFO - Processing /home/jithish/Documents/dag-dag-dag/.venv/lib/python3.10/site-packages/airflow/example_dags/example_python_operator.py took 0.157 seconds
[2024-05-15T03:26:51.953+0800] {processor.py:161} INFO - Started process (PID=84274) to work on /home/jithish/Documents/dag-dag-dag/.venv/lib/python3.10/site-packages/airflow/example_dags/example_python_operator.py
[2024-05-15T03:26:51.970+0800] {processor.py:830} INFO - Processing file /home/jithish/Documents/dag-dag-dag/.venv/lib/python3.10/site-packages/airflow/example_dags/example_python_operator.py for tasks to queue
[2024-05-15T03:26:51.973+0800] {logging_mixin.py:188} INFO - [2024-05-15T03:26:51.972+0800] {dagbag.py:545} INFO - Filling up the DagBag from /home/jithish/Documents/dag-dag-dag/.venv/lib/python3.10/site-packages/airflow/example_dags/example_python_operator.py
[2024-05-15T03:26:51.989+0800] {processor.py:840} INFO - DAG(s) 'example_python_operator' retrieved from /home/jithish/Documents/dag-dag-dag/.venv/lib/python3.10/site-packages/airflow/example_dags/example_python_operator.py
[2024-05-15T03:26:52.012+0800] {logging_mixin.py:188} INFO - [2024-05-15T03:26:52.012+0800] {dag.py:3096} INFO - Sync 1 DAGs
[2024-05-15T03:26:52.028+0800] {logging_mixin.py:188} INFO - [2024-05-15T03:26:52.028+0800] {dag.py:3954} INFO - Setting next_dagrun for example_python_operator to None, run_after=None
[2024-05-15T03:26:52.056+0800] {processor.py:183} INFO - Processing /home/jithish/Documents/dag-dag-dag/.venv/lib/python3.10/site-packages/airflow/example_dags/example_python_operator.py took 0.124 seconds
[2024-05-15T03:27:46.249+0800] {processor.py:161} INFO - Started process (PID=84835) to work on /home/jithish/Documents/dag-dag-dag/.venv/lib/python3.10/site-packages/airflow/example_dags/example_python_operator.py
[2024-05-15T03:27:46.312+0800] {processor.py:830} INFO - Processing file /home/jithish/Documents/dag-dag-dag/.venv/lib/python3.10/site-packages/airflow/example_dags/example_python_operator.py for tasks to queue
[2024-05-15T03:27:46.314+0800] {logging_mixin.py:188} INFO - [2024-05-15T03:27:46.314+0800] {dagbag.py:545} INFO - Filling up the DagBag from /home/jithish/Documents/dag-dag-dag/.venv/lib/python3.10/site-packages/airflow/example_dags/example_python_operator.py
[2024-05-15T03:27:46.324+0800] {processor.py:840} INFO - DAG(s) 'example_python_operator' retrieved from /home/jithish/Documents/dag-dag-dag/.venv/lib/python3.10/site-packages/airflow/example_dags/example_python_operator.py
[2024-05-15T03:27:46.340+0800] {logging_mixin.py:188} INFO - [2024-05-15T03:27:46.340+0800] {dag.py:3096} INFO - Sync 1 DAGs
[2024-05-15T03:27:46.350+0800] {logging_mixin.py:188} INFO - [2024-05-15T03:27:46.349+0800] {dag.py:3954} INFO - Setting next_dagrun for example_python_operator to None, run_after=None
[2024-05-15T03:27:46.366+0800] {processor.py:183} INFO - Processing /home/jithish/Documents/dag-dag-dag/.venv/lib/python3.10/site-packages/airflow/example_dags/example_python_operator.py took 0.123 seconds
[2024-05-15T03:28:59.608+0800] {processor.py:161} INFO - Started process (PID=85489) to work on /home/jithish/Documents/dag-dag-dag/.venv/lib/python3.10/site-packages/airflow/example_dags/example_python_operator.py
[2024-05-15T03:28:59.670+0800] {processor.py:830} INFO - Processing file /home/jithish/Documents/dag-dag-dag/.venv/lib/python3.10/site-packages/airflow/example_dags/example_python_operator.py for tasks to queue
[2024-05-15T03:28:59.676+0800] {logging_mixin.py:188} INFO - [2024-05-15T03:28:59.675+0800] {dagbag.py:545} INFO - Filling up the DagBag from /home/jithish/Documents/dag-dag-dag/.venv/lib/python3.10/site-packages/airflow/example_dags/example_python_operator.py
[2024-05-15T03:28:59.703+0800] {processor.py:840} INFO - DAG(s) 'example_python_operator' retrieved from /home/jithish/Documents/dag-dag-dag/.venv/lib/python3.10/site-packages/airflow/example_dags/example_python_operator.py
[2024-05-15T03:28:59.721+0800] {logging_mixin.py:188} INFO - [2024-05-15T03:28:59.721+0800] {dag.py:3096} INFO - Sync 1 DAGs
[2024-05-15T03:28:59.729+0800] {logging_mixin.py:188} INFO - [2024-05-15T03:28:59.729+0800] {dag.py:3954} INFO - Setting next_dagrun for example_python_operator to None, run_after=None
[2024-05-15T03:28:59.748+0800] {processor.py:183} INFO - Processing /home/jithish/Documents/dag-dag-dag/.venv/lib/python3.10/site-packages/airflow/example_dags/example_python_operator.py took 0.154 seconds
[2024-05-15T03:30:14.057+0800] {processor.py:161} INFO - Started process (PID=86072) to work on /home/jithish/Documents/dag-dag-dag/.venv/lib/python3.10/site-packages/airflow/example_dags/example_python_operator.py
[2024-05-15T03:30:14.118+0800] {processor.py:830} INFO - Processing file /home/jithish/Documents/dag-dag-dag/.venv/lib/python3.10/site-packages/airflow/example_dags/example_python_operator.py for tasks to queue
[2024-05-15T03:30:14.120+0800] {logging_mixin.py:188} INFO - [2024-05-15T03:30:14.120+0800] {dagbag.py:545} INFO - Filling up the DagBag from /home/jithish/Documents/dag-dag-dag/.venv/lib/python3.10/site-packages/airflow/example_dags/example_python_operator.py
[2024-05-15T03:30:14.130+0800] {processor.py:840} INFO - DAG(s) 'example_python_operator' retrieved from /home/jithish/Documents/dag-dag-dag/.venv/lib/python3.10/site-packages/airflow/example_dags/example_python_operator.py
[2024-05-15T03:30:14.149+0800] {logging_mixin.py:188} INFO - [2024-05-15T03:30:14.149+0800] {dag.py:3096} INFO - Sync 1 DAGs
[2024-05-15T03:30:14.159+0800] {logging_mixin.py:188} INFO - [2024-05-15T03:30:14.159+0800] {dag.py:3954} INFO - Setting next_dagrun for example_python_operator to None, run_after=None
[2024-05-15T03:30:14.178+0800] {processor.py:183} INFO - Processing /home/jithish/Documents/dag-dag-dag/.venv/lib/python3.10/site-packages/airflow/example_dags/example_python_operator.py took 0.127 seconds
[2024-05-15T03:31:32.353+0800] {processor.py:161} INFO - Started process (PID=86776) to work on /home/jithish/Documents/dag-dag-dag/.venv/lib/python3.10/site-packages/airflow/example_dags/example_python_operator.py
[2024-05-15T03:31:32.415+0800] {processor.py:830} INFO - Processing file /home/jithish/Documents/dag-dag-dag/.venv/lib/python3.10/site-packages/airflow/example_dags/example_python_operator.py for tasks to queue
[2024-05-15T03:31:32.421+0800] {logging_mixin.py:188} INFO - [2024-05-15T03:31:32.419+0800] {dagbag.py:545} INFO - Filling up the DagBag from /home/jithish/Documents/dag-dag-dag/.venv/lib/python3.10/site-packages/airflow/example_dags/example_python_operator.py
[2024-05-15T03:31:32.449+0800] {processor.py:840} INFO - DAG(s) 'example_python_operator' retrieved from /home/jithish/Documents/dag-dag-dag/.venv/lib/python3.10/site-packages/airflow/example_dags/example_python_operator.py
[2024-05-15T03:31:32.469+0800] {logging_mixin.py:188} INFO - [2024-05-15T03:31:32.469+0800] {dag.py:3096} INFO - Sync 1 DAGs
[2024-05-15T03:31:32.478+0800] {logging_mixin.py:188} INFO - [2024-05-15T03:31:32.478+0800] {dag.py:3954} INFO - Setting next_dagrun for example_python_operator to None, run_after=None
[2024-05-15T03:31:32.500+0800] {processor.py:183} INFO - Processing /home/jithish/Documents/dag-dag-dag/.venv/lib/python3.10/site-packages/airflow/example_dags/example_python_operator.py took 0.156 seconds
[2024-05-15T03:32:47.844+0800] {processor.py:161} INFO - Started process (PID=87390) to work on /home/jithish/Documents/dag-dag-dag/.venv/lib/python3.10/site-packages/airflow/example_dags/example_python_operator.py
[2024-05-15T03:32:47.846+0800] {processor.py:830} INFO - Processing file /home/jithish/Documents/dag-dag-dag/.venv/lib/python3.10/site-packages/airflow/example_dags/example_python_operator.py for tasks to queue
[2024-05-15T03:32:47.847+0800] {logging_mixin.py:188} INFO - [2024-05-15T03:32:47.847+0800] {dagbag.py:545} INFO - Filling up the DagBag from /home/jithish/Documents/dag-dag-dag/.venv/lib/python3.10/site-packages/airflow/example_dags/example_python_operator.py
[2024-05-15T03:32:47.860+0800] {processor.py:840} INFO - DAG(s) 'example_python_operator' retrieved from /home/jithish/Documents/dag-dag-dag/.venv/lib/python3.10/site-packages/airflow/example_dags/example_python_operator.py
[2024-05-15T03:32:47.889+0800] {logging_mixin.py:188} INFO - [2024-05-15T03:32:47.889+0800] {dag.py:3096} INFO - Sync 1 DAGs
[2024-05-15T03:32:47.907+0800] {logging_mixin.py:188} INFO - [2024-05-15T03:32:47.907+0800] {dag.py:3954} INFO - Setting next_dagrun for example_python_operator to None, run_after=None
[2024-05-15T03:32:47.944+0800] {processor.py:183} INFO - Processing /home/jithish/Documents/dag-dag-dag/.venv/lib/python3.10/site-packages/airflow/example_dags/example_python_operator.py took 0.109 seconds
[2024-05-15T03:33:56.828+0800] {processor.py:161} INFO - Started process (PID=88058) to work on /home/jithish/Documents/dag-dag-dag/.venv/lib/python3.10/site-packages/airflow/example_dags/example_python_operator.py
[2024-05-15T03:33:56.829+0800] {processor.py:830} INFO - Processing file /home/jithish/Documents/dag-dag-dag/.venv/lib/python3.10/site-packages/airflow/example_dags/example_python_operator.py for tasks to queue
[2024-05-15T03:33:56.830+0800] {logging_mixin.py:188} INFO - [2024-05-15T03:33:56.830+0800] {dagbag.py:545} INFO - Filling up the DagBag from /home/jithish/Documents/dag-dag-dag/.venv/lib/python3.10/site-packages/airflow/example_dags/example_python_operator.py
[2024-05-15T03:33:56.838+0800] {processor.py:840} INFO - DAG(s) 'example_python_operator' retrieved from /home/jithish/Documents/dag-dag-dag/.venv/lib/python3.10/site-packages/airflow/example_dags/example_python_operator.py
[2024-05-15T03:33:56.851+0800] {logging_mixin.py:188} INFO - [2024-05-15T03:33:56.851+0800] {dag.py:3096} INFO - Sync 1 DAGs
[2024-05-15T03:33:56.862+0800] {logging_mixin.py:188} INFO - [2024-05-15T03:33:56.861+0800] {dag.py:3954} INFO - Setting next_dagrun for example_python_operator to None, run_after=None
[2024-05-15T03:33:56.910+0800] {processor.py:183} INFO - Processing /home/jithish/Documents/dag-dag-dag/.venv/lib/python3.10/site-packages/airflow/example_dags/example_python_operator.py took 0.087 seconds
[2024-05-15T03:35:06.557+0800] {processor.py:161} INFO - Started process (PID=88680) to work on /home/jithish/Documents/dag-dag-dag/.venv/lib/python3.10/site-packages/airflow/example_dags/example_python_operator.py
[2024-05-15T03:35:06.617+0800] {processor.py:830} INFO - Processing file /home/jithish/Documents/dag-dag-dag/.venv/lib/python3.10/site-packages/airflow/example_dags/example_python_operator.py for tasks to queue
[2024-05-15T03:35:06.619+0800] {logging_mixin.py:188} INFO - [2024-05-15T03:35:06.619+0800] {dagbag.py:545} INFO - Filling up the DagBag from /home/jithish/Documents/dag-dag-dag/.venv/lib/python3.10/site-packages/airflow/example_dags/example_python_operator.py
[2024-05-15T03:35:06.629+0800] {processor.py:840} INFO - DAG(s) 'example_python_operator' retrieved from /home/jithish/Documents/dag-dag-dag/.venv/lib/python3.10/site-packages/airflow/example_dags/example_python_operator.py
[2024-05-15T03:35:06.649+0800] {logging_mixin.py:188} INFO - [2024-05-15T03:35:06.648+0800] {dag.py:3096} INFO - Sync 1 DAGs
[2024-05-15T03:35:06.663+0800] {logging_mixin.py:188} INFO - [2024-05-15T03:35:06.663+0800] {dag.py:3954} INFO - Setting next_dagrun for example_python_operator to None, run_after=None
[2024-05-15T03:35:06.692+0800] {processor.py:183} INFO - Processing /home/jithish/Documents/dag-dag-dag/.venv/lib/python3.10/site-packages/airflow/example_dags/example_python_operator.py took 0.142 seconds
[2024-05-15T03:36:21.488+0800] {processor.py:161} INFO - Started process (PID=89374) to work on /home/jithish/Documents/dag-dag-dag/.venv/lib/python3.10/site-packages/airflow/example_dags/example_python_operator.py
[2024-05-15T03:36:21.548+0800] {processor.py:830} INFO - Processing file /home/jithish/Documents/dag-dag-dag/.venv/lib/python3.10/site-packages/airflow/example_dags/example_python_operator.py for tasks to queue
[2024-05-15T03:36:21.550+0800] {logging_mixin.py:188} INFO - [2024-05-15T03:36:21.550+0800] {dagbag.py:545} INFO - Filling up the DagBag from /home/jithish/Documents/dag-dag-dag/.venv/lib/python3.10/site-packages/airflow/example_dags/example_python_operator.py
[2024-05-15T03:36:21.558+0800] {processor.py:840} INFO - DAG(s) 'example_python_operator' retrieved from /home/jithish/Documents/dag-dag-dag/.venv/lib/python3.10/site-packages/airflow/example_dags/example_python_operator.py
[2024-05-15T03:36:21.571+0800] {logging_mixin.py:188} INFO - [2024-05-15T03:36:21.571+0800] {dag.py:3096} INFO - Sync 1 DAGs
[2024-05-15T03:36:21.579+0800] {logging_mixin.py:188} INFO - [2024-05-15T03:36:21.579+0800] {dag.py:3954} INFO - Setting next_dagrun for example_python_operator to None, run_after=None
[2024-05-15T03:36:21.599+0800] {processor.py:183} INFO - Processing /home/jithish/Documents/dag-dag-dag/.venv/lib/python3.10/site-packages/airflow/example_dags/example_python_operator.py took 0.116 seconds
[2024-05-15T03:37:35.038+0800] {processor.py:161} INFO - Started process (PID=90058) to work on /home/jithish/Documents/dag-dag-dag/.venv/lib/python3.10/site-packages/airflow/example_dags/example_python_operator.py
[2024-05-15T03:37:35.099+0800] {processor.py:830} INFO - Processing file /home/jithish/Documents/dag-dag-dag/.venv/lib/python3.10/site-packages/airflow/example_dags/example_python_operator.py for tasks to queue
[2024-05-15T03:37:35.101+0800] {logging_mixin.py:188} INFO - [2024-05-15T03:37:35.100+0800] {dagbag.py:545} INFO - Filling up the DagBag from /home/jithish/Documents/dag-dag-dag/.venv/lib/python3.10/site-packages/airflow/example_dags/example_python_operator.py
[2024-05-15T03:37:35.110+0800] {processor.py:840} INFO - DAG(s) 'example_python_operator' retrieved from /home/jithish/Documents/dag-dag-dag/.venv/lib/python3.10/site-packages/airflow/example_dags/example_python_operator.py
[2024-05-15T03:37:35.124+0800] {logging_mixin.py:188} INFO - [2024-05-15T03:37:35.123+0800] {dag.py:3096} INFO - Sync 1 DAGs
[2024-05-15T03:37:35.131+0800] {logging_mixin.py:188} INFO - [2024-05-15T03:37:35.131+0800] {dag.py:3954} INFO - Setting next_dagrun for example_python_operator to None, run_after=None
[2024-05-15T03:37:35.150+0800] {processor.py:183} INFO - Processing /home/jithish/Documents/dag-dag-dag/.venv/lib/python3.10/site-packages/airflow/example_dags/example_python_operator.py took 0.116 seconds
[2024-05-15T03:38:50.931+0800] {processor.py:161} INFO - Started process (PID=90839) to work on /home/jithish/Documents/dag-dag-dag/.venv/lib/python3.10/site-packages/airflow/example_dags/example_python_operator.py
[2024-05-15T03:38:50.980+0800] {processor.py:830} INFO - Processing file /home/jithish/Documents/dag-dag-dag/.venv/lib/python3.10/site-packages/airflow/example_dags/example_python_operator.py for tasks to queue
[2024-05-15T03:38:50.981+0800] {logging_mixin.py:188} INFO - [2024-05-15T03:38:50.981+0800] {dagbag.py:545} INFO - Filling up the DagBag from /home/jithish/Documents/dag-dag-dag/.venv/lib/python3.10/site-packages/airflow/example_dags/example_python_operator.py
[2024-05-15T03:38:50.991+0800] {processor.py:840} INFO - DAG(s) 'example_python_operator' retrieved from /home/jithish/Documents/dag-dag-dag/.venv/lib/python3.10/site-packages/airflow/example_dags/example_python_operator.py
[2024-05-15T03:38:51.010+0800] {logging_mixin.py:188} INFO - [2024-05-15T03:38:51.010+0800] {dag.py:3096} INFO - Sync 1 DAGs
[2024-05-15T03:38:51.019+0800] {logging_mixin.py:188} INFO - [2024-05-15T03:38:51.018+0800] {dag.py:3954} INFO - Setting next_dagrun for example_python_operator to None, run_after=None
[2024-05-15T03:38:51.040+0800] {processor.py:183} INFO - Processing /home/jithish/Documents/dag-dag-dag/.venv/lib/python3.10/site-packages/airflow/example_dags/example_python_operator.py took 0.118 seconds
[2024-05-15T03:39:54.413+0800] {processor.py:161} INFO - Started process (PID=92636) to work on /home/jithish/Documents/dag-dag-dag/.venv/lib/python3.10/site-packages/airflow/example_dags/example_python_operator.py
[2024-05-15T03:39:54.475+0800] {processor.py:830} INFO - Processing file /home/jithish/Documents/dag-dag-dag/.venv/lib/python3.10/site-packages/airflow/example_dags/example_python_operator.py for tasks to queue
[2024-05-15T03:39:54.481+0800] {logging_mixin.py:188} INFO - [2024-05-15T03:39:54.479+0800] {dagbag.py:545} INFO - Filling up the DagBag from /home/jithish/Documents/dag-dag-dag/.venv/lib/python3.10/site-packages/airflow/example_dags/example_python_operator.py
[2024-05-15T03:39:54.510+0800] {processor.py:840} INFO - DAG(s) 'example_python_operator' retrieved from /home/jithish/Documents/dag-dag-dag/.venv/lib/python3.10/site-packages/airflow/example_dags/example_python_operator.py
[2024-05-15T03:39:54.533+0800] {logging_mixin.py:188} INFO - [2024-05-15T03:39:54.533+0800] {dag.py:3096} INFO - Sync 1 DAGs
[2024-05-15T03:39:54.542+0800] {logging_mixin.py:188} INFO - [2024-05-15T03:39:54.542+0800] {dag.py:3954} INFO - Setting next_dagrun for example_python_operator to None, run_after=None
[2024-05-15T03:39:54.564+0800] {processor.py:183} INFO - Processing /home/jithish/Documents/dag-dag-dag/.venv/lib/python3.10/site-packages/airflow/example_dags/example_python_operator.py took 0.156 seconds
[2024-05-15T03:40:52.332+0800] {processor.py:161} INFO - Started process (PID=93452) to work on /home/jithish/Documents/dag-dag-dag/.venv/lib/python3.10/site-packages/airflow/example_dags/example_python_operator.py
[2024-05-15T03:40:52.394+0800] {processor.py:830} INFO - Processing file /home/jithish/Documents/dag-dag-dag/.venv/lib/python3.10/site-packages/airflow/example_dags/example_python_operator.py for tasks to queue
[2024-05-15T03:40:52.399+0800] {logging_mixin.py:188} INFO - [2024-05-15T03:40:52.398+0800] {dagbag.py:545} INFO - Filling up the DagBag from /home/jithish/Documents/dag-dag-dag/.venv/lib/python3.10/site-packages/airflow/example_dags/example_python_operator.py
[2024-05-15T03:40:52.432+0800] {processor.py:840} INFO - DAG(s) 'example_python_operator' retrieved from /home/jithish/Documents/dag-dag-dag/.venv/lib/python3.10/site-packages/airflow/example_dags/example_python_operator.py
[2024-05-15T03:40:52.454+0800] {logging_mixin.py:188} INFO - [2024-05-15T03:40:52.454+0800] {dag.py:3096} INFO - Sync 1 DAGs
[2024-05-15T03:40:52.464+0800] {logging_mixin.py:188} INFO - [2024-05-15T03:40:52.463+0800] {dag.py:3954} INFO - Setting next_dagrun for example_python_operator to None, run_after=None
[2024-05-15T03:40:52.485+0800] {processor.py:183} INFO - Processing /home/jithish/Documents/dag-dag-dag/.venv/lib/python3.10/site-packages/airflow/example_dags/example_python_operator.py took 0.164 seconds
[2024-05-15T03:41:48.324+0800] {processor.py:161} INFO - Started process (PID=94254) to work on /home/jithish/Documents/dag-dag-dag/.venv/lib/python3.10/site-packages/airflow/example_dags/example_python_operator.py
[2024-05-15T03:41:48.390+0800] {processor.py:830} INFO - Processing file /home/jithish/Documents/dag-dag-dag/.venv/lib/python3.10/site-packages/airflow/example_dags/example_python_operator.py for tasks to queue
[2024-05-15T03:41:48.395+0800] {logging_mixin.py:188} INFO - [2024-05-15T03:41:48.394+0800] {dagbag.py:545} INFO - Filling up the DagBag from /home/jithish/Documents/dag-dag-dag/.venv/lib/python3.10/site-packages/airflow/example_dags/example_python_operator.py
[2024-05-15T03:41:48.420+0800] {processor.py:840} INFO - DAG(s) 'example_python_operator' retrieved from /home/jithish/Documents/dag-dag-dag/.venv/lib/python3.10/site-packages/airflow/example_dags/example_python_operator.py
[2024-05-15T03:41:48.440+0800] {logging_mixin.py:188} INFO - [2024-05-15T03:41:48.439+0800] {dag.py:3096} INFO - Sync 1 DAGs
[2024-05-15T03:41:48.448+0800] {logging_mixin.py:188} INFO - [2024-05-15T03:41:48.447+0800] {dag.py:3954} INFO - Setting next_dagrun for example_python_operator to None, run_after=None
[2024-05-15T03:41:48.468+0800] {processor.py:183} INFO - Processing /home/jithish/Documents/dag-dag-dag/.venv/lib/python3.10/site-packages/airflow/example_dags/example_python_operator.py took 0.155 seconds
[2024-05-15T03:43:07.925+0800] {processor.py:161} INFO - Started process (PID=95336) to work on /home/jithish/Documents/dag-dag-dag/.venv/lib/python3.10/site-packages/airflow/example_dags/example_python_operator.py
[2024-05-15T03:43:07.987+0800] {processor.py:830} INFO - Processing file /home/jithish/Documents/dag-dag-dag/.venv/lib/python3.10/site-packages/airflow/example_dags/example_python_operator.py for tasks to queue
[2024-05-15T03:43:07.992+0800] {logging_mixin.py:188} INFO - [2024-05-15T03:43:07.991+0800] {dagbag.py:545} INFO - Filling up the DagBag from /home/jithish/Documents/dag-dag-dag/.venv/lib/python3.10/site-packages/airflow/example_dags/example_python_operator.py
[2024-05-15T03:43:08.024+0800] {processor.py:840} INFO - DAG(s) 'example_python_operator' retrieved from /home/jithish/Documents/dag-dag-dag/.venv/lib/python3.10/site-packages/airflow/example_dags/example_python_operator.py
[2024-05-15T03:43:08.047+0800] {logging_mixin.py:188} INFO - [2024-05-15T03:43:08.046+0800] {dag.py:3096} INFO - Sync 1 DAGs
[2024-05-15T03:43:08.056+0800] {logging_mixin.py:188} INFO - [2024-05-15T03:43:08.056+0800] {dag.py:3954} INFO - Setting next_dagrun for example_python_operator to None, run_after=None
[2024-05-15T03:43:08.085+0800] {processor.py:183} INFO - Processing /home/jithish/Documents/dag-dag-dag/.venv/lib/python3.10/site-packages/airflow/example_dags/example_python_operator.py took 0.167 seconds
[2024-05-15T03:44:04.004+0800] {processor.py:161} INFO - Started process (PID=96175) to work on /home/jithish/Documents/dag-dag-dag/.venv/lib/python3.10/site-packages/airflow/example_dags/example_python_operator.py
[2024-05-15T03:44:04.067+0800] {processor.py:830} INFO - Processing file /home/jithish/Documents/dag-dag-dag/.venv/lib/python3.10/site-packages/airflow/example_dags/example_python_operator.py for tasks to queue
[2024-05-15T03:44:04.073+0800] {logging_mixin.py:188} INFO - [2024-05-15T03:44:04.072+0800] {dagbag.py:545} INFO - Filling up the DagBag from /home/jithish/Documents/dag-dag-dag/.venv/lib/python3.10/site-packages/airflow/example_dags/example_python_operator.py
[2024-05-15T03:44:04.103+0800] {processor.py:840} INFO - DAG(s) 'example_python_operator' retrieved from /home/jithish/Documents/dag-dag-dag/.venv/lib/python3.10/site-packages/airflow/example_dags/example_python_operator.py
[2024-05-15T03:44:04.124+0800] {logging_mixin.py:188} INFO - [2024-05-15T03:44:04.123+0800] {dag.py:3096} INFO - Sync 1 DAGs
[2024-05-15T03:44:04.132+0800] {logging_mixin.py:188} INFO - [2024-05-15T03:44:04.132+0800] {dag.py:3954} INFO - Setting next_dagrun for example_python_operator to None, run_after=None
[2024-05-15T03:44:04.151+0800] {processor.py:183} INFO - Processing /home/jithish/Documents/dag-dag-dag/.venv/lib/python3.10/site-packages/airflow/example_dags/example_python_operator.py took 0.157 seconds
[2024-05-15T03:44:59.460+0800] {processor.py:161} INFO - Started process (PID=96885) to work on /home/jithish/Documents/dag-dag-dag/.venv/lib/python3.10/site-packages/airflow/example_dags/example_python_operator.py
[2024-05-15T03:44:59.522+0800] {processor.py:830} INFO - Processing file /home/jithish/Documents/dag-dag-dag/.venv/lib/python3.10/site-packages/airflow/example_dags/example_python_operator.py for tasks to queue
[2024-05-15T03:44:59.527+0800] {logging_mixin.py:188} INFO - [2024-05-15T03:44:59.525+0800] {dagbag.py:545} INFO - Filling up the DagBag from /home/jithish/Documents/dag-dag-dag/.venv/lib/python3.10/site-packages/airflow/example_dags/example_python_operator.py
[2024-05-15T03:44:59.555+0800] {processor.py:840} INFO - DAG(s) 'example_python_operator' retrieved from /home/jithish/Documents/dag-dag-dag/.venv/lib/python3.10/site-packages/airflow/example_dags/example_python_operator.py
[2024-05-15T03:44:59.568+0800] {logging_mixin.py:188} INFO - [2024-05-15T03:44:59.568+0800] {dag.py:3096} INFO - Sync 1 DAGs
[2024-05-15T03:44:59.578+0800] {logging_mixin.py:188} INFO - [2024-05-15T03:44:59.578+0800] {dag.py:3954} INFO - Setting next_dagrun for example_python_operator to None, run_after=None
[2024-05-15T03:44:59.600+0800] {processor.py:183} INFO - Processing /home/jithish/Documents/dag-dag-dag/.venv/lib/python3.10/site-packages/airflow/example_dags/example_python_operator.py took 0.145 seconds
[2024-05-15T03:45:56.667+0800] {processor.py:161} INFO - Started process (PID=97585) to work on /home/jithish/Documents/dag-dag-dag/.venv/lib/python3.10/site-packages/airflow/example_dags/example_python_operator.py
[2024-05-15T03:45:56.711+0800] {processor.py:830} INFO - Processing file /home/jithish/Documents/dag-dag-dag/.venv/lib/python3.10/site-packages/airflow/example_dags/example_python_operator.py for tasks to queue
[2024-05-15T03:45:56.716+0800] {logging_mixin.py:188} INFO - [2024-05-15T03:45:56.715+0800] {dagbag.py:545} INFO - Filling up the DagBag from /home/jithish/Documents/dag-dag-dag/.venv/lib/python3.10/site-packages/airflow/example_dags/example_python_operator.py
[2024-05-15T03:45:56.745+0800] {processor.py:840} INFO - DAG(s) 'example_python_operator' retrieved from /home/jithish/Documents/dag-dag-dag/.venv/lib/python3.10/site-packages/airflow/example_dags/example_python_operator.py
[2024-05-15T03:45:56.768+0800] {logging_mixin.py:188} INFO - [2024-05-15T03:45:56.768+0800] {dag.py:3096} INFO - Sync 1 DAGs
[2024-05-15T03:45:56.778+0800] {logging_mixin.py:188} INFO - [2024-05-15T03:45:56.778+0800] {dag.py:3954} INFO - Setting next_dagrun for example_python_operator to None, run_after=None
[2024-05-15T03:45:56.798+0800] {processor.py:183} INFO - Processing /home/jithish/Documents/dag-dag-dag/.venv/lib/python3.10/site-packages/airflow/example_dags/example_python_operator.py took 0.146 seconds
[2024-05-15T03:47:04.053+0800] {processor.py:161} INFO - Started process (PID=98617) to work on /home/jithish/Documents/dag-dag-dag/.venv/lib/python3.10/site-packages/airflow/example_dags/example_python_operator.py
[2024-05-15T03:47:04.114+0800] {processor.py:830} INFO - Processing file /home/jithish/Documents/dag-dag-dag/.venv/lib/python3.10/site-packages/airflow/example_dags/example_python_operator.py for tasks to queue
[2024-05-15T03:47:04.116+0800] {logging_mixin.py:188} INFO - [2024-05-15T03:47:04.115+0800] {dagbag.py:545} INFO - Filling up the DagBag from /home/jithish/Documents/dag-dag-dag/.venv/lib/python3.10/site-packages/airflow/example_dags/example_python_operator.py
[2024-05-15T03:47:04.124+0800] {processor.py:840} INFO - DAG(s) 'example_python_operator' retrieved from /home/jithish/Documents/dag-dag-dag/.venv/lib/python3.10/site-packages/airflow/example_dags/example_python_operator.py
[2024-05-15T03:47:04.138+0800] {logging_mixin.py:188} INFO - [2024-05-15T03:47:04.138+0800] {dag.py:3096} INFO - Sync 1 DAGs
[2024-05-15T03:47:04.146+0800] {logging_mixin.py:188} INFO - [2024-05-15T03:47:04.145+0800] {dag.py:3954} INFO - Setting next_dagrun for example_python_operator to None, run_after=None
[2024-05-15T03:47:04.169+0800] {processor.py:183} INFO - Processing /home/jithish/Documents/dag-dag-dag/.venv/lib/python3.10/site-packages/airflow/example_dags/example_python_operator.py took 0.127 seconds
[2024-05-15T03:47:58.210+0800] {processor.py:161} INFO - Started process (PID=99393) to work on /home/jithish/Documents/dag-dag-dag/.venv/lib/python3.10/site-packages/airflow/example_dags/example_python_operator.py
[2024-05-15T03:47:58.211+0800] {processor.py:830} INFO - Processing file /home/jithish/Documents/dag-dag-dag/.venv/lib/python3.10/site-packages/airflow/example_dags/example_python_operator.py for tasks to queue
[2024-05-15T03:47:58.212+0800] {logging_mixin.py:188} INFO - [2024-05-15T03:47:58.212+0800] {dagbag.py:545} INFO - Filling up the DagBag from /home/jithish/Documents/dag-dag-dag/.venv/lib/python3.10/site-packages/airflow/example_dags/example_python_operator.py
[2024-05-15T03:47:58.220+0800] {processor.py:840} INFO - DAG(s) 'example_python_operator' retrieved from /home/jithish/Documents/dag-dag-dag/.venv/lib/python3.10/site-packages/airflow/example_dags/example_python_operator.py
[2024-05-15T03:47:58.235+0800] {logging_mixin.py:188} INFO - [2024-05-15T03:47:58.235+0800] {dag.py:3096} INFO - Sync 1 DAGs
[2024-05-15T03:47:58.244+0800] {logging_mixin.py:188} INFO - [2024-05-15T03:47:58.244+0800] {dag.py:3954} INFO - Setting next_dagrun for example_python_operator to None, run_after=None
[2024-05-15T03:47:58.260+0800] {processor.py:183} INFO - Processing /home/jithish/Documents/dag-dag-dag/.venv/lib/python3.10/site-packages/airflow/example_dags/example_python_operator.py took 0.055 seconds
[2024-05-15T03:49:17.562+0800] {processor.py:161} INFO - Started process (PID=100556) to work on /home/jithish/Documents/dag-dag-dag/.venv/lib/python3.10/site-packages/airflow/example_dags/example_python_operator.py
[2024-05-15T03:49:17.624+0800] {processor.py:830} INFO - Processing file /home/jithish/Documents/dag-dag-dag/.venv/lib/python3.10/site-packages/airflow/example_dags/example_python_operator.py for tasks to queue
[2024-05-15T03:49:17.628+0800] {logging_mixin.py:188} INFO - [2024-05-15T03:49:17.627+0800] {dagbag.py:545} INFO - Filling up the DagBag from /home/jithish/Documents/dag-dag-dag/.venv/lib/python3.10/site-packages/airflow/example_dags/example_python_operator.py
[2024-05-15T03:49:17.659+0800] {processor.py:840} INFO - DAG(s) 'example_python_operator' retrieved from /home/jithish/Documents/dag-dag-dag/.venv/lib/python3.10/site-packages/airflow/example_dags/example_python_operator.py
[2024-05-15T03:49:17.679+0800] {logging_mixin.py:188} INFO - [2024-05-15T03:49:17.679+0800] {dag.py:3096} INFO - Sync 1 DAGs
[2024-05-15T03:49:17.689+0800] {logging_mixin.py:188} INFO - [2024-05-15T03:49:17.688+0800] {dag.py:3954} INFO - Setting next_dagrun for example_python_operator to None, run_after=None
[2024-05-15T03:49:17.708+0800] {processor.py:183} INFO - Processing /home/jithish/Documents/dag-dag-dag/.venv/lib/python3.10/site-packages/airflow/example_dags/example_python_operator.py took 0.151 seconds
[2024-05-15T03:50:14.945+0800] {processor.py:161} INFO - Started process (PID=101353) to work on /home/jithish/Documents/dag-dag-dag/.venv/lib/python3.10/site-packages/airflow/example_dags/example_python_operator.py
[2024-05-15T03:50:15.006+0800] {processor.py:830} INFO - Processing file /home/jithish/Documents/dag-dag-dag/.venv/lib/python3.10/site-packages/airflow/example_dags/example_python_operator.py for tasks to queue
[2024-05-15T03:50:15.013+0800] {logging_mixin.py:188} INFO - [2024-05-15T03:50:15.011+0800] {dagbag.py:545} INFO - Filling up the DagBag from /home/jithish/Documents/dag-dag-dag/.venv/lib/python3.10/site-packages/airflow/example_dags/example_python_operator.py
[2024-05-15T03:50:15.042+0800] {processor.py:840} INFO - DAG(s) 'example_python_operator' retrieved from /home/jithish/Documents/dag-dag-dag/.venv/lib/python3.10/site-packages/airflow/example_dags/example_python_operator.py
[2024-05-15T03:50:15.063+0800] {logging_mixin.py:188} INFO - [2024-05-15T03:50:15.063+0800] {dag.py:3096} INFO - Sync 1 DAGs
[2024-05-15T03:50:15.072+0800] {logging_mixin.py:188} INFO - [2024-05-15T03:50:15.071+0800] {dag.py:3954} INFO - Setting next_dagrun for example_python_operator to None, run_after=None
[2024-05-15T03:50:15.103+0800] {processor.py:183} INFO - Processing /home/jithish/Documents/dag-dag-dag/.venv/lib/python3.10/site-packages/airflow/example_dags/example_python_operator.py took 0.163 seconds
[2024-05-15T03:51:33.369+0800] {processor.py:161} INFO - Started process (PID=102445) to work on /home/jithish/Documents/dag-dag-dag/.venv/lib/python3.10/site-packages/airflow/example_dags/example_python_operator.py
[2024-05-15T03:51:33.431+0800] {processor.py:830} INFO - Processing file /home/jithish/Documents/dag-dag-dag/.venv/lib/python3.10/site-packages/airflow/example_dags/example_python_operator.py for tasks to queue
[2024-05-15T03:51:33.437+0800] {logging_mixin.py:188} INFO - [2024-05-15T03:51:33.435+0800] {dagbag.py:545} INFO - Filling up the DagBag from /home/jithish/Documents/dag-dag-dag/.venv/lib/python3.10/site-packages/airflow/example_dags/example_python_operator.py
[2024-05-15T03:51:33.467+0800] {processor.py:840} INFO - DAG(s) 'example_python_operator' retrieved from /home/jithish/Documents/dag-dag-dag/.venv/lib/python3.10/site-packages/airflow/example_dags/example_python_operator.py
[2024-05-15T03:51:33.489+0800] {logging_mixin.py:188} INFO - [2024-05-15T03:51:33.489+0800] {dag.py:3096} INFO - Sync 1 DAGs
[2024-05-15T03:51:33.498+0800] {logging_mixin.py:188} INFO - [2024-05-15T03:51:33.498+0800] {dag.py:3954} INFO - Setting next_dagrun for example_python_operator to None, run_after=None
[2024-05-15T03:51:33.528+0800] {processor.py:183} INFO - Processing /home/jithish/Documents/dag-dag-dag/.venv/lib/python3.10/site-packages/airflow/example_dags/example_python_operator.py took 0.163 seconds
[2024-05-15T03:52:24.177+0800] {processor.py:161} INFO - Started process (PID=102942) to work on /home/jithish/Documents/dag-dag-dag/.venv/lib/python3.10/site-packages/airflow/example_dags/example_python_operator.py
[2024-05-15T03:52:24.242+0800] {processor.py:830} INFO - Processing file /home/jithish/Documents/dag-dag-dag/.venv/lib/python3.10/site-packages/airflow/example_dags/example_python_operator.py for tasks to queue
[2024-05-15T03:52:24.247+0800] {logging_mixin.py:188} INFO - [2024-05-15T03:52:24.245+0800] {dagbag.py:545} INFO - Filling up the DagBag from /home/jithish/Documents/dag-dag-dag/.venv/lib/python3.10/site-packages/airflow/example_dags/example_python_operator.py
[2024-05-15T03:52:24.275+0800] {processor.py:840} INFO - DAG(s) 'example_python_operator' retrieved from /home/jithish/Documents/dag-dag-dag/.venv/lib/python3.10/site-packages/airflow/example_dags/example_python_operator.py
[2024-05-15T03:52:24.296+0800] {logging_mixin.py:188} INFO - [2024-05-15T03:52:24.296+0800] {dag.py:3096} INFO - Sync 1 DAGs
[2024-05-15T03:52:24.305+0800] {logging_mixin.py:188} INFO - [2024-05-15T03:52:24.305+0800] {dag.py:3954} INFO - Setting next_dagrun for example_python_operator to None, run_after=None
[2024-05-15T03:52:24.321+0800] {processor.py:183} INFO - Processing /home/jithish/Documents/dag-dag-dag/.venv/lib/python3.10/site-packages/airflow/example_dags/example_python_operator.py took 0.148 seconds
[2024-05-15T03:53:41.767+0800] {processor.py:161} INFO - Started process (PID=103874) to work on /home/jithish/Documents/dag-dag-dag/.venv/lib/python3.10/site-packages/airflow/example_dags/example_python_operator.py
[2024-05-15T03:53:41.829+0800] {processor.py:830} INFO - Processing file /home/jithish/Documents/dag-dag-dag/.venv/lib/python3.10/site-packages/airflow/example_dags/example_python_operator.py for tasks to queue
[2024-05-15T03:53:41.831+0800] {logging_mixin.py:188} INFO - [2024-05-15T03:53:41.830+0800] {dagbag.py:545} INFO - Filling up the DagBag from /home/jithish/Documents/dag-dag-dag/.venv/lib/python3.10/site-packages/airflow/example_dags/example_python_operator.py
[2024-05-15T03:53:41.838+0800] {processor.py:840} INFO - DAG(s) 'example_python_operator' retrieved from /home/jithish/Documents/dag-dag-dag/.venv/lib/python3.10/site-packages/airflow/example_dags/example_python_operator.py
[2024-05-15T03:53:41.850+0800] {logging_mixin.py:188} INFO - [2024-05-15T03:53:41.850+0800] {dag.py:3096} INFO - Sync 1 DAGs
[2024-05-15T03:53:41.858+0800] {logging_mixin.py:188} INFO - [2024-05-15T03:53:41.858+0800] {dag.py:3954} INFO - Setting next_dagrun for example_python_operator to None, run_after=None
[2024-05-15T03:53:41.877+0800] {processor.py:183} INFO - Processing /home/jithish/Documents/dag-dag-dag/.venv/lib/python3.10/site-packages/airflow/example_dags/example_python_operator.py took 0.127 seconds
[2024-05-15T03:54:39.358+0800] {processor.py:161} INFO - Started process (PID=104608) to work on /home/jithish/Documents/dag-dag-dag/.venv/lib/python3.10/site-packages/airflow/example_dags/example_python_operator.py
[2024-05-15T03:54:39.419+0800] {processor.py:830} INFO - Processing file /home/jithish/Documents/dag-dag-dag/.venv/lib/python3.10/site-packages/airflow/example_dags/example_python_operator.py for tasks to queue
[2024-05-15T03:54:39.420+0800] {logging_mixin.py:188} INFO - [2024-05-15T03:54:39.420+0800] {dagbag.py:545} INFO - Filling up the DagBag from /home/jithish/Documents/dag-dag-dag/.venv/lib/python3.10/site-packages/airflow/example_dags/example_python_operator.py
[2024-05-15T03:54:39.428+0800] {processor.py:840} INFO - DAG(s) 'example_python_operator' retrieved from /home/jithish/Documents/dag-dag-dag/.venv/lib/python3.10/site-packages/airflow/example_dags/example_python_operator.py
[2024-05-15T03:54:39.442+0800] {logging_mixin.py:188} INFO - [2024-05-15T03:54:39.442+0800] {dag.py:3096} INFO - Sync 1 DAGs
[2024-05-15T03:54:39.450+0800] {logging_mixin.py:188} INFO - [2024-05-15T03:54:39.450+0800] {dag.py:3954} INFO - Setting next_dagrun for example_python_operator to None, run_after=None
[2024-05-15T03:54:39.469+0800] {processor.py:183} INFO - Processing /home/jithish/Documents/dag-dag-dag/.venv/lib/python3.10/site-packages/airflow/example_dags/example_python_operator.py took 0.115 seconds
[2024-05-15T03:55:33.993+0800] {processor.py:161} INFO - Started process (PID=105292) to work on /home/jithish/Documents/dag-dag-dag/.venv/lib/python3.10/site-packages/airflow/example_dags/example_python_operator.py
[2024-05-15T03:55:33.995+0800] {processor.py:830} INFO - Processing file /home/jithish/Documents/dag-dag-dag/.venv/lib/python3.10/site-packages/airflow/example_dags/example_python_operator.py for tasks to queue
[2024-05-15T03:55:33.998+0800] {logging_mixin.py:188} INFO - [2024-05-15T03:55:33.997+0800] {dagbag.py:545} INFO - Filling up the DagBag from /home/jithish/Documents/dag-dag-dag/.venv/lib/python3.10/site-packages/airflow/example_dags/example_python_operator.py
[2024-05-15T03:55:34.009+0800] {processor.py:840} INFO - DAG(s) 'example_python_operator' retrieved from /home/jithish/Documents/dag-dag-dag/.venv/lib/python3.10/site-packages/airflow/example_dags/example_python_operator.py
[2024-05-15T03:55:34.033+0800] {logging_mixin.py:188} INFO - [2024-05-15T03:55:34.032+0800] {dag.py:3096} INFO - Sync 1 DAGs
[2024-05-15T03:55:34.049+0800] {logging_mixin.py:188} INFO - [2024-05-15T03:55:34.049+0800] {dag.py:3954} INFO - Setting next_dagrun for example_python_operator to None, run_after=None
[2024-05-15T03:55:34.078+0800] {processor.py:183} INFO - Processing /home/jithish/Documents/dag-dag-dag/.venv/lib/python3.10/site-packages/airflow/example_dags/example_python_operator.py took 0.090 seconds
[2024-05-15T03:56:48.363+0800] {processor.py:161} INFO - Started process (PID=106047) to work on /home/jithish/Documents/dag-dag-dag/.venv/lib/python3.10/site-packages/airflow/example_dags/example_python_operator.py
[2024-05-15T03:56:48.425+0800] {processor.py:830} INFO - Processing file /home/jithish/Documents/dag-dag-dag/.venv/lib/python3.10/site-packages/airflow/example_dags/example_python_operator.py for tasks to queue
[2024-05-15T03:56:48.429+0800] {logging_mixin.py:188} INFO - [2024-05-15T03:56:48.428+0800] {dagbag.py:545} INFO - Filling up the DagBag from /home/jithish/Documents/dag-dag-dag/.venv/lib/python3.10/site-packages/airflow/example_dags/example_python_operator.py
[2024-05-15T03:56:48.456+0800] {processor.py:840} INFO - DAG(s) 'example_python_operator' retrieved from /home/jithish/Documents/dag-dag-dag/.venv/lib/python3.10/site-packages/airflow/example_dags/example_python_operator.py
[2024-05-15T03:56:48.476+0800] {logging_mixin.py:188} INFO - [2024-05-15T03:56:48.476+0800] {dag.py:3096} INFO - Sync 1 DAGs
[2024-05-15T03:56:48.485+0800] {logging_mixin.py:188} INFO - [2024-05-15T03:56:48.485+0800] {dag.py:3954} INFO - Setting next_dagrun for example_python_operator to None, run_after=None
[2024-05-15T03:56:48.504+0800] {processor.py:183} INFO - Processing /home/jithish/Documents/dag-dag-dag/.venv/lib/python3.10/site-packages/airflow/example_dags/example_python_operator.py took 0.147 seconds
[2024-05-15T03:57:58.388+0800] {processor.py:161} INFO - Started process (PID=106659) to work on /home/jithish/Documents/dag-dag-dag/.venv/lib/python3.10/site-packages/airflow/example_dags/example_python_operator.py
[2024-05-15T03:57:58.389+0800] {processor.py:830} INFO - Processing file /home/jithish/Documents/dag-dag-dag/.venv/lib/python3.10/site-packages/airflow/example_dags/example_python_operator.py for tasks to queue
[2024-05-15T03:57:58.390+0800] {logging_mixin.py:188} INFO - [2024-05-15T03:57:58.390+0800] {dagbag.py:545} INFO - Filling up the DagBag from /home/jithish/Documents/dag-dag-dag/.venv/lib/python3.10/site-packages/airflow/example_dags/example_python_operator.py
[2024-05-15T03:57:58.399+0800] {processor.py:840} INFO - DAG(s) 'example_python_operator' retrieved from /home/jithish/Documents/dag-dag-dag/.venv/lib/python3.10/site-packages/airflow/example_dags/example_python_operator.py
[2024-05-15T03:57:58.411+0800] {logging_mixin.py:188} INFO - [2024-05-15T03:57:58.411+0800] {dag.py:3096} INFO - Sync 1 DAGs
[2024-05-15T03:57:58.421+0800] {logging_mixin.py:188} INFO - [2024-05-15T03:57:58.421+0800] {dag.py:3954} INFO - Setting next_dagrun for example_python_operator to None, run_after=None
[2024-05-15T03:57:58.445+0800] {processor.py:183} INFO - Processing /home/jithish/Documents/dag-dag-dag/.venv/lib/python3.10/site-packages/airflow/example_dags/example_python_operator.py took 0.061 seconds
[2024-05-15T03:59:10.167+0800] {processor.py:161} INFO - Started process (PID=107391) to work on /home/jithish/Documents/dag-dag-dag/.venv/lib/python3.10/site-packages/airflow/example_dags/example_python_operator.py
[2024-05-15T03:59:10.228+0800] {processor.py:830} INFO - Processing file /home/jithish/Documents/dag-dag-dag/.venv/lib/python3.10/site-packages/airflow/example_dags/example_python_operator.py for tasks to queue
[2024-05-15T03:59:10.231+0800] {logging_mixin.py:188} INFO - [2024-05-15T03:59:10.230+0800] {dagbag.py:545} INFO - Filling up the DagBag from /home/jithish/Documents/dag-dag-dag/.venv/lib/python3.10/site-packages/airflow/example_dags/example_python_operator.py
[2024-05-15T03:59:10.245+0800] {processor.py:840} INFO - DAG(s) 'example_python_operator' retrieved from /home/jithish/Documents/dag-dag-dag/.venv/lib/python3.10/site-packages/airflow/example_dags/example_python_operator.py
[2024-05-15T03:59:10.270+0800] {logging_mixin.py:188} INFO - [2024-05-15T03:59:10.270+0800] {dag.py:3096} INFO - Sync 1 DAGs
[2024-05-15T03:59:10.282+0800] {logging_mixin.py:188} INFO - [2024-05-15T03:59:10.282+0800] {dag.py:3954} INFO - Setting next_dagrun for example_python_operator to None, run_after=None
[2024-05-15T03:59:10.328+0800] {processor.py:183} INFO - Processing /home/jithish/Documents/dag-dag-dag/.venv/lib/python3.10/site-packages/airflow/example_dags/example_python_operator.py took 0.171 seconds
[2024-05-15T03:59:59.441+0800] {processor.py:161} INFO - Started process (PID=107844) to work on /home/jithish/Documents/dag-dag-dag/.venv/lib/python3.10/site-packages/airflow/example_dags/example_python_operator.py
[2024-05-15T03:59:59.501+0800] {processor.py:830} INFO - Processing file /home/jithish/Documents/dag-dag-dag/.venv/lib/python3.10/site-packages/airflow/example_dags/example_python_operator.py for tasks to queue
[2024-05-15T03:59:59.503+0800] {logging_mixin.py:188} INFO - [2024-05-15T03:59:59.502+0800] {dagbag.py:545} INFO - Filling up the DagBag from /home/jithish/Documents/dag-dag-dag/.venv/lib/python3.10/site-packages/airflow/example_dags/example_python_operator.py
[2024-05-15T03:59:59.510+0800] {processor.py:840} INFO - DAG(s) 'example_python_operator' retrieved from /home/jithish/Documents/dag-dag-dag/.venv/lib/python3.10/site-packages/airflow/example_dags/example_python_operator.py
[2024-05-15T03:59:59.524+0800] {logging_mixin.py:188} INFO - [2024-05-15T03:59:59.524+0800] {dag.py:3096} INFO - Sync 1 DAGs
[2024-05-15T03:59:59.532+0800] {logging_mixin.py:188} INFO - [2024-05-15T03:59:59.532+0800] {dag.py:3954} INFO - Setting next_dagrun for example_python_operator to None, run_after=None
[2024-05-15T03:59:59.552+0800] {processor.py:183} INFO - Processing /home/jithish/Documents/dag-dag-dag/.venv/lib/python3.10/site-packages/airflow/example_dags/example_python_operator.py took 0.116 seconds
[2024-05-15T04:01:13.082+0800] {processor.py:161} INFO - Started process (PID=108440) to work on /home/jithish/Documents/dag-dag-dag/.venv/lib/python3.10/site-packages/airflow/example_dags/example_python_operator.py
[2024-05-15T04:01:13.143+0800] {processor.py:830} INFO - Processing file /home/jithish/Documents/dag-dag-dag/.venv/lib/python3.10/site-packages/airflow/example_dags/example_python_operator.py for tasks to queue
[2024-05-15T04:01:13.147+0800] {logging_mixin.py:188} INFO - [2024-05-15T04:01:13.146+0800] {dagbag.py:545} INFO - Filling up the DagBag from /home/jithish/Documents/dag-dag-dag/.venv/lib/python3.10/site-packages/airflow/example_dags/example_python_operator.py
[2024-05-15T04:01:13.177+0800] {processor.py:840} INFO - DAG(s) 'example_python_operator' retrieved from /home/jithish/Documents/dag-dag-dag/.venv/lib/python3.10/site-packages/airflow/example_dags/example_python_operator.py
[2024-05-15T04:01:13.200+0800] {logging_mixin.py:188} INFO - [2024-05-15T04:01:13.199+0800] {dag.py:3096} INFO - Sync 1 DAGs
[2024-05-15T04:01:13.209+0800] {logging_mixin.py:188} INFO - [2024-05-15T04:01:13.209+0800] {dag.py:3954} INFO - Setting next_dagrun for example_python_operator to None, run_after=None
[2024-05-15T04:01:13.238+0800] {processor.py:183} INFO - Processing /home/jithish/Documents/dag-dag-dag/.venv/lib/python3.10/site-packages/airflow/example_dags/example_python_operator.py took 0.161 seconds
[2024-05-15T04:02:25.235+0800] {processor.py:161} INFO - Started process (PID=109153) to work on /home/jithish/Documents/dag-dag-dag/.venv/lib/python3.10/site-packages/airflow/example_dags/example_python_operator.py
[2024-05-15T04:02:25.238+0800] {processor.py:830} INFO - Processing file /home/jithish/Documents/dag-dag-dag/.venv/lib/python3.10/site-packages/airflow/example_dags/example_python_operator.py for tasks to queue
[2024-05-15T04:02:25.239+0800] {logging_mixin.py:188} INFO - [2024-05-15T04:02:25.239+0800] {dagbag.py:545} INFO - Filling up the DagBag from /home/jithish/Documents/dag-dag-dag/.venv/lib/python3.10/site-packages/airflow/example_dags/example_python_operator.py
[2024-05-15T04:02:25.248+0800] {processor.py:840} INFO - DAG(s) 'example_python_operator' retrieved from /home/jithish/Documents/dag-dag-dag/.venv/lib/python3.10/site-packages/airflow/example_dags/example_python_operator.py
[2024-05-15T04:02:25.262+0800] {logging_mixin.py:188} INFO - [2024-05-15T04:02:25.261+0800] {dag.py:3096} INFO - Sync 1 DAGs
[2024-05-15T04:02:25.270+0800] {logging_mixin.py:188} INFO - [2024-05-15T04:02:25.270+0800] {dag.py:3954} INFO - Setting next_dagrun for example_python_operator to None, run_after=None
[2024-05-15T04:02:25.289+0800] {processor.py:183} INFO - Processing /home/jithish/Documents/dag-dag-dag/.venv/lib/python3.10/site-packages/airflow/example_dags/example_python_operator.py took 0.058 seconds
[2024-05-15T04:03:53.757+0800] {processor.py:161} INFO - Started process (PID=110375) to work on /home/jithish/Documents/dag-dag-dag/.venv/lib/python3.10/site-packages/airflow/example_dags/example_python_operator.py
[2024-05-15T04:03:53.820+0800] {processor.py:830} INFO - Processing file /home/jithish/Documents/dag-dag-dag/.venv/lib/python3.10/site-packages/airflow/example_dags/example_python_operator.py for tasks to queue
[2024-05-15T04:03:53.824+0800] {logging_mixin.py:188} INFO - [2024-05-15T04:03:53.823+0800] {dagbag.py:545} INFO - Filling up the DagBag from /home/jithish/Documents/dag-dag-dag/.venv/lib/python3.10/site-packages/airflow/example_dags/example_python_operator.py
[2024-05-15T04:03:53.854+0800] {processor.py:840} INFO - DAG(s) 'example_python_operator' retrieved from /home/jithish/Documents/dag-dag-dag/.venv/lib/python3.10/site-packages/airflow/example_dags/example_python_operator.py
[2024-05-15T04:03:53.875+0800] {logging_mixin.py:188} INFO - [2024-05-15T04:03:53.875+0800] {dag.py:3096} INFO - Sync 1 DAGs
[2024-05-15T04:03:53.886+0800] {logging_mixin.py:188} INFO - [2024-05-15T04:03:53.886+0800] {dag.py:3954} INFO - Setting next_dagrun for example_python_operator to None, run_after=None
[2024-05-15T04:03:53.905+0800] {processor.py:183} INFO - Processing /home/jithish/Documents/dag-dag-dag/.venv/lib/python3.10/site-packages/airflow/example_dags/example_python_operator.py took 0.166 seconds
[2024-05-15T04:04:55.499+0800] {processor.py:161} INFO - Started process (PID=111326) to work on /home/jithish/Documents/dag-dag-dag/.venv/lib/python3.10/site-packages/airflow/example_dags/example_python_operator.py
[2024-05-15T04:04:55.562+0800] {processor.py:830} INFO - Processing file /home/jithish/Documents/dag-dag-dag/.venv/lib/python3.10/site-packages/airflow/example_dags/example_python_operator.py for tasks to queue
[2024-05-15T04:04:55.568+0800] {logging_mixin.py:188} INFO - [2024-05-15T04:04:55.567+0800] {dagbag.py:545} INFO - Filling up the DagBag from /home/jithish/Documents/dag-dag-dag/.venv/lib/python3.10/site-packages/airflow/example_dags/example_python_operator.py
[2024-05-15T04:04:55.595+0800] {processor.py:840} INFO - DAG(s) 'example_python_operator' retrieved from /home/jithish/Documents/dag-dag-dag/.venv/lib/python3.10/site-packages/airflow/example_dags/example_python_operator.py
[2024-05-15T04:04:55.618+0800] {logging_mixin.py:188} INFO - [2024-05-15T04:04:55.618+0800] {dag.py:3096} INFO - Sync 1 DAGs
[2024-05-15T04:04:55.631+0800] {logging_mixin.py:188} INFO - [2024-05-15T04:04:55.631+0800] {dag.py:3954} INFO - Setting next_dagrun for example_python_operator to None, run_after=None
[2024-05-15T04:04:55.666+0800] {processor.py:183} INFO - Processing /home/jithish/Documents/dag-dag-dag/.venv/lib/python3.10/site-packages/airflow/example_dags/example_python_operator.py took 0.173 seconds
[2024-05-15T04:05:51.067+0800] {processor.py:161} INFO - Started process (PID=112118) to work on /home/jithish/Documents/dag-dag-dag/.venv/lib/python3.10/site-packages/airflow/example_dags/example_python_operator.py
[2024-05-15T04:05:51.068+0800] {processor.py:830} INFO - Processing file /home/jithish/Documents/dag-dag-dag/.venv/lib/python3.10/site-packages/airflow/example_dags/example_python_operator.py for tasks to queue
[2024-05-15T04:05:51.069+0800] {logging_mixin.py:188} INFO - [2024-05-15T04:05:51.069+0800] {dagbag.py:545} INFO - Filling up the DagBag from /home/jithish/Documents/dag-dag-dag/.venv/lib/python3.10/site-packages/airflow/example_dags/example_python_operator.py
[2024-05-15T04:05:51.079+0800] {processor.py:840} INFO - DAG(s) 'example_python_operator' retrieved from /home/jithish/Documents/dag-dag-dag/.venv/lib/python3.10/site-packages/airflow/example_dags/example_python_operator.py
[2024-05-15T04:05:51.096+0800] {logging_mixin.py:188} INFO - [2024-05-15T04:05:51.096+0800] {dag.py:3096} INFO - Sync 1 DAGs
[2024-05-15T04:05:51.103+0800] {logging_mixin.py:188} INFO - [2024-05-15T04:05:51.103+0800] {dag.py:3954} INFO - Setting next_dagrun for example_python_operator to None, run_after=None
[2024-05-15T04:05:51.132+0800] {processor.py:183} INFO - Processing /home/jithish/Documents/dag-dag-dag/.venv/lib/python3.10/site-packages/airflow/example_dags/example_python_operator.py took 0.070 seconds
[2024-05-15T04:06:46.382+0800] {processor.py:161} INFO - Started process (PID=112899) to work on /home/jithish/Documents/dag-dag-dag/.venv/lib/python3.10/site-packages/airflow/example_dags/example_python_operator.py
[2024-05-15T04:06:46.443+0800] {processor.py:830} INFO - Processing file /home/jithish/Documents/dag-dag-dag/.venv/lib/python3.10/site-packages/airflow/example_dags/example_python_operator.py for tasks to queue
[2024-05-15T04:06:46.448+0800] {logging_mixin.py:188} INFO - [2024-05-15T04:06:46.447+0800] {dagbag.py:545} INFO - Filling up the DagBag from /home/jithish/Documents/dag-dag-dag/.venv/lib/python3.10/site-packages/airflow/example_dags/example_python_operator.py
[2024-05-15T04:06:46.478+0800] {processor.py:840} INFO - DAG(s) 'example_python_operator' retrieved from /home/jithish/Documents/dag-dag-dag/.venv/lib/python3.10/site-packages/airflow/example_dags/example_python_operator.py
[2024-05-15T04:06:46.503+0800] {logging_mixin.py:188} INFO - [2024-05-15T04:06:46.502+0800] {dag.py:3096} INFO - Sync 1 DAGs
[2024-05-15T04:06:46.514+0800] {logging_mixin.py:188} INFO - [2024-05-15T04:06:46.514+0800] {dag.py:3954} INFO - Setting next_dagrun for example_python_operator to None, run_after=None
[2024-05-15T04:06:46.541+0800] {processor.py:183} INFO - Processing /home/jithish/Documents/dag-dag-dag/.venv/lib/python3.10/site-packages/airflow/example_dags/example_python_operator.py took 0.166 seconds
[2024-05-15T04:07:42.547+0800] {processor.py:161} INFO - Started process (PID=113600) to work on /home/jithish/Documents/dag-dag-dag/.venv/lib/python3.10/site-packages/airflow/example_dags/example_python_operator.py
[2024-05-15T04:07:42.608+0800] {processor.py:830} INFO - Processing file /home/jithish/Documents/dag-dag-dag/.venv/lib/python3.10/site-packages/airflow/example_dags/example_python_operator.py for tasks to queue
[2024-05-15T04:07:42.614+0800] {logging_mixin.py:188} INFO - [2024-05-15T04:07:42.613+0800] {dagbag.py:545} INFO - Filling up the DagBag from /home/jithish/Documents/dag-dag-dag/.venv/lib/python3.10/site-packages/airflow/example_dags/example_python_operator.py
[2024-05-15T04:07:42.640+0800] {processor.py:840} INFO - DAG(s) 'example_python_operator' retrieved from /home/jithish/Documents/dag-dag-dag/.venv/lib/python3.10/site-packages/airflow/example_dags/example_python_operator.py
[2024-05-15T04:07:42.659+0800] {logging_mixin.py:188} INFO - [2024-05-15T04:07:42.659+0800] {dag.py:3096} INFO - Sync 1 DAGs
[2024-05-15T04:07:42.668+0800] {logging_mixin.py:188} INFO - [2024-05-15T04:07:42.668+0800] {dag.py:3954} INFO - Setting next_dagrun for example_python_operator to None, run_after=None
[2024-05-15T04:07:42.693+0800] {processor.py:183} INFO - Processing /home/jithish/Documents/dag-dag-dag/.venv/lib/python3.10/site-packages/airflow/example_dags/example_python_operator.py took 0.154 seconds
[2024-05-15T04:08:36.062+0800] {processor.py:161} INFO - Started process (PID=114308) to work on /home/jithish/Documents/dag-dag-dag/.venv/lib/python3.10/site-packages/airflow/example_dags/example_python_operator.py
[2024-05-15T04:08:36.069+0800] {processor.py:830} INFO - Processing file /home/jithish/Documents/dag-dag-dag/.venv/lib/python3.10/site-packages/airflow/example_dags/example_python_operator.py for tasks to queue
[2024-05-15T04:08:36.075+0800] {logging_mixin.py:188} INFO - [2024-05-15T04:08:36.073+0800] {dagbag.py:545} INFO - Filling up the DagBag from /home/jithish/Documents/dag-dag-dag/.venv/lib/python3.10/site-packages/airflow/example_dags/example_python_operator.py
[2024-05-15T04:08:36.100+0800] {processor.py:840} INFO - DAG(s) 'example_python_operator' retrieved from /home/jithish/Documents/dag-dag-dag/.venv/lib/python3.10/site-packages/airflow/example_dags/example_python_operator.py
[2024-05-15T04:08:36.119+0800] {logging_mixin.py:188} INFO - [2024-05-15T04:08:36.119+0800] {dag.py:3096} INFO - Sync 1 DAGs
[2024-05-15T04:08:36.128+0800] {logging_mixin.py:188} INFO - [2024-05-15T04:08:36.128+0800] {dag.py:3954} INFO - Setting next_dagrun for example_python_operator to None, run_after=None
[2024-05-15T04:08:36.147+0800] {processor.py:183} INFO - Processing /home/jithish/Documents/dag-dag-dag/.venv/lib/python3.10/site-packages/airflow/example_dags/example_python_operator.py took 0.094 seconds
[2024-05-15T04:09:36.464+0800] {processor.py:161} INFO - Started process (PID=115244) to work on /home/jithish/Documents/dag-dag-dag/.venv/lib/python3.10/site-packages/airflow/example_dags/example_python_operator.py
[2024-05-15T04:09:36.527+0800] {processor.py:830} INFO - Processing file /home/jithish/Documents/dag-dag-dag/.venv/lib/python3.10/site-packages/airflow/example_dags/example_python_operator.py for tasks to queue
[2024-05-15T04:09:36.529+0800] {logging_mixin.py:188} INFO - [2024-05-15T04:09:36.528+0800] {dagbag.py:545} INFO - Filling up the DagBag from /home/jithish/Documents/dag-dag-dag/.venv/lib/python3.10/site-packages/airflow/example_dags/example_python_operator.py
[2024-05-15T04:09:36.542+0800] {processor.py:840} INFO - DAG(s) 'example_python_operator' retrieved from /home/jithish/Documents/dag-dag-dag/.venv/lib/python3.10/site-packages/airflow/example_dags/example_python_operator.py
[2024-05-15T04:09:36.573+0800] {logging_mixin.py:188} INFO - [2024-05-15T04:09:36.573+0800] {dag.py:3096} INFO - Sync 1 DAGs
[2024-05-15T04:09:36.581+0800] {logging_mixin.py:188} INFO - [2024-05-15T04:09:36.581+0800] {dag.py:3954} INFO - Setting next_dagrun for example_python_operator to None, run_after=None
[2024-05-15T04:09:36.615+0800] {processor.py:183} INFO - Processing /home/jithish/Documents/dag-dag-dag/.venv/lib/python3.10/site-packages/airflow/example_dags/example_python_operator.py took 0.167 seconds
[2024-05-15T04:10:29.309+0800] {processor.py:161} INFO - Started process (PID=116017) to work on /home/jithish/Documents/dag-dag-dag/.venv/lib/python3.10/site-packages/airflow/example_dags/example_python_operator.py
[2024-05-15T04:10:29.312+0800] {processor.py:830} INFO - Processing file /home/jithish/Documents/dag-dag-dag/.venv/lib/python3.10/site-packages/airflow/example_dags/example_python_operator.py for tasks to queue
[2024-05-15T04:10:29.316+0800] {logging_mixin.py:188} INFO - [2024-05-15T04:10:29.315+0800] {dagbag.py:545} INFO - Filling up the DagBag from /home/jithish/Documents/dag-dag-dag/.venv/lib/python3.10/site-packages/airflow/example_dags/example_python_operator.py
[2024-05-15T04:10:29.327+0800] {processor.py:840} INFO - DAG(s) 'example_python_operator' retrieved from /home/jithish/Documents/dag-dag-dag/.venv/lib/python3.10/site-packages/airflow/example_dags/example_python_operator.py
[2024-05-15T04:10:29.352+0800] {logging_mixin.py:188} INFO - [2024-05-15T04:10:29.351+0800] {dag.py:3096} INFO - Sync 1 DAGs
[2024-05-15T04:10:29.362+0800] {logging_mixin.py:188} INFO - [2024-05-15T04:10:29.361+0800] {dag.py:3954} INFO - Setting next_dagrun for example_python_operator to None, run_after=None
[2024-05-15T04:10:29.387+0800] {processor.py:183} INFO - Processing /home/jithish/Documents/dag-dag-dag/.venv/lib/python3.10/site-packages/airflow/example_dags/example_python_operator.py took 0.083 seconds
[2024-05-15T04:11:22.986+0800] {processor.py:161} INFO - Started process (PID=116795) to work on /home/jithish/Documents/dag-dag-dag/.venv/lib/python3.10/site-packages/airflow/example_dags/example_python_operator.py
[2024-05-15T04:11:23.048+0800] {processor.py:830} INFO - Processing file /home/jithish/Documents/dag-dag-dag/.venv/lib/python3.10/site-packages/airflow/example_dags/example_python_operator.py for tasks to queue
[2024-05-15T04:11:23.055+0800] {logging_mixin.py:188} INFO - [2024-05-15T04:11:23.053+0800] {dagbag.py:545} INFO - Filling up the DagBag from /home/jithish/Documents/dag-dag-dag/.venv/lib/python3.10/site-packages/airflow/example_dags/example_python_operator.py
[2024-05-15T04:11:23.084+0800] {processor.py:840} INFO - DAG(s) 'example_python_operator' retrieved from /home/jithish/Documents/dag-dag-dag/.venv/lib/python3.10/site-packages/airflow/example_dags/example_python_operator.py
[2024-05-15T04:11:23.103+0800] {logging_mixin.py:188} INFO - [2024-05-15T04:11:23.103+0800] {dag.py:3096} INFO - Sync 1 DAGs
[2024-05-15T04:11:23.113+0800] {logging_mixin.py:188} INFO - [2024-05-15T04:11:23.113+0800] {dag.py:3954} INFO - Setting next_dagrun for example_python_operator to None, run_after=None
[2024-05-15T04:11:23.132+0800] {processor.py:183} INFO - Processing /home/jithish/Documents/dag-dag-dag/.venv/lib/python3.10/site-packages/airflow/example_dags/example_python_operator.py took 0.158 seconds
[2024-05-15T04:12:21.546+0800] {processor.py:161} INFO - Started process (PID=117639) to work on /home/jithish/Documents/dag-dag-dag/.venv/lib/python3.10/site-packages/airflow/example_dags/example_python_operator.py
[2024-05-15T04:12:21.547+0800] {processor.py:830} INFO - Processing file /home/jithish/Documents/dag-dag-dag/.venv/lib/python3.10/site-packages/airflow/example_dags/example_python_operator.py for tasks to queue
[2024-05-15T04:12:21.549+0800] {logging_mixin.py:188} INFO - [2024-05-15T04:12:21.548+0800] {dagbag.py:545} INFO - Filling up the DagBag from /home/jithish/Documents/dag-dag-dag/.venv/lib/python3.10/site-packages/airflow/example_dags/example_python_operator.py
[2024-05-15T04:12:21.559+0800] {processor.py:840} INFO - DAG(s) 'example_python_operator' retrieved from /home/jithish/Documents/dag-dag-dag/.venv/lib/python3.10/site-packages/airflow/example_dags/example_python_operator.py
[2024-05-15T04:12:21.574+0800] {logging_mixin.py:188} INFO - [2024-05-15T04:12:21.574+0800] {dag.py:3096} INFO - Sync 1 DAGs
[2024-05-15T04:12:21.583+0800] {logging_mixin.py:188} INFO - [2024-05-15T04:12:21.583+0800] {dag.py:3954} INFO - Setting next_dagrun for example_python_operator to None, run_after=None
[2024-05-15T04:12:21.597+0800] {processor.py:183} INFO - Processing /home/jithish/Documents/dag-dag-dag/.venv/lib/python3.10/site-packages/airflow/example_dags/example_python_operator.py took 0.056 seconds
[2024-05-15T04:13:18.528+0800] {processor.py:161} INFO - Started process (PID=118442) to work on /home/jithish/Documents/dag-dag-dag/.venv/lib/python3.10/site-packages/airflow/example_dags/example_python_operator.py
[2024-05-15T04:13:18.529+0800] {processor.py:830} INFO - Processing file /home/jithish/Documents/dag-dag-dag/.venv/lib/python3.10/site-packages/airflow/example_dags/example_python_operator.py for tasks to queue
[2024-05-15T04:13:18.530+0800] {logging_mixin.py:188} INFO - [2024-05-15T04:13:18.529+0800] {dagbag.py:545} INFO - Filling up the DagBag from /home/jithish/Documents/dag-dag-dag/.venv/lib/python3.10/site-packages/airflow/example_dags/example_python_operator.py
[2024-05-15T04:13:18.537+0800] {processor.py:840} INFO - DAG(s) 'example_python_operator' retrieved from /home/jithish/Documents/dag-dag-dag/.venv/lib/python3.10/site-packages/airflow/example_dags/example_python_operator.py
[2024-05-15T04:13:18.552+0800] {logging_mixin.py:188} INFO - [2024-05-15T04:13:18.552+0800] {dag.py:3096} INFO - Sync 1 DAGs
[2024-05-15T04:13:18.562+0800] {logging_mixin.py:188} INFO - [2024-05-15T04:13:18.562+0800] {dag.py:3954} INFO - Setting next_dagrun for example_python_operator to None, run_after=None
[2024-05-15T04:13:18.577+0800] {processor.py:183} INFO - Processing /home/jithish/Documents/dag-dag-dag/.venv/lib/python3.10/site-packages/airflow/example_dags/example_python_operator.py took 0.055 seconds
[2024-05-15T04:14:13.546+0800] {processor.py:161} INFO - Started process (PID=119303) to work on /home/jithish/Documents/dag-dag-dag/.venv/lib/python3.10/site-packages/airflow/example_dags/example_python_operator.py
[2024-05-15T04:14:13.607+0800] {processor.py:830} INFO - Processing file /home/jithish/Documents/dag-dag-dag/.venv/lib/python3.10/site-packages/airflow/example_dags/example_python_operator.py for tasks to queue
[2024-05-15T04:14:13.610+0800] {logging_mixin.py:188} INFO - [2024-05-15T04:14:13.609+0800] {dagbag.py:545} INFO - Filling up the DagBag from /home/jithish/Documents/dag-dag-dag/.venv/lib/python3.10/site-packages/airflow/example_dags/example_python_operator.py
[2024-05-15T04:14:13.629+0800] {processor.py:840} INFO - DAG(s) 'example_python_operator' retrieved from /home/jithish/Documents/dag-dag-dag/.venv/lib/python3.10/site-packages/airflow/example_dags/example_python_operator.py
[2024-05-15T04:14:13.646+0800] {logging_mixin.py:188} INFO - [2024-05-15T04:14:13.646+0800] {dag.py:3096} INFO - Sync 1 DAGs
[2024-05-15T04:14:13.654+0800] {logging_mixin.py:188} INFO - [2024-05-15T04:14:13.654+0800] {dag.py:3954} INFO - Setting next_dagrun for example_python_operator to None, run_after=None
[2024-05-15T04:14:13.674+0800] {processor.py:183} INFO - Processing /home/jithish/Documents/dag-dag-dag/.venv/lib/python3.10/site-packages/airflow/example_dags/example_python_operator.py took 0.136 seconds
[2024-05-15T04:15:10.514+0800] {processor.py:161} INFO - Started process (PID=119893) to work on /home/jithish/Documents/dag-dag-dag/.venv/lib/python3.10/site-packages/airflow/example_dags/example_python_operator.py
[2024-05-15T04:15:10.576+0800] {processor.py:830} INFO - Processing file /home/jithish/Documents/dag-dag-dag/.venv/lib/python3.10/site-packages/airflow/example_dags/example_python_operator.py for tasks to queue
[2024-05-15T04:15:10.577+0800] {logging_mixin.py:188} INFO - [2024-05-15T04:15:10.577+0800] {dagbag.py:545} INFO - Filling up the DagBag from /home/jithish/Documents/dag-dag-dag/.venv/lib/python3.10/site-packages/airflow/example_dags/example_python_operator.py
[2024-05-15T04:15:10.584+0800] {processor.py:840} INFO - DAG(s) 'example_python_operator' retrieved from /home/jithish/Documents/dag-dag-dag/.venv/lib/python3.10/site-packages/airflow/example_dags/example_python_operator.py
[2024-05-15T04:15:10.597+0800] {logging_mixin.py:188} INFO - [2024-05-15T04:15:10.596+0800] {dag.py:3096} INFO - Sync 1 DAGs
[2024-05-15T04:15:10.604+0800] {logging_mixin.py:188} INFO - [2024-05-15T04:15:10.604+0800] {dag.py:3954} INFO - Setting next_dagrun for example_python_operator to None, run_after=None
[2024-05-15T04:15:10.632+0800] {processor.py:183} INFO - Processing /home/jithish/Documents/dag-dag-dag/.venv/lib/python3.10/site-packages/airflow/example_dags/example_python_operator.py took 0.139 seconds
[2024-05-15T04:16:05.686+0800] {processor.py:161} INFO - Started process (PID=120512) to work on /home/jithish/Documents/dag-dag-dag/.venv/lib/python3.10/site-packages/airflow/example_dags/example_python_operator.py
[2024-05-15T04:16:05.689+0800] {processor.py:830} INFO - Processing file /home/jithish/Documents/dag-dag-dag/.venv/lib/python3.10/site-packages/airflow/example_dags/example_python_operator.py for tasks to queue
[2024-05-15T04:16:05.691+0800] {logging_mixin.py:188} INFO - [2024-05-15T04:16:05.690+0800] {dagbag.py:545} INFO - Filling up the DagBag from /home/jithish/Documents/dag-dag-dag/.venv/lib/python3.10/site-packages/airflow/example_dags/example_python_operator.py
[2024-05-15T04:16:05.699+0800] {processor.py:840} INFO - DAG(s) 'example_python_operator' retrieved from /home/jithish/Documents/dag-dag-dag/.venv/lib/python3.10/site-packages/airflow/example_dags/example_python_operator.py
[2024-05-15T04:16:05.712+0800] {logging_mixin.py:188} INFO - [2024-05-15T04:16:05.712+0800] {dag.py:3096} INFO - Sync 1 DAGs
[2024-05-15T04:16:05.720+0800] {logging_mixin.py:188} INFO - [2024-05-15T04:16:05.720+0800] {dag.py:3954} INFO - Setting next_dagrun for example_python_operator to None, run_after=None
[2024-05-15T04:16:05.746+0800] {processor.py:183} INFO - Processing /home/jithish/Documents/dag-dag-dag/.venv/lib/python3.10/site-packages/airflow/example_dags/example_python_operator.py took 0.064 seconds
