[2024-05-15T02:59:13.478+0800] {processor.py:161} INFO - Started process (PID=65465) to work on /home/jithish/Documents/dag-dag-dag/.venv/lib/python3.10/site-packages/airflow/example_dags/example_dag_decorator.py
[2024-05-15T02:59:13.479+0800] {processor.py:830} INFO - Processing file /home/jithish/Documents/dag-dag-dag/.venv/lib/python3.10/site-packages/airflow/example_dags/example_dag_decorator.py for tasks to queue
[2024-05-15T02:59:13.481+0800] {logging_mixin.py:188} INFO - [2024-05-15T02:59:13.480+0800] {dagbag.py:545} INFO - Filling up the DagBag from /home/jithish/Documents/dag-dag-dag/.venv/lib/python3.10/site-packages/airflow/example_dags/example_dag_decorator.py
[2024-05-15T02:59:13.540+0800] {processor.py:840} INFO - DAG(s) 'example_dag_decorator' retrieved from /home/jithish/Documents/dag-dag-dag/.venv/lib/python3.10/site-packages/airflow/example_dags/example_dag_decorator.py
[2024-05-15T02:59:13.675+0800] {logging_mixin.py:188} INFO - [2024-05-15T02:59:13.675+0800] {dag.py:3096} INFO - Sync 1 DAGs
[2024-05-15T02:59:13.683+0800] {logging_mixin.py:188} INFO - [2024-05-15T02:59:13.682+0800] {dag.py:3954} INFO - Setting next_dagrun for example_dag_decorator to None, run_after=None
[2024-05-15T02:59:13.770+0800] {processor.py:183} INFO - Processing /home/jithish/Documents/dag-dag-dag/.venv/lib/python3.10/site-packages/airflow/example_dags/example_dag_decorator.py took 0.297 seconds
[2024-05-15T03:14:33.578+0800] {processor.py:161} INFO - Started process (PID=75009) to work on /home/jithish/Documents/dag-dag-dag/.venv/lib/python3.10/site-packages/airflow/example_dags/example_dag_decorator.py
[2024-05-15T03:14:33.639+0800] {processor.py:830} INFO - Processing file /home/jithish/Documents/dag-dag-dag/.venv/lib/python3.10/site-packages/airflow/example_dags/example_dag_decorator.py for tasks to queue
[2024-05-15T03:14:33.646+0800] {logging_mixin.py:188} INFO - [2024-05-15T03:14:33.644+0800] {dagbag.py:545} INFO - Filling up the DagBag from /home/jithish/Documents/dag-dag-dag/.venv/lib/python3.10/site-packages/airflow/example_dags/example_dag_decorator.py
[2024-05-15T03:14:33.746+0800] {processor.py:840} INFO - DAG(s) 'example_dag_decorator' retrieved from /home/jithish/Documents/dag-dag-dag/.venv/lib/python3.10/site-packages/airflow/example_dags/example_dag_decorator.py
[2024-05-15T03:14:33.933+0800] {logging_mixin.py:188} INFO - [2024-05-15T03:14:33.933+0800] {dag.py:3096} INFO - Sync 1 DAGs
[2024-05-15T03:14:33.943+0800] {logging_mixin.py:188} INFO - [2024-05-15T03:14:33.943+0800] {dag.py:3954} INFO - Setting next_dagrun for example_dag_decorator to None, run_after=None
[2024-05-15T03:14:34.049+0800] {processor.py:183} INFO - Processing /home/jithish/Documents/dag-dag-dag/.venv/lib/python3.10/site-packages/airflow/example_dags/example_dag_decorator.py took 0.480 seconds
[2024-05-15T03:15:37.950+0800] {processor.py:161} INFO - Started process (PID=75858) to work on /home/jithish/Documents/dag-dag-dag/.venv/lib/python3.10/site-packages/airflow/example_dags/example_dag_decorator.py
[2024-05-15T03:15:38.011+0800] {processor.py:830} INFO - Processing file /home/jithish/Documents/dag-dag-dag/.venv/lib/python3.10/site-packages/airflow/example_dags/example_dag_decorator.py for tasks to queue
[2024-05-15T03:15:38.016+0800] {logging_mixin.py:188} INFO - [2024-05-15T03:15:38.015+0800] {dagbag.py:545} INFO - Filling up the DagBag from /home/jithish/Documents/dag-dag-dag/.venv/lib/python3.10/site-packages/airflow/example_dags/example_dag_decorator.py
[2024-05-15T03:15:38.171+0800] {processor.py:840} INFO - DAG(s) 'example_dag_decorator' retrieved from /home/jithish/Documents/dag-dag-dag/.venv/lib/python3.10/site-packages/airflow/example_dags/example_dag_decorator.py
[2024-05-15T03:15:38.230+0800] {logging_mixin.py:188} INFO - [2024-05-15T03:15:38.230+0800] {dag.py:3096} INFO - Sync 1 DAGs
[2024-05-15T03:15:38.236+0800] {logging_mixin.py:188} INFO - [2024-05-15T03:15:38.236+0800] {dag.py:3954} INFO - Setting next_dagrun for example_dag_decorator to None, run_after=None
[2024-05-15T03:15:38.251+0800] {processor.py:183} INFO - Processing /home/jithish/Documents/dag-dag-dag/.venv/lib/python3.10/site-packages/airflow/example_dags/example_dag_decorator.py took 0.305 seconds
[2024-05-15T03:16:41.750+0800] {processor.py:161} INFO - Started process (PID=76655) to work on /home/jithish/Documents/dag-dag-dag/.venv/lib/python3.10/site-packages/airflow/example_dags/example_dag_decorator.py
[2024-05-15T03:16:41.811+0800] {processor.py:830} INFO - Processing file /home/jithish/Documents/dag-dag-dag/.venv/lib/python3.10/site-packages/airflow/example_dags/example_dag_decorator.py for tasks to queue
[2024-05-15T03:16:41.814+0800] {logging_mixin.py:188} INFO - [2024-05-15T03:16:41.813+0800] {dagbag.py:545} INFO - Filling up the DagBag from /home/jithish/Documents/dag-dag-dag/.venv/lib/python3.10/site-packages/airflow/example_dags/example_dag_decorator.py
[2024-05-15T03:16:41.896+0800] {processor.py:840} INFO - DAG(s) 'example_dag_decorator' retrieved from /home/jithish/Documents/dag-dag-dag/.venv/lib/python3.10/site-packages/airflow/example_dags/example_dag_decorator.py
[2024-05-15T03:16:41.962+0800] {logging_mixin.py:188} INFO - [2024-05-15T03:16:41.961+0800] {dag.py:3096} INFO - Sync 1 DAGs
[2024-05-15T03:16:41.968+0800] {logging_mixin.py:188} INFO - [2024-05-15T03:16:41.968+0800] {dag.py:3954} INFO - Setting next_dagrun for example_dag_decorator to None, run_after=None
[2024-05-15T03:16:42.058+0800] {processor.py:183} INFO - Processing /home/jithish/Documents/dag-dag-dag/.venv/lib/python3.10/site-packages/airflow/example_dags/example_dag_decorator.py took 0.313 seconds
[2024-05-15T03:17:45.386+0800] {processor.py:161} INFO - Started process (PID=77654) to work on /home/jithish/Documents/dag-dag-dag/.venv/lib/python3.10/site-packages/airflow/example_dags/example_dag_decorator.py
[2024-05-15T03:17:45.387+0800] {processor.py:830} INFO - Processing file /home/jithish/Documents/dag-dag-dag/.venv/lib/python3.10/site-packages/airflow/example_dags/example_dag_decorator.py for tasks to queue
[2024-05-15T03:17:45.388+0800] {logging_mixin.py:188} INFO - [2024-05-15T03:17:45.388+0800] {dagbag.py:545} INFO - Filling up the DagBag from /home/jithish/Documents/dag-dag-dag/.venv/lib/python3.10/site-packages/airflow/example_dags/example_dag_decorator.py
[2024-05-15T03:17:45.455+0800] {processor.py:840} INFO - DAG(s) 'example_dag_decorator' retrieved from /home/jithish/Documents/dag-dag-dag/.venv/lib/python3.10/site-packages/airflow/example_dags/example_dag_decorator.py
[2024-05-15T03:17:45.526+0800] {logging_mixin.py:188} INFO - [2024-05-15T03:17:45.526+0800] {dag.py:3096} INFO - Sync 1 DAGs
[2024-05-15T03:17:45.533+0800] {logging_mixin.py:188} INFO - [2024-05-15T03:17:45.533+0800] {dag.py:3954} INFO - Setting next_dagrun for example_dag_decorator to None, run_after=None
[2024-05-15T03:17:45.548+0800] {processor.py:183} INFO - Processing /home/jithish/Documents/dag-dag-dag/.venv/lib/python3.10/site-packages/airflow/example_dags/example_dag_decorator.py took 0.168 seconds
[2024-05-15T03:18:40.228+0800] {processor.py:161} INFO - Started process (PID=78426) to work on /home/jithish/Documents/dag-dag-dag/.venv/lib/python3.10/site-packages/airflow/example_dags/example_dag_decorator.py
[2024-05-15T03:18:40.229+0800] {processor.py:830} INFO - Processing file /home/jithish/Documents/dag-dag-dag/.venv/lib/python3.10/site-packages/airflow/example_dags/example_dag_decorator.py for tasks to queue
[2024-05-15T03:18:40.231+0800] {logging_mixin.py:188} INFO - [2024-05-15T03:18:40.230+0800] {dagbag.py:545} INFO - Filling up the DagBag from /home/jithish/Documents/dag-dag-dag/.venv/lib/python3.10/site-packages/airflow/example_dags/example_dag_decorator.py
[2024-05-15T03:18:40.305+0800] {processor.py:840} INFO - DAG(s) 'example_dag_decorator' retrieved from /home/jithish/Documents/dag-dag-dag/.venv/lib/python3.10/site-packages/airflow/example_dags/example_dag_decorator.py
[2024-05-15T03:18:40.377+0800] {logging_mixin.py:188} INFO - [2024-05-15T03:18:40.376+0800] {dag.py:3096} INFO - Sync 1 DAGs
[2024-05-15T03:18:40.383+0800] {logging_mixin.py:188} INFO - [2024-05-15T03:18:40.382+0800] {dag.py:3954} INFO - Setting next_dagrun for example_dag_decorator to None, run_after=None
[2024-05-15T03:18:40.484+0800] {processor.py:183} INFO - Processing /home/jithish/Documents/dag-dag-dag/.venv/lib/python3.10/site-packages/airflow/example_dags/example_dag_decorator.py took 0.261 seconds
[2024-05-15T03:19:36.541+0800] {processor.py:161} INFO - Started process (PID=79252) to work on /home/jithish/Documents/dag-dag-dag/.venv/lib/python3.10/site-packages/airflow/example_dags/example_dag_decorator.py
[2024-05-15T03:19:36.603+0800] {processor.py:830} INFO - Processing file /home/jithish/Documents/dag-dag-dag/.venv/lib/python3.10/site-packages/airflow/example_dags/example_dag_decorator.py for tasks to queue
[2024-05-15T03:19:36.604+0800] {logging_mixin.py:188} INFO - [2024-05-15T03:19:36.604+0800] {dagbag.py:545} INFO - Filling up the DagBag from /home/jithish/Documents/dag-dag-dag/.venv/lib/python3.10/site-packages/airflow/example_dags/example_dag_decorator.py
[2024-05-15T03:19:36.693+0800] {processor.py:840} INFO - DAG(s) 'example_dag_decorator' retrieved from /home/jithish/Documents/dag-dag-dag/.venv/lib/python3.10/site-packages/airflow/example_dags/example_dag_decorator.py
[2024-05-15T03:19:36.792+0800] {logging_mixin.py:188} INFO - [2024-05-15T03:19:36.792+0800] {dag.py:3096} INFO - Sync 1 DAGs
[2024-05-15T03:19:36.800+0800] {logging_mixin.py:188} INFO - [2024-05-15T03:19:36.799+0800] {dag.py:3954} INFO - Setting next_dagrun for example_dag_decorator to None, run_after=None
[2024-05-15T03:19:36.818+0800] {processor.py:183} INFO - Processing /home/jithish/Documents/dag-dag-dag/.venv/lib/python3.10/site-packages/airflow/example_dags/example_dag_decorator.py took 0.291 seconds
[2024-05-15T03:20:29.381+0800] {processor.py:161} INFO - Started process (PID=79958) to work on /home/jithish/Documents/dag-dag-dag/.venv/lib/python3.10/site-packages/airflow/example_dags/example_dag_decorator.py
[2024-05-15T03:20:29.382+0800] {processor.py:830} INFO - Processing file /home/jithish/Documents/dag-dag-dag/.venv/lib/python3.10/site-packages/airflow/example_dags/example_dag_decorator.py for tasks to queue
[2024-05-15T03:20:29.383+0800] {logging_mixin.py:188} INFO - [2024-05-15T03:20:29.383+0800] {dagbag.py:545} INFO - Filling up the DagBag from /home/jithish/Documents/dag-dag-dag/.venv/lib/python3.10/site-packages/airflow/example_dags/example_dag_decorator.py
[2024-05-15T03:20:29.446+0800] {processor.py:840} INFO - DAG(s) 'example_dag_decorator' retrieved from /home/jithish/Documents/dag-dag-dag/.venv/lib/python3.10/site-packages/airflow/example_dags/example_dag_decorator.py
[2024-05-15T03:20:29.512+0800] {logging_mixin.py:188} INFO - [2024-05-15T03:20:29.512+0800] {dag.py:3096} INFO - Sync 1 DAGs
[2024-05-15T03:20:29.518+0800] {logging_mixin.py:188} INFO - [2024-05-15T03:20:29.518+0800] {dag.py:3954} INFO - Setting next_dagrun for example_dag_decorator to None, run_after=None
[2024-05-15T03:20:29.626+0800] {processor.py:183} INFO - Processing /home/jithish/Documents/dag-dag-dag/.venv/lib/python3.10/site-packages/airflow/example_dags/example_dag_decorator.py took 0.249 seconds
[2024-05-15T03:21:21.298+0800] {processor.py:161} INFO - Started process (PID=80705) to work on /home/jithish/Documents/dag-dag-dag/.venv/lib/python3.10/site-packages/airflow/example_dags/example_dag_decorator.py
[2024-05-15T03:21:21.359+0800] {processor.py:830} INFO - Processing file /home/jithish/Documents/dag-dag-dag/.venv/lib/python3.10/site-packages/airflow/example_dags/example_dag_decorator.py for tasks to queue
[2024-05-15T03:21:21.364+0800] {logging_mixin.py:188} INFO - [2024-05-15T03:21:21.363+0800] {dagbag.py:545} INFO - Filling up the DagBag from /home/jithish/Documents/dag-dag-dag/.venv/lib/python3.10/site-packages/airflow/example_dags/example_dag_decorator.py
[2024-05-15T03:21:21.457+0800] {processor.py:840} INFO - DAG(s) 'example_dag_decorator' retrieved from /home/jithish/Documents/dag-dag-dag/.venv/lib/python3.10/site-packages/airflow/example_dags/example_dag_decorator.py
[2024-05-15T03:21:21.471+0800] {logging_mixin.py:188} INFO - [2024-05-15T03:21:21.471+0800] {dag.py:3096} INFO - Sync 1 DAGs
[2024-05-15T03:21:21.479+0800] {logging_mixin.py:188} INFO - [2024-05-15T03:21:21.478+0800] {dag.py:3954} INFO - Setting next_dagrun for example_dag_decorator to None, run_after=None
[2024-05-15T03:21:21.586+0800] {processor.py:183} INFO - Processing /home/jithish/Documents/dag-dag-dag/.venv/lib/python3.10/site-packages/airflow/example_dags/example_dag_decorator.py took 0.292 seconds
[2024-05-15T03:22:12.822+0800] {processor.py:161} INFO - Started process (PID=81449) to work on /home/jithish/Documents/dag-dag-dag/.venv/lib/python3.10/site-packages/airflow/example_dags/example_dag_decorator.py
[2024-05-15T03:22:12.882+0800] {processor.py:830} INFO - Processing file /home/jithish/Documents/dag-dag-dag/.venv/lib/python3.10/site-packages/airflow/example_dags/example_dag_decorator.py for tasks to queue
[2024-05-15T03:22:12.884+0800] {logging_mixin.py:188} INFO - [2024-05-15T03:22:12.883+0800] {dagbag.py:545} INFO - Filling up the DagBag from /home/jithish/Documents/dag-dag-dag/.venv/lib/python3.10/site-packages/airflow/example_dags/example_dag_decorator.py
[2024-05-15T03:22:12.947+0800] {processor.py:840} INFO - DAG(s) 'example_dag_decorator' retrieved from /home/jithish/Documents/dag-dag-dag/.venv/lib/python3.10/site-packages/airflow/example_dags/example_dag_decorator.py
[2024-05-15T03:22:12.961+0800] {logging_mixin.py:188} INFO - [2024-05-15T03:22:12.960+0800] {dag.py:3096} INFO - Sync 1 DAGs
[2024-05-15T03:22:12.968+0800] {logging_mixin.py:188} INFO - [2024-05-15T03:22:12.968+0800] {dag.py:3954} INFO - Setting next_dagrun for example_dag_decorator to None, run_after=None
[2024-05-15T03:22:12.987+0800] {processor.py:183} INFO - Processing /home/jithish/Documents/dag-dag-dag/.venv/lib/python3.10/site-packages/airflow/example_dags/example_dag_decorator.py took 0.172 seconds
[2024-05-15T03:23:07.236+0800] {processor.py:161} INFO - Started process (PID=82152) to work on /home/jithish/Documents/dag-dag-dag/.venv/lib/python3.10/site-packages/airflow/example_dags/example_dag_decorator.py
[2024-05-15T03:23:07.245+0800] {processor.py:830} INFO - Processing file /home/jithish/Documents/dag-dag-dag/.venv/lib/python3.10/site-packages/airflow/example_dags/example_dag_decorator.py for tasks to queue
[2024-05-15T03:23:07.246+0800] {logging_mixin.py:188} INFO - [2024-05-15T03:23:07.246+0800] {dagbag.py:545} INFO - Filling up the DagBag from /home/jithish/Documents/dag-dag-dag/.venv/lib/python3.10/site-packages/airflow/example_dags/example_dag_decorator.py
[2024-05-15T03:23:07.323+0800] {processor.py:840} INFO - DAG(s) 'example_dag_decorator' retrieved from /home/jithish/Documents/dag-dag-dag/.venv/lib/python3.10/site-packages/airflow/example_dags/example_dag_decorator.py
[2024-05-15T03:23:07.399+0800] {logging_mixin.py:188} INFO - [2024-05-15T03:23:07.399+0800] {dag.py:3096} INFO - Sync 1 DAGs
[2024-05-15T03:23:07.406+0800] {logging_mixin.py:188} INFO - [2024-05-15T03:23:07.406+0800] {dag.py:3954} INFO - Setting next_dagrun for example_dag_decorator to None, run_after=None
[2024-05-15T03:23:07.421+0800] {processor.py:183} INFO - Processing /home/jithish/Documents/dag-dag-dag/.venv/lib/python3.10/site-packages/airflow/example_dags/example_dag_decorator.py took 0.189 seconds
[2024-05-15T03:23:59.403+0800] {processor.py:161} INFO - Started process (PID=82637) to work on /home/jithish/Documents/dag-dag-dag/.venv/lib/python3.10/site-packages/airflow/example_dags/example_dag_decorator.py
[2024-05-15T03:23:59.466+0800] {processor.py:830} INFO - Processing file /home/jithish/Documents/dag-dag-dag/.venv/lib/python3.10/site-packages/airflow/example_dags/example_dag_decorator.py for tasks to queue
[2024-05-15T03:23:59.471+0800] {logging_mixin.py:188} INFO - [2024-05-15T03:23:59.470+0800] {dagbag.py:545} INFO - Filling up the DagBag from /home/jithish/Documents/dag-dag-dag/.venv/lib/python3.10/site-packages/airflow/example_dags/example_dag_decorator.py
[2024-05-15T03:23:59.558+0800] {processor.py:840} INFO - DAG(s) 'example_dag_decorator' retrieved from /home/jithish/Documents/dag-dag-dag/.venv/lib/python3.10/site-packages/airflow/example_dags/example_dag_decorator.py
[2024-05-15T03:23:59.618+0800] {logging_mixin.py:188} INFO - [2024-05-15T03:23:59.618+0800] {dag.py:3096} INFO - Sync 1 DAGs
[2024-05-15T03:23:59.624+0800] {logging_mixin.py:188} INFO - [2024-05-15T03:23:59.624+0800] {dag.py:3954} INFO - Setting next_dagrun for example_dag_decorator to None, run_after=None
[2024-05-15T03:23:59.709+0800] {processor.py:183} INFO - Processing /home/jithish/Documents/dag-dag-dag/.venv/lib/python3.10/site-packages/airflow/example_dags/example_dag_decorator.py took 0.322 seconds
[2024-05-15T03:24:56.268+0800] {processor.py:161} INFO - Started process (PID=83113) to work on /home/jithish/Documents/dag-dag-dag/.venv/lib/python3.10/site-packages/airflow/example_dags/example_dag_decorator.py
[2024-05-15T03:24:56.330+0800] {processor.py:830} INFO - Processing file /home/jithish/Documents/dag-dag-dag/.venv/lib/python3.10/site-packages/airflow/example_dags/example_dag_decorator.py for tasks to queue
[2024-05-15T03:24:56.335+0800] {logging_mixin.py:188} INFO - [2024-05-15T03:24:56.334+0800] {dagbag.py:545} INFO - Filling up the DagBag from /home/jithish/Documents/dag-dag-dag/.venv/lib/python3.10/site-packages/airflow/example_dags/example_dag_decorator.py
[2024-05-15T03:24:56.425+0800] {processor.py:840} INFO - DAG(s) 'example_dag_decorator' retrieved from /home/jithish/Documents/dag-dag-dag/.venv/lib/python3.10/site-packages/airflow/example_dags/example_dag_decorator.py
[2024-05-15T03:24:56.437+0800] {logging_mixin.py:188} INFO - [2024-05-15T03:24:56.437+0800] {dag.py:3096} INFO - Sync 1 DAGs
[2024-05-15T03:24:56.444+0800] {logging_mixin.py:188} INFO - [2024-05-15T03:24:56.444+0800] {dag.py:3954} INFO - Setting next_dagrun for example_dag_decorator to None, run_after=None
[2024-05-15T03:24:56.465+0800] {processor.py:183} INFO - Processing /home/jithish/Documents/dag-dag-dag/.venv/lib/python3.10/site-packages/airflow/example_dags/example_dag_decorator.py took 0.201 seconds
[2024-05-15T03:25:49.732+0800] {processor.py:161} INFO - Started process (PID=83543) to work on /home/jithish/Documents/dag-dag-dag/.venv/lib/python3.10/site-packages/airflow/example_dags/example_dag_decorator.py
[2024-05-15T03:25:49.793+0800] {processor.py:830} INFO - Processing file /home/jithish/Documents/dag-dag-dag/.venv/lib/python3.10/site-packages/airflow/example_dags/example_dag_decorator.py for tasks to queue
[2024-05-15T03:25:49.794+0800] {logging_mixin.py:188} INFO - [2024-05-15T03:25:49.794+0800] {dagbag.py:545} INFO - Filling up the DagBag from /home/jithish/Documents/dag-dag-dag/.venv/lib/python3.10/site-packages/airflow/example_dags/example_dag_decorator.py
[2024-05-15T03:25:49.851+0800] {processor.py:840} INFO - DAG(s) 'example_dag_decorator' retrieved from /home/jithish/Documents/dag-dag-dag/.venv/lib/python3.10/site-packages/airflow/example_dags/example_dag_decorator.py
[2024-05-15T03:25:49.864+0800] {logging_mixin.py:188} INFO - [2024-05-15T03:25:49.863+0800] {dag.py:3096} INFO - Sync 1 DAGs
[2024-05-15T03:25:49.871+0800] {logging_mixin.py:188} INFO - [2024-05-15T03:25:49.871+0800] {dag.py:3954} INFO - Setting next_dagrun for example_dag_decorator to None, run_after=None
[2024-05-15T03:25:49.889+0800] {processor.py:183} INFO - Processing /home/jithish/Documents/dag-dag-dag/.venv/lib/python3.10/site-packages/airflow/example_dags/example_dag_decorator.py took 0.162 seconds
[2024-05-15T03:26:43.652+0800] {processor.py:161} INFO - Started process (PID=84122) to work on /home/jithish/Documents/dag-dag-dag/.venv/lib/python3.10/site-packages/airflow/example_dags/example_dag_decorator.py
[2024-05-15T03:26:43.713+0800] {processor.py:830} INFO - Processing file /home/jithish/Documents/dag-dag-dag/.venv/lib/python3.10/site-packages/airflow/example_dags/example_dag_decorator.py for tasks to queue
[2024-05-15T03:26:43.719+0800] {logging_mixin.py:188} INFO - [2024-05-15T03:26:43.718+0800] {dagbag.py:545} INFO - Filling up the DagBag from /home/jithish/Documents/dag-dag-dag/.venv/lib/python3.10/site-packages/airflow/example_dags/example_dag_decorator.py
[2024-05-15T03:26:43.809+0800] {processor.py:840} INFO - DAG(s) 'example_dag_decorator' retrieved from /home/jithish/Documents/dag-dag-dag/.venv/lib/python3.10/site-packages/airflow/example_dags/example_dag_decorator.py
[2024-05-15T03:26:43.822+0800] {logging_mixin.py:188} INFO - [2024-05-15T03:26:43.822+0800] {dag.py:3096} INFO - Sync 1 DAGs
[2024-05-15T03:26:43.829+0800] {logging_mixin.py:188} INFO - [2024-05-15T03:26:43.829+0800] {dag.py:3954} INFO - Setting next_dagrun for example_dag_decorator to None, run_after=None
[2024-05-15T03:26:43.920+0800] {processor.py:183} INFO - Processing /home/jithish/Documents/dag-dag-dag/.venv/lib/python3.10/site-packages/airflow/example_dags/example_dag_decorator.py took 0.278 seconds
[2024-05-15T03:27:37.167+0800] {processor.py:161} INFO - Started process (PID=84775) to work on /home/jithish/Documents/dag-dag-dag/.venv/lib/python3.10/site-packages/airflow/example_dags/example_dag_decorator.py
[2024-05-15T03:27:37.229+0800] {processor.py:830} INFO - Processing file /home/jithish/Documents/dag-dag-dag/.venv/lib/python3.10/site-packages/airflow/example_dags/example_dag_decorator.py for tasks to queue
[2024-05-15T03:27:37.233+0800] {logging_mixin.py:188} INFO - [2024-05-15T03:27:37.232+0800] {dagbag.py:545} INFO - Filling up the DagBag from /home/jithish/Documents/dag-dag-dag/.venv/lib/python3.10/site-packages/airflow/example_dags/example_dag_decorator.py
[2024-05-15T03:27:37.319+0800] {processor.py:840} INFO - DAG(s) 'example_dag_decorator' retrieved from /home/jithish/Documents/dag-dag-dag/.venv/lib/python3.10/site-packages/airflow/example_dags/example_dag_decorator.py
[2024-05-15T03:27:37.333+0800] {logging_mixin.py:188} INFO - [2024-05-15T03:27:37.333+0800] {dag.py:3096} INFO - Sync 1 DAGs
[2024-05-15T03:27:37.340+0800] {logging_mixin.py:188} INFO - [2024-05-15T03:27:37.340+0800] {dag.py:3954} INFO - Setting next_dagrun for example_dag_decorator to None, run_after=None
[2024-05-15T03:27:37.362+0800] {processor.py:183} INFO - Processing /home/jithish/Documents/dag-dag-dag/.venv/lib/python3.10/site-packages/airflow/example_dags/example_dag_decorator.py took 0.199 seconds
[2024-05-15T03:28:25.506+0800] {processor.py:161} INFO - Started process (PID=85110) to work on /home/jithish/Documents/dag-dag-dag/.venv/lib/python3.10/site-packages/airflow/example_dags/example_dag_decorator.py
[2024-05-15T03:28:25.567+0800] {processor.py:830} INFO - Processing file /home/jithish/Documents/dag-dag-dag/.venv/lib/python3.10/site-packages/airflow/example_dags/example_dag_decorator.py for tasks to queue
[2024-05-15T03:28:25.570+0800] {logging_mixin.py:188} INFO - [2024-05-15T03:28:25.569+0800] {dagbag.py:545} INFO - Filling up the DagBag from /home/jithish/Documents/dag-dag-dag/.venv/lib/python3.10/site-packages/airflow/example_dags/example_dag_decorator.py
[2024-05-15T03:28:25.649+0800] {processor.py:840} INFO - DAG(s) 'example_dag_decorator' retrieved from /home/jithish/Documents/dag-dag-dag/.venv/lib/python3.10/site-packages/airflow/example_dags/example_dag_decorator.py
[2024-05-15T03:28:25.719+0800] {logging_mixin.py:188} INFO - [2024-05-15T03:28:25.719+0800] {dag.py:3096} INFO - Sync 1 DAGs
[2024-05-15T03:28:25.730+0800] {logging_mixin.py:188} INFO - [2024-05-15T03:28:25.730+0800] {dag.py:3954} INFO - Setting next_dagrun for example_dag_decorator to None, run_after=None
[2024-05-15T03:28:25.831+0800] {processor.py:183} INFO - Processing /home/jithish/Documents/dag-dag-dag/.venv/lib/python3.10/site-packages/airflow/example_dags/example_dag_decorator.py took 0.329 seconds
[2024-05-15T03:29:16.406+0800] {processor.py:161} INFO - Started process (PID=85607) to work on /home/jithish/Documents/dag-dag-dag/.venv/lib/python3.10/site-packages/airflow/example_dags/example_dag_decorator.py
[2024-05-15T03:29:16.467+0800] {processor.py:830} INFO - Processing file /home/jithish/Documents/dag-dag-dag/.venv/lib/python3.10/site-packages/airflow/example_dags/example_dag_decorator.py for tasks to queue
[2024-05-15T03:29:16.469+0800] {logging_mixin.py:188} INFO - [2024-05-15T03:29:16.469+0800] {dagbag.py:545} INFO - Filling up the DagBag from /home/jithish/Documents/dag-dag-dag/.venv/lib/python3.10/site-packages/airflow/example_dags/example_dag_decorator.py
[2024-05-15T03:29:16.546+0800] {processor.py:840} INFO - DAG(s) 'example_dag_decorator' retrieved from /home/jithish/Documents/dag-dag-dag/.venv/lib/python3.10/site-packages/airflow/example_dags/example_dag_decorator.py
[2024-05-15T03:29:16.607+0800] {logging_mixin.py:188} INFO - [2024-05-15T03:29:16.606+0800] {dag.py:3096} INFO - Sync 1 DAGs
[2024-05-15T03:29:16.614+0800] {logging_mixin.py:188} INFO - [2024-05-15T03:29:16.614+0800] {dag.py:3954} INFO - Setting next_dagrun for example_dag_decorator to None, run_after=None
[2024-05-15T03:29:16.701+0800] {processor.py:183} INFO - Processing /home/jithish/Documents/dag-dag-dag/.venv/lib/python3.10/site-packages/airflow/example_dags/example_dag_decorator.py took 0.299 seconds
[2024-05-15T03:30:05.969+0800] {processor.py:161} INFO - Started process (PID=86015) to work on /home/jithish/Documents/dag-dag-dag/.venv/lib/python3.10/site-packages/airflow/example_dags/example_dag_decorator.py
[2024-05-15T03:30:06.031+0800] {processor.py:830} INFO - Processing file /home/jithish/Documents/dag-dag-dag/.venv/lib/python3.10/site-packages/airflow/example_dags/example_dag_decorator.py for tasks to queue
[2024-05-15T03:30:06.033+0800] {logging_mixin.py:188} INFO - [2024-05-15T03:30:06.033+0800] {dagbag.py:545} INFO - Filling up the DagBag from /home/jithish/Documents/dag-dag-dag/.venv/lib/python3.10/site-packages/airflow/example_dags/example_dag_decorator.py
[2024-05-15T03:30:06.100+0800] {processor.py:840} INFO - DAG(s) 'example_dag_decorator' retrieved from /home/jithish/Documents/dag-dag-dag/.venv/lib/python3.10/site-packages/airflow/example_dags/example_dag_decorator.py
[2024-05-15T03:30:06.163+0800] {logging_mixin.py:188} INFO - [2024-05-15T03:30:06.163+0800] {dag.py:3096} INFO - Sync 1 DAGs
[2024-05-15T03:30:06.170+0800] {logging_mixin.py:188} INFO - [2024-05-15T03:30:06.170+0800] {dag.py:3954} INFO - Setting next_dagrun for example_dag_decorator to None, run_after=None
[2024-05-15T03:30:06.249+0800] {processor.py:183} INFO - Processing /home/jithish/Documents/dag-dag-dag/.venv/lib/python3.10/site-packages/airflow/example_dags/example_dag_decorator.py took 0.289 seconds
[2024-05-15T03:30:55.926+0800] {processor.py:161} INFO - Started process (PID=86451) to work on /home/jithish/Documents/dag-dag-dag/.venv/lib/python3.10/site-packages/airflow/example_dags/example_dag_decorator.py
[2024-05-15T03:30:55.970+0800] {processor.py:830} INFO - Processing file /home/jithish/Documents/dag-dag-dag/.venv/lib/python3.10/site-packages/airflow/example_dags/example_dag_decorator.py for tasks to queue
[2024-05-15T03:30:55.977+0800] {logging_mixin.py:188} INFO - [2024-05-15T03:30:55.975+0800] {dagbag.py:545} INFO - Filling up the DagBag from /home/jithish/Documents/dag-dag-dag/.venv/lib/python3.10/site-packages/airflow/example_dags/example_dag_decorator.py
[2024-05-15T03:30:56.075+0800] {processor.py:840} INFO - DAG(s) 'example_dag_decorator' retrieved from /home/jithish/Documents/dag-dag-dag/.venv/lib/python3.10/site-packages/airflow/example_dags/example_dag_decorator.py
[2024-05-15T03:30:56.149+0800] {logging_mixin.py:188} INFO - [2024-05-15T03:30:56.149+0800] {dag.py:3096} INFO - Sync 1 DAGs
[2024-05-15T03:30:56.155+0800] {logging_mixin.py:188} INFO - [2024-05-15T03:30:56.155+0800] {dag.py:3954} INFO - Setting next_dagrun for example_dag_decorator to None, run_after=None
[2024-05-15T03:30:56.257+0800] {processor.py:183} INFO - Processing /home/jithish/Documents/dag-dag-dag/.venv/lib/python3.10/site-packages/airflow/example_dags/example_dag_decorator.py took 0.337 seconds
[2024-05-15T03:31:48.371+0800] {processor.py:161} INFO - Started process (PID=86911) to work on /home/jithish/Documents/dag-dag-dag/.venv/lib/python3.10/site-packages/airflow/example_dags/example_dag_decorator.py
[2024-05-15T03:31:48.371+0800] {processor.py:830} INFO - Processing file /home/jithish/Documents/dag-dag-dag/.venv/lib/python3.10/site-packages/airflow/example_dags/example_dag_decorator.py for tasks to queue
[2024-05-15T03:31:48.373+0800] {logging_mixin.py:188} INFO - [2024-05-15T03:31:48.373+0800] {dagbag.py:545} INFO - Filling up the DagBag from /home/jithish/Documents/dag-dag-dag/.venv/lib/python3.10/site-packages/airflow/example_dags/example_dag_decorator.py
[2024-05-15T03:31:48.433+0800] {processor.py:840} INFO - DAG(s) 'example_dag_decorator' retrieved from /home/jithish/Documents/dag-dag-dag/.venv/lib/python3.10/site-packages/airflow/example_dags/example_dag_decorator.py
[2024-05-15T03:31:48.496+0800] {logging_mixin.py:188} INFO - [2024-05-15T03:31:48.496+0800] {dag.py:3096} INFO - Sync 1 DAGs
[2024-05-15T03:31:48.502+0800] {logging_mixin.py:188} INFO - [2024-05-15T03:31:48.502+0800] {dag.py:3954} INFO - Setting next_dagrun for example_dag_decorator to None, run_after=None
[2024-05-15T03:31:48.590+0800] {processor.py:183} INFO - Processing /home/jithish/Documents/dag-dag-dag/.venv/lib/python3.10/site-packages/airflow/example_dags/example_dag_decorator.py took 0.227 seconds
[2024-05-15T03:32:40.071+0800] {processor.py:161} INFO - Started process (PID=87322) to work on /home/jithish/Documents/dag-dag-dag/.venv/lib/python3.10/site-packages/airflow/example_dags/example_dag_decorator.py
[2024-05-15T03:32:40.133+0800] {processor.py:830} INFO - Processing file /home/jithish/Documents/dag-dag-dag/.venv/lib/python3.10/site-packages/airflow/example_dags/example_dag_decorator.py for tasks to queue
[2024-05-15T03:32:40.134+0800] {logging_mixin.py:188} INFO - [2024-05-15T03:32:40.134+0800] {dagbag.py:545} INFO - Filling up the DagBag from /home/jithish/Documents/dag-dag-dag/.venv/lib/python3.10/site-packages/airflow/example_dags/example_dag_decorator.py
[2024-05-15T03:32:40.191+0800] {processor.py:840} INFO - DAG(s) 'example_dag_decorator' retrieved from /home/jithish/Documents/dag-dag-dag/.venv/lib/python3.10/site-packages/airflow/example_dags/example_dag_decorator.py
[2024-05-15T03:32:40.253+0800] {logging_mixin.py:188} INFO - [2024-05-15T03:32:40.253+0800] {dag.py:3096} INFO - Sync 1 DAGs
[2024-05-15T03:32:40.259+0800] {logging_mixin.py:188} INFO - [2024-05-15T03:32:40.259+0800] {dag.py:3954} INFO - Setting next_dagrun for example_dag_decorator to None, run_after=None
[2024-05-15T03:32:40.341+0800] {processor.py:183} INFO - Processing /home/jithish/Documents/dag-dag-dag/.venv/lib/python3.10/site-packages/airflow/example_dags/example_dag_decorator.py took 0.289 seconds
[2024-05-15T03:33:27.399+0800] {processor.py:161} INFO - Started process (PID=87787) to work on /home/jithish/Documents/dag-dag-dag/.venv/lib/python3.10/site-packages/airflow/example_dags/example_dag_decorator.py
[2024-05-15T03:33:27.459+0800] {processor.py:830} INFO - Processing file /home/jithish/Documents/dag-dag-dag/.venv/lib/python3.10/site-packages/airflow/example_dags/example_dag_decorator.py for tasks to queue
[2024-05-15T03:33:27.461+0800] {logging_mixin.py:188} INFO - [2024-05-15T03:33:27.460+0800] {dagbag.py:545} INFO - Filling up the DagBag from /home/jithish/Documents/dag-dag-dag/.venv/lib/python3.10/site-packages/airflow/example_dags/example_dag_decorator.py
[2024-05-15T03:33:27.522+0800] {processor.py:840} INFO - DAG(s) 'example_dag_decorator' retrieved from /home/jithish/Documents/dag-dag-dag/.venv/lib/python3.10/site-packages/airflow/example_dags/example_dag_decorator.py
[2024-05-15T03:33:27.587+0800] {logging_mixin.py:188} INFO - [2024-05-15T03:33:27.587+0800] {dag.py:3096} INFO - Sync 1 DAGs
[2024-05-15T03:33:27.594+0800] {logging_mixin.py:188} INFO - [2024-05-15T03:33:27.594+0800] {dag.py:3954} INFO - Setting next_dagrun for example_dag_decorator to None, run_after=None
[2024-05-15T03:33:27.668+0800] {processor.py:183} INFO - Processing /home/jithish/Documents/dag-dag-dag/.venv/lib/python3.10/site-packages/airflow/example_dags/example_dag_decorator.py took 0.273 seconds
[2024-05-15T03:34:16.865+0800] {processor.py:161} INFO - Started process (PID=88212) to work on /home/jithish/Documents/dag-dag-dag/.venv/lib/python3.10/site-packages/airflow/example_dags/example_dag_decorator.py
[2024-05-15T03:34:16.926+0800] {processor.py:830} INFO - Processing file /home/jithish/Documents/dag-dag-dag/.venv/lib/python3.10/site-packages/airflow/example_dags/example_dag_decorator.py for tasks to queue
[2024-05-15T03:34:16.928+0800] {logging_mixin.py:188} INFO - [2024-05-15T03:34:16.927+0800] {dagbag.py:545} INFO - Filling up the DagBag from /home/jithish/Documents/dag-dag-dag/.venv/lib/python3.10/site-packages/airflow/example_dags/example_dag_decorator.py
[2024-05-15T03:34:16.988+0800] {processor.py:840} INFO - DAG(s) 'example_dag_decorator' retrieved from /home/jithish/Documents/dag-dag-dag/.venv/lib/python3.10/site-packages/airflow/example_dags/example_dag_decorator.py
[2024-05-15T03:34:17.056+0800] {logging_mixin.py:188} INFO - [2024-05-15T03:34:17.056+0800] {dag.py:3096} INFO - Sync 1 DAGs
[2024-05-15T03:34:17.063+0800] {logging_mixin.py:188} INFO - [2024-05-15T03:34:17.063+0800] {dag.py:3954} INFO - Setting next_dagrun for example_dag_decorator to None, run_after=None
[2024-05-15T03:34:17.142+0800] {processor.py:183} INFO - Processing /home/jithish/Documents/dag-dag-dag/.venv/lib/python3.10/site-packages/airflow/example_dags/example_dag_decorator.py took 0.281 seconds
[2024-05-15T03:35:27.190+0800] {processor.py:161} INFO - Started process (PID=88870) to work on /home/jithish/Documents/dag-dag-dag/.venv/lib/python3.10/site-packages/airflow/example_dags/example_dag_decorator.py
[2024-05-15T03:35:27.251+0800] {processor.py:830} INFO - Processing file /home/jithish/Documents/dag-dag-dag/.venv/lib/python3.10/site-packages/airflow/example_dags/example_dag_decorator.py for tasks to queue
[2024-05-15T03:35:27.252+0800] {logging_mixin.py:188} INFO - [2024-05-15T03:35:27.252+0800] {dagbag.py:545} INFO - Filling up the DagBag from /home/jithish/Documents/dag-dag-dag/.venv/lib/python3.10/site-packages/airflow/example_dags/example_dag_decorator.py
[2024-05-15T03:35:27.311+0800] {processor.py:840} INFO - DAG(s) 'example_dag_decorator' retrieved from /home/jithish/Documents/dag-dag-dag/.venv/lib/python3.10/site-packages/airflow/example_dags/example_dag_decorator.py
[2024-05-15T03:35:27.397+0800] {logging_mixin.py:188} INFO - [2024-05-15T03:35:27.397+0800] {dag.py:3096} INFO - Sync 1 DAGs
[2024-05-15T03:35:27.406+0800] {logging_mixin.py:188} INFO - [2024-05-15T03:35:27.406+0800] {dag.py:3954} INFO - Setting next_dagrun for example_dag_decorator to None, run_after=None
[2024-05-15T03:35:27.482+0800] {processor.py:183} INFO - Processing /home/jithish/Documents/dag-dag-dag/.venv/lib/python3.10/site-packages/airflow/example_dags/example_dag_decorator.py took 0.297 seconds
[2024-05-15T03:36:16.722+0800] {processor.py:161} INFO - Started process (PID=89315) to work on /home/jithish/Documents/dag-dag-dag/.venv/lib/python3.10/site-packages/airflow/example_dags/example_dag_decorator.py
[2024-05-15T03:36:16.723+0800] {processor.py:830} INFO - Processing file /home/jithish/Documents/dag-dag-dag/.venv/lib/python3.10/site-packages/airflow/example_dags/example_dag_decorator.py for tasks to queue
[2024-05-15T03:36:16.725+0800] {logging_mixin.py:188} INFO - [2024-05-15T03:36:16.724+0800] {dagbag.py:545} INFO - Filling up the DagBag from /home/jithish/Documents/dag-dag-dag/.venv/lib/python3.10/site-packages/airflow/example_dags/example_dag_decorator.py
[2024-05-15T03:36:16.797+0800] {processor.py:840} INFO - DAG(s) 'example_dag_decorator' retrieved from /home/jithish/Documents/dag-dag-dag/.venv/lib/python3.10/site-packages/airflow/example_dags/example_dag_decorator.py
[2024-05-15T03:36:16.882+0800] {logging_mixin.py:188} INFO - [2024-05-15T03:36:16.882+0800] {dag.py:3096} INFO - Sync 1 DAGs
[2024-05-15T03:36:16.895+0800] {logging_mixin.py:188} INFO - [2024-05-15T03:36:16.895+0800] {dag.py:3954} INFO - Setting next_dagrun for example_dag_decorator to None, run_after=None
[2024-05-15T03:36:16.930+0800] {processor.py:183} INFO - Processing /home/jithish/Documents/dag-dag-dag/.venv/lib/python3.10/site-packages/airflow/example_dags/example_dag_decorator.py took 0.213 seconds
[2024-05-15T03:37:04.962+0800] {processor.py:161} INFO - Started process (PID=89766) to work on /home/jithish/Documents/dag-dag-dag/.venv/lib/python3.10/site-packages/airflow/example_dags/example_dag_decorator.py
[2024-05-15T03:37:05.003+0800] {processor.py:830} INFO - Processing file /home/jithish/Documents/dag-dag-dag/.venv/lib/python3.10/site-packages/airflow/example_dags/example_dag_decorator.py for tasks to queue
[2024-05-15T03:37:05.004+0800] {logging_mixin.py:188} INFO - [2024-05-15T03:37:05.004+0800] {dagbag.py:545} INFO - Filling up the DagBag from /home/jithish/Documents/dag-dag-dag/.venv/lib/python3.10/site-packages/airflow/example_dags/example_dag_decorator.py
[2024-05-15T03:37:05.077+0800] {processor.py:840} INFO - DAG(s) 'example_dag_decorator' retrieved from /home/jithish/Documents/dag-dag-dag/.venv/lib/python3.10/site-packages/airflow/example_dags/example_dag_decorator.py
[2024-05-15T03:37:05.148+0800] {logging_mixin.py:188} INFO - [2024-05-15T03:37:05.148+0800] {dag.py:3096} INFO - Sync 1 DAGs
[2024-05-15T03:37:05.158+0800] {logging_mixin.py:188} INFO - [2024-05-15T03:37:05.158+0800] {dag.py:3954} INFO - Setting next_dagrun for example_dag_decorator to None, run_after=None
[2024-05-15T03:37:05.238+0800] {processor.py:183} INFO - Processing /home/jithish/Documents/dag-dag-dag/.venv/lib/python3.10/site-packages/airflow/example_dags/example_dag_decorator.py took 0.282 seconds
[2024-05-15T03:37:55.679+0800] {processor.py:161} INFO - Started process (PID=90239) to work on /home/jithish/Documents/dag-dag-dag/.venv/lib/python3.10/site-packages/airflow/example_dags/example_dag_decorator.py
[2024-05-15T03:37:55.740+0800] {processor.py:830} INFO - Processing file /home/jithish/Documents/dag-dag-dag/.venv/lib/python3.10/site-packages/airflow/example_dags/example_dag_decorator.py for tasks to queue
[2024-05-15T03:37:55.742+0800] {logging_mixin.py:188} INFO - [2024-05-15T03:37:55.742+0800] {dagbag.py:545} INFO - Filling up the DagBag from /home/jithish/Documents/dag-dag-dag/.venv/lib/python3.10/site-packages/airflow/example_dags/example_dag_decorator.py
[2024-05-15T03:37:55.822+0800] {processor.py:840} INFO - DAG(s) 'example_dag_decorator' retrieved from /home/jithish/Documents/dag-dag-dag/.venv/lib/python3.10/site-packages/airflow/example_dags/example_dag_decorator.py
[2024-05-15T03:37:55.884+0800] {logging_mixin.py:188} INFO - [2024-05-15T03:37:55.884+0800] {dag.py:3096} INFO - Sync 1 DAGs
[2024-05-15T03:37:55.890+0800] {logging_mixin.py:188} INFO - [2024-05-15T03:37:55.890+0800] {dag.py:3954} INFO - Setting next_dagrun for example_dag_decorator to None, run_after=None
[2024-05-15T03:37:55.972+0800] {processor.py:183} INFO - Processing /home/jithish/Documents/dag-dag-dag/.venv/lib/python3.10/site-packages/airflow/example_dags/example_dag_decorator.py took 0.298 seconds
[2024-05-15T03:38:45.816+0800] {processor.py:161} INFO - Started process (PID=90799) to work on /home/jithish/Documents/dag-dag-dag/.venv/lib/python3.10/site-packages/airflow/example_dags/example_dag_decorator.py
[2024-05-15T03:38:45.877+0800] {processor.py:830} INFO - Processing file /home/jithish/Documents/dag-dag-dag/.venv/lib/python3.10/site-packages/airflow/example_dags/example_dag_decorator.py for tasks to queue
[2024-05-15T03:38:45.879+0800] {logging_mixin.py:188} INFO - [2024-05-15T03:38:45.879+0800] {dagbag.py:545} INFO - Filling up the DagBag from /home/jithish/Documents/dag-dag-dag/.venv/lib/python3.10/site-packages/airflow/example_dags/example_dag_decorator.py
[2024-05-15T03:38:45.948+0800] {processor.py:840} INFO - DAG(s) 'example_dag_decorator' retrieved from /home/jithish/Documents/dag-dag-dag/.venv/lib/python3.10/site-packages/airflow/example_dags/example_dag_decorator.py
[2024-05-15T03:38:46.008+0800] {logging_mixin.py:188} INFO - [2024-05-15T03:38:46.008+0800] {dag.py:3096} INFO - Sync 1 DAGs
[2024-05-15T03:38:46.015+0800] {logging_mixin.py:188} INFO - [2024-05-15T03:38:46.015+0800] {dag.py:3954} INFO - Setting next_dagrun for example_dag_decorator to None, run_after=None
[2024-05-15T03:38:46.114+0800] {processor.py:183} INFO - Processing /home/jithish/Documents/dag-dag-dag/.venv/lib/python3.10/site-packages/airflow/example_dags/example_dag_decorator.py took 0.307 seconds
[2024-05-15T03:39:49.607+0800] {processor.py:161} INFO - Started process (PID=91861) to work on /home/jithish/Documents/dag-dag-dag/.venv/lib/python3.10/site-packages/airflow/example_dags/example_dag_decorator.py
[2024-05-15T03:39:49.608+0800] {processor.py:830} INFO - Processing file /home/jithish/Documents/dag-dag-dag/.venv/lib/python3.10/site-packages/airflow/example_dags/example_dag_decorator.py for tasks to queue
[2024-05-15T03:39:49.610+0800] {logging_mixin.py:188} INFO - [2024-05-15T03:39:49.609+0800] {dagbag.py:545} INFO - Filling up the DagBag from /home/jithish/Documents/dag-dag-dag/.venv/lib/python3.10/site-packages/airflow/example_dags/example_dag_decorator.py
[2024-05-15T03:39:49.691+0800] {processor.py:840} INFO - DAG(s) 'example_dag_decorator' retrieved from /home/jithish/Documents/dag-dag-dag/.venv/lib/python3.10/site-packages/airflow/example_dags/example_dag_decorator.py
[2024-05-15T03:39:49.775+0800] {logging_mixin.py:188} INFO - [2024-05-15T03:39:49.775+0800] {dag.py:3096} INFO - Sync 1 DAGs
[2024-05-15T03:39:49.787+0800] {logging_mixin.py:188} INFO - [2024-05-15T03:39:49.787+0800] {dag.py:3954} INFO - Setting next_dagrun for example_dag_decorator to None, run_after=None
[2024-05-15T03:39:49.808+0800] {processor.py:183} INFO - Processing /home/jithish/Documents/dag-dag-dag/.venv/lib/python3.10/site-packages/airflow/example_dags/example_dag_decorator.py took 0.209 seconds
[2024-05-15T03:40:47.182+0800] {processor.py:161} INFO - Started process (PID=93399) to work on /home/jithish/Documents/dag-dag-dag/.venv/lib/python3.10/site-packages/airflow/example_dags/example_dag_decorator.py
[2024-05-15T03:40:47.183+0800] {processor.py:830} INFO - Processing file /home/jithish/Documents/dag-dag-dag/.venv/lib/python3.10/site-packages/airflow/example_dags/example_dag_decorator.py for tasks to queue
[2024-05-15T03:40:47.184+0800] {logging_mixin.py:188} INFO - [2024-05-15T03:40:47.183+0800] {dagbag.py:545} INFO - Filling up the DagBag from /home/jithish/Documents/dag-dag-dag/.venv/lib/python3.10/site-packages/airflow/example_dags/example_dag_decorator.py
[2024-05-15T03:40:47.248+0800] {processor.py:840} INFO - DAG(s) 'example_dag_decorator' retrieved from /home/jithish/Documents/dag-dag-dag/.venv/lib/python3.10/site-packages/airflow/example_dags/example_dag_decorator.py
[2024-05-15T03:40:47.316+0800] {logging_mixin.py:188} INFO - [2024-05-15T03:40:47.316+0800] {dag.py:3096} INFO - Sync 1 DAGs
[2024-05-15T03:40:47.322+0800] {logging_mixin.py:188} INFO - [2024-05-15T03:40:47.322+0800] {dag.py:3954} INFO - Setting next_dagrun for example_dag_decorator to None, run_after=None
[2024-05-15T03:40:47.428+0800] {processor.py:183} INFO - Processing /home/jithish/Documents/dag-dag-dag/.venv/lib/python3.10/site-packages/airflow/example_dags/example_dag_decorator.py took 0.251 seconds
[2024-05-15T03:41:44.814+0800] {processor.py:161} INFO - Started process (PID=94202) to work on /home/jithish/Documents/dag-dag-dag/.venv/lib/python3.10/site-packages/airflow/example_dags/example_dag_decorator.py
[2024-05-15T03:41:44.815+0800] {processor.py:830} INFO - Processing file /home/jithish/Documents/dag-dag-dag/.venv/lib/python3.10/site-packages/airflow/example_dags/example_dag_decorator.py for tasks to queue
[2024-05-15T03:41:44.817+0800] {logging_mixin.py:188} INFO - [2024-05-15T03:41:44.817+0800] {dagbag.py:545} INFO - Filling up the DagBag from /home/jithish/Documents/dag-dag-dag/.venv/lib/python3.10/site-packages/airflow/example_dags/example_dag_decorator.py
[2024-05-15T03:41:44.881+0800] {processor.py:840} INFO - DAG(s) 'example_dag_decorator' retrieved from /home/jithish/Documents/dag-dag-dag/.venv/lib/python3.10/site-packages/airflow/example_dags/example_dag_decorator.py
[2024-05-15T03:41:44.951+0800] {logging_mixin.py:188} INFO - [2024-05-15T03:41:44.951+0800] {dag.py:3096} INFO - Sync 1 DAGs
[2024-05-15T03:41:44.958+0800] {logging_mixin.py:188} INFO - [2024-05-15T03:41:44.958+0800] {dag.py:3954} INFO - Setting next_dagrun for example_dag_decorator to None, run_after=None
[2024-05-15T03:41:45.050+0800] {processor.py:183} INFO - Processing /home/jithish/Documents/dag-dag-dag/.venv/lib/python3.10/site-packages/airflow/example_dags/example_dag_decorator.py took 0.241 seconds
[2024-05-15T03:42:38.466+0800] {processor.py:161} INFO - Started process (PID=94968) to work on /home/jithish/Documents/dag-dag-dag/.venv/lib/python3.10/site-packages/airflow/example_dags/example_dag_decorator.py
[2024-05-15T03:42:38.530+0800] {processor.py:830} INFO - Processing file /home/jithish/Documents/dag-dag-dag/.venv/lib/python3.10/site-packages/airflow/example_dags/example_dag_decorator.py for tasks to queue
[2024-05-15T03:42:38.536+0800] {logging_mixin.py:188} INFO - [2024-05-15T03:42:38.534+0800] {dagbag.py:545} INFO - Filling up the DagBag from /home/jithish/Documents/dag-dag-dag/.venv/lib/python3.10/site-packages/airflow/example_dags/example_dag_decorator.py
[2024-05-15T03:42:38.629+0800] {processor.py:840} INFO - DAG(s) 'example_dag_decorator' retrieved from /home/jithish/Documents/dag-dag-dag/.venv/lib/python3.10/site-packages/airflow/example_dags/example_dag_decorator.py
[2024-05-15T03:42:38.703+0800] {logging_mixin.py:188} INFO - [2024-05-15T03:42:38.703+0800] {dag.py:3096} INFO - Sync 1 DAGs
[2024-05-15T03:42:38.709+0800] {logging_mixin.py:188} INFO - [2024-05-15T03:42:38.709+0800] {dag.py:3954} INFO - Setting next_dagrun for example_dag_decorator to None, run_after=None
[2024-05-15T03:42:38.810+0800] {processor.py:183} INFO - Processing /home/jithish/Documents/dag-dag-dag/.venv/lib/python3.10/site-packages/airflow/example_dags/example_dag_decorator.py took 0.362 seconds
[2024-05-15T03:43:30.446+0800] {processor.py:161} INFO - Started process (PID=95684) to work on /home/jithish/Documents/dag-dag-dag/.venv/lib/python3.10/site-packages/airflow/example_dags/example_dag_decorator.py
[2024-05-15T03:43:30.507+0800] {processor.py:830} INFO - Processing file /home/jithish/Documents/dag-dag-dag/.venv/lib/python3.10/site-packages/airflow/example_dags/example_dag_decorator.py for tasks to queue
[2024-05-15T03:43:30.510+0800] {logging_mixin.py:188} INFO - [2024-05-15T03:43:30.510+0800] {dagbag.py:545} INFO - Filling up the DagBag from /home/jithish/Documents/dag-dag-dag/.venv/lib/python3.10/site-packages/airflow/example_dags/example_dag_decorator.py
[2024-05-15T03:43:30.594+0800] {processor.py:840} INFO - DAG(s) 'example_dag_decorator' retrieved from /home/jithish/Documents/dag-dag-dag/.venv/lib/python3.10/site-packages/airflow/example_dags/example_dag_decorator.py
[2024-05-15T03:43:30.666+0800] {logging_mixin.py:188} INFO - [2024-05-15T03:43:30.666+0800] {dag.py:3096} INFO - Sync 1 DAGs
[2024-05-15T03:43:30.673+0800] {logging_mixin.py:188} INFO - [2024-05-15T03:43:30.673+0800] {dag.py:3954} INFO - Setting next_dagrun for example_dag_decorator to None, run_after=None
[2024-05-15T03:43:30.758+0800] {processor.py:183} INFO - Processing /home/jithish/Documents/dag-dag-dag/.venv/lib/python3.10/site-packages/airflow/example_dags/example_dag_decorator.py took 0.321 seconds
[2024-05-15T03:44:26.753+0800] {processor.py:161} INFO - Started process (PID=96582) to work on /home/jithish/Documents/dag-dag-dag/.venv/lib/python3.10/site-packages/airflow/example_dags/example_dag_decorator.py
[2024-05-15T03:44:26.816+0800] {processor.py:830} INFO - Processing file /home/jithish/Documents/dag-dag-dag/.venv/lib/python3.10/site-packages/airflow/example_dags/example_dag_decorator.py for tasks to queue
[2024-05-15T03:44:26.819+0800] {logging_mixin.py:188} INFO - [2024-05-15T03:44:26.818+0800] {dagbag.py:545} INFO - Filling up the DagBag from /home/jithish/Documents/dag-dag-dag/.venv/lib/python3.10/site-packages/airflow/example_dags/example_dag_decorator.py
[2024-05-15T03:44:26.896+0800] {processor.py:840} INFO - DAG(s) 'example_dag_decorator' retrieved from /home/jithish/Documents/dag-dag-dag/.venv/lib/python3.10/site-packages/airflow/example_dags/example_dag_decorator.py
[2024-05-15T03:44:26.956+0800] {logging_mixin.py:188} INFO - [2024-05-15T03:44:26.956+0800] {dag.py:3096} INFO - Sync 1 DAGs
[2024-05-15T03:44:26.962+0800] {logging_mixin.py:188} INFO - [2024-05-15T03:44:26.962+0800] {dag.py:3954} INFO - Setting next_dagrun for example_dag_decorator to None, run_after=None
[2024-05-15T03:44:27.055+0800] {processor.py:183} INFO - Processing /home/jithish/Documents/dag-dag-dag/.venv/lib/python3.10/site-packages/airflow/example_dags/example_dag_decorator.py took 0.306 seconds
[2024-05-15T03:45:24.872+0800] {processor.py:161} INFO - Started process (PID=97158) to work on /home/jithish/Documents/dag-dag-dag/.venv/lib/python3.10/site-packages/airflow/example_dags/example_dag_decorator.py
[2024-05-15T03:45:24.932+0800] {processor.py:830} INFO - Processing file /home/jithish/Documents/dag-dag-dag/.venv/lib/python3.10/site-packages/airflow/example_dags/example_dag_decorator.py for tasks to queue
[2024-05-15T03:45:24.934+0800] {logging_mixin.py:188} INFO - [2024-05-15T03:45:24.933+0800] {dagbag.py:545} INFO - Filling up the DagBag from /home/jithish/Documents/dag-dag-dag/.venv/lib/python3.10/site-packages/airflow/example_dags/example_dag_decorator.py
[2024-05-15T03:45:25.006+0800] {processor.py:840} INFO - DAG(s) 'example_dag_decorator' retrieved from /home/jithish/Documents/dag-dag-dag/.venv/lib/python3.10/site-packages/airflow/example_dags/example_dag_decorator.py
[2024-05-15T03:45:25.092+0800] {logging_mixin.py:188} INFO - [2024-05-15T03:45:25.091+0800] {dag.py:3096} INFO - Sync 1 DAGs
[2024-05-15T03:45:25.101+0800] {logging_mixin.py:188} INFO - [2024-05-15T03:45:25.101+0800] {dag.py:3954} INFO - Setting next_dagrun for example_dag_decorator to None, run_after=None
[2024-05-15T03:45:25.182+0800] {processor.py:183} INFO - Processing /home/jithish/Documents/dag-dag-dag/.venv/lib/python3.10/site-packages/airflow/example_dags/example_dag_decorator.py took 0.314 seconds
[2024-05-15T03:46:25.764+0800] {processor.py:161} INFO - Started process (PID=98132) to work on /home/jithish/Documents/dag-dag-dag/.venv/lib/python3.10/site-packages/airflow/example_dags/example_dag_decorator.py
[2024-05-15T03:46:25.772+0800] {processor.py:830} INFO - Processing file /home/jithish/Documents/dag-dag-dag/.venv/lib/python3.10/site-packages/airflow/example_dags/example_dag_decorator.py for tasks to queue
[2024-05-15T03:46:25.774+0800] {logging_mixin.py:188} INFO - [2024-05-15T03:46:25.773+0800] {dagbag.py:545} INFO - Filling up the DagBag from /home/jithish/Documents/dag-dag-dag/.venv/lib/python3.10/site-packages/airflow/example_dags/example_dag_decorator.py
[2024-05-15T03:46:25.839+0800] {processor.py:840} INFO - DAG(s) 'example_dag_decorator' retrieved from /home/jithish/Documents/dag-dag-dag/.venv/lib/python3.10/site-packages/airflow/example_dags/example_dag_decorator.py
[2024-05-15T03:46:25.909+0800] {logging_mixin.py:188} INFO - [2024-05-15T03:46:25.908+0800] {dag.py:3096} INFO - Sync 1 DAGs
[2024-05-15T03:46:25.916+0800] {logging_mixin.py:188} INFO - [2024-05-15T03:46:25.915+0800] {dag.py:3954} INFO - Setting next_dagrun for example_dag_decorator to None, run_after=None
[2024-05-15T03:46:26.018+0800] {processor.py:183} INFO - Processing /home/jithish/Documents/dag-dag-dag/.venv/lib/python3.10/site-packages/airflow/example_dags/example_dag_decorator.py took 0.260 seconds
[2024-05-15T03:47:25.830+0800] {processor.py:161} INFO - Started process (PID=98974) to work on /home/jithish/Documents/dag-dag-dag/.venv/lib/python3.10/site-packages/airflow/example_dags/example_dag_decorator.py
[2024-05-15T03:47:25.892+0800] {processor.py:830} INFO - Processing file /home/jithish/Documents/dag-dag-dag/.venv/lib/python3.10/site-packages/airflow/example_dags/example_dag_decorator.py for tasks to queue
[2024-05-15T03:47:25.894+0800] {logging_mixin.py:188} INFO - [2024-05-15T03:47:25.893+0800] {dagbag.py:545} INFO - Filling up the DagBag from /home/jithish/Documents/dag-dag-dag/.venv/lib/python3.10/site-packages/airflow/example_dags/example_dag_decorator.py
[2024-05-15T03:47:25.967+0800] {processor.py:840} INFO - DAG(s) 'example_dag_decorator' retrieved from /home/jithish/Documents/dag-dag-dag/.venv/lib/python3.10/site-packages/airflow/example_dags/example_dag_decorator.py
[2024-05-15T03:47:26.035+0800] {logging_mixin.py:188} INFO - [2024-05-15T03:47:26.035+0800] {dag.py:3096} INFO - Sync 1 DAGs
[2024-05-15T03:47:26.042+0800] {logging_mixin.py:188} INFO - [2024-05-15T03:47:26.041+0800] {dag.py:3954} INFO - Setting next_dagrun for example_dag_decorator to None, run_after=None
[2024-05-15T03:47:26.061+0800] {processor.py:183} INFO - Processing /home/jithish/Documents/dag-dag-dag/.venv/lib/python3.10/site-packages/airflow/example_dags/example_dag_decorator.py took 0.244 seconds
[2024-05-15T03:48:17.165+0800] {processor.py:161} INFO - Started process (PID=99654) to work on /home/jithish/Documents/dag-dag-dag/.venv/lib/python3.10/site-packages/airflow/example_dags/example_dag_decorator.py
[2024-05-15T03:48:17.226+0800] {processor.py:830} INFO - Processing file /home/jithish/Documents/dag-dag-dag/.venv/lib/python3.10/site-packages/airflow/example_dags/example_dag_decorator.py for tasks to queue
[2024-05-15T03:48:17.228+0800] {logging_mixin.py:188} INFO - [2024-05-15T03:48:17.227+0800] {dagbag.py:545} INFO - Filling up the DagBag from /home/jithish/Documents/dag-dag-dag/.venv/lib/python3.10/site-packages/airflow/example_dags/example_dag_decorator.py
[2024-05-15T03:48:17.291+0800] {processor.py:840} INFO - DAG(s) 'example_dag_decorator' retrieved from /home/jithish/Documents/dag-dag-dag/.venv/lib/python3.10/site-packages/airflow/example_dags/example_dag_decorator.py
[2024-05-15T03:48:17.373+0800] {logging_mixin.py:188} INFO - [2024-05-15T03:48:17.373+0800] {dag.py:3096} INFO - Sync 1 DAGs
[2024-05-15T03:48:17.380+0800] {logging_mixin.py:188} INFO - [2024-05-15T03:48:17.380+0800] {dag.py:3954} INFO - Setting next_dagrun for example_dag_decorator to None, run_after=None
[2024-05-15T03:48:17.396+0800] {processor.py:183} INFO - Processing /home/jithish/Documents/dag-dag-dag/.venv/lib/python3.10/site-packages/airflow/example_dags/example_dag_decorator.py took 0.241 seconds
[2024-05-15T03:49:10.521+0800] {processor.py:161} INFO - Started process (PID=100474) to work on /home/jithish/Documents/dag-dag-dag/.venv/lib/python3.10/site-packages/airflow/example_dags/example_dag_decorator.py
[2024-05-15T03:49:10.583+0800] {processor.py:830} INFO - Processing file /home/jithish/Documents/dag-dag-dag/.venv/lib/python3.10/site-packages/airflow/example_dags/example_dag_decorator.py for tasks to queue
[2024-05-15T03:49:10.590+0800] {logging_mixin.py:188} INFO - [2024-05-15T03:49:10.589+0800] {dagbag.py:545} INFO - Filling up the DagBag from /home/jithish/Documents/dag-dag-dag/.venv/lib/python3.10/site-packages/airflow/example_dags/example_dag_decorator.py
[2024-05-15T03:49:10.689+0800] {processor.py:840} INFO - DAG(s) 'example_dag_decorator' retrieved from /home/jithish/Documents/dag-dag-dag/.venv/lib/python3.10/site-packages/airflow/example_dags/example_dag_decorator.py
[2024-05-15T03:49:10.763+0800] {logging_mixin.py:188} INFO - [2024-05-15T03:49:10.763+0800] {dag.py:3096} INFO - Sync 1 DAGs
[2024-05-15T03:49:10.771+0800] {logging_mixin.py:188} INFO - [2024-05-15T03:49:10.771+0800] {dag.py:3954} INFO - Setting next_dagrun for example_dag_decorator to None, run_after=None
[2024-05-15T03:49:10.873+0800] {processor.py:183} INFO - Processing /home/jithish/Documents/dag-dag-dag/.venv/lib/python3.10/site-packages/airflow/example_dags/example_dag_decorator.py took 0.368 seconds
[2024-05-15T03:50:08.314+0800] {processor.py:161} INFO - Started process (PID=101257) to work on /home/jithish/Documents/dag-dag-dag/.venv/lib/python3.10/site-packages/airflow/example_dags/example_dag_decorator.py
[2024-05-15T03:50:08.321+0800] {processor.py:830} INFO - Processing file /home/jithish/Documents/dag-dag-dag/.venv/lib/python3.10/site-packages/airflow/example_dags/example_dag_decorator.py for tasks to queue
[2024-05-15T03:50:08.323+0800] {logging_mixin.py:188} INFO - [2024-05-15T03:50:08.322+0800] {dagbag.py:545} INFO - Filling up the DagBag from /home/jithish/Documents/dag-dag-dag/.venv/lib/python3.10/site-packages/airflow/example_dags/example_dag_decorator.py
[2024-05-15T03:50:08.404+0800] {processor.py:840} INFO - DAG(s) 'example_dag_decorator' retrieved from /home/jithish/Documents/dag-dag-dag/.venv/lib/python3.10/site-packages/airflow/example_dags/example_dag_decorator.py
[2024-05-15T03:50:08.476+0800] {logging_mixin.py:188} INFO - [2024-05-15T03:50:08.476+0800] {dag.py:3096} INFO - Sync 1 DAGs
[2024-05-15T03:50:08.483+0800] {logging_mixin.py:188} INFO - [2024-05-15T03:50:08.483+0800] {dag.py:3954} INFO - Setting next_dagrun for example_dag_decorator to None, run_after=None
[2024-05-15T03:50:08.500+0800] {processor.py:183} INFO - Processing /home/jithish/Documents/dag-dag-dag/.venv/lib/python3.10/site-packages/airflow/example_dags/example_dag_decorator.py took 0.196 seconds
[2024-05-15T03:51:03.620+0800] {processor.py:161} INFO - Started process (PID=102074) to work on /home/jithish/Documents/dag-dag-dag/.venv/lib/python3.10/site-packages/airflow/example_dags/example_dag_decorator.py
[2024-05-15T03:51:03.682+0800] {processor.py:830} INFO - Processing file /home/jithish/Documents/dag-dag-dag/.venv/lib/python3.10/site-packages/airflow/example_dags/example_dag_decorator.py for tasks to queue
[2024-05-15T03:51:03.687+0800] {logging_mixin.py:188} INFO - [2024-05-15T03:51:03.685+0800] {dagbag.py:545} INFO - Filling up the DagBag from /home/jithish/Documents/dag-dag-dag/.venv/lib/python3.10/site-packages/airflow/example_dags/example_dag_decorator.py
[2024-05-15T03:51:03.780+0800] {processor.py:840} INFO - DAG(s) 'example_dag_decorator' retrieved from /home/jithish/Documents/dag-dag-dag/.venv/lib/python3.10/site-packages/airflow/example_dags/example_dag_decorator.py
[2024-05-15T03:51:03.859+0800] {logging_mixin.py:188} INFO - [2024-05-15T03:51:03.859+0800] {dag.py:3096} INFO - Sync 1 DAGs
[2024-05-15T03:51:03.866+0800] {logging_mixin.py:188} INFO - [2024-05-15T03:51:03.866+0800] {dag.py:3954} INFO - Setting next_dagrun for example_dag_decorator to None, run_after=None
[2024-05-15T03:51:03.958+0800] {processor.py:183} INFO - Processing /home/jithish/Documents/dag-dag-dag/.venv/lib/python3.10/site-packages/airflow/example_dags/example_dag_decorator.py took 0.352 seconds
[2024-05-15T03:51:57.983+0800] {processor.py:161} INFO - Started process (PID=102681) to work on /home/jithish/Documents/dag-dag-dag/.venv/lib/python3.10/site-packages/airflow/example_dags/example_dag_decorator.py
[2024-05-15T03:51:58.045+0800] {processor.py:830} INFO - Processing file /home/jithish/Documents/dag-dag-dag/.venv/lib/python3.10/site-packages/airflow/example_dags/example_dag_decorator.py for tasks to queue
[2024-05-15T03:51:58.050+0800] {logging_mixin.py:188} INFO - [2024-05-15T03:51:58.049+0800] {dagbag.py:545} INFO - Filling up the DagBag from /home/jithish/Documents/dag-dag-dag/.venv/lib/python3.10/site-packages/airflow/example_dags/example_dag_decorator.py
[2024-05-15T03:51:58.110+0800] {processor.py:840} INFO - DAG(s) 'example_dag_decorator' retrieved from /home/jithish/Documents/dag-dag-dag/.venv/lib/python3.10/site-packages/airflow/example_dags/example_dag_decorator.py
[2024-05-15T03:51:58.123+0800] {logging_mixin.py:188} INFO - [2024-05-15T03:51:58.122+0800] {dag.py:3096} INFO - Sync 1 DAGs
[2024-05-15T03:51:58.130+0800] {logging_mixin.py:188} INFO - [2024-05-15T03:51:58.130+0800] {dag.py:3954} INFO - Setting next_dagrun for example_dag_decorator to None, run_after=None
[2024-05-15T03:51:58.145+0800] {processor.py:183} INFO - Processing /home/jithish/Documents/dag-dag-dag/.venv/lib/python3.10/site-packages/airflow/example_dags/example_dag_decorator.py took 0.166 seconds
[2024-05-15T03:53:08.482+0800] {processor.py:161} INFO - Started process (PID=103400) to work on /home/jithish/Documents/dag-dag-dag/.venv/lib/python3.10/site-packages/airflow/example_dags/example_dag_decorator.py
[2024-05-15T03:53:08.483+0800] {processor.py:830} INFO - Processing file /home/jithish/Documents/dag-dag-dag/.venv/lib/python3.10/site-packages/airflow/example_dags/example_dag_decorator.py for tasks to queue
[2024-05-15T03:53:08.484+0800] {logging_mixin.py:188} INFO - [2024-05-15T03:53:08.484+0800] {dagbag.py:545} INFO - Filling up the DagBag from /home/jithish/Documents/dag-dag-dag/.venv/lib/python3.10/site-packages/airflow/example_dags/example_dag_decorator.py
[2024-05-15T03:53:08.542+0800] {processor.py:840} INFO - DAG(s) 'example_dag_decorator' retrieved from /home/jithish/Documents/dag-dag-dag/.venv/lib/python3.10/site-packages/airflow/example_dags/example_dag_decorator.py
[2024-05-15T03:53:08.605+0800] {logging_mixin.py:188} INFO - [2024-05-15T03:53:08.605+0800] {dag.py:3096} INFO - Sync 1 DAGs
[2024-05-15T03:53:08.612+0800] {logging_mixin.py:188} INFO - [2024-05-15T03:53:08.612+0800] {dag.py:3954} INFO - Setting next_dagrun for example_dag_decorator to None, run_after=None
[2024-05-15T03:53:08.697+0800] {processor.py:183} INFO - Processing /home/jithish/Documents/dag-dag-dag/.venv/lib/python3.10/site-packages/airflow/example_dags/example_dag_decorator.py took 0.220 seconds
[2024-05-15T03:54:04.937+0800] {processor.py:161} INFO - Started process (PID=104174) to work on /home/jithish/Documents/dag-dag-dag/.venv/lib/python3.10/site-packages/airflow/example_dags/example_dag_decorator.py
[2024-05-15T03:54:04.940+0800] {processor.py:830} INFO - Processing file /home/jithish/Documents/dag-dag-dag/.venv/lib/python3.10/site-packages/airflow/example_dags/example_dag_decorator.py for tasks to queue
[2024-05-15T03:54:04.941+0800] {logging_mixin.py:188} INFO - [2024-05-15T03:54:04.941+0800] {dagbag.py:545} INFO - Filling up the DagBag from /home/jithish/Documents/dag-dag-dag/.venv/lib/python3.10/site-packages/airflow/example_dags/example_dag_decorator.py
[2024-05-15T03:54:05.028+0800] {processor.py:840} INFO - DAG(s) 'example_dag_decorator' retrieved from /home/jithish/Documents/dag-dag-dag/.venv/lib/python3.10/site-packages/airflow/example_dags/example_dag_decorator.py
[2024-05-15T03:54:05.124+0800] {logging_mixin.py:188} INFO - [2024-05-15T03:54:05.124+0800] {dag.py:3096} INFO - Sync 1 DAGs
[2024-05-15T03:54:05.134+0800] {logging_mixin.py:188} INFO - [2024-05-15T03:54:05.133+0800] {dag.py:3954} INFO - Setting next_dagrun for example_dag_decorator to None, run_after=None
[2024-05-15T03:54:05.222+0800] {processor.py:183} INFO - Processing /home/jithish/Documents/dag-dag-dag/.venv/lib/python3.10/site-packages/airflow/example_dags/example_dag_decorator.py took 0.292 seconds
[2024-05-15T03:55:01.939+0800] {processor.py:161} INFO - Started process (PID=104880) to work on /home/jithish/Documents/dag-dag-dag/.venv/lib/python3.10/site-packages/airflow/example_dags/example_dag_decorator.py
[2024-05-15T03:55:01.940+0800] {processor.py:830} INFO - Processing file /home/jithish/Documents/dag-dag-dag/.venv/lib/python3.10/site-packages/airflow/example_dags/example_dag_decorator.py for tasks to queue
[2024-05-15T03:55:01.941+0800] {logging_mixin.py:188} INFO - [2024-05-15T03:55:01.941+0800] {dagbag.py:545} INFO - Filling up the DagBag from /home/jithish/Documents/dag-dag-dag/.venv/lib/python3.10/site-packages/airflow/example_dags/example_dag_decorator.py
[2024-05-15T03:55:02.008+0800] {processor.py:840} INFO - DAG(s) 'example_dag_decorator' retrieved from /home/jithish/Documents/dag-dag-dag/.venv/lib/python3.10/site-packages/airflow/example_dags/example_dag_decorator.py
[2024-05-15T03:55:02.023+0800] {logging_mixin.py:188} INFO - [2024-05-15T03:55:02.023+0800] {dag.py:3096} INFO - Sync 1 DAGs
[2024-05-15T03:55:02.031+0800] {logging_mixin.py:188} INFO - [2024-05-15T03:55:02.031+0800] {dag.py:3954} INFO - Setting next_dagrun for example_dag_decorator to None, run_after=None
[2024-05-15T03:55:02.046+0800] {processor.py:183} INFO - Processing /home/jithish/Documents/dag-dag-dag/.venv/lib/python3.10/site-packages/airflow/example_dags/example_dag_decorator.py took 0.113 seconds
[2024-05-15T03:55:54.755+0800] {processor.py:161} INFO - Started process (PID=105501) to work on /home/jithish/Documents/dag-dag-dag/.venv/lib/python3.10/site-packages/airflow/example_dags/example_dag_decorator.py
[2024-05-15T03:55:54.756+0800] {processor.py:830} INFO - Processing file /home/jithish/Documents/dag-dag-dag/.venv/lib/python3.10/site-packages/airflow/example_dags/example_dag_decorator.py for tasks to queue
[2024-05-15T03:55:54.757+0800] {logging_mixin.py:188} INFO - [2024-05-15T03:55:54.757+0800] {dagbag.py:545} INFO - Filling up the DagBag from /home/jithish/Documents/dag-dag-dag/.venv/lib/python3.10/site-packages/airflow/example_dags/example_dag_decorator.py
[2024-05-15T03:55:54.813+0800] {processor.py:840} INFO - DAG(s) 'example_dag_decorator' retrieved from /home/jithish/Documents/dag-dag-dag/.venv/lib/python3.10/site-packages/airflow/example_dags/example_dag_decorator.py
[2024-05-15T03:55:54.826+0800] {logging_mixin.py:188} INFO - [2024-05-15T03:55:54.826+0800] {dag.py:3096} INFO - Sync 1 DAGs
[2024-05-15T03:55:54.833+0800] {logging_mixin.py:188} INFO - [2024-05-15T03:55:54.833+0800] {dag.py:3954} INFO - Setting next_dagrun for example_dag_decorator to None, run_after=None
[2024-05-15T03:55:54.848+0800] {processor.py:183} INFO - Processing /home/jithish/Documents/dag-dag-dag/.venv/lib/python3.10/site-packages/airflow/example_dags/example_dag_decorator.py took 0.098 seconds
[2024-05-15T03:56:44.112+0800] {processor.py:161} INFO - Started process (PID=106004) to work on /home/jithish/Documents/dag-dag-dag/.venv/lib/python3.10/site-packages/airflow/example_dags/example_dag_decorator.py
[2024-05-15T03:56:44.174+0800] {processor.py:830} INFO - Processing file /home/jithish/Documents/dag-dag-dag/.venv/lib/python3.10/site-packages/airflow/example_dags/example_dag_decorator.py for tasks to queue
[2024-05-15T03:56:44.180+0800] {logging_mixin.py:188} INFO - [2024-05-15T03:56:44.178+0800] {dagbag.py:545} INFO - Filling up the DagBag from /home/jithish/Documents/dag-dag-dag/.venv/lib/python3.10/site-packages/airflow/example_dags/example_dag_decorator.py
[2024-05-15T03:56:44.269+0800] {processor.py:840} INFO - DAG(s) 'example_dag_decorator' retrieved from /home/jithish/Documents/dag-dag-dag/.venv/lib/python3.10/site-packages/airflow/example_dags/example_dag_decorator.py
[2024-05-15T03:56:44.281+0800] {logging_mixin.py:188} INFO - [2024-05-15T03:56:44.281+0800] {dag.py:3096} INFO - Sync 1 DAGs
[2024-05-15T03:56:44.290+0800] {logging_mixin.py:188} INFO - [2024-05-15T03:56:44.289+0800] {dag.py:3954} INFO - Setting next_dagrun for example_dag_decorator to None, run_after=None
[2024-05-15T03:56:44.391+0800] {processor.py:183} INFO - Processing /home/jithish/Documents/dag-dag-dag/.venv/lib/python3.10/site-packages/airflow/example_dags/example_dag_decorator.py took 0.284 seconds
[2024-05-15T03:57:32.497+0800] {processor.py:161} INFO - Started process (PID=106455) to work on /home/jithish/Documents/dag-dag-dag/.venv/lib/python3.10/site-packages/airflow/example_dags/example_dag_decorator.py
[2024-05-15T03:57:32.498+0800] {processor.py:830} INFO - Processing file /home/jithish/Documents/dag-dag-dag/.venv/lib/python3.10/site-packages/airflow/example_dags/example_dag_decorator.py for tasks to queue
[2024-05-15T03:57:32.499+0800] {logging_mixin.py:188} INFO - [2024-05-15T03:57:32.499+0800] {dagbag.py:545} INFO - Filling up the DagBag from /home/jithish/Documents/dag-dag-dag/.venv/lib/python3.10/site-packages/airflow/example_dags/example_dag_decorator.py
[2024-05-15T03:57:32.564+0800] {processor.py:840} INFO - DAG(s) 'example_dag_decorator' retrieved from /home/jithish/Documents/dag-dag-dag/.venv/lib/python3.10/site-packages/airflow/example_dags/example_dag_decorator.py
[2024-05-15T03:57:32.578+0800] {logging_mixin.py:188} INFO - [2024-05-15T03:57:32.577+0800] {dag.py:3096} INFO - Sync 1 DAGs
[2024-05-15T03:57:32.585+0800] {logging_mixin.py:188} INFO - [2024-05-15T03:57:32.585+0800] {dag.py:3954} INFO - Setting next_dagrun for example_dag_decorator to None, run_after=None
[2024-05-15T03:57:32.608+0800] {processor.py:183} INFO - Processing /home/jithish/Documents/dag-dag-dag/.venv/lib/python3.10/site-packages/airflow/example_dags/example_dag_decorator.py took 0.115 seconds
[2024-05-15T03:58:18.480+0800] {processor.py:161} INFO - Started process (PID=106868) to work on /home/jithish/Documents/dag-dag-dag/.venv/lib/python3.10/site-packages/airflow/example_dags/example_dag_decorator.py
[2024-05-15T03:58:18.541+0800] {processor.py:830} INFO - Processing file /home/jithish/Documents/dag-dag-dag/.venv/lib/python3.10/site-packages/airflow/example_dags/example_dag_decorator.py for tasks to queue
[2024-05-15T03:58:18.542+0800] {logging_mixin.py:188} INFO - [2024-05-15T03:58:18.542+0800] {dagbag.py:545} INFO - Filling up the DagBag from /home/jithish/Documents/dag-dag-dag/.venv/lib/python3.10/site-packages/airflow/example_dags/example_dag_decorator.py
[2024-05-15T03:58:18.604+0800] {processor.py:840} INFO - DAG(s) 'example_dag_decorator' retrieved from /home/jithish/Documents/dag-dag-dag/.venv/lib/python3.10/site-packages/airflow/example_dags/example_dag_decorator.py
[2024-05-15T03:58:18.616+0800] {logging_mixin.py:188} INFO - [2024-05-15T03:58:18.616+0800] {dag.py:3096} INFO - Sync 1 DAGs
[2024-05-15T03:58:18.624+0800] {logging_mixin.py:188} INFO - [2024-05-15T03:58:18.624+0800] {dag.py:3954} INFO - Setting next_dagrun for example_dag_decorator to None, run_after=None
[2024-05-15T03:58:18.644+0800] {processor.py:183} INFO - Processing /home/jithish/Documents/dag-dag-dag/.venv/lib/python3.10/site-packages/airflow/example_dags/example_dag_decorator.py took 0.169 seconds
[2024-05-15T03:59:07.594+0800] {processor.py:161} INFO - Started process (PID=107367) to work on /home/jithish/Documents/dag-dag-dag/.venv/lib/python3.10/site-packages/airflow/example_dags/example_dag_decorator.py
[2024-05-15T03:59:07.595+0800] {processor.py:830} INFO - Processing file /home/jithish/Documents/dag-dag-dag/.venv/lib/python3.10/site-packages/airflow/example_dags/example_dag_decorator.py for tasks to queue
[2024-05-15T03:59:07.596+0800] {logging_mixin.py:188} INFO - [2024-05-15T03:59:07.596+0800] {dagbag.py:545} INFO - Filling up the DagBag from /home/jithish/Documents/dag-dag-dag/.venv/lib/python3.10/site-packages/airflow/example_dags/example_dag_decorator.py
[2024-05-15T03:59:07.690+0800] {processor.py:840} INFO - DAG(s) 'example_dag_decorator' retrieved from /home/jithish/Documents/dag-dag-dag/.venv/lib/python3.10/site-packages/airflow/example_dags/example_dag_decorator.py
[2024-05-15T03:59:07.759+0800] {logging_mixin.py:188} INFO - [2024-05-15T03:59:07.759+0800] {dag.py:3096} INFO - Sync 1 DAGs
[2024-05-15T03:59:07.766+0800] {logging_mixin.py:188} INFO - [2024-05-15T03:59:07.766+0800] {dag.py:3954} INFO - Setting next_dagrun for example_dag_decorator to None, run_after=None
[2024-05-15T03:59:07.789+0800] {processor.py:183} INFO - Processing /home/jithish/Documents/dag-dag-dag/.venv/lib/python3.10/site-packages/airflow/example_dags/example_dag_decorator.py took 0.201 seconds
[2024-05-15T03:59:57.736+0800] {processor.py:161} INFO - Started process (PID=107825) to work on /home/jithish/Documents/dag-dag-dag/.venv/lib/python3.10/site-packages/airflow/example_dags/example_dag_decorator.py
[2024-05-15T03:59:57.797+0800] {processor.py:830} INFO - Processing file /home/jithish/Documents/dag-dag-dag/.venv/lib/python3.10/site-packages/airflow/example_dags/example_dag_decorator.py for tasks to queue
[2024-05-15T03:59:57.798+0800] {logging_mixin.py:188} INFO - [2024-05-15T03:59:57.798+0800] {dagbag.py:545} INFO - Filling up the DagBag from /home/jithish/Documents/dag-dag-dag/.venv/lib/python3.10/site-packages/airflow/example_dags/example_dag_decorator.py
[2024-05-15T03:59:57.860+0800] {processor.py:840} INFO - DAG(s) 'example_dag_decorator' retrieved from /home/jithish/Documents/dag-dag-dag/.venv/lib/python3.10/site-packages/airflow/example_dags/example_dag_decorator.py
[2024-05-15T03:59:57.874+0800] {logging_mixin.py:188} INFO - [2024-05-15T03:59:57.874+0800] {dag.py:3096} INFO - Sync 1 DAGs
[2024-05-15T03:59:57.884+0800] {logging_mixin.py:188} INFO - [2024-05-15T03:59:57.884+0800] {dag.py:3954} INFO - Setting next_dagrun for example_dag_decorator to None, run_after=None
[2024-05-15T03:59:57.901+0800] {processor.py:183} INFO - Processing /home/jithish/Documents/dag-dag-dag/.venv/lib/python3.10/site-packages/airflow/example_dags/example_dag_decorator.py took 0.169 seconds
[2024-05-15T04:01:08.489+0800] {processor.py:161} INFO - Started process (PID=108419) to work on /home/jithish/Documents/dag-dag-dag/.venv/lib/python3.10/site-packages/airflow/example_dags/example_dag_decorator.py
[2024-05-15T04:01:08.551+0800] {processor.py:830} INFO - Processing file /home/jithish/Documents/dag-dag-dag/.venv/lib/python3.10/site-packages/airflow/example_dags/example_dag_decorator.py for tasks to queue
[2024-05-15T04:01:08.555+0800] {logging_mixin.py:188} INFO - [2024-05-15T04:01:08.554+0800] {dagbag.py:545} INFO - Filling up the DagBag from /home/jithish/Documents/dag-dag-dag/.venv/lib/python3.10/site-packages/airflow/example_dags/example_dag_decorator.py
[2024-05-15T04:01:08.637+0800] {processor.py:840} INFO - DAG(s) 'example_dag_decorator' retrieved from /home/jithish/Documents/dag-dag-dag/.venv/lib/python3.10/site-packages/airflow/example_dags/example_dag_decorator.py
[2024-05-15T04:01:08.698+0800] {logging_mixin.py:188} INFO - [2024-05-15T04:01:08.698+0800] {dag.py:3096} INFO - Sync 1 DAGs
[2024-05-15T04:01:08.704+0800] {logging_mixin.py:188} INFO - [2024-05-15T04:01:08.704+0800] {dag.py:3954} INFO - Setting next_dagrun for example_dag_decorator to None, run_after=None
[2024-05-15T04:01:08.785+0800] {processor.py:183} INFO - Processing /home/jithish/Documents/dag-dag-dag/.venv/lib/python3.10/site-packages/airflow/example_dags/example_dag_decorator.py took 0.300 seconds
[2024-05-15T04:01:57.795+0800] {processor.py:161} INFO - Started process (PID=108832) to work on /home/jithish/Documents/dag-dag-dag/.venv/lib/python3.10/site-packages/airflow/example_dags/example_dag_decorator.py
[2024-05-15T04:01:57.796+0800] {processor.py:830} INFO - Processing file /home/jithish/Documents/dag-dag-dag/.venv/lib/python3.10/site-packages/airflow/example_dags/example_dag_decorator.py for tasks to queue
[2024-05-15T04:01:57.797+0800] {logging_mixin.py:188} INFO - [2024-05-15T04:01:57.797+0800] {dagbag.py:545} INFO - Filling up the DagBag from /home/jithish/Documents/dag-dag-dag/.venv/lib/python3.10/site-packages/airflow/example_dags/example_dag_decorator.py
[2024-05-15T04:01:57.857+0800] {processor.py:840} INFO - DAG(s) 'example_dag_decorator' retrieved from /home/jithish/Documents/dag-dag-dag/.venv/lib/python3.10/site-packages/airflow/example_dags/example_dag_decorator.py
[2024-05-15T04:01:57.926+0800] {logging_mixin.py:188} INFO - [2024-05-15T04:01:57.926+0800] {dag.py:3096} INFO - Sync 1 DAGs
[2024-05-15T04:01:57.933+0800] {logging_mixin.py:188} INFO - [2024-05-15T04:01:57.933+0800] {dag.py:3954} INFO - Setting next_dagrun for example_dag_decorator to None, run_after=None
[2024-05-15T04:01:58.018+0800] {processor.py:183} INFO - Processing /home/jithish/Documents/dag-dag-dag/.venv/lib/python3.10/site-packages/airflow/example_dags/example_dag_decorator.py took 0.228 seconds
[2024-05-15T04:02:46.199+0800] {processor.py:161} INFO - Started process (PID=109337) to work on /home/jithish/Documents/dag-dag-dag/.venv/lib/python3.10/site-packages/airflow/example_dags/example_dag_decorator.py
[2024-05-15T04:02:46.263+0800] {processor.py:830} INFO - Processing file /home/jithish/Documents/dag-dag-dag/.venv/lib/python3.10/site-packages/airflow/example_dags/example_dag_decorator.py for tasks to queue
[2024-05-15T04:02:46.268+0800] {logging_mixin.py:188} INFO - [2024-05-15T04:02:46.266+0800] {dagbag.py:545} INFO - Filling up the DagBag from /home/jithish/Documents/dag-dag-dag/.venv/lib/python3.10/site-packages/airflow/example_dags/example_dag_decorator.py
[2024-05-15T04:02:46.363+0800] {processor.py:840} INFO - DAG(s) 'example_dag_decorator' retrieved from /home/jithish/Documents/dag-dag-dag/.venv/lib/python3.10/site-packages/airflow/example_dags/example_dag_decorator.py
[2024-05-15T04:02:46.380+0800] {logging_mixin.py:188} INFO - [2024-05-15T04:02:46.380+0800] {dag.py:3096} INFO - Sync 1 DAGs
[2024-05-15T04:02:46.390+0800] {logging_mixin.py:188} INFO - [2024-05-15T04:02:46.390+0800] {dag.py:3954} INFO - Setting next_dagrun for example_dag_decorator to None, run_after=None
[2024-05-15T04:02:46.466+0800] {processor.py:183} INFO - Processing /home/jithish/Documents/dag-dag-dag/.venv/lib/python3.10/site-packages/airflow/example_dags/example_dag_decorator.py took 0.282 seconds
[2024-05-15T04:03:49.598+0800] {processor.py:161} INFO - Started process (PID=110312) to work on /home/jithish/Documents/dag-dag-dag/.venv/lib/python3.10/site-packages/airflow/example_dags/example_dag_decorator.py
[2024-05-15T04:03:49.604+0800] {processor.py:830} INFO - Processing file /home/jithish/Documents/dag-dag-dag/.venv/lib/python3.10/site-packages/airflow/example_dags/example_dag_decorator.py for tasks to queue
[2024-05-15T04:03:49.606+0800] {logging_mixin.py:188} INFO - [2024-05-15T04:03:49.605+0800] {dagbag.py:545} INFO - Filling up the DagBag from /home/jithish/Documents/dag-dag-dag/.venv/lib/python3.10/site-packages/airflow/example_dags/example_dag_decorator.py
[2024-05-15T04:03:49.665+0800] {processor.py:840} INFO - DAG(s) 'example_dag_decorator' retrieved from /home/jithish/Documents/dag-dag-dag/.venv/lib/python3.10/site-packages/airflow/example_dags/example_dag_decorator.py
[2024-05-15T04:03:49.731+0800] {logging_mixin.py:188} INFO - [2024-05-15T04:03:49.731+0800] {dag.py:3096} INFO - Sync 1 DAGs
[2024-05-15T04:03:49.738+0800] {logging_mixin.py:188} INFO - [2024-05-15T04:03:49.738+0800] {dag.py:3954} INFO - Setting next_dagrun for example_dag_decorator to None, run_after=None
[2024-05-15T04:03:49.840+0800] {processor.py:183} INFO - Processing /home/jithish/Documents/dag-dag-dag/.venv/lib/python3.10/site-packages/airflow/example_dags/example_dag_decorator.py took 0.247 seconds
[2024-05-15T04:04:51.006+0800] {processor.py:161} INFO - Started process (PID=111231) to work on /home/jithish/Documents/dag-dag-dag/.venv/lib/python3.10/site-packages/airflow/example_dags/example_dag_decorator.py
[2024-05-15T04:04:51.007+0800] {processor.py:830} INFO - Processing file /home/jithish/Documents/dag-dag-dag/.venv/lib/python3.10/site-packages/airflow/example_dags/example_dag_decorator.py for tasks to queue
[2024-05-15T04:04:51.009+0800] {logging_mixin.py:188} INFO - [2024-05-15T04:04:51.008+0800] {dagbag.py:545} INFO - Filling up the DagBag from /home/jithish/Documents/dag-dag-dag/.venv/lib/python3.10/site-packages/airflow/example_dags/example_dag_decorator.py
[2024-05-15T04:04:51.074+0800] {processor.py:840} INFO - DAG(s) 'example_dag_decorator' retrieved from /home/jithish/Documents/dag-dag-dag/.venv/lib/python3.10/site-packages/airflow/example_dags/example_dag_decorator.py
[2024-05-15T04:04:51.184+0800] {logging_mixin.py:188} INFO - [2024-05-15T04:04:51.184+0800] {dag.py:3096} INFO - Sync 1 DAGs
[2024-05-15T04:04:51.191+0800] {logging_mixin.py:188} INFO - [2024-05-15T04:04:51.190+0800] {dag.py:3954} INFO - Setting next_dagrun for example_dag_decorator to None, run_after=None
[2024-05-15T04:04:51.301+0800] {processor.py:183} INFO - Processing /home/jithish/Documents/dag-dag-dag/.venv/lib/python3.10/site-packages/airflow/example_dags/example_dag_decorator.py took 0.299 seconds
[2024-05-15T04:05:46.582+0800] {processor.py:161} INFO - Started process (PID=112064) to work on /home/jithish/Documents/dag-dag-dag/.venv/lib/python3.10/site-packages/airflow/example_dags/example_dag_decorator.py
[2024-05-15T04:05:46.643+0800] {processor.py:830} INFO - Processing file /home/jithish/Documents/dag-dag-dag/.venv/lib/python3.10/site-packages/airflow/example_dags/example_dag_decorator.py for tasks to queue
[2024-05-15T04:05:46.648+0800] {logging_mixin.py:188} INFO - [2024-05-15T04:05:46.647+0800] {dagbag.py:545} INFO - Filling up the DagBag from /home/jithish/Documents/dag-dag-dag/.venv/lib/python3.10/site-packages/airflow/example_dags/example_dag_decorator.py
[2024-05-15T04:05:46.748+0800] {processor.py:840} INFO - DAG(s) 'example_dag_decorator' retrieved from /home/jithish/Documents/dag-dag-dag/.venv/lib/python3.10/site-packages/airflow/example_dags/example_dag_decorator.py
[2024-05-15T04:05:46.765+0800] {logging_mixin.py:188} INFO - [2024-05-15T04:05:46.765+0800] {dag.py:3096} INFO - Sync 1 DAGs
[2024-05-15T04:05:46.775+0800] {logging_mixin.py:188} INFO - [2024-05-15T04:05:46.775+0800] {dag.py:3954} INFO - Setting next_dagrun for example_dag_decorator to None, run_after=None
[2024-05-15T04:05:46.797+0800] {processor.py:183} INFO - Processing /home/jithish/Documents/dag-dag-dag/.venv/lib/python3.10/site-packages/airflow/example_dags/example_dag_decorator.py took 0.220 seconds
[2024-05-15T04:06:41.942+0800] {processor.py:161} INFO - Started process (PID=112854) to work on /home/jithish/Documents/dag-dag-dag/.venv/lib/python3.10/site-packages/airflow/example_dags/example_dag_decorator.py
[2024-05-15T04:06:42.004+0800] {processor.py:830} INFO - Processing file /home/jithish/Documents/dag-dag-dag/.venv/lib/python3.10/site-packages/airflow/example_dags/example_dag_decorator.py for tasks to queue
[2024-05-15T04:06:42.009+0800] {logging_mixin.py:188} INFO - [2024-05-15T04:06:42.007+0800] {dagbag.py:545} INFO - Filling up the DagBag from /home/jithish/Documents/dag-dag-dag/.venv/lib/python3.10/site-packages/airflow/example_dags/example_dag_decorator.py
[2024-05-15T04:06:42.123+0800] {processor.py:840} INFO - DAG(s) 'example_dag_decorator' retrieved from /home/jithish/Documents/dag-dag-dag/.venv/lib/python3.10/site-packages/airflow/example_dags/example_dag_decorator.py
[2024-05-15T04:06:42.145+0800] {logging_mixin.py:188} INFO - [2024-05-15T04:06:42.145+0800] {dag.py:3096} INFO - Sync 1 DAGs
[2024-05-15T04:06:42.161+0800] {logging_mixin.py:188} INFO - [2024-05-15T04:06:42.161+0800] {dag.py:3954} INFO - Setting next_dagrun for example_dag_decorator to None, run_after=None
[2024-05-15T04:06:42.186+0800] {processor.py:183} INFO - Processing /home/jithish/Documents/dag-dag-dag/.venv/lib/python3.10/site-packages/airflow/example_dags/example_dag_decorator.py took 0.254 seconds
[2024-05-15T04:07:37.100+0800] {processor.py:161} INFO - Started process (PID=113540) to work on /home/jithish/Documents/dag-dag-dag/.venv/lib/python3.10/site-packages/airflow/example_dags/example_dag_decorator.py
[2024-05-15T04:07:37.162+0800] {processor.py:830} INFO - Processing file /home/jithish/Documents/dag-dag-dag/.venv/lib/python3.10/site-packages/airflow/example_dags/example_dag_decorator.py for tasks to queue
[2024-05-15T04:07:37.168+0800] {logging_mixin.py:188} INFO - [2024-05-15T04:07:37.166+0800] {dagbag.py:545} INFO - Filling up the DagBag from /home/jithish/Documents/dag-dag-dag/.venv/lib/python3.10/site-packages/airflow/example_dags/example_dag_decorator.py
[2024-05-15T04:07:37.265+0800] {processor.py:840} INFO - DAG(s) 'example_dag_decorator' retrieved from /home/jithish/Documents/dag-dag-dag/.venv/lib/python3.10/site-packages/airflow/example_dags/example_dag_decorator.py
[2024-05-15T04:07:37.278+0800] {logging_mixin.py:188} INFO - [2024-05-15T04:07:37.278+0800] {dag.py:3096} INFO - Sync 1 DAGs
[2024-05-15T04:07:37.288+0800] {logging_mixin.py:188} INFO - [2024-05-15T04:07:37.288+0800] {dag.py:3954} INFO - Setting next_dagrun for example_dag_decorator to None, run_after=None
[2024-05-15T04:07:37.375+0800] {processor.py:183} INFO - Processing /home/jithish/Documents/dag-dag-dag/.venv/lib/python3.10/site-packages/airflow/example_dags/example_dag_decorator.py took 0.292 seconds
[2024-05-15T04:08:30.809+0800] {processor.py:161} INFO - Started process (PID=114235) to work on /home/jithish/Documents/dag-dag-dag/.venv/lib/python3.10/site-packages/airflow/example_dags/example_dag_decorator.py
[2024-05-15T04:08:30.810+0800] {processor.py:830} INFO - Processing file /home/jithish/Documents/dag-dag-dag/.venv/lib/python3.10/site-packages/airflow/example_dags/example_dag_decorator.py for tasks to queue
[2024-05-15T04:08:30.812+0800] {logging_mixin.py:188} INFO - [2024-05-15T04:08:30.812+0800] {dagbag.py:545} INFO - Filling up the DagBag from /home/jithish/Documents/dag-dag-dag/.venv/lib/python3.10/site-packages/airflow/example_dags/example_dag_decorator.py
[2024-05-15T04:08:30.882+0800] {processor.py:840} INFO - DAG(s) 'example_dag_decorator' retrieved from /home/jithish/Documents/dag-dag-dag/.venv/lib/python3.10/site-packages/airflow/example_dags/example_dag_decorator.py
[2024-05-15T04:08:30.897+0800] {logging_mixin.py:188} INFO - [2024-05-15T04:08:30.897+0800] {dag.py:3096} INFO - Sync 1 DAGs
[2024-05-15T04:08:30.905+0800] {logging_mixin.py:188} INFO - [2024-05-15T04:08:30.904+0800] {dag.py:3954} INFO - Setting next_dagrun for example_dag_decorator to None, run_after=None
[2024-05-15T04:08:30.921+0800] {processor.py:183} INFO - Processing /home/jithish/Documents/dag-dag-dag/.venv/lib/python3.10/site-packages/airflow/example_dags/example_dag_decorator.py took 0.121 seconds
[2024-05-15T04:09:29.914+0800] {processor.py:161} INFO - Started process (PID=115165) to work on /home/jithish/Documents/dag-dag-dag/.venv/lib/python3.10/site-packages/airflow/example_dags/example_dag_decorator.py
[2024-05-15T04:09:29.976+0800] {processor.py:830} INFO - Processing file /home/jithish/Documents/dag-dag-dag/.venv/lib/python3.10/site-packages/airflow/example_dags/example_dag_decorator.py for tasks to queue
[2024-05-15T04:09:29.978+0800] {logging_mixin.py:188} INFO - [2024-05-15T04:09:29.978+0800] {dagbag.py:545} INFO - Filling up the DagBag from /home/jithish/Documents/dag-dag-dag/.venv/lib/python3.10/site-packages/airflow/example_dags/example_dag_decorator.py
[2024-05-15T04:09:30.057+0800] {processor.py:840} INFO - DAG(s) 'example_dag_decorator' retrieved from /home/jithish/Documents/dag-dag-dag/.venv/lib/python3.10/site-packages/airflow/example_dags/example_dag_decorator.py
[2024-05-15T04:09:30.072+0800] {logging_mixin.py:188} INFO - [2024-05-15T04:09:30.072+0800] {dag.py:3096} INFO - Sync 1 DAGs
[2024-05-15T04:09:30.079+0800] {logging_mixin.py:188} INFO - [2024-05-15T04:09:30.079+0800] {dag.py:3954} INFO - Setting next_dagrun for example_dag_decorator to None, run_after=None
[2024-05-15T04:09:30.124+0800] {processor.py:183} INFO - Processing /home/jithish/Documents/dag-dag-dag/.venv/lib/python3.10/site-packages/airflow/example_dags/example_dag_decorator.py took 0.222 seconds
[2024-05-15T04:10:23.855+0800] {processor.py:161} INFO - Started process (PID=115950) to work on /home/jithish/Documents/dag-dag-dag/.venv/lib/python3.10/site-packages/airflow/example_dags/example_dag_decorator.py
[2024-05-15T04:10:23.917+0800] {processor.py:830} INFO - Processing file /home/jithish/Documents/dag-dag-dag/.venv/lib/python3.10/site-packages/airflow/example_dags/example_dag_decorator.py for tasks to queue
[2024-05-15T04:10:23.923+0800] {logging_mixin.py:188} INFO - [2024-05-15T04:10:23.922+0800] {dagbag.py:545} INFO - Filling up the DagBag from /home/jithish/Documents/dag-dag-dag/.venv/lib/python3.10/site-packages/airflow/example_dags/example_dag_decorator.py
[2024-05-15T04:10:24.034+0800] {processor.py:840} INFO - DAG(s) 'example_dag_decorator' retrieved from /home/jithish/Documents/dag-dag-dag/.venv/lib/python3.10/site-packages/airflow/example_dags/example_dag_decorator.py
[2024-05-15T04:10:24.058+0800] {logging_mixin.py:188} INFO - [2024-05-15T04:10:24.057+0800] {dag.py:3096} INFO - Sync 1 DAGs
[2024-05-15T04:10:24.070+0800] {logging_mixin.py:188} INFO - [2024-05-15T04:10:24.070+0800] {dag.py:3954} INFO - Setting next_dagrun for example_dag_decorator to None, run_after=None
[2024-05-15T04:10:24.134+0800] {processor.py:183} INFO - Processing /home/jithish/Documents/dag-dag-dag/.venv/lib/python3.10/site-packages/airflow/example_dags/example_dag_decorator.py took 0.285 seconds
[2024-05-15T04:11:16.786+0800] {processor.py:161} INFO - Started process (PID=116717) to work on /home/jithish/Documents/dag-dag-dag/.venv/lib/python3.10/site-packages/airflow/example_dags/example_dag_decorator.py
[2024-05-15T04:11:16.787+0800] {processor.py:830} INFO - Processing file /home/jithish/Documents/dag-dag-dag/.venv/lib/python3.10/site-packages/airflow/example_dags/example_dag_decorator.py for tasks to queue
[2024-05-15T04:11:16.790+0800] {logging_mixin.py:188} INFO - [2024-05-15T04:11:16.789+0800] {dagbag.py:545} INFO - Filling up the DagBag from /home/jithish/Documents/dag-dag-dag/.venv/lib/python3.10/site-packages/airflow/example_dags/example_dag_decorator.py
[2024-05-15T04:11:16.864+0800] {processor.py:840} INFO - DAG(s) 'example_dag_decorator' retrieved from /home/jithish/Documents/dag-dag-dag/.venv/lib/python3.10/site-packages/airflow/example_dags/example_dag_decorator.py
[2024-05-15T04:11:16.879+0800] {logging_mixin.py:188} INFO - [2024-05-15T04:11:16.879+0800] {dag.py:3096} INFO - Sync 1 DAGs
[2024-05-15T04:11:16.887+0800] {logging_mixin.py:188} INFO - [2024-05-15T04:11:16.887+0800] {dag.py:3954} INFO - Setting next_dagrun for example_dag_decorator to None, run_after=None
[2024-05-15T04:11:16.902+0800] {processor.py:183} INFO - Processing /home/jithish/Documents/dag-dag-dag/.venv/lib/python3.10/site-packages/airflow/example_dags/example_dag_decorator.py took 0.124 seconds
[2024-05-15T04:12:12.584+0800] {processor.py:161} INFO - Started process (PID=117512) to work on /home/jithish/Documents/dag-dag-dag/.venv/lib/python3.10/site-packages/airflow/example_dags/example_dag_decorator.py
[2024-05-15T04:12:12.646+0800] {processor.py:830} INFO - Processing file /home/jithish/Documents/dag-dag-dag/.venv/lib/python3.10/site-packages/airflow/example_dags/example_dag_decorator.py for tasks to queue
[2024-05-15T04:12:12.652+0800] {logging_mixin.py:188} INFO - [2024-05-15T04:12:12.650+0800] {dagbag.py:545} INFO - Filling up the DagBag from /home/jithish/Documents/dag-dag-dag/.venv/lib/python3.10/site-packages/airflow/example_dags/example_dag_decorator.py
[2024-05-15T04:12:12.743+0800] {processor.py:840} INFO - DAG(s) 'example_dag_decorator' retrieved from /home/jithish/Documents/dag-dag-dag/.venv/lib/python3.10/site-packages/airflow/example_dags/example_dag_decorator.py
[2024-05-15T04:12:12.890+0800] {logging_mixin.py:188} INFO - [2024-05-15T04:12:12.890+0800] {dag.py:3096} INFO - Sync 1 DAGs
[2024-05-15T04:12:12.897+0800] {logging_mixin.py:188} INFO - [2024-05-15T04:12:12.896+0800] {dag.py:3954} INFO - Setting next_dagrun for example_dag_decorator to None, run_after=None
[2024-05-15T04:12:12.915+0800] {processor.py:183} INFO - Processing /home/jithish/Documents/dag-dag-dag/.venv/lib/python3.10/site-packages/airflow/example_dags/example_dag_decorator.py took 0.350 seconds
[2024-05-15T04:13:09.272+0800] {processor.py:161} INFO - Started process (PID=118322) to work on /home/jithish/Documents/dag-dag-dag/.venv/lib/python3.10/site-packages/airflow/example_dags/example_dag_decorator.py
[2024-05-15T04:13:09.333+0800] {processor.py:830} INFO - Processing file /home/jithish/Documents/dag-dag-dag/.venv/lib/python3.10/site-packages/airflow/example_dags/example_dag_decorator.py for tasks to queue
[2024-05-15T04:13:09.334+0800] {logging_mixin.py:188} INFO - [2024-05-15T04:13:09.334+0800] {dagbag.py:545} INFO - Filling up the DagBag from /home/jithish/Documents/dag-dag-dag/.venv/lib/python3.10/site-packages/airflow/example_dags/example_dag_decorator.py
[2024-05-15T04:13:09.398+0800] {processor.py:840} INFO - DAG(s) 'example_dag_decorator' retrieved from /home/jithish/Documents/dag-dag-dag/.venv/lib/python3.10/site-packages/airflow/example_dags/example_dag_decorator.py
[2024-05-15T04:13:09.543+0800] {logging_mixin.py:188} INFO - [2024-05-15T04:13:09.542+0800] {dag.py:3096} INFO - Sync 1 DAGs
[2024-05-15T04:13:09.555+0800] {logging_mixin.py:188} INFO - [2024-05-15T04:13:09.554+0800] {dag.py:3954} INFO - Setting next_dagrun for example_dag_decorator to None, run_after=None
[2024-05-15T04:13:09.667+0800] {processor.py:183} INFO - Processing /home/jithish/Documents/dag-dag-dag/.venv/lib/python3.10/site-packages/airflow/example_dags/example_dag_decorator.py took 0.402 seconds
[2024-05-15T04:14:04.225+0800] {processor.py:161} INFO - Started process (PID=119183) to work on /home/jithish/Documents/dag-dag-dag/.venv/lib/python3.10/site-packages/airflow/example_dags/example_dag_decorator.py
[2024-05-15T04:14:04.269+0800] {processor.py:830} INFO - Processing file /home/jithish/Documents/dag-dag-dag/.venv/lib/python3.10/site-packages/airflow/example_dags/example_dag_decorator.py for tasks to queue
[2024-05-15T04:14:04.274+0800] {logging_mixin.py:188} INFO - [2024-05-15T04:14:04.273+0800] {dagbag.py:545} INFO - Filling up the DagBag from /home/jithish/Documents/dag-dag-dag/.venv/lib/python3.10/site-packages/airflow/example_dags/example_dag_decorator.py
[2024-05-15T04:14:04.361+0800] {processor.py:840} INFO - DAG(s) 'example_dag_decorator' retrieved from /home/jithish/Documents/dag-dag-dag/.venv/lib/python3.10/site-packages/airflow/example_dags/example_dag_decorator.py
[2024-05-15T04:14:04.376+0800] {logging_mixin.py:188} INFO - [2024-05-15T04:14:04.375+0800] {dag.py:3096} INFO - Sync 1 DAGs
[2024-05-15T04:14:04.456+0800] {logging_mixin.py:188} INFO - [2024-05-15T04:14:04.456+0800] {dag.py:3954} INFO - Setting next_dagrun for example_dag_decorator to None, run_after=None
[2024-05-15T04:14:04.552+0800] {processor.py:183} INFO - Processing /home/jithish/Documents/dag-dag-dag/.venv/lib/python3.10/site-packages/airflow/example_dags/example_dag_decorator.py took 0.334 seconds
[2024-05-15T04:15:01.595+0800] {processor.py:161} INFO - Started process (PID=119773) to work on /home/jithish/Documents/dag-dag-dag/.venv/lib/python3.10/site-packages/airflow/example_dags/example_dag_decorator.py
[2024-05-15T04:15:01.596+0800] {processor.py:830} INFO - Processing file /home/jithish/Documents/dag-dag-dag/.venv/lib/python3.10/site-packages/airflow/example_dags/example_dag_decorator.py for tasks to queue
[2024-05-15T04:15:01.599+0800] {logging_mixin.py:188} INFO - [2024-05-15T04:15:01.598+0800] {dagbag.py:545} INFO - Filling up the DagBag from /home/jithish/Documents/dag-dag-dag/.venv/lib/python3.10/site-packages/airflow/example_dags/example_dag_decorator.py
[2024-05-15T04:15:01.667+0800] {processor.py:840} INFO - DAG(s) 'example_dag_decorator' retrieved from /home/jithish/Documents/dag-dag-dag/.venv/lib/python3.10/site-packages/airflow/example_dags/example_dag_decorator.py
[2024-05-15T04:15:01.679+0800] {logging_mixin.py:188} INFO - [2024-05-15T04:15:01.679+0800] {dag.py:3096} INFO - Sync 1 DAGs
[2024-05-15T04:15:01.686+0800] {logging_mixin.py:188} INFO - [2024-05-15T04:15:01.686+0800] {dag.py:3954} INFO - Setting next_dagrun for example_dag_decorator to None, run_after=None
[2024-05-15T04:15:01.700+0800] {processor.py:183} INFO - Processing /home/jithish/Documents/dag-dag-dag/.venv/lib/python3.10/site-packages/airflow/example_dags/example_dag_decorator.py took 0.114 seconds
[2024-05-15T04:15:55.330+0800] {processor.py:161} INFO - Started process (PID=120279) to work on /home/jithish/Documents/dag-dag-dag/.venv/lib/python3.10/site-packages/airflow/example_dags/example_dag_decorator.py
[2024-05-15T04:15:55.374+0800] {processor.py:830} INFO - Processing file /home/jithish/Documents/dag-dag-dag/.venv/lib/python3.10/site-packages/airflow/example_dags/example_dag_decorator.py for tasks to queue
[2024-05-15T04:15:55.391+0800] {logging_mixin.py:188} INFO - [2024-05-15T04:15:55.390+0800] {dagbag.py:545} INFO - Filling up the DagBag from /home/jithish/Documents/dag-dag-dag/.venv/lib/python3.10/site-packages/airflow/example_dags/example_dag_decorator.py
[2024-05-15T04:15:55.510+0800] {processor.py:840} INFO - DAG(s) 'example_dag_decorator' retrieved from /home/jithish/Documents/dag-dag-dag/.venv/lib/python3.10/site-packages/airflow/example_dags/example_dag_decorator.py
[2024-05-15T04:15:55.720+0800] {logging_mixin.py:188} INFO - [2024-05-15T04:15:55.719+0800] {dag.py:3096} INFO - Sync 1 DAGs
[2024-05-15T04:15:55.725+0800] {logging_mixin.py:188} INFO - [2024-05-15T04:15:55.725+0800] {dag.py:3954} INFO - Setting next_dagrun for example_dag_decorator to None, run_after=None
[2024-05-15T04:15:55.810+0800] {processor.py:183} INFO - Processing /home/jithish/Documents/dag-dag-dag/.venv/lib/python3.10/site-packages/airflow/example_dags/example_dag_decorator.py took 0.488 seconds
