[2024-05-15T02:59:26.753+0800] {processor.py:161} INFO - Started process (PID=65655) to work on /home/jithish/Documents/dag-dag-dag/.venv/lib/python3.10/site-packages/airflow/example_dags/example_setup_teardown.py
[2024-05-15T02:59:26.754+0800] {processor.py:830} INFO - Processing file /home/jithish/Documents/dag-dag-dag/.venv/lib/python3.10/site-packages/airflow/example_dags/example_setup_teardown.py for tasks to queue
[2024-05-15T02:59:26.756+0800] {logging_mixin.py:188} INFO - [2024-05-15T02:59:26.755+0800] {dagbag.py:545} INFO - Filling up the DagBag from /home/jithish/Documents/dag-dag-dag/.venv/lib/python3.10/site-packages/airflow/example_dags/example_setup_teardown.py
[2024-05-15T02:59:26.761+0800] {processor.py:840} INFO - DAG(s) 'example_setup_teardown' retrieved from /home/jithish/Documents/dag-dag-dag/.venv/lib/python3.10/site-packages/airflow/example_dags/example_setup_teardown.py
[2024-05-15T02:59:26.826+0800] {logging_mixin.py:188} INFO - [2024-05-15T02:59:26.825+0800] {dag.py:3096} INFO - Sync 1 DAGs
[2024-05-15T02:59:26.912+0800] {logging_mixin.py:188} INFO - [2024-05-15T02:59:26.912+0800] {dag.py:3954} INFO - Setting next_dagrun for example_setup_teardown to 2024-05-13 00:00:00+00:00, run_after=2024-05-14 00:00:00+00:00
[2024-05-15T02:59:26.937+0800] {processor.py:183} INFO - Processing /home/jithish/Documents/dag-dag-dag/.venv/lib/python3.10/site-packages/airflow/example_dags/example_setup_teardown.py took 0.189 seconds
[2024-05-15T03:14:48.407+0800] {processor.py:161} INFO - Started process (PID=75157) to work on /home/jithish/Documents/dag-dag-dag/.venv/lib/python3.10/site-packages/airflow/example_dags/example_setup_teardown.py
[2024-05-15T03:14:48.469+0800] {processor.py:830} INFO - Processing file /home/jithish/Documents/dag-dag-dag/.venv/lib/python3.10/site-packages/airflow/example_dags/example_setup_teardown.py for tasks to queue
[2024-05-15T03:14:48.472+0800] {logging_mixin.py:188} INFO - [2024-05-15T03:14:48.472+0800] {dagbag.py:545} INFO - Filling up the DagBag from /home/jithish/Documents/dag-dag-dag/.venv/lib/python3.10/site-packages/airflow/example_dags/example_setup_teardown.py
[2024-05-15T03:14:48.485+0800] {processor.py:840} INFO - DAG(s) 'example_setup_teardown' retrieved from /home/jithish/Documents/dag-dag-dag/.venv/lib/python3.10/site-packages/airflow/example_dags/example_setup_teardown.py
[2024-05-15T03:14:48.575+0800] {logging_mixin.py:188} INFO - [2024-05-15T03:14:48.575+0800] {dag.py:3096} INFO - Sync 1 DAGs
[2024-05-15T03:14:48.677+0800] {logging_mixin.py:188} INFO - [2024-05-15T03:14:48.676+0800] {dag.py:3954} INFO - Setting next_dagrun for example_setup_teardown to 2024-05-13 00:00:00+00:00, run_after=2024-05-14 00:00:00+00:00
[2024-05-15T03:14:48.781+0800] {processor.py:183} INFO - Processing /home/jithish/Documents/dag-dag-dag/.venv/lib/python3.10/site-packages/airflow/example_dags/example_setup_teardown.py took 0.382 seconds
[2024-05-15T03:15:52.497+0800] {processor.py:161} INFO - Started process (PID=75988) to work on /home/jithish/Documents/dag-dag-dag/.venv/lib/python3.10/site-packages/airflow/example_dags/example_setup_teardown.py
[2024-05-15T03:15:52.498+0800] {processor.py:830} INFO - Processing file /home/jithish/Documents/dag-dag-dag/.venv/lib/python3.10/site-packages/airflow/example_dags/example_setup_teardown.py for tasks to queue
[2024-05-15T03:15:52.501+0800] {logging_mixin.py:188} INFO - [2024-05-15T03:15:52.500+0800] {dagbag.py:545} INFO - Filling up the DagBag from /home/jithish/Documents/dag-dag-dag/.venv/lib/python3.10/site-packages/airflow/example_dags/example_setup_teardown.py
[2024-05-15T03:15:52.510+0800] {processor.py:840} INFO - DAG(s) 'example_setup_teardown' retrieved from /home/jithish/Documents/dag-dag-dag/.venv/lib/python3.10/site-packages/airflow/example_dags/example_setup_teardown.py
[2024-05-15T03:15:52.525+0800] {logging_mixin.py:188} INFO - [2024-05-15T03:15:52.525+0800] {dag.py:3096} INFO - Sync 1 DAGs
[2024-05-15T03:15:52.539+0800] {logging_mixin.py:188} INFO - [2024-05-15T03:15:52.538+0800] {dag.py:3954} INFO - Setting next_dagrun for example_setup_teardown to 2024-05-13 00:00:00+00:00, run_after=2024-05-14 00:00:00+00:00
[2024-05-15T03:15:52.629+0800] {processor.py:183} INFO - Processing /home/jithish/Documents/dag-dag-dag/.venv/lib/python3.10/site-packages/airflow/example_dags/example_setup_teardown.py took 0.140 seconds
[2024-05-15T03:16:54.806+0800] {processor.py:161} INFO - Started process (PID=76809) to work on /home/jithish/Documents/dag-dag-dag/.venv/lib/python3.10/site-packages/airflow/example_dags/example_setup_teardown.py
[2024-05-15T03:16:54.807+0800] {processor.py:830} INFO - Processing file /home/jithish/Documents/dag-dag-dag/.venv/lib/python3.10/site-packages/airflow/example_dags/example_setup_teardown.py for tasks to queue
[2024-05-15T03:16:54.809+0800] {logging_mixin.py:188} INFO - [2024-05-15T03:16:54.808+0800] {dagbag.py:545} INFO - Filling up the DagBag from /home/jithish/Documents/dag-dag-dag/.venv/lib/python3.10/site-packages/airflow/example_dags/example_setup_teardown.py
[2024-05-15T03:16:54.817+0800] {processor.py:840} INFO - DAG(s) 'example_setup_teardown' retrieved from /home/jithish/Documents/dag-dag-dag/.venv/lib/python3.10/site-packages/airflow/example_dags/example_setup_teardown.py
[2024-05-15T03:16:54.831+0800] {logging_mixin.py:188} INFO - [2024-05-15T03:16:54.830+0800] {dag.py:3096} INFO - Sync 1 DAGs
[2024-05-15T03:16:54.851+0800] {logging_mixin.py:188} INFO - [2024-05-15T03:16:54.850+0800] {dag.py:3954} INFO - Setting next_dagrun for example_setup_teardown to 2024-05-13 00:00:00+00:00, run_after=2024-05-14 00:00:00+00:00
[2024-05-15T03:16:54.869+0800] {processor.py:183} INFO - Processing /home/jithish/Documents/dag-dag-dag/.venv/lib/python3.10/site-packages/airflow/example_dags/example_setup_teardown.py took 0.072 seconds
[2024-05-15T03:17:57.931+0800] {processor.py:161} INFO - Started process (PID=77827) to work on /home/jithish/Documents/dag-dag-dag/.venv/lib/python3.10/site-packages/airflow/example_dags/example_setup_teardown.py
[2024-05-15T03:17:57.940+0800] {processor.py:830} INFO - Processing file /home/jithish/Documents/dag-dag-dag/.venv/lib/python3.10/site-packages/airflow/example_dags/example_setup_teardown.py for tasks to queue
[2024-05-15T03:17:57.942+0800] {logging_mixin.py:188} INFO - [2024-05-15T03:17:57.941+0800] {dagbag.py:545} INFO - Filling up the DagBag from /home/jithish/Documents/dag-dag-dag/.venv/lib/python3.10/site-packages/airflow/example_dags/example_setup_teardown.py
[2024-05-15T03:17:57.947+0800] {processor.py:840} INFO - DAG(s) 'example_setup_teardown' retrieved from /home/jithish/Documents/dag-dag-dag/.venv/lib/python3.10/site-packages/airflow/example_dags/example_setup_teardown.py
[2024-05-15T03:17:57.960+0800] {logging_mixin.py:188} INFO - [2024-05-15T03:17:57.960+0800] {dag.py:3096} INFO - Sync 1 DAGs
[2024-05-15T03:17:57.976+0800] {logging_mixin.py:188} INFO - [2024-05-15T03:17:57.975+0800] {dag.py:3954} INFO - Setting next_dagrun for example_setup_teardown to 2024-05-13 00:00:00+00:00, run_after=2024-05-14 00:00:00+00:00
[2024-05-15T03:17:57.990+0800] {processor.py:183} INFO - Processing /home/jithish/Documents/dag-dag-dag/.venv/lib/python3.10/site-packages/airflow/example_dags/example_setup_teardown.py took 0.065 seconds
[2024-05-15T03:18:51.495+0800] {processor.py:161} INFO - Started process (PID=78567) to work on /home/jithish/Documents/dag-dag-dag/.venv/lib/python3.10/site-packages/airflow/example_dags/example_setup_teardown.py
[2024-05-15T03:18:51.496+0800] {processor.py:830} INFO - Processing file /home/jithish/Documents/dag-dag-dag/.venv/lib/python3.10/site-packages/airflow/example_dags/example_setup_teardown.py for tasks to queue
[2024-05-15T03:18:51.497+0800] {logging_mixin.py:188} INFO - [2024-05-15T03:18:51.497+0800] {dagbag.py:545} INFO - Filling up the DagBag from /home/jithish/Documents/dag-dag-dag/.venv/lib/python3.10/site-packages/airflow/example_dags/example_setup_teardown.py
[2024-05-15T03:18:51.504+0800] {processor.py:840} INFO - DAG(s) 'example_setup_teardown' retrieved from /home/jithish/Documents/dag-dag-dag/.venv/lib/python3.10/site-packages/airflow/example_dags/example_setup_teardown.py
[2024-05-15T03:18:51.517+0800] {logging_mixin.py:188} INFO - [2024-05-15T03:18:51.516+0800] {dag.py:3096} INFO - Sync 1 DAGs
[2024-05-15T03:18:51.533+0800] {logging_mixin.py:188} INFO - [2024-05-15T03:18:51.532+0800] {dag.py:3954} INFO - Setting next_dagrun for example_setup_teardown to 2024-05-13 00:00:00+00:00, run_after=2024-05-14 00:00:00+00:00
[2024-05-15T03:18:51.547+0800] {processor.py:183} INFO - Processing /home/jithish/Documents/dag-dag-dag/.venv/lib/python3.10/site-packages/airflow/example_dags/example_setup_teardown.py took 0.056 seconds
[2024-05-15T03:20:08.798+0800] {processor.py:161} INFO - Started process (PID=79688) to work on /home/jithish/Documents/dag-dag-dag/.venv/lib/python3.10/site-packages/airflow/example_dags/example_setup_teardown.py
[2024-05-15T03:20:08.860+0800] {processor.py:830} INFO - Processing file /home/jithish/Documents/dag-dag-dag/.venv/lib/python3.10/site-packages/airflow/example_dags/example_setup_teardown.py for tasks to queue
[2024-05-15T03:20:08.863+0800] {logging_mixin.py:188} INFO - [2024-05-15T03:20:08.863+0800] {dagbag.py:545} INFO - Filling up the DagBag from /home/jithish/Documents/dag-dag-dag/.venv/lib/python3.10/site-packages/airflow/example_dags/example_setup_teardown.py
[2024-05-15T03:20:08.874+0800] {processor.py:840} INFO - DAG(s) 'example_setup_teardown' retrieved from /home/jithish/Documents/dag-dag-dag/.venv/lib/python3.10/site-packages/airflow/example_dags/example_setup_teardown.py
[2024-05-15T03:20:08.891+0800] {logging_mixin.py:188} INFO - [2024-05-15T03:20:08.891+0800] {dag.py:3096} INFO - Sync 1 DAGs
[2024-05-15T03:20:08.907+0800] {logging_mixin.py:188} INFO - [2024-05-15T03:20:08.906+0800] {dag.py:3954} INFO - Setting next_dagrun for example_setup_teardown to 2024-05-13 00:00:00+00:00, run_after=2024-05-14 00:00:00+00:00
[2024-05-15T03:20:08.932+0800] {processor.py:183} INFO - Processing /home/jithish/Documents/dag-dag-dag/.venv/lib/python3.10/site-packages/airflow/example_dags/example_setup_teardown.py took 0.153 seconds
[2024-05-15T03:21:04.935+0800] {processor.py:161} INFO - Started process (PID=80464) to work on /home/jithish/Documents/dag-dag-dag/.venv/lib/python3.10/site-packages/airflow/example_dags/example_setup_teardown.py
[2024-05-15T03:21:04.994+0800] {processor.py:830} INFO - Processing file /home/jithish/Documents/dag-dag-dag/.venv/lib/python3.10/site-packages/airflow/example_dags/example_setup_teardown.py for tasks to queue
[2024-05-15T03:21:04.999+0800] {logging_mixin.py:188} INFO - [2024-05-15T03:21:04.998+0800] {dagbag.py:545} INFO - Filling up the DagBag from /home/jithish/Documents/dag-dag-dag/.venv/lib/python3.10/site-packages/airflow/example_dags/example_setup_teardown.py
[2024-05-15T03:21:05.023+0800] {processor.py:840} INFO - DAG(s) 'example_setup_teardown' retrieved from /home/jithish/Documents/dag-dag-dag/.venv/lib/python3.10/site-packages/airflow/example_dags/example_setup_teardown.py
[2024-05-15T03:21:05.047+0800] {logging_mixin.py:188} INFO - [2024-05-15T03:21:05.047+0800] {dag.py:3096} INFO - Sync 1 DAGs
[2024-05-15T03:21:05.063+0800] {logging_mixin.py:188} INFO - [2024-05-15T03:21:05.063+0800] {dag.py:3954} INFO - Setting next_dagrun for example_setup_teardown to 2024-05-13 00:00:00+00:00, run_after=2024-05-14 00:00:00+00:00
[2024-05-15T03:21:05.084+0800] {processor.py:183} INFO - Processing /home/jithish/Documents/dag-dag-dag/.venv/lib/python3.10/site-packages/airflow/example_dags/example_setup_teardown.py took 0.162 seconds
[2024-05-15T03:22:22.815+0800] {processor.py:161} INFO - Started process (PID=81580) to work on /home/jithish/Documents/dag-dag-dag/.venv/lib/python3.10/site-packages/airflow/example_dags/example_setup_teardown.py
[2024-05-15T03:22:22.876+0800] {processor.py:830} INFO - Processing file /home/jithish/Documents/dag-dag-dag/.venv/lib/python3.10/site-packages/airflow/example_dags/example_setup_teardown.py for tasks to queue
[2024-05-15T03:22:22.878+0800] {logging_mixin.py:188} INFO - [2024-05-15T03:22:22.877+0800] {dagbag.py:545} INFO - Filling up the DagBag from /home/jithish/Documents/dag-dag-dag/.venv/lib/python3.10/site-packages/airflow/example_dags/example_setup_teardown.py
[2024-05-15T03:22:22.883+0800] {processor.py:840} INFO - DAG(s) 'example_setup_teardown' retrieved from /home/jithish/Documents/dag-dag-dag/.venv/lib/python3.10/site-packages/airflow/example_dags/example_setup_teardown.py
[2024-05-15T03:22:22.896+0800] {logging_mixin.py:188} INFO - [2024-05-15T03:22:22.896+0800] {dag.py:3096} INFO - Sync 1 DAGs
[2024-05-15T03:22:22.912+0800] {logging_mixin.py:188} INFO - [2024-05-15T03:22:22.911+0800] {dag.py:3954} INFO - Setting next_dagrun for example_setup_teardown to 2024-05-13 00:00:00+00:00, run_after=2024-05-14 00:00:00+00:00
[2024-05-15T03:22:22.939+0800] {processor.py:183} INFO - Processing /home/jithish/Documents/dag-dag-dag/.venv/lib/python3.10/site-packages/airflow/example_dags/example_setup_teardown.py took 0.138 seconds
[2024-05-15T03:23:16.239+0800] {processor.py:161} INFO - Started process (PID=82219) to work on /home/jithish/Documents/dag-dag-dag/.venv/lib/python3.10/site-packages/airflow/example_dags/example_setup_teardown.py
[2024-05-15T03:23:16.300+0800] {processor.py:830} INFO - Processing file /home/jithish/Documents/dag-dag-dag/.venv/lib/python3.10/site-packages/airflow/example_dags/example_setup_teardown.py for tasks to queue
[2024-05-15T03:23:16.306+0800] {logging_mixin.py:188} INFO - [2024-05-15T03:23:16.304+0800] {dagbag.py:545} INFO - Filling up the DagBag from /home/jithish/Documents/dag-dag-dag/.venv/lib/python3.10/site-packages/airflow/example_dags/example_setup_teardown.py
[2024-05-15T03:23:16.325+0800] {processor.py:840} INFO - DAG(s) 'example_setup_teardown' retrieved from /home/jithish/Documents/dag-dag-dag/.venv/lib/python3.10/site-packages/airflow/example_dags/example_setup_teardown.py
[2024-05-15T03:23:16.348+0800] {logging_mixin.py:188} INFO - [2024-05-15T03:23:16.348+0800] {dag.py:3096} INFO - Sync 1 DAGs
[2024-05-15T03:23:16.362+0800] {logging_mixin.py:188} INFO - [2024-05-15T03:23:16.362+0800] {dag.py:3954} INFO - Setting next_dagrun for example_setup_teardown to 2024-05-13 00:00:00+00:00, run_after=2024-05-14 00:00:00+00:00
[2024-05-15T03:23:16.381+0800] {processor.py:183} INFO - Processing /home/jithish/Documents/dag-dag-dag/.venv/lib/python3.10/site-packages/airflow/example_dags/example_setup_teardown.py took 0.146 seconds
[2024-05-15T03:24:09.613+0800] {processor.py:161} INFO - Started process (PID=82698) to work on /home/jithish/Documents/dag-dag-dag/.venv/lib/python3.10/site-packages/airflow/example_dags/example_setup_teardown.py
[2024-05-15T03:24:09.674+0800] {processor.py:830} INFO - Processing file /home/jithish/Documents/dag-dag-dag/.venv/lib/python3.10/site-packages/airflow/example_dags/example_setup_teardown.py for tasks to queue
[2024-05-15T03:24:09.679+0800] {logging_mixin.py:188} INFO - [2024-05-15T03:24:09.677+0800] {dagbag.py:545} INFO - Filling up the DagBag from /home/jithish/Documents/dag-dag-dag/.venv/lib/python3.10/site-packages/airflow/example_dags/example_setup_teardown.py
[2024-05-15T03:24:09.699+0800] {processor.py:840} INFO - DAG(s) 'example_setup_teardown' retrieved from /home/jithish/Documents/dag-dag-dag/.venv/lib/python3.10/site-packages/airflow/example_dags/example_setup_teardown.py
[2024-05-15T03:24:09.726+0800] {logging_mixin.py:188} INFO - [2024-05-15T03:24:09.725+0800] {dag.py:3096} INFO - Sync 1 DAGs
[2024-05-15T03:24:09.741+0800] {logging_mixin.py:188} INFO - [2024-05-15T03:24:09.741+0800] {dag.py:3954} INFO - Setting next_dagrun for example_setup_teardown to 2024-05-13 00:00:00+00:00, run_after=2024-05-14 00:00:00+00:00
[2024-05-15T03:24:09.759+0800] {processor.py:183} INFO - Processing /home/jithish/Documents/dag-dag-dag/.venv/lib/python3.10/site-packages/airflow/example_dags/example_setup_teardown.py took 0.151 seconds
[2024-05-15T03:25:05.256+0800] {processor.py:161} INFO - Started process (PID=83172) to work on /home/jithish/Documents/dag-dag-dag/.venv/lib/python3.10/site-packages/airflow/example_dags/example_setup_teardown.py
[2024-05-15T03:25:05.257+0800] {processor.py:830} INFO - Processing file /home/jithish/Documents/dag-dag-dag/.venv/lib/python3.10/site-packages/airflow/example_dags/example_setup_teardown.py for tasks to queue
[2024-05-15T03:25:05.259+0800] {logging_mixin.py:188} INFO - [2024-05-15T03:25:05.257+0800] {dagbag.py:545} INFO - Filling up the DagBag from /home/jithish/Documents/dag-dag-dag/.venv/lib/python3.10/site-packages/airflow/example_dags/example_setup_teardown.py
[2024-05-15T03:25:05.265+0800] {processor.py:840} INFO - DAG(s) 'example_setup_teardown' retrieved from /home/jithish/Documents/dag-dag-dag/.venv/lib/python3.10/site-packages/airflow/example_dags/example_setup_teardown.py
[2024-05-15T03:25:05.276+0800] {logging_mixin.py:188} INFO - [2024-05-15T03:25:05.276+0800] {dag.py:3096} INFO - Sync 1 DAGs
[2024-05-15T03:25:05.293+0800] {logging_mixin.py:188} INFO - [2024-05-15T03:25:05.293+0800] {dag.py:3954} INFO - Setting next_dagrun for example_setup_teardown to 2024-05-13 00:00:00+00:00, run_after=2024-05-14 00:00:00+00:00
[2024-05-15T03:25:05.310+0800] {processor.py:183} INFO - Processing /home/jithish/Documents/dag-dag-dag/.venv/lib/python3.10/site-packages/airflow/example_dags/example_setup_teardown.py took 0.059 seconds
[2024-05-15T03:25:58.033+0800] {processor.py:161} INFO - Started process (PID=83599) to work on /home/jithish/Documents/dag-dag-dag/.venv/lib/python3.10/site-packages/airflow/example_dags/example_setup_teardown.py
[2024-05-15T03:25:58.095+0800] {processor.py:830} INFO - Processing file /home/jithish/Documents/dag-dag-dag/.venv/lib/python3.10/site-packages/airflow/example_dags/example_setup_teardown.py for tasks to queue
[2024-05-15T03:25:58.100+0800] {logging_mixin.py:188} INFO - [2024-05-15T03:25:58.099+0800] {dagbag.py:545} INFO - Filling up the DagBag from /home/jithish/Documents/dag-dag-dag/.venv/lib/python3.10/site-packages/airflow/example_dags/example_setup_teardown.py
[2024-05-15T03:25:58.120+0800] {processor.py:840} INFO - DAG(s) 'example_setup_teardown' retrieved from /home/jithish/Documents/dag-dag-dag/.venv/lib/python3.10/site-packages/airflow/example_dags/example_setup_teardown.py
[2024-05-15T03:25:58.146+0800] {logging_mixin.py:188} INFO - [2024-05-15T03:25:58.146+0800] {dag.py:3096} INFO - Sync 1 DAGs
[2024-05-15T03:25:58.161+0800] {logging_mixin.py:188} INFO - [2024-05-15T03:25:58.161+0800] {dag.py:3954} INFO - Setting next_dagrun for example_setup_teardown to 2024-05-13 00:00:00+00:00, run_after=2024-05-14 00:00:00+00:00
[2024-05-15T03:25:58.189+0800] {processor.py:183} INFO - Processing /home/jithish/Documents/dag-dag-dag/.venv/lib/python3.10/site-packages/airflow/example_dags/example_setup_teardown.py took 0.160 seconds
[2024-05-15T03:26:53.162+0800] {processor.py:161} INFO - Started process (PID=84275) to work on /home/jithish/Documents/dag-dag-dag/.venv/lib/python3.10/site-packages/airflow/example_dags/example_setup_teardown.py
[2024-05-15T03:26:53.223+0800] {processor.py:830} INFO - Processing file /home/jithish/Documents/dag-dag-dag/.venv/lib/python3.10/site-packages/airflow/example_dags/example_setup_teardown.py for tasks to queue
[2024-05-15T03:26:53.225+0800] {logging_mixin.py:188} INFO - [2024-05-15T03:26:53.225+0800] {dagbag.py:545} INFO - Filling up the DagBag from /home/jithish/Documents/dag-dag-dag/.venv/lib/python3.10/site-packages/airflow/example_dags/example_setup_teardown.py
[2024-05-15T03:26:53.234+0800] {processor.py:840} INFO - DAG(s) 'example_setup_teardown' retrieved from /home/jithish/Documents/dag-dag-dag/.venv/lib/python3.10/site-packages/airflow/example_dags/example_setup_teardown.py
[2024-05-15T03:26:53.257+0800] {logging_mixin.py:188} INFO - [2024-05-15T03:26:53.257+0800] {dag.py:3096} INFO - Sync 1 DAGs
[2024-05-15T03:26:53.276+0800] {logging_mixin.py:188} INFO - [2024-05-15T03:26:53.276+0800] {dag.py:3954} INFO - Setting next_dagrun for example_setup_teardown to 2024-05-13 00:00:00+00:00, run_after=2024-05-14 00:00:00+00:00
[2024-05-15T03:26:53.304+0800] {processor.py:183} INFO - Processing /home/jithish/Documents/dag-dag-dag/.venv/lib/python3.10/site-packages/airflow/example_dags/example_setup_teardown.py took 0.147 seconds
[2024-05-15T03:28:09.860+0800] {processor.py:161} INFO - Started process (PID=84987) to work on /home/jithish/Documents/dag-dag-dag/.venv/lib/python3.10/site-packages/airflow/example_dags/example_setup_teardown.py
[2024-05-15T03:28:09.924+0800] {processor.py:830} INFO - Processing file /home/jithish/Documents/dag-dag-dag/.venv/lib/python3.10/site-packages/airflow/example_dags/example_setup_teardown.py for tasks to queue
[2024-05-15T03:28:09.927+0800] {logging_mixin.py:188} INFO - [2024-05-15T03:28:09.926+0800] {dagbag.py:545} INFO - Filling up the DagBag from /home/jithish/Documents/dag-dag-dag/.venv/lib/python3.10/site-packages/airflow/example_dags/example_setup_teardown.py
[2024-05-15T03:28:09.940+0800] {processor.py:840} INFO - DAG(s) 'example_setup_teardown' retrieved from /home/jithish/Documents/dag-dag-dag/.venv/lib/python3.10/site-packages/airflow/example_dags/example_setup_teardown.py
[2024-05-15T03:28:09.969+0800] {logging_mixin.py:188} INFO - [2024-05-15T03:28:09.969+0800] {dag.py:3096} INFO - Sync 1 DAGs
[2024-05-15T03:28:09.986+0800] {logging_mixin.py:188} INFO - [2024-05-15T03:28:09.986+0800] {dag.py:3954} INFO - Setting next_dagrun for example_setup_teardown to 2024-05-13 00:00:00+00:00, run_after=2024-05-14 00:00:00+00:00
[2024-05-15T03:28:10.003+0800] {processor.py:183} INFO - Processing /home/jithish/Documents/dag-dag-dag/.venv/lib/python3.10/site-packages/airflow/example_dags/example_setup_teardown.py took 0.148 seconds
[2024-05-15T03:29:24.060+0800] {processor.py:161} INFO - Started process (PID=85654) to work on /home/jithish/Documents/dag-dag-dag/.venv/lib/python3.10/site-packages/airflow/example_dags/example_setup_teardown.py
[2024-05-15T03:29:24.063+0800] {processor.py:830} INFO - Processing file /home/jithish/Documents/dag-dag-dag/.venv/lib/python3.10/site-packages/airflow/example_dags/example_setup_teardown.py for tasks to queue
[2024-05-15T03:29:24.068+0800] {logging_mixin.py:188} INFO - [2024-05-15T03:29:24.067+0800] {dagbag.py:545} INFO - Filling up the DagBag from /home/jithish/Documents/dag-dag-dag/.venv/lib/python3.10/site-packages/airflow/example_dags/example_setup_teardown.py
[2024-05-15T03:29:24.088+0800] {processor.py:840} INFO - DAG(s) 'example_setup_teardown' retrieved from /home/jithish/Documents/dag-dag-dag/.venv/lib/python3.10/site-packages/airflow/example_dags/example_setup_teardown.py
[2024-05-15T03:29:24.109+0800] {logging_mixin.py:188} INFO - [2024-05-15T03:29:24.109+0800] {dag.py:3096} INFO - Sync 1 DAGs
[2024-05-15T03:29:24.125+0800] {logging_mixin.py:188} INFO - [2024-05-15T03:29:24.125+0800] {dag.py:3954} INFO - Setting next_dagrun for example_setup_teardown to 2024-05-13 00:00:00+00:00, run_after=2024-05-14 00:00:00+00:00
[2024-05-15T03:29:24.149+0800] {processor.py:183} INFO - Processing /home/jithish/Documents/dag-dag-dag/.venv/lib/python3.10/site-packages/airflow/example_dags/example_setup_teardown.py took 0.094 seconds
[2024-05-15T03:30:39.905+0800] {processor.py:161} INFO - Started process (PID=86327) to work on /home/jithish/Documents/dag-dag-dag/.venv/lib/python3.10/site-packages/airflow/example_dags/example_setup_teardown.py
[2024-05-15T03:30:39.965+0800] {processor.py:830} INFO - Processing file /home/jithish/Documents/dag-dag-dag/.venv/lib/python3.10/site-packages/airflow/example_dags/example_setup_teardown.py for tasks to queue
[2024-05-15T03:30:39.967+0800] {logging_mixin.py:188} INFO - [2024-05-15T03:30:39.966+0800] {dagbag.py:545} INFO - Filling up the DagBag from /home/jithish/Documents/dag-dag-dag/.venv/lib/python3.10/site-packages/airflow/example_dags/example_setup_teardown.py
[2024-05-15T03:30:39.972+0800] {processor.py:840} INFO - DAG(s) 'example_setup_teardown' retrieved from /home/jithish/Documents/dag-dag-dag/.venv/lib/python3.10/site-packages/airflow/example_dags/example_setup_teardown.py
[2024-05-15T03:30:39.989+0800] {logging_mixin.py:188} INFO - [2024-05-15T03:30:39.988+0800] {dag.py:3096} INFO - Sync 1 DAGs
[2024-05-15T03:30:40.008+0800] {logging_mixin.py:188} INFO - [2024-05-15T03:30:40.007+0800] {dag.py:3954} INFO - Setting next_dagrun for example_setup_teardown to 2024-05-13 00:00:00+00:00, run_after=2024-05-14 00:00:00+00:00
[2024-05-15T03:30:40.034+0800] {processor.py:183} INFO - Processing /home/jithish/Documents/dag-dag-dag/.venv/lib/python3.10/site-packages/airflow/example_dags/example_setup_teardown.py took 0.134 seconds
[2024-05-15T03:31:56.436+0800] {processor.py:161} INFO - Started process (PID=86976) to work on /home/jithish/Documents/dag-dag-dag/.venv/lib/python3.10/site-packages/airflow/example_dags/example_setup_teardown.py
[2024-05-15T03:31:56.497+0800] {processor.py:830} INFO - Processing file /home/jithish/Documents/dag-dag-dag/.venv/lib/python3.10/site-packages/airflow/example_dags/example_setup_teardown.py for tasks to queue
[2024-05-15T03:31:56.499+0800] {logging_mixin.py:188} INFO - [2024-05-15T03:31:56.499+0800] {dagbag.py:545} INFO - Filling up the DagBag from /home/jithish/Documents/dag-dag-dag/.venv/lib/python3.10/site-packages/airflow/example_dags/example_setup_teardown.py
[2024-05-15T03:31:56.507+0800] {processor.py:840} INFO - DAG(s) 'example_setup_teardown' retrieved from /home/jithish/Documents/dag-dag-dag/.venv/lib/python3.10/site-packages/airflow/example_dags/example_setup_teardown.py
[2024-05-15T03:31:56.521+0800] {logging_mixin.py:188} INFO - [2024-05-15T03:31:56.521+0800] {dag.py:3096} INFO - Sync 1 DAGs
[2024-05-15T03:31:56.534+0800] {logging_mixin.py:188} INFO - [2024-05-15T03:31:56.534+0800] {dag.py:3954} INFO - Setting next_dagrun for example_setup_teardown to 2024-05-13 00:00:00+00:00, run_after=2024-05-14 00:00:00+00:00
[2024-05-15T03:31:56.567+0800] {processor.py:183} INFO - Processing /home/jithish/Documents/dag-dag-dag/.venv/lib/python3.10/site-packages/airflow/example_dags/example_setup_teardown.py took 0.135 seconds
[2024-05-15T03:33:10.511+0800] {processor.py:161} INFO - Started process (PID=87599) to work on /home/jithish/Documents/dag-dag-dag/.venv/lib/python3.10/site-packages/airflow/example_dags/example_setup_teardown.py
[2024-05-15T03:33:10.512+0800] {processor.py:830} INFO - Processing file /home/jithish/Documents/dag-dag-dag/.venv/lib/python3.10/site-packages/airflow/example_dags/example_setup_teardown.py for tasks to queue
[2024-05-15T03:33:10.514+0800] {logging_mixin.py:188} INFO - [2024-05-15T03:33:10.513+0800] {dagbag.py:545} INFO - Filling up the DagBag from /home/jithish/Documents/dag-dag-dag/.venv/lib/python3.10/site-packages/airflow/example_dags/example_setup_teardown.py
[2024-05-15T03:33:10.519+0800] {processor.py:840} INFO - DAG(s) 'example_setup_teardown' retrieved from /home/jithish/Documents/dag-dag-dag/.venv/lib/python3.10/site-packages/airflow/example_dags/example_setup_teardown.py
[2024-05-15T03:33:10.531+0800] {logging_mixin.py:188} INFO - [2024-05-15T03:33:10.530+0800] {dag.py:3096} INFO - Sync 1 DAGs
[2024-05-15T03:33:10.543+0800] {logging_mixin.py:188} INFO - [2024-05-15T03:33:10.543+0800] {dag.py:3954} INFO - Setting next_dagrun for example_setup_teardown to 2024-05-13 00:00:00+00:00, run_after=2024-05-14 00:00:00+00:00
[2024-05-15T03:33:10.559+0800] {processor.py:183} INFO - Processing /home/jithish/Documents/dag-dag-dag/.venv/lib/python3.10/site-packages/airflow/example_dags/example_setup_teardown.py took 0.053 seconds
[2024-05-15T03:34:19.288+0800] {processor.py:161} INFO - Started process (PID=88224) to work on /home/jithish/Documents/dag-dag-dag/.venv/lib/python3.10/site-packages/airflow/example_dags/example_setup_teardown.py
[2024-05-15T03:34:19.350+0800] {processor.py:830} INFO - Processing file /home/jithish/Documents/dag-dag-dag/.venv/lib/python3.10/site-packages/airflow/example_dags/example_setup_teardown.py for tasks to queue
[2024-05-15T03:34:19.351+0800] {logging_mixin.py:188} INFO - [2024-05-15T03:34:19.351+0800] {dagbag.py:545} INFO - Filling up the DagBag from /home/jithish/Documents/dag-dag-dag/.venv/lib/python3.10/site-packages/airflow/example_dags/example_setup_teardown.py
[2024-05-15T03:34:19.357+0800] {processor.py:840} INFO - DAG(s) 'example_setup_teardown' retrieved from /home/jithish/Documents/dag-dag-dag/.venv/lib/python3.10/site-packages/airflow/example_dags/example_setup_teardown.py
[2024-05-15T03:34:19.370+0800] {logging_mixin.py:188} INFO - [2024-05-15T03:34:19.370+0800] {dag.py:3096} INFO - Sync 1 DAGs
[2024-05-15T03:34:19.386+0800] {logging_mixin.py:188} INFO - [2024-05-15T03:34:19.386+0800] {dag.py:3954} INFO - Setting next_dagrun for example_setup_teardown to 2024-05-13 00:00:00+00:00, run_after=2024-05-14 00:00:00+00:00
[2024-05-15T03:34:19.411+0800] {processor.py:183} INFO - Processing /home/jithish/Documents/dag-dag-dag/.venv/lib/python3.10/site-packages/airflow/example_dags/example_setup_teardown.py took 0.128 seconds
[2024-05-15T03:35:31.863+0800] {processor.py:161} INFO - Started process (PID=88903) to work on /home/jithish/Documents/dag-dag-dag/.venv/lib/python3.10/site-packages/airflow/example_dags/example_setup_teardown.py
[2024-05-15T03:35:31.928+0800] {processor.py:830} INFO - Processing file /home/jithish/Documents/dag-dag-dag/.venv/lib/python3.10/site-packages/airflow/example_dags/example_setup_teardown.py for tasks to queue
[2024-05-15T03:35:31.930+0800] {logging_mixin.py:188} INFO - [2024-05-15T03:35:31.929+0800] {dagbag.py:545} INFO - Filling up the DagBag from /home/jithish/Documents/dag-dag-dag/.venv/lib/python3.10/site-packages/airflow/example_dags/example_setup_teardown.py
[2024-05-15T03:35:31.935+0800] {processor.py:840} INFO - DAG(s) 'example_setup_teardown' retrieved from /home/jithish/Documents/dag-dag-dag/.venv/lib/python3.10/site-packages/airflow/example_dags/example_setup_teardown.py
[2024-05-15T03:35:31.948+0800] {logging_mixin.py:188} INFO - [2024-05-15T03:35:31.947+0800] {dag.py:3096} INFO - Sync 1 DAGs
[2024-05-15T03:35:31.961+0800] {logging_mixin.py:188} INFO - [2024-05-15T03:35:31.961+0800] {dag.py:3954} INFO - Setting next_dagrun for example_setup_teardown to 2024-05-13 00:00:00+00:00, run_after=2024-05-14 00:00:00+00:00
[2024-05-15T03:35:31.975+0800] {processor.py:183} INFO - Processing /home/jithish/Documents/dag-dag-dag/.venv/lib/python3.10/site-packages/airflow/example_dags/example_setup_teardown.py took 0.118 seconds
[2024-05-15T03:36:44.287+0800] {processor.py:161} INFO - Started process (PID=89598) to work on /home/jithish/Documents/dag-dag-dag/.venv/lib/python3.10/site-packages/airflow/example_dags/example_setup_teardown.py
[2024-05-15T03:36:44.289+0800] {processor.py:830} INFO - Processing file /home/jithish/Documents/dag-dag-dag/.venv/lib/python3.10/site-packages/airflow/example_dags/example_setup_teardown.py for tasks to queue
[2024-05-15T03:36:44.290+0800] {logging_mixin.py:188} INFO - [2024-05-15T03:36:44.290+0800] {dagbag.py:545} INFO - Filling up the DagBag from /home/jithish/Documents/dag-dag-dag/.venv/lib/python3.10/site-packages/airflow/example_dags/example_setup_teardown.py
[2024-05-15T03:36:44.296+0800] {processor.py:840} INFO - DAG(s) 'example_setup_teardown' retrieved from /home/jithish/Documents/dag-dag-dag/.venv/lib/python3.10/site-packages/airflow/example_dags/example_setup_teardown.py
[2024-05-15T03:36:44.313+0800] {logging_mixin.py:188} INFO - [2024-05-15T03:36:44.312+0800] {dag.py:3096} INFO - Sync 1 DAGs
[2024-05-15T03:36:44.332+0800] {logging_mixin.py:188} INFO - [2024-05-15T03:36:44.332+0800] {dag.py:3954} INFO - Setting next_dagrun for example_setup_teardown to 2024-05-13 00:00:00+00:00, run_after=2024-05-14 00:00:00+00:00
[2024-05-15T03:36:44.354+0800] {processor.py:183} INFO - Processing /home/jithish/Documents/dag-dag-dag/.venv/lib/python3.10/site-packages/airflow/example_dags/example_setup_teardown.py took 0.072 seconds
[2024-05-15T03:38:00.282+0800] {processor.py:161} INFO - Started process (PID=90279) to work on /home/jithish/Documents/dag-dag-dag/.venv/lib/python3.10/site-packages/airflow/example_dags/example_setup_teardown.py
[2024-05-15T03:38:00.343+0800] {processor.py:830} INFO - Processing file /home/jithish/Documents/dag-dag-dag/.venv/lib/python3.10/site-packages/airflow/example_dags/example_setup_teardown.py for tasks to queue
[2024-05-15T03:38:00.344+0800] {logging_mixin.py:188} INFO - [2024-05-15T03:38:00.344+0800] {dagbag.py:545} INFO - Filling up the DagBag from /home/jithish/Documents/dag-dag-dag/.venv/lib/python3.10/site-packages/airflow/example_dags/example_setup_teardown.py
[2024-05-15T03:38:00.349+0800] {processor.py:840} INFO - DAG(s) 'example_setup_teardown' retrieved from /home/jithish/Documents/dag-dag-dag/.venv/lib/python3.10/site-packages/airflow/example_dags/example_setup_teardown.py
[2024-05-15T03:38:00.361+0800] {logging_mixin.py:188} INFO - [2024-05-15T03:38:00.361+0800] {dag.py:3096} INFO - Sync 1 DAGs
[2024-05-15T03:38:00.376+0800] {logging_mixin.py:188} INFO - [2024-05-15T03:38:00.376+0800] {dag.py:3954} INFO - Setting next_dagrun for example_setup_teardown to 2024-05-13 00:00:00+00:00, run_after=2024-05-14 00:00:00+00:00
[2024-05-15T03:38:00.397+0800] {processor.py:183} INFO - Processing /home/jithish/Documents/dag-dag-dag/.venv/lib/python3.10/site-packages/airflow/example_dags/example_setup_teardown.py took 0.120 seconds
[2024-05-15T03:39:21.960+0800] {processor.py:161} INFO - Started process (PID=91373) to work on /home/jithish/Documents/dag-dag-dag/.venv/lib/python3.10/site-packages/airflow/example_dags/example_setup_teardown.py
[2024-05-15T03:39:21.962+0800] {processor.py:830} INFO - Processing file /home/jithish/Documents/dag-dag-dag/.venv/lib/python3.10/site-packages/airflow/example_dags/example_setup_teardown.py for tasks to queue
[2024-05-15T03:39:21.966+0800] {logging_mixin.py:188} INFO - [2024-05-15T03:39:21.965+0800] {dagbag.py:545} INFO - Filling up the DagBag from /home/jithish/Documents/dag-dag-dag/.venv/lib/python3.10/site-packages/airflow/example_dags/example_setup_teardown.py
[2024-05-15T03:39:21.977+0800] {processor.py:840} INFO - DAG(s) 'example_setup_teardown' retrieved from /home/jithish/Documents/dag-dag-dag/.venv/lib/python3.10/site-packages/airflow/example_dags/example_setup_teardown.py
[2024-05-15T03:39:21.997+0800] {logging_mixin.py:188} INFO - [2024-05-15T03:39:21.997+0800] {dag.py:3096} INFO - Sync 1 DAGs
[2024-05-15T03:39:22.018+0800] {logging_mixin.py:188} INFO - [2024-05-15T03:39:22.017+0800] {dag.py:3954} INFO - Setting next_dagrun for example_setup_teardown to 2024-05-13 00:00:00+00:00, run_after=2024-05-14 00:00:00+00:00
[2024-05-15T03:39:22.045+0800] {processor.py:183} INFO - Processing /home/jithish/Documents/dag-dag-dag/.venv/lib/python3.10/site-packages/airflow/example_dags/example_setup_teardown.py took 0.104 seconds
[2024-05-15T03:40:24.006+0800] {processor.py:161} INFO - Started process (PID=93072) to work on /home/jithish/Documents/dag-dag-dag/.venv/lib/python3.10/site-packages/airflow/example_dags/example_setup_teardown.py
[2024-05-15T03:40:24.067+0800] {processor.py:830} INFO - Processing file /home/jithish/Documents/dag-dag-dag/.venv/lib/python3.10/site-packages/airflow/example_dags/example_setup_teardown.py for tasks to queue
[2024-05-15T03:40:24.073+0800] {logging_mixin.py:188} INFO - [2024-05-15T03:40:24.071+0800] {dagbag.py:545} INFO - Filling up the DagBag from /home/jithish/Documents/dag-dag-dag/.venv/lib/python3.10/site-packages/airflow/example_dags/example_setup_teardown.py
[2024-05-15T03:40:24.096+0800] {processor.py:840} INFO - DAG(s) 'example_setup_teardown' retrieved from /home/jithish/Documents/dag-dag-dag/.venv/lib/python3.10/site-packages/airflow/example_dags/example_setup_teardown.py
[2024-05-15T03:40:24.119+0800] {logging_mixin.py:188} INFO - [2024-05-15T03:40:24.119+0800] {dag.py:3096} INFO - Sync 1 DAGs
[2024-05-15T03:40:24.136+0800] {logging_mixin.py:188} INFO - [2024-05-15T03:40:24.136+0800] {dag.py:3954} INFO - Setting next_dagrun for example_setup_teardown to 2024-05-13 00:00:00+00:00, run_after=2024-05-14 00:00:00+00:00
[2024-05-15T03:40:24.155+0800] {processor.py:183} INFO - Processing /home/jithish/Documents/dag-dag-dag/.venv/lib/python3.10/site-packages/airflow/example_dags/example_setup_teardown.py took 0.160 seconds
[2024-05-15T03:41:20.234+0800] {processor.py:161} INFO - Started process (PID=93831) to work on /home/jithish/Documents/dag-dag-dag/.venv/lib/python3.10/site-packages/airflow/example_dags/example_setup_teardown.py
[2024-05-15T03:41:20.295+0800] {processor.py:830} INFO - Processing file /home/jithish/Documents/dag-dag-dag/.venv/lib/python3.10/site-packages/airflow/example_dags/example_setup_teardown.py for tasks to queue
[2024-05-15T03:41:20.300+0800] {logging_mixin.py:188} INFO - [2024-05-15T03:41:20.298+0800] {dagbag.py:545} INFO - Filling up the DagBag from /home/jithish/Documents/dag-dag-dag/.venv/lib/python3.10/site-packages/airflow/example_dags/example_setup_teardown.py
[2024-05-15T03:41:20.321+0800] {processor.py:840} INFO - DAG(s) 'example_setup_teardown' retrieved from /home/jithish/Documents/dag-dag-dag/.venv/lib/python3.10/site-packages/airflow/example_dags/example_setup_teardown.py
[2024-05-15T03:41:20.344+0800] {logging_mixin.py:188} INFO - [2024-05-15T03:41:20.343+0800] {dag.py:3096} INFO - Sync 1 DAGs
[2024-05-15T03:41:20.360+0800] {logging_mixin.py:188} INFO - [2024-05-15T03:41:20.360+0800] {dag.py:3954} INFO - Setting next_dagrun for example_setup_teardown to 2024-05-13 00:00:00+00:00, run_after=2024-05-14 00:00:00+00:00
[2024-05-15T03:41:20.380+0800] {processor.py:183} INFO - Processing /home/jithish/Documents/dag-dag-dag/.venv/lib/python3.10/site-packages/airflow/example_dags/example_setup_teardown.py took 0.154 seconds
[2024-05-15T03:42:14.835+0800] {processor.py:161} INFO - Started process (PID=94600) to work on /home/jithish/Documents/dag-dag-dag/.venv/lib/python3.10/site-packages/airflow/example_dags/example_setup_teardown.py
[2024-05-15T03:42:14.835+0800] {processor.py:830} INFO - Processing file /home/jithish/Documents/dag-dag-dag/.venv/lib/python3.10/site-packages/airflow/example_dags/example_setup_teardown.py for tasks to queue
[2024-05-15T03:42:14.837+0800] {logging_mixin.py:188} INFO - [2024-05-15T03:42:14.836+0800] {dagbag.py:545} INFO - Filling up the DagBag from /home/jithish/Documents/dag-dag-dag/.venv/lib/python3.10/site-packages/airflow/example_dags/example_setup_teardown.py
[2024-05-15T03:42:14.842+0800] {processor.py:840} INFO - DAG(s) 'example_setup_teardown' retrieved from /home/jithish/Documents/dag-dag-dag/.venv/lib/python3.10/site-packages/airflow/example_dags/example_setup_teardown.py
[2024-05-15T03:42:14.858+0800] {logging_mixin.py:188} INFO - [2024-05-15T03:42:14.857+0800] {dag.py:3096} INFO - Sync 1 DAGs
[2024-05-15T03:42:14.874+0800] {logging_mixin.py:188} INFO - [2024-05-15T03:42:14.873+0800] {dag.py:3954} INFO - Setting next_dagrun for example_setup_teardown to 2024-05-13 00:00:00+00:00, run_after=2024-05-14 00:00:00+00:00
[2024-05-15T03:42:14.889+0800] {processor.py:183} INFO - Processing /home/jithish/Documents/dag-dag-dag/.venv/lib/python3.10/site-packages/airflow/example_dags/example_setup_teardown.py took 0.061 seconds
[2024-05-15T03:43:34.455+0800] {processor.py:161} INFO - Started process (PID=95737) to work on /home/jithish/Documents/dag-dag-dag/.venv/lib/python3.10/site-packages/airflow/example_dags/example_setup_teardown.py
[2024-05-15T03:43:34.457+0800] {processor.py:830} INFO - Processing file /home/jithish/Documents/dag-dag-dag/.venv/lib/python3.10/site-packages/airflow/example_dags/example_setup_teardown.py for tasks to queue
[2024-05-15T03:43:34.459+0800] {logging_mixin.py:188} INFO - [2024-05-15T03:43:34.459+0800] {dagbag.py:545} INFO - Filling up the DagBag from /home/jithish/Documents/dag-dag-dag/.venv/lib/python3.10/site-packages/airflow/example_dags/example_setup_teardown.py
[2024-05-15T03:43:34.467+0800] {processor.py:840} INFO - DAG(s) 'example_setup_teardown' retrieved from /home/jithish/Documents/dag-dag-dag/.venv/lib/python3.10/site-packages/airflow/example_dags/example_setup_teardown.py
[2024-05-15T03:43:34.482+0800] {logging_mixin.py:188} INFO - [2024-05-15T03:43:34.482+0800] {dag.py:3096} INFO - Sync 1 DAGs
[2024-05-15T03:43:34.497+0800] {logging_mixin.py:188} INFO - [2024-05-15T03:43:34.497+0800] {dag.py:3954} INFO - Setting next_dagrun for example_setup_teardown to 2024-05-13 00:00:00+00:00, run_after=2024-05-14 00:00:00+00:00
[2024-05-15T03:43:34.525+0800] {processor.py:183} INFO - Processing /home/jithish/Documents/dag-dag-dag/.venv/lib/python3.10/site-packages/airflow/example_dags/example_setup_teardown.py took 0.084 seconds
[2024-05-15T03:44:30.711+0800] {processor.py:161} INFO - Started process (PID=96637) to work on /home/jithish/Documents/dag-dag-dag/.venv/lib/python3.10/site-packages/airflow/example_dags/example_setup_teardown.py
[2024-05-15T03:44:30.713+0800] {processor.py:830} INFO - Processing file /home/jithish/Documents/dag-dag-dag/.venv/lib/python3.10/site-packages/airflow/example_dags/example_setup_teardown.py for tasks to queue
[2024-05-15T03:44:30.715+0800] {logging_mixin.py:188} INFO - [2024-05-15T03:44:30.715+0800] {dagbag.py:545} INFO - Filling up the DagBag from /home/jithish/Documents/dag-dag-dag/.venv/lib/python3.10/site-packages/airflow/example_dags/example_setup_teardown.py
[2024-05-15T03:44:30.726+0800] {processor.py:840} INFO - DAG(s) 'example_setup_teardown' retrieved from /home/jithish/Documents/dag-dag-dag/.venv/lib/python3.10/site-packages/airflow/example_dags/example_setup_teardown.py
[2024-05-15T03:44:30.743+0800] {logging_mixin.py:188} INFO - [2024-05-15T03:44:30.742+0800] {dag.py:3096} INFO - Sync 1 DAGs
[2024-05-15T03:44:30.758+0800] {logging_mixin.py:188} INFO - [2024-05-15T03:44:30.757+0800] {dag.py:3954} INFO - Setting next_dagrun for example_setup_teardown to 2024-05-13 00:00:00+00:00, run_after=2024-05-14 00:00:00+00:00
[2024-05-15T03:44:30.771+0800] {processor.py:183} INFO - Processing /home/jithish/Documents/dag-dag-dag/.venv/lib/python3.10/site-packages/airflow/example_dags/example_setup_teardown.py took 0.068 seconds
[2024-05-15T03:45:27.950+0800] {processor.py:161} INFO - Started process (PID=97207) to work on /home/jithish/Documents/dag-dag-dag/.venv/lib/python3.10/site-packages/airflow/example_dags/example_setup_teardown.py
[2024-05-15T03:45:27.951+0800] {processor.py:830} INFO - Processing file /home/jithish/Documents/dag-dag-dag/.venv/lib/python3.10/site-packages/airflow/example_dags/example_setup_teardown.py for tasks to queue
[2024-05-15T03:45:27.952+0800] {logging_mixin.py:188} INFO - [2024-05-15T03:45:27.952+0800] {dagbag.py:545} INFO - Filling up the DagBag from /home/jithish/Documents/dag-dag-dag/.venv/lib/python3.10/site-packages/airflow/example_dags/example_setup_teardown.py
[2024-05-15T03:45:27.957+0800] {processor.py:840} INFO - DAG(s) 'example_setup_teardown' retrieved from /home/jithish/Documents/dag-dag-dag/.venv/lib/python3.10/site-packages/airflow/example_dags/example_setup_teardown.py
[2024-05-15T03:45:27.972+0800] {logging_mixin.py:188} INFO - [2024-05-15T03:45:27.972+0800] {dag.py:3096} INFO - Sync 1 DAGs
[2024-05-15T03:45:27.987+0800] {logging_mixin.py:188} INFO - [2024-05-15T03:45:27.987+0800] {dag.py:3954} INFO - Setting next_dagrun for example_setup_teardown to 2024-05-13 00:00:00+00:00, run_after=2024-05-14 00:00:00+00:00
[2024-05-15T03:45:28.018+0800] {processor.py:183} INFO - Processing /home/jithish/Documents/dag-dag-dag/.venv/lib/python3.10/site-packages/airflow/example_dags/example_setup_teardown.py took 0.073 seconds
[2024-05-15T03:46:29.714+0800] {processor.py:161} INFO - Started process (PID=98177) to work on /home/jithish/Documents/dag-dag-dag/.venv/lib/python3.10/site-packages/airflow/example_dags/example_setup_teardown.py
[2024-05-15T03:46:29.775+0800] {processor.py:830} INFO - Processing file /home/jithish/Documents/dag-dag-dag/.venv/lib/python3.10/site-packages/airflow/example_dags/example_setup_teardown.py for tasks to queue
[2024-05-15T03:46:29.781+0800] {logging_mixin.py:188} INFO - [2024-05-15T03:46:29.779+0800] {dagbag.py:545} INFO - Filling up the DagBag from /home/jithish/Documents/dag-dag-dag/.venv/lib/python3.10/site-packages/airflow/example_dags/example_setup_teardown.py
[2024-05-15T03:46:29.804+0800] {processor.py:840} INFO - DAG(s) 'example_setup_teardown' retrieved from /home/jithish/Documents/dag-dag-dag/.venv/lib/python3.10/site-packages/airflow/example_dags/example_setup_teardown.py
[2024-05-15T03:46:29.828+0800] {logging_mixin.py:188} INFO - [2024-05-15T03:46:29.828+0800] {dag.py:3096} INFO - Sync 1 DAGs
[2024-05-15T03:46:29.843+0800] {logging_mixin.py:188} INFO - [2024-05-15T03:46:29.843+0800] {dag.py:3954} INFO - Setting next_dagrun for example_setup_teardown to 2024-05-13 00:00:00+00:00, run_after=2024-05-14 00:00:00+00:00
[2024-05-15T03:46:29.862+0800] {processor.py:183} INFO - Processing /home/jithish/Documents/dag-dag-dag/.venv/lib/python3.10/site-packages/airflow/example_dags/example_setup_teardown.py took 0.156 seconds
[2024-05-15T03:47:28.556+0800] {processor.py:161} INFO - Started process (PID=98991) to work on /home/jithish/Documents/dag-dag-dag/.venv/lib/python3.10/site-packages/airflow/example_dags/example_setup_teardown.py
[2024-05-15T03:47:28.618+0800] {processor.py:830} INFO - Processing file /home/jithish/Documents/dag-dag-dag/.venv/lib/python3.10/site-packages/airflow/example_dags/example_setup_teardown.py for tasks to queue
[2024-05-15T03:47:28.623+0800] {logging_mixin.py:188} INFO - [2024-05-15T03:47:28.622+0800] {dagbag.py:545} INFO - Filling up the DagBag from /home/jithish/Documents/dag-dag-dag/.venv/lib/python3.10/site-packages/airflow/example_dags/example_setup_teardown.py
[2024-05-15T03:47:28.634+0800] {processor.py:840} INFO - DAG(s) 'example_setup_teardown' retrieved from /home/jithish/Documents/dag-dag-dag/.venv/lib/python3.10/site-packages/airflow/example_dags/example_setup_teardown.py
[2024-05-15T03:47:28.652+0800] {logging_mixin.py:188} INFO - [2024-05-15T03:47:28.651+0800] {dag.py:3096} INFO - Sync 1 DAGs
[2024-05-15T03:47:28.667+0800] {logging_mixin.py:188} INFO - [2024-05-15T03:47:28.667+0800] {dag.py:3954} INFO - Setting next_dagrun for example_setup_teardown to 2024-05-13 00:00:00+00:00, run_after=2024-05-14 00:00:00+00:00
[2024-05-15T03:47:28.688+0800] {processor.py:183} INFO - Processing /home/jithish/Documents/dag-dag-dag/.venv/lib/python3.10/site-packages/airflow/example_dags/example_setup_teardown.py took 0.142 seconds
[2024-05-15T03:48:20.740+0800] {processor.py:161} INFO - Started process (PID=99762) to work on /home/jithish/Documents/dag-dag-dag/.venv/lib/python3.10/site-packages/airflow/example_dags/example_setup_teardown.py
[2024-05-15T03:48:20.801+0800] {processor.py:830} INFO - Processing file /home/jithish/Documents/dag-dag-dag/.venv/lib/python3.10/site-packages/airflow/example_dags/example_setup_teardown.py for tasks to queue
[2024-05-15T03:48:20.806+0800] {logging_mixin.py:188} INFO - [2024-05-15T03:48:20.805+0800] {dagbag.py:545} INFO - Filling up the DagBag from /home/jithish/Documents/dag-dag-dag/.venv/lib/python3.10/site-packages/airflow/example_dags/example_setup_teardown.py
[2024-05-15T03:48:20.827+0800] {processor.py:840} INFO - DAG(s) 'example_setup_teardown' retrieved from /home/jithish/Documents/dag-dag-dag/.venv/lib/python3.10/site-packages/airflow/example_dags/example_setup_teardown.py
[2024-05-15T03:48:20.851+0800] {logging_mixin.py:188} INFO - [2024-05-15T03:48:20.851+0800] {dag.py:3096} INFO - Sync 1 DAGs
[2024-05-15T03:48:20.869+0800] {logging_mixin.py:188} INFO - [2024-05-15T03:48:20.869+0800] {dag.py:3954} INFO - Setting next_dagrun for example_setup_teardown to 2024-05-13 00:00:00+00:00, run_after=2024-05-14 00:00:00+00:00
[2024-05-15T03:48:20.899+0800] {processor.py:183} INFO - Processing /home/jithish/Documents/dag-dag-dag/.venv/lib/python3.10/site-packages/airflow/example_dags/example_setup_teardown.py took 0.166 seconds
[2024-05-15T03:49:18.435+0800] {processor.py:161} INFO - Started process (PID=100559) to work on /home/jithish/Documents/dag-dag-dag/.venv/lib/python3.10/site-packages/airflow/example_dags/example_setup_teardown.py
[2024-05-15T03:49:18.497+0800] {processor.py:830} INFO - Processing file /home/jithish/Documents/dag-dag-dag/.venv/lib/python3.10/site-packages/airflow/example_dags/example_setup_teardown.py for tasks to queue
[2024-05-15T03:49:18.503+0800] {logging_mixin.py:188} INFO - [2024-05-15T03:49:18.501+0800] {dagbag.py:545} INFO - Filling up the DagBag from /home/jithish/Documents/dag-dag-dag/.venv/lib/python3.10/site-packages/airflow/example_dags/example_setup_teardown.py
[2024-05-15T03:49:18.523+0800] {processor.py:840} INFO - DAG(s) 'example_setup_teardown' retrieved from /home/jithish/Documents/dag-dag-dag/.venv/lib/python3.10/site-packages/airflow/example_dags/example_setup_teardown.py
[2024-05-15T03:49:18.546+0800] {logging_mixin.py:188} INFO - [2024-05-15T03:49:18.545+0800] {dag.py:3096} INFO - Sync 1 DAGs
[2024-05-15T03:49:18.562+0800] {logging_mixin.py:188} INFO - [2024-05-15T03:49:18.561+0800] {dag.py:3954} INFO - Setting next_dagrun for example_setup_teardown to 2024-05-13 00:00:00+00:00, run_after=2024-05-14 00:00:00+00:00
[2024-05-15T03:49:18.584+0800] {processor.py:183} INFO - Processing /home/jithish/Documents/dag-dag-dag/.venv/lib/python3.10/site-packages/airflow/example_dags/example_setup_teardown.py took 0.167 seconds
[2024-05-15T03:50:16.190+0800] {processor.py:161} INFO - Started process (PID=101370) to work on /home/jithish/Documents/dag-dag-dag/.venv/lib/python3.10/site-packages/airflow/example_dags/example_setup_teardown.py
[2024-05-15T03:50:16.254+0800] {processor.py:830} INFO - Processing file /home/jithish/Documents/dag-dag-dag/.venv/lib/python3.10/site-packages/airflow/example_dags/example_setup_teardown.py for tasks to queue
[2024-05-15T03:50:16.259+0800] {logging_mixin.py:188} INFO - [2024-05-15T03:50:16.258+0800] {dagbag.py:545} INFO - Filling up the DagBag from /home/jithish/Documents/dag-dag-dag/.venv/lib/python3.10/site-packages/airflow/example_dags/example_setup_teardown.py
[2024-05-15T03:50:16.281+0800] {processor.py:840} INFO - DAG(s) 'example_setup_teardown' retrieved from /home/jithish/Documents/dag-dag-dag/.venv/lib/python3.10/site-packages/airflow/example_dags/example_setup_teardown.py
[2024-05-15T03:50:16.306+0800] {logging_mixin.py:188} INFO - [2024-05-15T03:50:16.306+0800] {dag.py:3096} INFO - Sync 1 DAGs
[2024-05-15T03:50:16.325+0800] {logging_mixin.py:188} INFO - [2024-05-15T03:50:16.324+0800] {dag.py:3954} INFO - Setting next_dagrun for example_setup_teardown to 2024-05-13 00:00:00+00:00, run_after=2024-05-14 00:00:00+00:00
[2024-05-15T03:50:16.346+0800] {processor.py:183} INFO - Processing /home/jithish/Documents/dag-dag-dag/.venv/lib/python3.10/site-packages/airflow/example_dags/example_setup_teardown.py took 0.161 seconds
[2024-05-15T03:51:34.600+0800] {processor.py:161} INFO - Started process (PID=102456) to work on /home/jithish/Documents/dag-dag-dag/.venv/lib/python3.10/site-packages/airflow/example_dags/example_setup_teardown.py
[2024-05-15T03:51:34.661+0800] {processor.py:830} INFO - Processing file /home/jithish/Documents/dag-dag-dag/.venv/lib/python3.10/site-packages/airflow/example_dags/example_setup_teardown.py for tasks to queue
[2024-05-15T03:51:34.665+0800] {logging_mixin.py:188} INFO - [2024-05-15T03:51:34.664+0800] {dagbag.py:545} INFO - Filling up the DagBag from /home/jithish/Documents/dag-dag-dag/.venv/lib/python3.10/site-packages/airflow/example_dags/example_setup_teardown.py
[2024-05-15T03:51:34.684+0800] {processor.py:840} INFO - DAG(s) 'example_setup_teardown' retrieved from /home/jithish/Documents/dag-dag-dag/.venv/lib/python3.10/site-packages/airflow/example_dags/example_setup_teardown.py
[2024-05-15T03:51:34.712+0800] {logging_mixin.py:188} INFO - [2024-05-15T03:51:34.712+0800] {dag.py:3096} INFO - Sync 1 DAGs
[2024-05-15T03:51:34.728+0800] {logging_mixin.py:188} INFO - [2024-05-15T03:51:34.728+0800] {dag.py:3954} INFO - Setting next_dagrun for example_setup_teardown to 2024-05-13 00:00:00+00:00, run_after=2024-05-14 00:00:00+00:00
[2024-05-15T03:51:34.754+0800] {processor.py:183} INFO - Processing /home/jithish/Documents/dag-dag-dag/.venv/lib/python3.10/site-packages/airflow/example_dags/example_setup_teardown.py took 0.158 seconds
[2024-05-15T03:52:46.123+0800] {processor.py:161} INFO - Started process (PID=103157) to work on /home/jithish/Documents/dag-dag-dag/.venv/lib/python3.10/site-packages/airflow/example_dags/example_setup_teardown.py
[2024-05-15T03:52:46.133+0800] {processor.py:830} INFO - Processing file /home/jithish/Documents/dag-dag-dag/.venv/lib/python3.10/site-packages/airflow/example_dags/example_setup_teardown.py for tasks to queue
[2024-05-15T03:52:46.135+0800] {logging_mixin.py:188} INFO - [2024-05-15T03:52:46.135+0800] {dagbag.py:545} INFO - Filling up the DagBag from /home/jithish/Documents/dag-dag-dag/.venv/lib/python3.10/site-packages/airflow/example_dags/example_setup_teardown.py
[2024-05-15T03:52:46.152+0800] {processor.py:840} INFO - DAG(s) 'example_setup_teardown' retrieved from /home/jithish/Documents/dag-dag-dag/.venv/lib/python3.10/site-packages/airflow/example_dags/example_setup_teardown.py
[2024-05-15T03:52:46.176+0800] {logging_mixin.py:188} INFO - [2024-05-15T03:52:46.176+0800] {dag.py:3096} INFO - Sync 1 DAGs
[2024-05-15T03:52:46.202+0800] {logging_mixin.py:188} INFO - [2024-05-15T03:52:46.202+0800] {dag.py:3954} INFO - Setting next_dagrun for example_setup_teardown to 2024-05-13 00:00:00+00:00, run_after=2024-05-14 00:00:00+00:00
[2024-05-15T03:52:46.264+0800] {processor.py:183} INFO - Processing /home/jithish/Documents/dag-dag-dag/.venv/lib/python3.10/site-packages/airflow/example_dags/example_setup_teardown.py took 0.148 seconds
[2024-05-15T03:53:43.027+0800] {processor.py:161} INFO - Started process (PID=103876) to work on /home/jithish/Documents/dag-dag-dag/.venv/lib/python3.10/site-packages/airflow/example_dags/example_setup_teardown.py
[2024-05-15T03:53:43.089+0800] {processor.py:830} INFO - Processing file /home/jithish/Documents/dag-dag-dag/.venv/lib/python3.10/site-packages/airflow/example_dags/example_setup_teardown.py for tasks to queue
[2024-05-15T03:53:43.094+0800] {logging_mixin.py:188} INFO - [2024-05-15T03:53:43.092+0800] {dagbag.py:545} INFO - Filling up the DagBag from /home/jithish/Documents/dag-dag-dag/.venv/lib/python3.10/site-packages/airflow/example_dags/example_setup_teardown.py
[2024-05-15T03:53:43.113+0800] {processor.py:840} INFO - DAG(s) 'example_setup_teardown' retrieved from /home/jithish/Documents/dag-dag-dag/.venv/lib/python3.10/site-packages/airflow/example_dags/example_setup_teardown.py
[2024-05-15T03:53:43.138+0800] {logging_mixin.py:188} INFO - [2024-05-15T03:53:43.138+0800] {dag.py:3096} INFO - Sync 1 DAGs
[2024-05-15T03:53:43.153+0800] {logging_mixin.py:188} INFO - [2024-05-15T03:53:43.153+0800] {dag.py:3954} INFO - Setting next_dagrun for example_setup_teardown to 2024-05-13 00:00:00+00:00, run_after=2024-05-14 00:00:00+00:00
[2024-05-15T03:53:43.172+0800] {processor.py:183} INFO - Processing /home/jithish/Documents/dag-dag-dag/.venv/lib/python3.10/site-packages/airflow/example_dags/example_setup_teardown.py took 0.152 seconds
[2024-05-15T03:54:40.036+0800] {processor.py:161} INFO - Started process (PID=104610) to work on /home/jithish/Documents/dag-dag-dag/.venv/lib/python3.10/site-packages/airflow/example_dags/example_setup_teardown.py
[2024-05-15T03:54:40.037+0800] {processor.py:830} INFO - Processing file /home/jithish/Documents/dag-dag-dag/.venv/lib/python3.10/site-packages/airflow/example_dags/example_setup_teardown.py for tasks to queue
[2024-05-15T03:54:40.038+0800] {logging_mixin.py:188} INFO - [2024-05-15T03:54:40.038+0800] {dagbag.py:545} INFO - Filling up the DagBag from /home/jithish/Documents/dag-dag-dag/.venv/lib/python3.10/site-packages/airflow/example_dags/example_setup_teardown.py
[2024-05-15T03:54:40.042+0800] {processor.py:840} INFO - DAG(s) 'example_setup_teardown' retrieved from /home/jithish/Documents/dag-dag-dag/.venv/lib/python3.10/site-packages/airflow/example_dags/example_setup_teardown.py
[2024-05-15T03:54:40.054+0800] {logging_mixin.py:188} INFO - [2024-05-15T03:54:40.053+0800] {dag.py:3096} INFO - Sync 1 DAGs
[2024-05-15T03:54:40.068+0800] {logging_mixin.py:188} INFO - [2024-05-15T03:54:40.067+0800] {dag.py:3954} INFO - Setting next_dagrun for example_setup_teardown to 2024-05-13 00:00:00+00:00, run_after=2024-05-14 00:00:00+00:00
[2024-05-15T03:54:40.087+0800] {processor.py:183} INFO - Processing /home/jithish/Documents/dag-dag-dag/.venv/lib/python3.10/site-packages/airflow/example_dags/example_setup_teardown.py took 0.055 seconds
[2024-05-15T03:55:35.168+0800] {processor.py:161} INFO - Started process (PID=105323) to work on /home/jithish/Documents/dag-dag-dag/.venv/lib/python3.10/site-packages/airflow/example_dags/example_setup_teardown.py
[2024-05-15T03:55:35.233+0800] {processor.py:830} INFO - Processing file /home/jithish/Documents/dag-dag-dag/.venv/lib/python3.10/site-packages/airflow/example_dags/example_setup_teardown.py for tasks to queue
[2024-05-15T03:55:35.234+0800] {logging_mixin.py:188} INFO - [2024-05-15T03:55:35.234+0800] {dagbag.py:545} INFO - Filling up the DagBag from /home/jithish/Documents/dag-dag-dag/.venv/lib/python3.10/site-packages/airflow/example_dags/example_setup_teardown.py
[2024-05-15T03:55:35.242+0800] {processor.py:840} INFO - DAG(s) 'example_setup_teardown' retrieved from /home/jithish/Documents/dag-dag-dag/.venv/lib/python3.10/site-packages/airflow/example_dags/example_setup_teardown.py
[2024-05-15T03:55:35.258+0800] {logging_mixin.py:188} INFO - [2024-05-15T03:55:35.257+0800] {dag.py:3096} INFO - Sync 1 DAGs
[2024-05-15T03:55:35.273+0800] {logging_mixin.py:188} INFO - [2024-05-15T03:55:35.273+0800] {dag.py:3954} INFO - Setting next_dagrun for example_setup_teardown to 2024-05-13 00:00:00+00:00, run_after=2024-05-14 00:00:00+00:00
[2024-05-15T03:55:35.290+0800] {processor.py:183} INFO - Processing /home/jithish/Documents/dag-dag-dag/.venv/lib/python3.10/site-packages/airflow/example_dags/example_setup_teardown.py took 0.138 seconds
[2024-05-15T03:56:49.134+0800] {processor.py:161} INFO - Started process (PID=106057) to work on /home/jithish/Documents/dag-dag-dag/.venv/lib/python3.10/site-packages/airflow/example_dags/example_setup_teardown.py
[2024-05-15T03:56:49.196+0800] {processor.py:830} INFO - Processing file /home/jithish/Documents/dag-dag-dag/.venv/lib/python3.10/site-packages/airflow/example_dags/example_setup_teardown.py for tasks to queue
[2024-05-15T03:56:49.201+0800] {logging_mixin.py:188} INFO - [2024-05-15T03:56:49.199+0800] {dagbag.py:545} INFO - Filling up the DagBag from /home/jithish/Documents/dag-dag-dag/.venv/lib/python3.10/site-packages/airflow/example_dags/example_setup_teardown.py
[2024-05-15T03:56:49.219+0800] {processor.py:840} INFO - DAG(s) 'example_setup_teardown' retrieved from /home/jithish/Documents/dag-dag-dag/.venv/lib/python3.10/site-packages/airflow/example_dags/example_setup_teardown.py
[2024-05-15T03:56:49.244+0800] {logging_mixin.py:188} INFO - [2024-05-15T03:56:49.244+0800] {dag.py:3096} INFO - Sync 1 DAGs
[2024-05-15T03:56:49.261+0800] {logging_mixin.py:188} INFO - [2024-05-15T03:56:49.261+0800] {dag.py:3954} INFO - Setting next_dagrun for example_setup_teardown to 2024-05-13 00:00:00+00:00, run_after=2024-05-14 00:00:00+00:00
[2024-05-15T03:56:49.280+0800] {processor.py:183} INFO - Processing /home/jithish/Documents/dag-dag-dag/.venv/lib/python3.10/site-packages/airflow/example_dags/example_setup_teardown.py took 0.150 seconds
[2024-05-15T03:57:59.529+0800] {processor.py:161} INFO - Started process (PID=106667) to work on /home/jithish/Documents/dag-dag-dag/.venv/lib/python3.10/site-packages/airflow/example_dags/example_setup_teardown.py
[2024-05-15T03:57:59.590+0800] {processor.py:830} INFO - Processing file /home/jithish/Documents/dag-dag-dag/.venv/lib/python3.10/site-packages/airflow/example_dags/example_setup_teardown.py for tasks to queue
[2024-05-15T03:57:59.591+0800] {logging_mixin.py:188} INFO - [2024-05-15T03:57:59.591+0800] {dagbag.py:545} INFO - Filling up the DagBag from /home/jithish/Documents/dag-dag-dag/.venv/lib/python3.10/site-packages/airflow/example_dags/example_setup_teardown.py
[2024-05-15T03:57:59.596+0800] {processor.py:840} INFO - DAG(s) 'example_setup_teardown' retrieved from /home/jithish/Documents/dag-dag-dag/.venv/lib/python3.10/site-packages/airflow/example_dags/example_setup_teardown.py
[2024-05-15T03:57:59.607+0800] {logging_mixin.py:188} INFO - [2024-05-15T03:57:59.607+0800] {dag.py:3096} INFO - Sync 1 DAGs
[2024-05-15T03:57:59.622+0800] {logging_mixin.py:188} INFO - [2024-05-15T03:57:59.622+0800] {dag.py:3954} INFO - Setting next_dagrun for example_setup_teardown to 2024-05-13 00:00:00+00:00, run_after=2024-05-14 00:00:00+00:00
[2024-05-15T03:57:59.642+0800] {processor.py:183} INFO - Processing /home/jithish/Documents/dag-dag-dag/.venv/lib/python3.10/site-packages/airflow/example_dags/example_setup_teardown.py took 0.117 seconds
[2024-05-15T03:59:11.410+0800] {processor.py:161} INFO - Started process (PID=107404) to work on /home/jithish/Documents/dag-dag-dag/.venv/lib/python3.10/site-packages/airflow/example_dags/example_setup_teardown.py
[2024-05-15T03:59:11.471+0800] {processor.py:830} INFO - Processing file /home/jithish/Documents/dag-dag-dag/.venv/lib/python3.10/site-packages/airflow/example_dags/example_setup_teardown.py for tasks to queue
[2024-05-15T03:59:11.473+0800] {logging_mixin.py:188} INFO - [2024-05-15T03:59:11.472+0800] {dagbag.py:545} INFO - Filling up the DagBag from /home/jithish/Documents/dag-dag-dag/.venv/lib/python3.10/site-packages/airflow/example_dags/example_setup_teardown.py
[2024-05-15T03:59:11.483+0800] {processor.py:840} INFO - DAG(s) 'example_setup_teardown' retrieved from /home/jithish/Documents/dag-dag-dag/.venv/lib/python3.10/site-packages/airflow/example_dags/example_setup_teardown.py
[2024-05-15T03:59:11.500+0800] {logging_mixin.py:188} INFO - [2024-05-15T03:59:11.499+0800] {dag.py:3096} INFO - Sync 1 DAGs
[2024-05-15T03:59:11.515+0800] {logging_mixin.py:188} INFO - [2024-05-15T03:59:11.514+0800] {dag.py:3954} INFO - Setting next_dagrun for example_setup_teardown to 2024-05-13 00:00:00+00:00, run_after=2024-05-14 00:00:00+00:00
[2024-05-15T03:59:11.539+0800] {processor.py:183} INFO - Processing /home/jithish/Documents/dag-dag-dag/.venv/lib/python3.10/site-packages/airflow/example_dags/example_setup_teardown.py took 0.134 seconds
[2024-05-15T04:00:23.234+0800] {processor.py:161} INFO - Started process (PID=108056) to work on /home/jithish/Documents/dag-dag-dag/.venv/lib/python3.10/site-packages/airflow/example_dags/example_setup_teardown.py
[2024-05-15T04:00:23.295+0800] {processor.py:830} INFO - Processing file /home/jithish/Documents/dag-dag-dag/.venv/lib/python3.10/site-packages/airflow/example_dags/example_setup_teardown.py for tasks to queue
[2024-05-15T04:00:23.300+0800] {logging_mixin.py:188} INFO - [2024-05-15T04:00:23.298+0800] {dagbag.py:545} INFO - Filling up the DagBag from /home/jithish/Documents/dag-dag-dag/.venv/lib/python3.10/site-packages/airflow/example_dags/example_setup_teardown.py
[2024-05-15T04:00:23.315+0800] {processor.py:840} INFO - DAG(s) 'example_setup_teardown' retrieved from /home/jithish/Documents/dag-dag-dag/.venv/lib/python3.10/site-packages/airflow/example_dags/example_setup_teardown.py
[2024-05-15T04:00:23.334+0800] {logging_mixin.py:188} INFO - [2024-05-15T04:00:23.333+0800] {dag.py:3096} INFO - Sync 1 DAGs
[2024-05-15T04:00:23.349+0800] {logging_mixin.py:188} INFO - [2024-05-15T04:00:23.348+0800] {dag.py:3954} INFO - Setting next_dagrun for example_setup_teardown to 2024-05-13 00:00:00+00:00, run_after=2024-05-14 00:00:00+00:00
[2024-05-15T04:00:23.367+0800] {processor.py:183} INFO - Processing /home/jithish/Documents/dag-dag-dag/.venv/lib/python3.10/site-packages/airflow/example_dags/example_setup_teardown.py took 0.140 seconds
[2024-05-15T04:01:36.505+0800] {processor.py:161} INFO - Started process (PID=108645) to work on /home/jithish/Documents/dag-dag-dag/.venv/lib/python3.10/site-packages/airflow/example_dags/example_setup_teardown.py
[2024-05-15T04:01:36.567+0800] {processor.py:830} INFO - Processing file /home/jithish/Documents/dag-dag-dag/.venv/lib/python3.10/site-packages/airflow/example_dags/example_setup_teardown.py for tasks to queue
[2024-05-15T04:01:36.572+0800] {logging_mixin.py:188} INFO - [2024-05-15T04:01:36.571+0800] {dagbag.py:545} INFO - Filling up the DagBag from /home/jithish/Documents/dag-dag-dag/.venv/lib/python3.10/site-packages/airflow/example_dags/example_setup_teardown.py
[2024-05-15T04:01:36.583+0800] {processor.py:840} INFO - DAG(s) 'example_setup_teardown' retrieved from /home/jithish/Documents/dag-dag-dag/.venv/lib/python3.10/site-packages/airflow/example_dags/example_setup_teardown.py
[2024-05-15T04:01:36.600+0800] {logging_mixin.py:188} INFO - [2024-05-15T04:01:36.600+0800] {dag.py:3096} INFO - Sync 1 DAGs
[2024-05-15T04:01:36.615+0800] {logging_mixin.py:188} INFO - [2024-05-15T04:01:36.615+0800] {dag.py:3954} INFO - Setting next_dagrun for example_setup_teardown to 2024-05-13 00:00:00+00:00, run_after=2024-05-14 00:00:00+00:00
[2024-05-15T04:01:36.637+0800] {processor.py:183} INFO - Processing /home/jithish/Documents/dag-dag-dag/.venv/lib/python3.10/site-packages/airflow/example_dags/example_setup_teardown.py took 0.149 seconds
[2024-05-15T04:02:51.293+0800] {processor.py:161} INFO - Started process (PID=109393) to work on /home/jithish/Documents/dag-dag-dag/.venv/lib/python3.10/site-packages/airflow/example_dags/example_setup_teardown.py
[2024-05-15T04:02:51.354+0800] {processor.py:830} INFO - Processing file /home/jithish/Documents/dag-dag-dag/.venv/lib/python3.10/site-packages/airflow/example_dags/example_setup_teardown.py for tasks to queue
[2024-05-15T04:02:51.359+0800] {logging_mixin.py:188} INFO - [2024-05-15T04:02:51.358+0800] {dagbag.py:545} INFO - Filling up the DagBag from /home/jithish/Documents/dag-dag-dag/.venv/lib/python3.10/site-packages/airflow/example_dags/example_setup_teardown.py
[2024-05-15T04:02:51.378+0800] {processor.py:840} INFO - DAG(s) 'example_setup_teardown' retrieved from /home/jithish/Documents/dag-dag-dag/.venv/lib/python3.10/site-packages/airflow/example_dags/example_setup_teardown.py
[2024-05-15T04:02:51.404+0800] {logging_mixin.py:188} INFO - [2024-05-15T04:02:51.403+0800] {dag.py:3096} INFO - Sync 1 DAGs
[2024-05-15T04:02:51.419+0800] {logging_mixin.py:188} INFO - [2024-05-15T04:02:51.419+0800] {dag.py:3954} INFO - Setting next_dagrun for example_setup_teardown to 2024-05-13 00:00:00+00:00, run_after=2024-05-14 00:00:00+00:00
[2024-05-15T04:02:51.437+0800] {processor.py:183} INFO - Processing /home/jithish/Documents/dag-dag-dag/.venv/lib/python3.10/site-packages/airflow/example_dags/example_setup_teardown.py took 0.149 seconds
[2024-05-15T04:03:54.603+0800] {processor.py:161} INFO - Started process (PID=110384) to work on /home/jithish/Documents/dag-dag-dag/.venv/lib/python3.10/site-packages/airflow/example_dags/example_setup_teardown.py
[2024-05-15T04:03:54.664+0800] {processor.py:830} INFO - Processing file /home/jithish/Documents/dag-dag-dag/.venv/lib/python3.10/site-packages/airflow/example_dags/example_setup_teardown.py for tasks to queue
[2024-05-15T04:03:54.669+0800] {logging_mixin.py:188} INFO - [2024-05-15T04:03:54.668+0800] {dagbag.py:545} INFO - Filling up the DagBag from /home/jithish/Documents/dag-dag-dag/.venv/lib/python3.10/site-packages/airflow/example_dags/example_setup_teardown.py
[2024-05-15T04:03:54.689+0800] {processor.py:840} INFO - DAG(s) 'example_setup_teardown' retrieved from /home/jithish/Documents/dag-dag-dag/.venv/lib/python3.10/site-packages/airflow/example_dags/example_setup_teardown.py
[2024-05-15T04:03:54.714+0800] {logging_mixin.py:188} INFO - [2024-05-15T04:03:54.713+0800] {dag.py:3096} INFO - Sync 1 DAGs
[2024-05-15T04:03:54.729+0800] {logging_mixin.py:188} INFO - [2024-05-15T04:03:54.729+0800] {dag.py:3954} INFO - Setting next_dagrun for example_setup_teardown to 2024-05-13 00:00:00+00:00, run_after=2024-05-14 00:00:00+00:00
[2024-05-15T04:03:54.757+0800] {processor.py:183} INFO - Processing /home/jithish/Documents/dag-dag-dag/.venv/lib/python3.10/site-packages/airflow/example_dags/example_setup_teardown.py took 0.161 seconds
[2024-05-15T04:04:56.787+0800] {processor.py:161} INFO - Started process (PID=111352) to work on /home/jithish/Documents/dag-dag-dag/.venv/lib/python3.10/site-packages/airflow/example_dags/example_setup_teardown.py
[2024-05-15T04:04:56.797+0800] {processor.py:830} INFO - Processing file /home/jithish/Documents/dag-dag-dag/.venv/lib/python3.10/site-packages/airflow/example_dags/example_setup_teardown.py for tasks to queue
[2024-05-15T04:04:56.803+0800] {logging_mixin.py:188} INFO - [2024-05-15T04:04:56.802+0800] {dagbag.py:545} INFO - Filling up the DagBag from /home/jithish/Documents/dag-dag-dag/.venv/lib/python3.10/site-packages/airflow/example_dags/example_setup_teardown.py
[2024-05-15T04:04:56.817+0800] {processor.py:840} INFO - DAG(s) 'example_setup_teardown' retrieved from /home/jithish/Documents/dag-dag-dag/.venv/lib/python3.10/site-packages/airflow/example_dags/example_setup_teardown.py
[2024-05-15T04:04:56.839+0800] {logging_mixin.py:188} INFO - [2024-05-15T04:04:56.839+0800] {dag.py:3096} INFO - Sync 1 DAGs
[2024-05-15T04:04:56.859+0800] {logging_mixin.py:188} INFO - [2024-05-15T04:04:56.858+0800] {dag.py:3954} INFO - Setting next_dagrun for example_setup_teardown to 2024-05-13 00:00:00+00:00, run_after=2024-05-14 00:00:00+00:00
[2024-05-15T04:04:56.887+0800] {processor.py:183} INFO - Processing /home/jithish/Documents/dag-dag-dag/.venv/lib/python3.10/site-packages/airflow/example_dags/example_setup_teardown.py took 0.115 seconds
[2024-05-15T04:05:52.272+0800] {processor.py:161} INFO - Started process (PID=112140) to work on /home/jithish/Documents/dag-dag-dag/.venv/lib/python3.10/site-packages/airflow/example_dags/example_setup_teardown.py
[2024-05-15T04:05:52.334+0800] {processor.py:830} INFO - Processing file /home/jithish/Documents/dag-dag-dag/.venv/lib/python3.10/site-packages/airflow/example_dags/example_setup_teardown.py for tasks to queue
[2024-05-15T04:05:52.340+0800] {logging_mixin.py:188} INFO - [2024-05-15T04:05:52.338+0800] {dagbag.py:545} INFO - Filling up the DagBag from /home/jithish/Documents/dag-dag-dag/.venv/lib/python3.10/site-packages/airflow/example_dags/example_setup_teardown.py
[2024-05-15T04:05:52.358+0800] {processor.py:840} INFO - DAG(s) 'example_setup_teardown' retrieved from /home/jithish/Documents/dag-dag-dag/.venv/lib/python3.10/site-packages/airflow/example_dags/example_setup_teardown.py
[2024-05-15T04:05:52.377+0800] {logging_mixin.py:188} INFO - [2024-05-15T04:05:52.377+0800] {dag.py:3096} INFO - Sync 1 DAGs
[2024-05-15T04:05:52.395+0800] {logging_mixin.py:188} INFO - [2024-05-15T04:05:52.395+0800] {dag.py:3954} INFO - Setting next_dagrun for example_setup_teardown to 2024-05-13 00:00:00+00:00, run_after=2024-05-14 00:00:00+00:00
[2024-05-15T04:05:52.417+0800] {processor.py:183} INFO - Processing /home/jithish/Documents/dag-dag-dag/.venv/lib/python3.10/site-packages/airflow/example_dags/example_setup_teardown.py took 0.156 seconds
[2024-05-15T04:06:47.623+0800] {processor.py:161} INFO - Started process (PID=112935) to work on /home/jithish/Documents/dag-dag-dag/.venv/lib/python3.10/site-packages/airflow/example_dags/example_setup_teardown.py
[2024-05-15T04:06:47.624+0800] {processor.py:830} INFO - Processing file /home/jithish/Documents/dag-dag-dag/.venv/lib/python3.10/site-packages/airflow/example_dags/example_setup_teardown.py for tasks to queue
[2024-05-15T04:06:47.625+0800] {logging_mixin.py:188} INFO - [2024-05-15T04:06:47.625+0800] {dagbag.py:545} INFO - Filling up the DagBag from /home/jithish/Documents/dag-dag-dag/.venv/lib/python3.10/site-packages/airflow/example_dags/example_setup_teardown.py
[2024-05-15T04:06:47.631+0800] {processor.py:840} INFO - DAG(s) 'example_setup_teardown' retrieved from /home/jithish/Documents/dag-dag-dag/.venv/lib/python3.10/site-packages/airflow/example_dags/example_setup_teardown.py
[2024-05-15T04:06:47.646+0800] {logging_mixin.py:188} INFO - [2024-05-15T04:06:47.646+0800] {dag.py:3096} INFO - Sync 1 DAGs
[2024-05-15T04:06:47.670+0800] {logging_mixin.py:188} INFO - [2024-05-15T04:06:47.670+0800] {dag.py:3954} INFO - Setting next_dagrun for example_setup_teardown to 2024-05-13 00:00:00+00:00, run_after=2024-05-14 00:00:00+00:00
[2024-05-15T04:06:47.690+0800] {processor.py:183} INFO - Processing /home/jithish/Documents/dag-dag-dag/.venv/lib/python3.10/site-packages/airflow/example_dags/example_setup_teardown.py took 0.072 seconds
[2024-05-15T04:07:43.172+0800] {processor.py:161} INFO - Started process (PID=113615) to work on /home/jithish/Documents/dag-dag-dag/.venv/lib/python3.10/site-packages/airflow/example_dags/example_setup_teardown.py
[2024-05-15T04:07:43.234+0800] {processor.py:830} INFO - Processing file /home/jithish/Documents/dag-dag-dag/.venv/lib/python3.10/site-packages/airflow/example_dags/example_setup_teardown.py for tasks to queue
[2024-05-15T04:07:43.238+0800] {logging_mixin.py:188} INFO - [2024-05-15T04:07:43.237+0800] {dagbag.py:545} INFO - Filling up the DagBag from /home/jithish/Documents/dag-dag-dag/.venv/lib/python3.10/site-packages/airflow/example_dags/example_setup_teardown.py
[2024-05-15T04:07:43.258+0800] {processor.py:840} INFO - DAG(s) 'example_setup_teardown' retrieved from /home/jithish/Documents/dag-dag-dag/.venv/lib/python3.10/site-packages/airflow/example_dags/example_setup_teardown.py
[2024-05-15T04:07:43.307+0800] {logging_mixin.py:188} INFO - [2024-05-15T04:07:43.306+0800] {dag.py:3096} INFO - Sync 1 DAGs
[2024-05-15T04:07:43.338+0800] {logging_mixin.py:188} INFO - [2024-05-15T04:07:43.338+0800] {dag.py:3954} INFO - Setting next_dagrun for example_setup_teardown to 2024-05-13 00:00:00+00:00, run_after=2024-05-14 00:00:00+00:00
[2024-05-15T04:07:43.362+0800] {processor.py:183} INFO - Processing /home/jithish/Documents/dag-dag-dag/.venv/lib/python3.10/site-packages/airflow/example_dags/example_setup_teardown.py took 0.211 seconds
[2024-05-15T04:08:36.519+0800] {processor.py:161} INFO - Started process (PID=114309) to work on /home/jithish/Documents/dag-dag-dag/.venv/lib/python3.10/site-packages/airflow/example_dags/example_setup_teardown.py
[2024-05-15T04:08:36.581+0800] {processor.py:830} INFO - Processing file /home/jithish/Documents/dag-dag-dag/.venv/lib/python3.10/site-packages/airflow/example_dags/example_setup_teardown.py for tasks to queue
[2024-05-15T04:08:36.586+0800] {logging_mixin.py:188} INFO - [2024-05-15T04:08:36.584+0800] {dagbag.py:545} INFO - Filling up the DagBag from /home/jithish/Documents/dag-dag-dag/.venv/lib/python3.10/site-packages/airflow/example_dags/example_setup_teardown.py
[2024-05-15T04:08:36.608+0800] {processor.py:840} INFO - DAG(s) 'example_setup_teardown' retrieved from /home/jithish/Documents/dag-dag-dag/.venv/lib/python3.10/site-packages/airflow/example_dags/example_setup_teardown.py
[2024-05-15T04:08:36.632+0800] {logging_mixin.py:188} INFO - [2024-05-15T04:08:36.631+0800] {dag.py:3096} INFO - Sync 1 DAGs
[2024-05-15T04:08:36.649+0800] {logging_mixin.py:188} INFO - [2024-05-15T04:08:36.648+0800] {dag.py:3954} INFO - Setting next_dagrun for example_setup_teardown to 2024-05-13 00:00:00+00:00, run_after=2024-05-14 00:00:00+00:00
[2024-05-15T04:08:36.668+0800] {processor.py:183} INFO - Processing /home/jithish/Documents/dag-dag-dag/.venv/lib/python3.10/site-packages/airflow/example_dags/example_setup_teardown.py took 0.158 seconds
[2024-05-15T04:09:37.746+0800] {processor.py:161} INFO - Started process (PID=115261) to work on /home/jithish/Documents/dag-dag-dag/.venv/lib/python3.10/site-packages/airflow/example_dags/example_setup_teardown.py
[2024-05-15T04:09:37.809+0800] {processor.py:830} INFO - Processing file /home/jithish/Documents/dag-dag-dag/.venv/lib/python3.10/site-packages/airflow/example_dags/example_setup_teardown.py for tasks to queue
[2024-05-15T04:09:37.813+0800] {logging_mixin.py:188} INFO - [2024-05-15T04:09:37.812+0800] {dagbag.py:545} INFO - Filling up the DagBag from /home/jithish/Documents/dag-dag-dag/.venv/lib/python3.10/site-packages/airflow/example_dags/example_setup_teardown.py
[2024-05-15T04:09:37.833+0800] {processor.py:840} INFO - DAG(s) 'example_setup_teardown' retrieved from /home/jithish/Documents/dag-dag-dag/.venv/lib/python3.10/site-packages/airflow/example_dags/example_setup_teardown.py
[2024-05-15T04:09:37.859+0800] {logging_mixin.py:188} INFO - [2024-05-15T04:09:37.859+0800] {dag.py:3096} INFO - Sync 1 DAGs
[2024-05-15T04:09:37.876+0800] {logging_mixin.py:188} INFO - [2024-05-15T04:09:37.876+0800] {dag.py:3954} INFO - Setting next_dagrun for example_setup_teardown to 2024-05-13 00:00:00+00:00, run_after=2024-05-14 00:00:00+00:00
[2024-05-15T04:09:37.905+0800] {processor.py:183} INFO - Processing /home/jithish/Documents/dag-dag-dag/.venv/lib/python3.10/site-packages/airflow/example_dags/example_setup_teardown.py took 0.168 seconds
[2024-05-15T04:10:30.510+0800] {processor.py:161} INFO - Started process (PID=116059) to work on /home/jithish/Documents/dag-dag-dag/.venv/lib/python3.10/site-packages/airflow/example_dags/example_setup_teardown.py
[2024-05-15T04:10:30.572+0800] {processor.py:830} INFO - Processing file /home/jithish/Documents/dag-dag-dag/.venv/lib/python3.10/site-packages/airflow/example_dags/example_setup_teardown.py for tasks to queue
[2024-05-15T04:10:30.577+0800] {logging_mixin.py:188} INFO - [2024-05-15T04:10:30.575+0800] {dagbag.py:545} INFO - Filling up the DagBag from /home/jithish/Documents/dag-dag-dag/.venv/lib/python3.10/site-packages/airflow/example_dags/example_setup_teardown.py
[2024-05-15T04:10:30.599+0800] {processor.py:840} INFO - DAG(s) 'example_setup_teardown' retrieved from /home/jithish/Documents/dag-dag-dag/.venv/lib/python3.10/site-packages/airflow/example_dags/example_setup_teardown.py
[2024-05-15T04:10:30.624+0800] {logging_mixin.py:188} INFO - [2024-05-15T04:10:30.623+0800] {dag.py:3096} INFO - Sync 1 DAGs
[2024-05-15T04:10:30.639+0800] {logging_mixin.py:188} INFO - [2024-05-15T04:10:30.639+0800] {dag.py:3954} INFO - Setting next_dagrun for example_setup_teardown to 2024-05-13 00:00:00+00:00, run_after=2024-05-14 00:00:00+00:00
[2024-05-15T04:10:30.671+0800] {processor.py:183} INFO - Processing /home/jithish/Documents/dag-dag-dag/.venv/lib/python3.10/site-packages/airflow/example_dags/example_setup_teardown.py took 0.168 seconds
[2024-05-15T04:11:24.146+0800] {processor.py:161} INFO - Started process (PID=116798) to work on /home/jithish/Documents/dag-dag-dag/.venv/lib/python3.10/site-packages/airflow/example_dags/example_setup_teardown.py
[2024-05-15T04:11:24.147+0800] {processor.py:830} INFO - Processing file /home/jithish/Documents/dag-dag-dag/.venv/lib/python3.10/site-packages/airflow/example_dags/example_setup_teardown.py for tasks to queue
[2024-05-15T04:11:24.148+0800] {logging_mixin.py:188} INFO - [2024-05-15T04:11:24.148+0800] {dagbag.py:545} INFO - Filling up the DagBag from /home/jithish/Documents/dag-dag-dag/.venv/lib/python3.10/site-packages/airflow/example_dags/example_setup_teardown.py
[2024-05-15T04:11:24.153+0800] {processor.py:840} INFO - DAG(s) 'example_setup_teardown' retrieved from /home/jithish/Documents/dag-dag-dag/.venv/lib/python3.10/site-packages/airflow/example_dags/example_setup_teardown.py
[2024-05-15T04:11:24.166+0800] {logging_mixin.py:188} INFO - [2024-05-15T04:11:24.166+0800] {dag.py:3096} INFO - Sync 1 DAGs
[2024-05-15T04:11:24.180+0800] {logging_mixin.py:188} INFO - [2024-05-15T04:11:24.180+0800] {dag.py:3954} INFO - Setting next_dagrun for example_setup_teardown to 2024-05-13 00:00:00+00:00, run_after=2024-05-14 00:00:00+00:00
[2024-05-15T04:11:24.195+0800] {processor.py:183} INFO - Processing /home/jithish/Documents/dag-dag-dag/.venv/lib/python3.10/site-packages/airflow/example_dags/example_setup_teardown.py took 0.053 seconds
[2024-05-15T04:12:22.737+0800] {processor.py:161} INFO - Started process (PID=117646) to work on /home/jithish/Documents/dag-dag-dag/.venv/lib/python3.10/site-packages/airflow/example_dags/example_setup_teardown.py
[2024-05-15T04:12:22.798+0800] {processor.py:830} INFO - Processing file /home/jithish/Documents/dag-dag-dag/.venv/lib/python3.10/site-packages/airflow/example_dags/example_setup_teardown.py for tasks to queue
[2024-05-15T04:12:22.804+0800] {logging_mixin.py:188} INFO - [2024-05-15T04:12:22.802+0800] {dagbag.py:545} INFO - Filling up the DagBag from /home/jithish/Documents/dag-dag-dag/.venv/lib/python3.10/site-packages/airflow/example_dags/example_setup_teardown.py
[2024-05-15T04:12:22.824+0800] {processor.py:840} INFO - DAG(s) 'example_setup_teardown' retrieved from /home/jithish/Documents/dag-dag-dag/.venv/lib/python3.10/site-packages/airflow/example_dags/example_setup_teardown.py
[2024-05-15T04:12:22.846+0800] {logging_mixin.py:188} INFO - [2024-05-15T04:12:22.845+0800] {dag.py:3096} INFO - Sync 1 DAGs
[2024-05-15T04:12:22.861+0800] {logging_mixin.py:188} INFO - [2024-05-15T04:12:22.861+0800] {dag.py:3954} INFO - Setting next_dagrun for example_setup_teardown to 2024-05-13 00:00:00+00:00, run_after=2024-05-14 00:00:00+00:00
[2024-05-15T04:12:22.877+0800] {processor.py:183} INFO - Processing /home/jithish/Documents/dag-dag-dag/.venv/lib/python3.10/site-packages/airflow/example_dags/example_setup_teardown.py took 0.147 seconds
[2024-05-15T04:13:19.716+0800] {processor.py:161} INFO - Started process (PID=118467) to work on /home/jithish/Documents/dag-dag-dag/.venv/lib/python3.10/site-packages/airflow/example_dags/example_setup_teardown.py
[2024-05-15T04:13:19.778+0800] {processor.py:830} INFO - Processing file /home/jithish/Documents/dag-dag-dag/.venv/lib/python3.10/site-packages/airflow/example_dags/example_setup_teardown.py for tasks to queue
[2024-05-15T04:13:19.783+0800] {logging_mixin.py:188} INFO - [2024-05-15T04:13:19.781+0800] {dagbag.py:545} INFO - Filling up the DagBag from /home/jithish/Documents/dag-dag-dag/.venv/lib/python3.10/site-packages/airflow/example_dags/example_setup_teardown.py
[2024-05-15T04:13:19.804+0800] {processor.py:840} INFO - DAG(s) 'example_setup_teardown' retrieved from /home/jithish/Documents/dag-dag-dag/.venv/lib/python3.10/site-packages/airflow/example_dags/example_setup_teardown.py
[2024-05-15T04:13:19.824+0800] {logging_mixin.py:188} INFO - [2024-05-15T04:13:19.824+0800] {dag.py:3096} INFO - Sync 1 DAGs
[2024-05-15T04:13:19.844+0800] {logging_mixin.py:188} INFO - [2024-05-15T04:13:19.843+0800] {dag.py:3954} INFO - Setting next_dagrun for example_setup_teardown to 2024-05-13 00:00:00+00:00, run_after=2024-05-14 00:00:00+00:00
[2024-05-15T04:13:19.868+0800] {processor.py:183} INFO - Processing /home/jithish/Documents/dag-dag-dag/.venv/lib/python3.10/site-packages/airflow/example_dags/example_setup_teardown.py took 0.166 seconds
[2024-05-15T04:14:14.811+0800] {processor.py:161} INFO - Started process (PID=119305) to work on /home/jithish/Documents/dag-dag-dag/.venv/lib/python3.10/site-packages/airflow/example_dags/example_setup_teardown.py
[2024-05-15T04:14:14.871+0800] {processor.py:830} INFO - Processing file /home/jithish/Documents/dag-dag-dag/.venv/lib/python3.10/site-packages/airflow/example_dags/example_setup_teardown.py for tasks to queue
[2024-05-15T04:14:14.875+0800] {logging_mixin.py:188} INFO - [2024-05-15T04:14:14.874+0800] {dagbag.py:545} INFO - Filling up the DagBag from /home/jithish/Documents/dag-dag-dag/.venv/lib/python3.10/site-packages/airflow/example_dags/example_setup_teardown.py
[2024-05-15T04:14:14.896+0800] {processor.py:840} INFO - DAG(s) 'example_setup_teardown' retrieved from /home/jithish/Documents/dag-dag-dag/.venv/lib/python3.10/site-packages/airflow/example_dags/example_setup_teardown.py
[2024-05-15T04:14:14.924+0800] {logging_mixin.py:188} INFO - [2024-05-15T04:14:14.924+0800] {dag.py:3096} INFO - Sync 1 DAGs
[2024-05-15T04:14:14.940+0800] {logging_mixin.py:188} INFO - [2024-05-15T04:14:14.940+0800] {dag.py:3954} INFO - Setting next_dagrun for example_setup_teardown to 2024-05-13 00:00:00+00:00, run_after=2024-05-14 00:00:00+00:00
[2024-05-15T04:14:14.959+0800] {processor.py:183} INFO - Processing /home/jithish/Documents/dag-dag-dag/.venv/lib/python3.10/site-packages/airflow/example_dags/example_setup_teardown.py took 0.152 seconds
[2024-05-15T04:15:10.827+0800] {processor.py:161} INFO - Started process (PID=119894) to work on /home/jithish/Documents/dag-dag-dag/.venv/lib/python3.10/site-packages/airflow/example_dags/example_setup_teardown.py
[2024-05-15T04:15:10.888+0800] {processor.py:830} INFO - Processing file /home/jithish/Documents/dag-dag-dag/.venv/lib/python3.10/site-packages/airflow/example_dags/example_setup_teardown.py for tasks to queue
[2024-05-15T04:15:10.891+0800] {logging_mixin.py:188} INFO - [2024-05-15T04:15:10.890+0800] {dagbag.py:545} INFO - Filling up the DagBag from /home/jithish/Documents/dag-dag-dag/.venv/lib/python3.10/site-packages/airflow/example_dags/example_setup_teardown.py
[2024-05-15T04:15:10.910+0800] {processor.py:840} INFO - DAG(s) 'example_setup_teardown' retrieved from /home/jithish/Documents/dag-dag-dag/.venv/lib/python3.10/site-packages/airflow/example_dags/example_setup_teardown.py
[2024-05-15T04:15:10.938+0800] {logging_mixin.py:188} INFO - [2024-05-15T04:15:10.938+0800] {dag.py:3096} INFO - Sync 1 DAGs
[2024-05-15T04:15:10.955+0800] {logging_mixin.py:188} INFO - [2024-05-15T04:15:10.955+0800] {dag.py:3954} INFO - Setting next_dagrun for example_setup_teardown to 2024-05-13 00:00:00+00:00, run_after=2024-05-14 00:00:00+00:00
[2024-05-15T04:15:10.980+0800] {processor.py:183} INFO - Processing /home/jithish/Documents/dag-dag-dag/.venv/lib/python3.10/site-packages/airflow/example_dags/example_setup_teardown.py took 0.158 seconds
[2024-05-15T04:16:05.989+0800] {processor.py:161} INFO - Started process (PID=120518) to work on /home/jithish/Documents/dag-dag-dag/.venv/lib/python3.10/site-packages/airflow/example_dags/example_setup_teardown.py
[2024-05-15T04:16:06.052+0800] {processor.py:830} INFO - Processing file /home/jithish/Documents/dag-dag-dag/.venv/lib/python3.10/site-packages/airflow/example_dags/example_setup_teardown.py for tasks to queue
[2024-05-15T04:16:06.057+0800] {logging_mixin.py:188} INFO - [2024-05-15T04:16:06.056+0800] {dagbag.py:545} INFO - Filling up the DagBag from /home/jithish/Documents/dag-dag-dag/.venv/lib/python3.10/site-packages/airflow/example_dags/example_setup_teardown.py
[2024-05-15T04:16:06.080+0800] {processor.py:840} INFO - DAG(s) 'example_setup_teardown' retrieved from /home/jithish/Documents/dag-dag-dag/.venv/lib/python3.10/site-packages/airflow/example_dags/example_setup_teardown.py
[2024-05-15T04:16:06.102+0800] {logging_mixin.py:188} INFO - [2024-05-15T04:16:06.102+0800] {dag.py:3096} INFO - Sync 1 DAGs
[2024-05-15T04:16:06.117+0800] {logging_mixin.py:188} INFO - [2024-05-15T04:16:06.117+0800] {dag.py:3954} INFO - Setting next_dagrun for example_setup_teardown to 2024-05-13 00:00:00+00:00, run_after=2024-05-14 00:00:00+00:00
[2024-05-15T04:16:06.137+0800] {processor.py:183} INFO - Processing /home/jithish/Documents/dag-dag-dag/.venv/lib/python3.10/site-packages/airflow/example_dags/example_setup_teardown.py took 0.165 seconds
