[2024-05-15T02:59:12.489+0800] {processor.py:161} INFO - Started process (PID=65460) to work on /home/jithish/Documents/dag-dag-dag/.venv/lib/python3.10/site-packages/airflow/example_dags/example_sla_dag.py
[2024-05-15T02:59:12.490+0800] {processor.py:830} INFO - Processing file /home/jithish/Documents/dag-dag-dag/.venv/lib/python3.10/site-packages/airflow/example_dags/example_sla_dag.py for tasks to queue
[2024-05-15T02:59:12.491+0800] {logging_mixin.py:188} INFO - [2024-05-15T02:59:12.491+0800] {dagbag.py:545} INFO - Filling up the DagBag from /home/jithish/Documents/dag-dag-dag/.venv/lib/python3.10/site-packages/airflow/example_dags/example_sla_dag.py
[2024-05-15T02:59:12.498+0800] {processor.py:840} INFO - DAG(s) 'example_sla_dag' retrieved from /home/jithish/Documents/dag-dag-dag/.venv/lib/python3.10/site-packages/airflow/example_dags/example_sla_dag.py
[2024-05-15T02:59:12.562+0800] {logging_mixin.py:188} INFO - [2024-05-15T02:59:12.562+0800] {dag.py:3096} INFO - Sync 1 DAGs
[2024-05-15T02:59:12.646+0800] {logging_mixin.py:188} INFO - [2024-05-15T02:59:12.646+0800] {dag.py:3954} INFO - Setting next_dagrun for example_sla_dag to 2024-05-14 18:56:00+00:00, run_after=2024-05-14 18:58:00+00:00
[2024-05-15T02:59:12.747+0800] {processor.py:183} INFO - Processing /home/jithish/Documents/dag-dag-dag/.venv/lib/python3.10/site-packages/airflow/example_dags/example_sla_dag.py took 0.263 seconds
[2024-05-15T03:14:32.084+0800] {processor.py:161} INFO - Started process (PID=74974) to work on /home/jithish/Documents/dag-dag-dag/.venv/lib/python3.10/site-packages/airflow/example_dags/example_sla_dag.py
[2024-05-15T03:14:32.145+0800] {processor.py:830} INFO - Processing file /home/jithish/Documents/dag-dag-dag/.venv/lib/python3.10/site-packages/airflow/example_dags/example_sla_dag.py for tasks to queue
[2024-05-15T03:14:32.152+0800] {logging_mixin.py:188} INFO - [2024-05-15T03:14:32.150+0800] {dagbag.py:545} INFO - Filling up the DagBag from /home/jithish/Documents/dag-dag-dag/.venv/lib/python3.10/site-packages/airflow/example_dags/example_sla_dag.py
[2024-05-15T03:14:32.175+0800] {processor.py:840} INFO - DAG(s) 'example_sla_dag' retrieved from /home/jithish/Documents/dag-dag-dag/.venv/lib/python3.10/site-packages/airflow/example_dags/example_sla_dag.py
[2024-05-15T03:14:32.267+0800] {logging_mixin.py:188} INFO - [2024-05-15T03:14:32.267+0800] {dag.py:3096} INFO - Sync 1 DAGs
[2024-05-15T03:14:32.346+0800] {logging_mixin.py:188} INFO - [2024-05-15T03:14:32.346+0800] {dag.py:3954} INFO - Setting next_dagrun for example_sla_dag to 2024-05-14 19:12:00+00:00, run_after=2024-05-14 19:14:00+00:00
[2024-05-15T03:14:32.443+0800] {processor.py:183} INFO - Processing /home/jithish/Documents/dag-dag-dag/.venv/lib/python3.10/site-packages/airflow/example_dags/example_sla_dag.py took 0.365 seconds
[2024-05-15T03:15:36.716+0800] {processor.py:161} INFO - Started process (PID=75854) to work on /home/jithish/Documents/dag-dag-dag/.venv/lib/python3.10/site-packages/airflow/example_dags/example_sla_dag.py
[2024-05-15T03:15:36.777+0800] {processor.py:830} INFO - Processing file /home/jithish/Documents/dag-dag-dag/.venv/lib/python3.10/site-packages/airflow/example_dags/example_sla_dag.py for tasks to queue
[2024-05-15T03:15:36.782+0800] {logging_mixin.py:188} INFO - [2024-05-15T03:15:36.781+0800] {dagbag.py:545} INFO - Filling up the DagBag from /home/jithish/Documents/dag-dag-dag/.venv/lib/python3.10/site-packages/airflow/example_dags/example_sla_dag.py
[2024-05-15T03:15:36.806+0800] {processor.py:840} INFO - DAG(s) 'example_sla_dag' retrieved from /home/jithish/Documents/dag-dag-dag/.venv/lib/python3.10/site-packages/airflow/example_dags/example_sla_dag.py
[2024-05-15T03:15:36.823+0800] {logging_mixin.py:188} INFO - [2024-05-15T03:15:36.823+0800] {dag.py:3096} INFO - Sync 1 DAGs
[2024-05-15T03:15:36.839+0800] {logging_mixin.py:188} INFO - [2024-05-15T03:15:36.839+0800] {dag.py:3954} INFO - Setting next_dagrun for example_sla_dag to 2024-05-14 19:12:00+00:00, run_after=2024-05-14 19:14:00+00:00
[2024-05-15T03:15:36.867+0800] {processor.py:183} INFO - Processing /home/jithish/Documents/dag-dag-dag/.venv/lib/python3.10/site-packages/airflow/example_dags/example_sla_dag.py took 0.156 seconds
[2024-05-15T03:16:40.789+0800] {processor.py:161} INFO - Started process (PID=76652) to work on /home/jithish/Documents/dag-dag-dag/.venv/lib/python3.10/site-packages/airflow/example_dags/example_sla_dag.py
[2024-05-15T03:16:40.850+0800] {processor.py:830} INFO - Processing file /home/jithish/Documents/dag-dag-dag/.venv/lib/python3.10/site-packages/airflow/example_dags/example_sla_dag.py for tasks to queue
[2024-05-15T03:16:40.851+0800] {logging_mixin.py:188} INFO - [2024-05-15T03:16:40.851+0800] {dagbag.py:545} INFO - Filling up the DagBag from /home/jithish/Documents/dag-dag-dag/.venv/lib/python3.10/site-packages/airflow/example_dags/example_sla_dag.py
[2024-05-15T03:16:40.857+0800] {processor.py:840} INFO - DAG(s) 'example_sla_dag' retrieved from /home/jithish/Documents/dag-dag-dag/.venv/lib/python3.10/site-packages/airflow/example_dags/example_sla_dag.py
[2024-05-15T03:16:40.868+0800] {logging_mixin.py:188} INFO - [2024-05-15T03:16:40.868+0800] {dag.py:3096} INFO - Sync 1 DAGs
[2024-05-15T03:16:40.882+0800] {logging_mixin.py:188} INFO - [2024-05-15T03:16:40.882+0800] {dag.py:3954} INFO - Setting next_dagrun for example_sla_dag to 2024-05-14 19:14:00+00:00, run_after=2024-05-14 19:16:00+00:00
[2024-05-15T03:16:40.900+0800] {processor.py:183} INFO - Processing /home/jithish/Documents/dag-dag-dag/.venv/lib/python3.10/site-packages/airflow/example_dags/example_sla_dag.py took 0.116 seconds
[2024-05-15T03:17:44.234+0800] {processor.py:161} INFO - Started process (PID=77642) to work on /home/jithish/Documents/dag-dag-dag/.venv/lib/python3.10/site-packages/airflow/example_dags/example_sla_dag.py
[2024-05-15T03:17:44.236+0800] {processor.py:830} INFO - Processing file /home/jithish/Documents/dag-dag-dag/.venv/lib/python3.10/site-packages/airflow/example_dags/example_sla_dag.py for tasks to queue
[2024-05-15T03:17:44.238+0800] {logging_mixin.py:188} INFO - [2024-05-15T03:17:44.238+0800] {dagbag.py:545} INFO - Filling up the DagBag from /home/jithish/Documents/dag-dag-dag/.venv/lib/python3.10/site-packages/airflow/example_dags/example_sla_dag.py
[2024-05-15T03:17:44.250+0800] {processor.py:840} INFO - DAG(s) 'example_sla_dag' retrieved from /home/jithish/Documents/dag-dag-dag/.venv/lib/python3.10/site-packages/airflow/example_dags/example_sla_dag.py
[2024-05-15T03:17:44.264+0800] {logging_mixin.py:188} INFO - [2024-05-15T03:17:44.264+0800] {dag.py:3096} INFO - Sync 1 DAGs
[2024-05-15T03:17:44.281+0800] {logging_mixin.py:188} INFO - [2024-05-15T03:17:44.281+0800] {dag.py:3954} INFO - Setting next_dagrun for example_sla_dag to 2024-05-14 19:14:00+00:00, run_after=2024-05-14 19:16:00+00:00
[2024-05-15T03:17:44.297+0800] {processor.py:183} INFO - Processing /home/jithish/Documents/dag-dag-dag/.venv/lib/python3.10/site-packages/airflow/example_dags/example_sla_dag.py took 0.074 seconds
[2024-05-15T03:18:38.964+0800] {processor.py:161} INFO - Started process (PID=78413) to work on /home/jithish/Documents/dag-dag-dag/.venv/lib/python3.10/site-packages/airflow/example_dags/example_sla_dag.py
[2024-05-15T03:18:39.025+0800] {processor.py:830} INFO - Processing file /home/jithish/Documents/dag-dag-dag/.venv/lib/python3.10/site-packages/airflow/example_dags/example_sla_dag.py for tasks to queue
[2024-05-15T03:18:39.026+0800] {logging_mixin.py:188} INFO - [2024-05-15T03:18:39.025+0800] {dagbag.py:545} INFO - Filling up the DagBag from /home/jithish/Documents/dag-dag-dag/.venv/lib/python3.10/site-packages/airflow/example_dags/example_sla_dag.py
[2024-05-15T03:18:39.032+0800] {processor.py:840} INFO - DAG(s) 'example_sla_dag' retrieved from /home/jithish/Documents/dag-dag-dag/.venv/lib/python3.10/site-packages/airflow/example_dags/example_sla_dag.py
[2024-05-15T03:18:39.045+0800] {logging_mixin.py:188} INFO - [2024-05-15T03:18:39.044+0800] {dag.py:3096} INFO - Sync 1 DAGs
[2024-05-15T03:18:39.061+0800] {logging_mixin.py:188} INFO - [2024-05-15T03:18:39.061+0800] {dag.py:3954} INFO - Setting next_dagrun for example_sla_dag to 2024-05-14 19:16:00+00:00, run_after=2024-05-14 19:18:00+00:00
[2024-05-15T03:18:39.079+0800] {processor.py:183} INFO - Processing /home/jithish/Documents/dag-dag-dag/.venv/lib/python3.10/site-packages/airflow/example_dags/example_sla_dag.py took 0.121 seconds
[2024-05-15T03:19:35.261+0800] {processor.py:161} INFO - Started process (PID=79235) to work on /home/jithish/Documents/dag-dag-dag/.venv/lib/python3.10/site-packages/airflow/example_dags/example_sla_dag.py
[2024-05-15T03:19:35.323+0800] {processor.py:830} INFO - Processing file /home/jithish/Documents/dag-dag-dag/.venv/lib/python3.10/site-packages/airflow/example_dags/example_sla_dag.py for tasks to queue
[2024-05-15T03:19:35.324+0800] {logging_mixin.py:188} INFO - [2024-05-15T03:19:35.324+0800] {dagbag.py:545} INFO - Filling up the DagBag from /home/jithish/Documents/dag-dag-dag/.venv/lib/python3.10/site-packages/airflow/example_dags/example_sla_dag.py
[2024-05-15T03:19:35.333+0800] {processor.py:840} INFO - DAG(s) 'example_sla_dag' retrieved from /home/jithish/Documents/dag-dag-dag/.venv/lib/python3.10/site-packages/airflow/example_dags/example_sla_dag.py
[2024-05-15T03:19:35.345+0800] {logging_mixin.py:188} INFO - [2024-05-15T03:19:35.345+0800] {dag.py:3096} INFO - Sync 1 DAGs
[2024-05-15T03:19:35.362+0800] {logging_mixin.py:188} INFO - [2024-05-15T03:19:35.362+0800] {dag.py:3954} INFO - Setting next_dagrun for example_sla_dag to 2024-05-14 19:16:00+00:00, run_after=2024-05-14 19:18:00+00:00
[2024-05-15T03:19:35.389+0800] {processor.py:183} INFO - Processing /home/jithish/Documents/dag-dag-dag/.venv/lib/python3.10/site-packages/airflow/example_dags/example_sla_dag.py took 0.142 seconds
[2024-05-15T03:20:28.119+0800] {processor.py:161} INFO - Started process (PID=79955) to work on /home/jithish/Documents/dag-dag-dag/.venv/lib/python3.10/site-packages/airflow/example_dags/example_sla_dag.py
[2024-05-15T03:20:28.181+0800] {processor.py:830} INFO - Processing file /home/jithish/Documents/dag-dag-dag/.venv/lib/python3.10/site-packages/airflow/example_dags/example_sla_dag.py for tasks to queue
[2024-05-15T03:20:28.183+0800] {logging_mixin.py:188} INFO - [2024-05-15T03:20:28.183+0800] {dagbag.py:545} INFO - Filling up the DagBag from /home/jithish/Documents/dag-dag-dag/.venv/lib/python3.10/site-packages/airflow/example_dags/example_sla_dag.py
[2024-05-15T03:20:28.192+0800] {processor.py:840} INFO - DAG(s) 'example_sla_dag' retrieved from /home/jithish/Documents/dag-dag-dag/.venv/lib/python3.10/site-packages/airflow/example_dags/example_sla_dag.py
[2024-05-15T03:20:28.203+0800] {logging_mixin.py:188} INFO - [2024-05-15T03:20:28.203+0800] {dag.py:3096} INFO - Sync 1 DAGs
[2024-05-15T03:20:28.222+0800] {logging_mixin.py:188} INFO - [2024-05-15T03:20:28.222+0800] {dag.py:3954} INFO - Setting next_dagrun for example_sla_dag to 2024-05-14 19:18:00+00:00, run_after=2024-05-14 19:20:00+00:00
[2024-05-15T03:20:28.245+0800] {processor.py:183} INFO - Processing /home/jithish/Documents/dag-dag-dag/.venv/lib/python3.10/site-packages/airflow/example_dags/example_sla_dag.py took 0.138 seconds
[2024-05-15T03:21:20.159+0800] {processor.py:161} INFO - Started process (PID=80677) to work on /home/jithish/Documents/dag-dag-dag/.venv/lib/python3.10/site-packages/airflow/example_dags/example_sla_dag.py
[2024-05-15T03:21:20.160+0800] {processor.py:830} INFO - Processing file /home/jithish/Documents/dag-dag-dag/.venv/lib/python3.10/site-packages/airflow/example_dags/example_sla_dag.py for tasks to queue
[2024-05-15T03:21:20.162+0800] {logging_mixin.py:188} INFO - [2024-05-15T03:21:20.162+0800] {dagbag.py:545} INFO - Filling up the DagBag from /home/jithish/Documents/dag-dag-dag/.venv/lib/python3.10/site-packages/airflow/example_dags/example_sla_dag.py
[2024-05-15T03:21:20.174+0800] {processor.py:840} INFO - DAG(s) 'example_sla_dag' retrieved from /home/jithish/Documents/dag-dag-dag/.venv/lib/python3.10/site-packages/airflow/example_dags/example_sla_dag.py
[2024-05-15T03:21:20.189+0800] {logging_mixin.py:188} INFO - [2024-05-15T03:21:20.189+0800] {dag.py:3096} INFO - Sync 1 DAGs
[2024-05-15T03:21:20.206+0800] {logging_mixin.py:188} INFO - [2024-05-15T03:21:20.206+0800] {dag.py:3954} INFO - Setting next_dagrun for example_sla_dag to 2024-05-14 19:18:00+00:00, run_after=2024-05-14 19:20:00+00:00
[2024-05-15T03:21:20.230+0800] {processor.py:183} INFO - Processing /home/jithish/Documents/dag-dag-dag/.venv/lib/python3.10/site-packages/airflow/example_dags/example_sla_dag.py took 0.079 seconds
[2024-05-15T03:22:11.561+0800] {processor.py:161} INFO - Started process (PID=81421) to work on /home/jithish/Documents/dag-dag-dag/.venv/lib/python3.10/site-packages/airflow/example_dags/example_sla_dag.py
[2024-05-15T03:22:11.623+0800] {processor.py:830} INFO - Processing file /home/jithish/Documents/dag-dag-dag/.venv/lib/python3.10/site-packages/airflow/example_dags/example_sla_dag.py for tasks to queue
[2024-05-15T03:22:11.626+0800] {logging_mixin.py:188} INFO - [2024-05-15T03:22:11.625+0800] {dagbag.py:545} INFO - Filling up the DagBag from /home/jithish/Documents/dag-dag-dag/.venv/lib/python3.10/site-packages/airflow/example_dags/example_sla_dag.py
[2024-05-15T03:22:11.643+0800] {processor.py:840} INFO - DAG(s) 'example_sla_dag' retrieved from /home/jithish/Documents/dag-dag-dag/.venv/lib/python3.10/site-packages/airflow/example_dags/example_sla_dag.py
[2024-05-15T03:22:11.666+0800] {logging_mixin.py:188} INFO - [2024-05-15T03:22:11.665+0800] {dag.py:3096} INFO - Sync 1 DAGs
[2024-05-15T03:22:11.686+0800] {logging_mixin.py:188} INFO - [2024-05-15T03:22:11.686+0800] {dag.py:3954} INFO - Setting next_dagrun for example_sla_dag to 2024-05-14 19:20:00+00:00, run_after=2024-05-14 19:22:00+00:00
[2024-05-15T03:22:11.703+0800] {processor.py:183} INFO - Processing /home/jithish/Documents/dag-dag-dag/.venv/lib/python3.10/site-packages/airflow/example_dags/example_sla_dag.py took 0.157 seconds
[2024-05-15T03:23:05.989+0800] {processor.py:161} INFO - Started process (PID=82140) to work on /home/jithish/Documents/dag-dag-dag/.venv/lib/python3.10/site-packages/airflow/example_dags/example_sla_dag.py
[2024-05-15T03:23:06.051+0800] {processor.py:830} INFO - Processing file /home/jithish/Documents/dag-dag-dag/.venv/lib/python3.10/site-packages/airflow/example_dags/example_sla_dag.py for tasks to queue
[2024-05-15T03:23:06.057+0800] {logging_mixin.py:188} INFO - [2024-05-15T03:23:06.056+0800] {dagbag.py:545} INFO - Filling up the DagBag from /home/jithish/Documents/dag-dag-dag/.venv/lib/python3.10/site-packages/airflow/example_dags/example_sla_dag.py
[2024-05-15T03:23:06.082+0800] {processor.py:840} INFO - DAG(s) 'example_sla_dag' retrieved from /home/jithish/Documents/dag-dag-dag/.venv/lib/python3.10/site-packages/airflow/example_dags/example_sla_dag.py
[2024-05-15T03:23:06.103+0800] {logging_mixin.py:188} INFO - [2024-05-15T03:23:06.103+0800] {dag.py:3096} INFO - Sync 1 DAGs
[2024-05-15T03:23:06.121+0800] {logging_mixin.py:188} INFO - [2024-05-15T03:23:06.120+0800] {dag.py:3954} INFO - Setting next_dagrun for example_sla_dag to 2024-05-14 19:20:00+00:00, run_after=2024-05-14 19:22:00+00:00
[2024-05-15T03:23:06.139+0800] {processor.py:183} INFO - Processing /home/jithish/Documents/dag-dag-dag/.venv/lib/python3.10/site-packages/airflow/example_dags/example_sla_dag.py took 0.153 seconds
[2024-05-15T03:23:58.129+0800] {processor.py:161} INFO - Started process (PID=82621) to work on /home/jithish/Documents/dag-dag-dag/.venv/lib/python3.10/site-packages/airflow/example_dags/example_sla_dag.py
[2024-05-15T03:23:58.190+0800] {processor.py:830} INFO - Processing file /home/jithish/Documents/dag-dag-dag/.venv/lib/python3.10/site-packages/airflow/example_dags/example_sla_dag.py for tasks to queue
[2024-05-15T03:23:58.193+0800] {logging_mixin.py:188} INFO - [2024-05-15T03:23:58.193+0800] {dagbag.py:545} INFO - Filling up the DagBag from /home/jithish/Documents/dag-dag-dag/.venv/lib/python3.10/site-packages/airflow/example_dags/example_sla_dag.py
[2024-05-15T03:23:58.215+0800] {processor.py:840} INFO - DAG(s) 'example_sla_dag' retrieved from /home/jithish/Documents/dag-dag-dag/.venv/lib/python3.10/site-packages/airflow/example_dags/example_sla_dag.py
[2024-05-15T03:23:58.241+0800] {logging_mixin.py:188} INFO - [2024-05-15T03:23:58.240+0800] {dag.py:3096} INFO - Sync 1 DAGs
[2024-05-15T03:23:58.260+0800] {logging_mixin.py:188} INFO - [2024-05-15T03:23:58.260+0800] {dag.py:3954} INFO - Setting next_dagrun for example_sla_dag to 2024-05-14 19:20:00+00:00, run_after=2024-05-14 19:22:00+00:00
[2024-05-15T03:23:58.278+0800] {processor.py:183} INFO - Processing /home/jithish/Documents/dag-dag-dag/.venv/lib/python3.10/site-packages/airflow/example_dags/example_sla_dag.py took 0.153 seconds
[2024-05-15T03:24:55.023+0800] {processor.py:161} INFO - Started process (PID=83102) to work on /home/jithish/Documents/dag-dag-dag/.venv/lib/python3.10/site-packages/airflow/example_dags/example_sla_dag.py
[2024-05-15T03:24:55.084+0800] {processor.py:830} INFO - Processing file /home/jithish/Documents/dag-dag-dag/.venv/lib/python3.10/site-packages/airflow/example_dags/example_sla_dag.py for tasks to queue
[2024-05-15T03:24:55.088+0800] {logging_mixin.py:188} INFO - [2024-05-15T03:24:55.087+0800] {dagbag.py:545} INFO - Filling up the DagBag from /home/jithish/Documents/dag-dag-dag/.venv/lib/python3.10/site-packages/airflow/example_dags/example_sla_dag.py
[2024-05-15T03:24:55.113+0800] {processor.py:840} INFO - DAG(s) 'example_sla_dag' retrieved from /home/jithish/Documents/dag-dag-dag/.venv/lib/python3.10/site-packages/airflow/example_dags/example_sla_dag.py
[2024-05-15T03:24:55.135+0800] {logging_mixin.py:188} INFO - [2024-05-15T03:24:55.135+0800] {dag.py:3096} INFO - Sync 1 DAGs
[2024-05-15T03:24:55.153+0800] {logging_mixin.py:188} INFO - [2024-05-15T03:24:55.152+0800] {dag.py:3954} INFO - Setting next_dagrun for example_sla_dag to 2024-05-14 19:22:00+00:00, run_after=2024-05-14 19:24:00+00:00
[2024-05-15T03:24:55.172+0800] {processor.py:183} INFO - Processing /home/jithish/Documents/dag-dag-dag/.venv/lib/python3.10/site-packages/airflow/example_dags/example_sla_dag.py took 0.153 seconds
[2024-05-15T03:25:49.053+0800] {processor.py:161} INFO - Started process (PID=83542) to work on /home/jithish/Documents/dag-dag-dag/.venv/lib/python3.10/site-packages/airflow/example_dags/example_sla_dag.py
[2024-05-15T03:25:49.114+0800] {processor.py:830} INFO - Processing file /home/jithish/Documents/dag-dag-dag/.venv/lib/python3.10/site-packages/airflow/example_dags/example_sla_dag.py for tasks to queue
[2024-05-15T03:25:49.117+0800] {logging_mixin.py:188} INFO - [2024-05-15T03:25:49.116+0800] {dagbag.py:545} INFO - Filling up the DagBag from /home/jithish/Documents/dag-dag-dag/.venv/lib/python3.10/site-packages/airflow/example_dags/example_sla_dag.py
[2024-05-15T03:25:49.129+0800] {processor.py:840} INFO - DAG(s) 'example_sla_dag' retrieved from /home/jithish/Documents/dag-dag-dag/.venv/lib/python3.10/site-packages/airflow/example_dags/example_sla_dag.py
[2024-05-15T03:25:49.149+0800] {logging_mixin.py:188} INFO - [2024-05-15T03:25:49.149+0800] {dag.py:3096} INFO - Sync 1 DAGs
[2024-05-15T03:25:49.168+0800] {logging_mixin.py:188} INFO - [2024-05-15T03:25:49.168+0800] {dag.py:3954} INFO - Setting next_dagrun for example_sla_dag to 2024-05-14 19:22:00+00:00, run_after=2024-05-14 19:24:00+00:00
[2024-05-15T03:25:49.192+0800] {processor.py:183} INFO - Processing /home/jithish/Documents/dag-dag-dag/.venv/lib/python3.10/site-packages/airflow/example_dags/example_sla_dag.py took 0.143 seconds
[2024-05-15T03:26:42.401+0800] {processor.py:161} INFO - Started process (PID=84112) to work on /home/jithish/Documents/dag-dag-dag/.venv/lib/python3.10/site-packages/airflow/example_dags/example_sla_dag.py
[2024-05-15T03:26:42.463+0800] {processor.py:830} INFO - Processing file /home/jithish/Documents/dag-dag-dag/.venv/lib/python3.10/site-packages/airflow/example_dags/example_sla_dag.py for tasks to queue
[2024-05-15T03:26:42.464+0800] {logging_mixin.py:188} INFO - [2024-05-15T03:26:42.464+0800] {dagbag.py:545} INFO - Filling up the DagBag from /home/jithish/Documents/dag-dag-dag/.venv/lib/python3.10/site-packages/airflow/example_dags/example_sla_dag.py
[2024-05-15T03:26:42.471+0800] {processor.py:840} INFO - DAG(s) 'example_sla_dag' retrieved from /home/jithish/Documents/dag-dag-dag/.venv/lib/python3.10/site-packages/airflow/example_dags/example_sla_dag.py
[2024-05-15T03:26:42.484+0800] {logging_mixin.py:188} INFO - [2024-05-15T03:26:42.483+0800] {dag.py:3096} INFO - Sync 1 DAGs
[2024-05-15T03:26:42.504+0800] {logging_mixin.py:188} INFO - [2024-05-15T03:26:42.504+0800] {dag.py:3954} INFO - Setting next_dagrun for example_sla_dag to 2024-05-14 19:24:00+00:00, run_after=2024-05-14 19:26:00+00:00
[2024-05-15T03:26:42.527+0800] {processor.py:183} INFO - Processing /home/jithish/Documents/dag-dag-dag/.venv/lib/python3.10/site-packages/airflow/example_dags/example_sla_dag.py took 0.143 seconds
[2024-05-15T03:27:36.408+0800] {processor.py:161} INFO - Started process (PID=84774) to work on /home/jithish/Documents/dag-dag-dag/.venv/lib/python3.10/site-packages/airflow/example_dags/example_sla_dag.py
[2024-05-15T03:27:36.469+0800] {processor.py:830} INFO - Processing file /home/jithish/Documents/dag-dag-dag/.venv/lib/python3.10/site-packages/airflow/example_dags/example_sla_dag.py for tasks to queue
[2024-05-15T03:27:36.474+0800] {logging_mixin.py:188} INFO - [2024-05-15T03:27:36.473+0800] {dagbag.py:545} INFO - Filling up the DagBag from /home/jithish/Documents/dag-dag-dag/.venv/lib/python3.10/site-packages/airflow/example_dags/example_sla_dag.py
[2024-05-15T03:27:36.500+0800] {processor.py:840} INFO - DAG(s) 'example_sla_dag' retrieved from /home/jithish/Documents/dag-dag-dag/.venv/lib/python3.10/site-packages/airflow/example_dags/example_sla_dag.py
[2024-05-15T03:27:36.521+0800] {logging_mixin.py:188} INFO - [2024-05-15T03:27:36.521+0800] {dag.py:3096} INFO - Sync 1 DAGs
[2024-05-15T03:27:36.539+0800] {logging_mixin.py:188} INFO - [2024-05-15T03:27:36.539+0800] {dag.py:3954} INFO - Setting next_dagrun for example_sla_dag to 2024-05-14 19:24:00+00:00, run_after=2024-05-14 19:26:00+00:00
[2024-05-15T03:27:36.558+0800] {processor.py:183} INFO - Processing /home/jithish/Documents/dag-dag-dag/.venv/lib/python3.10/site-packages/airflow/example_dags/example_sla_dag.py took 0.155 seconds
[2024-05-15T03:28:24.261+0800] {processor.py:161} INFO - Started process (PID=85096) to work on /home/jithish/Documents/dag-dag-dag/.venv/lib/python3.10/site-packages/airflow/example_dags/example_sla_dag.py
[2024-05-15T03:28:24.322+0800] {processor.py:830} INFO - Processing file /home/jithish/Documents/dag-dag-dag/.venv/lib/python3.10/site-packages/airflow/example_dags/example_sla_dag.py for tasks to queue
[2024-05-15T03:28:24.327+0800] {logging_mixin.py:188} INFO - [2024-05-15T03:28:24.326+0800] {dagbag.py:545} INFO - Filling up the DagBag from /home/jithish/Documents/dag-dag-dag/.venv/lib/python3.10/site-packages/airflow/example_dags/example_sla_dag.py
[2024-05-15T03:28:24.348+0800] {processor.py:840} INFO - DAG(s) 'example_sla_dag' retrieved from /home/jithish/Documents/dag-dag-dag/.venv/lib/python3.10/site-packages/airflow/example_dags/example_sla_dag.py
[2024-05-15T03:28:24.365+0800] {logging_mixin.py:188} INFO - [2024-05-15T03:28:24.364+0800] {dag.py:3096} INFO - Sync 1 DAGs
[2024-05-15T03:28:24.382+0800] {logging_mixin.py:188} INFO - [2024-05-15T03:28:24.381+0800] {dag.py:3954} INFO - Setting next_dagrun for example_sla_dag to 2024-05-14 19:26:00+00:00, run_after=2024-05-14 19:28:00+00:00
[2024-05-15T03:28:24.400+0800] {processor.py:183} INFO - Processing /home/jithish/Documents/dag-dag-dag/.venv/lib/python3.10/site-packages/airflow/example_dags/example_sla_dag.py took 0.143 seconds
[2024-05-15T03:29:15.157+0800] {processor.py:161} INFO - Started process (PID=85597) to work on /home/jithish/Documents/dag-dag-dag/.venv/lib/python3.10/site-packages/airflow/example_dags/example_sla_dag.py
[2024-05-15T03:29:15.218+0800] {processor.py:830} INFO - Processing file /home/jithish/Documents/dag-dag-dag/.venv/lib/python3.10/site-packages/airflow/example_dags/example_sla_dag.py for tasks to queue
[2024-05-15T03:29:15.219+0800] {logging_mixin.py:188} INFO - [2024-05-15T03:29:15.219+0800] {dagbag.py:545} INFO - Filling up the DagBag from /home/jithish/Documents/dag-dag-dag/.venv/lib/python3.10/site-packages/airflow/example_dags/example_sla_dag.py
[2024-05-15T03:29:15.227+0800] {processor.py:840} INFO - DAG(s) 'example_sla_dag' retrieved from /home/jithish/Documents/dag-dag-dag/.venv/lib/python3.10/site-packages/airflow/example_dags/example_sla_dag.py
[2024-05-15T03:29:15.238+0800] {logging_mixin.py:188} INFO - [2024-05-15T03:29:15.238+0800] {dag.py:3096} INFO - Sync 1 DAGs
[2024-05-15T03:29:15.253+0800] {logging_mixin.py:188} INFO - [2024-05-15T03:29:15.252+0800] {dag.py:3954} INFO - Setting next_dagrun for example_sla_dag to 2024-05-14 19:26:00+00:00, run_after=2024-05-14 19:28:00+00:00
[2024-05-15T03:29:15.272+0800] {processor.py:183} INFO - Processing /home/jithish/Documents/dag-dag-dag/.venv/lib/python3.10/site-packages/airflow/example_dags/example_sla_dag.py took 0.119 seconds
[2024-05-15T03:30:04.781+0800] {processor.py:161} INFO - Started process (PID=86014) to work on /home/jithish/Documents/dag-dag-dag/.venv/lib/python3.10/site-packages/airflow/example_dags/example_sla_dag.py
[2024-05-15T03:30:04.783+0800] {processor.py:830} INFO - Processing file /home/jithish/Documents/dag-dag-dag/.venv/lib/python3.10/site-packages/airflow/example_dags/example_sla_dag.py for tasks to queue
[2024-05-15T03:30:04.785+0800] {logging_mixin.py:188} INFO - [2024-05-15T03:30:04.784+0800] {dagbag.py:545} INFO - Filling up the DagBag from /home/jithish/Documents/dag-dag-dag/.venv/lib/python3.10/site-packages/airflow/example_dags/example_sla_dag.py
[2024-05-15T03:30:04.791+0800] {processor.py:840} INFO - DAG(s) 'example_sla_dag' retrieved from /home/jithish/Documents/dag-dag-dag/.venv/lib/python3.10/site-packages/airflow/example_dags/example_sla_dag.py
[2024-05-15T03:30:04.802+0800] {logging_mixin.py:188} INFO - [2024-05-15T03:30:04.802+0800] {dag.py:3096} INFO - Sync 1 DAGs
[2024-05-15T03:30:04.817+0800] {logging_mixin.py:188} INFO - [2024-05-15T03:30:04.817+0800] {dag.py:3954} INFO - Setting next_dagrun for example_sla_dag to 2024-05-14 19:28:00+00:00, run_after=2024-05-14 19:30:00+00:00
[2024-05-15T03:30:04.833+0800] {processor.py:183} INFO - Processing /home/jithish/Documents/dag-dag-dag/.venv/lib/python3.10/site-packages/airflow/example_dags/example_sla_dag.py took 0.056 seconds
[2024-05-15T03:30:55.150+0800] {processor.py:161} INFO - Started process (PID=86448) to work on /home/jithish/Documents/dag-dag-dag/.venv/lib/python3.10/site-packages/airflow/example_dags/example_sla_dag.py
[2024-05-15T03:30:55.212+0800] {processor.py:830} INFO - Processing file /home/jithish/Documents/dag-dag-dag/.venv/lib/python3.10/site-packages/airflow/example_dags/example_sla_dag.py for tasks to queue
[2024-05-15T03:30:55.217+0800] {logging_mixin.py:188} INFO - [2024-05-15T03:30:55.215+0800] {dagbag.py:545} INFO - Filling up the DagBag from /home/jithish/Documents/dag-dag-dag/.venv/lib/python3.10/site-packages/airflow/example_dags/example_sla_dag.py
[2024-05-15T03:30:55.242+0800] {processor.py:840} INFO - DAG(s) 'example_sla_dag' retrieved from /home/jithish/Documents/dag-dag-dag/.venv/lib/python3.10/site-packages/airflow/example_dags/example_sla_dag.py
[2024-05-15T03:30:55.259+0800] {logging_mixin.py:188} INFO - [2024-05-15T03:30:55.259+0800] {dag.py:3096} INFO - Sync 1 DAGs
[2024-05-15T03:30:55.276+0800] {logging_mixin.py:188} INFO - [2024-05-15T03:30:55.276+0800] {dag.py:3954} INFO - Setting next_dagrun for example_sla_dag to 2024-05-14 19:28:00+00:00, run_after=2024-05-14 19:30:00+00:00
[2024-05-15T03:30:55.295+0800] {processor.py:183} INFO - Processing /home/jithish/Documents/dag-dag-dag/.venv/lib/python3.10/site-packages/airflow/example_dags/example_sla_dag.py took 0.150 seconds
[2024-05-15T03:31:47.597+0800] {processor.py:161} INFO - Started process (PID=86903) to work on /home/jithish/Documents/dag-dag-dag/.venv/lib/python3.10/site-packages/airflow/example_dags/example_sla_dag.py
[2024-05-15T03:31:47.659+0800] {processor.py:830} INFO - Processing file /home/jithish/Documents/dag-dag-dag/.venv/lib/python3.10/site-packages/airflow/example_dags/example_sla_dag.py for tasks to queue
[2024-05-15T03:31:47.664+0800] {logging_mixin.py:188} INFO - [2024-05-15T03:31:47.663+0800] {dagbag.py:545} INFO - Filling up the DagBag from /home/jithish/Documents/dag-dag-dag/.venv/lib/python3.10/site-packages/airflow/example_dags/example_sla_dag.py
[2024-05-15T03:31:47.691+0800] {processor.py:840} INFO - DAG(s) 'example_sla_dag' retrieved from /home/jithish/Documents/dag-dag-dag/.venv/lib/python3.10/site-packages/airflow/example_dags/example_sla_dag.py
[2024-05-15T03:31:47.711+0800] {logging_mixin.py:188} INFO - [2024-05-15T03:31:47.710+0800] {dag.py:3096} INFO - Sync 1 DAGs
[2024-05-15T03:31:47.729+0800] {logging_mixin.py:188} INFO - [2024-05-15T03:31:47.729+0800] {dag.py:3954} INFO - Setting next_dagrun for example_sla_dag to 2024-05-14 19:28:00+00:00, run_after=2024-05-14 19:30:00+00:00
[2024-05-15T03:31:47.747+0800] {processor.py:183} INFO - Processing /home/jithish/Documents/dag-dag-dag/.venv/lib/python3.10/site-packages/airflow/example_dags/example_sla_dag.py took 0.164 seconds
[2024-05-15T03:32:38.792+0800] {processor.py:161} INFO - Started process (PID=87320) to work on /home/jithish/Documents/dag-dag-dag/.venv/lib/python3.10/site-packages/airflow/example_dags/example_sla_dag.py
[2024-05-15T03:32:38.853+0800] {processor.py:830} INFO - Processing file /home/jithish/Documents/dag-dag-dag/.venv/lib/python3.10/site-packages/airflow/example_dags/example_sla_dag.py for tasks to queue
[2024-05-15T03:32:38.855+0800] {logging_mixin.py:188} INFO - [2024-05-15T03:32:38.854+0800] {dagbag.py:545} INFO - Filling up the DagBag from /home/jithish/Documents/dag-dag-dag/.venv/lib/python3.10/site-packages/airflow/example_dags/example_sla_dag.py
[2024-05-15T03:32:38.865+0800] {processor.py:840} INFO - DAG(s) 'example_sla_dag' retrieved from /home/jithish/Documents/dag-dag-dag/.venv/lib/python3.10/site-packages/airflow/example_dags/example_sla_dag.py
[2024-05-15T03:32:38.884+0800] {logging_mixin.py:188} INFO - [2024-05-15T03:32:38.884+0800] {dag.py:3096} INFO - Sync 1 DAGs
[2024-05-15T03:32:38.904+0800] {logging_mixin.py:188} INFO - [2024-05-15T03:32:38.903+0800] {dag.py:3954} INFO - Setting next_dagrun for example_sla_dag to 2024-05-14 19:30:00+00:00, run_after=2024-05-14 19:32:00+00:00
[2024-05-15T03:32:38.922+0800] {processor.py:183} INFO - Processing /home/jithish/Documents/dag-dag-dag/.venv/lib/python3.10/site-packages/airflow/example_dags/example_sla_dag.py took 0.134 seconds
[2024-05-15T03:33:27.160+0800] {processor.py:161} INFO - Started process (PID=87780) to work on /home/jithish/Documents/dag-dag-dag/.venv/lib/python3.10/site-packages/airflow/example_dags/example_sla_dag.py
[2024-05-15T03:33:27.161+0800] {processor.py:830} INFO - Processing file /home/jithish/Documents/dag-dag-dag/.venv/lib/python3.10/site-packages/airflow/example_dags/example_sla_dag.py for tasks to queue
[2024-05-15T03:33:27.162+0800] {logging_mixin.py:188} INFO - [2024-05-15T03:33:27.161+0800] {dagbag.py:545} INFO - Filling up the DagBag from /home/jithish/Documents/dag-dag-dag/.venv/lib/python3.10/site-packages/airflow/example_dags/example_sla_dag.py
[2024-05-15T03:33:27.168+0800] {processor.py:840} INFO - DAG(s) 'example_sla_dag' retrieved from /home/jithish/Documents/dag-dag-dag/.venv/lib/python3.10/site-packages/airflow/example_dags/example_sla_dag.py
[2024-05-15T03:33:27.179+0800] {logging_mixin.py:188} INFO - [2024-05-15T03:33:27.178+0800] {dag.py:3096} INFO - Sync 1 DAGs
[2024-05-15T03:33:27.195+0800] {logging_mixin.py:188} INFO - [2024-05-15T03:33:27.195+0800] {dag.py:3954} INFO - Setting next_dagrun for example_sla_dag to 2024-05-14 19:30:00+00:00, run_after=2024-05-14 19:32:00+00:00
[2024-05-15T03:33:27.210+0800] {processor.py:183} INFO - Processing /home/jithish/Documents/dag-dag-dag/.venv/lib/python3.10/site-packages/airflow/example_dags/example_sla_dag.py took 0.056 seconds
[2024-05-15T03:34:15.634+0800] {processor.py:161} INFO - Started process (PID=88211) to work on /home/jithish/Documents/dag-dag-dag/.venv/lib/python3.10/site-packages/airflow/example_dags/example_sla_dag.py
[2024-05-15T03:34:15.695+0800] {processor.py:830} INFO - Processing file /home/jithish/Documents/dag-dag-dag/.venv/lib/python3.10/site-packages/airflow/example_dags/example_sla_dag.py for tasks to queue
[2024-05-15T03:34:15.696+0800] {logging_mixin.py:188} INFO - [2024-05-15T03:34:15.696+0800] {dagbag.py:545} INFO - Filling up the DagBag from /home/jithish/Documents/dag-dag-dag/.venv/lib/python3.10/site-packages/airflow/example_dags/example_sla_dag.py
[2024-05-15T03:34:15.703+0800] {processor.py:840} INFO - DAG(s) 'example_sla_dag' retrieved from /home/jithish/Documents/dag-dag-dag/.venv/lib/python3.10/site-packages/airflow/example_dags/example_sla_dag.py
[2024-05-15T03:34:15.714+0800] {logging_mixin.py:188} INFO - [2024-05-15T03:34:15.714+0800] {dag.py:3096} INFO - Sync 1 DAGs
[2024-05-15T03:34:15.731+0800] {logging_mixin.py:188} INFO - [2024-05-15T03:34:15.730+0800] {dag.py:3954} INFO - Setting next_dagrun for example_sla_dag to 2024-05-14 19:32:00+00:00, run_after=2024-05-14 19:34:00+00:00
[2024-05-15T03:34:15.751+0800] {processor.py:183} INFO - Processing /home/jithish/Documents/dag-dag-dag/.venv/lib/python3.10/site-packages/airflow/example_dags/example_sla_dag.py took 0.121 seconds
[2024-05-15T03:35:25.963+0800] {processor.py:161} INFO - Started process (PID=88852) to work on /home/jithish/Documents/dag-dag-dag/.venv/lib/python3.10/site-packages/airflow/example_dags/example_sla_dag.py
[2024-05-15T03:35:26.028+0800] {processor.py:830} INFO - Processing file /home/jithish/Documents/dag-dag-dag/.venv/lib/python3.10/site-packages/airflow/example_dags/example_sla_dag.py for tasks to queue
[2024-05-15T03:35:26.030+0800] {logging_mixin.py:188} INFO - [2024-05-15T03:35:26.030+0800] {dagbag.py:545} INFO - Filling up the DagBag from /home/jithish/Documents/dag-dag-dag/.venv/lib/python3.10/site-packages/airflow/example_dags/example_sla_dag.py
[2024-05-15T03:35:26.037+0800] {processor.py:840} INFO - DAG(s) 'example_sla_dag' retrieved from /home/jithish/Documents/dag-dag-dag/.venv/lib/python3.10/site-packages/airflow/example_dags/example_sla_dag.py
[2024-05-15T03:35:26.049+0800] {logging_mixin.py:188} INFO - [2024-05-15T03:35:26.049+0800] {dag.py:3096} INFO - Sync 1 DAGs
[2024-05-15T03:35:26.070+0800] {logging_mixin.py:188} INFO - [2024-05-15T03:35:26.070+0800] {dag.py:3954} INFO - Setting next_dagrun for example_sla_dag to 2024-05-14 19:32:00+00:00, run_after=2024-05-14 19:34:00+00:00
[2024-05-15T03:35:26.087+0800] {processor.py:183} INFO - Processing /home/jithish/Documents/dag-dag-dag/.venv/lib/python3.10/site-packages/airflow/example_dags/example_sla_dag.py took 0.130 seconds
[2024-05-15T03:36:15.486+0800] {processor.py:161} INFO - Started process (PID=89280) to work on /home/jithish/Documents/dag-dag-dag/.venv/lib/python3.10/site-packages/airflow/example_dags/example_sla_dag.py
[2024-05-15T03:36:15.548+0800] {processor.py:830} INFO - Processing file /home/jithish/Documents/dag-dag-dag/.venv/lib/python3.10/site-packages/airflow/example_dags/example_sla_dag.py for tasks to queue
[2024-05-15T03:36:15.550+0800] {logging_mixin.py:188} INFO - [2024-05-15T03:36:15.549+0800] {dagbag.py:545} INFO - Filling up the DagBag from /home/jithish/Documents/dag-dag-dag/.venv/lib/python3.10/site-packages/airflow/example_dags/example_sla_dag.py
[2024-05-15T03:36:15.561+0800] {processor.py:840} INFO - DAG(s) 'example_sla_dag' retrieved from /home/jithish/Documents/dag-dag-dag/.venv/lib/python3.10/site-packages/airflow/example_dags/example_sla_dag.py
[2024-05-15T03:36:15.577+0800] {logging_mixin.py:188} INFO - [2024-05-15T03:36:15.577+0800] {dag.py:3096} INFO - Sync 1 DAGs
[2024-05-15T03:36:15.601+0800] {logging_mixin.py:188} INFO - [2024-05-15T03:36:15.601+0800] {dag.py:3954} INFO - Setting next_dagrun for example_sla_dag to 2024-05-14 19:34:00+00:00, run_after=2024-05-14 19:36:00+00:00
[2024-05-15T03:36:15.622+0800] {processor.py:183} INFO - Processing /home/jithish/Documents/dag-dag-dag/.venv/lib/python3.10/site-packages/airflow/example_dags/example_sla_dag.py took 0.140 seconds
[2024-05-15T03:37:03.738+0800] {processor.py:161} INFO - Started process (PID=89765) to work on /home/jithish/Documents/dag-dag-dag/.venv/lib/python3.10/site-packages/airflow/example_dags/example_sla_dag.py
[2024-05-15T03:37:03.799+0800] {processor.py:830} INFO - Processing file /home/jithish/Documents/dag-dag-dag/.venv/lib/python3.10/site-packages/airflow/example_dags/example_sla_dag.py for tasks to queue
[2024-05-15T03:37:03.800+0800] {logging_mixin.py:188} INFO - [2024-05-15T03:37:03.800+0800] {dagbag.py:545} INFO - Filling up the DagBag from /home/jithish/Documents/dag-dag-dag/.venv/lib/python3.10/site-packages/airflow/example_dags/example_sla_dag.py
[2024-05-15T03:37:03.808+0800] {processor.py:840} INFO - DAG(s) 'example_sla_dag' retrieved from /home/jithish/Documents/dag-dag-dag/.venv/lib/python3.10/site-packages/airflow/example_dags/example_sla_dag.py
[2024-05-15T03:37:03.819+0800] {logging_mixin.py:188} INFO - [2024-05-15T03:37:03.819+0800] {dag.py:3096} INFO - Sync 1 DAGs
[2024-05-15T03:37:03.836+0800] {logging_mixin.py:188} INFO - [2024-05-15T03:37:03.836+0800] {dag.py:3954} INFO - Setting next_dagrun for example_sla_dag to 2024-05-14 19:34:00+00:00, run_after=2024-05-14 19:36:00+00:00
[2024-05-15T03:37:03.856+0800] {processor.py:183} INFO - Processing /home/jithish/Documents/dag-dag-dag/.venv/lib/python3.10/site-packages/airflow/example_dags/example_sla_dag.py took 0.129 seconds
[2024-05-15T03:37:54.448+0800] {processor.py:161} INFO - Started process (PID=90237) to work on /home/jithish/Documents/dag-dag-dag/.venv/lib/python3.10/site-packages/airflow/example_dags/example_sla_dag.py
[2024-05-15T03:37:54.509+0800] {processor.py:830} INFO - Processing file /home/jithish/Documents/dag-dag-dag/.venv/lib/python3.10/site-packages/airflow/example_dags/example_sla_dag.py for tasks to queue
[2024-05-15T03:37:54.511+0800] {logging_mixin.py:188} INFO - [2024-05-15T03:37:54.510+0800] {dagbag.py:545} INFO - Filling up the DagBag from /home/jithish/Documents/dag-dag-dag/.venv/lib/python3.10/site-packages/airflow/example_dags/example_sla_dag.py
[2024-05-15T03:37:54.517+0800] {processor.py:840} INFO - DAG(s) 'example_sla_dag' retrieved from /home/jithish/Documents/dag-dag-dag/.venv/lib/python3.10/site-packages/airflow/example_dags/example_sla_dag.py
[2024-05-15T03:37:54.528+0800] {logging_mixin.py:188} INFO - [2024-05-15T03:37:54.528+0800] {dag.py:3096} INFO - Sync 1 DAGs
[2024-05-15T03:37:54.543+0800] {logging_mixin.py:188} INFO - [2024-05-15T03:37:54.543+0800] {dag.py:3954} INFO - Setting next_dagrun for example_sla_dag to 2024-05-14 19:34:00+00:00, run_after=2024-05-14 19:36:00+00:00
[2024-05-15T03:37:54.563+0800] {processor.py:183} INFO - Processing /home/jithish/Documents/dag-dag-dag/.venv/lib/python3.10/site-packages/airflow/example_dags/example_sla_dag.py took 0.119 seconds
[2024-05-15T03:38:44.805+0800] {processor.py:161} INFO - Started process (PID=90787) to work on /home/jithish/Documents/dag-dag-dag/.venv/lib/python3.10/site-packages/airflow/example_dags/example_sla_dag.py
[2024-05-15T03:38:44.806+0800] {processor.py:830} INFO - Processing file /home/jithish/Documents/dag-dag-dag/.venv/lib/python3.10/site-packages/airflow/example_dags/example_sla_dag.py for tasks to queue
[2024-05-15T03:38:44.809+0800] {logging_mixin.py:188} INFO - [2024-05-15T03:38:44.808+0800] {dagbag.py:545} INFO - Filling up the DagBag from /home/jithish/Documents/dag-dag-dag/.venv/lib/python3.10/site-packages/airflow/example_dags/example_sla_dag.py
[2024-05-15T03:38:44.815+0800] {processor.py:840} INFO - DAG(s) 'example_sla_dag' retrieved from /home/jithish/Documents/dag-dag-dag/.venv/lib/python3.10/site-packages/airflow/example_dags/example_sla_dag.py
[2024-05-15T03:38:44.830+0800] {logging_mixin.py:188} INFO - [2024-05-15T03:38:44.830+0800] {dag.py:3096} INFO - Sync 1 DAGs
[2024-05-15T03:38:44.851+0800] {logging_mixin.py:188} INFO - [2024-05-15T03:38:44.850+0800] {dag.py:3954} INFO - Setting next_dagrun for example_sla_dag to 2024-05-14 19:36:00+00:00, run_after=2024-05-14 19:38:00+00:00
[2024-05-15T03:38:44.869+0800] {processor.py:183} INFO - Processing /home/jithish/Documents/dag-dag-dag/.venv/lib/python3.10/site-packages/airflow/example_dags/example_sla_dag.py took 0.073 seconds
[2024-05-15T03:39:48.351+0800] {processor.py:161} INFO - Started process (PID=91839) to work on /home/jithish/Documents/dag-dag-dag/.venv/lib/python3.10/site-packages/airflow/example_dags/example_sla_dag.py
[2024-05-15T03:39:48.387+0800] {processor.py:830} INFO - Processing file /home/jithish/Documents/dag-dag-dag/.venv/lib/python3.10/site-packages/airflow/example_dags/example_sla_dag.py for tasks to queue
[2024-05-15T03:39:48.389+0800] {logging_mixin.py:188} INFO - [2024-05-15T03:39:48.389+0800] {dagbag.py:545} INFO - Filling up the DagBag from /home/jithish/Documents/dag-dag-dag/.venv/lib/python3.10/site-packages/airflow/example_dags/example_sla_dag.py
[2024-05-15T03:39:48.396+0800] {processor.py:840} INFO - DAG(s) 'example_sla_dag' retrieved from /home/jithish/Documents/dag-dag-dag/.venv/lib/python3.10/site-packages/airflow/example_dags/example_sla_dag.py
[2024-05-15T03:39:48.410+0800] {logging_mixin.py:188} INFO - [2024-05-15T03:39:48.410+0800] {dag.py:3096} INFO - Sync 1 DAGs
[2024-05-15T03:39:48.427+0800] {logging_mixin.py:188} INFO - [2024-05-15T03:39:48.427+0800] {dag.py:3954} INFO - Setting next_dagrun for example_sla_dag to 2024-05-14 19:36:00+00:00, run_after=2024-05-14 19:38:00+00:00
[2024-05-15T03:39:48.453+0800] {processor.py:183} INFO - Processing /home/jithish/Documents/dag-dag-dag/.venv/lib/python3.10/site-packages/airflow/example_dags/example_sla_dag.py took 0.109 seconds
[2024-05-15T03:40:46.867+0800] {processor.py:161} INFO - Started process (PID=93382) to work on /home/jithish/Documents/dag-dag-dag/.venv/lib/python3.10/site-packages/airflow/example_dags/example_sla_dag.py
[2024-05-15T03:40:46.928+0800] {processor.py:830} INFO - Processing file /home/jithish/Documents/dag-dag-dag/.venv/lib/python3.10/site-packages/airflow/example_dags/example_sla_dag.py for tasks to queue
[2024-05-15T03:40:46.932+0800] {logging_mixin.py:188} INFO - [2024-05-15T03:40:46.931+0800] {dagbag.py:545} INFO - Filling up the DagBag from /home/jithish/Documents/dag-dag-dag/.venv/lib/python3.10/site-packages/airflow/example_dags/example_sla_dag.py
[2024-05-15T03:40:46.945+0800] {processor.py:840} INFO - DAG(s) 'example_sla_dag' retrieved from /home/jithish/Documents/dag-dag-dag/.venv/lib/python3.10/site-packages/airflow/example_dags/example_sla_dag.py
[2024-05-15T03:40:46.959+0800] {logging_mixin.py:188} INFO - [2024-05-15T03:40:46.959+0800] {dag.py:3096} INFO - Sync 1 DAGs
[2024-05-15T03:40:46.975+0800] {logging_mixin.py:188} INFO - [2024-05-15T03:40:46.975+0800] {dag.py:3954} INFO - Setting next_dagrun for example_sla_dag to 2024-05-14 19:38:00+00:00, run_after=2024-05-14 19:40:00+00:00
[2024-05-15T03:40:46.998+0800] {processor.py:183} INFO - Processing /home/jithish/Documents/dag-dag-dag/.venv/lib/python3.10/site-packages/airflow/example_dags/example_sla_dag.py took 0.142 seconds
[2024-05-15T03:41:43.574+0800] {processor.py:161} INFO - Started process (PID=94192) to work on /home/jithish/Documents/dag-dag-dag/.venv/lib/python3.10/site-packages/airflow/example_dags/example_sla_dag.py
[2024-05-15T03:41:43.636+0800] {processor.py:830} INFO - Processing file /home/jithish/Documents/dag-dag-dag/.venv/lib/python3.10/site-packages/airflow/example_dags/example_sla_dag.py for tasks to queue
[2024-05-15T03:41:43.641+0800] {logging_mixin.py:188} INFO - [2024-05-15T03:41:43.640+0800] {dagbag.py:545} INFO - Filling up the DagBag from /home/jithish/Documents/dag-dag-dag/.venv/lib/python3.10/site-packages/airflow/example_dags/example_sla_dag.py
[2024-05-15T03:41:43.668+0800] {processor.py:840} INFO - DAG(s) 'example_sla_dag' retrieved from /home/jithish/Documents/dag-dag-dag/.venv/lib/python3.10/site-packages/airflow/example_dags/example_sla_dag.py
[2024-05-15T03:41:43.687+0800] {logging_mixin.py:188} INFO - [2024-05-15T03:41:43.687+0800] {dag.py:3096} INFO - Sync 1 DAGs
[2024-05-15T03:41:43.706+0800] {logging_mixin.py:188} INFO - [2024-05-15T03:41:43.706+0800] {dag.py:3954} INFO - Setting next_dagrun for example_sla_dag to 2024-05-14 19:38:00+00:00, run_after=2024-05-14 19:40:00+00:00
[2024-05-15T03:41:43.726+0800] {processor.py:183} INFO - Processing /home/jithish/Documents/dag-dag-dag/.venv/lib/python3.10/site-packages/airflow/example_dags/example_sla_dag.py took 0.158 seconds
[2024-05-15T03:42:37.162+0800] {processor.py:161} INFO - Started process (PID=94934) to work on /home/jithish/Documents/dag-dag-dag/.venv/lib/python3.10/site-packages/airflow/example_dags/example_sla_dag.py
[2024-05-15T03:42:37.226+0800] {processor.py:830} INFO - Processing file /home/jithish/Documents/dag-dag-dag/.venv/lib/python3.10/site-packages/airflow/example_dags/example_sla_dag.py for tasks to queue
[2024-05-15T03:42:37.228+0800] {logging_mixin.py:188} INFO - [2024-05-15T03:42:37.227+0800] {dagbag.py:545} INFO - Filling up the DagBag from /home/jithish/Documents/dag-dag-dag/.venv/lib/python3.10/site-packages/airflow/example_dags/example_sla_dag.py
[2024-05-15T03:42:37.236+0800] {processor.py:840} INFO - DAG(s) 'example_sla_dag' retrieved from /home/jithish/Documents/dag-dag-dag/.venv/lib/python3.10/site-packages/airflow/example_dags/example_sla_dag.py
[2024-05-15T03:42:37.249+0800] {logging_mixin.py:188} INFO - [2024-05-15T03:42:37.249+0800] {dag.py:3096} INFO - Sync 1 DAGs
[2024-05-15T03:42:37.266+0800] {logging_mixin.py:188} INFO - [2024-05-15T03:42:37.266+0800] {dag.py:3954} INFO - Setting next_dagrun for example_sla_dag to 2024-05-14 19:40:00+00:00, run_after=2024-05-14 19:42:00+00:00
[2024-05-15T03:42:37.284+0800] {processor.py:183} INFO - Processing /home/jithish/Documents/dag-dag-dag/.venv/lib/python3.10/site-packages/airflow/example_dags/example_sla_dag.py took 0.128 seconds
[2024-05-15T03:43:29.156+0800] {processor.py:161} INFO - Started process (PID=95672) to work on /home/jithish/Documents/dag-dag-dag/.venv/lib/python3.10/site-packages/airflow/example_dags/example_sla_dag.py
[2024-05-15T03:43:29.220+0800] {processor.py:830} INFO - Processing file /home/jithish/Documents/dag-dag-dag/.venv/lib/python3.10/site-packages/airflow/example_dags/example_sla_dag.py for tasks to queue
[2024-05-15T03:43:29.225+0800] {logging_mixin.py:188} INFO - [2024-05-15T03:43:29.224+0800] {dagbag.py:545} INFO - Filling up the DagBag from /home/jithish/Documents/dag-dag-dag/.venv/lib/python3.10/site-packages/airflow/example_dags/example_sla_dag.py
[2024-05-15T03:43:29.240+0800] {processor.py:840} INFO - DAG(s) 'example_sla_dag' retrieved from /home/jithish/Documents/dag-dag-dag/.venv/lib/python3.10/site-packages/airflow/example_dags/example_sla_dag.py
[2024-05-15T03:43:29.255+0800] {logging_mixin.py:188} INFO - [2024-05-15T03:43:29.255+0800] {dag.py:3096} INFO - Sync 1 DAGs
[2024-05-15T03:43:29.276+0800] {logging_mixin.py:188} INFO - [2024-05-15T03:43:29.276+0800] {dag.py:3954} INFO - Setting next_dagrun for example_sla_dag to 2024-05-14 19:40:00+00:00, run_after=2024-05-14 19:42:00+00:00
[2024-05-15T03:43:29.295+0800] {processor.py:183} INFO - Processing /home/jithish/Documents/dag-dag-dag/.venv/lib/python3.10/site-packages/airflow/example_dags/example_sla_dag.py took 0.147 seconds
[2024-05-15T03:44:25.499+0800] {processor.py:161} INFO - Started process (PID=96569) to work on /home/jithish/Documents/dag-dag-dag/.venv/lib/python3.10/site-packages/airflow/example_dags/example_sla_dag.py
[2024-05-15T03:44:25.560+0800] {processor.py:830} INFO - Processing file /home/jithish/Documents/dag-dag-dag/.venv/lib/python3.10/site-packages/airflow/example_dags/example_sla_dag.py for tasks to queue
[2024-05-15T03:44:25.562+0800] {logging_mixin.py:188} INFO - [2024-05-15T03:44:25.562+0800] {dagbag.py:545} INFO - Filling up the DagBag from /home/jithish/Documents/dag-dag-dag/.venv/lib/python3.10/site-packages/airflow/example_dags/example_sla_dag.py
[2024-05-15T03:44:25.571+0800] {processor.py:840} INFO - DAG(s) 'example_sla_dag' retrieved from /home/jithish/Documents/dag-dag-dag/.venv/lib/python3.10/site-packages/airflow/example_dags/example_sla_dag.py
[2024-05-15T03:44:25.587+0800] {logging_mixin.py:188} INFO - [2024-05-15T03:44:25.587+0800] {dag.py:3096} INFO - Sync 1 DAGs
[2024-05-15T03:44:25.607+0800] {logging_mixin.py:188} INFO - [2024-05-15T03:44:25.607+0800] {dag.py:3954} INFO - Setting next_dagrun for example_sla_dag to 2024-05-14 19:42:00+00:00, run_after=2024-05-14 19:44:00+00:00
[2024-05-15T03:44:25.626+0800] {processor.py:183} INFO - Processing /home/jithish/Documents/dag-dag-dag/.venv/lib/python3.10/site-packages/airflow/example_dags/example_sla_dag.py took 0.131 seconds
[2024-05-15T03:45:23.634+0800] {processor.py:161} INFO - Started process (PID=97132) to work on /home/jithish/Documents/dag-dag-dag/.venv/lib/python3.10/site-packages/airflow/example_dags/example_sla_dag.py
[2024-05-15T03:45:23.696+0800] {processor.py:830} INFO - Processing file /home/jithish/Documents/dag-dag-dag/.venv/lib/python3.10/site-packages/airflow/example_dags/example_sla_dag.py for tasks to queue
[2024-05-15T03:45:23.698+0800] {logging_mixin.py:188} INFO - [2024-05-15T03:45:23.698+0800] {dagbag.py:545} INFO - Filling up the DagBag from /home/jithish/Documents/dag-dag-dag/.venv/lib/python3.10/site-packages/airflow/example_dags/example_sla_dag.py
[2024-05-15T03:45:23.711+0800] {processor.py:840} INFO - DAG(s) 'example_sla_dag' retrieved from /home/jithish/Documents/dag-dag-dag/.venv/lib/python3.10/site-packages/airflow/example_dags/example_sla_dag.py
[2024-05-15T03:45:23.725+0800] {logging_mixin.py:188} INFO - [2024-05-15T03:45:23.725+0800] {dag.py:3096} INFO - Sync 1 DAGs
[2024-05-15T03:45:23.742+0800] {logging_mixin.py:188} INFO - [2024-05-15T03:45:23.742+0800] {dag.py:3954} INFO - Setting next_dagrun for example_sla_dag to 2024-05-14 19:42:00+00:00, run_after=2024-05-14 19:44:00+00:00
[2024-05-15T03:45:23.761+0800] {processor.py:183} INFO - Processing /home/jithish/Documents/dag-dag-dag/.venv/lib/python3.10/site-packages/airflow/example_dags/example_sla_dag.py took 0.134 seconds
[2024-05-15T03:46:24.506+0800] {processor.py:161} INFO - Started process (PID=98114) to work on /home/jithish/Documents/dag-dag-dag/.venv/lib/python3.10/site-packages/airflow/example_dags/example_sla_dag.py
[2024-05-15T03:46:24.568+0800] {processor.py:830} INFO - Processing file /home/jithish/Documents/dag-dag-dag/.venv/lib/python3.10/site-packages/airflow/example_dags/example_sla_dag.py for tasks to queue
[2024-05-15T03:46:24.573+0800] {logging_mixin.py:188} INFO - [2024-05-15T03:46:24.571+0800] {dagbag.py:545} INFO - Filling up the DagBag from /home/jithish/Documents/dag-dag-dag/.venv/lib/python3.10/site-packages/airflow/example_dags/example_sla_dag.py
[2024-05-15T03:46:24.594+0800] {processor.py:840} INFO - DAG(s) 'example_sla_dag' retrieved from /home/jithish/Documents/dag-dag-dag/.venv/lib/python3.10/site-packages/airflow/example_dags/example_sla_dag.py
[2024-05-15T03:46:24.616+0800] {logging_mixin.py:188} INFO - [2024-05-15T03:46:24.616+0800] {dag.py:3096} INFO - Sync 1 DAGs
[2024-05-15T03:46:24.635+0800] {logging_mixin.py:188} INFO - [2024-05-15T03:46:24.634+0800] {dag.py:3954} INFO - Setting next_dagrun for example_sla_dag to 2024-05-14 19:44:00+00:00, run_after=2024-05-14 19:46:00+00:00
[2024-05-15T03:46:24.664+0800] {processor.py:183} INFO - Processing /home/jithish/Documents/dag-dag-dag/.venv/lib/python3.10/site-packages/airflow/example_dags/example_sla_dag.py took 0.175 seconds
[2024-05-15T03:47:25.145+0800] {processor.py:161} INFO - Started process (PID=98951) to work on /home/jithish/Documents/dag-dag-dag/.venv/lib/python3.10/site-packages/airflow/example_dags/example_sla_dag.py
[2024-05-15T03:47:25.146+0800] {processor.py:830} INFO - Processing file /home/jithish/Documents/dag-dag-dag/.venv/lib/python3.10/site-packages/airflow/example_dags/example_sla_dag.py for tasks to queue
[2024-05-15T03:47:25.148+0800] {logging_mixin.py:188} INFO - [2024-05-15T03:47:25.148+0800] {dagbag.py:545} INFO - Filling up the DagBag from /home/jithish/Documents/dag-dag-dag/.venv/lib/python3.10/site-packages/airflow/example_dags/example_sla_dag.py
[2024-05-15T03:47:25.154+0800] {processor.py:840} INFO - DAG(s) 'example_sla_dag' retrieved from /home/jithish/Documents/dag-dag-dag/.venv/lib/python3.10/site-packages/airflow/example_dags/example_sla_dag.py
[2024-05-15T03:47:25.168+0800] {logging_mixin.py:188} INFO - [2024-05-15T03:47:25.168+0800] {dag.py:3096} INFO - Sync 1 DAGs
[2024-05-15T03:47:25.185+0800] {logging_mixin.py:188} INFO - [2024-05-15T03:47:25.185+0800] {dag.py:3954} INFO - Setting next_dagrun for example_sla_dag to 2024-05-14 19:44:00+00:00, run_after=2024-05-14 19:46:00+00:00
[2024-05-15T03:47:25.208+0800] {processor.py:183} INFO - Processing /home/jithish/Documents/dag-dag-dag/.venv/lib/python3.10/site-packages/airflow/example_dags/example_sla_dag.py took 0.068 seconds
[2024-05-15T03:48:16.656+0800] {processor.py:161} INFO - Started process (PID=99653) to work on /home/jithish/Documents/dag-dag-dag/.venv/lib/python3.10/site-packages/airflow/example_dags/example_sla_dag.py
[2024-05-15T03:48:16.658+0800] {processor.py:830} INFO - Processing file /home/jithish/Documents/dag-dag-dag/.venv/lib/python3.10/site-packages/airflow/example_dags/example_sla_dag.py for tasks to queue
[2024-05-15T03:48:16.661+0800] {logging_mixin.py:188} INFO - [2024-05-15T03:48:16.661+0800] {dagbag.py:545} INFO - Filling up the DagBag from /home/jithish/Documents/dag-dag-dag/.venv/lib/python3.10/site-packages/airflow/example_dags/example_sla_dag.py
[2024-05-15T03:48:16.676+0800] {processor.py:840} INFO - DAG(s) 'example_sla_dag' retrieved from /home/jithish/Documents/dag-dag-dag/.venv/lib/python3.10/site-packages/airflow/example_dags/example_sla_dag.py
[2024-05-15T03:48:16.692+0800] {logging_mixin.py:188} INFO - [2024-05-15T03:48:16.691+0800] {dag.py:3096} INFO - Sync 1 DAGs
[2024-05-15T03:48:16.710+0800] {logging_mixin.py:188} INFO - [2024-05-15T03:48:16.710+0800] {dag.py:3954} INFO - Setting next_dagrun for example_sla_dag to 2024-05-14 19:46:00+00:00, run_after=2024-05-14 19:48:00+00:00
[2024-05-15T03:48:16.728+0800] {processor.py:183} INFO - Processing /home/jithish/Documents/dag-dag-dag/.venv/lib/python3.10/site-packages/airflow/example_dags/example_sla_dag.py took 0.085 seconds
[2024-05-15T03:49:09.394+0800] {processor.py:161} INFO - Started process (PID=100458) to work on /home/jithish/Documents/dag-dag-dag/.venv/lib/python3.10/site-packages/airflow/example_dags/example_sla_dag.py
[2024-05-15T03:49:09.456+0800] {processor.py:830} INFO - Processing file /home/jithish/Documents/dag-dag-dag/.venv/lib/python3.10/site-packages/airflow/example_dags/example_sla_dag.py for tasks to queue
[2024-05-15T03:49:09.461+0800] {logging_mixin.py:188} INFO - [2024-05-15T03:49:09.460+0800] {dagbag.py:545} INFO - Filling up the DagBag from /home/jithish/Documents/dag-dag-dag/.venv/lib/python3.10/site-packages/airflow/example_dags/example_sla_dag.py
[2024-05-15T03:49:09.486+0800] {processor.py:840} INFO - DAG(s) 'example_sla_dag' retrieved from /home/jithish/Documents/dag-dag-dag/.venv/lib/python3.10/site-packages/airflow/example_dags/example_sla_dag.py
[2024-05-15T03:49:09.504+0800] {logging_mixin.py:188} INFO - [2024-05-15T03:49:09.504+0800] {dag.py:3096} INFO - Sync 1 DAGs
[2024-05-15T03:49:09.522+0800] {logging_mixin.py:188} INFO - [2024-05-15T03:49:09.522+0800] {dag.py:3954} INFO - Setting next_dagrun for example_sla_dag to 2024-05-14 19:46:00+00:00, run_after=2024-05-14 19:48:00+00:00
[2024-05-15T03:49:09.542+0800] {processor.py:183} INFO - Processing /home/jithish/Documents/dag-dag-dag/.venv/lib/python3.10/site-packages/airflow/example_dags/example_sla_dag.py took 0.151 seconds
[2024-05-15T03:50:07.034+0800] {processor.py:161} INFO - Started process (PID=101250) to work on /home/jithish/Documents/dag-dag-dag/.venv/lib/python3.10/site-packages/airflow/example_dags/example_sla_dag.py
[2024-05-15T03:50:07.096+0800] {processor.py:830} INFO - Processing file /home/jithish/Documents/dag-dag-dag/.venv/lib/python3.10/site-packages/airflow/example_dags/example_sla_dag.py for tasks to queue
[2024-05-15T03:50:07.101+0800] {logging_mixin.py:188} INFO - [2024-05-15T03:50:07.100+0800] {dagbag.py:545} INFO - Filling up the DagBag from /home/jithish/Documents/dag-dag-dag/.venv/lib/python3.10/site-packages/airflow/example_dags/example_sla_dag.py
[2024-05-15T03:50:07.124+0800] {processor.py:840} INFO - DAG(s) 'example_sla_dag' retrieved from /home/jithish/Documents/dag-dag-dag/.venv/lib/python3.10/site-packages/airflow/example_dags/example_sla_dag.py
[2024-05-15T03:50:07.141+0800] {logging_mixin.py:188} INFO - [2024-05-15T03:50:07.141+0800] {dag.py:3096} INFO - Sync 1 DAGs
[2024-05-15T03:50:07.161+0800] {logging_mixin.py:188} INFO - [2024-05-15T03:50:07.161+0800] {dag.py:3954} INFO - Setting next_dagrun for example_sla_dag to 2024-05-14 19:48:00+00:00, run_after=2024-05-14 19:50:00+00:00
[2024-05-15T03:50:07.191+0800] {processor.py:183} INFO - Processing /home/jithish/Documents/dag-dag-dag/.venv/lib/python3.10/site-packages/airflow/example_dags/example_sla_dag.py took 0.167 seconds
[2024-05-15T03:51:02.356+0800] {processor.py:161} INFO - Started process (PID=102064) to work on /home/jithish/Documents/dag-dag-dag/.venv/lib/python3.10/site-packages/airflow/example_dags/example_sla_dag.py
[2024-05-15T03:51:02.417+0800] {processor.py:830} INFO - Processing file /home/jithish/Documents/dag-dag-dag/.venv/lib/python3.10/site-packages/airflow/example_dags/example_sla_dag.py for tasks to queue
[2024-05-15T03:51:02.424+0800] {logging_mixin.py:188} INFO - [2024-05-15T03:51:02.422+0800] {dagbag.py:545} INFO - Filling up the DagBag from /home/jithish/Documents/dag-dag-dag/.venv/lib/python3.10/site-packages/airflow/example_dags/example_sla_dag.py
[2024-05-15T03:51:02.447+0800] {processor.py:840} INFO - DAG(s) 'example_sla_dag' retrieved from /home/jithish/Documents/dag-dag-dag/.venv/lib/python3.10/site-packages/airflow/example_dags/example_sla_dag.py
[2024-05-15T03:51:02.466+0800] {logging_mixin.py:188} INFO - [2024-05-15T03:51:02.466+0800] {dag.py:3096} INFO - Sync 1 DAGs
[2024-05-15T03:51:02.491+0800] {logging_mixin.py:188} INFO - [2024-05-15T03:51:02.491+0800] {dag.py:3954} INFO - Setting next_dagrun for example_sla_dag to 2024-05-14 19:48:00+00:00, run_after=2024-05-14 19:50:00+00:00
[2024-05-15T03:51:02.515+0800] {processor.py:183} INFO - Processing /home/jithish/Documents/dag-dag-dag/.venv/lib/python3.10/site-packages/airflow/example_dags/example_sla_dag.py took 0.169 seconds
[2024-05-15T03:51:57.472+0800] {processor.py:161} INFO - Started process (PID=102680) to work on /home/jithish/Documents/dag-dag-dag/.venv/lib/python3.10/site-packages/airflow/example_dags/example_sla_dag.py
[2024-05-15T03:51:57.473+0800] {processor.py:830} INFO - Processing file /home/jithish/Documents/dag-dag-dag/.venv/lib/python3.10/site-packages/airflow/example_dags/example_sla_dag.py for tasks to queue
[2024-05-15T03:51:57.474+0800] {logging_mixin.py:188} INFO - [2024-05-15T03:51:57.474+0800] {dagbag.py:545} INFO - Filling up the DagBag from /home/jithish/Documents/dag-dag-dag/.venv/lib/python3.10/site-packages/airflow/example_dags/example_sla_dag.py
[2024-05-15T03:51:57.481+0800] {processor.py:840} INFO - DAG(s) 'example_sla_dag' retrieved from /home/jithish/Documents/dag-dag-dag/.venv/lib/python3.10/site-packages/airflow/example_dags/example_sla_dag.py
[2024-05-15T03:51:57.492+0800] {logging_mixin.py:188} INFO - [2024-05-15T03:51:57.492+0800] {dag.py:3096} INFO - Sync 1 DAGs
[2024-05-15T03:51:57.506+0800] {logging_mixin.py:188} INFO - [2024-05-15T03:51:57.506+0800] {dag.py:3954} INFO - Setting next_dagrun for example_sla_dag to 2024-05-14 19:48:00+00:00, run_after=2024-05-14 19:50:00+00:00
[2024-05-15T03:51:57.519+0800] {processor.py:183} INFO - Processing /home/jithish/Documents/dag-dag-dag/.venv/lib/python3.10/site-packages/airflow/example_dags/example_sla_dag.py took 0.051 seconds
[2024-05-15T03:52:44.871+0800] {processor.py:161} INFO - Started process (PID=103110) to work on /home/jithish/Documents/dag-dag-dag/.venv/lib/python3.10/site-packages/airflow/example_dags/example_sla_dag.py
[2024-05-15T03:52:44.932+0800] {processor.py:830} INFO - Processing file /home/jithish/Documents/dag-dag-dag/.venv/lib/python3.10/site-packages/airflow/example_dags/example_sla_dag.py for tasks to queue
[2024-05-15T03:52:44.938+0800] {logging_mixin.py:188} INFO - [2024-05-15T03:52:44.937+0800] {dagbag.py:545} INFO - Filling up the DagBag from /home/jithish/Documents/dag-dag-dag/.venv/lib/python3.10/site-packages/airflow/example_dags/example_sla_dag.py
[2024-05-15T03:52:44.961+0800] {processor.py:840} INFO - DAG(s) 'example_sla_dag' retrieved from /home/jithish/Documents/dag-dag-dag/.venv/lib/python3.10/site-packages/airflow/example_dags/example_sla_dag.py
[2024-05-15T03:52:44.980+0800] {logging_mixin.py:188} INFO - [2024-05-15T03:52:44.980+0800] {dag.py:3096} INFO - Sync 1 DAGs
[2024-05-15T03:52:45.003+0800] {logging_mixin.py:188} INFO - [2024-05-15T03:52:45.003+0800] {dag.py:3954} INFO - Setting next_dagrun for example_sla_dag to 2024-05-14 19:50:00+00:00, run_after=2024-05-14 19:52:00+00:00
[2024-05-15T03:52:45.026+0800] {processor.py:183} INFO - Processing /home/jithish/Documents/dag-dag-dag/.venv/lib/python3.10/site-packages/airflow/example_dags/example_sla_dag.py took 0.162 seconds
[2024-05-15T03:53:38.038+0800] {processor.py:161} INFO - Started process (PID=103817) to work on /home/jithish/Documents/dag-dag-dag/.venv/lib/python3.10/site-packages/airflow/example_dags/example_sla_dag.py
[2024-05-15T03:53:38.041+0800] {processor.py:830} INFO - Processing file /home/jithish/Documents/dag-dag-dag/.venv/lib/python3.10/site-packages/airflow/example_dags/example_sla_dag.py for tasks to queue
[2024-05-15T03:53:38.043+0800] {logging_mixin.py:188} INFO - [2024-05-15T03:53:38.042+0800] {dagbag.py:545} INFO - Filling up the DagBag from /home/jithish/Documents/dag-dag-dag/.venv/lib/python3.10/site-packages/airflow/example_dags/example_sla_dag.py
[2024-05-15T03:53:38.050+0800] {processor.py:840} INFO - DAG(s) 'example_sla_dag' retrieved from /home/jithish/Documents/dag-dag-dag/.venv/lib/python3.10/site-packages/airflow/example_dags/example_sla_dag.py
[2024-05-15T03:53:38.066+0800] {logging_mixin.py:188} INFO - [2024-05-15T03:53:38.065+0800] {dag.py:3096} INFO - Sync 1 DAGs
[2024-05-15T03:53:38.084+0800] {logging_mixin.py:188} INFO - [2024-05-15T03:53:38.084+0800] {dag.py:3954} INFO - Setting next_dagrun for example_sla_dag to 2024-05-14 19:50:00+00:00, run_after=2024-05-14 19:52:00+00:00
[2024-05-15T03:53:38.108+0800] {processor.py:183} INFO - Processing /home/jithish/Documents/dag-dag-dag/.venv/lib/python3.10/site-packages/airflow/example_dags/example_sla_dag.py took 0.079 seconds
[2024-05-15T03:54:35.582+0800] {processor.py:161} INFO - Started process (PID=104583) to work on /home/jithish/Documents/dag-dag-dag/.venv/lib/python3.10/site-packages/airflow/example_dags/example_sla_dag.py
[2024-05-15T03:54:35.644+0800] {processor.py:830} INFO - Processing file /home/jithish/Documents/dag-dag-dag/.venv/lib/python3.10/site-packages/airflow/example_dags/example_sla_dag.py for tasks to queue
[2024-05-15T03:54:35.650+0800] {logging_mixin.py:188} INFO - [2024-05-15T03:54:35.648+0800] {dagbag.py:545} INFO - Filling up the DagBag from /home/jithish/Documents/dag-dag-dag/.venv/lib/python3.10/site-packages/airflow/example_dags/example_sla_dag.py
[2024-05-15T03:54:35.676+0800] {processor.py:840} INFO - DAG(s) 'example_sla_dag' retrieved from /home/jithish/Documents/dag-dag-dag/.venv/lib/python3.10/site-packages/airflow/example_dags/example_sla_dag.py
[2024-05-15T03:54:35.696+0800] {logging_mixin.py:188} INFO - [2024-05-15T03:54:35.695+0800] {dag.py:3096} INFO - Sync 1 DAGs
[2024-05-15T03:54:35.718+0800] {logging_mixin.py:188} INFO - [2024-05-15T03:54:35.717+0800] {dag.py:3954} INFO - Setting next_dagrun for example_sla_dag to 2024-05-14 19:52:00+00:00, run_after=2024-05-14 19:54:00+00:00
[2024-05-15T03:54:35.742+0800] {processor.py:183} INFO - Processing /home/jithish/Documents/dag-dag-dag/.venv/lib/python3.10/site-packages/airflow/example_dags/example_sla_dag.py took 0.164 seconds
[2024-05-15T03:55:31.130+0800] {processor.py:161} INFO - Started process (PID=105267) to work on /home/jithish/Documents/dag-dag-dag/.venv/lib/python3.10/site-packages/airflow/example_dags/example_sla_dag.py
[2024-05-15T03:55:31.192+0800] {processor.py:830} INFO - Processing file /home/jithish/Documents/dag-dag-dag/.venv/lib/python3.10/site-packages/airflow/example_dags/example_sla_dag.py for tasks to queue
[2024-05-15T03:55:31.196+0800] {logging_mixin.py:188} INFO - [2024-05-15T03:55:31.195+0800] {dagbag.py:545} INFO - Filling up the DagBag from /home/jithish/Documents/dag-dag-dag/.venv/lib/python3.10/site-packages/airflow/example_dags/example_sla_dag.py
[2024-05-15T03:55:31.208+0800] {processor.py:840} INFO - DAG(s) 'example_sla_dag' retrieved from /home/jithish/Documents/dag-dag-dag/.venv/lib/python3.10/site-packages/airflow/example_dags/example_sla_dag.py
[2024-05-15T03:55:31.222+0800] {logging_mixin.py:188} INFO - [2024-05-15T03:55:31.222+0800] {dag.py:3096} INFO - Sync 1 DAGs
[2024-05-15T03:55:31.237+0800] {logging_mixin.py:188} INFO - [2024-05-15T03:55:31.237+0800] {dag.py:3954} INFO - Setting next_dagrun for example_sla_dag to 2024-05-14 19:52:00+00:00, run_after=2024-05-14 19:54:00+00:00
[2024-05-15T03:55:31.264+0800] {processor.py:183} INFO - Processing /home/jithish/Documents/dag-dag-dag/.venv/lib/python3.10/site-packages/airflow/example_dags/example_sla_dag.py took 0.152 seconds
[2024-05-15T03:56:22.113+0800] {processor.py:161} INFO - Started process (PID=105760) to work on /home/jithish/Documents/dag-dag-dag/.venv/lib/python3.10/site-packages/airflow/example_dags/example_sla_dag.py
[2024-05-15T03:56:22.174+0800] {processor.py:830} INFO - Processing file /home/jithish/Documents/dag-dag-dag/.venv/lib/python3.10/site-packages/airflow/example_dags/example_sla_dag.py for tasks to queue
[2024-05-15T03:56:22.179+0800] {logging_mixin.py:188} INFO - [2024-05-15T03:56:22.178+0800] {dagbag.py:545} INFO - Filling up the DagBag from /home/jithish/Documents/dag-dag-dag/.venv/lib/python3.10/site-packages/airflow/example_dags/example_sla_dag.py
[2024-05-15T03:56:22.203+0800] {processor.py:840} INFO - DAG(s) 'example_sla_dag' retrieved from /home/jithish/Documents/dag-dag-dag/.venv/lib/python3.10/site-packages/airflow/example_dags/example_sla_dag.py
[2024-05-15T03:56:22.225+0800] {logging_mixin.py:188} INFO - [2024-05-15T03:56:22.225+0800] {dag.py:3096} INFO - Sync 1 DAGs
[2024-05-15T03:56:22.243+0800] {logging_mixin.py:188} INFO - [2024-05-15T03:56:22.243+0800] {dag.py:3954} INFO - Setting next_dagrun for example_sla_dag to 2024-05-14 19:54:00+00:00, run_after=2024-05-14 19:56:00+00:00
[2024-05-15T03:56:22.262+0800] {processor.py:183} INFO - Processing /home/jithish/Documents/dag-dag-dag/.venv/lib/python3.10/site-packages/airflow/example_dags/example_sla_dag.py took 0.154 seconds
[2024-05-15T03:57:10.789+0800] {processor.py:161} INFO - Started process (PID=106239) to work on /home/jithish/Documents/dag-dag-dag/.venv/lib/python3.10/site-packages/airflow/example_dags/example_sla_dag.py
[2024-05-15T03:57:10.850+0800] {processor.py:830} INFO - Processing file /home/jithish/Documents/dag-dag-dag/.venv/lib/python3.10/site-packages/airflow/example_dags/example_sla_dag.py for tasks to queue
[2024-05-15T03:57:10.855+0800] {logging_mixin.py:188} INFO - [2024-05-15T03:57:10.853+0800] {dagbag.py:545} INFO - Filling up the DagBag from /home/jithish/Documents/dag-dag-dag/.venv/lib/python3.10/site-packages/airflow/example_dags/example_sla_dag.py
[2024-05-15T03:57:10.863+0800] {processor.py:840} INFO - DAG(s) 'example_sla_dag' retrieved from /home/jithish/Documents/dag-dag-dag/.venv/lib/python3.10/site-packages/airflow/example_dags/example_sla_dag.py
[2024-05-15T03:57:10.874+0800] {logging_mixin.py:188} INFO - [2024-05-15T03:57:10.874+0800] {dag.py:3096} INFO - Sync 1 DAGs
[2024-05-15T03:57:10.888+0800] {logging_mixin.py:188} INFO - [2024-05-15T03:57:10.888+0800] {dag.py:3954} INFO - Setting next_dagrun for example_sla_dag to 2024-05-14 19:54:00+00:00, run_after=2024-05-14 19:56:00+00:00
[2024-05-15T03:57:10.901+0800] {processor.py:183} INFO - Processing /home/jithish/Documents/dag-dag-dag/.venv/lib/python3.10/site-packages/airflow/example_dags/example_sla_dag.py took 0.117 seconds
[2024-05-15T03:57:57.966+0800] {processor.py:161} INFO - Started process (PID=106657) to work on /home/jithish/Documents/dag-dag-dag/.venv/lib/python3.10/site-packages/airflow/example_dags/example_sla_dag.py
[2024-05-15T03:57:58.026+0800] {processor.py:830} INFO - Processing file /home/jithish/Documents/dag-dag-dag/.venv/lib/python3.10/site-packages/airflow/example_dags/example_sla_dag.py for tasks to queue
[2024-05-15T03:57:58.027+0800] {logging_mixin.py:188} INFO - [2024-05-15T03:57:58.027+0800] {dagbag.py:545} INFO - Filling up the DagBag from /home/jithish/Documents/dag-dag-dag/.venv/lib/python3.10/site-packages/airflow/example_dags/example_sla_dag.py
[2024-05-15T03:57:58.034+0800] {processor.py:840} INFO - DAG(s) 'example_sla_dag' retrieved from /home/jithish/Documents/dag-dag-dag/.venv/lib/python3.10/site-packages/airflow/example_dags/example_sla_dag.py
[2024-05-15T03:57:58.046+0800] {logging_mixin.py:188} INFO - [2024-05-15T03:57:58.045+0800] {dag.py:3096} INFO - Sync 1 DAGs
[2024-05-15T03:57:58.062+0800] {logging_mixin.py:188} INFO - [2024-05-15T03:57:58.062+0800] {dag.py:3954} INFO - Setting next_dagrun for example_sla_dag to 2024-05-14 19:54:00+00:00, run_after=2024-05-14 19:56:00+00:00
[2024-05-15T03:57:58.082+0800] {processor.py:183} INFO - Processing /home/jithish/Documents/dag-dag-dag/.venv/lib/python3.10/site-packages/airflow/example_dags/example_sla_dag.py took 0.121 seconds
[2024-05-15T03:59:06.316+0800] {processor.py:161} INFO - Started process (PID=107360) to work on /home/jithish/Documents/dag-dag-dag/.venv/lib/python3.10/site-packages/airflow/example_dags/example_sla_dag.py
[2024-05-15T03:59:06.352+0800] {processor.py:830} INFO - Processing file /home/jithish/Documents/dag-dag-dag/.venv/lib/python3.10/site-packages/airflow/example_dags/example_sla_dag.py for tasks to queue
[2024-05-15T03:59:06.354+0800] {logging_mixin.py:188} INFO - [2024-05-15T03:59:06.353+0800] {dagbag.py:545} INFO - Filling up the DagBag from /home/jithish/Documents/dag-dag-dag/.venv/lib/python3.10/site-packages/airflow/example_dags/example_sla_dag.py
[2024-05-15T03:59:06.363+0800] {processor.py:840} INFO - DAG(s) 'example_sla_dag' retrieved from /home/jithish/Documents/dag-dag-dag/.venv/lib/python3.10/site-packages/airflow/example_dags/example_sla_dag.py
[2024-05-15T03:59:06.405+0800] {logging_mixin.py:188} INFO - [2024-05-15T03:59:06.404+0800] {dag.py:3096} INFO - Sync 1 DAGs
[2024-05-15T03:59:06.440+0800] {logging_mixin.py:188} INFO - [2024-05-15T03:59:06.440+0800] {dag.py:3954} INFO - Setting next_dagrun for example_sla_dag to 2024-05-14 19:56:00+00:00, run_after=2024-05-14 19:58:00+00:00
[2024-05-15T03:59:06.459+0800] {processor.py:183} INFO - Processing /home/jithish/Documents/dag-dag-dag/.venv/lib/python3.10/site-packages/airflow/example_dags/example_sla_dag.py took 0.150 seconds
[2024-05-15T03:59:57.340+0800] {processor.py:161} INFO - Started process (PID=107817) to work on /home/jithish/Documents/dag-dag-dag/.venv/lib/python3.10/site-packages/airflow/example_dags/example_sla_dag.py
[2024-05-15T03:59:57.404+0800] {processor.py:830} INFO - Processing file /home/jithish/Documents/dag-dag-dag/.venv/lib/python3.10/site-packages/airflow/example_dags/example_sla_dag.py for tasks to queue
[2024-05-15T03:59:57.406+0800] {logging_mixin.py:188} INFO - [2024-05-15T03:59:57.405+0800] {dagbag.py:545} INFO - Filling up the DagBag from /home/jithish/Documents/dag-dag-dag/.venv/lib/python3.10/site-packages/airflow/example_dags/example_sla_dag.py
[2024-05-15T03:59:57.413+0800] {processor.py:840} INFO - DAG(s) 'example_sla_dag' retrieved from /home/jithish/Documents/dag-dag-dag/.venv/lib/python3.10/site-packages/airflow/example_dags/example_sla_dag.py
[2024-05-15T03:59:57.428+0800] {logging_mixin.py:188} INFO - [2024-05-15T03:59:57.428+0800] {dag.py:3096} INFO - Sync 1 DAGs
[2024-05-15T03:59:57.450+0800] {logging_mixin.py:188} INFO - [2024-05-15T03:59:57.450+0800] {dag.py:3954} INFO - Setting next_dagrun for example_sla_dag to 2024-05-14 19:56:00+00:00, run_after=2024-05-14 19:58:00+00:00
[2024-05-15T03:59:57.469+0800] {processor.py:183} INFO - Processing /home/jithish/Documents/dag-dag-dag/.venv/lib/python3.10/site-packages/airflow/example_dags/example_sla_dag.py took 0.135 seconds
[2024-05-15T04:00:43.708+0800] {processor.py:161} INFO - Started process (PID=108205) to work on /home/jithish/Documents/dag-dag-dag/.venv/lib/python3.10/site-packages/airflow/example_dags/example_sla_dag.py
[2024-05-15T04:00:43.770+0800] {processor.py:830} INFO - Processing file /home/jithish/Documents/dag-dag-dag/.venv/lib/python3.10/site-packages/airflow/example_dags/example_sla_dag.py for tasks to queue
[2024-05-15T04:00:43.772+0800] {logging_mixin.py:188} INFO - [2024-05-15T04:00:43.771+0800] {dagbag.py:545} INFO - Filling up the DagBag from /home/jithish/Documents/dag-dag-dag/.venv/lib/python3.10/site-packages/airflow/example_dags/example_sla_dag.py
[2024-05-15T04:00:43.779+0800] {processor.py:840} INFO - DAG(s) 'example_sla_dag' retrieved from /home/jithish/Documents/dag-dag-dag/.venv/lib/python3.10/site-packages/airflow/example_dags/example_sla_dag.py
[2024-05-15T04:00:43.791+0800] {logging_mixin.py:188} INFO - [2024-05-15T04:00:43.791+0800] {dag.py:3096} INFO - Sync 1 DAGs
[2024-05-15T04:00:43.807+0800] {logging_mixin.py:188} INFO - [2024-05-15T04:00:43.807+0800] {dag.py:3954} INFO - Setting next_dagrun for example_sla_dag to 2024-05-14 19:58:00+00:00, run_after=2024-05-14 20:00:00+00:00
[2024-05-15T04:00:43.827+0800] {processor.py:183} INFO - Processing /home/jithish/Documents/dag-dag-dag/.venv/lib/python3.10/site-packages/airflow/example_dags/example_sla_dag.py took 0.136 seconds
[2024-05-15T04:01:32.852+0800] {processor.py:161} INFO - Started process (PID=108627) to work on /home/jithish/Documents/dag-dag-dag/.venv/lib/python3.10/site-packages/airflow/example_dags/example_sla_dag.py
[2024-05-15T04:01:32.913+0800] {processor.py:830} INFO - Processing file /home/jithish/Documents/dag-dag-dag/.venv/lib/python3.10/site-packages/airflow/example_dags/example_sla_dag.py for tasks to queue
[2024-05-15T04:01:32.915+0800] {logging_mixin.py:188} INFO - [2024-05-15T04:01:32.914+0800] {dagbag.py:545} INFO - Filling up the DagBag from /home/jithish/Documents/dag-dag-dag/.venv/lib/python3.10/site-packages/airflow/example_dags/example_sla_dag.py
[2024-05-15T04:01:32.927+0800] {processor.py:840} INFO - DAG(s) 'example_sla_dag' retrieved from /home/jithish/Documents/dag-dag-dag/.venv/lib/python3.10/site-packages/airflow/example_dags/example_sla_dag.py
[2024-05-15T04:01:32.948+0800] {logging_mixin.py:188} INFO - [2024-05-15T04:01:32.948+0800] {dag.py:3096} INFO - Sync 1 DAGs
[2024-05-15T04:01:32.968+0800] {logging_mixin.py:188} INFO - [2024-05-15T04:01:32.968+0800] {dag.py:3954} INFO - Setting next_dagrun for example_sla_dag to 2024-05-14 19:58:00+00:00, run_after=2024-05-14 20:00:00+00:00
[2024-05-15T04:01:32.986+0800] {processor.py:183} INFO - Processing /home/jithish/Documents/dag-dag-dag/.venv/lib/python3.10/site-packages/airflow/example_dags/example_sla_dag.py took 0.138 seconds
[2024-05-15T04:02:21.225+0800] {processor.py:161} INFO - Started process (PID=109131) to work on /home/jithish/Documents/dag-dag-dag/.venv/lib/python3.10/site-packages/airflow/example_dags/example_sla_dag.py
[2024-05-15T04:02:21.286+0800] {processor.py:830} INFO - Processing file /home/jithish/Documents/dag-dag-dag/.venv/lib/python3.10/site-packages/airflow/example_dags/example_sla_dag.py for tasks to queue
[2024-05-15T04:02:21.287+0800] {logging_mixin.py:188} INFO - [2024-05-15T04:02:21.287+0800] {dagbag.py:545} INFO - Filling up the DagBag from /home/jithish/Documents/dag-dag-dag/.venv/lib/python3.10/site-packages/airflow/example_dags/example_sla_dag.py
[2024-05-15T04:02:21.296+0800] {processor.py:840} INFO - DAG(s) 'example_sla_dag' retrieved from /home/jithish/Documents/dag-dag-dag/.venv/lib/python3.10/site-packages/airflow/example_dags/example_sla_dag.py
[2024-05-15T04:02:21.315+0800] {logging_mixin.py:188} INFO - [2024-05-15T04:02:21.315+0800] {dag.py:3096} INFO - Sync 1 DAGs
[2024-05-15T04:02:21.341+0800] {logging_mixin.py:188} INFO - [2024-05-15T04:02:21.341+0800] {dag.py:3954} INFO - Setting next_dagrun for example_sla_dag to 2024-05-14 20:00:00+00:00, run_after=2024-05-14 20:02:00+00:00
[2024-05-15T04:02:21.368+0800] {processor.py:183} INFO - Processing /home/jithish/Documents/dag-dag-dag/.venv/lib/python3.10/site-packages/airflow/example_dags/example_sla_dag.py took 0.151 seconds
[2024-05-15T04:03:13.717+0800] {processor.py:161} INFO - Started process (PID=109698) to work on /home/jithish/Documents/dag-dag-dag/.venv/lib/python3.10/site-packages/airflow/example_dags/example_sla_dag.py
[2024-05-15T04:03:13.779+0800] {processor.py:830} INFO - Processing file /home/jithish/Documents/dag-dag-dag/.venv/lib/python3.10/site-packages/airflow/example_dags/example_sla_dag.py for tasks to queue
[2024-05-15T04:03:13.785+0800] {logging_mixin.py:188} INFO - [2024-05-15T04:03:13.784+0800] {dagbag.py:545} INFO - Filling up the DagBag from /home/jithish/Documents/dag-dag-dag/.venv/lib/python3.10/site-packages/airflow/example_dags/example_sla_dag.py
[2024-05-15T04:03:13.803+0800] {processor.py:840} INFO - DAG(s) 'example_sla_dag' retrieved from /home/jithish/Documents/dag-dag-dag/.venv/lib/python3.10/site-packages/airflow/example_dags/example_sla_dag.py
[2024-05-15T04:03:13.822+0800] {logging_mixin.py:188} INFO - [2024-05-15T04:03:13.822+0800] {dag.py:3096} INFO - Sync 1 DAGs
[2024-05-15T04:03:13.844+0800] {logging_mixin.py:188} INFO - [2024-05-15T04:03:13.844+0800] {dag.py:3954} INFO - Setting next_dagrun for example_sla_dag to 2024-05-14 20:00:00+00:00, run_after=2024-05-14 20:02:00+00:00
[2024-05-15T04:03:13.867+0800] {processor.py:183} INFO - Processing /home/jithish/Documents/dag-dag-dag/.venv/lib/python3.10/site-packages/airflow/example_dags/example_sla_dag.py took 0.159 seconds
[2024-05-15T04:04:23.842+0800] {processor.py:161} INFO - Started process (PID=110869) to work on /home/jithish/Documents/dag-dag-dag/.venv/lib/python3.10/site-packages/airflow/example_dags/example_sla_dag.py
[2024-05-15T04:04:23.903+0800] {processor.py:830} INFO - Processing file /home/jithish/Documents/dag-dag-dag/.venv/lib/python3.10/site-packages/airflow/example_dags/example_sla_dag.py for tasks to queue
[2024-05-15T04:04:23.905+0800] {logging_mixin.py:188} INFO - [2024-05-15T04:04:23.904+0800] {dagbag.py:545} INFO - Filling up the DagBag from /home/jithish/Documents/dag-dag-dag/.venv/lib/python3.10/site-packages/airflow/example_dags/example_sla_dag.py
[2024-05-15T04:04:23.913+0800] {processor.py:840} INFO - DAG(s) 'example_sla_dag' retrieved from /home/jithish/Documents/dag-dag-dag/.venv/lib/python3.10/site-packages/airflow/example_dags/example_sla_dag.py
[2024-05-15T04:04:23.927+0800] {logging_mixin.py:188} INFO - [2024-05-15T04:04:23.927+0800] {dag.py:3096} INFO - Sync 1 DAGs
[2024-05-15T04:04:23.946+0800] {logging_mixin.py:188} INFO - [2024-05-15T04:04:23.945+0800] {dag.py:3954} INFO - Setting next_dagrun for example_sla_dag to 2024-05-14 20:02:00+00:00, run_after=2024-05-14 20:04:00+00:00
[2024-05-15T04:04:23.978+0800] {processor.py:183} INFO - Processing /home/jithish/Documents/dag-dag-dag/.venv/lib/python3.10/site-packages/airflow/example_dags/example_sla_dag.py took 0.149 seconds
[2024-05-15T04:05:21.956+0800] {processor.py:161} INFO - Started process (PID=111727) to work on /home/jithish/Documents/dag-dag-dag/.venv/lib/python3.10/site-packages/airflow/example_dags/example_sla_dag.py
[2024-05-15T04:05:22.019+0800] {processor.py:830} INFO - Processing file /home/jithish/Documents/dag-dag-dag/.venv/lib/python3.10/site-packages/airflow/example_dags/example_sla_dag.py for tasks to queue
[2024-05-15T04:05:22.021+0800] {logging_mixin.py:188} INFO - [2024-05-15T04:05:22.021+0800] {dagbag.py:545} INFO - Filling up the DagBag from /home/jithish/Documents/dag-dag-dag/.venv/lib/python3.10/site-packages/airflow/example_dags/example_sla_dag.py
[2024-05-15T04:05:22.032+0800] {processor.py:840} INFO - DAG(s) 'example_sla_dag' retrieved from /home/jithish/Documents/dag-dag-dag/.venv/lib/python3.10/site-packages/airflow/example_dags/example_sla_dag.py
[2024-05-15T04:05:22.047+0800] {logging_mixin.py:188} INFO - [2024-05-15T04:05:22.047+0800] {dag.py:3096} INFO - Sync 1 DAGs
[2024-05-15T04:05:22.070+0800] {logging_mixin.py:188} INFO - [2024-05-15T04:05:22.070+0800] {dag.py:3954} INFO - Setting next_dagrun for example_sla_dag to 2024-05-14 20:02:00+00:00, run_after=2024-05-14 20:04:00+00:00
[2024-05-15T04:05:22.088+0800] {processor.py:183} INFO - Processing /home/jithish/Documents/dag-dag-dag/.venv/lib/python3.10/site-packages/airflow/example_dags/example_sla_dag.py took 0.141 seconds
[2024-05-15T04:06:16.096+0800] {processor.py:161} INFO - Started process (PID=112494) to work on /home/jithish/Documents/dag-dag-dag/.venv/lib/python3.10/site-packages/airflow/example_dags/example_sla_dag.py
[2024-05-15T04:06:16.158+0800] {processor.py:830} INFO - Processing file /home/jithish/Documents/dag-dag-dag/.venv/lib/python3.10/site-packages/airflow/example_dags/example_sla_dag.py for tasks to queue
[2024-05-15T04:06:16.159+0800] {logging_mixin.py:188} INFO - [2024-05-15T04:06:16.159+0800] {dagbag.py:545} INFO - Filling up the DagBag from /home/jithish/Documents/dag-dag-dag/.venv/lib/python3.10/site-packages/airflow/example_dags/example_sla_dag.py
[2024-05-15T04:06:16.173+0800] {processor.py:840} INFO - DAG(s) 'example_sla_dag' retrieved from /home/jithish/Documents/dag-dag-dag/.venv/lib/python3.10/site-packages/airflow/example_dags/example_sla_dag.py
[2024-05-15T04:06:16.190+0800] {logging_mixin.py:188} INFO - [2024-05-15T04:06:16.190+0800] {dag.py:3096} INFO - Sync 1 DAGs
[2024-05-15T04:06:16.223+0800] {logging_mixin.py:188} INFO - [2024-05-15T04:06:16.222+0800] {dag.py:3954} INFO - Setting next_dagrun for example_sla_dag to 2024-05-14 20:04:00+00:00, run_after=2024-05-14 20:06:00+00:00
[2024-05-15T04:06:16.249+0800] {processor.py:183} INFO - Processing /home/jithish/Documents/dag-dag-dag/.venv/lib/python3.10/site-packages/airflow/example_dags/example_sla_dag.py took 0.165 seconds
[2024-05-15T04:07:12.166+0800] {processor.py:161} INFO - Started process (PID=113344) to work on /home/jithish/Documents/dag-dag-dag/.venv/lib/python3.10/site-packages/airflow/example_dags/example_sla_dag.py
[2024-05-15T04:07:12.167+0800] {processor.py:830} INFO - Processing file /home/jithish/Documents/dag-dag-dag/.venv/lib/python3.10/site-packages/airflow/example_dags/example_sla_dag.py for tasks to queue
[2024-05-15T04:07:12.169+0800] {logging_mixin.py:188} INFO - [2024-05-15T04:07:12.168+0800] {dagbag.py:545} INFO - Filling up the DagBag from /home/jithish/Documents/dag-dag-dag/.venv/lib/python3.10/site-packages/airflow/example_dags/example_sla_dag.py
[2024-05-15T04:07:12.177+0800] {processor.py:840} INFO - DAG(s) 'example_sla_dag' retrieved from /home/jithish/Documents/dag-dag-dag/.venv/lib/python3.10/site-packages/airflow/example_dags/example_sla_dag.py
[2024-05-15T04:07:12.191+0800] {logging_mixin.py:188} INFO - [2024-05-15T04:07:12.191+0800] {dag.py:3096} INFO - Sync 1 DAGs
[2024-05-15T04:07:12.211+0800] {logging_mixin.py:188} INFO - [2024-05-15T04:07:12.211+0800] {dag.py:3954} INFO - Setting next_dagrun for example_sla_dag to 2024-05-14 20:04:00+00:00, run_after=2024-05-14 20:06:00+00:00
[2024-05-15T04:07:12.231+0800] {processor.py:183} INFO - Processing /home/jithish/Documents/dag-dag-dag/.venv/lib/python3.10/site-packages/airflow/example_dags/example_sla_dag.py took 0.070 seconds
[2024-05-15T04:08:05.908+0800] {processor.py:161} INFO - Started process (PID=113834) to work on /home/jithish/Documents/dag-dag-dag/.venv/lib/python3.10/site-packages/airflow/example_dags/example_sla_dag.py
[2024-05-15T04:08:05.970+0800] {processor.py:830} INFO - Processing file /home/jithish/Documents/dag-dag-dag/.venv/lib/python3.10/site-packages/airflow/example_dags/example_sla_dag.py for tasks to queue
[2024-05-15T04:08:05.975+0800] {logging_mixin.py:188} INFO - [2024-05-15T04:08:05.973+0800] {dagbag.py:545} INFO - Filling up the DagBag from /home/jithish/Documents/dag-dag-dag/.venv/lib/python3.10/site-packages/airflow/example_dags/example_sla_dag.py
[2024-05-15T04:08:06.002+0800] {processor.py:840} INFO - DAG(s) 'example_sla_dag' retrieved from /home/jithish/Documents/dag-dag-dag/.venv/lib/python3.10/site-packages/airflow/example_dags/example_sla_dag.py
[2024-05-15T04:08:06.022+0800] {logging_mixin.py:188} INFO - [2024-05-15T04:08:06.022+0800] {dag.py:3096} INFO - Sync 1 DAGs
[2024-05-15T04:08:06.043+0800] {logging_mixin.py:188} INFO - [2024-05-15T04:08:06.043+0800] {dag.py:3954} INFO - Setting next_dagrun for example_sla_dag to 2024-05-14 20:06:00+00:00, run_after=2024-05-14 20:08:00+00:00
[2024-05-15T04:08:06.064+0800] {processor.py:183} INFO - Processing /home/jithish/Documents/dag-dag-dag/.venv/lib/python3.10/site-packages/airflow/example_dags/example_sla_dag.py took 0.175 seconds
[2024-05-15T04:09:06.191+0800] {processor.py:161} INFO - Started process (PID=114798) to work on /home/jithish/Documents/dag-dag-dag/.venv/lib/python3.10/site-packages/airflow/example_dags/example_sla_dag.py
[2024-05-15T04:09:06.253+0800] {processor.py:830} INFO - Processing file /home/jithish/Documents/dag-dag-dag/.venv/lib/python3.10/site-packages/airflow/example_dags/example_sla_dag.py for tasks to queue
[2024-05-15T04:09:06.258+0800] {logging_mixin.py:188} INFO - [2024-05-15T04:09:06.257+0800] {dagbag.py:545} INFO - Filling up the DagBag from /home/jithish/Documents/dag-dag-dag/.venv/lib/python3.10/site-packages/airflow/example_dags/example_sla_dag.py
[2024-05-15T04:09:06.280+0800] {processor.py:840} INFO - DAG(s) 'example_sla_dag' retrieved from /home/jithish/Documents/dag-dag-dag/.venv/lib/python3.10/site-packages/airflow/example_dags/example_sla_dag.py
[2024-05-15T04:09:06.298+0800] {logging_mixin.py:188} INFO - [2024-05-15T04:09:06.297+0800] {dag.py:3096} INFO - Sync 1 DAGs
[2024-05-15T04:09:06.314+0800] {logging_mixin.py:188} INFO - [2024-05-15T04:09:06.314+0800] {dag.py:3954} INFO - Setting next_dagrun for example_sla_dag to 2024-05-14 20:06:00+00:00, run_after=2024-05-14 20:08:00+00:00
[2024-05-15T04:09:06.345+0800] {processor.py:183} INFO - Processing /home/jithish/Documents/dag-dag-dag/.venv/lib/python3.10/site-packages/airflow/example_dags/example_sla_dag.py took 0.165 seconds
[2024-05-15T04:10:01.751+0800] {processor.py:161} INFO - Started process (PID=115617) to work on /home/jithish/Documents/dag-dag-dag/.venv/lib/python3.10/site-packages/airflow/example_dags/example_sla_dag.py
[2024-05-15T04:10:01.813+0800] {processor.py:830} INFO - Processing file /home/jithish/Documents/dag-dag-dag/.venv/lib/python3.10/site-packages/airflow/example_dags/example_sla_dag.py for tasks to queue
[2024-05-15T04:10:01.819+0800] {logging_mixin.py:188} INFO - [2024-05-15T04:10:01.818+0800] {dagbag.py:545} INFO - Filling up the DagBag from /home/jithish/Documents/dag-dag-dag/.venv/lib/python3.10/site-packages/airflow/example_dags/example_sla_dag.py
[2024-05-15T04:10:01.843+0800] {processor.py:840} INFO - DAG(s) 'example_sla_dag' retrieved from /home/jithish/Documents/dag-dag-dag/.venv/lib/python3.10/site-packages/airflow/example_dags/example_sla_dag.py
[2024-05-15T04:10:01.863+0800] {logging_mixin.py:188} INFO - [2024-05-15T04:10:01.862+0800] {dag.py:3096} INFO - Sync 1 DAGs
[2024-05-15T04:10:01.881+0800] {logging_mixin.py:188} INFO - [2024-05-15T04:10:01.880+0800] {dag.py:3954} INFO - Setting next_dagrun for example_sla_dag to 2024-05-14 20:08:00+00:00, run_after=2024-05-14 20:10:00+00:00
[2024-05-15T04:10:01.908+0800] {processor.py:183} INFO - Processing /home/jithish/Documents/dag-dag-dag/.venv/lib/python3.10/site-packages/airflow/example_dags/example_sla_dag.py took 0.163 seconds
[2024-05-15T04:10:56.593+0800] {processor.py:161} INFO - Started process (PID=116402) to work on /home/jithish/Documents/dag-dag-dag/.venv/lib/python3.10/site-packages/airflow/example_dags/example_sla_dag.py
[2024-05-15T04:10:56.654+0800] {processor.py:830} INFO - Processing file /home/jithish/Documents/dag-dag-dag/.venv/lib/python3.10/site-packages/airflow/example_dags/example_sla_dag.py for tasks to queue
[2024-05-15T04:10:56.658+0800] {logging_mixin.py:188} INFO - [2024-05-15T04:10:56.657+0800] {dagbag.py:545} INFO - Filling up the DagBag from /home/jithish/Documents/dag-dag-dag/.venv/lib/python3.10/site-packages/airflow/example_dags/example_sla_dag.py
[2024-05-15T04:10:56.684+0800] {processor.py:840} INFO - DAG(s) 'example_sla_dag' retrieved from /home/jithish/Documents/dag-dag-dag/.venv/lib/python3.10/site-packages/airflow/example_dags/example_sla_dag.py
[2024-05-15T04:10:56.705+0800] {logging_mixin.py:188} INFO - [2024-05-15T04:10:56.705+0800] {dag.py:3096} INFO - Sync 1 DAGs
[2024-05-15T04:10:56.724+0800] {logging_mixin.py:188} INFO - [2024-05-15T04:10:56.723+0800] {dag.py:3954} INFO - Setting next_dagrun for example_sla_dag to 2024-05-14 20:08:00+00:00, run_after=2024-05-14 20:10:00+00:00
[2024-05-15T04:10:56.753+0800] {processor.py:183} INFO - Processing /home/jithish/Documents/dag-dag-dag/.venv/lib/python3.10/site-packages/airflow/example_dags/example_sla_dag.py took 0.166 seconds
[2024-05-15T04:11:52.120+0800] {processor.py:161} INFO - Started process (PID=117194) to work on /home/jithish/Documents/dag-dag-dag/.venv/lib/python3.10/site-packages/airflow/example_dags/example_sla_dag.py
[2024-05-15T04:11:52.181+0800] {processor.py:830} INFO - Processing file /home/jithish/Documents/dag-dag-dag/.venv/lib/python3.10/site-packages/airflow/example_dags/example_sla_dag.py for tasks to queue
[2024-05-15T04:11:52.182+0800] {logging_mixin.py:188} INFO - [2024-05-15T04:11:52.182+0800] {dagbag.py:545} INFO - Filling up the DagBag from /home/jithish/Documents/dag-dag-dag/.venv/lib/python3.10/site-packages/airflow/example_dags/example_sla_dag.py
[2024-05-15T04:11:52.190+0800] {processor.py:840} INFO - DAG(s) 'example_sla_dag' retrieved from /home/jithish/Documents/dag-dag-dag/.venv/lib/python3.10/site-packages/airflow/example_dags/example_sla_dag.py
[2024-05-15T04:11:52.202+0800] {logging_mixin.py:188} INFO - [2024-05-15T04:11:52.201+0800] {dag.py:3096} INFO - Sync 1 DAGs
[2024-05-15T04:11:52.219+0800] {logging_mixin.py:188} INFO - [2024-05-15T04:11:52.218+0800] {dag.py:3954} INFO - Setting next_dagrun for example_sla_dag to 2024-05-14 20:08:00+00:00, run_after=2024-05-14 20:10:00+00:00
[2024-05-15T04:11:52.242+0800] {processor.py:183} INFO - Processing /home/jithish/Documents/dag-dag-dag/.venv/lib/python3.10/site-packages/airflow/example_dags/example_sla_dag.py took 0.135 seconds
[2024-05-15T04:12:52.505+0800] {processor.py:161} INFO - Started process (PID=118063) to work on /home/jithish/Documents/dag-dag-dag/.venv/lib/python3.10/site-packages/airflow/example_dags/example_sla_dag.py
[2024-05-15T04:12:52.567+0800] {processor.py:830} INFO - Processing file /home/jithish/Documents/dag-dag-dag/.venv/lib/python3.10/site-packages/airflow/example_dags/example_sla_dag.py for tasks to queue
[2024-05-15T04:12:52.571+0800] {logging_mixin.py:188} INFO - [2024-05-15T04:12:52.570+0800] {dagbag.py:545} INFO - Filling up the DagBag from /home/jithish/Documents/dag-dag-dag/.venv/lib/python3.10/site-packages/airflow/example_dags/example_sla_dag.py
[2024-05-15T04:12:52.585+0800] {processor.py:840} INFO - DAG(s) 'example_sla_dag' retrieved from /home/jithish/Documents/dag-dag-dag/.venv/lib/python3.10/site-packages/airflow/example_dags/example_sla_dag.py
[2024-05-15T04:12:52.600+0800] {logging_mixin.py:188} INFO - [2024-05-15T04:12:52.600+0800] {dag.py:3096} INFO - Sync 1 DAGs
[2024-05-15T04:12:52.617+0800] {logging_mixin.py:188} INFO - [2024-05-15T04:12:52.617+0800] {dag.py:3954} INFO - Setting next_dagrun for example_sla_dag to 2024-05-14 20:10:00+00:00, run_after=2024-05-14 20:12:00+00:00
[2024-05-15T04:12:52.650+0800] {processor.py:183} INFO - Processing /home/jithish/Documents/dag-dag-dag/.venv/lib/python3.10/site-packages/airflow/example_dags/example_sla_dag.py took 0.150 seconds
[2024-05-15T04:13:51.481+0800] {processor.py:161} INFO - Started process (PID=118969) to work on /home/jithish/Documents/dag-dag-dag/.venv/lib/python3.10/site-packages/airflow/example_dags/example_sla_dag.py
[2024-05-15T04:13:51.543+0800] {processor.py:830} INFO - Processing file /home/jithish/Documents/dag-dag-dag/.venv/lib/python3.10/site-packages/airflow/example_dags/example_sla_dag.py for tasks to queue
[2024-05-15T04:13:51.548+0800] {logging_mixin.py:188} INFO - [2024-05-15T04:13:51.547+0800] {dagbag.py:545} INFO - Filling up the DagBag from /home/jithish/Documents/dag-dag-dag/.venv/lib/python3.10/site-packages/airflow/example_dags/example_sla_dag.py
[2024-05-15T04:13:51.574+0800] {processor.py:840} INFO - DAG(s) 'example_sla_dag' retrieved from /home/jithish/Documents/dag-dag-dag/.venv/lib/python3.10/site-packages/airflow/example_dags/example_sla_dag.py
[2024-05-15T04:13:51.594+0800] {logging_mixin.py:188} INFO - [2024-05-15T04:13:51.593+0800] {dag.py:3096} INFO - Sync 1 DAGs
[2024-05-15T04:13:51.611+0800] {logging_mixin.py:188} INFO - [2024-05-15T04:13:51.611+0800] {dag.py:3954} INFO - Setting next_dagrun for example_sla_dag to 2024-05-14 20:10:00+00:00, run_after=2024-05-14 20:12:00+00:00
[2024-05-15T04:13:51.630+0800] {processor.py:183} INFO - Processing /home/jithish/Documents/dag-dag-dag/.venv/lib/python3.10/site-packages/airflow/example_dags/example_sla_dag.py took 0.159 seconds
[2024-05-15T04:14:46.183+0800] {processor.py:161} INFO - Started process (PID=119640) to work on /home/jithish/Documents/dag-dag-dag/.venv/lib/python3.10/site-packages/airflow/example_dags/example_sla_dag.py
[2024-05-15T04:14:46.247+0800] {processor.py:830} INFO - Processing file /home/jithish/Documents/dag-dag-dag/.venv/lib/python3.10/site-packages/airflow/example_dags/example_sla_dag.py for tasks to queue
[2024-05-15T04:14:46.252+0800] {logging_mixin.py:188} INFO - [2024-05-15T04:14:46.251+0800] {dagbag.py:545} INFO - Filling up the DagBag from /home/jithish/Documents/dag-dag-dag/.venv/lib/python3.10/site-packages/airflow/example_dags/example_sla_dag.py
[2024-05-15T04:14:46.276+0800] {processor.py:840} INFO - DAG(s) 'example_sla_dag' retrieved from /home/jithish/Documents/dag-dag-dag/.venv/lib/python3.10/site-packages/airflow/example_dags/example_sla_dag.py
[2024-05-15T04:14:46.297+0800] {logging_mixin.py:188} INFO - [2024-05-15T04:14:46.297+0800] {dag.py:3096} INFO - Sync 1 DAGs
[2024-05-15T04:14:46.314+0800] {logging_mixin.py:188} INFO - [2024-05-15T04:14:46.314+0800] {dag.py:3954} INFO - Setting next_dagrun for example_sla_dag to 2024-05-14 20:12:00+00:00, run_after=2024-05-14 20:14:00+00:00
[2024-05-15T04:14:46.328+0800] {processor.py:183} INFO - Processing /home/jithish/Documents/dag-dag-dag/.venv/lib/python3.10/site-packages/airflow/example_dags/example_sla_dag.py took 0.155 seconds
[2024-05-15T04:15:54.168+0800] {processor.py:161} INFO - Started process (PID=120264) to work on /home/jithish/Documents/dag-dag-dag/.venv/lib/python3.10/site-packages/airflow/example_dags/example_sla_dag.py
[2024-05-15T04:15:54.171+0800] {processor.py:830} INFO - Processing file /home/jithish/Documents/dag-dag-dag/.venv/lib/python3.10/site-packages/airflow/example_dags/example_sla_dag.py for tasks to queue
[2024-05-15T04:15:54.173+0800] {logging_mixin.py:188} INFO - [2024-05-15T04:15:54.172+0800] {dagbag.py:545} INFO - Filling up the DagBag from /home/jithish/Documents/dag-dag-dag/.venv/lib/python3.10/site-packages/airflow/example_dags/example_sla_dag.py
[2024-05-15T04:15:54.184+0800] {processor.py:840} INFO - DAG(s) 'example_sla_dag' retrieved from /home/jithish/Documents/dag-dag-dag/.venv/lib/python3.10/site-packages/airflow/example_dags/example_sla_dag.py
[2024-05-15T04:15:54.197+0800] {logging_mixin.py:188} INFO - [2024-05-15T04:15:54.197+0800] {dag.py:3096} INFO - Sync 1 DAGs
[2024-05-15T04:15:54.213+0800] {logging_mixin.py:188} INFO - [2024-05-15T04:15:54.213+0800] {dag.py:3954} INFO - Setting next_dagrun for example_sla_dag to 2024-05-14 20:12:00+00:00, run_after=2024-05-14 20:14:00+00:00
[2024-05-15T04:15:54.239+0800] {processor.py:183} INFO - Processing /home/jithish/Documents/dag-dag-dag/.venv/lib/python3.10/site-packages/airflow/example_dags/example_sla_dag.py took 0.079 seconds
