[2024-05-15T02:59:20.033+0800] {processor.py:161} INFO - Started process (PID=65515) to work on /home/jithish/Documents/dag-dag-dag/.venv/lib/python3.10/site-packages/airflow/example_dags/example_skip_dag.py
[2024-05-15T02:59:20.033+0800] {processor.py:830} INFO - Processing file /home/jithish/Documents/dag-dag-dag/.venv/lib/python3.10/site-packages/airflow/example_dags/example_skip_dag.py for tasks to queue
[2024-05-15T02:59:20.035+0800] {logging_mixin.py:188} INFO - [2024-05-15T02:59:20.035+0800] {dagbag.py:545} INFO - Filling up the DagBag from /home/jithish/Documents/dag-dag-dag/.venv/lib/python3.10/site-packages/airflow/example_dags/example_skip_dag.py
[2024-05-15T02:59:20.039+0800] {processor.py:840} INFO - DAG(s) 'example_skip_dag' retrieved from /home/jithish/Documents/dag-dag-dag/.venv/lib/python3.10/site-packages/airflow/example_dags/example_skip_dag.py
[2024-05-15T02:59:20.108+0800] {logging_mixin.py:188} INFO - [2024-05-15T02:59:20.108+0800] {dag.py:3096} INFO - Sync 1 DAGs
[2024-05-15T02:59:20.188+0800] {logging_mixin.py:188} INFO - [2024-05-15T02:59:20.188+0800] {dag.py:3954} INFO - Setting next_dagrun for example_skip_dag to 2024-05-13 00:00:00+00:00, run_after=2024-05-14 00:00:00+00:00
[2024-05-15T02:59:20.205+0800] {processor.py:183} INFO - Processing /home/jithish/Documents/dag-dag-dag/.venv/lib/python3.10/site-packages/airflow/example_dags/example_skip_dag.py took 0.177 seconds
[2024-05-15T03:14:40.081+0800] {processor.py:161} INFO - Started process (PID=75100) to work on /home/jithish/Documents/dag-dag-dag/.venv/lib/python3.10/site-packages/airflow/example_dags/example_skip_dag.py
[2024-05-15T03:14:40.142+0800] {processor.py:830} INFO - Processing file /home/jithish/Documents/dag-dag-dag/.venv/lib/python3.10/site-packages/airflow/example_dags/example_skip_dag.py for tasks to queue
[2024-05-15T03:14:40.147+0800] {logging_mixin.py:188} INFO - [2024-05-15T03:14:40.146+0800] {dagbag.py:545} INFO - Filling up the DagBag from /home/jithish/Documents/dag-dag-dag/.venv/lib/python3.10/site-packages/airflow/example_dags/example_skip_dag.py
[2024-05-15T03:14:40.166+0800] {processor.py:840} INFO - DAG(s) 'example_skip_dag' retrieved from /home/jithish/Documents/dag-dag-dag/.venv/lib/python3.10/site-packages/airflow/example_dags/example_skip_dag.py
[2024-05-15T03:14:40.254+0800] {logging_mixin.py:188} INFO - [2024-05-15T03:14:40.254+0800] {dag.py:3096} INFO - Sync 1 DAGs
[2024-05-15T03:14:40.335+0800] {logging_mixin.py:188} INFO - [2024-05-15T03:14:40.335+0800] {dag.py:3954} INFO - Setting next_dagrun for example_skip_dag to 2024-05-13 00:00:00+00:00, run_after=2024-05-14 00:00:00+00:00
[2024-05-15T03:14:40.432+0800] {processor.py:183} INFO - Processing /home/jithish/Documents/dag-dag-dag/.venv/lib/python3.10/site-packages/airflow/example_dags/example_skip_dag.py took 0.356 seconds
[2024-05-15T03:15:44.436+0800] {processor.py:161} INFO - Started process (PID=75910) to work on /home/jithish/Documents/dag-dag-dag/.venv/lib/python3.10/site-packages/airflow/example_dags/example_skip_dag.py
[2024-05-15T03:15:44.497+0800] {processor.py:830} INFO - Processing file /home/jithish/Documents/dag-dag-dag/.venv/lib/python3.10/site-packages/airflow/example_dags/example_skip_dag.py for tasks to queue
[2024-05-15T03:15:44.502+0800] {logging_mixin.py:188} INFO - [2024-05-15T03:15:44.501+0800] {dagbag.py:545} INFO - Filling up the DagBag from /home/jithish/Documents/dag-dag-dag/.venv/lib/python3.10/site-packages/airflow/example_dags/example_skip_dag.py
[2024-05-15T03:15:44.521+0800] {processor.py:840} INFO - DAG(s) 'example_skip_dag' retrieved from /home/jithish/Documents/dag-dag-dag/.venv/lib/python3.10/site-packages/airflow/example_dags/example_skip_dag.py
[2024-05-15T03:15:44.547+0800] {logging_mixin.py:188} INFO - [2024-05-15T03:15:44.547+0800] {dag.py:3096} INFO - Sync 1 DAGs
[2024-05-15T03:15:44.563+0800] {logging_mixin.py:188} INFO - [2024-05-15T03:15:44.562+0800] {dag.py:3954} INFO - Setting next_dagrun for example_skip_dag to 2024-05-13 00:00:00+00:00, run_after=2024-05-14 00:00:00+00:00
[2024-05-15T03:15:44.660+0800] {processor.py:183} INFO - Processing /home/jithish/Documents/dag-dag-dag/.venv/lib/python3.10/site-packages/airflow/example_dags/example_skip_dag.py took 0.228 seconds
[2024-05-15T03:16:47.247+0800] {processor.py:161} INFO - Started process (PID=76737) to work on /home/jithish/Documents/dag-dag-dag/.venv/lib/python3.10/site-packages/airflow/example_dags/example_skip_dag.py
[2024-05-15T03:16:47.308+0800] {processor.py:830} INFO - Processing file /home/jithish/Documents/dag-dag-dag/.venv/lib/python3.10/site-packages/airflow/example_dags/example_skip_dag.py for tasks to queue
[2024-05-15T03:16:47.309+0800] {logging_mixin.py:188} INFO - [2024-05-15T03:16:47.309+0800] {dagbag.py:545} INFO - Filling up the DagBag from /home/jithish/Documents/dag-dag-dag/.venv/lib/python3.10/site-packages/airflow/example_dags/example_skip_dag.py
[2024-05-15T03:16:47.314+0800] {processor.py:840} INFO - DAG(s) 'example_skip_dag' retrieved from /home/jithish/Documents/dag-dag-dag/.venv/lib/python3.10/site-packages/airflow/example_dags/example_skip_dag.py
[2024-05-15T03:16:47.326+0800] {logging_mixin.py:188} INFO - [2024-05-15T03:16:47.326+0800] {dag.py:3096} INFO - Sync 1 DAGs
[2024-05-15T03:16:47.339+0800] {logging_mixin.py:188} INFO - [2024-05-15T03:16:47.339+0800] {dag.py:3954} INFO - Setting next_dagrun for example_skip_dag to 2024-05-13 00:00:00+00:00, run_after=2024-05-14 00:00:00+00:00
[2024-05-15T03:16:47.358+0800] {processor.py:183} INFO - Processing /home/jithish/Documents/dag-dag-dag/.venv/lib/python3.10/site-packages/airflow/example_dags/example_skip_dag.py took 0.119 seconds
[2024-05-15T03:17:51.661+0800] {processor.py:161} INFO - Started process (PID=77743) to work on /home/jithish/Documents/dag-dag-dag/.venv/lib/python3.10/site-packages/airflow/example_dags/example_skip_dag.py
[2024-05-15T03:17:51.662+0800] {processor.py:830} INFO - Processing file /home/jithish/Documents/dag-dag-dag/.venv/lib/python3.10/site-packages/airflow/example_dags/example_skip_dag.py for tasks to queue
[2024-05-15T03:17:51.663+0800] {logging_mixin.py:188} INFO - [2024-05-15T03:17:51.663+0800] {dagbag.py:545} INFO - Filling up the DagBag from /home/jithish/Documents/dag-dag-dag/.venv/lib/python3.10/site-packages/airflow/example_dags/example_skip_dag.py
[2024-05-15T03:17:51.668+0800] {processor.py:840} INFO - DAG(s) 'example_skip_dag' retrieved from /home/jithish/Documents/dag-dag-dag/.venv/lib/python3.10/site-packages/airflow/example_dags/example_skip_dag.py
[2024-05-15T03:17:51.684+0800] {logging_mixin.py:188} INFO - [2024-05-15T03:17:51.684+0800] {dag.py:3096} INFO - Sync 1 DAGs
[2024-05-15T03:17:51.699+0800] {logging_mixin.py:188} INFO - [2024-05-15T03:17:51.699+0800] {dag.py:3954} INFO - Setting next_dagrun for example_skip_dag to 2024-05-13 00:00:00+00:00, run_after=2024-05-14 00:00:00+00:00
[2024-05-15T03:17:51.715+0800] {processor.py:183} INFO - Processing /home/jithish/Documents/dag-dag-dag/.venv/lib/python3.10/site-packages/airflow/example_dags/example_skip_dag.py took 0.060 seconds
[2024-05-15T03:18:46.026+0800] {processor.py:161} INFO - Started process (PID=78504) to work on /home/jithish/Documents/dag-dag-dag/.venv/lib/python3.10/site-packages/airflow/example_dags/example_skip_dag.py
[2024-05-15T03:18:46.087+0800] {processor.py:830} INFO - Processing file /home/jithish/Documents/dag-dag-dag/.venv/lib/python3.10/site-packages/airflow/example_dags/example_skip_dag.py for tasks to queue
[2024-05-15T03:18:46.094+0800] {logging_mixin.py:188} INFO - [2024-05-15T03:18:46.092+0800] {dagbag.py:545} INFO - Filling up the DagBag from /home/jithish/Documents/dag-dag-dag/.venv/lib/python3.10/site-packages/airflow/example_dags/example_skip_dag.py
[2024-05-15T03:18:46.114+0800] {processor.py:840} INFO - DAG(s) 'example_skip_dag' retrieved from /home/jithish/Documents/dag-dag-dag/.venv/lib/python3.10/site-packages/airflow/example_dags/example_skip_dag.py
[2024-05-15T03:18:46.139+0800] {logging_mixin.py:188} INFO - [2024-05-15T03:18:46.138+0800] {dag.py:3096} INFO - Sync 1 DAGs
[2024-05-15T03:18:46.154+0800] {logging_mixin.py:188} INFO - [2024-05-15T03:18:46.154+0800] {dag.py:3954} INFO - Setting next_dagrun for example_skip_dag to 2024-05-13 00:00:00+00:00, run_after=2024-05-14 00:00:00+00:00
[2024-05-15T03:18:46.176+0800] {processor.py:183} INFO - Processing /home/jithish/Documents/dag-dag-dag/.venv/lib/python3.10/site-packages/airflow/example_dags/example_skip_dag.py took 0.155 seconds
[2024-05-15T03:19:42.987+0800] {processor.py:161} INFO - Started process (PID=79347) to work on /home/jithish/Documents/dag-dag-dag/.venv/lib/python3.10/site-packages/airflow/example_dags/example_skip_dag.py
[2024-05-15T03:19:42.988+0800] {processor.py:830} INFO - Processing file /home/jithish/Documents/dag-dag-dag/.venv/lib/python3.10/site-packages/airflow/example_dags/example_skip_dag.py for tasks to queue
[2024-05-15T03:19:42.990+0800] {logging_mixin.py:188} INFO - [2024-05-15T03:19:42.990+0800] {dagbag.py:545} INFO - Filling up the DagBag from /home/jithish/Documents/dag-dag-dag/.venv/lib/python3.10/site-packages/airflow/example_dags/example_skip_dag.py
[2024-05-15T03:19:42.998+0800] {processor.py:840} INFO - DAG(s) 'example_skip_dag' retrieved from /home/jithish/Documents/dag-dag-dag/.venv/lib/python3.10/site-packages/airflow/example_dags/example_skip_dag.py
[2024-05-15T03:19:43.011+0800] {logging_mixin.py:188} INFO - [2024-05-15T03:19:43.011+0800] {dag.py:3096} INFO - Sync 1 DAGs
[2024-05-15T03:19:43.027+0800] {logging_mixin.py:188} INFO - [2024-05-15T03:19:43.026+0800] {dag.py:3954} INFO - Setting next_dagrun for example_skip_dag to 2024-05-13 00:00:00+00:00, run_after=2024-05-14 00:00:00+00:00
[2024-05-15T03:19:43.041+0800] {processor.py:183} INFO - Processing /home/jithish/Documents/dag-dag-dag/.venv/lib/python3.10/site-packages/airflow/example_dags/example_skip_dag.py took 0.061 seconds
[2024-05-15T03:20:34.174+0800] {processor.py:161} INFO - Started process (PID=80071) to work on /home/jithish/Documents/dag-dag-dag/.venv/lib/python3.10/site-packages/airflow/example_dags/example_skip_dag.py
[2024-05-15T03:20:34.235+0800] {processor.py:830} INFO - Processing file /home/jithish/Documents/dag-dag-dag/.venv/lib/python3.10/site-packages/airflow/example_dags/example_skip_dag.py for tasks to queue
[2024-05-15T03:20:34.238+0800] {logging_mixin.py:188} INFO - [2024-05-15T03:20:34.237+0800] {dagbag.py:545} INFO - Filling up the DagBag from /home/jithish/Documents/dag-dag-dag/.venv/lib/python3.10/site-packages/airflow/example_dags/example_skip_dag.py
[2024-05-15T03:20:34.248+0800] {processor.py:840} INFO - DAG(s) 'example_skip_dag' retrieved from /home/jithish/Documents/dag-dag-dag/.venv/lib/python3.10/site-packages/airflow/example_dags/example_skip_dag.py
[2024-05-15T03:20:34.269+0800] {logging_mixin.py:188} INFO - [2024-05-15T03:20:34.268+0800] {dag.py:3096} INFO - Sync 1 DAGs
[2024-05-15T03:20:34.284+0800] {logging_mixin.py:188} INFO - [2024-05-15T03:20:34.284+0800] {dag.py:3954} INFO - Setting next_dagrun for example_skip_dag to 2024-05-13 00:00:00+00:00, run_after=2024-05-14 00:00:00+00:00
[2024-05-15T03:20:34.308+0800] {processor.py:183} INFO - Processing /home/jithish/Documents/dag-dag-dag/.venv/lib/python3.10/site-packages/airflow/example_dags/example_skip_dag.py took 0.145 seconds
[2024-05-15T03:21:25.718+0800] {processor.py:161} INFO - Started process (PID=80743) to work on /home/jithish/Documents/dag-dag-dag/.venv/lib/python3.10/site-packages/airflow/example_dags/example_skip_dag.py
[2024-05-15T03:21:25.779+0800] {processor.py:830} INFO - Processing file /home/jithish/Documents/dag-dag-dag/.venv/lib/python3.10/site-packages/airflow/example_dags/example_skip_dag.py for tasks to queue
[2024-05-15T03:21:25.781+0800] {logging_mixin.py:188} INFO - [2024-05-15T03:21:25.781+0800] {dagbag.py:545} INFO - Filling up the DagBag from /home/jithish/Documents/dag-dag-dag/.venv/lib/python3.10/site-packages/airflow/example_dags/example_skip_dag.py
[2024-05-15T03:21:25.788+0800] {processor.py:840} INFO - DAG(s) 'example_skip_dag' retrieved from /home/jithish/Documents/dag-dag-dag/.venv/lib/python3.10/site-packages/airflow/example_dags/example_skip_dag.py
[2024-05-15T03:21:25.803+0800] {logging_mixin.py:188} INFO - [2024-05-15T03:21:25.803+0800] {dag.py:3096} INFO - Sync 1 DAGs
[2024-05-15T03:21:25.818+0800] {logging_mixin.py:188} INFO - [2024-05-15T03:21:25.818+0800] {dag.py:3954} INFO - Setting next_dagrun for example_skip_dag to 2024-05-13 00:00:00+00:00, run_after=2024-05-14 00:00:00+00:00
[2024-05-15T03:21:25.839+0800] {processor.py:183} INFO - Processing /home/jithish/Documents/dag-dag-dag/.venv/lib/python3.10/site-packages/airflow/example_dags/example_skip_dag.py took 0.131 seconds
[2024-05-15T03:22:19.104+0800] {processor.py:161} INFO - Started process (PID=81521) to work on /home/jithish/Documents/dag-dag-dag/.venv/lib/python3.10/site-packages/airflow/example_dags/example_skip_dag.py
[2024-05-15T03:22:19.165+0800] {processor.py:830} INFO - Processing file /home/jithish/Documents/dag-dag-dag/.venv/lib/python3.10/site-packages/airflow/example_dags/example_skip_dag.py for tasks to queue
[2024-05-15T03:22:19.167+0800] {logging_mixin.py:188} INFO - [2024-05-15T03:22:19.167+0800] {dagbag.py:545} INFO - Filling up the DagBag from /home/jithish/Documents/dag-dag-dag/.venv/lib/python3.10/site-packages/airflow/example_dags/example_skip_dag.py
[2024-05-15T03:22:19.179+0800] {processor.py:840} INFO - DAG(s) 'example_skip_dag' retrieved from /home/jithish/Documents/dag-dag-dag/.venv/lib/python3.10/site-packages/airflow/example_dags/example_skip_dag.py
[2024-05-15T03:22:19.204+0800] {logging_mixin.py:188} INFO - [2024-05-15T03:22:19.203+0800] {dag.py:3096} INFO - Sync 1 DAGs
[2024-05-15T03:22:19.220+0800] {logging_mixin.py:188} INFO - [2024-05-15T03:22:19.220+0800] {dag.py:3954} INFO - Setting next_dagrun for example_skip_dag to 2024-05-13 00:00:00+00:00, run_after=2024-05-14 00:00:00+00:00
[2024-05-15T03:22:19.250+0800] {processor.py:183} INFO - Processing /home/jithish/Documents/dag-dag-dag/.venv/lib/python3.10/site-packages/airflow/example_dags/example_skip_dag.py took 0.152 seconds
[2024-05-15T03:23:13.383+0800] {processor.py:161} INFO - Started process (PID=82199) to work on /home/jithish/Documents/dag-dag-dag/.venv/lib/python3.10/site-packages/airflow/example_dags/example_skip_dag.py
[2024-05-15T03:23:13.384+0800] {processor.py:830} INFO - Processing file /home/jithish/Documents/dag-dag-dag/.venv/lib/python3.10/site-packages/airflow/example_dags/example_skip_dag.py for tasks to queue
[2024-05-15T03:23:13.386+0800] {logging_mixin.py:188} INFO - [2024-05-15T03:23:13.385+0800] {dagbag.py:545} INFO - Filling up the DagBag from /home/jithish/Documents/dag-dag-dag/.venv/lib/python3.10/site-packages/airflow/example_dags/example_skip_dag.py
[2024-05-15T03:23:13.391+0800] {processor.py:840} INFO - DAG(s) 'example_skip_dag' retrieved from /home/jithish/Documents/dag-dag-dag/.venv/lib/python3.10/site-packages/airflow/example_dags/example_skip_dag.py
[2024-05-15T03:23:13.403+0800] {logging_mixin.py:188} INFO - [2024-05-15T03:23:13.403+0800] {dag.py:3096} INFO - Sync 1 DAGs
[2024-05-15T03:23:13.415+0800] {logging_mixin.py:188} INFO - [2024-05-15T03:23:13.415+0800] {dag.py:3954} INFO - Setting next_dagrun for example_skip_dag to 2024-05-13 00:00:00+00:00, run_after=2024-05-14 00:00:00+00:00
[2024-05-15T03:23:13.433+0800] {processor.py:183} INFO - Processing /home/jithish/Documents/dag-dag-dag/.venv/lib/python3.10/site-packages/airflow/example_dags/example_skip_dag.py took 0.054 seconds
[2024-05-15T03:24:05.861+0800] {processor.py:161} INFO - Started process (PID=82666) to work on /home/jithish/Documents/dag-dag-dag/.venv/lib/python3.10/site-packages/airflow/example_dags/example_skip_dag.py
[2024-05-15T03:24:05.923+0800] {processor.py:830} INFO - Processing file /home/jithish/Documents/dag-dag-dag/.venv/lib/python3.10/site-packages/airflow/example_dags/example_skip_dag.py for tasks to queue
[2024-05-15T03:24:05.928+0800] {logging_mixin.py:188} INFO - [2024-05-15T03:24:05.926+0800] {dagbag.py:545} INFO - Filling up the DagBag from /home/jithish/Documents/dag-dag-dag/.venv/lib/python3.10/site-packages/airflow/example_dags/example_skip_dag.py
[2024-05-15T03:24:05.948+0800] {processor.py:840} INFO - DAG(s) 'example_skip_dag' retrieved from /home/jithish/Documents/dag-dag-dag/.venv/lib/python3.10/site-packages/airflow/example_dags/example_skip_dag.py
[2024-05-15T03:24:05.974+0800] {logging_mixin.py:188} INFO - [2024-05-15T03:24:05.974+0800] {dag.py:3096} INFO - Sync 1 DAGs
[2024-05-15T03:24:05.990+0800] {logging_mixin.py:188} INFO - [2024-05-15T03:24:05.989+0800] {dag.py:3954} INFO - Setting next_dagrun for example_skip_dag to 2024-05-13 00:00:00+00:00, run_after=2024-05-14 00:00:00+00:00
[2024-05-15T03:24:06.009+0800] {processor.py:183} INFO - Processing /home/jithish/Documents/dag-dag-dag/.venv/lib/python3.10/site-packages/airflow/example_dags/example_skip_dag.py took 0.152 seconds
[2024-05-15T03:25:01.509+0800] {processor.py:161} INFO - Started process (PID=83139) to work on /home/jithish/Documents/dag-dag-dag/.venv/lib/python3.10/site-packages/airflow/example_dags/example_skip_dag.py
[2024-05-15T03:25:01.570+0800] {processor.py:830} INFO - Processing file /home/jithish/Documents/dag-dag-dag/.venv/lib/python3.10/site-packages/airflow/example_dags/example_skip_dag.py for tasks to queue
[2024-05-15T03:25:01.575+0800] {logging_mixin.py:188} INFO - [2024-05-15T03:25:01.574+0800] {dagbag.py:545} INFO - Filling up the DagBag from /home/jithish/Documents/dag-dag-dag/.venv/lib/python3.10/site-packages/airflow/example_dags/example_skip_dag.py
[2024-05-15T03:25:01.595+0800] {processor.py:840} INFO - DAG(s) 'example_skip_dag' retrieved from /home/jithish/Documents/dag-dag-dag/.venv/lib/python3.10/site-packages/airflow/example_dags/example_skip_dag.py
[2024-05-15T03:25:01.623+0800] {logging_mixin.py:188} INFO - [2024-05-15T03:25:01.622+0800] {dag.py:3096} INFO - Sync 1 DAGs
[2024-05-15T03:25:01.638+0800] {logging_mixin.py:188} INFO - [2024-05-15T03:25:01.637+0800] {dag.py:3954} INFO - Setting next_dagrun for example_skip_dag to 2024-05-13 00:00:00+00:00, run_after=2024-05-14 00:00:00+00:00
[2024-05-15T03:25:01.656+0800] {processor.py:183} INFO - Processing /home/jithish/Documents/dag-dag-dag/.venv/lib/python3.10/site-packages/airflow/example_dags/example_skip_dag.py took 0.152 seconds
[2024-05-15T03:25:55.265+0800] {processor.py:161} INFO - Started process (PID=83581) to work on /home/jithish/Documents/dag-dag-dag/.venv/lib/python3.10/site-packages/airflow/example_dags/example_skip_dag.py
[2024-05-15T03:25:55.327+0800] {processor.py:830} INFO - Processing file /home/jithish/Documents/dag-dag-dag/.venv/lib/python3.10/site-packages/airflow/example_dags/example_skip_dag.py for tasks to queue
[2024-05-15T03:25:55.333+0800] {logging_mixin.py:188} INFO - [2024-05-15T03:25:55.332+0800] {dagbag.py:545} INFO - Filling up the DagBag from /home/jithish/Documents/dag-dag-dag/.venv/lib/python3.10/site-packages/airflow/example_dags/example_skip_dag.py
[2024-05-15T03:25:55.353+0800] {processor.py:840} INFO - DAG(s) 'example_skip_dag' retrieved from /home/jithish/Documents/dag-dag-dag/.venv/lib/python3.10/site-packages/airflow/example_dags/example_skip_dag.py
[2024-05-15T03:25:55.374+0800] {logging_mixin.py:188} INFO - [2024-05-15T03:25:55.374+0800] {dag.py:3096} INFO - Sync 1 DAGs
[2024-05-15T03:25:55.389+0800] {logging_mixin.py:188} INFO - [2024-05-15T03:25:55.389+0800] {dag.py:3954} INFO - Setting next_dagrun for example_skip_dag to 2024-05-13 00:00:00+00:00, run_after=2024-05-14 00:00:00+00:00
[2024-05-15T03:25:55.407+0800] {processor.py:183} INFO - Processing /home/jithish/Documents/dag-dag-dag/.venv/lib/python3.10/site-packages/airflow/example_dags/example_skip_dag.py took 0.148 seconds
[2024-05-15T03:26:48.972+0800] {processor.py:161} INFO - Started process (PID=84209) to work on /home/jithish/Documents/dag-dag-dag/.venv/lib/python3.10/site-packages/airflow/example_dags/example_skip_dag.py
[2024-05-15T03:26:48.972+0800] {processor.py:830} INFO - Processing file /home/jithish/Documents/dag-dag-dag/.venv/lib/python3.10/site-packages/airflow/example_dags/example_skip_dag.py for tasks to queue
[2024-05-15T03:26:48.974+0800] {logging_mixin.py:188} INFO - [2024-05-15T03:26:48.974+0800] {dagbag.py:545} INFO - Filling up the DagBag from /home/jithish/Documents/dag-dag-dag/.venv/lib/python3.10/site-packages/airflow/example_dags/example_skip_dag.py
[2024-05-15T03:26:48.981+0800] {processor.py:840} INFO - DAG(s) 'example_skip_dag' retrieved from /home/jithish/Documents/dag-dag-dag/.venv/lib/python3.10/site-packages/airflow/example_dags/example_skip_dag.py
[2024-05-15T03:26:48.995+0800] {logging_mixin.py:188} INFO - [2024-05-15T03:26:48.995+0800] {dag.py:3096} INFO - Sync 1 DAGs
[2024-05-15T03:26:49.012+0800] {logging_mixin.py:188} INFO - [2024-05-15T03:26:49.012+0800] {dag.py:3954} INFO - Setting next_dagrun for example_skip_dag to 2024-05-13 00:00:00+00:00, run_after=2024-05-14 00:00:00+00:00
[2024-05-15T03:26:49.032+0800] {processor.py:183} INFO - Processing /home/jithish/Documents/dag-dag-dag/.venv/lib/python3.10/site-packages/airflow/example_dags/example_skip_dag.py took 0.066 seconds
[2024-05-15T03:27:42.535+0800] {processor.py:161} INFO - Started process (PID=84809) to work on /home/jithish/Documents/dag-dag-dag/.venv/lib/python3.10/site-packages/airflow/example_dags/example_skip_dag.py
[2024-05-15T03:27:42.535+0800] {processor.py:830} INFO - Processing file /home/jithish/Documents/dag-dag-dag/.venv/lib/python3.10/site-packages/airflow/example_dags/example_skip_dag.py for tasks to queue
[2024-05-15T03:27:42.537+0800] {logging_mixin.py:188} INFO - [2024-05-15T03:27:42.536+0800] {dagbag.py:545} INFO - Filling up the DagBag from /home/jithish/Documents/dag-dag-dag/.venv/lib/python3.10/site-packages/airflow/example_dags/example_skip_dag.py
[2024-05-15T03:27:42.542+0800] {processor.py:840} INFO - DAG(s) 'example_skip_dag' retrieved from /home/jithish/Documents/dag-dag-dag/.venv/lib/python3.10/site-packages/airflow/example_dags/example_skip_dag.py
[2024-05-15T03:27:42.554+0800] {logging_mixin.py:188} INFO - [2024-05-15T03:27:42.553+0800] {dag.py:3096} INFO - Sync 1 DAGs
[2024-05-15T03:27:42.567+0800] {logging_mixin.py:188} INFO - [2024-05-15T03:27:42.567+0800] {dag.py:3954} INFO - Setting next_dagrun for example_skip_dag to 2024-05-13 00:00:00+00:00, run_after=2024-05-14 00:00:00+00:00
[2024-05-15T03:27:42.580+0800] {processor.py:183} INFO - Processing /home/jithish/Documents/dag-dag-dag/.venv/lib/python3.10/site-packages/airflow/example_dags/example_skip_dag.py took 0.050 seconds
[2024-05-15T03:28:31.982+0800] {processor.py:161} INFO - Started process (PID=85200) to work on /home/jithish/Documents/dag-dag-dag/.venv/lib/python3.10/site-packages/airflow/example_dags/example_skip_dag.py
[2024-05-15T03:28:32.043+0800] {processor.py:830} INFO - Processing file /home/jithish/Documents/dag-dag-dag/.venv/lib/python3.10/site-packages/airflow/example_dags/example_skip_dag.py for tasks to queue
[2024-05-15T03:28:32.048+0800] {logging_mixin.py:188} INFO - [2024-05-15T03:28:32.047+0800] {dagbag.py:545} INFO - Filling up the DagBag from /home/jithish/Documents/dag-dag-dag/.venv/lib/python3.10/site-packages/airflow/example_dags/example_skip_dag.py
[2024-05-15T03:28:32.067+0800] {processor.py:840} INFO - DAG(s) 'example_skip_dag' retrieved from /home/jithish/Documents/dag-dag-dag/.venv/lib/python3.10/site-packages/airflow/example_dags/example_skip_dag.py
[2024-05-15T03:28:32.095+0800] {logging_mixin.py:188} INFO - [2024-05-15T03:28:32.095+0800] {dag.py:3096} INFO - Sync 1 DAGs
[2024-05-15T03:28:32.112+0800] {logging_mixin.py:188} INFO - [2024-05-15T03:28:32.112+0800] {dag.py:3954} INFO - Setting next_dagrun for example_skip_dag to 2024-05-13 00:00:00+00:00, run_after=2024-05-14 00:00:00+00:00
[2024-05-15T03:28:32.130+0800] {processor.py:183} INFO - Processing /home/jithish/Documents/dag-dag-dag/.venv/lib/python3.10/site-packages/airflow/example_dags/example_skip_dag.py took 0.153 seconds
[2024-05-15T03:29:21.911+0800] {processor.py:161} INFO - Started process (PID=85642) to work on /home/jithish/Documents/dag-dag-dag/.venv/lib/python3.10/site-packages/airflow/example_dags/example_skip_dag.py
[2024-05-15T03:29:21.915+0800] {processor.py:830} INFO - Processing file /home/jithish/Documents/dag-dag-dag/.venv/lib/python3.10/site-packages/airflow/example_dags/example_skip_dag.py for tasks to queue
[2024-05-15T03:29:21.918+0800] {logging_mixin.py:188} INFO - [2024-05-15T03:29:21.917+0800] {dagbag.py:545} INFO - Filling up the DagBag from /home/jithish/Documents/dag-dag-dag/.venv/lib/python3.10/site-packages/airflow/example_dags/example_skip_dag.py
[2024-05-15T03:29:21.929+0800] {processor.py:840} INFO - DAG(s) 'example_skip_dag' retrieved from /home/jithish/Documents/dag-dag-dag/.venv/lib/python3.10/site-packages/airflow/example_dags/example_skip_dag.py
[2024-05-15T03:29:21.945+0800] {logging_mixin.py:188} INFO - [2024-05-15T03:29:21.945+0800] {dag.py:3096} INFO - Sync 1 DAGs
[2024-05-15T03:29:21.959+0800] {logging_mixin.py:188} INFO - [2024-05-15T03:29:21.959+0800] {dag.py:3954} INFO - Setting next_dagrun for example_skip_dag to 2024-05-13 00:00:00+00:00, run_after=2024-05-14 00:00:00+00:00
[2024-05-15T03:29:21.973+0800] {processor.py:183} INFO - Processing /home/jithish/Documents/dag-dag-dag/.venv/lib/python3.10/site-packages/airflow/example_dags/example_skip_dag.py took 0.075 seconds
[2024-05-15T03:30:11.296+0800] {processor.py:161} INFO - Started process (PID=86059) to work on /home/jithish/Documents/dag-dag-dag/.venv/lib/python3.10/site-packages/airflow/example_dags/example_skip_dag.py
[2024-05-15T03:30:11.357+0800] {processor.py:830} INFO - Processing file /home/jithish/Documents/dag-dag-dag/.venv/lib/python3.10/site-packages/airflow/example_dags/example_skip_dag.py for tasks to queue
[2024-05-15T03:30:11.359+0800] {logging_mixin.py:188} INFO - [2024-05-15T03:30:11.358+0800] {dagbag.py:545} INFO - Filling up the DagBag from /home/jithish/Documents/dag-dag-dag/.venv/lib/python3.10/site-packages/airflow/example_dags/example_skip_dag.py
[2024-05-15T03:30:11.363+0800] {processor.py:840} INFO - DAG(s) 'example_skip_dag' retrieved from /home/jithish/Documents/dag-dag-dag/.venv/lib/python3.10/site-packages/airflow/example_dags/example_skip_dag.py
[2024-05-15T03:30:11.376+0800] {logging_mixin.py:188} INFO - [2024-05-15T03:30:11.376+0800] {dag.py:3096} INFO - Sync 1 DAGs
[2024-05-15T03:30:11.391+0800] {logging_mixin.py:188} INFO - [2024-05-15T03:30:11.391+0800] {dag.py:3954} INFO - Setting next_dagrun for example_skip_dag to 2024-05-13 00:00:00+00:00, run_after=2024-05-14 00:00:00+00:00
[2024-05-15T03:30:11.409+0800] {processor.py:183} INFO - Processing /home/jithish/Documents/dag-dag-dag/.venv/lib/python3.10/site-packages/airflow/example_dags/example_skip_dag.py took 0.117 seconds
[2024-05-15T03:31:01.434+0800] {processor.py:161} INFO - Started process (PID=86494) to work on /home/jithish/Documents/dag-dag-dag/.venv/lib/python3.10/site-packages/airflow/example_dags/example_skip_dag.py
[2024-05-15T03:31:01.435+0800] {processor.py:830} INFO - Processing file /home/jithish/Documents/dag-dag-dag/.venv/lib/python3.10/site-packages/airflow/example_dags/example_skip_dag.py for tasks to queue
[2024-05-15T03:31:01.436+0800] {logging_mixin.py:188} INFO - [2024-05-15T03:31:01.435+0800] {dagbag.py:545} INFO - Filling up the DagBag from /home/jithish/Documents/dag-dag-dag/.venv/lib/python3.10/site-packages/airflow/example_dags/example_skip_dag.py
[2024-05-15T03:31:01.440+0800] {processor.py:840} INFO - DAG(s) 'example_skip_dag' retrieved from /home/jithish/Documents/dag-dag-dag/.venv/lib/python3.10/site-packages/airflow/example_dags/example_skip_dag.py
[2024-05-15T03:31:01.453+0800] {logging_mixin.py:188} INFO - [2024-05-15T03:31:01.453+0800] {dag.py:3096} INFO - Sync 1 DAGs
[2024-05-15T03:31:01.466+0800] {logging_mixin.py:188} INFO - [2024-05-15T03:31:01.465+0800] {dag.py:3954} INFO - Setting next_dagrun for example_skip_dag to 2024-05-13 00:00:00+00:00, run_after=2024-05-14 00:00:00+00:00
[2024-05-15T03:31:01.479+0800] {processor.py:183} INFO - Processing /home/jithish/Documents/dag-dag-dag/.venv/lib/python3.10/site-packages/airflow/example_dags/example_skip_dag.py took 0.050 seconds
[2024-05-15T03:31:53.735+0800] {processor.py:161} INFO - Started process (PID=86951) to work on /home/jithish/Documents/dag-dag-dag/.venv/lib/python3.10/site-packages/airflow/example_dags/example_skip_dag.py
[2024-05-15T03:31:53.796+0800] {processor.py:830} INFO - Processing file /home/jithish/Documents/dag-dag-dag/.venv/lib/python3.10/site-packages/airflow/example_dags/example_skip_dag.py for tasks to queue
[2024-05-15T03:31:53.800+0800] {logging_mixin.py:188} INFO - [2024-05-15T03:31:53.799+0800] {dagbag.py:545} INFO - Filling up the DagBag from /home/jithish/Documents/dag-dag-dag/.venv/lib/python3.10/site-packages/airflow/example_dags/example_skip_dag.py
[2024-05-15T03:31:53.820+0800] {processor.py:840} INFO - DAG(s) 'example_skip_dag' retrieved from /home/jithish/Documents/dag-dag-dag/.venv/lib/python3.10/site-packages/airflow/example_dags/example_skip_dag.py
[2024-05-15T03:31:53.849+0800] {logging_mixin.py:188} INFO - [2024-05-15T03:31:53.849+0800] {dag.py:3096} INFO - Sync 1 DAGs
[2024-05-15T03:31:53.866+0800] {logging_mixin.py:188} INFO - [2024-05-15T03:31:53.866+0800] {dag.py:3954} INFO - Setting next_dagrun for example_skip_dag to 2024-05-13 00:00:00+00:00, run_after=2024-05-14 00:00:00+00:00
[2024-05-15T03:31:53.884+0800] {processor.py:183} INFO - Processing /home/jithish/Documents/dag-dag-dag/.venv/lib/python3.10/site-packages/airflow/example_dags/example_skip_dag.py took 0.156 seconds
[2024-05-15T03:32:45.575+0800] {processor.py:161} INFO - Started process (PID=87364) to work on /home/jithish/Documents/dag-dag-dag/.venv/lib/python3.10/site-packages/airflow/example_dags/example_skip_dag.py
[2024-05-15T03:32:45.580+0800] {processor.py:830} INFO - Processing file /home/jithish/Documents/dag-dag-dag/.venv/lib/python3.10/site-packages/airflow/example_dags/example_skip_dag.py for tasks to queue
[2024-05-15T03:32:45.583+0800] {logging_mixin.py:188} INFO - [2024-05-15T03:32:45.582+0800] {dagbag.py:545} INFO - Filling up the DagBag from /home/jithish/Documents/dag-dag-dag/.venv/lib/python3.10/site-packages/airflow/example_dags/example_skip_dag.py
[2024-05-15T03:32:45.594+0800] {processor.py:840} INFO - DAG(s) 'example_skip_dag' retrieved from /home/jithish/Documents/dag-dag-dag/.venv/lib/python3.10/site-packages/airflow/example_dags/example_skip_dag.py
[2024-05-15T03:32:45.615+0800] {logging_mixin.py:188} INFO - [2024-05-15T03:32:45.614+0800] {dag.py:3096} INFO - Sync 1 DAGs
[2024-05-15T03:32:45.629+0800] {logging_mixin.py:188} INFO - [2024-05-15T03:32:45.629+0800] {dag.py:3954} INFO - Setting next_dagrun for example_skip_dag to 2024-05-13 00:00:00+00:00, run_after=2024-05-14 00:00:00+00:00
[2024-05-15T03:32:45.643+0800] {processor.py:183} INFO - Processing /home/jithish/Documents/dag-dag-dag/.venv/lib/python3.10/site-packages/airflow/example_dags/example_skip_dag.py took 0.088 seconds
[2024-05-15T03:33:55.103+0800] {processor.py:161} INFO - Started process (PID=88000) to work on /home/jithish/Documents/dag-dag-dag/.venv/lib/python3.10/site-packages/airflow/example_dags/example_skip_dag.py
[2024-05-15T03:33:55.104+0800] {processor.py:830} INFO - Processing file /home/jithish/Documents/dag-dag-dag/.venv/lib/python3.10/site-packages/airflow/example_dags/example_skip_dag.py for tasks to queue
[2024-05-15T03:33:55.105+0800] {logging_mixin.py:188} INFO - [2024-05-15T03:33:55.104+0800] {dagbag.py:545} INFO - Filling up the DagBag from /home/jithish/Documents/dag-dag-dag/.venv/lib/python3.10/site-packages/airflow/example_dags/example_skip_dag.py
[2024-05-15T03:33:55.111+0800] {processor.py:840} INFO - DAG(s) 'example_skip_dag' retrieved from /home/jithish/Documents/dag-dag-dag/.venv/lib/python3.10/site-packages/airflow/example_dags/example_skip_dag.py
[2024-05-15T03:33:55.124+0800] {logging_mixin.py:188} INFO - [2024-05-15T03:33:55.124+0800] {dag.py:3096} INFO - Sync 1 DAGs
[2024-05-15T03:33:55.141+0800] {logging_mixin.py:188} INFO - [2024-05-15T03:33:55.140+0800] {dag.py:3954} INFO - Setting next_dagrun for example_skip_dag to 2024-05-13 00:00:00+00:00, run_after=2024-05-14 00:00:00+00:00
[2024-05-15T03:33:55.158+0800] {processor.py:183} INFO - Processing /home/jithish/Documents/dag-dag-dag/.venv/lib/python3.10/site-packages/airflow/example_dags/example_skip_dag.py took 0.060 seconds
[2024-05-15T03:35:03.793+0800] {processor.py:161} INFO - Started process (PID=88640) to work on /home/jithish/Documents/dag-dag-dag/.venv/lib/python3.10/site-packages/airflow/example_dags/example_skip_dag.py
[2024-05-15T03:35:03.856+0800] {processor.py:830} INFO - Processing file /home/jithish/Documents/dag-dag-dag/.venv/lib/python3.10/site-packages/airflow/example_dags/example_skip_dag.py for tasks to queue
[2024-05-15T03:35:03.857+0800] {logging_mixin.py:188} INFO - [2024-05-15T03:35:03.857+0800] {dagbag.py:545} INFO - Filling up the DagBag from /home/jithish/Documents/dag-dag-dag/.venv/lib/python3.10/site-packages/airflow/example_dags/example_skip_dag.py
[2024-05-15T03:35:03.862+0800] {processor.py:840} INFO - DAG(s) 'example_skip_dag' retrieved from /home/jithish/Documents/dag-dag-dag/.venv/lib/python3.10/site-packages/airflow/example_dags/example_skip_dag.py
[2024-05-15T03:35:03.877+0800] {logging_mixin.py:188} INFO - [2024-05-15T03:35:03.876+0800] {dag.py:3096} INFO - Sync 1 DAGs
[2024-05-15T03:35:03.892+0800] {logging_mixin.py:188} INFO - [2024-05-15T03:35:03.892+0800] {dag.py:3954} INFO - Setting next_dagrun for example_skip_dag to 2024-05-13 00:00:00+00:00, run_after=2024-05-14 00:00:00+00:00
[2024-05-15T03:35:03.912+0800] {processor.py:183} INFO - Processing /home/jithish/Documents/dag-dag-dag/.venv/lib/python3.10/site-packages/airflow/example_dags/example_skip_dag.py took 0.124 seconds
[2024-05-15T03:35:53.476+0800] {processor.py:161} INFO - Started process (PID=89089) to work on /home/jithish/Documents/dag-dag-dag/.venv/lib/python3.10/site-packages/airflow/example_dags/example_skip_dag.py
[2024-05-15T03:35:53.539+0800] {processor.py:830} INFO - Processing file /home/jithish/Documents/dag-dag-dag/.venv/lib/python3.10/site-packages/airflow/example_dags/example_skip_dag.py for tasks to queue
[2024-05-15T03:35:53.540+0800] {logging_mixin.py:188} INFO - [2024-05-15T03:35:53.540+0800] {dagbag.py:545} INFO - Filling up the DagBag from /home/jithish/Documents/dag-dag-dag/.venv/lib/python3.10/site-packages/airflow/example_dags/example_skip_dag.py
[2024-05-15T03:35:53.546+0800] {processor.py:840} INFO - DAG(s) 'example_skip_dag' retrieved from /home/jithish/Documents/dag-dag-dag/.venv/lib/python3.10/site-packages/airflow/example_dags/example_skip_dag.py
[2024-05-15T03:35:53.558+0800] {logging_mixin.py:188} INFO - [2024-05-15T03:35:53.558+0800] {dag.py:3096} INFO - Sync 1 DAGs
[2024-05-15T03:35:53.572+0800] {logging_mixin.py:188} INFO - [2024-05-15T03:35:53.572+0800] {dag.py:3954} INFO - Setting next_dagrun for example_skip_dag to 2024-05-13 00:00:00+00:00, run_after=2024-05-14 00:00:00+00:00
[2024-05-15T03:35:53.590+0800] {processor.py:183} INFO - Processing /home/jithish/Documents/dag-dag-dag/.venv/lib/python3.10/site-packages/airflow/example_dags/example_skip_dag.py took 0.119 seconds
[2024-05-15T03:36:41.796+0800] {processor.py:161} INFO - Started process (PID=89589) to work on /home/jithish/Documents/dag-dag-dag/.venv/lib/python3.10/site-packages/airflow/example_dags/example_skip_dag.py
[2024-05-15T03:36:41.857+0800] {processor.py:830} INFO - Processing file /home/jithish/Documents/dag-dag-dag/.venv/lib/python3.10/site-packages/airflow/example_dags/example_skip_dag.py for tasks to queue
[2024-05-15T03:36:41.858+0800] {logging_mixin.py:188} INFO - [2024-05-15T03:36:41.858+0800] {dagbag.py:545} INFO - Filling up the DagBag from /home/jithish/Documents/dag-dag-dag/.venv/lib/python3.10/site-packages/airflow/example_dags/example_skip_dag.py
[2024-05-15T03:36:41.863+0800] {processor.py:840} INFO - DAG(s) 'example_skip_dag' retrieved from /home/jithish/Documents/dag-dag-dag/.venv/lib/python3.10/site-packages/airflow/example_dags/example_skip_dag.py
[2024-05-15T03:36:41.876+0800] {logging_mixin.py:188} INFO - [2024-05-15T03:36:41.876+0800] {dag.py:3096} INFO - Sync 1 DAGs
[2024-05-15T03:36:41.891+0800] {logging_mixin.py:188} INFO - [2024-05-15T03:36:41.891+0800] {dag.py:3954} INFO - Setting next_dagrun for example_skip_dag to 2024-05-13 00:00:00+00:00, run_after=2024-05-14 00:00:00+00:00
[2024-05-15T03:36:41.912+0800] {processor.py:183} INFO - Processing /home/jithish/Documents/dag-dag-dag/.venv/lib/python3.10/site-packages/airflow/example_dags/example_skip_dag.py took 0.121 seconds
[2024-05-15T03:37:33.786+0800] {processor.py:161} INFO - Started process (PID=90056) to work on /home/jithish/Documents/dag-dag-dag/.venv/lib/python3.10/site-packages/airflow/example_dags/example_skip_dag.py
[2024-05-15T03:37:33.847+0800] {processor.py:830} INFO - Processing file /home/jithish/Documents/dag-dag-dag/.venv/lib/python3.10/site-packages/airflow/example_dags/example_skip_dag.py for tasks to queue
[2024-05-15T03:37:33.850+0800] {logging_mixin.py:188} INFO - [2024-05-15T03:37:33.849+0800] {dagbag.py:545} INFO - Filling up the DagBag from /home/jithish/Documents/dag-dag-dag/.venv/lib/python3.10/site-packages/airflow/example_dags/example_skip_dag.py
[2024-05-15T03:37:33.859+0800] {processor.py:840} INFO - DAG(s) 'example_skip_dag' retrieved from /home/jithish/Documents/dag-dag-dag/.venv/lib/python3.10/site-packages/airflow/example_dags/example_skip_dag.py
[2024-05-15T03:37:33.887+0800] {logging_mixin.py:188} INFO - [2024-05-15T03:37:33.886+0800] {dag.py:3096} INFO - Sync 1 DAGs
[2024-05-15T03:37:33.904+0800] {logging_mixin.py:188} INFO - [2024-05-15T03:37:33.904+0800] {dag.py:3954} INFO - Setting next_dagrun for example_skip_dag to 2024-05-13 00:00:00+00:00, run_after=2024-05-14 00:00:00+00:00
[2024-05-15T03:37:33.937+0800] {processor.py:183} INFO - Processing /home/jithish/Documents/dag-dag-dag/.venv/lib/python3.10/site-packages/airflow/example_dags/example_skip_dag.py took 0.155 seconds
[2024-05-15T03:38:48.500+0800] {processor.py:161} INFO - Started process (PID=90808) to work on /home/jithish/Documents/dag-dag-dag/.venv/lib/python3.10/site-packages/airflow/example_dags/example_skip_dag.py
[2024-05-15T03:38:48.562+0800] {processor.py:830} INFO - Processing file /home/jithish/Documents/dag-dag-dag/.venv/lib/python3.10/site-packages/airflow/example_dags/example_skip_dag.py for tasks to queue
[2024-05-15T03:38:48.566+0800] {logging_mixin.py:188} INFO - [2024-05-15T03:38:48.565+0800] {dagbag.py:545} INFO - Filling up the DagBag from /home/jithish/Documents/dag-dag-dag/.venv/lib/python3.10/site-packages/airflow/example_dags/example_skip_dag.py
[2024-05-15T03:38:48.586+0800] {processor.py:840} INFO - DAG(s) 'example_skip_dag' retrieved from /home/jithish/Documents/dag-dag-dag/.venv/lib/python3.10/site-packages/airflow/example_dags/example_skip_dag.py
[2024-05-15T03:38:48.608+0800] {logging_mixin.py:188} INFO - [2024-05-15T03:38:48.608+0800] {dag.py:3096} INFO - Sync 1 DAGs
[2024-05-15T03:38:48.623+0800] {logging_mixin.py:188} INFO - [2024-05-15T03:38:48.623+0800] {dag.py:3954} INFO - Setting next_dagrun for example_skip_dag to 2024-05-13 00:00:00+00:00, run_after=2024-05-14 00:00:00+00:00
[2024-05-15T03:38:48.639+0800] {processor.py:183} INFO - Processing /home/jithish/Documents/dag-dag-dag/.venv/lib/python3.10/site-packages/airflow/example_dags/example_skip_dag.py took 0.144 seconds
[2024-05-15T03:39:52.116+0800] {processor.py:161} INFO - Started process (PID=92261) to work on /home/jithish/Documents/dag-dag-dag/.venv/lib/python3.10/site-packages/airflow/example_dags/example_skip_dag.py
[2024-05-15T03:39:52.118+0800] {processor.py:830} INFO - Processing file /home/jithish/Documents/dag-dag-dag/.venv/lib/python3.10/site-packages/airflow/example_dags/example_skip_dag.py for tasks to queue
[2024-05-15T03:39:52.120+0800] {logging_mixin.py:188} INFO - [2024-05-15T03:39:52.120+0800] {dagbag.py:545} INFO - Filling up the DagBag from /home/jithish/Documents/dag-dag-dag/.venv/lib/python3.10/site-packages/airflow/example_dags/example_skip_dag.py
[2024-05-15T03:39:52.127+0800] {processor.py:840} INFO - DAG(s) 'example_skip_dag' retrieved from /home/jithish/Documents/dag-dag-dag/.venv/lib/python3.10/site-packages/airflow/example_dags/example_skip_dag.py
[2024-05-15T03:39:52.152+0800] {logging_mixin.py:188} INFO - [2024-05-15T03:39:52.151+0800] {dag.py:3096} INFO - Sync 1 DAGs
[2024-05-15T03:39:52.176+0800] {logging_mixin.py:188} INFO - [2024-05-15T03:39:52.176+0800] {dag.py:3954} INFO - Setting next_dagrun for example_skip_dag to 2024-05-13 00:00:00+00:00, run_after=2024-05-14 00:00:00+00:00
[2024-05-15T03:39:52.204+0800] {processor.py:183} INFO - Processing /home/jithish/Documents/dag-dag-dag/.venv/lib/python3.10/site-packages/airflow/example_dags/example_skip_dag.py took 0.096 seconds
[2024-05-15T03:40:49.812+0800] {processor.py:161} INFO - Started process (PID=93428) to work on /home/jithish/Documents/dag-dag-dag/.venv/lib/python3.10/site-packages/airflow/example_dags/example_skip_dag.py
[2024-05-15T03:40:49.875+0800] {processor.py:830} INFO - Processing file /home/jithish/Documents/dag-dag-dag/.venv/lib/python3.10/site-packages/airflow/example_dags/example_skip_dag.py for tasks to queue
[2024-05-15T03:40:49.881+0800] {logging_mixin.py:188} INFO - [2024-05-15T03:40:49.879+0800] {dagbag.py:545} INFO - Filling up the DagBag from /home/jithish/Documents/dag-dag-dag/.venv/lib/python3.10/site-packages/airflow/example_dags/example_skip_dag.py
[2024-05-15T03:40:49.904+0800] {processor.py:840} INFO - DAG(s) 'example_skip_dag' retrieved from /home/jithish/Documents/dag-dag-dag/.venv/lib/python3.10/site-packages/airflow/example_dags/example_skip_dag.py
[2024-05-15T03:40:49.929+0800] {logging_mixin.py:188} INFO - [2024-05-15T03:40:49.929+0800] {dag.py:3096} INFO - Sync 1 DAGs
[2024-05-15T03:40:49.945+0800] {logging_mixin.py:188} INFO - [2024-05-15T03:40:49.945+0800] {dag.py:3954} INFO - Setting next_dagrun for example_skip_dag to 2024-05-13 00:00:00+00:00, run_after=2024-05-14 00:00:00+00:00
[2024-05-15T03:40:49.966+0800] {processor.py:183} INFO - Processing /home/jithish/Documents/dag-dag-dag/.venv/lib/python3.10/site-packages/airflow/example_dags/example_skip_dag.py took 0.168 seconds
[2024-05-15T03:41:47.489+0800] {processor.py:161} INFO - Started process (PID=94227) to work on /home/jithish/Documents/dag-dag-dag/.venv/lib/python3.10/site-packages/airflow/example_dags/example_skip_dag.py
[2024-05-15T03:41:47.551+0800] {processor.py:830} INFO - Processing file /home/jithish/Documents/dag-dag-dag/.venv/lib/python3.10/site-packages/airflow/example_dags/example_skip_dag.py for tasks to queue
[2024-05-15T03:41:47.553+0800] {logging_mixin.py:188} INFO - [2024-05-15T03:41:47.553+0800] {dagbag.py:545} INFO - Filling up the DagBag from /home/jithish/Documents/dag-dag-dag/.venv/lib/python3.10/site-packages/airflow/example_dags/example_skip_dag.py
[2024-05-15T03:41:47.560+0800] {processor.py:840} INFO - DAG(s) 'example_skip_dag' retrieved from /home/jithish/Documents/dag-dag-dag/.venv/lib/python3.10/site-packages/airflow/example_dags/example_skip_dag.py
[2024-05-15T03:41:47.578+0800] {logging_mixin.py:188} INFO - [2024-05-15T03:41:47.578+0800] {dag.py:3096} INFO - Sync 1 DAGs
[2024-05-15T03:41:47.593+0800] {logging_mixin.py:188} INFO - [2024-05-15T03:41:47.593+0800] {dag.py:3954} INFO - Setting next_dagrun for example_skip_dag to 2024-05-13 00:00:00+00:00, run_after=2024-05-14 00:00:00+00:00
[2024-05-15T03:41:47.612+0800] {processor.py:183} INFO - Processing /home/jithish/Documents/dag-dag-dag/.venv/lib/python3.10/site-packages/airflow/example_dags/example_skip_dag.py took 0.134 seconds
[2024-05-15T03:42:40.886+0800] {processor.py:161} INFO - Started process (PID=94985) to work on /home/jithish/Documents/dag-dag-dag/.venv/lib/python3.10/site-packages/airflow/example_dags/example_skip_dag.py
[2024-05-15T03:42:40.948+0800] {processor.py:830} INFO - Processing file /home/jithish/Documents/dag-dag-dag/.venv/lib/python3.10/site-packages/airflow/example_dags/example_skip_dag.py for tasks to queue
[2024-05-15T03:42:40.955+0800] {logging_mixin.py:188} INFO - [2024-05-15T03:42:40.953+0800] {dagbag.py:545} INFO - Filling up the DagBag from /home/jithish/Documents/dag-dag-dag/.venv/lib/python3.10/site-packages/airflow/example_dags/example_skip_dag.py
[2024-05-15T03:42:40.978+0800] {processor.py:840} INFO - DAG(s) 'example_skip_dag' retrieved from /home/jithish/Documents/dag-dag-dag/.venv/lib/python3.10/site-packages/airflow/example_dags/example_skip_dag.py
[2024-05-15T03:42:41.003+0800] {logging_mixin.py:188} INFO - [2024-05-15T03:42:41.003+0800] {dag.py:3096} INFO - Sync 1 DAGs
[2024-05-15T03:42:41.020+0800] {logging_mixin.py:188} INFO - [2024-05-15T03:42:41.020+0800] {dag.py:3954} INFO - Setting next_dagrun for example_skip_dag to 2024-05-13 00:00:00+00:00, run_after=2024-05-14 00:00:00+00:00
[2024-05-15T03:42:41.038+0800] {processor.py:183} INFO - Processing /home/jithish/Documents/dag-dag-dag/.venv/lib/python3.10/site-packages/airflow/example_dags/example_skip_dag.py took 0.156 seconds
[2024-05-15T03:43:33.186+0800] {processor.py:161} INFO - Started process (PID=95712) to work on /home/jithish/Documents/dag-dag-dag/.venv/lib/python3.10/site-packages/airflow/example_dags/example_skip_dag.py
[2024-05-15T03:43:33.247+0800] {processor.py:830} INFO - Processing file /home/jithish/Documents/dag-dag-dag/.venv/lib/python3.10/site-packages/airflow/example_dags/example_skip_dag.py for tasks to queue
[2024-05-15T03:43:33.249+0800] {logging_mixin.py:188} INFO - [2024-05-15T03:43:33.248+0800] {dagbag.py:545} INFO - Filling up the DagBag from /home/jithish/Documents/dag-dag-dag/.venv/lib/python3.10/site-packages/airflow/example_dags/example_skip_dag.py
[2024-05-15T03:43:33.255+0800] {processor.py:840} INFO - DAG(s) 'example_skip_dag' retrieved from /home/jithish/Documents/dag-dag-dag/.venv/lib/python3.10/site-packages/airflow/example_dags/example_skip_dag.py
[2024-05-15T03:43:33.267+0800] {logging_mixin.py:188} INFO - [2024-05-15T03:43:33.267+0800] {dag.py:3096} INFO - Sync 1 DAGs
[2024-05-15T03:43:33.282+0800] {logging_mixin.py:188} INFO - [2024-05-15T03:43:33.282+0800] {dag.py:3954} INFO - Setting next_dagrun for example_skip_dag to 2024-05-13 00:00:00+00:00, run_after=2024-05-14 00:00:00+00:00
[2024-05-15T03:43:33.302+0800] {processor.py:183} INFO - Processing /home/jithish/Documents/dag-dag-dag/.venv/lib/python3.10/site-packages/airflow/example_dags/example_skip_dag.py took 0.128 seconds
[2024-05-15T03:44:29.451+0800] {processor.py:161} INFO - Started process (PID=96625) to work on /home/jithish/Documents/dag-dag-dag/.venv/lib/python3.10/site-packages/airflow/example_dags/example_skip_dag.py
[2024-05-15T03:44:29.513+0800] {processor.py:830} INFO - Processing file /home/jithish/Documents/dag-dag-dag/.venv/lib/python3.10/site-packages/airflow/example_dags/example_skip_dag.py for tasks to queue
[2024-05-15T03:44:29.518+0800] {logging_mixin.py:188} INFO - [2024-05-15T03:44:29.517+0800] {dagbag.py:545} INFO - Filling up the DagBag from /home/jithish/Documents/dag-dag-dag/.venv/lib/python3.10/site-packages/airflow/example_dags/example_skip_dag.py
[2024-05-15T03:44:29.538+0800] {processor.py:840} INFO - DAG(s) 'example_skip_dag' retrieved from /home/jithish/Documents/dag-dag-dag/.venv/lib/python3.10/site-packages/airflow/example_dags/example_skip_dag.py
[2024-05-15T03:44:29.566+0800] {logging_mixin.py:188} INFO - [2024-05-15T03:44:29.566+0800] {dag.py:3096} INFO - Sync 1 DAGs
[2024-05-15T03:44:29.582+0800] {logging_mixin.py:188} INFO - [2024-05-15T03:44:29.582+0800] {dag.py:3954} INFO - Setting next_dagrun for example_skip_dag to 2024-05-13 00:00:00+00:00, run_after=2024-05-14 00:00:00+00:00
[2024-05-15T03:44:29.602+0800] {processor.py:183} INFO - Processing /home/jithish/Documents/dag-dag-dag/.venv/lib/python3.10/site-packages/airflow/example_dags/example_skip_dag.py took 0.154 seconds
[2024-05-15T03:45:26.825+0800] {processor.py:161} INFO - Started process (PID=97185) to work on /home/jithish/Documents/dag-dag-dag/.venv/lib/python3.10/site-packages/airflow/example_dags/example_skip_dag.py
[2024-05-15T03:45:26.829+0800] {processor.py:830} INFO - Processing file /home/jithish/Documents/dag-dag-dag/.venv/lib/python3.10/site-packages/airflow/example_dags/example_skip_dag.py for tasks to queue
[2024-05-15T03:45:26.834+0800] {logging_mixin.py:188} INFO - [2024-05-15T03:45:26.832+0800] {dagbag.py:545} INFO - Filling up the DagBag from /home/jithish/Documents/dag-dag-dag/.venv/lib/python3.10/site-packages/airflow/example_dags/example_skip_dag.py
[2024-05-15T03:45:26.847+0800] {processor.py:840} INFO - DAG(s) 'example_skip_dag' retrieved from /home/jithish/Documents/dag-dag-dag/.venv/lib/python3.10/site-packages/airflow/example_dags/example_skip_dag.py
[2024-05-15T03:45:26.865+0800] {logging_mixin.py:188} INFO - [2024-05-15T03:45:26.864+0800] {dag.py:3096} INFO - Sync 1 DAGs
[2024-05-15T03:45:26.879+0800] {logging_mixin.py:188} INFO - [2024-05-15T03:45:26.879+0800] {dag.py:3954} INFO - Setting next_dagrun for example_skip_dag to 2024-05-13 00:00:00+00:00, run_after=2024-05-14 00:00:00+00:00
[2024-05-15T03:45:26.897+0800] {processor.py:183} INFO - Processing /home/jithish/Documents/dag-dag-dag/.venv/lib/python3.10/site-packages/airflow/example_dags/example_skip_dag.py took 0.081 seconds
[2024-05-15T03:46:28.438+0800] {processor.py:161} INFO - Started process (PID=98156) to work on /home/jithish/Documents/dag-dag-dag/.venv/lib/python3.10/site-packages/airflow/example_dags/example_skip_dag.py
[2024-05-15T03:46:28.453+0800] {processor.py:830} INFO - Processing file /home/jithish/Documents/dag-dag-dag/.venv/lib/python3.10/site-packages/airflow/example_dags/example_skip_dag.py for tasks to queue
[2024-05-15T03:46:28.456+0800] {logging_mixin.py:188} INFO - [2024-05-15T03:46:28.455+0800] {dagbag.py:545} INFO - Filling up the DagBag from /home/jithish/Documents/dag-dag-dag/.venv/lib/python3.10/site-packages/airflow/example_dags/example_skip_dag.py
[2024-05-15T03:46:28.464+0800] {processor.py:840} INFO - DAG(s) 'example_skip_dag' retrieved from /home/jithish/Documents/dag-dag-dag/.venv/lib/python3.10/site-packages/airflow/example_dags/example_skip_dag.py
[2024-05-15T03:46:28.480+0800] {logging_mixin.py:188} INFO - [2024-05-15T03:46:28.480+0800] {dag.py:3096} INFO - Sync 1 DAGs
[2024-05-15T03:46:28.496+0800] {logging_mixin.py:188} INFO - [2024-05-15T03:46:28.496+0800] {dag.py:3954} INFO - Setting next_dagrun for example_skip_dag to 2024-05-13 00:00:00+00:00, run_after=2024-05-14 00:00:00+00:00
[2024-05-15T03:46:28.518+0800] {processor.py:183} INFO - Processing /home/jithish/Documents/dag-dag-dag/.venv/lib/python3.10/site-packages/airflow/example_dags/example_skip_dag.py took 0.097 seconds
[2024-05-15T03:47:27.367+0800] {processor.py:161} INFO - Started process (PID=98980) to work on /home/jithish/Documents/dag-dag-dag/.venv/lib/python3.10/site-packages/airflow/example_dags/example_skip_dag.py
[2024-05-15T03:47:27.367+0800] {processor.py:830} INFO - Processing file /home/jithish/Documents/dag-dag-dag/.venv/lib/python3.10/site-packages/airflow/example_dags/example_skip_dag.py for tasks to queue
[2024-05-15T03:47:27.369+0800] {logging_mixin.py:188} INFO - [2024-05-15T03:47:27.368+0800] {dagbag.py:545} INFO - Filling up the DagBag from /home/jithish/Documents/dag-dag-dag/.venv/lib/python3.10/site-packages/airflow/example_dags/example_skip_dag.py
[2024-05-15T03:47:27.373+0800] {processor.py:840} INFO - DAG(s) 'example_skip_dag' retrieved from /home/jithish/Documents/dag-dag-dag/.venv/lib/python3.10/site-packages/airflow/example_dags/example_skip_dag.py
[2024-05-15T03:47:27.387+0800] {logging_mixin.py:188} INFO - [2024-05-15T03:47:27.386+0800] {dag.py:3096} INFO - Sync 1 DAGs
[2024-05-15T03:47:27.401+0800] {logging_mixin.py:188} INFO - [2024-05-15T03:47:27.401+0800] {dag.py:3954} INFO - Setting next_dagrun for example_skip_dag to 2024-05-13 00:00:00+00:00, run_after=2024-05-14 00:00:00+00:00
[2024-05-15T03:47:27.421+0800] {processor.py:183} INFO - Processing /home/jithish/Documents/dag-dag-dag/.venv/lib/python3.10/site-packages/airflow/example_dags/example_skip_dag.py took 0.062 seconds
[2024-05-15T03:48:19.470+0800] {processor.py:161} INFO - Started process (PID=99692) to work on /home/jithish/Documents/dag-dag-dag/.venv/lib/python3.10/site-packages/airflow/example_dags/example_skip_dag.py
[2024-05-15T03:48:19.534+0800] {processor.py:830} INFO - Processing file /home/jithish/Documents/dag-dag-dag/.venv/lib/python3.10/site-packages/airflow/example_dags/example_skip_dag.py for tasks to queue
[2024-05-15T03:48:19.535+0800] {logging_mixin.py:188} INFO - [2024-05-15T03:48:19.535+0800] {dagbag.py:545} INFO - Filling up the DagBag from /home/jithish/Documents/dag-dag-dag/.venv/lib/python3.10/site-packages/airflow/example_dags/example_skip_dag.py
[2024-05-15T03:48:19.543+0800] {processor.py:840} INFO - DAG(s) 'example_skip_dag' retrieved from /home/jithish/Documents/dag-dag-dag/.venv/lib/python3.10/site-packages/airflow/example_dags/example_skip_dag.py
[2024-05-15T03:48:19.559+0800] {logging_mixin.py:188} INFO - [2024-05-15T03:48:19.559+0800] {dag.py:3096} INFO - Sync 1 DAGs
[2024-05-15T03:48:19.576+0800] {logging_mixin.py:188} INFO - [2024-05-15T03:48:19.575+0800] {dag.py:3954} INFO - Setting next_dagrun for example_skip_dag to 2024-05-13 00:00:00+00:00, run_after=2024-05-14 00:00:00+00:00
[2024-05-15T03:48:19.596+0800] {processor.py:183} INFO - Processing /home/jithish/Documents/dag-dag-dag/.venv/lib/python3.10/site-packages/airflow/example_dags/example_skip_dag.py took 0.130 seconds
[2024-05-15T03:49:12.519+0800] {processor.py:161} INFO - Started process (PID=100485) to work on /home/jithish/Documents/dag-dag-dag/.venv/lib/python3.10/site-packages/airflow/example_dags/example_skip_dag.py
[2024-05-15T03:49:12.553+0800] {processor.py:830} INFO - Processing file /home/jithish/Documents/dag-dag-dag/.venv/lib/python3.10/site-packages/airflow/example_dags/example_skip_dag.py for tasks to queue
[2024-05-15T03:49:12.555+0800] {logging_mixin.py:188} INFO - [2024-05-15T03:49:12.554+0800] {dagbag.py:545} INFO - Filling up the DagBag from /home/jithish/Documents/dag-dag-dag/.venv/lib/python3.10/site-packages/airflow/example_dags/example_skip_dag.py
[2024-05-15T03:49:12.560+0800] {processor.py:840} INFO - DAG(s) 'example_skip_dag' retrieved from /home/jithish/Documents/dag-dag-dag/.venv/lib/python3.10/site-packages/airflow/example_dags/example_skip_dag.py
[2024-05-15T03:49:12.574+0800] {logging_mixin.py:188} INFO - [2024-05-15T03:49:12.574+0800] {dag.py:3096} INFO - Sync 1 DAGs
[2024-05-15T03:49:12.589+0800] {logging_mixin.py:188} INFO - [2024-05-15T03:49:12.589+0800] {dag.py:3954} INFO - Setting next_dagrun for example_skip_dag to 2024-05-13 00:00:00+00:00, run_after=2024-05-14 00:00:00+00:00
[2024-05-15T03:49:12.607+0800] {processor.py:183} INFO - Processing /home/jithish/Documents/dag-dag-dag/.venv/lib/python3.10/site-packages/airflow/example_dags/example_skip_dag.py took 0.099 seconds
[2024-05-15T03:50:10.135+0800] {processor.py:161} INFO - Started process (PID=101276) to work on /home/jithish/Documents/dag-dag-dag/.venv/lib/python3.10/site-packages/airflow/example_dags/example_skip_dag.py
[2024-05-15T03:50:10.196+0800] {processor.py:830} INFO - Processing file /home/jithish/Documents/dag-dag-dag/.venv/lib/python3.10/site-packages/airflow/example_dags/example_skip_dag.py for tasks to queue
[2024-05-15T03:50:10.202+0800] {logging_mixin.py:188} INFO - [2024-05-15T03:50:10.200+0800] {dagbag.py:545} INFO - Filling up the DagBag from /home/jithish/Documents/dag-dag-dag/.venv/lib/python3.10/site-packages/airflow/example_dags/example_skip_dag.py
[2024-05-15T03:50:10.222+0800] {processor.py:840} INFO - DAG(s) 'example_skip_dag' retrieved from /home/jithish/Documents/dag-dag-dag/.venv/lib/python3.10/site-packages/airflow/example_dags/example_skip_dag.py
[2024-05-15T03:50:10.248+0800] {logging_mixin.py:188} INFO - [2024-05-15T03:50:10.247+0800] {dag.py:3096} INFO - Sync 1 DAGs
[2024-05-15T03:50:10.264+0800] {logging_mixin.py:188} INFO - [2024-05-15T03:50:10.264+0800] {dag.py:3954} INFO - Setting next_dagrun for example_skip_dag to 2024-05-13 00:00:00+00:00, run_after=2024-05-14 00:00:00+00:00
[2024-05-15T03:50:10.284+0800] {processor.py:183} INFO - Processing /home/jithish/Documents/dag-dag-dag/.venv/lib/python3.10/site-packages/airflow/example_dags/example_skip_dag.py took 0.155 seconds
[2024-05-15T03:51:07.582+0800] {processor.py:161} INFO - Started process (PID=102164) to work on /home/jithish/Documents/dag-dag-dag/.venv/lib/python3.10/site-packages/airflow/example_dags/example_skip_dag.py
[2024-05-15T03:51:07.644+0800] {processor.py:830} INFO - Processing file /home/jithish/Documents/dag-dag-dag/.venv/lib/python3.10/site-packages/airflow/example_dags/example_skip_dag.py for tasks to queue
[2024-05-15T03:51:07.649+0800] {logging_mixin.py:188} INFO - [2024-05-15T03:51:07.647+0800] {dagbag.py:545} INFO - Filling up the DagBag from /home/jithish/Documents/dag-dag-dag/.venv/lib/python3.10/site-packages/airflow/example_dags/example_skip_dag.py
[2024-05-15T03:51:07.663+0800] {processor.py:840} INFO - DAG(s) 'example_skip_dag' retrieved from /home/jithish/Documents/dag-dag-dag/.venv/lib/python3.10/site-packages/airflow/example_dags/example_skip_dag.py
[2024-05-15T03:51:07.683+0800] {logging_mixin.py:188} INFO - [2024-05-15T03:51:07.683+0800] {dag.py:3096} INFO - Sync 1 DAGs
[2024-05-15T03:51:07.698+0800] {logging_mixin.py:188} INFO - [2024-05-15T03:51:07.698+0800] {dag.py:3954} INFO - Setting next_dagrun for example_skip_dag to 2024-05-13 00:00:00+00:00, run_after=2024-05-14 00:00:00+00:00
[2024-05-15T03:51:07.714+0800] {processor.py:183} INFO - Processing /home/jithish/Documents/dag-dag-dag/.venv/lib/python3.10/site-packages/airflow/example_dags/example_skip_dag.py took 0.139 seconds
[2024-05-15T03:52:00.507+0800] {processor.py:161} INFO - Started process (PID=102708) to work on /home/jithish/Documents/dag-dag-dag/.venv/lib/python3.10/site-packages/airflow/example_dags/example_skip_dag.py
[2024-05-15T03:52:00.568+0800] {processor.py:830} INFO - Processing file /home/jithish/Documents/dag-dag-dag/.venv/lib/python3.10/site-packages/airflow/example_dags/example_skip_dag.py for tasks to queue
[2024-05-15T03:52:00.570+0800] {logging_mixin.py:188} INFO - [2024-05-15T03:52:00.569+0800] {dagbag.py:545} INFO - Filling up the DagBag from /home/jithish/Documents/dag-dag-dag/.venv/lib/python3.10/site-packages/airflow/example_dags/example_skip_dag.py
[2024-05-15T03:52:00.575+0800] {processor.py:840} INFO - DAG(s) 'example_skip_dag' retrieved from /home/jithish/Documents/dag-dag-dag/.venv/lib/python3.10/site-packages/airflow/example_dags/example_skip_dag.py
[2024-05-15T03:52:00.588+0800] {logging_mixin.py:188} INFO - [2024-05-15T03:52:00.588+0800] {dag.py:3096} INFO - Sync 1 DAGs
[2024-05-15T03:52:00.604+0800] {logging_mixin.py:188} INFO - [2024-05-15T03:52:00.603+0800] {dag.py:3954} INFO - Setting next_dagrun for example_skip_dag to 2024-05-13 00:00:00+00:00, run_after=2024-05-14 00:00:00+00:00
[2024-05-15T03:52:00.624+0800] {processor.py:183} INFO - Processing /home/jithish/Documents/dag-dag-dag/.venv/lib/python3.10/site-packages/airflow/example_dags/example_skip_dag.py took 0.131 seconds
[2024-05-15T03:53:14.158+0800] {processor.py:161} INFO - Started process (PID=103476) to work on /home/jithish/Documents/dag-dag-dag/.venv/lib/python3.10/site-packages/airflow/example_dags/example_skip_dag.py
[2024-05-15T03:53:14.219+0800] {processor.py:830} INFO - Processing file /home/jithish/Documents/dag-dag-dag/.venv/lib/python3.10/site-packages/airflow/example_dags/example_skip_dag.py for tasks to queue
[2024-05-15T03:53:14.221+0800] {logging_mixin.py:188} INFO - [2024-05-15T03:53:14.220+0800] {dagbag.py:545} INFO - Filling up the DagBag from /home/jithish/Documents/dag-dag-dag/.venv/lib/python3.10/site-packages/airflow/example_dags/example_skip_dag.py
[2024-05-15T03:53:14.225+0800] {processor.py:840} INFO - DAG(s) 'example_skip_dag' retrieved from /home/jithish/Documents/dag-dag-dag/.venv/lib/python3.10/site-packages/airflow/example_dags/example_skip_dag.py
[2024-05-15T03:53:14.237+0800] {logging_mixin.py:188} INFO - [2024-05-15T03:53:14.237+0800] {dag.py:3096} INFO - Sync 1 DAGs
[2024-05-15T03:53:14.250+0800] {logging_mixin.py:188} INFO - [2024-05-15T03:53:14.250+0800] {dag.py:3954} INFO - Setting next_dagrun for example_skip_dag to 2024-05-13 00:00:00+00:00, run_after=2024-05-14 00:00:00+00:00
[2024-05-15T03:53:14.281+0800] {processor.py:183} INFO - Processing /home/jithish/Documents/dag-dag-dag/.venv/lib/python3.10/site-packages/airflow/example_dags/example_skip_dag.py took 0.129 seconds
[2024-05-15T03:54:10.107+0800] {processor.py:161} INFO - Started process (PID=104246) to work on /home/jithish/Documents/dag-dag-dag/.venv/lib/python3.10/site-packages/airflow/example_dags/example_skip_dag.py
[2024-05-15T03:54:10.108+0800] {processor.py:830} INFO - Processing file /home/jithish/Documents/dag-dag-dag/.venv/lib/python3.10/site-packages/airflow/example_dags/example_skip_dag.py for tasks to queue
[2024-05-15T03:54:10.109+0800] {logging_mixin.py:188} INFO - [2024-05-15T03:54:10.109+0800] {dagbag.py:545} INFO - Filling up the DagBag from /home/jithish/Documents/dag-dag-dag/.venv/lib/python3.10/site-packages/airflow/example_dags/example_skip_dag.py
[2024-05-15T03:54:10.114+0800] {processor.py:840} INFO - DAG(s) 'example_skip_dag' retrieved from /home/jithish/Documents/dag-dag-dag/.venv/lib/python3.10/site-packages/airflow/example_dags/example_skip_dag.py
[2024-05-15T03:54:10.129+0800] {logging_mixin.py:188} INFO - [2024-05-15T03:54:10.129+0800] {dag.py:3096} INFO - Sync 1 DAGs
[2024-05-15T03:54:10.147+0800] {logging_mixin.py:188} INFO - [2024-05-15T03:54:10.147+0800] {dag.py:3954} INFO - Setting next_dagrun for example_skip_dag to 2024-05-13 00:00:00+00:00, run_after=2024-05-14 00:00:00+00:00
[2024-05-15T03:54:10.167+0800] {processor.py:183} INFO - Processing /home/jithish/Documents/dag-dag-dag/.venv/lib/python3.10/site-packages/airflow/example_dags/example_skip_dag.py took 0.067 seconds
[2024-05-15T03:55:06.422+0800] {processor.py:161} INFO - Started process (PID=104947) to work on /home/jithish/Documents/dag-dag-dag/.venv/lib/python3.10/site-packages/airflow/example_dags/example_skip_dag.py
[2024-05-15T03:55:06.423+0800] {processor.py:830} INFO - Processing file /home/jithish/Documents/dag-dag-dag/.venv/lib/python3.10/site-packages/airflow/example_dags/example_skip_dag.py for tasks to queue
[2024-05-15T03:55:06.425+0800] {logging_mixin.py:188} INFO - [2024-05-15T03:55:06.424+0800] {dagbag.py:545} INFO - Filling up the DagBag from /home/jithish/Documents/dag-dag-dag/.venv/lib/python3.10/site-packages/airflow/example_dags/example_skip_dag.py
[2024-05-15T03:55:06.431+0800] {processor.py:840} INFO - DAG(s) 'example_skip_dag' retrieved from /home/jithish/Documents/dag-dag-dag/.venv/lib/python3.10/site-packages/airflow/example_dags/example_skip_dag.py
[2024-05-15T03:55:06.444+0800] {logging_mixin.py:188} INFO - [2024-05-15T03:55:06.444+0800] {dag.py:3096} INFO - Sync 1 DAGs
[2024-05-15T03:55:06.459+0800] {logging_mixin.py:188} INFO - [2024-05-15T03:55:06.459+0800] {dag.py:3954} INFO - Setting next_dagrun for example_skip_dag to 2024-05-13 00:00:00+00:00, run_after=2024-05-14 00:00:00+00:00
[2024-05-15T03:55:06.472+0800] {processor.py:183} INFO - Processing /home/jithish/Documents/dag-dag-dag/.venv/lib/python3.10/site-packages/airflow/example_dags/example_skip_dag.py took 0.057 seconds
[2024-05-15T03:55:59.933+0800] {processor.py:161} INFO - Started process (PID=105536) to work on /home/jithish/Documents/dag-dag-dag/.venv/lib/python3.10/site-packages/airflow/example_dags/example_skip_dag.py
[2024-05-15T03:55:59.935+0800] {processor.py:830} INFO - Processing file /home/jithish/Documents/dag-dag-dag/.venv/lib/python3.10/site-packages/airflow/example_dags/example_skip_dag.py for tasks to queue
[2024-05-15T03:55:59.938+0800] {logging_mixin.py:188} INFO - [2024-05-15T03:55:59.938+0800] {dagbag.py:545} INFO - Filling up the DagBag from /home/jithish/Documents/dag-dag-dag/.venv/lib/python3.10/site-packages/airflow/example_dags/example_skip_dag.py
[2024-05-15T03:55:59.948+0800] {processor.py:840} INFO - DAG(s) 'example_skip_dag' retrieved from /home/jithish/Documents/dag-dag-dag/.venv/lib/python3.10/site-packages/airflow/example_dags/example_skip_dag.py
[2024-05-15T03:55:59.963+0800] {logging_mixin.py:188} INFO - [2024-05-15T03:55:59.963+0800] {dag.py:3096} INFO - Sync 1 DAGs
[2024-05-15T03:55:59.977+0800] {logging_mixin.py:188} INFO - [2024-05-15T03:55:59.977+0800] {dag.py:3954} INFO - Setting next_dagrun for example_skip_dag to 2024-05-13 00:00:00+00:00, run_after=2024-05-14 00:00:00+00:00
[2024-05-15T03:55:59.990+0800] {processor.py:183} INFO - Processing /home/jithish/Documents/dag-dag-dag/.venv/lib/python3.10/site-packages/airflow/example_dags/example_skip_dag.py took 0.076 seconds
[2024-05-15T03:57:12.897+0800] {processor.py:161} INFO - Started process (PID=106252) to work on /home/jithish/Documents/dag-dag-dag/.venv/lib/python3.10/site-packages/airflow/example_dags/example_skip_dag.py
[2024-05-15T03:57:12.959+0800] {processor.py:830} INFO - Processing file /home/jithish/Documents/dag-dag-dag/.venv/lib/python3.10/site-packages/airflow/example_dags/example_skip_dag.py for tasks to queue
[2024-05-15T03:57:12.964+0800] {logging_mixin.py:188} INFO - [2024-05-15T03:57:12.962+0800] {dagbag.py:545} INFO - Filling up the DagBag from /home/jithish/Documents/dag-dag-dag/.venv/lib/python3.10/site-packages/airflow/example_dags/example_skip_dag.py
[2024-05-15T03:57:12.985+0800] {processor.py:840} INFO - DAG(s) 'example_skip_dag' retrieved from /home/jithish/Documents/dag-dag-dag/.venv/lib/python3.10/site-packages/airflow/example_dags/example_skip_dag.py
[2024-05-15T03:57:13.008+0800] {logging_mixin.py:188} INFO - [2024-05-15T03:57:13.007+0800] {dag.py:3096} INFO - Sync 1 DAGs
[2024-05-15T03:57:13.022+0800] {logging_mixin.py:188} INFO - [2024-05-15T03:57:13.022+0800] {dag.py:3954} INFO - Setting next_dagrun for example_skip_dag to 2024-05-13 00:00:00+00:00, run_after=2024-05-14 00:00:00+00:00
[2024-05-15T03:57:13.039+0800] {processor.py:183} INFO - Processing /home/jithish/Documents/dag-dag-dag/.venv/lib/python3.10/site-packages/airflow/example_dags/example_skip_dag.py took 0.149 seconds
[2024-05-15T03:58:20.896+0800] {processor.py:161} INFO - Started process (PID=106886) to work on /home/jithish/Documents/dag-dag-dag/.venv/lib/python3.10/site-packages/airflow/example_dags/example_skip_dag.py
[2024-05-15T03:58:20.957+0800] {processor.py:830} INFO - Processing file /home/jithish/Documents/dag-dag-dag/.venv/lib/python3.10/site-packages/airflow/example_dags/example_skip_dag.py for tasks to queue
[2024-05-15T03:58:20.958+0800] {logging_mixin.py:188} INFO - [2024-05-15T03:58:20.958+0800] {dagbag.py:545} INFO - Filling up the DagBag from /home/jithish/Documents/dag-dag-dag/.venv/lib/python3.10/site-packages/airflow/example_dags/example_skip_dag.py
[2024-05-15T03:58:20.964+0800] {processor.py:840} INFO - DAG(s) 'example_skip_dag' retrieved from /home/jithish/Documents/dag-dag-dag/.venv/lib/python3.10/site-packages/airflow/example_dags/example_skip_dag.py
[2024-05-15T03:58:20.977+0800] {logging_mixin.py:188} INFO - [2024-05-15T03:58:20.976+0800] {dag.py:3096} INFO - Sync 1 DAGs
[2024-05-15T03:58:20.991+0800] {logging_mixin.py:188} INFO - [2024-05-15T03:58:20.991+0800] {dag.py:3954} INFO - Setting next_dagrun for example_skip_dag to 2024-05-13 00:00:00+00:00, run_after=2024-05-14 00:00:00+00:00
[2024-05-15T03:58:21.012+0800] {processor.py:183} INFO - Processing /home/jithish/Documents/dag-dag-dag/.venv/lib/python3.10/site-packages/airflow/example_dags/example_skip_dag.py took 0.121 seconds
[2024-05-15T03:59:33.539+0800] {processor.py:161} INFO - Started process (PID=107636) to work on /home/jithish/Documents/dag-dag-dag/.venv/lib/python3.10/site-packages/airflow/example_dags/example_skip_dag.py
[2024-05-15T03:59:33.600+0800] {processor.py:830} INFO - Processing file /home/jithish/Documents/dag-dag-dag/.venv/lib/python3.10/site-packages/airflow/example_dags/example_skip_dag.py for tasks to queue
[2024-05-15T03:59:33.602+0800] {logging_mixin.py:188} INFO - [2024-05-15T03:59:33.601+0800] {dagbag.py:545} INFO - Filling up the DagBag from /home/jithish/Documents/dag-dag-dag/.venv/lib/python3.10/site-packages/airflow/example_dags/example_skip_dag.py
[2024-05-15T03:59:33.608+0800] {processor.py:840} INFO - DAG(s) 'example_skip_dag' retrieved from /home/jithish/Documents/dag-dag-dag/.venv/lib/python3.10/site-packages/airflow/example_dags/example_skip_dag.py
[2024-05-15T03:59:33.627+0800] {logging_mixin.py:188} INFO - [2024-05-15T03:59:33.627+0800] {dag.py:3096} INFO - Sync 1 DAGs
[2024-05-15T03:59:33.647+0800] {logging_mixin.py:188} INFO - [2024-05-15T03:59:33.647+0800] {dag.py:3954} INFO - Setting next_dagrun for example_skip_dag to 2024-05-13 00:00:00+00:00, run_after=2024-05-14 00:00:00+00:00
[2024-05-15T03:59:33.667+0800] {processor.py:183} INFO - Processing /home/jithish/Documents/dag-dag-dag/.venv/lib/python3.10/site-packages/airflow/example_dags/example_skip_dag.py took 0.132 seconds
[2024-05-15T04:00:44.864+0800] {processor.py:161} INFO - Started process (PID=108219) to work on /home/jithish/Documents/dag-dag-dag/.venv/lib/python3.10/site-packages/airflow/example_dags/example_skip_dag.py
[2024-05-15T04:00:44.926+0800] {processor.py:830} INFO - Processing file /home/jithish/Documents/dag-dag-dag/.venv/lib/python3.10/site-packages/airflow/example_dags/example_skip_dag.py for tasks to queue
[2024-05-15T04:00:44.931+0800] {logging_mixin.py:188} INFO - [2024-05-15T04:00:44.930+0800] {dagbag.py:545} INFO - Filling up the DagBag from /home/jithish/Documents/dag-dag-dag/.venv/lib/python3.10/site-packages/airflow/example_dags/example_skip_dag.py
[2024-05-15T04:00:44.952+0800] {processor.py:840} INFO - DAG(s) 'example_skip_dag' retrieved from /home/jithish/Documents/dag-dag-dag/.venv/lib/python3.10/site-packages/airflow/example_dags/example_skip_dag.py
[2024-05-15T04:00:44.978+0800] {logging_mixin.py:188} INFO - [2024-05-15T04:00:44.977+0800] {dag.py:3096} INFO - Sync 1 DAGs
[2024-05-15T04:00:44.993+0800] {logging_mixin.py:188} INFO - [2024-05-15T04:00:44.993+0800] {dag.py:3954} INFO - Setting next_dagrun for example_skip_dag to 2024-05-13 00:00:00+00:00, run_after=2024-05-14 00:00:00+00:00
[2024-05-15T04:00:45.010+0800] {processor.py:183} INFO - Processing /home/jithish/Documents/dag-dag-dag/.venv/lib/python3.10/site-packages/airflow/example_dags/example_skip_dag.py took 0.150 seconds
[2024-05-15T04:01:34.811+0800] {processor.py:161} INFO - Started process (PID=108641) to work on /home/jithish/Documents/dag-dag-dag/.venv/lib/python3.10/site-packages/airflow/example_dags/example_skip_dag.py
[2024-05-15T04:01:34.823+0800] {processor.py:830} INFO - Processing file /home/jithish/Documents/dag-dag-dag/.venv/lib/python3.10/site-packages/airflow/example_dags/example_skip_dag.py for tasks to queue
[2024-05-15T04:01:34.825+0800] {logging_mixin.py:188} INFO - [2024-05-15T04:01:34.825+0800] {dagbag.py:545} INFO - Filling up the DagBag from /home/jithish/Documents/dag-dag-dag/.venv/lib/python3.10/site-packages/airflow/example_dags/example_skip_dag.py
[2024-05-15T04:01:34.830+0800] {processor.py:840} INFO - DAG(s) 'example_skip_dag' retrieved from /home/jithish/Documents/dag-dag-dag/.venv/lib/python3.10/site-packages/airflow/example_dags/example_skip_dag.py
[2024-05-15T04:01:34.842+0800] {logging_mixin.py:188} INFO - [2024-05-15T04:01:34.841+0800] {dag.py:3096} INFO - Sync 1 DAGs
[2024-05-15T04:01:34.854+0800] {logging_mixin.py:188} INFO - [2024-05-15T04:01:34.854+0800] {dag.py:3954} INFO - Setting next_dagrun for example_skip_dag to 2024-05-13 00:00:00+00:00, run_after=2024-05-14 00:00:00+00:00
[2024-05-15T04:01:34.879+0800] {processor.py:183} INFO - Processing /home/jithish/Documents/dag-dag-dag/.venv/lib/python3.10/site-packages/airflow/example_dags/example_skip_dag.py took 0.072 seconds
[2024-05-15T04:02:48.769+0800] {processor.py:161} INFO - Started process (PID=109370) to work on /home/jithish/Documents/dag-dag-dag/.venv/lib/python3.10/site-packages/airflow/example_dags/example_skip_dag.py
[2024-05-15T04:02:48.769+0800] {processor.py:830} INFO - Processing file /home/jithish/Documents/dag-dag-dag/.venv/lib/python3.10/site-packages/airflow/example_dags/example_skip_dag.py for tasks to queue
[2024-05-15T04:02:48.771+0800] {logging_mixin.py:188} INFO - [2024-05-15T04:02:48.770+0800] {dagbag.py:545} INFO - Filling up the DagBag from /home/jithish/Documents/dag-dag-dag/.venv/lib/python3.10/site-packages/airflow/example_dags/example_skip_dag.py
[2024-05-15T04:02:48.777+0800] {processor.py:840} INFO - DAG(s) 'example_skip_dag' retrieved from /home/jithish/Documents/dag-dag-dag/.venv/lib/python3.10/site-packages/airflow/example_dags/example_skip_dag.py
[2024-05-15T04:02:48.802+0800] {logging_mixin.py:188} INFO - [2024-05-15T04:02:48.801+0800] {dag.py:3096} INFO - Sync 1 DAGs
[2024-05-15T04:02:48.821+0800] {logging_mixin.py:188} INFO - [2024-05-15T04:02:48.821+0800] {dag.py:3954} INFO - Setting next_dagrun for example_skip_dag to 2024-05-13 00:00:00+00:00, run_after=2024-05-14 00:00:00+00:00
[2024-05-15T04:02:48.841+0800] {processor.py:183} INFO - Processing /home/jithish/Documents/dag-dag-dag/.venv/lib/python3.10/site-packages/airflow/example_dags/example_skip_dag.py took 0.077 seconds
[2024-05-15T04:03:52.139+0800] {processor.py:161} INFO - Started process (PID=110347) to work on /home/jithish/Documents/dag-dag-dag/.venv/lib/python3.10/site-packages/airflow/example_dags/example_skip_dag.py
[2024-05-15T04:03:52.201+0800] {processor.py:830} INFO - Processing file /home/jithish/Documents/dag-dag-dag/.venv/lib/python3.10/site-packages/airflow/example_dags/example_skip_dag.py for tasks to queue
[2024-05-15T04:03:52.205+0800] {logging_mixin.py:188} INFO - [2024-05-15T04:03:52.204+0800] {dagbag.py:545} INFO - Filling up the DagBag from /home/jithish/Documents/dag-dag-dag/.venv/lib/python3.10/site-packages/airflow/example_dags/example_skip_dag.py
[2024-05-15T04:03:52.213+0800] {processor.py:840} INFO - DAG(s) 'example_skip_dag' retrieved from /home/jithish/Documents/dag-dag-dag/.venv/lib/python3.10/site-packages/airflow/example_dags/example_skip_dag.py
[2024-05-15T04:03:52.238+0800] {logging_mixin.py:188} INFO - [2024-05-15T04:03:52.237+0800] {dag.py:3096} INFO - Sync 1 DAGs
[2024-05-15T04:03:52.256+0800] {logging_mixin.py:188} INFO - [2024-05-15T04:03:52.256+0800] {dag.py:3954} INFO - Setting next_dagrun for example_skip_dag to 2024-05-13 00:00:00+00:00, run_after=2024-05-14 00:00:00+00:00
[2024-05-15T04:03:52.275+0800] {processor.py:183} INFO - Processing /home/jithish/Documents/dag-dag-dag/.venv/lib/python3.10/site-packages/airflow/example_dags/example_skip_dag.py took 0.148 seconds
[2024-05-15T04:04:53.729+0800] {processor.py:161} INFO - Started process (PID=111309) to work on /home/jithish/Documents/dag-dag-dag/.venv/lib/python3.10/site-packages/airflow/example_dags/example_skip_dag.py
[2024-05-15T04:04:53.791+0800] {processor.py:830} INFO - Processing file /home/jithish/Documents/dag-dag-dag/.venv/lib/python3.10/site-packages/airflow/example_dags/example_skip_dag.py for tasks to queue
[2024-05-15T04:04:53.799+0800] {logging_mixin.py:188} INFO - [2024-05-15T04:04:53.797+0800] {dagbag.py:545} INFO - Filling up the DagBag from /home/jithish/Documents/dag-dag-dag/.venv/lib/python3.10/site-packages/airflow/example_dags/example_skip_dag.py
[2024-05-15T04:04:53.820+0800] {processor.py:840} INFO - DAG(s) 'example_skip_dag' retrieved from /home/jithish/Documents/dag-dag-dag/.venv/lib/python3.10/site-packages/airflow/example_dags/example_skip_dag.py
[2024-05-15T04:04:53.841+0800] {logging_mixin.py:188} INFO - [2024-05-15T04:04:53.841+0800] {dag.py:3096} INFO - Sync 1 DAGs
[2024-05-15T04:04:53.856+0800] {logging_mixin.py:188} INFO - [2024-05-15T04:04:53.856+0800] {dag.py:3954} INFO - Setting next_dagrun for example_skip_dag to 2024-05-13 00:00:00+00:00, run_after=2024-05-14 00:00:00+00:00
[2024-05-15T04:04:53.875+0800] {processor.py:183} INFO - Processing /home/jithish/Documents/dag-dag-dag/.venv/lib/python3.10/site-packages/airflow/example_dags/example_skip_dag.py took 0.151 seconds
[2024-05-15T04:05:48.665+0800] {processor.py:161} INFO - Started process (PID=112088) to work on /home/jithish/Documents/dag-dag-dag/.venv/lib/python3.10/site-packages/airflow/example_dags/example_skip_dag.py
[2024-05-15T04:05:48.727+0800] {processor.py:830} INFO - Processing file /home/jithish/Documents/dag-dag-dag/.venv/lib/python3.10/site-packages/airflow/example_dags/example_skip_dag.py for tasks to queue
[2024-05-15T04:05:48.731+0800] {logging_mixin.py:188} INFO - [2024-05-15T04:05:48.730+0800] {dagbag.py:545} INFO - Filling up the DagBag from /home/jithish/Documents/dag-dag-dag/.venv/lib/python3.10/site-packages/airflow/example_dags/example_skip_dag.py
[2024-05-15T04:05:48.752+0800] {processor.py:840} INFO - DAG(s) 'example_skip_dag' retrieved from /home/jithish/Documents/dag-dag-dag/.venv/lib/python3.10/site-packages/airflow/example_dags/example_skip_dag.py
[2024-05-15T04:05:48.778+0800] {logging_mixin.py:188} INFO - [2024-05-15T04:05:48.777+0800] {dag.py:3096} INFO - Sync 1 DAGs
[2024-05-15T04:05:48.801+0800] {logging_mixin.py:188} INFO - [2024-05-15T04:05:48.801+0800] {dag.py:3954} INFO - Setting next_dagrun for example_skip_dag to 2024-05-13 00:00:00+00:00, run_after=2024-05-14 00:00:00+00:00
[2024-05-15T04:05:48.825+0800] {processor.py:183} INFO - Processing /home/jithish/Documents/dag-dag-dag/.venv/lib/python3.10/site-packages/airflow/example_dags/example_skip_dag.py took 0.180 seconds
[2024-05-15T04:06:43.645+0800] {processor.py:161} INFO - Started process (PID=112873) to work on /home/jithish/Documents/dag-dag-dag/.venv/lib/python3.10/site-packages/airflow/example_dags/example_skip_dag.py
[2024-05-15T04:06:43.647+0800] {processor.py:830} INFO - Processing file /home/jithish/Documents/dag-dag-dag/.venv/lib/python3.10/site-packages/airflow/example_dags/example_skip_dag.py for tasks to queue
[2024-05-15T04:06:43.648+0800] {logging_mixin.py:188} INFO - [2024-05-15T04:06:43.648+0800] {dagbag.py:545} INFO - Filling up the DagBag from /home/jithish/Documents/dag-dag-dag/.venv/lib/python3.10/site-packages/airflow/example_dags/example_skip_dag.py
[2024-05-15T04:06:43.656+0800] {processor.py:840} INFO - DAG(s) 'example_skip_dag' retrieved from /home/jithish/Documents/dag-dag-dag/.venv/lib/python3.10/site-packages/airflow/example_dags/example_skip_dag.py
[2024-05-15T04:06:43.671+0800] {logging_mixin.py:188} INFO - [2024-05-15T04:06:43.671+0800] {dag.py:3096} INFO - Sync 1 DAGs
[2024-05-15T04:06:43.690+0800] {logging_mixin.py:188} INFO - [2024-05-15T04:06:43.689+0800] {dag.py:3954} INFO - Setting next_dagrun for example_skip_dag to 2024-05-13 00:00:00+00:00, run_after=2024-05-14 00:00:00+00:00
[2024-05-15T04:06:43.706+0800] {processor.py:183} INFO - Processing /home/jithish/Documents/dag-dag-dag/.venv/lib/python3.10/site-packages/airflow/example_dags/example_skip_dag.py took 0.067 seconds
[2024-05-15T04:07:39.780+0800] {processor.py:161} INFO - Started process (PID=113573) to work on /home/jithish/Documents/dag-dag-dag/.venv/lib/python3.10/site-packages/airflow/example_dags/example_skip_dag.py
[2024-05-15T04:07:39.842+0800] {processor.py:830} INFO - Processing file /home/jithish/Documents/dag-dag-dag/.venv/lib/python3.10/site-packages/airflow/example_dags/example_skip_dag.py for tasks to queue
[2024-05-15T04:07:39.843+0800] {logging_mixin.py:188} INFO - [2024-05-15T04:07:39.843+0800] {dagbag.py:545} INFO - Filling up the DagBag from /home/jithish/Documents/dag-dag-dag/.venv/lib/python3.10/site-packages/airflow/example_dags/example_skip_dag.py
[2024-05-15T04:07:39.850+0800] {processor.py:840} INFO - DAG(s) 'example_skip_dag' retrieved from /home/jithish/Documents/dag-dag-dag/.venv/lib/python3.10/site-packages/airflow/example_dags/example_skip_dag.py
[2024-05-15T04:07:39.869+0800] {logging_mixin.py:188} INFO - [2024-05-15T04:07:39.869+0800] {dag.py:3096} INFO - Sync 1 DAGs
[2024-05-15T04:07:39.892+0800] {logging_mixin.py:188} INFO - [2024-05-15T04:07:39.892+0800] {dag.py:3954} INFO - Setting next_dagrun for example_skip_dag to 2024-05-13 00:00:00+00:00, run_after=2024-05-14 00:00:00+00:00
[2024-05-15T04:07:39.910+0800] {processor.py:183} INFO - Processing /home/jithish/Documents/dag-dag-dag/.venv/lib/python3.10/site-packages/airflow/example_dags/example_skip_dag.py took 0.134 seconds
[2024-05-15T04:08:33.245+0800] {processor.py:161} INFO - Started process (PID=114250) to work on /home/jithish/Documents/dag-dag-dag/.venv/lib/python3.10/site-packages/airflow/example_dags/example_skip_dag.py
[2024-05-15T04:08:33.249+0800] {processor.py:830} INFO - Processing file /home/jithish/Documents/dag-dag-dag/.venv/lib/python3.10/site-packages/airflow/example_dags/example_skip_dag.py for tasks to queue
[2024-05-15T04:08:33.254+0800] {logging_mixin.py:188} INFO - [2024-05-15T04:08:33.252+0800] {dagbag.py:545} INFO - Filling up the DagBag from /home/jithish/Documents/dag-dag-dag/.venv/lib/python3.10/site-packages/airflow/example_dags/example_skip_dag.py
[2024-05-15T04:08:33.270+0800] {processor.py:840} INFO - DAG(s) 'example_skip_dag' retrieved from /home/jithish/Documents/dag-dag-dag/.venv/lib/python3.10/site-packages/airflow/example_dags/example_skip_dag.py
[2024-05-15T04:08:33.291+0800] {logging_mixin.py:188} INFO - [2024-05-15T04:08:33.291+0800] {dag.py:3096} INFO - Sync 1 DAGs
[2024-05-15T04:08:33.306+0800] {logging_mixin.py:188} INFO - [2024-05-15T04:08:33.306+0800] {dag.py:3954} INFO - Setting next_dagrun for example_skip_dag to 2024-05-13 00:00:00+00:00, run_after=2024-05-14 00:00:00+00:00
[2024-05-15T04:08:33.325+0800] {processor.py:183} INFO - Processing /home/jithish/Documents/dag-dag-dag/.venv/lib/python3.10/site-packages/airflow/example_dags/example_skip_dag.py took 0.090 seconds
[2024-05-15T04:09:32.591+0800] {processor.py:161} INFO - Started process (PID=115203) to work on /home/jithish/Documents/dag-dag-dag/.venv/lib/python3.10/site-packages/airflow/example_dags/example_skip_dag.py
[2024-05-15T04:09:32.653+0800] {processor.py:830} INFO - Processing file /home/jithish/Documents/dag-dag-dag/.venv/lib/python3.10/site-packages/airflow/example_dags/example_skip_dag.py for tasks to queue
[2024-05-15T04:09:32.654+0800] {logging_mixin.py:188} INFO - [2024-05-15T04:09:32.654+0800] {dagbag.py:545} INFO - Filling up the DagBag from /home/jithish/Documents/dag-dag-dag/.venv/lib/python3.10/site-packages/airflow/example_dags/example_skip_dag.py
[2024-05-15T04:09:32.660+0800] {processor.py:840} INFO - DAG(s) 'example_skip_dag' retrieved from /home/jithish/Documents/dag-dag-dag/.venv/lib/python3.10/site-packages/airflow/example_dags/example_skip_dag.py
[2024-05-15T04:09:32.677+0800] {logging_mixin.py:188} INFO - [2024-05-15T04:09:32.677+0800] {dag.py:3096} INFO - Sync 1 DAGs
[2024-05-15T04:09:32.692+0800] {logging_mixin.py:188} INFO - [2024-05-15T04:09:32.692+0800] {dag.py:3954} INFO - Setting next_dagrun for example_skip_dag to 2024-05-13 00:00:00+00:00, run_after=2024-05-14 00:00:00+00:00
[2024-05-15T04:09:32.708+0800] {processor.py:183} INFO - Processing /home/jithish/Documents/dag-dag-dag/.venv/lib/python3.10/site-packages/airflow/example_dags/example_skip_dag.py took 0.124 seconds
[2024-05-15T04:10:26.532+0800] {processor.py:161} INFO - Started process (PID=116001) to work on /home/jithish/Documents/dag-dag-dag/.venv/lib/python3.10/site-packages/airflow/example_dags/example_skip_dag.py
[2024-05-15T04:10:26.533+0800] {processor.py:830} INFO - Processing file /home/jithish/Documents/dag-dag-dag/.venv/lib/python3.10/site-packages/airflow/example_dags/example_skip_dag.py for tasks to queue
[2024-05-15T04:10:26.534+0800] {logging_mixin.py:188} INFO - [2024-05-15T04:10:26.534+0800] {dagbag.py:545} INFO - Filling up the DagBag from /home/jithish/Documents/dag-dag-dag/.venv/lib/python3.10/site-packages/airflow/example_dags/example_skip_dag.py
[2024-05-15T04:10:26.540+0800] {processor.py:840} INFO - DAG(s) 'example_skip_dag' retrieved from /home/jithish/Documents/dag-dag-dag/.venv/lib/python3.10/site-packages/airflow/example_dags/example_skip_dag.py
[2024-05-15T04:10:26.553+0800] {logging_mixin.py:188} INFO - [2024-05-15T04:10:26.553+0800] {dag.py:3096} INFO - Sync 1 DAGs
[2024-05-15T04:10:26.569+0800] {logging_mixin.py:188} INFO - [2024-05-15T04:10:26.568+0800] {dag.py:3954} INFO - Setting next_dagrun for example_skip_dag to 2024-05-13 00:00:00+00:00, run_after=2024-05-14 00:00:00+00:00
[2024-05-15T04:10:26.585+0800] {processor.py:183} INFO - Processing /home/jithish/Documents/dag-dag-dag/.venv/lib/python3.10/site-packages/airflow/example_dags/example_skip_dag.py took 0.060 seconds
[2024-05-15T04:11:18.862+0800] {processor.py:161} INFO - Started process (PID=116735) to work on /home/jithish/Documents/dag-dag-dag/.venv/lib/python3.10/site-packages/airflow/example_dags/example_skip_dag.py
[2024-05-15T04:11:18.887+0800] {processor.py:830} INFO - Processing file /home/jithish/Documents/dag-dag-dag/.venv/lib/python3.10/site-packages/airflow/example_dags/example_skip_dag.py for tasks to queue
[2024-05-15T04:11:18.893+0800] {logging_mixin.py:188} INFO - [2024-05-15T04:11:18.891+0800] {dagbag.py:545} INFO - Filling up the DagBag from /home/jithish/Documents/dag-dag-dag/.venv/lib/python3.10/site-packages/airflow/example_dags/example_skip_dag.py
[2024-05-15T04:11:18.913+0800] {processor.py:840} INFO - DAG(s) 'example_skip_dag' retrieved from /home/jithish/Documents/dag-dag-dag/.venv/lib/python3.10/site-packages/airflow/example_dags/example_skip_dag.py
[2024-05-15T04:11:18.935+0800] {logging_mixin.py:188} INFO - [2024-05-15T04:11:18.935+0800] {dag.py:3096} INFO - Sync 1 DAGs
[2024-05-15T04:11:18.951+0800] {logging_mixin.py:188} INFO - [2024-05-15T04:11:18.951+0800] {dag.py:3954} INFO - Setting next_dagrun for example_skip_dag to 2024-05-13 00:00:00+00:00, run_after=2024-05-14 00:00:00+00:00
[2024-05-15T04:11:18.968+0800] {processor.py:183} INFO - Processing /home/jithish/Documents/dag-dag-dag/.venv/lib/python3.10/site-packages/airflow/example_dags/example_skip_dag.py took 0.111 seconds
[2024-05-15T04:12:17.136+0800] {processor.py:161} INFO - Started process (PID=117586) to work on /home/jithish/Documents/dag-dag-dag/.venv/lib/python3.10/site-packages/airflow/example_dags/example_skip_dag.py
[2024-05-15T04:12:17.197+0800] {processor.py:830} INFO - Processing file /home/jithish/Documents/dag-dag-dag/.venv/lib/python3.10/site-packages/airflow/example_dags/example_skip_dag.py for tasks to queue
[2024-05-15T04:12:17.201+0800] {logging_mixin.py:188} INFO - [2024-05-15T04:12:17.200+0800] {dagbag.py:545} INFO - Filling up the DagBag from /home/jithish/Documents/dag-dag-dag/.venv/lib/python3.10/site-packages/airflow/example_dags/example_skip_dag.py
[2024-05-15T04:12:17.209+0800] {processor.py:840} INFO - DAG(s) 'example_skip_dag' retrieved from /home/jithish/Documents/dag-dag-dag/.venv/lib/python3.10/site-packages/airflow/example_dags/example_skip_dag.py
[2024-05-15T04:12:17.226+0800] {logging_mixin.py:188} INFO - [2024-05-15T04:12:17.225+0800] {dag.py:3096} INFO - Sync 1 DAGs
[2024-05-15T04:12:17.241+0800] {logging_mixin.py:188} INFO - [2024-05-15T04:12:17.241+0800] {dag.py:3954} INFO - Setting next_dagrun for example_skip_dag to 2024-05-13 00:00:00+00:00, run_after=2024-05-14 00:00:00+00:00
[2024-05-15T04:12:17.260+0800] {processor.py:183} INFO - Processing /home/jithish/Documents/dag-dag-dag/.venv/lib/python3.10/site-packages/airflow/example_dags/example_skip_dag.py took 0.135 seconds
[2024-05-15T04:13:13.275+0800] {processor.py:161} INFO - Started process (PID=118377) to work on /home/jithish/Documents/dag-dag-dag/.venv/lib/python3.10/site-packages/airflow/example_dags/example_skip_dag.py
[2024-05-15T04:13:13.317+0800] {processor.py:830} INFO - Processing file /home/jithish/Documents/dag-dag-dag/.venv/lib/python3.10/site-packages/airflow/example_dags/example_skip_dag.py for tasks to queue
[2024-05-15T04:13:13.319+0800] {logging_mixin.py:188} INFO - [2024-05-15T04:13:13.319+0800] {dagbag.py:545} INFO - Filling up the DagBag from /home/jithish/Documents/dag-dag-dag/.venv/lib/python3.10/site-packages/airflow/example_dags/example_skip_dag.py
[2024-05-15T04:13:13.323+0800] {processor.py:840} INFO - DAG(s) 'example_skip_dag' retrieved from /home/jithish/Documents/dag-dag-dag/.venv/lib/python3.10/site-packages/airflow/example_dags/example_skip_dag.py
[2024-05-15T04:13:13.336+0800] {logging_mixin.py:188} INFO - [2024-05-15T04:13:13.336+0800] {dag.py:3096} INFO - Sync 1 DAGs
[2024-05-15T04:13:13.351+0800] {logging_mixin.py:188} INFO - [2024-05-15T04:13:13.351+0800] {dag.py:3954} INFO - Setting next_dagrun for example_skip_dag to 2024-05-13 00:00:00+00:00, run_after=2024-05-14 00:00:00+00:00
[2024-05-15T04:13:13.368+0800] {processor.py:183} INFO - Processing /home/jithish/Documents/dag-dag-dag/.venv/lib/python3.10/site-packages/airflow/example_dags/example_skip_dag.py took 0.106 seconds
[2024-05-15T04:14:08.394+0800] {processor.py:161} INFO - Started process (PID=119251) to work on /home/jithish/Documents/dag-dag-dag/.venv/lib/python3.10/site-packages/airflow/example_dags/example_skip_dag.py
[2024-05-15T04:14:08.394+0800] {processor.py:830} INFO - Processing file /home/jithish/Documents/dag-dag-dag/.venv/lib/python3.10/site-packages/airflow/example_dags/example_skip_dag.py for tasks to queue
[2024-05-15T04:14:08.396+0800] {logging_mixin.py:188} INFO - [2024-05-15T04:14:08.395+0800] {dagbag.py:545} INFO - Filling up the DagBag from /home/jithish/Documents/dag-dag-dag/.venv/lib/python3.10/site-packages/airflow/example_dags/example_skip_dag.py
[2024-05-15T04:14:08.404+0800] {processor.py:840} INFO - DAG(s) 'example_skip_dag' retrieved from /home/jithish/Documents/dag-dag-dag/.venv/lib/python3.10/site-packages/airflow/example_dags/example_skip_dag.py
[2024-05-15T04:14:08.424+0800] {logging_mixin.py:188} INFO - [2024-05-15T04:14:08.424+0800] {dag.py:3096} INFO - Sync 1 DAGs
[2024-05-15T04:14:08.442+0800] {logging_mixin.py:188} INFO - [2024-05-15T04:14:08.442+0800] {dag.py:3954} INFO - Setting next_dagrun for example_skip_dag to 2024-05-13 00:00:00+00:00, run_after=2024-05-14 00:00:00+00:00
[2024-05-15T04:14:08.463+0800] {processor.py:183} INFO - Processing /home/jithish/Documents/dag-dag-dag/.venv/lib/python3.10/site-packages/airflow/example_dags/example_skip_dag.py took 0.078 seconds
[2024-05-15T04:15:05.215+0800] {processor.py:161} INFO - Started process (PID=119797) to work on /home/jithish/Documents/dag-dag-dag/.venv/lib/python3.10/site-packages/airflow/example_dags/example_skip_dag.py
[2024-05-15T04:15:05.216+0800] {processor.py:830} INFO - Processing file /home/jithish/Documents/dag-dag-dag/.venv/lib/python3.10/site-packages/airflow/example_dags/example_skip_dag.py for tasks to queue
[2024-05-15T04:15:05.219+0800] {logging_mixin.py:188} INFO - [2024-05-15T04:15:05.218+0800] {dagbag.py:545} INFO - Filling up the DagBag from /home/jithish/Documents/dag-dag-dag/.venv/lib/python3.10/site-packages/airflow/example_dags/example_skip_dag.py
[2024-05-15T04:15:05.225+0800] {processor.py:840} INFO - DAG(s) 'example_skip_dag' retrieved from /home/jithish/Documents/dag-dag-dag/.venv/lib/python3.10/site-packages/airflow/example_dags/example_skip_dag.py
[2024-05-15T04:15:05.241+0800] {logging_mixin.py:188} INFO - [2024-05-15T04:15:05.241+0800] {dag.py:3096} INFO - Sync 1 DAGs
[2024-05-15T04:15:05.260+0800] {logging_mixin.py:188} INFO - [2024-05-15T04:15:05.260+0800] {dag.py:3954} INFO - Setting next_dagrun for example_skip_dag to 2024-05-13 00:00:00+00:00, run_after=2024-05-14 00:00:00+00:00
[2024-05-15T04:15:05.276+0800] {processor.py:183} INFO - Processing /home/jithish/Documents/dag-dag-dag/.venv/lib/python3.10/site-packages/airflow/example_dags/example_skip_dag.py took 0.069 seconds
[2024-05-15T04:16:00.130+0800] {processor.py:161} INFO - Started process (PID=120435) to work on /home/jithish/Documents/dag-dag-dag/.venv/lib/python3.10/site-packages/airflow/example_dags/example_skip_dag.py
[2024-05-15T04:16:00.192+0800] {processor.py:830} INFO - Processing file /home/jithish/Documents/dag-dag-dag/.venv/lib/python3.10/site-packages/airflow/example_dags/example_skip_dag.py for tasks to queue
[2024-05-15T04:16:00.198+0800] {logging_mixin.py:188} INFO - [2024-05-15T04:16:00.196+0800] {dagbag.py:545} INFO - Filling up the DagBag from /home/jithish/Documents/dag-dag-dag/.venv/lib/python3.10/site-packages/airflow/example_dags/example_skip_dag.py
[2024-05-15T04:16:00.217+0800] {processor.py:840} INFO - DAG(s) 'example_skip_dag' retrieved from /home/jithish/Documents/dag-dag-dag/.venv/lib/python3.10/site-packages/airflow/example_dags/example_skip_dag.py
[2024-05-15T04:16:00.242+0800] {logging_mixin.py:188} INFO - [2024-05-15T04:16:00.242+0800] {dag.py:3096} INFO - Sync 1 DAGs
[2024-05-15T04:16:00.257+0800] {logging_mixin.py:188} INFO - [2024-05-15T04:16:00.257+0800] {dag.py:3954} INFO - Setting next_dagrun for example_skip_dag to 2024-05-13 00:00:00+00:00, run_after=2024-05-14 00:00:00+00:00
[2024-05-15T04:16:00.276+0800] {processor.py:183} INFO - Processing /home/jithish/Documents/dag-dag-dag/.venv/lib/python3.10/site-packages/airflow/example_dags/example_skip_dag.py took 0.151 seconds
