[2024-05-15T02:59:30.481+0800] {processor.py:161} INFO - Started process (PID=65722) to work on /home/jithish/Documents/dag-dag-dag/.venv/lib/python3.10/site-packages/airflow/example_dags/example_params_ui_tutorial.py
[2024-05-15T02:59:30.482+0800] {processor.py:830} INFO - Processing file /home/jithish/Documents/dag-dag-dag/.venv/lib/python3.10/site-packages/airflow/example_dags/example_params_ui_tutorial.py for tasks to queue
[2024-05-15T02:59:30.483+0800] {logging_mixin.py:188} INFO - [2024-05-15T02:59:30.483+0800] {dagbag.py:545} INFO - Filling up the DagBag from /home/jithish/Documents/dag-dag-dag/.venv/lib/python3.10/site-packages/airflow/example_dags/example_params_ui_tutorial.py
[2024-05-15T02:59:30.494+0800] {processor.py:840} INFO - DAG(s) 'example_params_ui_tutorial' retrieved from /home/jithish/Documents/dag-dag-dag/.venv/lib/python3.10/site-packages/airflow/example_dags/example_params_ui_tutorial.py
[2024-05-15T02:59:30.646+0800] {logging_mixin.py:188} INFO - [2024-05-15T02:59:30.646+0800] {dag.py:3096} INFO - Sync 1 DAGs
[2024-05-15T02:59:30.652+0800] {logging_mixin.py:188} INFO - [2024-05-15T02:59:30.652+0800] {dag.py:3954} INFO - Setting next_dagrun for example_params_ui_tutorial to None, run_after=None
[2024-05-15T02:59:30.668+0800] {processor.py:183} INFO - Processing /home/jithish/Documents/dag-dag-dag/.venv/lib/python3.10/site-packages/airflow/example_dags/example_params_ui_tutorial.py took 0.195 seconds
[2024-05-15T03:14:52.324+0800] {processor.py:161} INFO - Started process (PID=75233) to work on /home/jithish/Documents/dag-dag-dag/.venv/lib/python3.10/site-packages/airflow/example_dags/example_params_ui_tutorial.py
[2024-05-15T03:14:52.385+0800] {processor.py:830} INFO - Processing file /home/jithish/Documents/dag-dag-dag/.venv/lib/python3.10/site-packages/airflow/example_dags/example_params_ui_tutorial.py for tasks to queue
[2024-05-15T03:14:52.387+0800] {logging_mixin.py:188} INFO - [2024-05-15T03:14:52.386+0800] {dagbag.py:545} INFO - Filling up the DagBag from /home/jithish/Documents/dag-dag-dag/.venv/lib/python3.10/site-packages/airflow/example_dags/example_params_ui_tutorial.py
[2024-05-15T03:14:52.396+0800] {processor.py:840} INFO - DAG(s) 'example_params_ui_tutorial' retrieved from /home/jithish/Documents/dag-dag-dag/.venv/lib/python3.10/site-packages/airflow/example_dags/example_params_ui_tutorial.py
[2024-05-15T03:14:52.545+0800] {logging_mixin.py:188} INFO - [2024-05-15T03:14:52.545+0800] {dag.py:3096} INFO - Sync 1 DAGs
[2024-05-15T03:14:52.551+0800] {logging_mixin.py:188} INFO - [2024-05-15T03:14:52.551+0800] {dag.py:3954} INFO - Setting next_dagrun for example_params_ui_tutorial to None, run_after=None
[2024-05-15T03:14:52.566+0800] {processor.py:183} INFO - Processing /home/jithish/Documents/dag-dag-dag/.venv/lib/python3.10/site-packages/airflow/example_dags/example_params_ui_tutorial.py took 0.250 seconds
[2024-05-15T03:15:55.259+0800] {processor.py:161} INFO - Started process (PID=76026) to work on /home/jithish/Documents/dag-dag-dag/.venv/lib/python3.10/site-packages/airflow/example_dags/example_params_ui_tutorial.py
[2024-05-15T03:15:55.321+0800] {processor.py:830} INFO - Processing file /home/jithish/Documents/dag-dag-dag/.venv/lib/python3.10/site-packages/airflow/example_dags/example_params_ui_tutorial.py for tasks to queue
[2024-05-15T03:15:55.326+0800] {logging_mixin.py:188} INFO - [2024-05-15T03:15:55.325+0800] {dagbag.py:545} INFO - Filling up the DagBag from /home/jithish/Documents/dag-dag-dag/.venv/lib/python3.10/site-packages/airflow/example_dags/example_params_ui_tutorial.py
[2024-05-15T03:15:55.355+0800] {processor.py:840} INFO - DAG(s) 'example_params_ui_tutorial' retrieved from /home/jithish/Documents/dag-dag-dag/.venv/lib/python3.10/site-packages/airflow/example_dags/example_params_ui_tutorial.py
[2024-05-15T03:15:55.407+0800] {logging_mixin.py:188} INFO - [2024-05-15T03:15:55.407+0800] {dag.py:3096} INFO - Sync 1 DAGs
[2024-05-15T03:15:55.487+0800] {logging_mixin.py:188} INFO - [2024-05-15T03:15:55.487+0800] {dag.py:3954} INFO - Setting next_dagrun for example_params_ui_tutorial to None, run_after=None
[2024-05-15T03:15:55.572+0800] {processor.py:183} INFO - Processing /home/jithish/Documents/dag-dag-dag/.venv/lib/python3.10/site-packages/airflow/example_dags/example_params_ui_tutorial.py took 0.322 seconds
[2024-05-15T03:16:57.533+0800] {processor.py:161} INFO - Started process (PID=76864) to work on /home/jithish/Documents/dag-dag-dag/.venv/lib/python3.10/site-packages/airflow/example_dags/example_params_ui_tutorial.py
[2024-05-15T03:16:57.534+0800] {processor.py:830} INFO - Processing file /home/jithish/Documents/dag-dag-dag/.venv/lib/python3.10/site-packages/airflow/example_dags/example_params_ui_tutorial.py for tasks to queue
[2024-05-15T03:16:57.536+0800] {logging_mixin.py:188} INFO - [2024-05-15T03:16:57.536+0800] {dagbag.py:545} INFO - Filling up the DagBag from /home/jithish/Documents/dag-dag-dag/.venv/lib/python3.10/site-packages/airflow/example_dags/example_params_ui_tutorial.py
[2024-05-15T03:16:57.544+0800] {processor.py:840} INFO - DAG(s) 'example_params_ui_tutorial' retrieved from /home/jithish/Documents/dag-dag-dag/.venv/lib/python3.10/site-packages/airflow/example_dags/example_params_ui_tutorial.py
[2024-05-15T03:16:57.577+0800] {logging_mixin.py:188} INFO - [2024-05-15T03:16:57.577+0800] {dag.py:3096} INFO - Sync 1 DAGs
[2024-05-15T03:16:57.584+0800] {logging_mixin.py:188} INFO - [2024-05-15T03:16:57.584+0800] {dag.py:3954} INFO - Setting next_dagrun for example_params_ui_tutorial to None, run_after=None
[2024-05-15T03:16:57.598+0800] {processor.py:183} INFO - Processing /home/jithish/Documents/dag-dag-dag/.venv/lib/python3.10/site-packages/airflow/example_dags/example_params_ui_tutorial.py took 0.070 seconds
[2024-05-15T03:17:59.696+0800] {processor.py:161} INFO - Started process (PID=77841) to work on /home/jithish/Documents/dag-dag-dag/.venv/lib/python3.10/site-packages/airflow/example_dags/example_params_ui_tutorial.py
[2024-05-15T03:17:59.697+0800] {processor.py:830} INFO - Processing file /home/jithish/Documents/dag-dag-dag/.venv/lib/python3.10/site-packages/airflow/example_dags/example_params_ui_tutorial.py for tasks to queue
[2024-05-15T03:17:59.698+0800] {logging_mixin.py:188} INFO - [2024-05-15T03:17:59.698+0800] {dagbag.py:545} INFO - Filling up the DagBag from /home/jithish/Documents/dag-dag-dag/.venv/lib/python3.10/site-packages/airflow/example_dags/example_params_ui_tutorial.py
[2024-05-15T03:17:59.708+0800] {processor.py:840} INFO - DAG(s) 'example_params_ui_tutorial' retrieved from /home/jithish/Documents/dag-dag-dag/.venv/lib/python3.10/site-packages/airflow/example_dags/example_params_ui_tutorial.py
[2024-05-15T03:17:59.745+0800] {logging_mixin.py:188} INFO - [2024-05-15T03:17:59.745+0800] {dag.py:3096} INFO - Sync 1 DAGs
[2024-05-15T03:17:59.753+0800] {logging_mixin.py:188} INFO - [2024-05-15T03:17:59.753+0800] {dag.py:3954} INFO - Setting next_dagrun for example_params_ui_tutorial to None, run_after=None
[2024-05-15T03:17:59.768+0800] {processor.py:183} INFO - Processing /home/jithish/Documents/dag-dag-dag/.venv/lib/python3.10/site-packages/airflow/example_dags/example_params_ui_tutorial.py took 0.079 seconds
[2024-05-15T03:18:53.962+0800] {processor.py:161} INFO - Started process (PID=78596) to work on /home/jithish/Documents/dag-dag-dag/.venv/lib/python3.10/site-packages/airflow/example_dags/example_params_ui_tutorial.py
[2024-05-15T03:18:54.024+0800] {processor.py:830} INFO - Processing file /home/jithish/Documents/dag-dag-dag/.venv/lib/python3.10/site-packages/airflow/example_dags/example_params_ui_tutorial.py for tasks to queue
[2024-05-15T03:18:54.025+0800] {logging_mixin.py:188} INFO - [2024-05-15T03:18:54.025+0800] {dagbag.py:545} INFO - Filling up the DagBag from /home/jithish/Documents/dag-dag-dag/.venv/lib/python3.10/site-packages/airflow/example_dags/example_params_ui_tutorial.py
[2024-05-15T03:18:54.035+0800] {processor.py:840} INFO - DAG(s) 'example_params_ui_tutorial' retrieved from /home/jithish/Documents/dag-dag-dag/.venv/lib/python3.10/site-packages/airflow/example_dags/example_params_ui_tutorial.py
[2024-05-15T03:18:54.074+0800] {logging_mixin.py:188} INFO - [2024-05-15T03:18:54.074+0800] {dag.py:3096} INFO - Sync 1 DAGs
[2024-05-15T03:18:54.082+0800] {logging_mixin.py:188} INFO - [2024-05-15T03:18:54.082+0800] {dag.py:3954} INFO - Setting next_dagrun for example_params_ui_tutorial to None, run_after=None
[2024-05-15T03:18:54.104+0800] {processor.py:183} INFO - Processing /home/jithish/Documents/dag-dag-dag/.venv/lib/python3.10/site-packages/airflow/example_dags/example_params_ui_tutorial.py took 0.155 seconds
[2024-05-15T03:20:12.563+0800] {processor.py:161} INFO - Started process (PID=79756) to work on /home/jithish/Documents/dag-dag-dag/.venv/lib/python3.10/site-packages/airflow/example_dags/example_params_ui_tutorial.py
[2024-05-15T03:20:12.625+0800] {processor.py:830} INFO - Processing file /home/jithish/Documents/dag-dag-dag/.venv/lib/python3.10/site-packages/airflow/example_dags/example_params_ui_tutorial.py for tasks to queue
[2024-05-15T03:20:12.631+0800] {logging_mixin.py:188} INFO - [2024-05-15T03:20:12.630+0800] {dagbag.py:545} INFO - Filling up the DagBag from /home/jithish/Documents/dag-dag-dag/.venv/lib/python3.10/site-packages/airflow/example_dags/example_params_ui_tutorial.py
[2024-05-15T03:20:12.658+0800] {processor.py:840} INFO - DAG(s) 'example_params_ui_tutorial' retrieved from /home/jithish/Documents/dag-dag-dag/.venv/lib/python3.10/site-packages/airflow/example_dags/example_params_ui_tutorial.py
[2024-05-15T03:20:12.701+0800] {logging_mixin.py:188} INFO - [2024-05-15T03:20:12.701+0800] {dag.py:3096} INFO - Sync 1 DAGs
[2024-05-15T03:20:12.711+0800] {logging_mixin.py:188} INFO - [2024-05-15T03:20:12.711+0800] {dag.py:3954} INFO - Setting next_dagrun for example_params_ui_tutorial to None, run_after=None
[2024-05-15T03:20:12.731+0800] {processor.py:183} INFO - Processing /home/jithish/Documents/dag-dag-dag/.venv/lib/python3.10/site-packages/airflow/example_dags/example_params_ui_tutorial.py took 0.179 seconds
[2024-05-15T03:21:30.544+0800] {processor.py:161} INFO - Started process (PID=80814) to work on /home/jithish/Documents/dag-dag-dag/.venv/lib/python3.10/site-packages/airflow/example_dags/example_params_ui_tutorial.py
[2024-05-15T03:21:30.598+0800] {processor.py:830} INFO - Processing file /home/jithish/Documents/dag-dag-dag/.venv/lib/python3.10/site-packages/airflow/example_dags/example_params_ui_tutorial.py for tasks to queue
[2024-05-15T03:21:30.602+0800] {logging_mixin.py:188} INFO - [2024-05-15T03:21:30.601+0800] {dagbag.py:545} INFO - Filling up the DagBag from /home/jithish/Documents/dag-dag-dag/.venv/lib/python3.10/site-packages/airflow/example_dags/example_params_ui_tutorial.py
[2024-05-15T03:21:30.620+0800] {processor.py:840} INFO - DAG(s) 'example_params_ui_tutorial' retrieved from /home/jithish/Documents/dag-dag-dag/.venv/lib/python3.10/site-packages/airflow/example_dags/example_params_ui_tutorial.py
[2024-05-15T03:21:30.665+0800] {logging_mixin.py:188} INFO - [2024-05-15T03:21:30.664+0800] {dag.py:3096} INFO - Sync 1 DAGs
[2024-05-15T03:21:30.673+0800] {logging_mixin.py:188} INFO - [2024-05-15T03:21:30.673+0800] {dag.py:3954} INFO - Setting next_dagrun for example_params_ui_tutorial to None, run_after=None
[2024-05-15T03:21:30.690+0800] {processor.py:183} INFO - Processing /home/jithish/Documents/dag-dag-dag/.venv/lib/python3.10/site-packages/airflow/example_dags/example_params_ui_tutorial.py took 0.156 seconds
[2024-05-15T03:22:50.419+0800] {processor.py:161} INFO - Started process (PID=82023) to work on /home/jithish/Documents/dag-dag-dag/.venv/lib/python3.10/site-packages/airflow/example_dags/example_params_ui_tutorial.py
[2024-05-15T03:22:50.419+0800] {processor.py:830} INFO - Processing file /home/jithish/Documents/dag-dag-dag/.venv/lib/python3.10/site-packages/airflow/example_dags/example_params_ui_tutorial.py for tasks to queue
[2024-05-15T03:22:50.420+0800] {logging_mixin.py:188} INFO - [2024-05-15T03:22:50.420+0800] {dagbag.py:545} INFO - Filling up the DagBag from /home/jithish/Documents/dag-dag-dag/.venv/lib/python3.10/site-packages/airflow/example_dags/example_params_ui_tutorial.py
[2024-05-15T03:22:50.428+0800] {processor.py:840} INFO - DAG(s) 'example_params_ui_tutorial' retrieved from /home/jithish/Documents/dag-dag-dag/.venv/lib/python3.10/site-packages/airflow/example_dags/example_params_ui_tutorial.py
[2024-05-15T03:22:50.460+0800] {logging_mixin.py:188} INFO - [2024-05-15T03:22:50.460+0800] {dag.py:3096} INFO - Sync 1 DAGs
[2024-05-15T03:22:50.467+0800] {logging_mixin.py:188} INFO - [2024-05-15T03:22:50.467+0800] {dag.py:3954} INFO - Setting next_dagrun for example_params_ui_tutorial to None, run_after=None
[2024-05-15T03:22:50.485+0800] {processor.py:183} INFO - Processing /home/jithish/Documents/dag-dag-dag/.venv/lib/python3.10/site-packages/airflow/example_dags/example_params_ui_tutorial.py took 0.072 seconds
[2024-05-15T03:23:45.505+0800] {processor.py:161} INFO - Started process (PID=82474) to work on /home/jithish/Documents/dag-dag-dag/.venv/lib/python3.10/site-packages/airflow/example_dags/example_params_ui_tutorial.py
[2024-05-15T03:23:45.506+0800] {processor.py:830} INFO - Processing file /home/jithish/Documents/dag-dag-dag/.venv/lib/python3.10/site-packages/airflow/example_dags/example_params_ui_tutorial.py for tasks to queue
[2024-05-15T03:23:45.507+0800] {logging_mixin.py:188} INFO - [2024-05-15T03:23:45.507+0800] {dagbag.py:545} INFO - Filling up the DagBag from /home/jithish/Documents/dag-dag-dag/.venv/lib/python3.10/site-packages/airflow/example_dags/example_params_ui_tutorial.py
[2024-05-15T03:23:45.518+0800] {processor.py:840} INFO - DAG(s) 'example_params_ui_tutorial' retrieved from /home/jithish/Documents/dag-dag-dag/.venv/lib/python3.10/site-packages/airflow/example_dags/example_params_ui_tutorial.py
[2024-05-15T03:23:45.555+0800] {logging_mixin.py:188} INFO - [2024-05-15T03:23:45.555+0800] {dag.py:3096} INFO - Sync 1 DAGs
[2024-05-15T03:23:45.562+0800] {logging_mixin.py:188} INFO - [2024-05-15T03:23:45.562+0800] {dag.py:3954} INFO - Setting next_dagrun for example_params_ui_tutorial to None, run_after=None
[2024-05-15T03:23:45.575+0800] {processor.py:183} INFO - Processing /home/jithish/Documents/dag-dag-dag/.venv/lib/python3.10/site-packages/airflow/example_dags/example_params_ui_tutorial.py took 0.076 seconds
[2024-05-15T03:25:07.135+0800] {processor.py:161} INFO - Started process (PID=83189) to work on /home/jithish/Documents/dag-dag-dag/.venv/lib/python3.10/site-packages/airflow/example_dags/example_params_ui_tutorial.py
[2024-05-15T03:25:07.136+0800] {processor.py:830} INFO - Processing file /home/jithish/Documents/dag-dag-dag/.venv/lib/python3.10/site-packages/airflow/example_dags/example_params_ui_tutorial.py for tasks to queue
[2024-05-15T03:25:07.137+0800] {logging_mixin.py:188} INFO - [2024-05-15T03:25:07.137+0800] {dagbag.py:545} INFO - Filling up the DagBag from /home/jithish/Documents/dag-dag-dag/.venv/lib/python3.10/site-packages/airflow/example_dags/example_params_ui_tutorial.py
[2024-05-15T03:25:07.145+0800] {processor.py:840} INFO - DAG(s) 'example_params_ui_tutorial' retrieved from /home/jithish/Documents/dag-dag-dag/.venv/lib/python3.10/site-packages/airflow/example_dags/example_params_ui_tutorial.py
[2024-05-15T03:25:07.178+0800] {logging_mixin.py:188} INFO - [2024-05-15T03:25:07.177+0800] {dag.py:3096} INFO - Sync 1 DAGs
[2024-05-15T03:25:07.185+0800] {logging_mixin.py:188} INFO - [2024-05-15T03:25:07.185+0800] {dag.py:3954} INFO - Setting next_dagrun for example_params_ui_tutorial to None, run_after=None
[2024-05-15T03:25:07.208+0800] {processor.py:183} INFO - Processing /home/jithish/Documents/dag-dag-dag/.venv/lib/python3.10/site-packages/airflow/example_dags/example_params_ui_tutorial.py took 0.078 seconds
[2024-05-15T03:26:27.286+0800] {processor.py:161} INFO - Started process (PID=83829) to work on /home/jithish/Documents/dag-dag-dag/.venv/lib/python3.10/site-packages/airflow/example_dags/example_params_ui_tutorial.py
[2024-05-15T03:26:27.305+0800] {processor.py:830} INFO - Processing file /home/jithish/Documents/dag-dag-dag/.venv/lib/python3.10/site-packages/airflow/example_dags/example_params_ui_tutorial.py for tasks to queue
[2024-05-15T03:26:27.312+0800] {logging_mixin.py:188} INFO - [2024-05-15T03:26:27.310+0800] {dagbag.py:545} INFO - Filling up the DagBag from /home/jithish/Documents/dag-dag-dag/.venv/lib/python3.10/site-packages/airflow/example_dags/example_params_ui_tutorial.py
[2024-05-15T03:26:27.335+0800] {processor.py:840} INFO - DAG(s) 'example_params_ui_tutorial' retrieved from /home/jithish/Documents/dag-dag-dag/.venv/lib/python3.10/site-packages/airflow/example_dags/example_params_ui_tutorial.py
[2024-05-15T03:26:27.370+0800] {logging_mixin.py:188} INFO - [2024-05-15T03:26:27.370+0800] {dag.py:3096} INFO - Sync 1 DAGs
[2024-05-15T03:26:27.377+0800] {logging_mixin.py:188} INFO - [2024-05-15T03:26:27.377+0800] {dag.py:3954} INFO - Setting next_dagrun for example_params_ui_tutorial to None, run_after=None
[2024-05-15T03:26:27.393+0800] {processor.py:183} INFO - Processing /home/jithish/Documents/dag-dag-dag/.venv/lib/python3.10/site-packages/airflow/example_dags/example_params_ui_tutorial.py took 0.124 seconds
[2024-05-15T03:27:47.524+0800] {processor.py:161} INFO - Started process (PID=84836) to work on /home/jithish/Documents/dag-dag-dag/.venv/lib/python3.10/site-packages/airflow/example_dags/example_params_ui_tutorial.py
[2024-05-15T03:27:47.527+0800] {processor.py:830} INFO - Processing file /home/jithish/Documents/dag-dag-dag/.venv/lib/python3.10/site-packages/airflow/example_dags/example_params_ui_tutorial.py for tasks to queue
[2024-05-15T03:27:47.528+0800] {logging_mixin.py:188} INFO - [2024-05-15T03:27:47.528+0800] {dagbag.py:545} INFO - Filling up the DagBag from /home/jithish/Documents/dag-dag-dag/.venv/lib/python3.10/site-packages/airflow/example_dags/example_params_ui_tutorial.py
[2024-05-15T03:27:47.537+0800] {processor.py:840} INFO - DAG(s) 'example_params_ui_tutorial' retrieved from /home/jithish/Documents/dag-dag-dag/.venv/lib/python3.10/site-packages/airflow/example_dags/example_params_ui_tutorial.py
[2024-05-15T03:27:47.571+0800] {logging_mixin.py:188} INFO - [2024-05-15T03:27:47.571+0800] {dag.py:3096} INFO - Sync 1 DAGs
[2024-05-15T03:27:47.579+0800] {logging_mixin.py:188} INFO - [2024-05-15T03:27:47.578+0800] {dag.py:3954} INFO - Setting next_dagrun for example_params_ui_tutorial to None, run_after=None
[2024-05-15T03:27:47.595+0800] {processor.py:183} INFO - Processing /home/jithish/Documents/dag-dag-dag/.venv/lib/python3.10/site-packages/airflow/example_dags/example_params_ui_tutorial.py took 0.075 seconds
[2024-05-15T03:29:00.840+0800] {processor.py:161} INFO - Started process (PID=85491) to work on /home/jithish/Documents/dag-dag-dag/.venv/lib/python3.10/site-packages/airflow/example_dags/example_params_ui_tutorial.py
[2024-05-15T03:29:00.900+0800] {processor.py:830} INFO - Processing file /home/jithish/Documents/dag-dag-dag/.venv/lib/python3.10/site-packages/airflow/example_dags/example_params_ui_tutorial.py for tasks to queue
[2024-05-15T03:29:00.902+0800] {logging_mixin.py:188} INFO - [2024-05-15T03:29:00.902+0800] {dagbag.py:545} INFO - Filling up the DagBag from /home/jithish/Documents/dag-dag-dag/.venv/lib/python3.10/site-packages/airflow/example_dags/example_params_ui_tutorial.py
[2024-05-15T03:29:00.919+0800] {processor.py:840} INFO - DAG(s) 'example_params_ui_tutorial' retrieved from /home/jithish/Documents/dag-dag-dag/.venv/lib/python3.10/site-packages/airflow/example_dags/example_params_ui_tutorial.py
[2024-05-15T03:29:00.959+0800] {logging_mixin.py:188} INFO - [2024-05-15T03:29:00.959+0800] {dag.py:3096} INFO - Sync 1 DAGs
[2024-05-15T03:29:00.968+0800] {logging_mixin.py:188} INFO - [2024-05-15T03:29:00.967+0800] {dag.py:3954} INFO - Setting next_dagrun for example_params_ui_tutorial to None, run_after=None
[2024-05-15T03:29:00.988+0800] {processor.py:183} INFO - Processing /home/jithish/Documents/dag-dag-dag/.venv/lib/python3.10/site-packages/airflow/example_dags/example_params_ui_tutorial.py took 0.154 seconds
[2024-05-15T03:30:15.340+0800] {processor.py:161} INFO - Started process (PID=86089) to work on /home/jithish/Documents/dag-dag-dag/.venv/lib/python3.10/site-packages/airflow/example_dags/example_params_ui_tutorial.py
[2024-05-15T03:30:15.384+0800] {processor.py:830} INFO - Processing file /home/jithish/Documents/dag-dag-dag/.venv/lib/python3.10/site-packages/airflow/example_dags/example_params_ui_tutorial.py for tasks to queue
[2024-05-15T03:30:15.388+0800] {logging_mixin.py:188} INFO - [2024-05-15T03:30:15.387+0800] {dagbag.py:545} INFO - Filling up the DagBag from /home/jithish/Documents/dag-dag-dag/.venv/lib/python3.10/site-packages/airflow/example_dags/example_params_ui_tutorial.py
[2024-05-15T03:30:15.413+0800] {processor.py:840} INFO - DAG(s) 'example_params_ui_tutorial' retrieved from /home/jithish/Documents/dag-dag-dag/.venv/lib/python3.10/site-packages/airflow/example_dags/example_params_ui_tutorial.py
[2024-05-15T03:30:15.456+0800] {logging_mixin.py:188} INFO - [2024-05-15T03:30:15.456+0800] {dag.py:3096} INFO - Sync 1 DAGs
[2024-05-15T03:30:15.463+0800] {logging_mixin.py:188} INFO - [2024-05-15T03:30:15.463+0800] {dag.py:3954} INFO - Setting next_dagrun for example_params_ui_tutorial to None, run_after=None
[2024-05-15T03:30:15.477+0800] {processor.py:183} INFO - Processing /home/jithish/Documents/dag-dag-dag/.venv/lib/python3.10/site-packages/airflow/example_dags/example_params_ui_tutorial.py took 0.142 seconds
[2024-05-15T03:31:32.674+0800] {processor.py:161} INFO - Started process (PID=86777) to work on /home/jithish/Documents/dag-dag-dag/.venv/lib/python3.10/site-packages/airflow/example_dags/example_params_ui_tutorial.py
[2024-05-15T03:31:32.675+0800] {processor.py:830} INFO - Processing file /home/jithish/Documents/dag-dag-dag/.venv/lib/python3.10/site-packages/airflow/example_dags/example_params_ui_tutorial.py for tasks to queue
[2024-05-15T03:31:32.678+0800] {logging_mixin.py:188} INFO - [2024-05-15T03:31:32.677+0800] {dagbag.py:545} INFO - Filling up the DagBag from /home/jithish/Documents/dag-dag-dag/.venv/lib/python3.10/site-packages/airflow/example_dags/example_params_ui_tutorial.py
[2024-05-15T03:31:32.693+0800] {processor.py:840} INFO - DAG(s) 'example_params_ui_tutorial' retrieved from /home/jithish/Documents/dag-dag-dag/.venv/lib/python3.10/site-packages/airflow/example_dags/example_params_ui_tutorial.py
[2024-05-15T03:31:32.732+0800] {logging_mixin.py:188} INFO - [2024-05-15T03:31:32.732+0800] {dag.py:3096} INFO - Sync 1 DAGs
[2024-05-15T03:31:32.741+0800] {logging_mixin.py:188} INFO - [2024-05-15T03:31:32.741+0800] {dag.py:3954} INFO - Setting next_dagrun for example_params_ui_tutorial to None, run_after=None
[2024-05-15T03:31:32.756+0800] {processor.py:183} INFO - Processing /home/jithish/Documents/dag-dag-dag/.venv/lib/python3.10/site-packages/airflow/example_dags/example_params_ui_tutorial.py took 0.095 seconds
[2024-05-15T03:32:49.101+0800] {processor.py:161} INFO - Started process (PID=87418) to work on /home/jithish/Documents/dag-dag-dag/.venv/lib/python3.10/site-packages/airflow/example_dags/example_params_ui_tutorial.py
[2024-05-15T03:32:49.162+0800] {processor.py:830} INFO - Processing file /home/jithish/Documents/dag-dag-dag/.venv/lib/python3.10/site-packages/airflow/example_dags/example_params_ui_tutorial.py for tasks to queue
[2024-05-15T03:32:49.164+0800] {logging_mixin.py:188} INFO - [2024-05-15T03:32:49.163+0800] {dagbag.py:545} INFO - Filling up the DagBag from /home/jithish/Documents/dag-dag-dag/.venv/lib/python3.10/site-packages/airflow/example_dags/example_params_ui_tutorial.py
[2024-05-15T03:32:49.175+0800] {processor.py:840} INFO - DAG(s) 'example_params_ui_tutorial' retrieved from /home/jithish/Documents/dag-dag-dag/.venv/lib/python3.10/site-packages/airflow/example_dags/example_params_ui_tutorial.py
[2024-05-15T03:32:49.212+0800] {logging_mixin.py:188} INFO - [2024-05-15T03:32:49.212+0800] {dag.py:3096} INFO - Sync 1 DAGs
[2024-05-15T03:32:49.221+0800] {logging_mixin.py:188} INFO - [2024-05-15T03:32:49.221+0800] {dag.py:3954} INFO - Setting next_dagrun for example_params_ui_tutorial to None, run_after=None
[2024-05-15T03:32:49.240+0800] {processor.py:183} INFO - Processing /home/jithish/Documents/dag-dag-dag/.venv/lib/python3.10/site-packages/airflow/example_dags/example_params_ui_tutorial.py took 0.145 seconds
[2024-05-15T03:33:57.664+0800] {processor.py:161} INFO - Started process (PID=88077) to work on /home/jithish/Documents/dag-dag-dag/.venv/lib/python3.10/site-packages/airflow/example_dags/example_params_ui_tutorial.py
[2024-05-15T03:33:57.725+0800] {processor.py:830} INFO - Processing file /home/jithish/Documents/dag-dag-dag/.venv/lib/python3.10/site-packages/airflow/example_dags/example_params_ui_tutorial.py for tasks to queue
[2024-05-15T03:33:57.727+0800] {logging_mixin.py:188} INFO - [2024-05-15T03:33:57.727+0800] {dagbag.py:545} INFO - Filling up the DagBag from /home/jithish/Documents/dag-dag-dag/.venv/lib/python3.10/site-packages/airflow/example_dags/example_params_ui_tutorial.py
[2024-05-15T03:33:57.736+0800] {processor.py:840} INFO - DAG(s) 'example_params_ui_tutorial' retrieved from /home/jithish/Documents/dag-dag-dag/.venv/lib/python3.10/site-packages/airflow/example_dags/example_params_ui_tutorial.py
[2024-05-15T03:33:57.771+0800] {logging_mixin.py:188} INFO - [2024-05-15T03:33:57.771+0800] {dag.py:3096} INFO - Sync 1 DAGs
[2024-05-15T03:33:57.781+0800] {logging_mixin.py:188} INFO - [2024-05-15T03:33:57.780+0800] {dag.py:3954} INFO - Setting next_dagrun for example_params_ui_tutorial to None, run_after=None
[2024-05-15T03:33:57.800+0800] {processor.py:183} INFO - Processing /home/jithish/Documents/dag-dag-dag/.venv/lib/python3.10/site-packages/airflow/example_dags/example_params_ui_tutorial.py took 0.141 seconds
[2024-05-15T03:35:07.799+0800] {processor.py:161} INFO - Started process (PID=88681) to work on /home/jithish/Documents/dag-dag-dag/.venv/lib/python3.10/site-packages/airflow/example_dags/example_params_ui_tutorial.py
[2024-05-15T03:35:07.801+0800] {processor.py:830} INFO - Processing file /home/jithish/Documents/dag-dag-dag/.venv/lib/python3.10/site-packages/airflow/example_dags/example_params_ui_tutorial.py for tasks to queue
[2024-05-15T03:35:07.802+0800] {logging_mixin.py:188} INFO - [2024-05-15T03:35:07.802+0800] {dagbag.py:545} INFO - Filling up the DagBag from /home/jithish/Documents/dag-dag-dag/.venv/lib/python3.10/site-packages/airflow/example_dags/example_params_ui_tutorial.py
[2024-05-15T03:35:07.819+0800] {processor.py:840} INFO - DAG(s) 'example_params_ui_tutorial' retrieved from /home/jithish/Documents/dag-dag-dag/.venv/lib/python3.10/site-packages/airflow/example_dags/example_params_ui_tutorial.py
[2024-05-15T03:35:07.875+0800] {logging_mixin.py:188} INFO - [2024-05-15T03:35:07.875+0800] {dag.py:3096} INFO - Sync 1 DAGs
[2024-05-15T03:35:07.884+0800] {logging_mixin.py:188} INFO - [2024-05-15T03:35:07.884+0800] {dag.py:3954} INFO - Setting next_dagrun for example_params_ui_tutorial to None, run_after=None
[2024-05-15T03:35:07.902+0800] {processor.py:183} INFO - Processing /home/jithish/Documents/dag-dag-dag/.venv/lib/python3.10/site-packages/airflow/example_dags/example_params_ui_tutorial.py took 0.109 seconds
[2024-05-15T03:36:22.721+0800] {processor.py:161} INFO - Started process (PID=89384) to work on /home/jithish/Documents/dag-dag-dag/.venv/lib/python3.10/site-packages/airflow/example_dags/example_params_ui_tutorial.py
[2024-05-15T03:36:22.782+0800] {processor.py:830} INFO - Processing file /home/jithish/Documents/dag-dag-dag/.venv/lib/python3.10/site-packages/airflow/example_dags/example_params_ui_tutorial.py for tasks to queue
[2024-05-15T03:36:22.784+0800] {logging_mixin.py:188} INFO - [2024-05-15T03:36:22.784+0800] {dagbag.py:545} INFO - Filling up the DagBag from /home/jithish/Documents/dag-dag-dag/.venv/lib/python3.10/site-packages/airflow/example_dags/example_params_ui_tutorial.py
[2024-05-15T03:36:22.793+0800] {processor.py:840} INFO - DAG(s) 'example_params_ui_tutorial' retrieved from /home/jithish/Documents/dag-dag-dag/.venv/lib/python3.10/site-packages/airflow/example_dags/example_params_ui_tutorial.py
[2024-05-15T03:36:22.828+0800] {logging_mixin.py:188} INFO - [2024-05-15T03:36:22.827+0800] {dag.py:3096} INFO - Sync 1 DAGs
[2024-05-15T03:36:22.836+0800] {logging_mixin.py:188} INFO - [2024-05-15T03:36:22.836+0800] {dag.py:3954} INFO - Setting next_dagrun for example_params_ui_tutorial to None, run_after=None
[2024-05-15T03:36:22.856+0800] {processor.py:183} INFO - Processing /home/jithish/Documents/dag-dag-dag/.venv/lib/python3.10/site-packages/airflow/example_dags/example_params_ui_tutorial.py took 0.139 seconds
[2024-05-15T03:37:36.334+0800] {processor.py:161} INFO - Started process (PID=90080) to work on /home/jithish/Documents/dag-dag-dag/.venv/lib/python3.10/site-packages/airflow/example_dags/example_params_ui_tutorial.py
[2024-05-15T03:37:36.396+0800] {processor.py:830} INFO - Processing file /home/jithish/Documents/dag-dag-dag/.venv/lib/python3.10/site-packages/airflow/example_dags/example_params_ui_tutorial.py for tasks to queue
[2024-05-15T03:37:36.401+0800] {logging_mixin.py:188} INFO - [2024-05-15T03:37:36.400+0800] {dagbag.py:545} INFO - Filling up the DagBag from /home/jithish/Documents/dag-dag-dag/.venv/lib/python3.10/site-packages/airflow/example_dags/example_params_ui_tutorial.py
[2024-05-15T03:37:36.436+0800] {processor.py:840} INFO - DAG(s) 'example_params_ui_tutorial' retrieved from /home/jithish/Documents/dag-dag-dag/.venv/lib/python3.10/site-packages/airflow/example_dags/example_params_ui_tutorial.py
[2024-05-15T03:37:36.479+0800] {logging_mixin.py:188} INFO - [2024-05-15T03:37:36.478+0800] {dag.py:3096} INFO - Sync 1 DAGs
[2024-05-15T03:37:36.487+0800] {logging_mixin.py:188} INFO - [2024-05-15T03:37:36.487+0800] {dag.py:3954} INFO - Setting next_dagrun for example_params_ui_tutorial to None, run_after=None
[2024-05-15T03:37:36.503+0800] {processor.py:183} INFO - Processing /home/jithish/Documents/dag-dag-dag/.venv/lib/python3.10/site-packages/airflow/example_dags/example_params_ui_tutorial.py took 0.180 seconds
[2024-05-15T03:38:51.300+0800] {processor.py:161} INFO - Started process (PID=90854) to work on /home/jithish/Documents/dag-dag-dag/.venv/lib/python3.10/site-packages/airflow/example_dags/example_params_ui_tutorial.py
[2024-05-15T03:38:51.302+0800] {processor.py:830} INFO - Processing file /home/jithish/Documents/dag-dag-dag/.venv/lib/python3.10/site-packages/airflow/example_dags/example_params_ui_tutorial.py for tasks to queue
[2024-05-15T03:38:51.305+0800] {logging_mixin.py:188} INFO - [2024-05-15T03:38:51.305+0800] {dagbag.py:545} INFO - Filling up the DagBag from /home/jithish/Documents/dag-dag-dag/.venv/lib/python3.10/site-packages/airflow/example_dags/example_params_ui_tutorial.py
[2024-05-15T03:38:51.324+0800] {processor.py:840} INFO - DAG(s) 'example_params_ui_tutorial' retrieved from /home/jithish/Documents/dag-dag-dag/.venv/lib/python3.10/site-packages/airflow/example_dags/example_params_ui_tutorial.py
[2024-05-15T03:38:51.398+0800] {logging_mixin.py:188} INFO - [2024-05-15T03:38:51.397+0800] {dag.py:3096} INFO - Sync 1 DAGs
[2024-05-15T03:38:51.416+0800] {logging_mixin.py:188} INFO - [2024-05-15T03:38:51.415+0800] {dag.py:3954} INFO - Setting next_dagrun for example_params_ui_tutorial to None, run_after=None
[2024-05-15T03:38:51.679+0800] {processor.py:183} INFO - Processing /home/jithish/Documents/dag-dag-dag/.venv/lib/python3.10/site-packages/airflow/example_dags/example_params_ui_tutorial.py took 0.389 seconds
[2024-05-15T03:39:56.049+0800] {processor.py:161} INFO - Started process (PID=92646) to work on /home/jithish/Documents/dag-dag-dag/.venv/lib/python3.10/site-packages/airflow/example_dags/example_params_ui_tutorial.py
[2024-05-15T03:39:56.110+0800] {processor.py:830} INFO - Processing file /home/jithish/Documents/dag-dag-dag/.venv/lib/python3.10/site-packages/airflow/example_dags/example_params_ui_tutorial.py for tasks to queue
[2024-05-15T03:39:56.116+0800] {logging_mixin.py:188} INFO - [2024-05-15T03:39:56.115+0800] {dagbag.py:545} INFO - Filling up the DagBag from /home/jithish/Documents/dag-dag-dag/.venv/lib/python3.10/site-packages/airflow/example_dags/example_params_ui_tutorial.py
[2024-05-15T03:39:56.145+0800] {processor.py:840} INFO - DAG(s) 'example_params_ui_tutorial' retrieved from /home/jithish/Documents/dag-dag-dag/.venv/lib/python3.10/site-packages/airflow/example_dags/example_params_ui_tutorial.py
[2024-05-15T03:39:56.188+0800] {logging_mixin.py:188} INFO - [2024-05-15T03:39:56.187+0800] {dag.py:3096} INFO - Sync 1 DAGs
[2024-05-15T03:39:56.196+0800] {logging_mixin.py:188} INFO - [2024-05-15T03:39:56.196+0800] {dag.py:3954} INFO - Setting next_dagrun for example_params_ui_tutorial to None, run_after=None
[2024-05-15T03:39:56.228+0800] {processor.py:183} INFO - Processing /home/jithish/Documents/dag-dag-dag/.venv/lib/python3.10/site-packages/airflow/example_dags/example_params_ui_tutorial.py took 0.186 seconds
[2024-05-15T03:40:54.891+0800] {processor.py:161} INFO - Started process (PID=93483) to work on /home/jithish/Documents/dag-dag-dag/.venv/lib/python3.10/site-packages/airflow/example_dags/example_params_ui_tutorial.py
[2024-05-15T03:40:54.894+0800] {processor.py:830} INFO - Processing file /home/jithish/Documents/dag-dag-dag/.venv/lib/python3.10/site-packages/airflow/example_dags/example_params_ui_tutorial.py for tasks to queue
[2024-05-15T03:40:54.897+0800] {logging_mixin.py:188} INFO - [2024-05-15T03:40:54.897+0800] {dagbag.py:545} INFO - Filling up the DagBag from /home/jithish/Documents/dag-dag-dag/.venv/lib/python3.10/site-packages/airflow/example_dags/example_params_ui_tutorial.py
[2024-05-15T03:40:54.914+0800] {processor.py:840} INFO - DAG(s) 'example_params_ui_tutorial' retrieved from /home/jithish/Documents/dag-dag-dag/.venv/lib/python3.10/site-packages/airflow/example_dags/example_params_ui_tutorial.py
[2024-05-15T03:40:54.953+0800] {logging_mixin.py:188} INFO - [2024-05-15T03:40:54.953+0800] {dag.py:3096} INFO - Sync 1 DAGs
[2024-05-15T03:40:54.966+0800] {logging_mixin.py:188} INFO - [2024-05-15T03:40:54.965+0800] {dag.py:3954} INFO - Setting next_dagrun for example_params_ui_tutorial to None, run_after=None
[2024-05-15T03:40:54.982+0800] {processor.py:183} INFO - Processing /home/jithish/Documents/dag-dag-dag/.venv/lib/python3.10/site-packages/airflow/example_dags/example_params_ui_tutorial.py took 0.104 seconds
[2024-05-15T03:41:50.186+0800] {processor.py:161} INFO - Started process (PID=94262) to work on /home/jithish/Documents/dag-dag-dag/.venv/lib/python3.10/site-packages/airflow/example_dags/example_params_ui_tutorial.py
[2024-05-15T03:41:50.187+0800] {processor.py:830} INFO - Processing file /home/jithish/Documents/dag-dag-dag/.venv/lib/python3.10/site-packages/airflow/example_dags/example_params_ui_tutorial.py for tasks to queue
[2024-05-15T03:41:50.190+0800] {logging_mixin.py:188} INFO - [2024-05-15T03:41:50.189+0800] {dagbag.py:545} INFO - Filling up the DagBag from /home/jithish/Documents/dag-dag-dag/.venv/lib/python3.10/site-packages/airflow/example_dags/example_params_ui_tutorial.py
[2024-05-15T03:41:50.205+0800] {processor.py:840} INFO - DAG(s) 'example_params_ui_tutorial' retrieved from /home/jithish/Documents/dag-dag-dag/.venv/lib/python3.10/site-packages/airflow/example_dags/example_params_ui_tutorial.py
[2024-05-15T03:41:50.250+0800] {logging_mixin.py:188} INFO - [2024-05-15T03:41:50.250+0800] {dag.py:3096} INFO - Sync 1 DAGs
[2024-05-15T03:41:50.261+0800] {logging_mixin.py:188} INFO - [2024-05-15T03:41:50.261+0800] {dag.py:3954} INFO - Setting next_dagrun for example_params_ui_tutorial to None, run_after=None
[2024-05-15T03:41:50.277+0800] {processor.py:183} INFO - Processing /home/jithish/Documents/dag-dag-dag/.venv/lib/python3.10/site-packages/airflow/example_dags/example_params_ui_tutorial.py took 0.099 seconds
[2024-05-15T03:43:09.612+0800] {processor.py:161} INFO - Started process (PID=95367) to work on /home/jithish/Documents/dag-dag-dag/.venv/lib/python3.10/site-packages/airflow/example_dags/example_params_ui_tutorial.py
[2024-05-15T03:43:09.674+0800] {processor.py:830} INFO - Processing file /home/jithish/Documents/dag-dag-dag/.venv/lib/python3.10/site-packages/airflow/example_dags/example_params_ui_tutorial.py for tasks to queue
[2024-05-15T03:43:09.680+0800] {logging_mixin.py:188} INFO - [2024-05-15T03:43:09.679+0800] {dagbag.py:545} INFO - Filling up the DagBag from /home/jithish/Documents/dag-dag-dag/.venv/lib/python3.10/site-packages/airflow/example_dags/example_params_ui_tutorial.py
[2024-05-15T03:43:09.700+0800] {processor.py:840} INFO - DAG(s) 'example_params_ui_tutorial' retrieved from /home/jithish/Documents/dag-dag-dag/.venv/lib/python3.10/site-packages/airflow/example_dags/example_params_ui_tutorial.py
[2024-05-15T03:43:09.742+0800] {logging_mixin.py:188} INFO - [2024-05-15T03:43:09.742+0800] {dag.py:3096} INFO - Sync 1 DAGs
[2024-05-15T03:43:09.751+0800] {logging_mixin.py:188} INFO - [2024-05-15T03:43:09.751+0800] {dag.py:3954} INFO - Setting next_dagrun for example_params_ui_tutorial to None, run_after=None
[2024-05-15T03:43:09.769+0800] {processor.py:183} INFO - Processing /home/jithish/Documents/dag-dag-dag/.venv/lib/python3.10/site-packages/airflow/example_dags/example_params_ui_tutorial.py took 0.166 seconds
[2024-05-15T03:44:33.450+0800] {processor.py:161} INFO - Started process (PID=96663) to work on /home/jithish/Documents/dag-dag-dag/.venv/lib/python3.10/site-packages/airflow/example_dags/example_params_ui_tutorial.py
[2024-05-15T03:44:33.510+0800] {processor.py:830} INFO - Processing file /home/jithish/Documents/dag-dag-dag/.venv/lib/python3.10/site-packages/airflow/example_dags/example_params_ui_tutorial.py for tasks to queue
[2024-05-15T03:44:33.513+0800] {logging_mixin.py:188} INFO - [2024-05-15T03:44:33.513+0800] {dagbag.py:545} INFO - Filling up the DagBag from /home/jithish/Documents/dag-dag-dag/.venv/lib/python3.10/site-packages/airflow/example_dags/example_params_ui_tutorial.py
[2024-05-15T03:44:33.538+0800] {processor.py:840} INFO - DAG(s) 'example_params_ui_tutorial' retrieved from /home/jithish/Documents/dag-dag-dag/.venv/lib/python3.10/site-packages/airflow/example_dags/example_params_ui_tutorial.py
[2024-05-15T03:44:33.585+0800] {logging_mixin.py:188} INFO - [2024-05-15T03:44:33.585+0800] {dag.py:3096} INFO - Sync 1 DAGs
[2024-05-15T03:44:33.593+0800] {logging_mixin.py:188} INFO - [2024-05-15T03:44:33.593+0800] {dag.py:3954} INFO - Setting next_dagrun for example_params_ui_tutorial to None, run_after=None
[2024-05-15T03:44:33.620+0800] {processor.py:183} INFO - Processing /home/jithish/Documents/dag-dag-dag/.venv/lib/python3.10/site-packages/airflow/example_dags/example_params_ui_tutorial.py took 0.174 seconds
[2024-05-15T03:45:30.838+0800] {processor.py:161} INFO - Started process (PID=97217) to work on /home/jithish/Documents/dag-dag-dag/.venv/lib/python3.10/site-packages/airflow/example_dags/example_params_ui_tutorial.py
[2024-05-15T03:45:30.861+0800] {processor.py:830} INFO - Processing file /home/jithish/Documents/dag-dag-dag/.venv/lib/python3.10/site-packages/airflow/example_dags/example_params_ui_tutorial.py for tasks to queue
[2024-05-15T03:45:30.865+0800] {logging_mixin.py:188} INFO - [2024-05-15T03:45:30.864+0800] {dagbag.py:545} INFO - Filling up the DagBag from /home/jithish/Documents/dag-dag-dag/.venv/lib/python3.10/site-packages/airflow/example_dags/example_params_ui_tutorial.py
[2024-05-15T03:45:30.881+0800] {processor.py:840} INFO - DAG(s) 'example_params_ui_tutorial' retrieved from /home/jithish/Documents/dag-dag-dag/.venv/lib/python3.10/site-packages/airflow/example_dags/example_params_ui_tutorial.py
[2024-05-15T03:45:30.919+0800] {logging_mixin.py:188} INFO - [2024-05-15T03:45:30.919+0800] {dag.py:3096} INFO - Sync 1 DAGs
[2024-05-15T03:45:30.927+0800] {logging_mixin.py:188} INFO - [2024-05-15T03:45:30.927+0800] {dag.py:3954} INFO - Setting next_dagrun for example_params_ui_tutorial to None, run_after=None
[2024-05-15T03:45:30.943+0800] {processor.py:183} INFO - Processing /home/jithish/Documents/dag-dag-dag/.venv/lib/python3.10/site-packages/airflow/example_dags/example_params_ui_tutorial.py took 0.122 seconds
[2024-05-15T03:46:33.545+0800] {processor.py:161} INFO - Started process (PID=98215) to work on /home/jithish/Documents/dag-dag-dag/.venv/lib/python3.10/site-packages/airflow/example_dags/example_params_ui_tutorial.py
[2024-05-15T03:46:33.573+0800] {processor.py:830} INFO - Processing file /home/jithish/Documents/dag-dag-dag/.venv/lib/python3.10/site-packages/airflow/example_dags/example_params_ui_tutorial.py for tasks to queue
[2024-05-15T03:46:33.574+0800] {logging_mixin.py:188} INFO - [2024-05-15T03:46:33.574+0800] {dagbag.py:545} INFO - Filling up the DagBag from /home/jithish/Documents/dag-dag-dag/.venv/lib/python3.10/site-packages/airflow/example_dags/example_params_ui_tutorial.py
[2024-05-15T03:46:33.583+0800] {processor.py:840} INFO - DAG(s) 'example_params_ui_tutorial' retrieved from /home/jithish/Documents/dag-dag-dag/.venv/lib/python3.10/site-packages/airflow/example_dags/example_params_ui_tutorial.py
[2024-05-15T03:46:33.621+0800] {logging_mixin.py:188} INFO - [2024-05-15T03:46:33.621+0800] {dag.py:3096} INFO - Sync 1 DAGs
[2024-05-15T03:46:33.629+0800] {logging_mixin.py:188} INFO - [2024-05-15T03:46:33.629+0800] {dag.py:3954} INFO - Setting next_dagrun for example_params_ui_tutorial to None, run_after=None
[2024-05-15T03:46:33.655+0800] {processor.py:183} INFO - Processing /home/jithish/Documents/dag-dag-dag/.venv/lib/python3.10/site-packages/airflow/example_dags/example_params_ui_tutorial.py took 0.117 seconds
[2024-05-15T03:47:32.365+0800] {processor.py:161} INFO - Started process (PID=99053) to work on /home/jithish/Documents/dag-dag-dag/.venv/lib/python3.10/site-packages/airflow/example_dags/example_params_ui_tutorial.py
[2024-05-15T03:47:32.399+0800] {processor.py:830} INFO - Processing file /home/jithish/Documents/dag-dag-dag/.venv/lib/python3.10/site-packages/airflow/example_dags/example_params_ui_tutorial.py for tasks to queue
[2024-05-15T03:47:32.404+0800] {logging_mixin.py:188} INFO - [2024-05-15T03:47:32.403+0800] {dagbag.py:545} INFO - Filling up the DagBag from /home/jithish/Documents/dag-dag-dag/.venv/lib/python3.10/site-packages/airflow/example_dags/example_params_ui_tutorial.py
[2024-05-15T03:47:32.436+0800] {processor.py:840} INFO - DAG(s) 'example_params_ui_tutorial' retrieved from /home/jithish/Documents/dag-dag-dag/.venv/lib/python3.10/site-packages/airflow/example_dags/example_params_ui_tutorial.py
[2024-05-15T03:47:32.480+0800] {logging_mixin.py:188} INFO - [2024-05-15T03:47:32.479+0800] {dag.py:3096} INFO - Sync 1 DAGs
[2024-05-15T03:47:32.488+0800] {logging_mixin.py:188} INFO - [2024-05-15T03:47:32.488+0800] {dag.py:3954} INFO - Setting next_dagrun for example_params_ui_tutorial to None, run_after=None
[2024-05-15T03:47:32.503+0800] {processor.py:183} INFO - Processing /home/jithish/Documents/dag-dag-dag/.venv/lib/python3.10/site-packages/airflow/example_dags/example_params_ui_tutorial.py took 0.143 seconds
[2024-05-15T03:48:47.696+0800] {processor.py:161} INFO - Started process (PID=100092) to work on /home/jithish/Documents/dag-dag-dag/.venv/lib/python3.10/site-packages/airflow/example_dags/example_params_ui_tutorial.py
[2024-05-15T03:48:47.697+0800] {processor.py:830} INFO - Processing file /home/jithish/Documents/dag-dag-dag/.venv/lib/python3.10/site-packages/airflow/example_dags/example_params_ui_tutorial.py for tasks to queue
[2024-05-15T03:48:47.700+0800] {logging_mixin.py:188} INFO - [2024-05-15T03:48:47.699+0800] {dagbag.py:545} INFO - Filling up the DagBag from /home/jithish/Documents/dag-dag-dag/.venv/lib/python3.10/site-packages/airflow/example_dags/example_params_ui_tutorial.py
[2024-05-15T03:48:47.716+0800] {processor.py:840} INFO - DAG(s) 'example_params_ui_tutorial' retrieved from /home/jithish/Documents/dag-dag-dag/.venv/lib/python3.10/site-packages/airflow/example_dags/example_params_ui_tutorial.py
[2024-05-15T03:48:47.758+0800] {logging_mixin.py:188} INFO - [2024-05-15T03:48:47.758+0800] {dag.py:3096} INFO - Sync 1 DAGs
[2024-05-15T03:48:47.766+0800] {logging_mixin.py:188} INFO - [2024-05-15T03:48:47.766+0800] {dag.py:3954} INFO - Setting next_dagrun for example_params_ui_tutorial to None, run_after=None
[2024-05-15T03:48:47.782+0800] {processor.py:183} INFO - Processing /home/jithish/Documents/dag-dag-dag/.venv/lib/python3.10/site-packages/airflow/example_dags/example_params_ui_tutorial.py took 0.098 seconds
[2024-05-15T03:49:43.539+0800] {processor.py:161} INFO - Started process (PID=100929) to work on /home/jithish/Documents/dag-dag-dag/.venv/lib/python3.10/site-packages/airflow/example_dags/example_params_ui_tutorial.py
[2024-05-15T03:49:43.600+0800] {processor.py:830} INFO - Processing file /home/jithish/Documents/dag-dag-dag/.venv/lib/python3.10/site-packages/airflow/example_dags/example_params_ui_tutorial.py for tasks to queue
[2024-05-15T03:49:43.602+0800] {logging_mixin.py:188} INFO - [2024-05-15T03:49:43.601+0800] {dagbag.py:545} INFO - Filling up the DagBag from /home/jithish/Documents/dag-dag-dag/.venv/lib/python3.10/site-packages/airflow/example_dags/example_params_ui_tutorial.py
[2024-05-15T03:49:43.612+0800] {processor.py:840} INFO - DAG(s) 'example_params_ui_tutorial' retrieved from /home/jithish/Documents/dag-dag-dag/.venv/lib/python3.10/site-packages/airflow/example_dags/example_params_ui_tutorial.py
[2024-05-15T03:49:43.653+0800] {logging_mixin.py:188} INFO - [2024-05-15T03:49:43.653+0800] {dag.py:3096} INFO - Sync 1 DAGs
[2024-05-15T03:49:43.660+0800] {logging_mixin.py:188} INFO - [2024-05-15T03:49:43.660+0800] {dag.py:3954} INFO - Setting next_dagrun for example_params_ui_tutorial to None, run_after=None
[2024-05-15T03:49:43.691+0800] {processor.py:183} INFO - Processing /home/jithish/Documents/dag-dag-dag/.venv/lib/python3.10/site-packages/airflow/example_dags/example_params_ui_tutorial.py took 0.162 seconds
[2024-05-15T03:50:40.657+0800] {processor.py:161} INFO - Started process (PID=101729) to work on /home/jithish/Documents/dag-dag-dag/.venv/lib/python3.10/site-packages/airflow/example_dags/example_params_ui_tutorial.py
[2024-05-15T03:50:40.719+0800] {processor.py:830} INFO - Processing file /home/jithish/Documents/dag-dag-dag/.venv/lib/python3.10/site-packages/airflow/example_dags/example_params_ui_tutorial.py for tasks to queue
[2024-05-15T03:50:40.725+0800] {logging_mixin.py:188} INFO - [2024-05-15T03:50:40.723+0800] {dagbag.py:545} INFO - Filling up the DagBag from /home/jithish/Documents/dag-dag-dag/.venv/lib/python3.10/site-packages/airflow/example_dags/example_params_ui_tutorial.py
[2024-05-15T03:50:40.755+0800] {processor.py:840} INFO - DAG(s) 'example_params_ui_tutorial' retrieved from /home/jithish/Documents/dag-dag-dag/.venv/lib/python3.10/site-packages/airflow/example_dags/example_params_ui_tutorial.py
[2024-05-15T03:50:40.798+0800] {logging_mixin.py:188} INFO - [2024-05-15T03:50:40.798+0800] {dag.py:3096} INFO - Sync 1 DAGs
[2024-05-15T03:50:40.806+0800] {logging_mixin.py:188} INFO - [2024-05-15T03:50:40.806+0800] {dag.py:3954} INFO - Setting next_dagrun for example_params_ui_tutorial to None, run_after=None
[2024-05-15T03:50:40.829+0800] {processor.py:183} INFO - Processing /home/jithish/Documents/dag-dag-dag/.venv/lib/python3.10/site-packages/airflow/example_dags/example_params_ui_tutorial.py took 0.185 seconds
[2024-05-15T03:51:37.367+0800] {processor.py:161} INFO - Started process (PID=102485) to work on /home/jithish/Documents/dag-dag-dag/.venv/lib/python3.10/site-packages/airflow/example_dags/example_params_ui_tutorial.py
[2024-05-15T03:51:37.368+0800] {processor.py:830} INFO - Processing file /home/jithish/Documents/dag-dag-dag/.venv/lib/python3.10/site-packages/airflow/example_dags/example_params_ui_tutorial.py for tasks to queue
[2024-05-15T03:51:37.369+0800] {logging_mixin.py:188} INFO - [2024-05-15T03:51:37.369+0800] {dagbag.py:545} INFO - Filling up the DagBag from /home/jithish/Documents/dag-dag-dag/.venv/lib/python3.10/site-packages/airflow/example_dags/example_params_ui_tutorial.py
[2024-05-15T03:51:37.379+0800] {processor.py:840} INFO - DAG(s) 'example_params_ui_tutorial' retrieved from /home/jithish/Documents/dag-dag-dag/.venv/lib/python3.10/site-packages/airflow/example_dags/example_params_ui_tutorial.py
[2024-05-15T03:51:37.423+0800] {logging_mixin.py:188} INFO - [2024-05-15T03:51:37.422+0800] {dag.py:3096} INFO - Sync 1 DAGs
[2024-05-15T03:51:37.432+0800] {logging_mixin.py:188} INFO - [2024-05-15T03:51:37.431+0800] {dag.py:3954} INFO - Setting next_dagrun for example_params_ui_tutorial to None, run_after=None
[2024-05-15T03:51:37.456+0800] {processor.py:183} INFO - Processing /home/jithish/Documents/dag-dag-dag/.venv/lib/python3.10/site-packages/airflow/example_dags/example_params_ui_tutorial.py took 0.094 seconds
[2024-05-15T03:52:49.791+0800] {processor.py:161} INFO - Started process (PID=103218) to work on /home/jithish/Documents/dag-dag-dag/.venv/lib/python3.10/site-packages/airflow/example_dags/example_params_ui_tutorial.py
[2024-05-15T03:52:49.855+0800] {processor.py:830} INFO - Processing file /home/jithish/Documents/dag-dag-dag/.venv/lib/python3.10/site-packages/airflow/example_dags/example_params_ui_tutorial.py for tasks to queue
[2024-05-15T03:52:49.861+0800] {logging_mixin.py:188} INFO - [2024-05-15T03:52:49.859+0800] {dagbag.py:545} INFO - Filling up the DagBag from /home/jithish/Documents/dag-dag-dag/.venv/lib/python3.10/site-packages/airflow/example_dags/example_params_ui_tutorial.py
[2024-05-15T03:52:49.897+0800] {processor.py:840} INFO - DAG(s) 'example_params_ui_tutorial' retrieved from /home/jithish/Documents/dag-dag-dag/.venv/lib/python3.10/site-packages/airflow/example_dags/example_params_ui_tutorial.py
[2024-05-15T03:52:49.941+0800] {logging_mixin.py:188} INFO - [2024-05-15T03:52:49.941+0800] {dag.py:3096} INFO - Sync 1 DAGs
[2024-05-15T03:52:49.949+0800] {logging_mixin.py:188} INFO - [2024-05-15T03:52:49.949+0800] {dag.py:3954} INFO - Setting next_dagrun for example_params_ui_tutorial to None, run_after=None
[2024-05-15T03:52:49.976+0800] {processor.py:183} INFO - Processing /home/jithish/Documents/dag-dag-dag/.venv/lib/python3.10/site-packages/airflow/example_dags/example_params_ui_tutorial.py took 0.189 seconds
[2024-05-15T03:54:13.800+0800] {processor.py:161} INFO - Started process (PID=104264) to work on /home/jithish/Documents/dag-dag-dag/.venv/lib/python3.10/site-packages/airflow/example_dags/example_params_ui_tutorial.py
[2024-05-15T03:54:13.862+0800] {processor.py:830} INFO - Processing file /home/jithish/Documents/dag-dag-dag/.venv/lib/python3.10/site-packages/airflow/example_dags/example_params_ui_tutorial.py for tasks to queue
[2024-05-15T03:54:13.863+0800] {logging_mixin.py:188} INFO - [2024-05-15T03:54:13.863+0800] {dagbag.py:545} INFO - Filling up the DagBag from /home/jithish/Documents/dag-dag-dag/.venv/lib/python3.10/site-packages/airflow/example_dags/example_params_ui_tutorial.py
[2024-05-15T03:54:13.873+0800] {processor.py:840} INFO - DAG(s) 'example_params_ui_tutorial' retrieved from /home/jithish/Documents/dag-dag-dag/.venv/lib/python3.10/site-packages/airflow/example_dags/example_params_ui_tutorial.py
[2024-05-15T03:54:13.908+0800] {logging_mixin.py:188} INFO - [2024-05-15T03:54:13.908+0800] {dag.py:3096} INFO - Sync 1 DAGs
[2024-05-15T03:54:13.915+0800] {logging_mixin.py:188} INFO - [2024-05-15T03:54:13.915+0800] {dag.py:3954} INFO - Setting next_dagrun for example_params_ui_tutorial to None, run_after=None
[2024-05-15T03:54:13.933+0800] {processor.py:183} INFO - Processing /home/jithish/Documents/dag-dag-dag/.venv/lib/python3.10/site-packages/airflow/example_dags/example_params_ui_tutorial.py took 0.148 seconds
[2024-05-15T03:55:10.088+0800] {processor.py:161} INFO - Started process (PID=104971) to work on /home/jithish/Documents/dag-dag-dag/.venv/lib/python3.10/site-packages/airflow/example_dags/example_params_ui_tutorial.py
[2024-05-15T03:55:10.089+0800] {processor.py:830} INFO - Processing file /home/jithish/Documents/dag-dag-dag/.venv/lib/python3.10/site-packages/airflow/example_dags/example_params_ui_tutorial.py for tasks to queue
[2024-05-15T03:55:10.090+0800] {logging_mixin.py:188} INFO - [2024-05-15T03:55:10.090+0800] {dagbag.py:545} INFO - Filling up the DagBag from /home/jithish/Documents/dag-dag-dag/.venv/lib/python3.10/site-packages/airflow/example_dags/example_params_ui_tutorial.py
[2024-05-15T03:55:10.099+0800] {processor.py:840} INFO - DAG(s) 'example_params_ui_tutorial' retrieved from /home/jithish/Documents/dag-dag-dag/.venv/lib/python3.10/site-packages/airflow/example_dags/example_params_ui_tutorial.py
[2024-05-15T03:55:10.136+0800] {logging_mixin.py:188} INFO - [2024-05-15T03:55:10.136+0800] {dag.py:3096} INFO - Sync 1 DAGs
[2024-05-15T03:55:10.144+0800] {logging_mixin.py:188} INFO - [2024-05-15T03:55:10.144+0800] {dag.py:3954} INFO - Setting next_dagrun for example_params_ui_tutorial to None, run_after=None
[2024-05-15T03:55:10.159+0800] {processor.py:183} INFO - Processing /home/jithish/Documents/dag-dag-dag/.venv/lib/python3.10/site-packages/airflow/example_dags/example_params_ui_tutorial.py took 0.076 seconds
[2024-05-15T03:56:24.988+0800] {processor.py:161} INFO - Started process (PID=105792) to work on /home/jithish/Documents/dag-dag-dag/.venv/lib/python3.10/site-packages/airflow/example_dags/example_params_ui_tutorial.py
[2024-05-15T03:56:24.989+0800] {processor.py:830} INFO - Processing file /home/jithish/Documents/dag-dag-dag/.venv/lib/python3.10/site-packages/airflow/example_dags/example_params_ui_tutorial.py for tasks to queue
[2024-05-15T03:56:24.991+0800] {logging_mixin.py:188} INFO - [2024-05-15T03:56:24.991+0800] {dagbag.py:545} INFO - Filling up the DagBag from /home/jithish/Documents/dag-dag-dag/.venv/lib/python3.10/site-packages/airflow/example_dags/example_params_ui_tutorial.py
[2024-05-15T03:56:25.005+0800] {processor.py:840} INFO - DAG(s) 'example_params_ui_tutorial' retrieved from /home/jithish/Documents/dag-dag-dag/.venv/lib/python3.10/site-packages/airflow/example_dags/example_params_ui_tutorial.py
[2024-05-15T03:56:25.041+0800] {logging_mixin.py:188} INFO - [2024-05-15T03:56:25.041+0800] {dag.py:3096} INFO - Sync 1 DAGs
[2024-05-15T03:56:25.049+0800] {logging_mixin.py:188} INFO - [2024-05-15T03:56:25.048+0800] {dag.py:3954} INFO - Setting next_dagrun for example_params_ui_tutorial to None, run_after=None
[2024-05-15T03:56:25.064+0800] {processor.py:183} INFO - Processing /home/jithish/Documents/dag-dag-dag/.venv/lib/python3.10/site-packages/airflow/example_dags/example_params_ui_tutorial.py took 0.083 seconds
[2024-05-15T03:57:37.745+0800] {processor.py:161} INFO - Started process (PID=106485) to work on /home/jithish/Documents/dag-dag-dag/.venv/lib/python3.10/site-packages/airflow/example_dags/example_params_ui_tutorial.py
[2024-05-15T03:57:37.806+0800] {processor.py:830} INFO - Processing file /home/jithish/Documents/dag-dag-dag/.venv/lib/python3.10/site-packages/airflow/example_dags/example_params_ui_tutorial.py for tasks to queue
[2024-05-15T03:57:37.807+0800] {logging_mixin.py:188} INFO - [2024-05-15T03:57:37.807+0800] {dagbag.py:545} INFO - Filling up the DagBag from /home/jithish/Documents/dag-dag-dag/.venv/lib/python3.10/site-packages/airflow/example_dags/example_params_ui_tutorial.py
[2024-05-15T03:57:37.817+0800] {processor.py:840} INFO - DAG(s) 'example_params_ui_tutorial' retrieved from /home/jithish/Documents/dag-dag-dag/.venv/lib/python3.10/site-packages/airflow/example_dags/example_params_ui_tutorial.py
[2024-05-15T03:57:37.853+0800] {logging_mixin.py:188} INFO - [2024-05-15T03:57:37.853+0800] {dag.py:3096} INFO - Sync 1 DAGs
[2024-05-15T03:57:37.861+0800] {logging_mixin.py:188} INFO - [2024-05-15T03:57:37.861+0800] {dag.py:3954} INFO - Setting next_dagrun for example_params_ui_tutorial to None, run_after=None
[2024-05-15T03:57:37.879+0800] {processor.py:183} INFO - Processing /home/jithish/Documents/dag-dag-dag/.venv/lib/python3.10/site-packages/airflow/example_dags/example_params_ui_tutorial.py took 0.139 seconds
[2024-05-15T03:58:46.664+0800] {processor.py:161} INFO - Started process (PID=107181) to work on /home/jithish/Documents/dag-dag-dag/.venv/lib/python3.10/site-packages/airflow/example_dags/example_params_ui_tutorial.py
[2024-05-15T03:58:46.725+0800] {processor.py:830} INFO - Processing file /home/jithish/Documents/dag-dag-dag/.venv/lib/python3.10/site-packages/airflow/example_dags/example_params_ui_tutorial.py for tasks to queue
[2024-05-15T03:58:46.726+0800] {logging_mixin.py:188} INFO - [2024-05-15T03:58:46.726+0800] {dagbag.py:545} INFO - Filling up the DagBag from /home/jithish/Documents/dag-dag-dag/.venv/lib/python3.10/site-packages/airflow/example_dags/example_params_ui_tutorial.py
[2024-05-15T03:58:46.737+0800] {processor.py:840} INFO - DAG(s) 'example_params_ui_tutorial' retrieved from /home/jithish/Documents/dag-dag-dag/.venv/lib/python3.10/site-packages/airflow/example_dags/example_params_ui_tutorial.py
[2024-05-15T03:58:46.783+0800] {logging_mixin.py:188} INFO - [2024-05-15T03:58:46.782+0800] {dag.py:3096} INFO - Sync 1 DAGs
[2024-05-15T03:58:46.792+0800] {logging_mixin.py:188} INFO - [2024-05-15T03:58:46.792+0800] {dag.py:3954} INFO - Setting next_dagrun for example_params_ui_tutorial to None, run_after=None
[2024-05-15T03:58:46.818+0800] {processor.py:183} INFO - Processing /home/jithish/Documents/dag-dag-dag/.venv/lib/python3.10/site-packages/airflow/example_dags/example_params_ui_tutorial.py took 0.160 seconds
[2024-05-15T04:00:00.674+0800] {processor.py:161} INFO - Started process (PID=107846) to work on /home/jithish/Documents/dag-dag-dag/.venv/lib/python3.10/site-packages/airflow/example_dags/example_params_ui_tutorial.py
[2024-05-15T04:00:00.735+0800] {processor.py:830} INFO - Processing file /home/jithish/Documents/dag-dag-dag/.venv/lib/python3.10/site-packages/airflow/example_dags/example_params_ui_tutorial.py for tasks to queue
[2024-05-15T04:00:00.736+0800] {logging_mixin.py:188} INFO - [2024-05-15T04:00:00.736+0800] {dagbag.py:545} INFO - Filling up the DagBag from /home/jithish/Documents/dag-dag-dag/.venv/lib/python3.10/site-packages/airflow/example_dags/example_params_ui_tutorial.py
[2024-05-15T04:00:00.744+0800] {processor.py:840} INFO - DAG(s) 'example_params_ui_tutorial' retrieved from /home/jithish/Documents/dag-dag-dag/.venv/lib/python3.10/site-packages/airflow/example_dags/example_params_ui_tutorial.py
[2024-05-15T04:00:00.780+0800] {logging_mixin.py:188} INFO - [2024-05-15T04:00:00.780+0800] {dag.py:3096} INFO - Sync 1 DAGs
[2024-05-15T04:00:00.789+0800] {logging_mixin.py:188} INFO - [2024-05-15T04:00:00.789+0800] {dag.py:3954} INFO - Setting next_dagrun for example_params_ui_tutorial to None, run_after=None
[2024-05-15T04:00:00.808+0800] {processor.py:183} INFO - Processing /home/jithish/Documents/dag-dag-dag/.venv/lib/python3.10/site-packages/airflow/example_dags/example_params_ui_tutorial.py took 0.140 seconds
[2024-05-15T04:01:14.301+0800] {processor.py:161} INFO - Started process (PID=108494) to work on /home/jithish/Documents/dag-dag-dag/.venv/lib/python3.10/site-packages/airflow/example_dags/example_params_ui_tutorial.py
[2024-05-15T04:01:14.362+0800] {processor.py:830} INFO - Processing file /home/jithish/Documents/dag-dag-dag/.venv/lib/python3.10/site-packages/airflow/example_dags/example_params_ui_tutorial.py for tasks to queue
[2024-05-15T04:01:14.367+0800] {logging_mixin.py:188} INFO - [2024-05-15T04:01:14.366+0800] {dagbag.py:545} INFO - Filling up the DagBag from /home/jithish/Documents/dag-dag-dag/.venv/lib/python3.10/site-packages/airflow/example_dags/example_params_ui_tutorial.py
[2024-05-15T04:01:14.397+0800] {processor.py:840} INFO - DAG(s) 'example_params_ui_tutorial' retrieved from /home/jithish/Documents/dag-dag-dag/.venv/lib/python3.10/site-packages/airflow/example_dags/example_params_ui_tutorial.py
[2024-05-15T04:01:14.452+0800] {logging_mixin.py:188} INFO - [2024-05-15T04:01:14.452+0800] {dag.py:3096} INFO - Sync 1 DAGs
[2024-05-15T04:01:14.460+0800] {logging_mixin.py:188} INFO - [2024-05-15T04:01:14.460+0800] {dag.py:3954} INFO - Setting next_dagrun for example_params_ui_tutorial to None, run_after=None
[2024-05-15T04:01:14.475+0800] {processor.py:183} INFO - Processing /home/jithish/Documents/dag-dag-dag/.venv/lib/python3.10/site-packages/airflow/example_dags/example_params_ui_tutorial.py took 0.180 seconds
[2024-05-15T04:02:26.037+0800] {processor.py:161} INFO - Started process (PID=109158) to work on /home/jithish/Documents/dag-dag-dag/.venv/lib/python3.10/site-packages/airflow/example_dags/example_params_ui_tutorial.py
[2024-05-15T04:02:26.038+0800] {processor.py:830} INFO - Processing file /home/jithish/Documents/dag-dag-dag/.venv/lib/python3.10/site-packages/airflow/example_dags/example_params_ui_tutorial.py for tasks to queue
[2024-05-15T04:02:26.040+0800] {logging_mixin.py:188} INFO - [2024-05-15T04:02:26.040+0800] {dagbag.py:545} INFO - Filling up the DagBag from /home/jithish/Documents/dag-dag-dag/.venv/lib/python3.10/site-packages/airflow/example_dags/example_params_ui_tutorial.py
[2024-05-15T04:02:26.053+0800] {processor.py:840} INFO - DAG(s) 'example_params_ui_tutorial' retrieved from /home/jithish/Documents/dag-dag-dag/.venv/lib/python3.10/site-packages/airflow/example_dags/example_params_ui_tutorial.py
[2024-05-15T04:02:26.091+0800] {logging_mixin.py:188} INFO - [2024-05-15T04:02:26.091+0800] {dag.py:3096} INFO - Sync 1 DAGs
[2024-05-15T04:02:26.099+0800] {logging_mixin.py:188} INFO - [2024-05-15T04:02:26.099+0800] {dag.py:3954} INFO - Setting next_dagrun for example_params_ui_tutorial to None, run_after=None
[2024-05-15T04:02:26.116+0800] {processor.py:183} INFO - Processing /home/jithish/Documents/dag-dag-dag/.venv/lib/python3.10/site-packages/airflow/example_dags/example_params_ui_tutorial.py took 0.087 seconds
[2024-05-15T04:03:57.690+0800] {processor.py:161} INFO - Started process (PID=110493) to work on /home/jithish/Documents/dag-dag-dag/.venv/lib/python3.10/site-packages/airflow/example_dags/example_params_ui_tutorial.py
[2024-05-15T04:03:57.752+0800] {processor.py:830} INFO - Processing file /home/jithish/Documents/dag-dag-dag/.venv/lib/python3.10/site-packages/airflow/example_dags/example_params_ui_tutorial.py for tasks to queue
[2024-05-15T04:03:57.756+0800] {logging_mixin.py:188} INFO - [2024-05-15T04:03:57.755+0800] {dagbag.py:545} INFO - Filling up the DagBag from /home/jithish/Documents/dag-dag-dag/.venv/lib/python3.10/site-packages/airflow/example_dags/example_params_ui_tutorial.py
[2024-05-15T04:03:57.786+0800] {processor.py:840} INFO - DAG(s) 'example_params_ui_tutorial' retrieved from /home/jithish/Documents/dag-dag-dag/.venv/lib/python3.10/site-packages/airflow/example_dags/example_params_ui_tutorial.py
[2024-05-15T04:03:57.830+0800] {logging_mixin.py:188} INFO - [2024-05-15T04:03:57.830+0800] {dag.py:3096} INFO - Sync 1 DAGs
[2024-05-15T04:03:57.840+0800] {logging_mixin.py:188} INFO - [2024-05-15T04:03:57.839+0800] {dag.py:3954} INFO - Setting next_dagrun for example_params_ui_tutorial to None, run_after=None
[2024-05-15T04:03:57.859+0800] {processor.py:183} INFO - Processing /home/jithish/Documents/dag-dag-dag/.venv/lib/python3.10/site-packages/airflow/example_dags/example_params_ui_tutorial.py took 0.182 seconds
[2024-05-15T04:05:00.236+0800] {processor.py:161} INFO - Started process (PID=111398) to work on /home/jithish/Documents/dag-dag-dag/.venv/lib/python3.10/site-packages/airflow/example_dags/example_params_ui_tutorial.py
[2024-05-15T04:05:00.298+0800] {processor.py:830} INFO - Processing file /home/jithish/Documents/dag-dag-dag/.venv/lib/python3.10/site-packages/airflow/example_dags/example_params_ui_tutorial.py for tasks to queue
[2024-05-15T04:05:00.303+0800] {logging_mixin.py:188} INFO - [2024-05-15T04:05:00.301+0800] {dagbag.py:545} INFO - Filling up the DagBag from /home/jithish/Documents/dag-dag-dag/.venv/lib/python3.10/site-packages/airflow/example_dags/example_params_ui_tutorial.py
[2024-05-15T04:05:00.333+0800] {processor.py:840} INFO - DAG(s) 'example_params_ui_tutorial' retrieved from /home/jithish/Documents/dag-dag-dag/.venv/lib/python3.10/site-packages/airflow/example_dags/example_params_ui_tutorial.py
[2024-05-15T04:05:00.375+0800] {logging_mixin.py:188} INFO - [2024-05-15T04:05:00.375+0800] {dag.py:3096} INFO - Sync 1 DAGs
[2024-05-15T04:05:00.384+0800] {logging_mixin.py:188} INFO - [2024-05-15T04:05:00.384+0800] {dag.py:3954} INFO - Setting next_dagrun for example_params_ui_tutorial to None, run_after=None
[2024-05-15T04:05:00.409+0800] {processor.py:183} INFO - Processing /home/jithish/Documents/dag-dag-dag/.venv/lib/python3.10/site-packages/airflow/example_dags/example_params_ui_tutorial.py took 0.177 seconds
[2024-05-15T04:05:55.110+0800] {processor.py:161} INFO - Started process (PID=112176) to work on /home/jithish/Documents/dag-dag-dag/.venv/lib/python3.10/site-packages/airflow/example_dags/example_params_ui_tutorial.py
[2024-05-15T04:05:55.112+0800] {processor.py:830} INFO - Processing file /home/jithish/Documents/dag-dag-dag/.venv/lib/python3.10/site-packages/airflow/example_dags/example_params_ui_tutorial.py for tasks to queue
[2024-05-15T04:05:55.114+0800] {logging_mixin.py:188} INFO - [2024-05-15T04:05:55.114+0800] {dagbag.py:545} INFO - Filling up the DagBag from /home/jithish/Documents/dag-dag-dag/.venv/lib/python3.10/site-packages/airflow/example_dags/example_params_ui_tutorial.py
[2024-05-15T04:05:55.131+0800] {processor.py:840} INFO - DAG(s) 'example_params_ui_tutorial' retrieved from /home/jithish/Documents/dag-dag-dag/.venv/lib/python3.10/site-packages/airflow/example_dags/example_params_ui_tutorial.py
[2024-05-15T04:05:55.180+0800] {logging_mixin.py:188} INFO - [2024-05-15T04:05:55.180+0800] {dag.py:3096} INFO - Sync 1 DAGs
[2024-05-15T04:05:55.190+0800] {logging_mixin.py:188} INFO - [2024-05-15T04:05:55.190+0800] {dag.py:3954} INFO - Setting next_dagrun for example_params_ui_tutorial to None, run_after=None
[2024-05-15T04:05:55.212+0800] {processor.py:183} INFO - Processing /home/jithish/Documents/dag-dag-dag/.venv/lib/python3.10/site-packages/airflow/example_dags/example_params_ui_tutorial.py took 0.117 seconds
[2024-05-15T04:07:17.432+0800] {processor.py:161} INFO - Started process (PID=113381) to work on /home/jithish/Documents/dag-dag-dag/.venv/lib/python3.10/site-packages/airflow/example_dags/example_params_ui_tutorial.py
[2024-05-15T04:07:17.433+0800] {processor.py:830} INFO - Processing file /home/jithish/Documents/dag-dag-dag/.venv/lib/python3.10/site-packages/airflow/example_dags/example_params_ui_tutorial.py for tasks to queue
[2024-05-15T04:07:17.434+0800] {logging_mixin.py:188} INFO - [2024-05-15T04:07:17.434+0800] {dagbag.py:545} INFO - Filling up the DagBag from /home/jithish/Documents/dag-dag-dag/.venv/lib/python3.10/site-packages/airflow/example_dags/example_params_ui_tutorial.py
[2024-05-15T04:07:17.442+0800] {processor.py:840} INFO - DAG(s) 'example_params_ui_tutorial' retrieved from /home/jithish/Documents/dag-dag-dag/.venv/lib/python3.10/site-packages/airflow/example_dags/example_params_ui_tutorial.py
[2024-05-15T04:07:17.488+0800] {logging_mixin.py:188} INFO - [2024-05-15T04:07:17.488+0800] {dag.py:3096} INFO - Sync 1 DAGs
[2024-05-15T04:07:17.495+0800] {logging_mixin.py:188} INFO - [2024-05-15T04:07:17.495+0800] {dag.py:3954} INFO - Setting next_dagrun for example_params_ui_tutorial to None, run_after=None
[2024-05-15T04:07:17.509+0800] {processor.py:183} INFO - Processing /home/jithish/Documents/dag-dag-dag/.venv/lib/python3.10/site-packages/airflow/example_dags/example_params_ui_tutorial.py took 0.081 seconds
[2024-05-15T04:08:41.736+0800] {processor.py:161} INFO - Started process (PID=114415) to work on /home/jithish/Documents/dag-dag-dag/.venv/lib/python3.10/site-packages/airflow/example_dags/example_params_ui_tutorial.py
[2024-05-15T04:08:41.737+0800] {processor.py:830} INFO - Processing file /home/jithish/Documents/dag-dag-dag/.venv/lib/python3.10/site-packages/airflow/example_dags/example_params_ui_tutorial.py for tasks to queue
[2024-05-15T04:08:41.739+0800] {logging_mixin.py:188} INFO - [2024-05-15T04:08:41.739+0800] {dagbag.py:545} INFO - Filling up the DagBag from /home/jithish/Documents/dag-dag-dag/.venv/lib/python3.10/site-packages/airflow/example_dags/example_params_ui_tutorial.py
[2024-05-15T04:08:41.748+0800] {processor.py:840} INFO - DAG(s) 'example_params_ui_tutorial' retrieved from /home/jithish/Documents/dag-dag-dag/.venv/lib/python3.10/site-packages/airflow/example_dags/example_params_ui_tutorial.py
[2024-05-15T04:08:41.784+0800] {logging_mixin.py:188} INFO - [2024-05-15T04:08:41.784+0800] {dag.py:3096} INFO - Sync 1 DAGs
[2024-05-15T04:08:41.794+0800] {logging_mixin.py:188} INFO - [2024-05-15T04:08:41.794+0800] {dag.py:3954} INFO - Setting next_dagrun for example_params_ui_tutorial to None, run_after=None
[2024-05-15T04:08:41.810+0800] {processor.py:183} INFO - Processing /home/jithish/Documents/dag-dag-dag/.venv/lib/python3.10/site-packages/airflow/example_dags/example_params_ui_tutorial.py took 0.078 seconds
[2024-05-15T04:09:40.404+0800] {processor.py:161} INFO - Started process (PID=115288) to work on /home/jithish/Documents/dag-dag-dag/.venv/lib/python3.10/site-packages/airflow/example_dags/example_params_ui_tutorial.py
[2024-05-15T04:09:40.466+0800] {processor.py:830} INFO - Processing file /home/jithish/Documents/dag-dag-dag/.venv/lib/python3.10/site-packages/airflow/example_dags/example_params_ui_tutorial.py for tasks to queue
[2024-05-15T04:09:40.468+0800] {logging_mixin.py:188} INFO - [2024-05-15T04:09:40.467+0800] {dagbag.py:545} INFO - Filling up the DagBag from /home/jithish/Documents/dag-dag-dag/.venv/lib/python3.10/site-packages/airflow/example_dags/example_params_ui_tutorial.py
[2024-05-15T04:09:40.476+0800] {processor.py:840} INFO - DAG(s) 'example_params_ui_tutorial' retrieved from /home/jithish/Documents/dag-dag-dag/.venv/lib/python3.10/site-packages/airflow/example_dags/example_params_ui_tutorial.py
[2024-05-15T04:09:40.512+0800] {logging_mixin.py:188} INFO - [2024-05-15T04:09:40.512+0800] {dag.py:3096} INFO - Sync 1 DAGs
[2024-05-15T04:09:40.522+0800] {logging_mixin.py:188} INFO - [2024-05-15T04:09:40.522+0800] {dag.py:3954} INFO - Setting next_dagrun for example_params_ui_tutorial to None, run_after=None
[2024-05-15T04:09:40.547+0800] {processor.py:183} INFO - Processing /home/jithish/Documents/dag-dag-dag/.venv/lib/python3.10/site-packages/airflow/example_dags/example_params_ui_tutorial.py took 0.154 seconds
[2024-05-15T04:11:01.501+0800] {processor.py:161} INFO - Started process (PID=116473) to work on /home/jithish/Documents/dag-dag-dag/.venv/lib/python3.10/site-packages/airflow/example_dags/example_params_ui_tutorial.py
[2024-05-15T04:11:01.503+0800] {processor.py:830} INFO - Processing file /home/jithish/Documents/dag-dag-dag/.venv/lib/python3.10/site-packages/airflow/example_dags/example_params_ui_tutorial.py for tasks to queue
[2024-05-15T04:11:01.505+0800] {logging_mixin.py:188} INFO - [2024-05-15T04:11:01.504+0800] {dagbag.py:545} INFO - Filling up the DagBag from /home/jithish/Documents/dag-dag-dag/.venv/lib/python3.10/site-packages/airflow/example_dags/example_params_ui_tutorial.py
[2024-05-15T04:11:01.521+0800] {processor.py:840} INFO - DAG(s) 'example_params_ui_tutorial' retrieved from /home/jithish/Documents/dag-dag-dag/.venv/lib/python3.10/site-packages/airflow/example_dags/example_params_ui_tutorial.py
[2024-05-15T04:11:01.570+0800] {logging_mixin.py:188} INFO - [2024-05-15T04:11:01.570+0800] {dag.py:3096} INFO - Sync 1 DAGs
[2024-05-15T04:11:01.582+0800] {logging_mixin.py:188} INFO - [2024-05-15T04:11:01.581+0800] {dag.py:3954} INFO - Setting next_dagrun for example_params_ui_tutorial to None, run_after=None
[2024-05-15T04:11:01.600+0800] {processor.py:183} INFO - Processing /home/jithish/Documents/dag-dag-dag/.venv/lib/python3.10/site-packages/airflow/example_dags/example_params_ui_tutorial.py took 0.109 seconds
[2024-05-15T04:12:26.438+0800] {processor.py:161} INFO - Started process (PID=117705) to work on /home/jithish/Documents/dag-dag-dag/.venv/lib/python3.10/site-packages/airflow/example_dags/example_params_ui_tutorial.py
[2024-05-15T04:12:26.471+0800] {processor.py:830} INFO - Processing file /home/jithish/Documents/dag-dag-dag/.venv/lib/python3.10/site-packages/airflow/example_dags/example_params_ui_tutorial.py for tasks to queue
[2024-05-15T04:12:26.473+0800] {logging_mixin.py:188} INFO - [2024-05-15T04:12:26.472+0800] {dagbag.py:545} INFO - Filling up the DagBag from /home/jithish/Documents/dag-dag-dag/.venv/lib/python3.10/site-packages/airflow/example_dags/example_params_ui_tutorial.py
[2024-05-15T04:12:26.483+0800] {processor.py:840} INFO - DAG(s) 'example_params_ui_tutorial' retrieved from /home/jithish/Documents/dag-dag-dag/.venv/lib/python3.10/site-packages/airflow/example_dags/example_params_ui_tutorial.py
[2024-05-15T04:12:26.535+0800] {logging_mixin.py:188} INFO - [2024-05-15T04:12:26.534+0800] {dag.py:3096} INFO - Sync 1 DAGs
[2024-05-15T04:12:26.543+0800] {logging_mixin.py:188} INFO - [2024-05-15T04:12:26.542+0800] {dag.py:3954} INFO - Setting next_dagrun for example_params_ui_tutorial to None, run_after=None
[2024-05-15T04:12:26.557+0800] {processor.py:183} INFO - Processing /home/jithish/Documents/dag-dag-dag/.venv/lib/python3.10/site-packages/airflow/example_dags/example_params_ui_tutorial.py took 0.133 seconds
[2024-05-15T04:13:22.685+0800] {processor.py:161} INFO - Started process (PID=118500) to work on /home/jithish/Documents/dag-dag-dag/.venv/lib/python3.10/site-packages/airflow/example_dags/example_params_ui_tutorial.py
[2024-05-15T04:13:22.687+0800] {processor.py:830} INFO - Processing file /home/jithish/Documents/dag-dag-dag/.venv/lib/python3.10/site-packages/airflow/example_dags/example_params_ui_tutorial.py for tasks to queue
[2024-05-15T04:13:22.689+0800] {logging_mixin.py:188} INFO - [2024-05-15T04:13:22.688+0800] {dagbag.py:545} INFO - Filling up the DagBag from /home/jithish/Documents/dag-dag-dag/.venv/lib/python3.10/site-packages/airflow/example_dags/example_params_ui_tutorial.py
[2024-05-15T04:13:22.702+0800] {processor.py:840} INFO - DAG(s) 'example_params_ui_tutorial' retrieved from /home/jithish/Documents/dag-dag-dag/.venv/lib/python3.10/site-packages/airflow/example_dags/example_params_ui_tutorial.py
[2024-05-15T04:13:22.741+0800] {logging_mixin.py:188} INFO - [2024-05-15T04:13:22.740+0800] {dag.py:3096} INFO - Sync 1 DAGs
[2024-05-15T04:13:22.750+0800] {logging_mixin.py:188} INFO - [2024-05-15T04:13:22.750+0800] {dag.py:3954} INFO - Setting next_dagrun for example_params_ui_tutorial to None, run_after=None
[2024-05-15T04:13:22.765+0800] {processor.py:183} INFO - Processing /home/jithish/Documents/dag-dag-dag/.venv/lib/python3.10/site-packages/airflow/example_dags/example_params_ui_tutorial.py took 0.091 seconds
[2024-05-15T04:14:18.591+0800] {processor.py:161} INFO - Started process (PID=119326) to work on /home/jithish/Documents/dag-dag-dag/.venv/lib/python3.10/site-packages/airflow/example_dags/example_params_ui_tutorial.py
[2024-05-15T04:14:18.652+0800] {processor.py:830} INFO - Processing file /home/jithish/Documents/dag-dag-dag/.venv/lib/python3.10/site-packages/airflow/example_dags/example_params_ui_tutorial.py for tasks to queue
[2024-05-15T04:14:18.657+0800] {logging_mixin.py:188} INFO - [2024-05-15T04:14:18.656+0800] {dagbag.py:545} INFO - Filling up the DagBag from /home/jithish/Documents/dag-dag-dag/.venv/lib/python3.10/site-packages/airflow/example_dags/example_params_ui_tutorial.py
[2024-05-15T04:14:18.676+0800] {processor.py:840} INFO - DAG(s) 'example_params_ui_tutorial' retrieved from /home/jithish/Documents/dag-dag-dag/.venv/lib/python3.10/site-packages/airflow/example_dags/example_params_ui_tutorial.py
[2024-05-15T04:14:18.721+0800] {logging_mixin.py:188} INFO - [2024-05-15T04:14:18.721+0800] {dag.py:3096} INFO - Sync 1 DAGs
[2024-05-15T04:14:18.730+0800] {logging_mixin.py:188} INFO - [2024-05-15T04:14:18.730+0800] {dag.py:3954} INFO - Setting next_dagrun for example_params_ui_tutorial to None, run_after=None
[2024-05-15T04:14:18.750+0800] {processor.py:183} INFO - Processing /home/jithish/Documents/dag-dag-dag/.venv/lib/python3.10/site-packages/airflow/example_dags/example_params_ui_tutorial.py took 0.166 seconds
[2024-05-15T04:15:14.553+0800] {processor.py:161} INFO - Started process (PID=119912) to work on /home/jithish/Documents/dag-dag-dag/.venv/lib/python3.10/site-packages/airflow/example_dags/example_params_ui_tutorial.py
[2024-05-15T04:15:14.615+0800] {processor.py:830} INFO - Processing file /home/jithish/Documents/dag-dag-dag/.venv/lib/python3.10/site-packages/airflow/example_dags/example_params_ui_tutorial.py for tasks to queue
[2024-05-15T04:15:14.620+0800] {logging_mixin.py:188} INFO - [2024-05-15T04:15:14.618+0800] {dagbag.py:545} INFO - Filling up the DagBag from /home/jithish/Documents/dag-dag-dag/.venv/lib/python3.10/site-packages/airflow/example_dags/example_params_ui_tutorial.py
[2024-05-15T04:15:14.652+0800] {processor.py:840} INFO - DAG(s) 'example_params_ui_tutorial' retrieved from /home/jithish/Documents/dag-dag-dag/.venv/lib/python3.10/site-packages/airflow/example_dags/example_params_ui_tutorial.py
[2024-05-15T04:15:14.696+0800] {logging_mixin.py:188} INFO - [2024-05-15T04:15:14.696+0800] {dag.py:3096} INFO - Sync 1 DAGs
[2024-05-15T04:15:14.703+0800] {logging_mixin.py:188} INFO - [2024-05-15T04:15:14.703+0800] {dag.py:3954} INFO - Setting next_dagrun for example_params_ui_tutorial to None, run_after=None
[2024-05-15T04:15:14.722+0800] {processor.py:183} INFO - Processing /home/jithish/Documents/dag-dag-dag/.venv/lib/python3.10/site-packages/airflow/example_dags/example_params_ui_tutorial.py took 0.173 seconds
