[2024-05-15T02:59:24.032+0800] {processor.py:161} INFO - Started process (PID=65616) to work on /home/jithish/Documents/dag-dag-dag/.venv/lib/python3.10/site-packages/airflow/example_dags/example_setup_teardown_taskflow.py
[2024-05-15T02:59:24.033+0800] {processor.py:830} INFO - Processing file /home/jithish/Documents/dag-dag-dag/.venv/lib/python3.10/site-packages/airflow/example_dags/example_setup_teardown_taskflow.py for tasks to queue
[2024-05-15T02:59:24.035+0800] {logging_mixin.py:188} INFO - [2024-05-15T02:59:24.035+0800] {dagbag.py:545} INFO - Filling up the DagBag from /home/jithish/Documents/dag-dag-dag/.venv/lib/python3.10/site-packages/airflow/example_dags/example_setup_teardown_taskflow.py
[2024-05-15T02:59:24.042+0800] {processor.py:840} INFO - DAG(s) 'example_setup_teardown_taskflow' retrieved from /home/jithish/Documents/dag-dag-dag/.venv/lib/python3.10/site-packages/airflow/example_dags/example_setup_teardown_taskflow.py
[2024-05-15T02:59:24.108+0800] {logging_mixin.py:188} INFO - [2024-05-15T02:59:24.108+0800] {dag.py:3096} INFO - Sync 1 DAGs
[2024-05-15T02:59:24.195+0800] {logging_mixin.py:188} INFO - [2024-05-15T02:59:24.195+0800] {dag.py:3954} INFO - Setting next_dagrun for example_setup_teardown_taskflow to 2024-05-13 00:00:00+00:00, run_after=2024-05-14 00:00:00+00:00
[2024-05-15T02:59:24.297+0800] {processor.py:183} INFO - Processing /home/jithish/Documents/dag-dag-dag/.venv/lib/python3.10/site-packages/airflow/example_dags/example_setup_teardown_taskflow.py took 0.271 seconds
[2024-05-15T03:14:45.566+0800] {processor.py:161} INFO - Started process (PID=75134) to work on /home/jithish/Documents/dag-dag-dag/.venv/lib/python3.10/site-packages/airflow/example_dags/example_setup_teardown_taskflow.py
[2024-05-15T03:14:45.577+0800] {processor.py:830} INFO - Processing file /home/jithish/Documents/dag-dag-dag/.venv/lib/python3.10/site-packages/airflow/example_dags/example_setup_teardown_taskflow.py for tasks to queue
[2024-05-15T03:14:45.579+0800] {logging_mixin.py:188} INFO - [2024-05-15T03:14:45.579+0800] {dagbag.py:545} INFO - Filling up the DagBag from /home/jithish/Documents/dag-dag-dag/.venv/lib/python3.10/site-packages/airflow/example_dags/example_setup_teardown_taskflow.py
[2024-05-15T03:14:45.590+0800] {processor.py:840} INFO - DAG(s) 'example_setup_teardown_taskflow' retrieved from /home/jithish/Documents/dag-dag-dag/.venv/lib/python3.10/site-packages/airflow/example_dags/example_setup_teardown_taskflow.py
[2024-05-15T03:14:45.659+0800] {logging_mixin.py:188} INFO - [2024-05-15T03:14:45.658+0800] {dag.py:3096} INFO - Sync 1 DAGs
[2024-05-15T03:14:45.757+0800] {logging_mixin.py:188} INFO - [2024-05-15T03:14:45.757+0800] {dag.py:3954} INFO - Setting next_dagrun for example_setup_teardown_taskflow to 2024-05-13 00:00:00+00:00, run_after=2024-05-14 00:00:00+00:00
[2024-05-15T03:14:45.844+0800] {processor.py:183} INFO - Processing /home/jithish/Documents/dag-dag-dag/.venv/lib/python3.10/site-packages/airflow/example_dags/example_setup_teardown_taskflow.py took 0.291 seconds
[2024-05-15T03:15:49.782+0800] {processor.py:161} INFO - Started process (PID=75948) to work on /home/jithish/Documents/dag-dag-dag/.venv/lib/python3.10/site-packages/airflow/example_dags/example_setup_teardown_taskflow.py
[2024-05-15T03:15:49.844+0800] {processor.py:830} INFO - Processing file /home/jithish/Documents/dag-dag-dag/.venv/lib/python3.10/site-packages/airflow/example_dags/example_setup_teardown_taskflow.py for tasks to queue
[2024-05-15T03:15:49.849+0800] {logging_mixin.py:188} INFO - [2024-05-15T03:15:49.847+0800] {dagbag.py:545} INFO - Filling up the DagBag from /home/jithish/Documents/dag-dag-dag/.venv/lib/python3.10/site-packages/airflow/example_dags/example_setup_teardown_taskflow.py
[2024-05-15T03:15:49.875+0800] {processor.py:840} INFO - DAG(s) 'example_setup_teardown_taskflow' retrieved from /home/jithish/Documents/dag-dag-dag/.venv/lib/python3.10/site-packages/airflow/example_dags/example_setup_teardown_taskflow.py
[2024-05-15T03:15:49.895+0800] {logging_mixin.py:188} INFO - [2024-05-15T03:15:49.895+0800] {dag.py:3096} INFO - Sync 1 DAGs
[2024-05-15T03:15:49.911+0800] {logging_mixin.py:188} INFO - [2024-05-15T03:15:49.911+0800] {dag.py:3954} INFO - Setting next_dagrun for example_setup_teardown_taskflow to 2024-05-13 00:00:00+00:00, run_after=2024-05-14 00:00:00+00:00
[2024-05-15T03:15:50.091+0800] {processor.py:183} INFO - Processing /home/jithish/Documents/dag-dag-dag/.venv/lib/python3.10/site-packages/airflow/example_dags/example_setup_teardown_taskflow.py took 0.313 seconds
[2024-05-15T03:16:52.287+0800] {processor.py:161} INFO - Started process (PID=76800) to work on /home/jithish/Documents/dag-dag-dag/.venv/lib/python3.10/site-packages/airflow/example_dags/example_setup_teardown_taskflow.py
[2024-05-15T03:16:52.349+0800] {processor.py:830} INFO - Processing file /home/jithish/Documents/dag-dag-dag/.venv/lib/python3.10/site-packages/airflow/example_dags/example_setup_teardown_taskflow.py for tasks to queue
[2024-05-15T03:16:52.353+0800] {logging_mixin.py:188} INFO - [2024-05-15T03:16:52.351+0800] {dagbag.py:545} INFO - Filling up the DagBag from /home/jithish/Documents/dag-dag-dag/.venv/lib/python3.10/site-packages/airflow/example_dags/example_setup_teardown_taskflow.py
[2024-05-15T03:16:52.379+0800] {processor.py:840} INFO - DAG(s) 'example_setup_teardown_taskflow' retrieved from /home/jithish/Documents/dag-dag-dag/.venv/lib/python3.10/site-packages/airflow/example_dags/example_setup_teardown_taskflow.py
[2024-05-15T03:16:52.403+0800] {logging_mixin.py:188} INFO - [2024-05-15T03:16:52.403+0800] {dag.py:3096} INFO - Sync 1 DAGs
[2024-05-15T03:16:52.421+0800] {logging_mixin.py:188} INFO - [2024-05-15T03:16:52.420+0800] {dag.py:3954} INFO - Setting next_dagrun for example_setup_teardown_taskflow to 2024-05-13 00:00:00+00:00, run_after=2024-05-14 00:00:00+00:00
[2024-05-15T03:16:52.440+0800] {processor.py:183} INFO - Processing /home/jithish/Documents/dag-dag-dag/.venv/lib/python3.10/site-packages/airflow/example_dags/example_setup_teardown_taskflow.py took 0.172 seconds
[2024-05-15T03:17:55.685+0800] {processor.py:161} INFO - Started process (PID=77788) to work on /home/jithish/Documents/dag-dag-dag/.venv/lib/python3.10/site-packages/airflow/example_dags/example_setup_teardown_taskflow.py
[2024-05-15T03:17:55.693+0800] {processor.py:830} INFO - Processing file /home/jithish/Documents/dag-dag-dag/.venv/lib/python3.10/site-packages/airflow/example_dags/example_setup_teardown_taskflow.py for tasks to queue
[2024-05-15T03:17:55.698+0800] {logging_mixin.py:188} INFO - [2024-05-15T03:17:55.697+0800] {dagbag.py:545} INFO - Filling up the DagBag from /home/jithish/Documents/dag-dag-dag/.venv/lib/python3.10/site-packages/airflow/example_dags/example_setup_teardown_taskflow.py
[2024-05-15T03:17:55.722+0800] {processor.py:840} INFO - DAG(s) 'example_setup_teardown_taskflow' retrieved from /home/jithish/Documents/dag-dag-dag/.venv/lib/python3.10/site-packages/airflow/example_dags/example_setup_teardown_taskflow.py
[2024-05-15T03:17:55.742+0800] {logging_mixin.py:188} INFO - [2024-05-15T03:17:55.742+0800] {dag.py:3096} INFO - Sync 1 DAGs
[2024-05-15T03:17:55.757+0800] {logging_mixin.py:188} INFO - [2024-05-15T03:17:55.757+0800] {dag.py:3954} INFO - Setting next_dagrun for example_setup_teardown_taskflow to 2024-05-13 00:00:00+00:00, run_after=2024-05-14 00:00:00+00:00
[2024-05-15T03:17:55.780+0800] {processor.py:183} INFO - Processing /home/jithish/Documents/dag-dag-dag/.venv/lib/python3.10/site-packages/airflow/example_dags/example_setup_teardown_taskflow.py took 0.099 seconds
[2024-05-15T03:18:49.241+0800] {processor.py:161} INFO - Started process (PID=78535) to work on /home/jithish/Documents/dag-dag-dag/.venv/lib/python3.10/site-packages/airflow/example_dags/example_setup_teardown_taskflow.py
[2024-05-15T03:18:49.242+0800] {processor.py:830} INFO - Processing file /home/jithish/Documents/dag-dag-dag/.venv/lib/python3.10/site-packages/airflow/example_dags/example_setup_teardown_taskflow.py for tasks to queue
[2024-05-15T03:18:49.244+0800] {logging_mixin.py:188} INFO - [2024-05-15T03:18:49.243+0800] {dagbag.py:545} INFO - Filling up the DagBag from /home/jithish/Documents/dag-dag-dag/.venv/lib/python3.10/site-packages/airflow/example_dags/example_setup_teardown_taskflow.py
[2024-05-15T03:18:49.253+0800] {processor.py:840} INFO - DAG(s) 'example_setup_teardown_taskflow' retrieved from /home/jithish/Documents/dag-dag-dag/.venv/lib/python3.10/site-packages/airflow/example_dags/example_setup_teardown_taskflow.py
[2024-05-15T03:18:49.267+0800] {logging_mixin.py:188} INFO - [2024-05-15T03:18:49.266+0800] {dag.py:3096} INFO - Sync 1 DAGs
[2024-05-15T03:18:49.281+0800] {logging_mixin.py:188} INFO - [2024-05-15T03:18:49.281+0800] {dag.py:3954} INFO - Setting next_dagrun for example_setup_teardown_taskflow to 2024-05-13 00:00:00+00:00, run_after=2024-05-14 00:00:00+00:00
[2024-05-15T03:18:49.297+0800] {processor.py:183} INFO - Processing /home/jithish/Documents/dag-dag-dag/.venv/lib/python3.10/site-packages/airflow/example_dags/example_setup_teardown_taskflow.py took 0.063 seconds
[2024-05-15T03:19:46.837+0800] {processor.py:161} INFO - Started process (PID=79390) to work on /home/jithish/Documents/dag-dag-dag/.venv/lib/python3.10/site-packages/airflow/example_dags/example_setup_teardown_taskflow.py
[2024-05-15T03:19:46.901+0800] {processor.py:830} INFO - Processing file /home/jithish/Documents/dag-dag-dag/.venv/lib/python3.10/site-packages/airflow/example_dags/example_setup_teardown_taskflow.py for tasks to queue
[2024-05-15T03:19:46.907+0800] {logging_mixin.py:188} INFO - [2024-05-15T03:19:46.905+0800] {dagbag.py:545} INFO - Filling up the DagBag from /home/jithish/Documents/dag-dag-dag/.venv/lib/python3.10/site-packages/airflow/example_dags/example_setup_teardown_taskflow.py
[2024-05-15T03:19:46.934+0800] {processor.py:840} INFO - DAG(s) 'example_setup_teardown_taskflow' retrieved from /home/jithish/Documents/dag-dag-dag/.venv/lib/python3.10/site-packages/airflow/example_dags/example_setup_teardown_taskflow.py
[2024-05-15T03:19:46.955+0800] {logging_mixin.py:188} INFO - [2024-05-15T03:19:46.955+0800] {dag.py:3096} INFO - Sync 1 DAGs
[2024-05-15T03:19:46.970+0800] {logging_mixin.py:188} INFO - [2024-05-15T03:19:46.970+0800] {dag.py:3954} INFO - Setting next_dagrun for example_setup_teardown_taskflow to 2024-05-13 00:00:00+00:00, run_after=2024-05-14 00:00:00+00:00
[2024-05-15T03:19:46.986+0800] {processor.py:183} INFO - Processing /home/jithish/Documents/dag-dag-dag/.venv/lib/python3.10/site-packages/airflow/example_dags/example_setup_teardown_taskflow.py took 0.156 seconds
[2024-05-15T03:21:02.517+0800] {processor.py:161} INFO - Started process (PID=80451) to work on /home/jithish/Documents/dag-dag-dag/.venv/lib/python3.10/site-packages/airflow/example_dags/example_setup_teardown_taskflow.py
[2024-05-15T03:21:02.579+0800] {processor.py:830} INFO - Processing file /home/jithish/Documents/dag-dag-dag/.venv/lib/python3.10/site-packages/airflow/example_dags/example_setup_teardown_taskflow.py for tasks to queue
[2024-05-15T03:21:02.585+0800] {logging_mixin.py:188} INFO - [2024-05-15T03:21:02.584+0800] {dagbag.py:545} INFO - Filling up the DagBag from /home/jithish/Documents/dag-dag-dag/.venv/lib/python3.10/site-packages/airflow/example_dags/example_setup_teardown_taskflow.py
[2024-05-15T03:21:02.613+0800] {processor.py:840} INFO - DAG(s) 'example_setup_teardown_taskflow' retrieved from /home/jithish/Documents/dag-dag-dag/.venv/lib/python3.10/site-packages/airflow/example_dags/example_setup_teardown_taskflow.py
[2024-05-15T03:21:02.635+0800] {logging_mixin.py:188} INFO - [2024-05-15T03:21:02.635+0800] {dag.py:3096} INFO - Sync 1 DAGs
[2024-05-15T03:21:02.651+0800] {logging_mixin.py:188} INFO - [2024-05-15T03:21:02.651+0800] {dag.py:3954} INFO - Setting next_dagrun for example_setup_teardown_taskflow to 2024-05-13 00:00:00+00:00, run_after=2024-05-14 00:00:00+00:00
[2024-05-15T03:21:02.679+0800] {processor.py:183} INFO - Processing /home/jithish/Documents/dag-dag-dag/.venv/lib/python3.10/site-packages/airflow/example_dags/example_setup_teardown_taskflow.py took 0.173 seconds
[2024-05-15T03:21:54.208+0800] {processor.py:161} INFO - Started process (PID=81194) to work on /home/jithish/Documents/dag-dag-dag/.venv/lib/python3.10/site-packages/airflow/example_dags/example_setup_teardown_taskflow.py
[2024-05-15T03:21:54.209+0800] {processor.py:830} INFO - Processing file /home/jithish/Documents/dag-dag-dag/.venv/lib/python3.10/site-packages/airflow/example_dags/example_setup_teardown_taskflow.py for tasks to queue
[2024-05-15T03:21:54.212+0800] {logging_mixin.py:188} INFO - [2024-05-15T03:21:54.211+0800] {dagbag.py:545} INFO - Filling up the DagBag from /home/jithish/Documents/dag-dag-dag/.venv/lib/python3.10/site-packages/airflow/example_dags/example_setup_teardown_taskflow.py
[2024-05-15T03:21:54.225+0800] {processor.py:840} INFO - DAG(s) 'example_setup_teardown_taskflow' retrieved from /home/jithish/Documents/dag-dag-dag/.venv/lib/python3.10/site-packages/airflow/example_dags/example_setup_teardown_taskflow.py
[2024-05-15T03:21:54.251+0800] {logging_mixin.py:188} INFO - [2024-05-15T03:21:54.251+0800] {dag.py:3096} INFO - Sync 1 DAGs
[2024-05-15T03:21:54.271+0800] {logging_mixin.py:188} INFO - [2024-05-15T03:21:54.271+0800] {dag.py:3954} INFO - Setting next_dagrun for example_setup_teardown_taskflow to 2024-05-13 00:00:00+00:00, run_after=2024-05-14 00:00:00+00:00
[2024-05-15T03:21:54.287+0800] {processor.py:183} INFO - Processing /home/jithish/Documents/dag-dag-dag/.venv/lib/python3.10/site-packages/airflow/example_dags/example_setup_teardown_taskflow.py took 0.087 seconds
[2024-05-15T03:22:48.370+0800] {processor.py:161} INFO - Started process (PID=82006) to work on /home/jithish/Documents/dag-dag-dag/.venv/lib/python3.10/site-packages/airflow/example_dags/example_setup_teardown_taskflow.py
[2024-05-15T03:22:48.422+0800] {processor.py:830} INFO - Processing file /home/jithish/Documents/dag-dag-dag/.venv/lib/python3.10/site-packages/airflow/example_dags/example_setup_teardown_taskflow.py for tasks to queue
[2024-05-15T03:22:48.427+0800] {logging_mixin.py:188} INFO - [2024-05-15T03:22:48.425+0800] {dagbag.py:545} INFO - Filling up the DagBag from /home/jithish/Documents/dag-dag-dag/.venv/lib/python3.10/site-packages/airflow/example_dags/example_setup_teardown_taskflow.py
[2024-05-15T03:22:48.453+0800] {processor.py:840} INFO - DAG(s) 'example_setup_teardown_taskflow' retrieved from /home/jithish/Documents/dag-dag-dag/.venv/lib/python3.10/site-packages/airflow/example_dags/example_setup_teardown_taskflow.py
[2024-05-15T03:22:48.473+0800] {logging_mixin.py:188} INFO - [2024-05-15T03:22:48.473+0800] {dag.py:3096} INFO - Sync 1 DAGs
[2024-05-15T03:22:48.487+0800] {logging_mixin.py:188} INFO - [2024-05-15T03:22:48.487+0800] {dag.py:3954} INFO - Setting next_dagrun for example_setup_teardown_taskflow to 2024-05-13 00:00:00+00:00, run_after=2024-05-14 00:00:00+00:00
[2024-05-15T03:22:48.502+0800] {processor.py:183} INFO - Processing /home/jithish/Documents/dag-dag-dag/.venv/lib/python3.10/site-packages/airflow/example_dags/example_setup_teardown_taskflow.py took 0.149 seconds
[2024-05-15T03:23:42.429+0800] {processor.py:161} INFO - Started process (PID=82453) to work on /home/jithish/Documents/dag-dag-dag/.venv/lib/python3.10/site-packages/airflow/example_dags/example_setup_teardown_taskflow.py
[2024-05-15T03:23:42.491+0800] {processor.py:830} INFO - Processing file /home/jithish/Documents/dag-dag-dag/.venv/lib/python3.10/site-packages/airflow/example_dags/example_setup_teardown_taskflow.py for tasks to queue
[2024-05-15T03:23:42.496+0800] {logging_mixin.py:188} INFO - [2024-05-15T03:23:42.494+0800] {dagbag.py:545} INFO - Filling up the DagBag from /home/jithish/Documents/dag-dag-dag/.venv/lib/python3.10/site-packages/airflow/example_dags/example_setup_teardown_taskflow.py
[2024-05-15T03:23:42.522+0800] {processor.py:840} INFO - DAG(s) 'example_setup_teardown_taskflow' retrieved from /home/jithish/Documents/dag-dag-dag/.venv/lib/python3.10/site-packages/airflow/example_dags/example_setup_teardown_taskflow.py
[2024-05-15T03:23:42.544+0800] {logging_mixin.py:188} INFO - [2024-05-15T03:23:42.544+0800] {dag.py:3096} INFO - Sync 1 DAGs
[2024-05-15T03:23:42.558+0800] {logging_mixin.py:188} INFO - [2024-05-15T03:23:42.558+0800] {dag.py:3954} INFO - Setting next_dagrun for example_setup_teardown_taskflow to 2024-05-13 00:00:00+00:00, run_after=2024-05-14 00:00:00+00:00
[2024-05-15T03:23:42.581+0800] {processor.py:183} INFO - Processing /home/jithish/Documents/dag-dag-dag/.venv/lib/python3.10/site-packages/airflow/example_dags/example_setup_teardown_taskflow.py took 0.157 seconds
[2024-05-15T03:24:37.623+0800] {processor.py:161} INFO - Started process (PID=82944) to work on /home/jithish/Documents/dag-dag-dag/.venv/lib/python3.10/site-packages/airflow/example_dags/example_setup_teardown_taskflow.py
[2024-05-15T03:24:37.686+0800] {processor.py:830} INFO - Processing file /home/jithish/Documents/dag-dag-dag/.venv/lib/python3.10/site-packages/airflow/example_dags/example_setup_teardown_taskflow.py for tasks to queue
[2024-05-15T03:24:37.690+0800] {logging_mixin.py:188} INFO - [2024-05-15T03:24:37.689+0800] {dagbag.py:545} INFO - Filling up the DagBag from /home/jithish/Documents/dag-dag-dag/.venv/lib/python3.10/site-packages/airflow/example_dags/example_setup_teardown_taskflow.py
[2024-05-15T03:24:37.719+0800] {processor.py:840} INFO - DAG(s) 'example_setup_teardown_taskflow' retrieved from /home/jithish/Documents/dag-dag-dag/.venv/lib/python3.10/site-packages/airflow/example_dags/example_setup_teardown_taskflow.py
[2024-05-15T03:24:37.743+0800] {logging_mixin.py:188} INFO - [2024-05-15T03:24:37.743+0800] {dag.py:3096} INFO - Sync 1 DAGs
[2024-05-15T03:24:37.758+0800] {logging_mixin.py:188} INFO - [2024-05-15T03:24:37.757+0800] {dag.py:3954} INFO - Setting next_dagrun for example_setup_teardown_taskflow to 2024-05-13 00:00:00+00:00, run_after=2024-05-14 00:00:00+00:00
[2024-05-15T03:24:37.777+0800] {processor.py:183} INFO - Processing /home/jithish/Documents/dag-dag-dag/.venv/lib/python3.10/site-packages/airflow/example_dags/example_setup_teardown_taskflow.py took 0.158 seconds
[2024-05-15T03:25:32.769+0800] {processor.py:161} INFO - Started process (PID=83424) to work on /home/jithish/Documents/dag-dag-dag/.venv/lib/python3.10/site-packages/airflow/example_dags/example_setup_teardown_taskflow.py
[2024-05-15T03:25:32.830+0800] {processor.py:830} INFO - Processing file /home/jithish/Documents/dag-dag-dag/.venv/lib/python3.10/site-packages/airflow/example_dags/example_setup_teardown_taskflow.py for tasks to queue
[2024-05-15T03:25:32.831+0800] {logging_mixin.py:188} INFO - [2024-05-15T03:25:32.831+0800] {dagbag.py:545} INFO - Filling up the DagBag from /home/jithish/Documents/dag-dag-dag/.venv/lib/python3.10/site-packages/airflow/example_dags/example_setup_teardown_taskflow.py
[2024-05-15T03:25:32.838+0800] {processor.py:840} INFO - DAG(s) 'example_setup_teardown_taskflow' retrieved from /home/jithish/Documents/dag-dag-dag/.venv/lib/python3.10/site-packages/airflow/example_dags/example_setup_teardown_taskflow.py
[2024-05-15T03:25:32.851+0800] {logging_mixin.py:188} INFO - [2024-05-15T03:25:32.851+0800] {dag.py:3096} INFO - Sync 1 DAGs
[2024-05-15T03:25:32.864+0800] {logging_mixin.py:188} INFO - [2024-05-15T03:25:32.864+0800] {dag.py:3954} INFO - Setting next_dagrun for example_setup_teardown_taskflow to 2024-05-13 00:00:00+00:00, run_after=2024-05-14 00:00:00+00:00
[2024-05-15T03:25:32.879+0800] {processor.py:183} INFO - Processing /home/jithish/Documents/dag-dag-dag/.venv/lib/python3.10/site-packages/airflow/example_dags/example_setup_teardown_taskflow.py took 0.114 seconds
[2024-05-15T03:26:50.765+0800] {processor.py:161} INFO - Started process (PID=84261) to work on /home/jithish/Documents/dag-dag-dag/.venv/lib/python3.10/site-packages/airflow/example_dags/example_setup_teardown_taskflow.py
[2024-05-15T03:26:50.766+0800] {processor.py:830} INFO - Processing file /home/jithish/Documents/dag-dag-dag/.venv/lib/python3.10/site-packages/airflow/example_dags/example_setup_teardown_taskflow.py for tasks to queue
[2024-05-15T03:26:50.767+0800] {logging_mixin.py:188} INFO - [2024-05-15T03:26:50.767+0800] {dagbag.py:545} INFO - Filling up the DagBag from /home/jithish/Documents/dag-dag-dag/.venv/lib/python3.10/site-packages/airflow/example_dags/example_setup_teardown_taskflow.py
[2024-05-15T03:26:50.776+0800] {processor.py:840} INFO - DAG(s) 'example_setup_teardown_taskflow' retrieved from /home/jithish/Documents/dag-dag-dag/.venv/lib/python3.10/site-packages/airflow/example_dags/example_setup_teardown_taskflow.py
[2024-05-15T03:26:50.792+0800] {logging_mixin.py:188} INFO - [2024-05-15T03:26:50.792+0800] {dag.py:3096} INFO - Sync 1 DAGs
[2024-05-15T03:26:50.811+0800] {logging_mixin.py:188} INFO - [2024-05-15T03:26:50.810+0800] {dag.py:3954} INFO - Setting next_dagrun for example_setup_teardown_taskflow to 2024-05-13 00:00:00+00:00, run_after=2024-05-14 00:00:00+00:00
[2024-05-15T03:26:50.835+0800] {processor.py:183} INFO - Processing /home/jithish/Documents/dag-dag-dag/.venv/lib/python3.10/site-packages/airflow/example_dags/example_setup_teardown_taskflow.py took 0.075 seconds
[2024-05-15T03:27:44.992+0800] {processor.py:161} INFO - Started process (PID=84825) to work on /home/jithish/Documents/dag-dag-dag/.venv/lib/python3.10/site-packages/airflow/example_dags/example_setup_teardown_taskflow.py
[2024-05-15T03:27:45.053+0800] {processor.py:830} INFO - Processing file /home/jithish/Documents/dag-dag-dag/.venv/lib/python3.10/site-packages/airflow/example_dags/example_setup_teardown_taskflow.py for tasks to queue
[2024-05-15T03:27:45.054+0800] {logging_mixin.py:188} INFO - [2024-05-15T03:27:45.054+0800] {dagbag.py:545} INFO - Filling up the DagBag from /home/jithish/Documents/dag-dag-dag/.venv/lib/python3.10/site-packages/airflow/example_dags/example_setup_teardown_taskflow.py
[2024-05-15T03:27:45.061+0800] {processor.py:840} INFO - DAG(s) 'example_setup_teardown_taskflow' retrieved from /home/jithish/Documents/dag-dag-dag/.venv/lib/python3.10/site-packages/airflow/example_dags/example_setup_teardown_taskflow.py
[2024-05-15T03:27:45.074+0800] {logging_mixin.py:188} INFO - [2024-05-15T03:27:45.074+0800] {dag.py:3096} INFO - Sync 1 DAGs
[2024-05-15T03:27:45.088+0800] {logging_mixin.py:188} INFO - [2024-05-15T03:27:45.088+0800] {dag.py:3954} INFO - Setting next_dagrun for example_setup_teardown_taskflow to 2024-05-13 00:00:00+00:00, run_after=2024-05-14 00:00:00+00:00
[2024-05-15T03:27:45.106+0800] {processor.py:183} INFO - Processing /home/jithish/Documents/dag-dag-dag/.venv/lib/python3.10/site-packages/airflow/example_dags/example_setup_teardown_taskflow.py took 0.126 seconds
[2024-05-15T03:28:58.337+0800] {processor.py:161} INFO - Started process (PID=85479) to work on /home/jithish/Documents/dag-dag-dag/.venv/lib/python3.10/site-packages/airflow/example_dags/example_setup_teardown_taskflow.py
[2024-05-15T03:28:58.399+0800] {processor.py:830} INFO - Processing file /home/jithish/Documents/dag-dag-dag/.venv/lib/python3.10/site-packages/airflow/example_dags/example_setup_teardown_taskflow.py for tasks to queue
[2024-05-15T03:28:58.402+0800] {logging_mixin.py:188} INFO - [2024-05-15T03:28:58.401+0800] {dagbag.py:545} INFO - Filling up the DagBag from /home/jithish/Documents/dag-dag-dag/.venv/lib/python3.10/site-packages/airflow/example_dags/example_setup_teardown_taskflow.py
[2024-05-15T03:28:58.414+0800] {processor.py:840} INFO - DAG(s) 'example_setup_teardown_taskflow' retrieved from /home/jithish/Documents/dag-dag-dag/.venv/lib/python3.10/site-packages/airflow/example_dags/example_setup_teardown_taskflow.py
[2024-05-15T03:28:58.430+0800] {logging_mixin.py:188} INFO - [2024-05-15T03:28:58.430+0800] {dag.py:3096} INFO - Sync 1 DAGs
[2024-05-15T03:28:58.446+0800] {logging_mixin.py:188} INFO - [2024-05-15T03:28:58.445+0800] {dag.py:3954} INFO - Setting next_dagrun for example_setup_teardown_taskflow to 2024-05-13 00:00:00+00:00, run_after=2024-05-14 00:00:00+00:00
[2024-05-15T03:28:58.473+0800] {processor.py:183} INFO - Processing /home/jithish/Documents/dag-dag-dag/.venv/lib/python3.10/site-packages/airflow/example_dags/example_setup_teardown_taskflow.py took 0.142 seconds
[2024-05-15T03:30:12.940+0800] {processor.py:161} INFO - Started process (PID=86068) to work on /home/jithish/Documents/dag-dag-dag/.venv/lib/python3.10/site-packages/airflow/example_dags/example_setup_teardown_taskflow.py
[2024-05-15T03:30:13.002+0800] {processor.py:830} INFO - Processing file /home/jithish/Documents/dag-dag-dag/.venv/lib/python3.10/site-packages/airflow/example_dags/example_setup_teardown_taskflow.py for tasks to queue
[2024-05-15T03:30:13.006+0800] {logging_mixin.py:188} INFO - [2024-05-15T03:30:13.005+0800] {dagbag.py:545} INFO - Filling up the DagBag from /home/jithish/Documents/dag-dag-dag/.venv/lib/python3.10/site-packages/airflow/example_dags/example_setup_teardown_taskflow.py
[2024-05-15T03:30:13.032+0800] {processor.py:840} INFO - DAG(s) 'example_setup_teardown_taskflow' retrieved from /home/jithish/Documents/dag-dag-dag/.venv/lib/python3.10/site-packages/airflow/example_dags/example_setup_teardown_taskflow.py
[2024-05-15T03:30:13.053+0800] {logging_mixin.py:188} INFO - [2024-05-15T03:30:13.052+0800] {dag.py:3096} INFO - Sync 1 DAGs
[2024-05-15T03:30:13.068+0800] {logging_mixin.py:188} INFO - [2024-05-15T03:30:13.067+0800] {dag.py:3954} INFO - Setting next_dagrun for example_setup_teardown_taskflow to 2024-05-13 00:00:00+00:00, run_after=2024-05-14 00:00:00+00:00
[2024-05-15T03:30:13.097+0800] {processor.py:183} INFO - Processing /home/jithish/Documents/dag-dag-dag/.venv/lib/python3.10/site-packages/airflow/example_dags/example_setup_teardown_taskflow.py took 0.165 seconds
[2024-05-15T03:31:31.086+0800] {processor.py:161} INFO - Started process (PID=86765) to work on /home/jithish/Documents/dag-dag-dag/.venv/lib/python3.10/site-packages/airflow/example_dags/example_setup_teardown_taskflow.py
[2024-05-15T03:31:31.148+0800] {processor.py:830} INFO - Processing file /home/jithish/Documents/dag-dag-dag/.venv/lib/python3.10/site-packages/airflow/example_dags/example_setup_teardown_taskflow.py for tasks to queue
[2024-05-15T03:31:31.153+0800] {logging_mixin.py:188} INFO - [2024-05-15T03:31:31.152+0800] {dagbag.py:545} INFO - Filling up the DagBag from /home/jithish/Documents/dag-dag-dag/.venv/lib/python3.10/site-packages/airflow/example_dags/example_setup_teardown_taskflow.py
[2024-05-15T03:31:31.176+0800] {processor.py:840} INFO - DAG(s) 'example_setup_teardown_taskflow' retrieved from /home/jithish/Documents/dag-dag-dag/.venv/lib/python3.10/site-packages/airflow/example_dags/example_setup_teardown_taskflow.py
[2024-05-15T03:31:31.195+0800] {logging_mixin.py:188} INFO - [2024-05-15T03:31:31.195+0800] {dag.py:3096} INFO - Sync 1 DAGs
[2024-05-15T03:31:31.209+0800] {logging_mixin.py:188} INFO - [2024-05-15T03:31:31.209+0800] {dag.py:3954} INFO - Setting next_dagrun for example_setup_teardown_taskflow to 2024-05-13 00:00:00+00:00, run_after=2024-05-14 00:00:00+00:00
[2024-05-15T03:31:31.236+0800] {processor.py:183} INFO - Processing /home/jithish/Documents/dag-dag-dag/.venv/lib/python3.10/site-packages/airflow/example_dags/example_setup_teardown_taskflow.py took 0.157 seconds
[2024-05-15T03:32:22.256+0800] {processor.py:161} INFO - Started process (PID=87164) to work on /home/jithish/Documents/dag-dag-dag/.venv/lib/python3.10/site-packages/airflow/example_dags/example_setup_teardown_taskflow.py
[2024-05-15T03:32:22.319+0800] {processor.py:830} INFO - Processing file /home/jithish/Documents/dag-dag-dag/.venv/lib/python3.10/site-packages/airflow/example_dags/example_setup_teardown_taskflow.py for tasks to queue
[2024-05-15T03:32:22.324+0800] {logging_mixin.py:188} INFO - [2024-05-15T03:32:22.322+0800] {dagbag.py:545} INFO - Filling up the DagBag from /home/jithish/Documents/dag-dag-dag/.venv/lib/python3.10/site-packages/airflow/example_dags/example_setup_teardown_taskflow.py
[2024-05-15T03:32:22.351+0800] {processor.py:840} INFO - DAG(s) 'example_setup_teardown_taskflow' retrieved from /home/jithish/Documents/dag-dag-dag/.venv/lib/python3.10/site-packages/airflow/example_dags/example_setup_teardown_taskflow.py
[2024-05-15T03:32:22.372+0800] {logging_mixin.py:188} INFO - [2024-05-15T03:32:22.371+0800] {dag.py:3096} INFO - Sync 1 DAGs
[2024-05-15T03:32:22.387+0800] {logging_mixin.py:188} INFO - [2024-05-15T03:32:22.387+0800] {dag.py:3954} INFO - Setting next_dagrun for example_setup_teardown_taskflow to 2024-05-13 00:00:00+00:00, run_after=2024-05-14 00:00:00+00:00
[2024-05-15T03:32:22.411+0800] {processor.py:183} INFO - Processing /home/jithish/Documents/dag-dag-dag/.venv/lib/python3.10/site-packages/airflow/example_dags/example_setup_teardown_taskflow.py took 0.174 seconds
[2024-05-15T03:33:32.742+0800] {processor.py:161} INFO - Started process (PID=87826) to work on /home/jithish/Documents/dag-dag-dag/.venv/lib/python3.10/site-packages/airflow/example_dags/example_setup_teardown_taskflow.py
[2024-05-15T03:33:32.802+0800] {processor.py:830} INFO - Processing file /home/jithish/Documents/dag-dag-dag/.venv/lib/python3.10/site-packages/airflow/example_dags/example_setup_teardown_taskflow.py for tasks to queue
[2024-05-15T03:33:32.803+0800] {logging_mixin.py:188} INFO - [2024-05-15T03:33:32.803+0800] {dagbag.py:545} INFO - Filling up the DagBag from /home/jithish/Documents/dag-dag-dag/.venv/lib/python3.10/site-packages/airflow/example_dags/example_setup_teardown_taskflow.py
[2024-05-15T03:33:32.811+0800] {processor.py:840} INFO - DAG(s) 'example_setup_teardown_taskflow' retrieved from /home/jithish/Documents/dag-dag-dag/.venv/lib/python3.10/site-packages/airflow/example_dags/example_setup_teardown_taskflow.py
[2024-05-15T03:33:32.825+0800] {logging_mixin.py:188} INFO - [2024-05-15T03:33:32.825+0800] {dag.py:3096} INFO - Sync 1 DAGs
[2024-05-15T03:33:32.849+0800] {logging_mixin.py:188} INFO - [2024-05-15T03:33:32.849+0800] {dag.py:3954} INFO - Setting next_dagrun for example_setup_teardown_taskflow to 2024-05-13 00:00:00+00:00, run_after=2024-05-14 00:00:00+00:00
[2024-05-15T03:33:32.875+0800] {processor.py:183} INFO - Processing /home/jithish/Documents/dag-dag-dag/.venv/lib/python3.10/site-packages/airflow/example_dags/example_setup_teardown_taskflow.py took 0.140 seconds
[2024-05-15T03:34:40.497+0800] {processor.py:161} INFO - Started process (PID=88471) to work on /home/jithish/Documents/dag-dag-dag/.venv/lib/python3.10/site-packages/airflow/example_dags/example_setup_teardown_taskflow.py
[2024-05-15T03:34:40.557+0800] {processor.py:830} INFO - Processing file /home/jithish/Documents/dag-dag-dag/.venv/lib/python3.10/site-packages/airflow/example_dags/example_setup_teardown_taskflow.py for tasks to queue
[2024-05-15T03:34:40.558+0800] {logging_mixin.py:188} INFO - [2024-05-15T03:34:40.558+0800] {dagbag.py:545} INFO - Filling up the DagBag from /home/jithish/Documents/dag-dag-dag/.venv/lib/python3.10/site-packages/airflow/example_dags/example_setup_teardown_taskflow.py
[2024-05-15T03:34:40.566+0800] {processor.py:840} INFO - DAG(s) 'example_setup_teardown_taskflow' retrieved from /home/jithish/Documents/dag-dag-dag/.venv/lib/python3.10/site-packages/airflow/example_dags/example_setup_teardown_taskflow.py
[2024-05-15T03:34:40.579+0800] {logging_mixin.py:188} INFO - [2024-05-15T03:34:40.578+0800] {dag.py:3096} INFO - Sync 1 DAGs
[2024-05-15T03:34:40.593+0800] {logging_mixin.py:188} INFO - [2024-05-15T03:34:40.593+0800] {dag.py:3954} INFO - Setting next_dagrun for example_setup_teardown_taskflow to 2024-05-13 00:00:00+00:00, run_after=2024-05-14 00:00:00+00:00
[2024-05-15T03:34:40.611+0800] {processor.py:183} INFO - Processing /home/jithish/Documents/dag-dag-dag/.venv/lib/python3.10/site-packages/airflow/example_dags/example_setup_teardown_taskflow.py took 0.119 seconds
[2024-05-15T03:35:56.944+0800] {processor.py:161} INFO - Started process (PID=89111) to work on /home/jithish/Documents/dag-dag-dag/.venv/lib/python3.10/site-packages/airflow/example_dags/example_setup_teardown_taskflow.py
[2024-05-15T03:35:56.945+0800] {processor.py:830} INFO - Processing file /home/jithish/Documents/dag-dag-dag/.venv/lib/python3.10/site-packages/airflow/example_dags/example_setup_teardown_taskflow.py for tasks to queue
[2024-05-15T03:35:56.946+0800] {logging_mixin.py:188} INFO - [2024-05-15T03:35:56.946+0800] {dagbag.py:545} INFO - Filling up the DagBag from /home/jithish/Documents/dag-dag-dag/.venv/lib/python3.10/site-packages/airflow/example_dags/example_setup_teardown_taskflow.py
[2024-05-15T03:35:56.955+0800] {processor.py:840} INFO - DAG(s) 'example_setup_teardown_taskflow' retrieved from /home/jithish/Documents/dag-dag-dag/.venv/lib/python3.10/site-packages/airflow/example_dags/example_setup_teardown_taskflow.py
[2024-05-15T03:35:56.971+0800] {logging_mixin.py:188} INFO - [2024-05-15T03:35:56.970+0800] {dag.py:3096} INFO - Sync 1 DAGs
[2024-05-15T03:35:56.987+0800] {logging_mixin.py:188} INFO - [2024-05-15T03:35:56.987+0800] {dag.py:3954} INFO - Setting next_dagrun for example_setup_teardown_taskflow to 2024-05-13 00:00:00+00:00, run_after=2024-05-14 00:00:00+00:00
[2024-05-15T03:35:57.013+0800] {processor.py:183} INFO - Processing /home/jithish/Documents/dag-dag-dag/.venv/lib/python3.10/site-packages/airflow/example_dags/example_setup_teardown_taskflow.py took 0.073 seconds
[2024-05-15T03:37:08.976+0800] {processor.py:161} INFO - Started process (PID=89792) to work on /home/jithish/Documents/dag-dag-dag/.venv/lib/python3.10/site-packages/airflow/example_dags/example_setup_teardown_taskflow.py
[2024-05-15T03:37:09.037+0800] {processor.py:830} INFO - Processing file /home/jithish/Documents/dag-dag-dag/.venv/lib/python3.10/site-packages/airflow/example_dags/example_setup_teardown_taskflow.py for tasks to queue
[2024-05-15T03:37:09.039+0800] {logging_mixin.py:188} INFO - [2024-05-15T03:37:09.038+0800] {dagbag.py:545} INFO - Filling up the DagBag from /home/jithish/Documents/dag-dag-dag/.venv/lib/python3.10/site-packages/airflow/example_dags/example_setup_teardown_taskflow.py
[2024-05-15T03:37:09.049+0800] {processor.py:840} INFO - DAG(s) 'example_setup_teardown_taskflow' retrieved from /home/jithish/Documents/dag-dag-dag/.venv/lib/python3.10/site-packages/airflow/example_dags/example_setup_teardown_taskflow.py
[2024-05-15T03:37:09.071+0800] {logging_mixin.py:188} INFO - [2024-05-15T03:37:09.070+0800] {dag.py:3096} INFO - Sync 1 DAGs
[2024-05-15T03:37:09.087+0800] {logging_mixin.py:188} INFO - [2024-05-15T03:37:09.087+0800] {dag.py:3954} INFO - Setting next_dagrun for example_setup_teardown_taskflow to 2024-05-13 00:00:00+00:00, run_after=2024-05-14 00:00:00+00:00
[2024-05-15T03:37:09.109+0800] {processor.py:183} INFO - Processing /home/jithish/Documents/dag-dag-dag/.venv/lib/python3.10/site-packages/airflow/example_dags/example_setup_teardown_taskflow.py took 0.137 seconds
[2024-05-15T03:38:23.653+0800] {processor.py:161} INFO - Started process (PID=90476) to work on /home/jithish/Documents/dag-dag-dag/.venv/lib/python3.10/site-packages/airflow/example_dags/example_setup_teardown_taskflow.py
[2024-05-15T03:38:23.715+0800] {processor.py:830} INFO - Processing file /home/jithish/Documents/dag-dag-dag/.venv/lib/python3.10/site-packages/airflow/example_dags/example_setup_teardown_taskflow.py for tasks to queue
[2024-05-15T03:38:23.718+0800] {logging_mixin.py:188} INFO - [2024-05-15T03:38:23.717+0800] {dagbag.py:545} INFO - Filling up the DagBag from /home/jithish/Documents/dag-dag-dag/.venv/lib/python3.10/site-packages/airflow/example_dags/example_setup_teardown_taskflow.py
[2024-05-15T03:38:23.740+0800] {processor.py:840} INFO - DAG(s) 'example_setup_teardown_taskflow' retrieved from /home/jithish/Documents/dag-dag-dag/.venv/lib/python3.10/site-packages/airflow/example_dags/example_setup_teardown_taskflow.py
[2024-05-15T03:38:23.762+0800] {logging_mixin.py:188} INFO - [2024-05-15T03:38:23.761+0800] {dag.py:3096} INFO - Sync 1 DAGs
[2024-05-15T03:38:23.776+0800] {logging_mixin.py:188} INFO - [2024-05-15T03:38:23.776+0800] {dag.py:3954} INFO - Setting next_dagrun for example_setup_teardown_taskflow to 2024-05-13 00:00:00+00:00, run_after=2024-05-14 00:00:00+00:00
[2024-05-15T03:38:23.797+0800] {processor.py:183} INFO - Processing /home/jithish/Documents/dag-dag-dag/.venv/lib/python3.10/site-packages/airflow/example_dags/example_setup_teardown_taskflow.py took 0.156 seconds
[2024-05-15T03:39:20.515+0800] {processor.py:161} INFO - Started process (PID=91339) to work on /home/jithish/Documents/dag-dag-dag/.venv/lib/python3.10/site-packages/airflow/example_dags/example_setup_teardown_taskflow.py
[2024-05-15T03:39:20.576+0800] {processor.py:830} INFO - Processing file /home/jithish/Documents/dag-dag-dag/.venv/lib/python3.10/site-packages/airflow/example_dags/example_setup_teardown_taskflow.py for tasks to queue
[2024-05-15T03:39:20.577+0800] {logging_mixin.py:188} INFO - [2024-05-15T03:39:20.576+0800] {dagbag.py:545} INFO - Filling up the DagBag from /home/jithish/Documents/dag-dag-dag/.venv/lib/python3.10/site-packages/airflow/example_dags/example_setup_teardown_taskflow.py
[2024-05-15T03:39:20.584+0800] {processor.py:840} INFO - DAG(s) 'example_setup_teardown_taskflow' retrieved from /home/jithish/Documents/dag-dag-dag/.venv/lib/python3.10/site-packages/airflow/example_dags/example_setup_teardown_taskflow.py
[2024-05-15T03:39:20.598+0800] {logging_mixin.py:188} INFO - [2024-05-15T03:39:20.598+0800] {dag.py:3096} INFO - Sync 1 DAGs
[2024-05-15T03:39:20.614+0800] {logging_mixin.py:188} INFO - [2024-05-15T03:39:20.614+0800] {dag.py:3954} INFO - Setting next_dagrun for example_setup_teardown_taskflow to 2024-05-13 00:00:00+00:00, run_after=2024-05-14 00:00:00+00:00
[2024-05-15T03:39:20.635+0800] {processor.py:183} INFO - Processing /home/jithish/Documents/dag-dag-dag/.venv/lib/python3.10/site-packages/airflow/example_dags/example_setup_teardown_taskflow.py took 0.126 seconds
[2024-05-15T03:40:22.733+0800] {processor.py:161} INFO - Started process (PID=93012) to work on /home/jithish/Documents/dag-dag-dag/.venv/lib/python3.10/site-packages/airflow/example_dags/example_setup_teardown_taskflow.py
[2024-05-15T03:40:22.794+0800] {processor.py:830} INFO - Processing file /home/jithish/Documents/dag-dag-dag/.venv/lib/python3.10/site-packages/airflow/example_dags/example_setup_teardown_taskflow.py for tasks to queue
[2024-05-15T03:40:22.801+0800] {logging_mixin.py:188} INFO - [2024-05-15T03:40:22.800+0800] {dagbag.py:545} INFO - Filling up the DagBag from /home/jithish/Documents/dag-dag-dag/.venv/lib/python3.10/site-packages/airflow/example_dags/example_setup_teardown_taskflow.py
[2024-05-15T03:40:22.831+0800] {processor.py:840} INFO - DAG(s) 'example_setup_teardown_taskflow' retrieved from /home/jithish/Documents/dag-dag-dag/.venv/lib/python3.10/site-packages/airflow/example_dags/example_setup_teardown_taskflow.py
[2024-05-15T03:40:22.850+0800] {logging_mixin.py:188} INFO - [2024-05-15T03:40:22.850+0800] {dag.py:3096} INFO - Sync 1 DAGs
[2024-05-15T03:40:22.867+0800] {logging_mixin.py:188} INFO - [2024-05-15T03:40:22.867+0800] {dag.py:3954} INFO - Setting next_dagrun for example_setup_teardown_taskflow to 2024-05-13 00:00:00+00:00, run_after=2024-05-14 00:00:00+00:00
[2024-05-15T03:40:22.887+0800] {processor.py:183} INFO - Processing /home/jithish/Documents/dag-dag-dag/.venv/lib/python3.10/site-packages/airflow/example_dags/example_setup_teardown_taskflow.py took 0.166 seconds
[2024-05-15T03:41:18.934+0800] {processor.py:161} INFO - Started process (PID=93820) to work on /home/jithish/Documents/dag-dag-dag/.venv/lib/python3.10/site-packages/airflow/example_dags/example_setup_teardown_taskflow.py
[2024-05-15T03:41:18.948+0800] {processor.py:830} INFO - Processing file /home/jithish/Documents/dag-dag-dag/.venv/lib/python3.10/site-packages/airflow/example_dags/example_setup_teardown_taskflow.py for tasks to queue
[2024-05-15T03:41:18.953+0800] {logging_mixin.py:188} INFO - [2024-05-15T03:41:18.952+0800] {dagbag.py:545} INFO - Filling up the DagBag from /home/jithish/Documents/dag-dag-dag/.venv/lib/python3.10/site-packages/airflow/example_dags/example_setup_teardown_taskflow.py
[2024-05-15T03:41:18.976+0800] {processor.py:840} INFO - DAG(s) 'example_setup_teardown_taskflow' retrieved from /home/jithish/Documents/dag-dag-dag/.venv/lib/python3.10/site-packages/airflow/example_dags/example_setup_teardown_taskflow.py
[2024-05-15T03:41:18.997+0800] {logging_mixin.py:188} INFO - [2024-05-15T03:41:18.997+0800] {dag.py:3096} INFO - Sync 1 DAGs
[2024-05-15T03:41:19.014+0800] {logging_mixin.py:188} INFO - [2024-05-15T03:41:19.013+0800] {dag.py:3954} INFO - Setting next_dagrun for example_setup_teardown_taskflow to 2024-05-13 00:00:00+00:00, run_after=2024-05-14 00:00:00+00:00
[2024-05-15T03:41:19.030+0800] {processor.py:183} INFO - Processing /home/jithish/Documents/dag-dag-dag/.venv/lib/python3.10/site-packages/airflow/example_dags/example_setup_teardown_taskflow.py took 0.106 seconds
[2024-05-15T03:42:13.580+0800] {processor.py:161} INFO - Started process (PID=94589) to work on /home/jithish/Documents/dag-dag-dag/.venv/lib/python3.10/site-packages/airflow/example_dags/example_setup_teardown_taskflow.py
[2024-05-15T03:42:13.642+0800] {processor.py:830} INFO - Processing file /home/jithish/Documents/dag-dag-dag/.venv/lib/python3.10/site-packages/airflow/example_dags/example_setup_teardown_taskflow.py for tasks to queue
[2024-05-15T03:42:13.643+0800] {logging_mixin.py:188} INFO - [2024-05-15T03:42:13.643+0800] {dagbag.py:545} INFO - Filling up the DagBag from /home/jithish/Documents/dag-dag-dag/.venv/lib/python3.10/site-packages/airflow/example_dags/example_setup_teardown_taskflow.py
[2024-05-15T03:42:13.653+0800] {processor.py:840} INFO - DAG(s) 'example_setup_teardown_taskflow' retrieved from /home/jithish/Documents/dag-dag-dag/.venv/lib/python3.10/site-packages/airflow/example_dags/example_setup_teardown_taskflow.py
[2024-05-15T03:42:13.668+0800] {logging_mixin.py:188} INFO - [2024-05-15T03:42:13.668+0800] {dag.py:3096} INFO - Sync 1 DAGs
[2024-05-15T03:42:13.684+0800] {logging_mixin.py:188} INFO - [2024-05-15T03:42:13.684+0800] {dag.py:3954} INFO - Setting next_dagrun for example_setup_teardown_taskflow to 2024-05-13 00:00:00+00:00, run_after=2024-05-14 00:00:00+00:00
[2024-05-15T03:42:13.709+0800] {processor.py:183} INFO - Processing /home/jithish/Documents/dag-dag-dag/.venv/lib/python3.10/site-packages/airflow/example_dags/example_setup_teardown_taskflow.py took 0.139 seconds
[2024-05-15T03:43:06.675+0800] {processor.py:161} INFO - Started process (PID=95307) to work on /home/jithish/Documents/dag-dag-dag/.venv/lib/python3.10/site-packages/airflow/example_dags/example_setup_teardown_taskflow.py
[2024-05-15T03:43:06.737+0800] {processor.py:830} INFO - Processing file /home/jithish/Documents/dag-dag-dag/.venv/lib/python3.10/site-packages/airflow/example_dags/example_setup_teardown_taskflow.py for tasks to queue
[2024-05-15T03:43:06.743+0800] {logging_mixin.py:188} INFO - [2024-05-15T03:43:06.742+0800] {dagbag.py:545} INFO - Filling up the DagBag from /home/jithish/Documents/dag-dag-dag/.venv/lib/python3.10/site-packages/airflow/example_dags/example_setup_teardown_taskflow.py
[2024-05-15T03:43:06.771+0800] {processor.py:840} INFO - DAG(s) 'example_setup_teardown_taskflow' retrieved from /home/jithish/Documents/dag-dag-dag/.venv/lib/python3.10/site-packages/airflow/example_dags/example_setup_teardown_taskflow.py
[2024-05-15T03:43:06.791+0800] {logging_mixin.py:188} INFO - [2024-05-15T03:43:06.791+0800] {dag.py:3096} INFO - Sync 1 DAGs
[2024-05-15T03:43:06.806+0800] {logging_mixin.py:188} INFO - [2024-05-15T03:43:06.806+0800] {dag.py:3954} INFO - Setting next_dagrun for example_setup_teardown_taskflow to 2024-05-13 00:00:00+00:00, run_after=2024-05-14 00:00:00+00:00
[2024-05-15T03:43:06.835+0800] {processor.py:183} INFO - Processing /home/jithish/Documents/dag-dag-dag/.venv/lib/python3.10/site-packages/airflow/example_dags/example_setup_teardown_taskflow.py took 0.168 seconds
[2024-05-15T03:44:02.741+0800] {processor.py:161} INFO - Started process (PID=96158) to work on /home/jithish/Documents/dag-dag-dag/.venv/lib/python3.10/site-packages/airflow/example_dags/example_setup_teardown_taskflow.py
[2024-05-15T03:44:02.802+0800] {processor.py:830} INFO - Processing file /home/jithish/Documents/dag-dag-dag/.venv/lib/python3.10/site-packages/airflow/example_dags/example_setup_teardown_taskflow.py for tasks to queue
[2024-05-15T03:44:02.804+0800] {logging_mixin.py:188} INFO - [2024-05-15T03:44:02.803+0800] {dagbag.py:545} INFO - Filling up the DagBag from /home/jithish/Documents/dag-dag-dag/.venv/lib/python3.10/site-packages/airflow/example_dags/example_setup_teardown_taskflow.py
[2024-05-15T03:44:02.812+0800] {processor.py:840} INFO - DAG(s) 'example_setup_teardown_taskflow' retrieved from /home/jithish/Documents/dag-dag-dag/.venv/lib/python3.10/site-packages/airflow/example_dags/example_setup_teardown_taskflow.py
[2024-05-15T03:44:02.826+0800] {logging_mixin.py:188} INFO - [2024-05-15T03:44:02.826+0800] {dag.py:3096} INFO - Sync 1 DAGs
[2024-05-15T03:44:02.841+0800] {logging_mixin.py:188} INFO - [2024-05-15T03:44:02.841+0800] {dag.py:3954} INFO - Setting next_dagrun for example_setup_teardown_taskflow to 2024-05-13 00:00:00+00:00, run_after=2024-05-14 00:00:00+00:00
[2024-05-15T03:44:02.860+0800] {processor.py:183} INFO - Processing /home/jithish/Documents/dag-dag-dag/.venv/lib/python3.10/site-packages/airflow/example_dags/example_setup_teardown_taskflow.py took 0.129 seconds
[2024-05-15T03:44:58.920+0800] {processor.py:161} INFO - Started process (PID=96881) to work on /home/jithish/Documents/dag-dag-dag/.venv/lib/python3.10/site-packages/airflow/example_dags/example_setup_teardown_taskflow.py
[2024-05-15T03:44:58.980+0800] {processor.py:830} INFO - Processing file /home/jithish/Documents/dag-dag-dag/.venv/lib/python3.10/site-packages/airflow/example_dags/example_setup_teardown_taskflow.py for tasks to queue
[2024-05-15T03:44:58.982+0800] {logging_mixin.py:188} INFO - [2024-05-15T03:44:58.982+0800] {dagbag.py:545} INFO - Filling up the DagBag from /home/jithish/Documents/dag-dag-dag/.venv/lib/python3.10/site-packages/airflow/example_dags/example_setup_teardown_taskflow.py
[2024-05-15T03:44:58.990+0800] {processor.py:840} INFO - DAG(s) 'example_setup_teardown_taskflow' retrieved from /home/jithish/Documents/dag-dag-dag/.venv/lib/python3.10/site-packages/airflow/example_dags/example_setup_teardown_taskflow.py
[2024-05-15T03:44:59.005+0800] {logging_mixin.py:188} INFO - [2024-05-15T03:44:59.005+0800] {dag.py:3096} INFO - Sync 1 DAGs
[2024-05-15T03:44:59.019+0800] {logging_mixin.py:188} INFO - [2024-05-15T03:44:59.019+0800] {dag.py:3954} INFO - Setting next_dagrun for example_setup_teardown_taskflow to 2024-05-13 00:00:00+00:00, run_after=2024-05-14 00:00:00+00:00
[2024-05-15T03:44:59.039+0800] {processor.py:183} INFO - Processing /home/jithish/Documents/dag-dag-dag/.venv/lib/python3.10/site-packages/airflow/example_dags/example_setup_teardown_taskflow.py took 0.124 seconds
[2024-05-15T03:45:55.377+0800] {processor.py:161} INFO - Started process (PID=97570) to work on /home/jithish/Documents/dag-dag-dag/.venv/lib/python3.10/site-packages/airflow/example_dags/example_setup_teardown_taskflow.py
[2024-05-15T03:45:55.439+0800] {processor.py:830} INFO - Processing file /home/jithish/Documents/dag-dag-dag/.venv/lib/python3.10/site-packages/airflow/example_dags/example_setup_teardown_taskflow.py for tasks to queue
[2024-05-15T03:45:55.442+0800] {logging_mixin.py:188} INFO - [2024-05-15T03:45:55.441+0800] {dagbag.py:545} INFO - Filling up the DagBag from /home/jithish/Documents/dag-dag-dag/.venv/lib/python3.10/site-packages/airflow/example_dags/example_setup_teardown_taskflow.py
[2024-05-15T03:45:55.459+0800] {processor.py:840} INFO - DAG(s) 'example_setup_teardown_taskflow' retrieved from /home/jithish/Documents/dag-dag-dag/.venv/lib/python3.10/site-packages/airflow/example_dags/example_setup_teardown_taskflow.py
[2024-05-15T03:45:55.477+0800] {logging_mixin.py:188} INFO - [2024-05-15T03:45:55.477+0800] {dag.py:3096} INFO - Sync 1 DAGs
[2024-05-15T03:45:55.490+0800] {logging_mixin.py:188} INFO - [2024-05-15T03:45:55.489+0800] {dag.py:3954} INFO - Setting next_dagrun for example_setup_teardown_taskflow to 2024-05-13 00:00:00+00:00, run_after=2024-05-14 00:00:00+00:00
[2024-05-15T03:45:55.509+0800] {processor.py:183} INFO - Processing /home/jithish/Documents/dag-dag-dag/.venv/lib/python3.10/site-packages/airflow/example_dags/example_setup_teardown_taskflow.py took 0.145 seconds
[2024-05-15T03:47:02.781+0800] {processor.py:161} INFO - Started process (PID=98608) to work on /home/jithish/Documents/dag-dag-dag/.venv/lib/python3.10/site-packages/airflow/example_dags/example_setup_teardown_taskflow.py
[2024-05-15T03:47:02.843+0800] {processor.py:830} INFO - Processing file /home/jithish/Documents/dag-dag-dag/.venv/lib/python3.10/site-packages/airflow/example_dags/example_setup_teardown_taskflow.py for tasks to queue
[2024-05-15T03:47:02.850+0800] {logging_mixin.py:188} INFO - [2024-05-15T03:47:02.848+0800] {dagbag.py:545} INFO - Filling up the DagBag from /home/jithish/Documents/dag-dag-dag/.venv/lib/python3.10/site-packages/airflow/example_dags/example_setup_teardown_taskflow.py
[2024-05-15T03:47:02.871+0800] {processor.py:840} INFO - DAG(s) 'example_setup_teardown_taskflow' retrieved from /home/jithish/Documents/dag-dag-dag/.venv/lib/python3.10/site-packages/airflow/example_dags/example_setup_teardown_taskflow.py
[2024-05-15T03:47:02.890+0800] {logging_mixin.py:188} INFO - [2024-05-15T03:47:02.890+0800] {dag.py:3096} INFO - Sync 1 DAGs
[2024-05-15T03:47:02.905+0800] {logging_mixin.py:188} INFO - [2024-05-15T03:47:02.905+0800] {dag.py:3954} INFO - Setting next_dagrun for example_setup_teardown_taskflow to 2024-05-13 00:00:00+00:00, run_after=2024-05-14 00:00:00+00:00
[2024-05-15T03:47:02.924+0800] {processor.py:183} INFO - Processing /home/jithish/Documents/dag-dag-dag/.venv/lib/python3.10/site-packages/airflow/example_dags/example_setup_teardown_taskflow.py took 0.164 seconds
[2024-05-15T03:47:56.921+0800] {processor.py:161} INFO - Started process (PID=99381) to work on /home/jithish/Documents/dag-dag-dag/.venv/lib/python3.10/site-packages/airflow/example_dags/example_setup_teardown_taskflow.py
[2024-05-15T03:47:56.924+0800] {processor.py:830} INFO - Processing file /home/jithish/Documents/dag-dag-dag/.venv/lib/python3.10/site-packages/airflow/example_dags/example_setup_teardown_taskflow.py for tasks to queue
[2024-05-15T03:47:56.926+0800] {logging_mixin.py:188} INFO - [2024-05-15T03:47:56.926+0800] {dagbag.py:545} INFO - Filling up the DagBag from /home/jithish/Documents/dag-dag-dag/.venv/lib/python3.10/site-packages/airflow/example_dags/example_setup_teardown_taskflow.py
[2024-05-15T03:47:56.934+0800] {processor.py:840} INFO - DAG(s) 'example_setup_teardown_taskflow' retrieved from /home/jithish/Documents/dag-dag-dag/.venv/lib/python3.10/site-packages/airflow/example_dags/example_setup_teardown_taskflow.py
[2024-05-15T03:47:56.950+0800] {logging_mixin.py:188} INFO - [2024-05-15T03:47:56.950+0800] {dag.py:3096} INFO - Sync 1 DAGs
[2024-05-15T03:47:56.966+0800] {logging_mixin.py:188} INFO - [2024-05-15T03:47:56.966+0800] {dag.py:3954} INFO - Setting next_dagrun for example_setup_teardown_taskflow to 2024-05-13 00:00:00+00:00, run_after=2024-05-14 00:00:00+00:00
[2024-05-15T03:47:56.982+0800] {processor.py:183} INFO - Processing /home/jithish/Documents/dag-dag-dag/.venv/lib/python3.10/site-packages/airflow/example_dags/example_setup_teardown_taskflow.py took 0.066 seconds
[2024-05-15T03:49:16.316+0800] {processor.py:161} INFO - Started process (PID=100546) to work on /home/jithish/Documents/dag-dag-dag/.venv/lib/python3.10/site-packages/airflow/example_dags/example_setup_teardown_taskflow.py
[2024-05-15T03:49:16.380+0800] {processor.py:830} INFO - Processing file /home/jithish/Documents/dag-dag-dag/.venv/lib/python3.10/site-packages/airflow/example_dags/example_setup_teardown_taskflow.py for tasks to queue
[2024-05-15T03:49:16.386+0800] {logging_mixin.py:188} INFO - [2024-05-15T03:49:16.385+0800] {dagbag.py:545} INFO - Filling up the DagBag from /home/jithish/Documents/dag-dag-dag/.venv/lib/python3.10/site-packages/airflow/example_dags/example_setup_teardown_taskflow.py
[2024-05-15T03:49:16.415+0800] {processor.py:840} INFO - DAG(s) 'example_setup_teardown_taskflow' retrieved from /home/jithish/Documents/dag-dag-dag/.venv/lib/python3.10/site-packages/airflow/example_dags/example_setup_teardown_taskflow.py
[2024-05-15T03:49:16.437+0800] {logging_mixin.py:188} INFO - [2024-05-15T03:49:16.437+0800] {dag.py:3096} INFO - Sync 1 DAGs
[2024-05-15T03:49:16.453+0800] {logging_mixin.py:188} INFO - [2024-05-15T03:49:16.453+0800] {dag.py:3954} INFO - Setting next_dagrun for example_setup_teardown_taskflow to 2024-05-13 00:00:00+00:00, run_after=2024-05-14 00:00:00+00:00
[2024-05-15T03:49:16.472+0800] {processor.py:183} INFO - Processing /home/jithish/Documents/dag-dag-dag/.venv/lib/python3.10/site-packages/airflow/example_dags/example_setup_teardown_taskflow.py took 0.163 seconds
[2024-05-15T03:50:13.672+0800] {processor.py:161} INFO - Started process (PID=101331) to work on /home/jithish/Documents/dag-dag-dag/.venv/lib/python3.10/site-packages/airflow/example_dags/example_setup_teardown_taskflow.py
[2024-05-15T03:50:13.733+0800] {processor.py:830} INFO - Processing file /home/jithish/Documents/dag-dag-dag/.venv/lib/python3.10/site-packages/airflow/example_dags/example_setup_teardown_taskflow.py for tasks to queue
[2024-05-15T03:50:13.738+0800] {logging_mixin.py:188} INFO - [2024-05-15T03:50:13.737+0800] {dagbag.py:545} INFO - Filling up the DagBag from /home/jithish/Documents/dag-dag-dag/.venv/lib/python3.10/site-packages/airflow/example_dags/example_setup_teardown_taskflow.py
[2024-05-15T03:50:13.767+0800] {processor.py:840} INFO - DAG(s) 'example_setup_teardown_taskflow' retrieved from /home/jithish/Documents/dag-dag-dag/.venv/lib/python3.10/site-packages/airflow/example_dags/example_setup_teardown_taskflow.py
[2024-05-15T03:50:13.787+0800] {logging_mixin.py:188} INFO - [2024-05-15T03:50:13.787+0800] {dag.py:3096} INFO - Sync 1 DAGs
[2024-05-15T03:50:13.803+0800] {logging_mixin.py:188} INFO - [2024-05-15T03:50:13.803+0800] {dag.py:3954} INFO - Setting next_dagrun for example_setup_teardown_taskflow to 2024-05-13 00:00:00+00:00, run_after=2024-05-14 00:00:00+00:00
[2024-05-15T03:50:13.819+0800] {processor.py:183} INFO - Processing /home/jithish/Documents/dag-dag-dag/.venv/lib/python3.10/site-packages/airflow/example_dags/example_setup_teardown_taskflow.py took 0.151 seconds
[2024-05-15T03:51:11.240+0800] {processor.py:161} INFO - Started process (PID=102241) to work on /home/jithish/Documents/dag-dag-dag/.venv/lib/python3.10/site-packages/airflow/example_dags/example_setup_teardown_taskflow.py
[2024-05-15T03:51:11.301+0800] {processor.py:830} INFO - Processing file /home/jithish/Documents/dag-dag-dag/.venv/lib/python3.10/site-packages/airflow/example_dags/example_setup_teardown_taskflow.py for tasks to queue
[2024-05-15T03:51:11.305+0800] {logging_mixin.py:188} INFO - [2024-05-15T03:51:11.304+0800] {dagbag.py:545} INFO - Filling up the DagBag from /home/jithish/Documents/dag-dag-dag/.venv/lib/python3.10/site-packages/airflow/example_dags/example_setup_teardown_taskflow.py
[2024-05-15T03:51:11.333+0800] {processor.py:840} INFO - DAG(s) 'example_setup_teardown_taskflow' retrieved from /home/jithish/Documents/dag-dag-dag/.venv/lib/python3.10/site-packages/airflow/example_dags/example_setup_teardown_taskflow.py
[2024-05-15T03:51:11.356+0800] {logging_mixin.py:188} INFO - [2024-05-15T03:51:11.356+0800] {dag.py:3096} INFO - Sync 1 DAGs
[2024-05-15T03:51:11.371+0800] {logging_mixin.py:188} INFO - [2024-05-15T03:51:11.370+0800] {dag.py:3954} INFO - Setting next_dagrun for example_setup_teardown_taskflow to 2024-05-13 00:00:00+00:00, run_after=2024-05-14 00:00:00+00:00
[2024-05-15T03:51:11.398+0800] {processor.py:183} INFO - Processing /home/jithish/Documents/dag-dag-dag/.venv/lib/python3.10/site-packages/airflow/example_dags/example_setup_teardown_taskflow.py took 0.162 seconds
[2024-05-15T03:52:22.953+0800] {processor.py:161} INFO - Started process (PID=102938) to work on /home/jithish/Documents/dag-dag-dag/.venv/lib/python3.10/site-packages/airflow/example_dags/example_setup_teardown_taskflow.py
[2024-05-15T03:52:22.964+0800] {processor.py:830} INFO - Processing file /home/jithish/Documents/dag-dag-dag/.venv/lib/python3.10/site-packages/airflow/example_dags/example_setup_teardown_taskflow.py for tasks to queue
[2024-05-15T03:52:22.969+0800] {logging_mixin.py:188} INFO - [2024-05-15T03:52:22.968+0800] {dagbag.py:545} INFO - Filling up the DagBag from /home/jithish/Documents/dag-dag-dag/.venv/lib/python3.10/site-packages/airflow/example_dags/example_setup_teardown_taskflow.py
[2024-05-15T03:52:22.987+0800] {processor.py:840} INFO - DAG(s) 'example_setup_teardown_taskflow' retrieved from /home/jithish/Documents/dag-dag-dag/.venv/lib/python3.10/site-packages/airflow/example_dags/example_setup_teardown_taskflow.py
[2024-05-15T03:52:23.004+0800] {logging_mixin.py:188} INFO - [2024-05-15T03:52:23.004+0800] {dag.py:3096} INFO - Sync 1 DAGs
[2024-05-15T03:52:23.018+0800] {logging_mixin.py:188} INFO - [2024-05-15T03:52:23.018+0800] {dag.py:3954} INFO - Setting next_dagrun for example_setup_teardown_taskflow to 2024-05-13 00:00:00+00:00, run_after=2024-05-14 00:00:00+00:00
[2024-05-15T03:52:23.031+0800] {processor.py:183} INFO - Processing /home/jithish/Documents/dag-dag-dag/.venv/lib/python3.10/site-packages/airflow/example_dags/example_setup_teardown_taskflow.py took 0.095 seconds
[2024-05-15T03:53:40.507+0800] {processor.py:161} INFO - Started process (PID=103862) to work on /home/jithish/Documents/dag-dag-dag/.venv/lib/python3.10/site-packages/airflow/example_dags/example_setup_teardown_taskflow.py
[2024-05-15T03:53:40.570+0800] {processor.py:830} INFO - Processing file /home/jithish/Documents/dag-dag-dag/.venv/lib/python3.10/site-packages/airflow/example_dags/example_setup_teardown_taskflow.py for tasks to queue
[2024-05-15T03:53:40.572+0800] {logging_mixin.py:188} INFO - [2024-05-15T03:53:40.571+0800] {dagbag.py:545} INFO - Filling up the DagBag from /home/jithish/Documents/dag-dag-dag/.venv/lib/python3.10/site-packages/airflow/example_dags/example_setup_teardown_taskflow.py
[2024-05-15T03:53:40.581+0800] {processor.py:840} INFO - DAG(s) 'example_setup_teardown_taskflow' retrieved from /home/jithish/Documents/dag-dag-dag/.venv/lib/python3.10/site-packages/airflow/example_dags/example_setup_teardown_taskflow.py
[2024-05-15T03:53:40.598+0800] {logging_mixin.py:188} INFO - [2024-05-15T03:53:40.598+0800] {dag.py:3096} INFO - Sync 1 DAGs
[2024-05-15T03:53:40.612+0800] {logging_mixin.py:188} INFO - [2024-05-15T03:53:40.612+0800] {dag.py:3954} INFO - Setting next_dagrun for example_setup_teardown_taskflow to 2024-05-13 00:00:00+00:00, run_after=2024-05-14 00:00:00+00:00
[2024-05-15T03:53:40.633+0800] {processor.py:183} INFO - Processing /home/jithish/Documents/dag-dag-dag/.venv/lib/python3.10/site-packages/airflow/example_dags/example_setup_teardown_taskflow.py took 0.140 seconds
[2024-05-15T03:54:38.110+0800] {processor.py:161} INFO - Started process (PID=104596) to work on /home/jithish/Documents/dag-dag-dag/.venv/lib/python3.10/site-packages/airflow/example_dags/example_setup_teardown_taskflow.py
[2024-05-15T03:54:38.172+0800] {processor.py:830} INFO - Processing file /home/jithish/Documents/dag-dag-dag/.venv/lib/python3.10/site-packages/airflow/example_dags/example_setup_teardown_taskflow.py for tasks to queue
[2024-05-15T03:54:38.176+0800] {logging_mixin.py:188} INFO - [2024-05-15T03:54:38.175+0800] {dagbag.py:545} INFO - Filling up the DagBag from /home/jithish/Documents/dag-dag-dag/.venv/lib/python3.10/site-packages/airflow/example_dags/example_setup_teardown_taskflow.py
[2024-05-15T03:54:38.203+0800] {processor.py:840} INFO - DAG(s) 'example_setup_teardown_taskflow' retrieved from /home/jithish/Documents/dag-dag-dag/.venv/lib/python3.10/site-packages/airflow/example_dags/example_setup_teardown_taskflow.py
[2024-05-15T03:54:38.224+0800] {logging_mixin.py:188} INFO - [2024-05-15T03:54:38.224+0800] {dag.py:3096} INFO - Sync 1 DAGs
[2024-05-15T03:54:38.238+0800] {logging_mixin.py:188} INFO - [2024-05-15T03:54:38.238+0800] {dag.py:3954} INFO - Setting next_dagrun for example_setup_teardown_taskflow to 2024-05-13 00:00:00+00:00, run_after=2024-05-14 00:00:00+00:00
[2024-05-15T03:54:38.252+0800] {processor.py:183} INFO - Processing /home/jithish/Documents/dag-dag-dag/.venv/lib/python3.10/site-packages/airflow/example_dags/example_setup_teardown_taskflow.py took 0.148 seconds
[2024-05-15T03:55:32.660+0800] {processor.py:161} INFO - Started process (PID=105281) to work on /home/jithish/Documents/dag-dag-dag/.venv/lib/python3.10/site-packages/airflow/example_dags/example_setup_teardown_taskflow.py
[2024-05-15T03:55:32.721+0800] {processor.py:830} INFO - Processing file /home/jithish/Documents/dag-dag-dag/.venv/lib/python3.10/site-packages/airflow/example_dags/example_setup_teardown_taskflow.py for tasks to queue
[2024-05-15T03:55:32.723+0800] {logging_mixin.py:188} INFO - [2024-05-15T03:55:32.723+0800] {dagbag.py:545} INFO - Filling up the DagBag from /home/jithish/Documents/dag-dag-dag/.venv/lib/python3.10/site-packages/airflow/example_dags/example_setup_teardown_taskflow.py
[2024-05-15T03:55:32.734+0800] {processor.py:840} INFO - DAG(s) 'example_setup_teardown_taskflow' retrieved from /home/jithish/Documents/dag-dag-dag/.venv/lib/python3.10/site-packages/airflow/example_dags/example_setup_teardown_taskflow.py
[2024-05-15T03:55:32.755+0800] {logging_mixin.py:188} INFO - [2024-05-15T03:55:32.754+0800] {dag.py:3096} INFO - Sync 1 DAGs
[2024-05-15T03:55:32.771+0800] {logging_mixin.py:188} INFO - [2024-05-15T03:55:32.771+0800] {dag.py:3954} INFO - Setting next_dagrun for example_setup_teardown_taskflow to 2024-05-13 00:00:00+00:00, run_after=2024-05-14 00:00:00+00:00
[2024-05-15T03:55:32.789+0800] {processor.py:183} INFO - Processing /home/jithish/Documents/dag-dag-dag/.venv/lib/python3.10/site-packages/airflow/example_dags/example_setup_teardown_taskflow.py took 0.132 seconds
[2024-05-15T03:56:24.604+0800] {processor.py:161} INFO - Started process (PID=105784) to work on /home/jithish/Documents/dag-dag-dag/.venv/lib/python3.10/site-packages/airflow/example_dags/example_setup_teardown_taskflow.py
[2024-05-15T03:56:24.668+0800] {processor.py:830} INFO - Processing file /home/jithish/Documents/dag-dag-dag/.venv/lib/python3.10/site-packages/airflow/example_dags/example_setup_teardown_taskflow.py for tasks to queue
[2024-05-15T03:56:24.672+0800] {logging_mixin.py:188} INFO - [2024-05-15T03:56:24.671+0800] {dagbag.py:545} INFO - Filling up the DagBag from /home/jithish/Documents/dag-dag-dag/.venv/lib/python3.10/site-packages/airflow/example_dags/example_setup_teardown_taskflow.py
[2024-05-15T03:56:24.704+0800] {processor.py:840} INFO - DAG(s) 'example_setup_teardown_taskflow' retrieved from /home/jithish/Documents/dag-dag-dag/.venv/lib/python3.10/site-packages/airflow/example_dags/example_setup_teardown_taskflow.py
[2024-05-15T03:56:24.726+0800] {logging_mixin.py:188} INFO - [2024-05-15T03:56:24.726+0800] {dag.py:3096} INFO - Sync 1 DAGs
[2024-05-15T03:56:24.744+0800] {logging_mixin.py:188} INFO - [2024-05-15T03:56:24.744+0800] {dag.py:3954} INFO - Setting next_dagrun for example_setup_teardown_taskflow to 2024-05-13 00:00:00+00:00, run_after=2024-05-14 00:00:00+00:00
[2024-05-15T03:56:24.767+0800] {processor.py:183} INFO - Processing /home/jithish/Documents/dag-dag-dag/.venv/lib/python3.10/site-packages/airflow/example_dags/example_setup_teardown_taskflow.py took 0.168 seconds
[2024-05-15T03:57:37.498+0800] {processor.py:161} INFO - Started process (PID=106479) to work on /home/jithish/Documents/dag-dag-dag/.venv/lib/python3.10/site-packages/airflow/example_dags/example_setup_teardown_taskflow.py
[2024-05-15T03:57:37.499+0800] {processor.py:830} INFO - Processing file /home/jithish/Documents/dag-dag-dag/.venv/lib/python3.10/site-packages/airflow/example_dags/example_setup_teardown_taskflow.py for tasks to queue
[2024-05-15T03:57:37.501+0800] {logging_mixin.py:188} INFO - [2024-05-15T03:57:37.500+0800] {dagbag.py:545} INFO - Filling up the DagBag from /home/jithish/Documents/dag-dag-dag/.venv/lib/python3.10/site-packages/airflow/example_dags/example_setup_teardown_taskflow.py
[2024-05-15T03:57:37.509+0800] {processor.py:840} INFO - DAG(s) 'example_setup_teardown_taskflow' retrieved from /home/jithish/Documents/dag-dag-dag/.venv/lib/python3.10/site-packages/airflow/example_dags/example_setup_teardown_taskflow.py
[2024-05-15T03:57:37.522+0800] {logging_mixin.py:188} INFO - [2024-05-15T03:57:37.522+0800] {dag.py:3096} INFO - Sync 1 DAGs
[2024-05-15T03:57:37.535+0800] {logging_mixin.py:188} INFO - [2024-05-15T03:57:37.535+0800] {dag.py:3954} INFO - Setting next_dagrun for example_setup_teardown_taskflow to 2024-05-13 00:00:00+00:00, run_after=2024-05-14 00:00:00+00:00
[2024-05-15T03:57:37.553+0800] {processor.py:183} INFO - Processing /home/jithish/Documents/dag-dag-dag/.venv/lib/python3.10/site-packages/airflow/example_dags/example_setup_teardown_taskflow.py took 0.059 seconds
[2024-05-15T03:58:45.522+0800] {processor.py:161} INFO - Started process (PID=107171) to work on /home/jithish/Documents/dag-dag-dag/.venv/lib/python3.10/site-packages/airflow/example_dags/example_setup_teardown_taskflow.py
[2024-05-15T03:58:45.523+0800] {processor.py:830} INFO - Processing file /home/jithish/Documents/dag-dag-dag/.venv/lib/python3.10/site-packages/airflow/example_dags/example_setup_teardown_taskflow.py for tasks to queue
[2024-05-15T03:58:45.525+0800] {logging_mixin.py:188} INFO - [2024-05-15T03:58:45.524+0800] {dagbag.py:545} INFO - Filling up the DagBag from /home/jithish/Documents/dag-dag-dag/.venv/lib/python3.10/site-packages/airflow/example_dags/example_setup_teardown_taskflow.py
[2024-05-15T03:58:45.534+0800] {processor.py:840} INFO - DAG(s) 'example_setup_teardown_taskflow' retrieved from /home/jithish/Documents/dag-dag-dag/.venv/lib/python3.10/site-packages/airflow/example_dags/example_setup_teardown_taskflow.py
[2024-05-15T03:58:45.550+0800] {logging_mixin.py:188} INFO - [2024-05-15T03:58:45.550+0800] {dag.py:3096} INFO - Sync 1 DAGs
[2024-05-15T03:58:45.565+0800] {logging_mixin.py:188} INFO - [2024-05-15T03:58:45.565+0800] {dag.py:3954} INFO - Setting next_dagrun for example_setup_teardown_taskflow to 2024-05-13 00:00:00+00:00, run_after=2024-05-14 00:00:00+00:00
[2024-05-15T03:58:45.584+0800] {processor.py:183} INFO - Processing /home/jithish/Documents/dag-dag-dag/.venv/lib/python3.10/site-packages/airflow/example_dags/example_setup_teardown_taskflow.py took 0.066 seconds
[2024-05-15T03:59:37.197+0800] {processor.py:161} INFO - Started process (PID=107669) to work on /home/jithish/Documents/dag-dag-dag/.venv/lib/python3.10/site-packages/airflow/example_dags/example_setup_teardown_taskflow.py
[2024-05-15T03:59:37.198+0800] {processor.py:830} INFO - Processing file /home/jithish/Documents/dag-dag-dag/.venv/lib/python3.10/site-packages/airflow/example_dags/example_setup_teardown_taskflow.py for tasks to queue
[2024-05-15T03:59:37.199+0800] {logging_mixin.py:188} INFO - [2024-05-15T03:59:37.199+0800] {dagbag.py:545} INFO - Filling up the DagBag from /home/jithish/Documents/dag-dag-dag/.venv/lib/python3.10/site-packages/airflow/example_dags/example_setup_teardown_taskflow.py
[2024-05-15T03:59:37.206+0800] {processor.py:840} INFO - DAG(s) 'example_setup_teardown_taskflow' retrieved from /home/jithish/Documents/dag-dag-dag/.venv/lib/python3.10/site-packages/airflow/example_dags/example_setup_teardown_taskflow.py
[2024-05-15T03:59:37.219+0800] {logging_mixin.py:188} INFO - [2024-05-15T03:59:37.219+0800] {dag.py:3096} INFO - Sync 1 DAGs
[2024-05-15T03:59:37.234+0800] {logging_mixin.py:188} INFO - [2024-05-15T03:59:37.233+0800] {dag.py:3954} INFO - Setting next_dagrun for example_setup_teardown_taskflow to 2024-05-13 00:00:00+00:00, run_after=2024-05-14 00:00:00+00:00
[2024-05-15T03:59:37.248+0800] {processor.py:183} INFO - Processing /home/jithish/Documents/dag-dag-dag/.venv/lib/python3.10/site-packages/airflow/example_dags/example_setup_teardown_taskflow.py took 0.056 seconds
[2024-05-15T04:00:49.842+0800] {processor.py:161} INFO - Started process (PID=108247) to work on /home/jithish/Documents/dag-dag-dag/.venv/lib/python3.10/site-packages/airflow/example_dags/example_setup_teardown_taskflow.py
[2024-05-15T04:00:49.903+0800] {processor.py:830} INFO - Processing file /home/jithish/Documents/dag-dag-dag/.venv/lib/python3.10/site-packages/airflow/example_dags/example_setup_teardown_taskflow.py for tasks to queue
[2024-05-15T04:00:49.907+0800] {logging_mixin.py:188} INFO - [2024-05-15T04:00:49.906+0800] {dagbag.py:545} INFO - Filling up the DagBag from /home/jithish/Documents/dag-dag-dag/.venv/lib/python3.10/site-packages/airflow/example_dags/example_setup_teardown_taskflow.py
[2024-05-15T04:00:49.935+0800] {processor.py:840} INFO - DAG(s) 'example_setup_teardown_taskflow' retrieved from /home/jithish/Documents/dag-dag-dag/.venv/lib/python3.10/site-packages/airflow/example_dags/example_setup_teardown_taskflow.py
[2024-05-15T04:00:49.959+0800] {logging_mixin.py:188} INFO - [2024-05-15T04:00:49.959+0800] {dag.py:3096} INFO - Sync 1 DAGs
[2024-05-15T04:00:49.974+0800] {logging_mixin.py:188} INFO - [2024-05-15T04:00:49.974+0800] {dag.py:3954} INFO - Setting next_dagrun for example_setup_teardown_taskflow to 2024-05-13 00:00:00+00:00, run_after=2024-05-14 00:00:00+00:00
[2024-05-15T04:00:49.992+0800] {processor.py:183} INFO - Processing /home/jithish/Documents/dag-dag-dag/.venv/lib/python3.10/site-packages/airflow/example_dags/example_setup_teardown_taskflow.py took 0.154 seconds
[2024-05-15T04:02:02.069+0800] {processor.py:161} INFO - Started process (PID=108864) to work on /home/jithish/Documents/dag-dag-dag/.venv/lib/python3.10/site-packages/airflow/example_dags/example_setup_teardown_taskflow.py
[2024-05-15T04:02:02.130+0800] {processor.py:830} INFO - Processing file /home/jithish/Documents/dag-dag-dag/.venv/lib/python3.10/site-packages/airflow/example_dags/example_setup_teardown_taskflow.py for tasks to queue
[2024-05-15T04:02:02.134+0800] {logging_mixin.py:188} INFO - [2024-05-15T04:02:02.133+0800] {dagbag.py:545} INFO - Filling up the DagBag from /home/jithish/Documents/dag-dag-dag/.venv/lib/python3.10/site-packages/airflow/example_dags/example_setup_teardown_taskflow.py
[2024-05-15T04:02:02.161+0800] {processor.py:840} INFO - DAG(s) 'example_setup_teardown_taskflow' retrieved from /home/jithish/Documents/dag-dag-dag/.venv/lib/python3.10/site-packages/airflow/example_dags/example_setup_teardown_taskflow.py
[2024-05-15T04:02:02.183+0800] {logging_mixin.py:188} INFO - [2024-05-15T04:02:02.183+0800] {dag.py:3096} INFO - Sync 1 DAGs
[2024-05-15T04:02:02.198+0800] {logging_mixin.py:188} INFO - [2024-05-15T04:02:02.197+0800] {dag.py:3954} INFO - Setting next_dagrun for example_setup_teardown_taskflow to 2024-05-13 00:00:00+00:00, run_after=2024-05-14 00:00:00+00:00
[2024-05-15T04:02:02.226+0800] {processor.py:183} INFO - Processing /home/jithish/Documents/dag-dag-dag/.venv/lib/python3.10/site-packages/airflow/example_dags/example_setup_teardown_taskflow.py took 0.161 seconds
[2024-05-15T04:03:20.860+0800] {processor.py:161} INFO - Started process (PID=109778) to work on /home/jithish/Documents/dag-dag-dag/.venv/lib/python3.10/site-packages/airflow/example_dags/example_setup_teardown_taskflow.py
[2024-05-15T04:03:20.860+0800] {processor.py:830} INFO - Processing file /home/jithish/Documents/dag-dag-dag/.venv/lib/python3.10/site-packages/airflow/example_dags/example_setup_teardown_taskflow.py for tasks to queue
[2024-05-15T04:03:20.862+0800] {logging_mixin.py:188} INFO - [2024-05-15T04:03:20.861+0800] {dagbag.py:545} INFO - Filling up the DagBag from /home/jithish/Documents/dag-dag-dag/.venv/lib/python3.10/site-packages/airflow/example_dags/example_setup_teardown_taskflow.py
[2024-05-15T04:03:20.872+0800] {processor.py:840} INFO - DAG(s) 'example_setup_teardown_taskflow' retrieved from /home/jithish/Documents/dag-dag-dag/.venv/lib/python3.10/site-packages/airflow/example_dags/example_setup_teardown_taskflow.py
[2024-05-15T04:03:20.901+0800] {logging_mixin.py:188} INFO - [2024-05-15T04:03:20.900+0800] {dag.py:3096} INFO - Sync 1 DAGs
[2024-05-15T04:03:20.932+0800] {logging_mixin.py:188} INFO - [2024-05-15T04:03:20.932+0800] {dag.py:3954} INFO - Setting next_dagrun for example_setup_teardown_taskflow to 2024-05-13 00:00:00+00:00, run_after=2024-05-14 00:00:00+00:00
[2024-05-15T04:03:20.967+0800] {processor.py:183} INFO - Processing /home/jithish/Documents/dag-dag-dag/.venv/lib/python3.10/site-packages/airflow/example_dags/example_setup_teardown_taskflow.py took 0.112 seconds
[2024-05-15T04:04:30.569+0800] {processor.py:161} INFO - Started process (PID=110949) to work on /home/jithish/Documents/dag-dag-dag/.venv/lib/python3.10/site-packages/airflow/example_dags/example_setup_teardown_taskflow.py
[2024-05-15T04:04:30.580+0800] {processor.py:830} INFO - Processing file /home/jithish/Documents/dag-dag-dag/.venv/lib/python3.10/site-packages/airflow/example_dags/example_setup_teardown_taskflow.py for tasks to queue
[2024-05-15T04:04:30.586+0800] {logging_mixin.py:188} INFO - [2024-05-15T04:04:30.584+0800] {dagbag.py:545} INFO - Filling up the DagBag from /home/jithish/Documents/dag-dag-dag/.venv/lib/python3.10/site-packages/airflow/example_dags/example_setup_teardown_taskflow.py
[2024-05-15T04:04:30.607+0800] {processor.py:840} INFO - DAG(s) 'example_setup_teardown_taskflow' retrieved from /home/jithish/Documents/dag-dag-dag/.venv/lib/python3.10/site-packages/airflow/example_dags/example_setup_teardown_taskflow.py
[2024-05-15T04:04:30.625+0800] {logging_mixin.py:188} INFO - [2024-05-15T04:04:30.625+0800] {dag.py:3096} INFO - Sync 1 DAGs
[2024-05-15T04:04:30.640+0800] {logging_mixin.py:188} INFO - [2024-05-15T04:04:30.640+0800] {dag.py:3954} INFO - Setting next_dagrun for example_setup_teardown_taskflow to 2024-05-13 00:00:00+00:00, run_after=2024-05-14 00:00:00+00:00
[2024-05-15T04:04:30.655+0800] {processor.py:183} INFO - Processing /home/jithish/Documents/dag-dag-dag/.venv/lib/python3.10/site-packages/airflow/example_dags/example_setup_teardown_taskflow.py took 0.096 seconds
[2024-05-15T04:05:28.444+0800] {processor.py:161} INFO - Started process (PID=111821) to work on /home/jithish/Documents/dag-dag-dag/.venv/lib/python3.10/site-packages/airflow/example_dags/example_setup_teardown_taskflow.py
[2024-05-15T04:05:28.506+0800] {processor.py:830} INFO - Processing file /home/jithish/Documents/dag-dag-dag/.venv/lib/python3.10/site-packages/airflow/example_dags/example_setup_teardown_taskflow.py for tasks to queue
[2024-05-15T04:05:28.512+0800] {logging_mixin.py:188} INFO - [2024-05-15T04:05:28.511+0800] {dagbag.py:545} INFO - Filling up the DagBag from /home/jithish/Documents/dag-dag-dag/.venv/lib/python3.10/site-packages/airflow/example_dags/example_setup_teardown_taskflow.py
[2024-05-15T04:05:28.527+0800] {processor.py:840} INFO - DAG(s) 'example_setup_teardown_taskflow' retrieved from /home/jithish/Documents/dag-dag-dag/.venv/lib/python3.10/site-packages/airflow/example_dags/example_setup_teardown_taskflow.py
[2024-05-15T04:05:28.544+0800] {logging_mixin.py:188} INFO - [2024-05-15T04:05:28.544+0800] {dag.py:3096} INFO - Sync 1 DAGs
[2024-05-15T04:05:28.558+0800] {logging_mixin.py:188} INFO - [2024-05-15T04:05:28.558+0800] {dag.py:3954} INFO - Setting next_dagrun for example_setup_teardown_taskflow to 2024-05-13 00:00:00+00:00, run_after=2024-05-14 00:00:00+00:00
[2024-05-15T04:05:28.584+0800] {processor.py:183} INFO - Processing /home/jithish/Documents/dag-dag-dag/.venv/lib/python3.10/site-packages/airflow/example_dags/example_setup_teardown_taskflow.py took 0.157 seconds
[2024-05-15T04:06:45.196+0800] {processor.py:161} INFO - Started process (PID=112884) to work on /home/jithish/Documents/dag-dag-dag/.venv/lib/python3.10/site-packages/airflow/example_dags/example_setup_teardown_taskflow.py
[2024-05-15T04:06:45.197+0800] {processor.py:830} INFO - Processing file /home/jithish/Documents/dag-dag-dag/.venv/lib/python3.10/site-packages/airflow/example_dags/example_setup_teardown_taskflow.py for tasks to queue
[2024-05-15T04:06:45.198+0800] {logging_mixin.py:188} INFO - [2024-05-15T04:06:45.198+0800] {dagbag.py:545} INFO - Filling up the DagBag from /home/jithish/Documents/dag-dag-dag/.venv/lib/python3.10/site-packages/airflow/example_dags/example_setup_teardown_taskflow.py
[2024-05-15T04:06:45.207+0800] {processor.py:840} INFO - DAG(s) 'example_setup_teardown_taskflow' retrieved from /home/jithish/Documents/dag-dag-dag/.venv/lib/python3.10/site-packages/airflow/example_dags/example_setup_teardown_taskflow.py
[2024-05-15T04:06:45.221+0800] {logging_mixin.py:188} INFO - [2024-05-15T04:06:45.220+0800] {dag.py:3096} INFO - Sync 1 DAGs
[2024-05-15T04:06:45.236+0800] {logging_mixin.py:188} INFO - [2024-05-15T04:06:45.236+0800] {dag.py:3954} INFO - Setting next_dagrun for example_setup_teardown_taskflow to 2024-05-13 00:00:00+00:00, run_after=2024-05-14 00:00:00+00:00
[2024-05-15T04:06:45.259+0800] {processor.py:183} INFO - Processing /home/jithish/Documents/dag-dag-dag/.venv/lib/python3.10/site-packages/airflow/example_dags/example_setup_teardown_taskflow.py took 0.067 seconds
[2024-05-15T04:07:42.158+0800] {processor.py:161} INFO - Started process (PID=113594) to work on /home/jithish/Documents/dag-dag-dag/.venv/lib/python3.10/site-packages/airflow/example_dags/example_setup_teardown_taskflow.py
[2024-05-15T04:07:42.159+0800] {processor.py:830} INFO - Processing file /home/jithish/Documents/dag-dag-dag/.venv/lib/python3.10/site-packages/airflow/example_dags/example_setup_teardown_taskflow.py for tasks to queue
[2024-05-15T04:07:42.160+0800] {logging_mixin.py:188} INFO - [2024-05-15T04:07:42.160+0800] {dagbag.py:545} INFO - Filling up the DagBag from /home/jithish/Documents/dag-dag-dag/.venv/lib/python3.10/site-packages/airflow/example_dags/example_setup_teardown_taskflow.py
[2024-05-15T04:07:42.167+0800] {processor.py:840} INFO - DAG(s) 'example_setup_teardown_taskflow' retrieved from /home/jithish/Documents/dag-dag-dag/.venv/lib/python3.10/site-packages/airflow/example_dags/example_setup_teardown_taskflow.py
[2024-05-15T04:07:42.182+0800] {logging_mixin.py:188} INFO - [2024-05-15T04:07:42.181+0800] {dag.py:3096} INFO - Sync 1 DAGs
[2024-05-15T04:07:42.196+0800] {logging_mixin.py:188} INFO - [2024-05-15T04:07:42.195+0800] {dag.py:3954} INFO - Setting next_dagrun for example_setup_teardown_taskflow to 2024-05-13 00:00:00+00:00, run_after=2024-05-14 00:00:00+00:00
[2024-05-15T04:07:42.216+0800] {processor.py:183} INFO - Processing /home/jithish/Documents/dag-dag-dag/.venv/lib/python3.10/site-packages/airflow/example_dags/example_setup_teardown_taskflow.py took 0.063 seconds
[2024-05-15T04:08:34.814+0800] {processor.py:161} INFO - Started process (PID=114281) to work on /home/jithish/Documents/dag-dag-dag/.venv/lib/python3.10/site-packages/airflow/example_dags/example_setup_teardown_taskflow.py
[2024-05-15T04:08:34.876+0800] {processor.py:830} INFO - Processing file /home/jithish/Documents/dag-dag-dag/.venv/lib/python3.10/site-packages/airflow/example_dags/example_setup_teardown_taskflow.py for tasks to queue
[2024-05-15T04:08:34.881+0800] {logging_mixin.py:188} INFO - [2024-05-15T04:08:34.880+0800] {dagbag.py:545} INFO - Filling up the DagBag from /home/jithish/Documents/dag-dag-dag/.venv/lib/python3.10/site-packages/airflow/example_dags/example_setup_teardown_taskflow.py
[2024-05-15T04:08:34.910+0800] {processor.py:840} INFO - DAG(s) 'example_setup_teardown_taskflow' retrieved from /home/jithish/Documents/dag-dag-dag/.venv/lib/python3.10/site-packages/airflow/example_dags/example_setup_teardown_taskflow.py
[2024-05-15T04:08:34.933+0800] {logging_mixin.py:188} INFO - [2024-05-15T04:08:34.933+0800] {dag.py:3096} INFO - Sync 1 DAGs
[2024-05-15T04:08:34.949+0800] {logging_mixin.py:188} INFO - [2024-05-15T04:08:34.948+0800] {dag.py:3954} INFO - Setting next_dagrun for example_setup_teardown_taskflow to 2024-05-13 00:00:00+00:00, run_after=2024-05-14 00:00:00+00:00
[2024-05-15T04:08:34.968+0800] {processor.py:183} INFO - Processing /home/jithish/Documents/dag-dag-dag/.venv/lib/python3.10/site-packages/airflow/example_dags/example_setup_teardown_taskflow.py took 0.164 seconds
[2024-05-15T04:09:35.142+0800] {processor.py:161} INFO - Started process (PID=115227) to work on /home/jithish/Documents/dag-dag-dag/.venv/lib/python3.10/site-packages/airflow/example_dags/example_setup_teardown_taskflow.py
[2024-05-15T04:09:35.204+0800] {processor.py:830} INFO - Processing file /home/jithish/Documents/dag-dag-dag/.venv/lib/python3.10/site-packages/airflow/example_dags/example_setup_teardown_taskflow.py for tasks to queue
[2024-05-15T04:09:35.209+0800] {logging_mixin.py:188} INFO - [2024-05-15T04:09:35.208+0800] {dagbag.py:545} INFO - Filling up the DagBag from /home/jithish/Documents/dag-dag-dag/.venv/lib/python3.10/site-packages/airflow/example_dags/example_setup_teardown_taskflow.py
[2024-05-15T04:09:35.237+0800] {processor.py:840} INFO - DAG(s) 'example_setup_teardown_taskflow' retrieved from /home/jithish/Documents/dag-dag-dag/.venv/lib/python3.10/site-packages/airflow/example_dags/example_setup_teardown_taskflow.py
[2024-05-15T04:09:35.259+0800] {logging_mixin.py:188} INFO - [2024-05-15T04:09:35.258+0800] {dag.py:3096} INFO - Sync 1 DAGs
[2024-05-15T04:09:35.274+0800] {logging_mixin.py:188} INFO - [2024-05-15T04:09:35.274+0800] {dag.py:3954} INFO - Setting next_dagrun for example_setup_teardown_taskflow to 2024-05-13 00:00:00+00:00, run_after=2024-05-14 00:00:00+00:00
[2024-05-15T04:09:35.293+0800] {processor.py:183} INFO - Processing /home/jithish/Documents/dag-dag-dag/.venv/lib/python3.10/site-packages/airflow/example_dags/example_setup_teardown_taskflow.py took 0.160 seconds
[2024-05-15T04:10:28.989+0800] {processor.py:161} INFO - Started process (PID=116015) to work on /home/jithish/Documents/dag-dag-dag/.venv/lib/python3.10/site-packages/airflow/example_dags/example_setup_teardown_taskflow.py
[2024-05-15T04:10:29.050+0800] {processor.py:830} INFO - Processing file /home/jithish/Documents/dag-dag-dag/.venv/lib/python3.10/site-packages/airflow/example_dags/example_setup_teardown_taskflow.py for tasks to queue
[2024-05-15T04:10:29.052+0800] {logging_mixin.py:188} INFO - [2024-05-15T04:10:29.052+0800] {dagbag.py:545} INFO - Filling up the DagBag from /home/jithish/Documents/dag-dag-dag/.venv/lib/python3.10/site-packages/airflow/example_dags/example_setup_teardown_taskflow.py
[2024-05-15T04:10:29.068+0800] {processor.py:840} INFO - DAG(s) 'example_setup_teardown_taskflow' retrieved from /home/jithish/Documents/dag-dag-dag/.venv/lib/python3.10/site-packages/airflow/example_dags/example_setup_teardown_taskflow.py
[2024-05-15T04:10:29.088+0800] {logging_mixin.py:188} INFO - [2024-05-15T04:10:29.088+0800] {dag.py:3096} INFO - Sync 1 DAGs
[2024-05-15T04:10:29.103+0800] {logging_mixin.py:188} INFO - [2024-05-15T04:10:29.103+0800] {dag.py:3954} INFO - Setting next_dagrun for example_setup_teardown_taskflow to 2024-05-13 00:00:00+00:00, run_after=2024-05-14 00:00:00+00:00
[2024-05-15T04:10:29.121+0800] {processor.py:183} INFO - Processing /home/jithish/Documents/dag-dag-dag/.venv/lib/python3.10/site-packages/airflow/example_dags/example_setup_teardown_taskflow.py took 0.137 seconds
[2024-05-15T04:11:21.703+0800] {processor.py:161} INFO - Started process (PID=116784) to work on /home/jithish/Documents/dag-dag-dag/.venv/lib/python3.10/site-packages/airflow/example_dags/example_setup_teardown_taskflow.py
[2024-05-15T04:11:21.764+0800] {processor.py:830} INFO - Processing file /home/jithish/Documents/dag-dag-dag/.venv/lib/python3.10/site-packages/airflow/example_dags/example_setup_teardown_taskflow.py for tasks to queue
[2024-05-15T04:11:21.769+0800] {logging_mixin.py:188} INFO - [2024-05-15T04:11:21.768+0800] {dagbag.py:545} INFO - Filling up the DagBag from /home/jithish/Documents/dag-dag-dag/.venv/lib/python3.10/site-packages/airflow/example_dags/example_setup_teardown_taskflow.py
[2024-05-15T04:11:21.800+0800] {processor.py:840} INFO - DAG(s) 'example_setup_teardown_taskflow' retrieved from /home/jithish/Documents/dag-dag-dag/.venv/lib/python3.10/site-packages/airflow/example_dags/example_setup_teardown_taskflow.py
[2024-05-15T04:11:21.821+0800] {logging_mixin.py:188} INFO - [2024-05-15T04:11:21.820+0800] {dag.py:3096} INFO - Sync 1 DAGs
[2024-05-15T04:11:21.836+0800] {logging_mixin.py:188} INFO - [2024-05-15T04:11:21.836+0800] {dag.py:3954} INFO - Setting next_dagrun for example_setup_teardown_taskflow to 2024-05-13 00:00:00+00:00, run_after=2024-05-14 00:00:00+00:00
[2024-05-15T04:11:21.867+0800] {processor.py:183} INFO - Processing /home/jithish/Documents/dag-dag-dag/.venv/lib/python3.10/site-packages/airflow/example_dags/example_setup_teardown_taskflow.py took 0.169 seconds
[2024-05-15T04:12:21.130+0800] {processor.py:161} INFO - Started process (PID=117638) to work on /home/jithish/Documents/dag-dag-dag/.venv/lib/python3.10/site-packages/airflow/example_dags/example_setup_teardown_taskflow.py
[2024-05-15T04:12:21.192+0800] {processor.py:830} INFO - Processing file /home/jithish/Documents/dag-dag-dag/.venv/lib/python3.10/site-packages/airflow/example_dags/example_setup_teardown_taskflow.py for tasks to queue
[2024-05-15T04:12:21.197+0800] {logging_mixin.py:188} INFO - [2024-05-15T04:12:21.196+0800] {dagbag.py:545} INFO - Filling up the DagBag from /home/jithish/Documents/dag-dag-dag/.venv/lib/python3.10/site-packages/airflow/example_dags/example_setup_teardown_taskflow.py
[2024-05-15T04:12:21.216+0800] {processor.py:840} INFO - DAG(s) 'example_setup_teardown_taskflow' retrieved from /home/jithish/Documents/dag-dag-dag/.venv/lib/python3.10/site-packages/airflow/example_dags/example_setup_teardown_taskflow.py
[2024-05-15T04:12:21.235+0800] {logging_mixin.py:188} INFO - [2024-05-15T04:12:21.234+0800] {dag.py:3096} INFO - Sync 1 DAGs
[2024-05-15T04:12:21.248+0800] {logging_mixin.py:188} INFO - [2024-05-15T04:12:21.248+0800] {dag.py:3954} INFO - Setting next_dagrun for example_setup_teardown_taskflow to 2024-05-13 00:00:00+00:00, run_after=2024-05-14 00:00:00+00:00
[2024-05-15T04:12:21.277+0800] {processor.py:183} INFO - Processing /home/jithish/Documents/dag-dag-dag/.venv/lib/python3.10/site-packages/airflow/example_dags/example_setup_teardown_taskflow.py took 0.155 seconds
[2024-05-15T04:13:18.257+0800] {processor.py:161} INFO - Started process (PID=118435) to work on /home/jithish/Documents/dag-dag-dag/.venv/lib/python3.10/site-packages/airflow/example_dags/example_setup_teardown_taskflow.py
[2024-05-15T04:13:18.318+0800] {processor.py:830} INFO - Processing file /home/jithish/Documents/dag-dag-dag/.venv/lib/python3.10/site-packages/airflow/example_dags/example_setup_teardown_taskflow.py for tasks to queue
[2024-05-15T04:13:18.321+0800] {logging_mixin.py:188} INFO - [2024-05-15T04:13:18.321+0800] {dagbag.py:545} INFO - Filling up the DagBag from /home/jithish/Documents/dag-dag-dag/.venv/lib/python3.10/site-packages/airflow/example_dags/example_setup_teardown_taskflow.py
[2024-05-15T04:13:18.335+0800] {processor.py:840} INFO - DAG(s) 'example_setup_teardown_taskflow' retrieved from /home/jithish/Documents/dag-dag-dag/.venv/lib/python3.10/site-packages/airflow/example_dags/example_setup_teardown_taskflow.py
[2024-05-15T04:13:18.352+0800] {logging_mixin.py:188} INFO - [2024-05-15T04:13:18.351+0800] {dag.py:3096} INFO - Sync 1 DAGs
[2024-05-15T04:13:18.367+0800] {logging_mixin.py:188} INFO - [2024-05-15T04:13:18.367+0800] {dag.py:3954} INFO - Setting next_dagrun for example_setup_teardown_taskflow to 2024-05-13 00:00:00+00:00, run_after=2024-05-14 00:00:00+00:00
[2024-05-15T04:13:18.387+0800] {processor.py:183} INFO - Processing /home/jithish/Documents/dag-dag-dag/.venv/lib/python3.10/site-packages/airflow/example_dags/example_setup_teardown_taskflow.py took 0.137 seconds
[2024-05-15T04:14:13.253+0800] {processor.py:161} INFO - Started process (PID=119287) to work on /home/jithish/Documents/dag-dag-dag/.venv/lib/python3.10/site-packages/airflow/example_dags/example_setup_teardown_taskflow.py
[2024-05-15T04:14:13.315+0800] {processor.py:830} INFO - Processing file /home/jithish/Documents/dag-dag-dag/.venv/lib/python3.10/site-packages/airflow/example_dags/example_setup_teardown_taskflow.py for tasks to queue
[2024-05-15T04:14:13.318+0800] {logging_mixin.py:188} INFO - [2024-05-15T04:14:13.317+0800] {dagbag.py:545} INFO - Filling up the DagBag from /home/jithish/Documents/dag-dag-dag/.venv/lib/python3.10/site-packages/airflow/example_dags/example_setup_teardown_taskflow.py
[2024-05-15T04:14:13.331+0800] {processor.py:840} INFO - DAG(s) 'example_setup_teardown_taskflow' retrieved from /home/jithish/Documents/dag-dag-dag/.venv/lib/python3.10/site-packages/airflow/example_dags/example_setup_teardown_taskflow.py
[2024-05-15T04:14:13.347+0800] {logging_mixin.py:188} INFO - [2024-05-15T04:14:13.347+0800] {dag.py:3096} INFO - Sync 1 DAGs
[2024-05-15T04:14:13.361+0800] {logging_mixin.py:188} INFO - [2024-05-15T04:14:13.361+0800] {dag.py:3954} INFO - Setting next_dagrun for example_setup_teardown_taskflow to 2024-05-13 00:00:00+00:00, run_after=2024-05-14 00:00:00+00:00
[2024-05-15T04:14:13.379+0800] {processor.py:183} INFO - Processing /home/jithish/Documents/dag-dag-dag/.venv/lib/python3.10/site-packages/airflow/example_dags/example_setup_teardown_taskflow.py took 0.132 seconds
[2024-05-15T04:15:09.235+0800] {processor.py:161} INFO - Started process (PID=119879) to work on /home/jithish/Documents/dag-dag-dag/.venv/lib/python3.10/site-packages/airflow/example_dags/example_setup_teardown_taskflow.py
[2024-05-15T04:15:09.291+0800] {processor.py:830} INFO - Processing file /home/jithish/Documents/dag-dag-dag/.venv/lib/python3.10/site-packages/airflow/example_dags/example_setup_teardown_taskflow.py for tasks to queue
[2024-05-15T04:15:09.293+0800] {logging_mixin.py:188} INFO - [2024-05-15T04:15:09.292+0800] {dagbag.py:545} INFO - Filling up the DagBag from /home/jithish/Documents/dag-dag-dag/.venv/lib/python3.10/site-packages/airflow/example_dags/example_setup_teardown_taskflow.py
[2024-05-15T04:15:09.300+0800] {processor.py:840} INFO - DAG(s) 'example_setup_teardown_taskflow' retrieved from /home/jithish/Documents/dag-dag-dag/.venv/lib/python3.10/site-packages/airflow/example_dags/example_setup_teardown_taskflow.py
[2024-05-15T04:15:09.312+0800] {logging_mixin.py:188} INFO - [2024-05-15T04:15:09.312+0800] {dag.py:3096} INFO - Sync 1 DAGs
[2024-05-15T04:15:09.325+0800] {logging_mixin.py:188} INFO - [2024-05-15T04:15:09.325+0800] {dag.py:3954} INFO - Setting next_dagrun for example_setup_teardown_taskflow to 2024-05-13 00:00:00+00:00, run_after=2024-05-14 00:00:00+00:00
[2024-05-15T04:15:09.343+0800] {processor.py:183} INFO - Processing /home/jithish/Documents/dag-dag-dag/.venv/lib/python3.10/site-packages/airflow/example_dags/example_setup_teardown_taskflow.py took 0.116 seconds
[2024-05-15T04:16:04.557+0800] {processor.py:161} INFO - Started process (PID=120486) to work on /home/jithish/Documents/dag-dag-dag/.venv/lib/python3.10/site-packages/airflow/example_dags/example_setup_teardown_taskflow.py
[2024-05-15T04:16:04.558+0800] {processor.py:830} INFO - Processing file /home/jithish/Documents/dag-dag-dag/.venv/lib/python3.10/site-packages/airflow/example_dags/example_setup_teardown_taskflow.py for tasks to queue
[2024-05-15T04:16:04.559+0800] {logging_mixin.py:188} INFO - [2024-05-15T04:16:04.559+0800] {dagbag.py:545} INFO - Filling up the DagBag from /home/jithish/Documents/dag-dag-dag/.venv/lib/python3.10/site-packages/airflow/example_dags/example_setup_teardown_taskflow.py
[2024-05-15T04:16:04.568+0800] {processor.py:840} INFO - DAG(s) 'example_setup_teardown_taskflow' retrieved from /home/jithish/Documents/dag-dag-dag/.venv/lib/python3.10/site-packages/airflow/example_dags/example_setup_teardown_taskflow.py
[2024-05-15T04:16:04.585+0800] {logging_mixin.py:188} INFO - [2024-05-15T04:16:04.585+0800] {dag.py:3096} INFO - Sync 1 DAGs
[2024-05-15T04:16:04.604+0800] {logging_mixin.py:188} INFO - [2024-05-15T04:16:04.604+0800] {dag.py:3954} INFO - Setting next_dagrun for example_setup_teardown_taskflow to 2024-05-13 00:00:00+00:00, run_after=2024-05-14 00:00:00+00:00
[2024-05-15T04:16:04.623+0800] {processor.py:183} INFO - Processing /home/jithish/Documents/dag-dag-dag/.venv/lib/python3.10/site-packages/airflow/example_dags/example_setup_teardown_taskflow.py took 0.071 seconds
