[2024-05-15T02:59:21.264+0800] {processor.py:161} INFO - Started process (PID=65529) to work on /home/jithish/Documents/dag-dag-dag/.venv/lib/python3.10/site-packages/airflow/example_dags/example_branch_labels.py
[2024-05-15T02:59:21.265+0800] {processor.py:830} INFO - Processing file /home/jithish/Documents/dag-dag-dag/.venv/lib/python3.10/site-packages/airflow/example_dags/example_branch_labels.py for tasks to queue
[2024-05-15T02:59:21.266+0800] {logging_mixin.py:188} INFO - [2024-05-15T02:59:21.266+0800] {dagbag.py:545} INFO - Filling up the DagBag from /home/jithish/Documents/dag-dag-dag/.venv/lib/python3.10/site-packages/airflow/example_dags/example_branch_labels.py
[2024-05-15T02:59:21.274+0800] {processor.py:840} INFO - DAG(s) 'example_branch_labels' retrieved from /home/jithish/Documents/dag-dag-dag/.venv/lib/python3.10/site-packages/airflow/example_dags/example_branch_labels.py
[2024-05-15T02:59:21.340+0800] {logging_mixin.py:188} INFO - [2024-05-15T02:59:21.339+0800] {dag.py:3096} INFO - Sync 1 DAGs
[2024-05-15T02:59:21.414+0800] {logging_mixin.py:188} INFO - [2024-05-15T02:59:21.414+0800] {dag.py:3954} INFO - Setting next_dagrun for example_branch_labels to 2024-05-13 00:00:00+00:00, run_after=2024-05-14 00:00:00+00:00
[2024-05-15T02:59:21.429+0800] {processor.py:183} INFO - Processing /home/jithish/Documents/dag-dag-dag/.venv/lib/python3.10/site-packages/airflow/example_dags/example_branch_labels.py took 0.170 seconds
[2024-05-15T03:14:41.561+0800] {processor.py:161} INFO - Started process (PID=75108) to work on /home/jithish/Documents/dag-dag-dag/.venv/lib/python3.10/site-packages/airflow/example_dags/example_branch_labels.py
[2024-05-15T03:14:41.622+0800] {processor.py:830} INFO - Processing file /home/jithish/Documents/dag-dag-dag/.venv/lib/python3.10/site-packages/airflow/example_dags/example_branch_labels.py for tasks to queue
[2024-05-15T03:14:41.626+0800] {logging_mixin.py:188} INFO - [2024-05-15T03:14:41.625+0800] {dagbag.py:545} INFO - Filling up the DagBag from /home/jithish/Documents/dag-dag-dag/.venv/lib/python3.10/site-packages/airflow/example_dags/example_branch_labels.py
[2024-05-15T03:14:41.641+0800] {processor.py:840} INFO - DAG(s) 'example_branch_labels' retrieved from /home/jithish/Documents/dag-dag-dag/.venv/lib/python3.10/site-packages/airflow/example_dags/example_branch_labels.py
[2024-05-15T03:14:41.711+0800] {logging_mixin.py:188} INFO - [2024-05-15T03:14:41.711+0800] {dag.py:3096} INFO - Sync 1 DAGs
[2024-05-15T03:14:41.802+0800] {logging_mixin.py:188} INFO - [2024-05-15T03:14:41.802+0800] {dag.py:3954} INFO - Setting next_dagrun for example_branch_labels to 2024-05-13 00:00:00+00:00, run_after=2024-05-14 00:00:00+00:00
[2024-05-15T03:14:41.819+0800] {processor.py:183} INFO - Processing /home/jithish/Documents/dag-dag-dag/.venv/lib/python3.10/site-packages/airflow/example_dags/example_branch_labels.py took 0.267 seconds
[2024-05-15T03:15:45.715+0800] {processor.py:161} INFO - Started process (PID=75922) to work on /home/jithish/Documents/dag-dag-dag/.venv/lib/python3.10/site-packages/airflow/example_dags/example_branch_labels.py
[2024-05-15T03:15:45.765+0800] {processor.py:830} INFO - Processing file /home/jithish/Documents/dag-dag-dag/.venv/lib/python3.10/site-packages/airflow/example_dags/example_branch_labels.py for tasks to queue
[2024-05-15T03:15:45.767+0800] {logging_mixin.py:188} INFO - [2024-05-15T03:15:45.766+0800] {dagbag.py:545} INFO - Filling up the DagBag from /home/jithish/Documents/dag-dag-dag/.venv/lib/python3.10/site-packages/airflow/example_dags/example_branch_labels.py
[2024-05-15T03:15:45.776+0800] {processor.py:840} INFO - DAG(s) 'example_branch_labels' retrieved from /home/jithish/Documents/dag-dag-dag/.venv/lib/python3.10/site-packages/airflow/example_dags/example_branch_labels.py
[2024-05-15T03:15:45.793+0800] {logging_mixin.py:188} INFO - [2024-05-15T03:15:45.793+0800] {dag.py:3096} INFO - Sync 1 DAGs
[2024-05-15T03:15:45.810+0800] {logging_mixin.py:188} INFO - [2024-05-15T03:15:45.810+0800] {dag.py:3954} INFO - Setting next_dagrun for example_branch_labels to 2024-05-13 00:00:00+00:00, run_after=2024-05-14 00:00:00+00:00
[2024-05-15T03:15:45.916+0800] {processor.py:183} INFO - Processing /home/jithish/Documents/dag-dag-dag/.venv/lib/python3.10/site-packages/airflow/example_dags/example_branch_labels.py took 0.206 seconds
[2024-05-15T03:16:48.484+0800] {processor.py:161} INFO - Started process (PID=76748) to work on /home/jithish/Documents/dag-dag-dag/.venv/lib/python3.10/site-packages/airflow/example_dags/example_branch_labels.py
[2024-05-15T03:16:48.544+0800] {processor.py:830} INFO - Processing file /home/jithish/Documents/dag-dag-dag/.venv/lib/python3.10/site-packages/airflow/example_dags/example_branch_labels.py for tasks to queue
[2024-05-15T03:16:48.546+0800] {logging_mixin.py:188} INFO - [2024-05-15T03:16:48.546+0800] {dagbag.py:545} INFO - Filling up the DagBag from /home/jithish/Documents/dag-dag-dag/.venv/lib/python3.10/site-packages/airflow/example_dags/example_branch_labels.py
[2024-05-15T03:16:48.555+0800] {processor.py:840} INFO - DAG(s) 'example_branch_labels' retrieved from /home/jithish/Documents/dag-dag-dag/.venv/lib/python3.10/site-packages/airflow/example_dags/example_branch_labels.py
[2024-05-15T03:16:48.569+0800] {logging_mixin.py:188} INFO - [2024-05-15T03:16:48.569+0800] {dag.py:3096} INFO - Sync 1 DAGs
[2024-05-15T03:16:48.583+0800] {logging_mixin.py:188} INFO - [2024-05-15T03:16:48.582+0800] {dag.py:3954} INFO - Setting next_dagrun for example_branch_labels to 2024-05-13 00:00:00+00:00, run_after=2024-05-14 00:00:00+00:00
[2024-05-15T03:16:48.609+0800] {processor.py:183} INFO - Processing /home/jithish/Documents/dag-dag-dag/.venv/lib/python3.10/site-packages/airflow/example_dags/example_branch_labels.py took 0.132 seconds
[2024-05-15T03:17:52.849+0800] {processor.py:161} INFO - Started process (PID=77759) to work on /home/jithish/Documents/dag-dag-dag/.venv/lib/python3.10/site-packages/airflow/example_dags/example_branch_labels.py
[2024-05-15T03:17:52.911+0800] {processor.py:830} INFO - Processing file /home/jithish/Documents/dag-dag-dag/.venv/lib/python3.10/site-packages/airflow/example_dags/example_branch_labels.py for tasks to queue
[2024-05-15T03:17:52.913+0800] {logging_mixin.py:188} INFO - [2024-05-15T03:17:52.912+0800] {dagbag.py:545} INFO - Filling up the DagBag from /home/jithish/Documents/dag-dag-dag/.venv/lib/python3.10/site-packages/airflow/example_dags/example_branch_labels.py
[2024-05-15T03:17:52.924+0800] {processor.py:840} INFO - DAG(s) 'example_branch_labels' retrieved from /home/jithish/Documents/dag-dag-dag/.venv/lib/python3.10/site-packages/airflow/example_dags/example_branch_labels.py
[2024-05-15T03:17:52.940+0800] {logging_mixin.py:188} INFO - [2024-05-15T03:17:52.939+0800] {dag.py:3096} INFO - Sync 1 DAGs
[2024-05-15T03:17:52.956+0800] {logging_mixin.py:188} INFO - [2024-05-15T03:17:52.956+0800] {dag.py:3954} INFO - Setting next_dagrun for example_branch_labels to 2024-05-13 00:00:00+00:00, run_after=2024-05-14 00:00:00+00:00
[2024-05-15T03:17:52.982+0800] {processor.py:183} INFO - Processing /home/jithish/Documents/dag-dag-dag/.venv/lib/python3.10/site-packages/airflow/example_dags/example_branch_labels.py took 0.144 seconds
[2024-05-15T03:18:46.359+0800] {processor.py:161} INFO - Started process (PID=78510) to work on /home/jithish/Documents/dag-dag-dag/.venv/lib/python3.10/site-packages/airflow/example_dags/example_branch_labels.py
[2024-05-15T03:18:46.360+0800] {processor.py:830} INFO - Processing file /home/jithish/Documents/dag-dag-dag/.venv/lib/python3.10/site-packages/airflow/example_dags/example_branch_labels.py for tasks to queue
[2024-05-15T03:18:46.363+0800] {logging_mixin.py:188} INFO - [2024-05-15T03:18:46.362+0800] {dagbag.py:545} INFO - Filling up the DagBag from /home/jithish/Documents/dag-dag-dag/.venv/lib/python3.10/site-packages/airflow/example_dags/example_branch_labels.py
[2024-05-15T03:18:46.375+0800] {processor.py:840} INFO - DAG(s) 'example_branch_labels' retrieved from /home/jithish/Documents/dag-dag-dag/.venv/lib/python3.10/site-packages/airflow/example_dags/example_branch_labels.py
[2024-05-15T03:18:46.392+0800] {logging_mixin.py:188} INFO - [2024-05-15T03:18:46.392+0800] {dag.py:3096} INFO - Sync 1 DAGs
[2024-05-15T03:18:46.410+0800] {logging_mixin.py:188} INFO - [2024-05-15T03:18:46.409+0800] {dag.py:3954} INFO - Setting next_dagrun for example_branch_labels to 2024-05-13 00:00:00+00:00, run_after=2024-05-14 00:00:00+00:00
[2024-05-15T03:18:46.427+0800] {processor.py:183} INFO - Processing /home/jithish/Documents/dag-dag-dag/.venv/lib/python3.10/site-packages/airflow/example_dags/example_branch_labels.py took 0.083 seconds
[2024-05-15T03:19:43.162+0800] {processor.py:161} INFO - Started process (PID=79353) to work on /home/jithish/Documents/dag-dag-dag/.venv/lib/python3.10/site-packages/airflow/example_dags/example_branch_labels.py
[2024-05-15T03:19:43.163+0800] {processor.py:830} INFO - Processing file /home/jithish/Documents/dag-dag-dag/.venv/lib/python3.10/site-packages/airflow/example_dags/example_branch_labels.py for tasks to queue
[2024-05-15T03:19:43.165+0800] {logging_mixin.py:188} INFO - [2024-05-15T03:19:43.164+0800] {dagbag.py:545} INFO - Filling up the DagBag from /home/jithish/Documents/dag-dag-dag/.venv/lib/python3.10/site-packages/airflow/example_dags/example_branch_labels.py
[2024-05-15T03:19:43.170+0800] {processor.py:840} INFO - DAG(s) 'example_branch_labels' retrieved from /home/jithish/Documents/dag-dag-dag/.venv/lib/python3.10/site-packages/airflow/example_dags/example_branch_labels.py
[2024-05-15T03:19:43.184+0800] {logging_mixin.py:188} INFO - [2024-05-15T03:19:43.184+0800] {dag.py:3096} INFO - Sync 1 DAGs
[2024-05-15T03:19:43.200+0800] {logging_mixin.py:188} INFO - [2024-05-15T03:19:43.200+0800] {dag.py:3954} INFO - Setting next_dagrun for example_branch_labels to 2024-05-13 00:00:00+00:00, run_after=2024-05-14 00:00:00+00:00
[2024-05-15T03:19:43.219+0800] {processor.py:183} INFO - Processing /home/jithish/Documents/dag-dag-dag/.venv/lib/python3.10/site-packages/airflow/example_dags/example_branch_labels.py took 0.063 seconds
[2024-05-15T03:20:34.744+0800] {processor.py:161} INFO - Started process (PID=80077) to work on /home/jithish/Documents/dag-dag-dag/.venv/lib/python3.10/site-packages/airflow/example_dags/example_branch_labels.py
[2024-05-15T03:20:34.806+0800] {processor.py:830} INFO - Processing file /home/jithish/Documents/dag-dag-dag/.venv/lib/python3.10/site-packages/airflow/example_dags/example_branch_labels.py for tasks to queue
[2024-05-15T03:20:34.811+0800] {logging_mixin.py:188} INFO - [2024-05-15T03:20:34.810+0800] {dagbag.py:545} INFO - Filling up the DagBag from /home/jithish/Documents/dag-dag-dag/.venv/lib/python3.10/site-packages/airflow/example_dags/example_branch_labels.py
[2024-05-15T03:20:34.837+0800] {processor.py:840} INFO - DAG(s) 'example_branch_labels' retrieved from /home/jithish/Documents/dag-dag-dag/.venv/lib/python3.10/site-packages/airflow/example_dags/example_branch_labels.py
[2024-05-15T03:20:34.860+0800] {logging_mixin.py:188} INFO - [2024-05-15T03:20:34.860+0800] {dag.py:3096} INFO - Sync 1 DAGs
[2024-05-15T03:20:34.878+0800] {logging_mixin.py:188} INFO - [2024-05-15T03:20:34.878+0800] {dag.py:3954} INFO - Setting next_dagrun for example_branch_labels to 2024-05-13 00:00:00+00:00, run_after=2024-05-14 00:00:00+00:00
[2024-05-15T03:20:34.894+0800] {processor.py:183} INFO - Processing /home/jithish/Documents/dag-dag-dag/.venv/lib/python3.10/site-packages/airflow/example_dags/example_branch_labels.py took 0.155 seconds
[2024-05-15T03:21:26.814+0800] {processor.py:161} INFO - Started process (PID=80765) to work on /home/jithish/Documents/dag-dag-dag/.venv/lib/python3.10/site-packages/airflow/example_dags/example_branch_labels.py
[2024-05-15T03:21:26.876+0800] {processor.py:830} INFO - Processing file /home/jithish/Documents/dag-dag-dag/.venv/lib/python3.10/site-packages/airflow/example_dags/example_branch_labels.py for tasks to queue
[2024-05-15T03:21:26.881+0800] {logging_mixin.py:188} INFO - [2024-05-15T03:21:26.879+0800] {dagbag.py:545} INFO - Filling up the DagBag from /home/jithish/Documents/dag-dag-dag/.venv/lib/python3.10/site-packages/airflow/example_dags/example_branch_labels.py
[2024-05-15T03:21:26.908+0800] {processor.py:840} INFO - DAG(s) 'example_branch_labels' retrieved from /home/jithish/Documents/dag-dag-dag/.venv/lib/python3.10/site-packages/airflow/example_dags/example_branch_labels.py
[2024-05-15T03:21:26.931+0800] {logging_mixin.py:188} INFO - [2024-05-15T03:21:26.930+0800] {dag.py:3096} INFO - Sync 1 DAGs
[2024-05-15T03:21:26.946+0800] {logging_mixin.py:188} INFO - [2024-05-15T03:21:26.946+0800] {dag.py:3954} INFO - Setting next_dagrun for example_branch_labels to 2024-05-13 00:00:00+00:00, run_after=2024-05-14 00:00:00+00:00
[2024-05-15T03:21:26.968+0800] {processor.py:183} INFO - Processing /home/jithish/Documents/dag-dag-dag/.venv/lib/python3.10/site-packages/airflow/example_dags/example_branch_labels.py took 0.161 seconds
[2024-05-15T03:22:20.371+0800] {processor.py:161} INFO - Started process (PID=81530) to work on /home/jithish/Documents/dag-dag-dag/.venv/lib/python3.10/site-packages/airflow/example_dags/example_branch_labels.py
[2024-05-15T03:22:20.432+0800] {processor.py:830} INFO - Processing file /home/jithish/Documents/dag-dag-dag/.venv/lib/python3.10/site-packages/airflow/example_dags/example_branch_labels.py for tasks to queue
[2024-05-15T03:22:20.436+0800] {logging_mixin.py:188} INFO - [2024-05-15T03:22:20.435+0800] {dagbag.py:545} INFO - Filling up the DagBag from /home/jithish/Documents/dag-dag-dag/.venv/lib/python3.10/site-packages/airflow/example_dags/example_branch_labels.py
[2024-05-15T03:22:20.466+0800] {processor.py:840} INFO - DAG(s) 'example_branch_labels' retrieved from /home/jithish/Documents/dag-dag-dag/.venv/lib/python3.10/site-packages/airflow/example_dags/example_branch_labels.py
[2024-05-15T03:22:20.488+0800] {logging_mixin.py:188} INFO - [2024-05-15T03:22:20.487+0800] {dag.py:3096} INFO - Sync 1 DAGs
[2024-05-15T03:22:20.504+0800] {logging_mixin.py:188} INFO - [2024-05-15T03:22:20.504+0800] {dag.py:3954} INFO - Setting next_dagrun for example_branch_labels to 2024-05-13 00:00:00+00:00, run_after=2024-05-14 00:00:00+00:00
[2024-05-15T03:22:20.520+0800] {processor.py:183} INFO - Processing /home/jithish/Documents/dag-dag-dag/.venv/lib/python3.10/site-packages/airflow/example_dags/example_branch_labels.py took 0.154 seconds
[2024-05-15T03:23:14.533+0800] {processor.py:161} INFO - Started process (PID=82200) to work on /home/jithish/Documents/dag-dag-dag/.venv/lib/python3.10/site-packages/airflow/example_dags/example_branch_labels.py
[2024-05-15T03:23:14.534+0800] {processor.py:830} INFO - Processing file /home/jithish/Documents/dag-dag-dag/.venv/lib/python3.10/site-packages/airflow/example_dags/example_branch_labels.py for tasks to queue
[2024-05-15T03:23:14.535+0800] {logging_mixin.py:188} INFO - [2024-05-15T03:23:14.535+0800] {dagbag.py:545} INFO - Filling up the DagBag from /home/jithish/Documents/dag-dag-dag/.venv/lib/python3.10/site-packages/airflow/example_dags/example_branch_labels.py
[2024-05-15T03:23:14.541+0800] {processor.py:840} INFO - DAG(s) 'example_branch_labels' retrieved from /home/jithish/Documents/dag-dag-dag/.venv/lib/python3.10/site-packages/airflow/example_dags/example_branch_labels.py
[2024-05-15T03:23:14.552+0800] {logging_mixin.py:188} INFO - [2024-05-15T03:23:14.552+0800] {dag.py:3096} INFO - Sync 1 DAGs
[2024-05-15T03:23:14.565+0800] {logging_mixin.py:188} INFO - [2024-05-15T03:23:14.564+0800] {dag.py:3954} INFO - Setting next_dagrun for example_branch_labels to 2024-05-13 00:00:00+00:00, run_after=2024-05-14 00:00:00+00:00
[2024-05-15T03:23:14.578+0800] {processor.py:183} INFO - Processing /home/jithish/Documents/dag-dag-dag/.venv/lib/python3.10/site-packages/airflow/example_dags/example_branch_labels.py took 0.049 seconds
[2024-05-15T03:24:07.117+0800] {processor.py:161} INFO - Started process (PID=82670) to work on /home/jithish/Documents/dag-dag-dag/.venv/lib/python3.10/site-packages/airflow/example_dags/example_branch_labels.py
[2024-05-15T03:24:07.179+0800] {processor.py:830} INFO - Processing file /home/jithish/Documents/dag-dag-dag/.venv/lib/python3.10/site-packages/airflow/example_dags/example_branch_labels.py for tasks to queue
[2024-05-15T03:24:07.184+0800] {logging_mixin.py:188} INFO - [2024-05-15T03:24:07.183+0800] {dagbag.py:545} INFO - Filling up the DagBag from /home/jithish/Documents/dag-dag-dag/.venv/lib/python3.10/site-packages/airflow/example_dags/example_branch_labels.py
[2024-05-15T03:24:07.209+0800] {processor.py:840} INFO - DAG(s) 'example_branch_labels' retrieved from /home/jithish/Documents/dag-dag-dag/.venv/lib/python3.10/site-packages/airflow/example_dags/example_branch_labels.py
[2024-05-15T03:24:07.231+0800] {logging_mixin.py:188} INFO - [2024-05-15T03:24:07.231+0800] {dag.py:3096} INFO - Sync 1 DAGs
[2024-05-15T03:24:07.246+0800] {logging_mixin.py:188} INFO - [2024-05-15T03:24:07.246+0800] {dag.py:3954} INFO - Setting next_dagrun for example_branch_labels to 2024-05-13 00:00:00+00:00, run_after=2024-05-14 00:00:00+00:00
[2024-05-15T03:24:07.263+0800] {processor.py:183} INFO - Processing /home/jithish/Documents/dag-dag-dag/.venv/lib/python3.10/site-packages/airflow/example_dags/example_branch_labels.py took 0.149 seconds
[2024-05-15T03:25:02.742+0800] {processor.py:161} INFO - Started process (PID=83151) to work on /home/jithish/Documents/dag-dag-dag/.venv/lib/python3.10/site-packages/airflow/example_dags/example_branch_labels.py
[2024-05-15T03:25:02.806+0800] {processor.py:830} INFO - Processing file /home/jithish/Documents/dag-dag-dag/.venv/lib/python3.10/site-packages/airflow/example_dags/example_branch_labels.py for tasks to queue
[2024-05-15T03:25:02.811+0800] {logging_mixin.py:188} INFO - [2024-05-15T03:25:02.810+0800] {dagbag.py:545} INFO - Filling up the DagBag from /home/jithish/Documents/dag-dag-dag/.venv/lib/python3.10/site-packages/airflow/example_dags/example_branch_labels.py
[2024-05-15T03:25:02.837+0800] {processor.py:840} INFO - DAG(s) 'example_branch_labels' retrieved from /home/jithish/Documents/dag-dag-dag/.venv/lib/python3.10/site-packages/airflow/example_dags/example_branch_labels.py
[2024-05-15T03:25:02.859+0800] {logging_mixin.py:188} INFO - [2024-05-15T03:25:02.859+0800] {dag.py:3096} INFO - Sync 1 DAGs
[2024-05-15T03:25:02.874+0800] {logging_mixin.py:188} INFO - [2024-05-15T03:25:02.874+0800] {dag.py:3954} INFO - Setting next_dagrun for example_branch_labels to 2024-05-13 00:00:00+00:00, run_after=2024-05-14 00:00:00+00:00
[2024-05-15T03:25:02.891+0800] {processor.py:183} INFO - Processing /home/jithish/Documents/dag-dag-dag/.venv/lib/python3.10/site-packages/airflow/example_dags/example_branch_labels.py took 0.152 seconds
[2024-05-15T03:25:56.523+0800] {processor.py:161} INFO - Started process (PID=83585) to work on /home/jithish/Documents/dag-dag-dag/.venv/lib/python3.10/site-packages/airflow/example_dags/example_branch_labels.py
[2024-05-15T03:25:56.584+0800] {processor.py:830} INFO - Processing file /home/jithish/Documents/dag-dag-dag/.venv/lib/python3.10/site-packages/airflow/example_dags/example_branch_labels.py for tasks to queue
[2024-05-15T03:25:56.587+0800] {logging_mixin.py:188} INFO - [2024-05-15T03:25:56.586+0800] {dagbag.py:545} INFO - Filling up the DagBag from /home/jithish/Documents/dag-dag-dag/.venv/lib/python3.10/site-packages/airflow/example_dags/example_branch_labels.py
[2024-05-15T03:25:56.609+0800] {processor.py:840} INFO - DAG(s) 'example_branch_labels' retrieved from /home/jithish/Documents/dag-dag-dag/.venv/lib/python3.10/site-packages/airflow/example_dags/example_branch_labels.py
[2024-05-15T03:25:56.635+0800] {logging_mixin.py:188} INFO - [2024-05-15T03:25:56.634+0800] {dag.py:3096} INFO - Sync 1 DAGs
[2024-05-15T03:25:56.650+0800] {logging_mixin.py:188} INFO - [2024-05-15T03:25:56.649+0800] {dag.py:3954} INFO - Setting next_dagrun for example_branch_labels to 2024-05-13 00:00:00+00:00, run_after=2024-05-14 00:00:00+00:00
[2024-05-15T03:25:56.675+0800] {processor.py:183} INFO - Processing /home/jithish/Documents/dag-dag-dag/.venv/lib/python3.10/site-packages/airflow/example_dags/example_branch_labels.py took 0.156 seconds
[2024-05-15T03:26:50.124+0800] {processor.py:161} INFO - Started process (PID=84236) to work on /home/jithish/Documents/dag-dag-dag/.venv/lib/python3.10/site-packages/airflow/example_dags/example_branch_labels.py
[2024-05-15T03:26:50.190+0800] {processor.py:830} INFO - Processing file /home/jithish/Documents/dag-dag-dag/.venv/lib/python3.10/site-packages/airflow/example_dags/example_branch_labels.py for tasks to queue
[2024-05-15T03:26:50.192+0800] {logging_mixin.py:188} INFO - [2024-05-15T03:26:50.192+0800] {dagbag.py:545} INFO - Filling up the DagBag from /home/jithish/Documents/dag-dag-dag/.venv/lib/python3.10/site-packages/airflow/example_dags/example_branch_labels.py
[2024-05-15T03:26:50.222+0800] {processor.py:840} INFO - DAG(s) 'example_branch_labels' retrieved from /home/jithish/Documents/dag-dag-dag/.venv/lib/python3.10/site-packages/airflow/example_dags/example_branch_labels.py
[2024-05-15T03:26:50.254+0800] {logging_mixin.py:188} INFO - [2024-05-15T03:26:50.253+0800] {dag.py:3096} INFO - Sync 1 DAGs
[2024-05-15T03:26:50.301+0800] {logging_mixin.py:188} INFO - [2024-05-15T03:26:50.300+0800] {dag.py:3954} INFO - Setting next_dagrun for example_branch_labels to 2024-05-13 00:00:00+00:00, run_after=2024-05-14 00:00:00+00:00
[2024-05-15T03:26:50.338+0800] {processor.py:183} INFO - Processing /home/jithish/Documents/dag-dag-dag/.venv/lib/python3.10/site-packages/airflow/example_dags/example_branch_labels.py took 0.220 seconds
[2024-05-15T03:27:43.750+0800] {processor.py:161} INFO - Started process (PID=84817) to work on /home/jithish/Documents/dag-dag-dag/.venv/lib/python3.10/site-packages/airflow/example_dags/example_branch_labels.py
[2024-05-15T03:27:43.813+0800] {processor.py:830} INFO - Processing file /home/jithish/Documents/dag-dag-dag/.venv/lib/python3.10/site-packages/airflow/example_dags/example_branch_labels.py for tasks to queue
[2024-05-15T03:27:43.818+0800] {logging_mixin.py:188} INFO - [2024-05-15T03:27:43.816+0800] {dagbag.py:545} INFO - Filling up the DagBag from /home/jithish/Documents/dag-dag-dag/.venv/lib/python3.10/site-packages/airflow/example_dags/example_branch_labels.py
[2024-05-15T03:27:43.844+0800] {processor.py:840} INFO - DAG(s) 'example_branch_labels' retrieved from /home/jithish/Documents/dag-dag-dag/.venv/lib/python3.10/site-packages/airflow/example_dags/example_branch_labels.py
[2024-05-15T03:27:43.868+0800] {logging_mixin.py:188} INFO - [2024-05-15T03:27:43.868+0800] {dag.py:3096} INFO - Sync 1 DAGs
[2024-05-15T03:27:43.886+0800] {logging_mixin.py:188} INFO - [2024-05-15T03:27:43.886+0800] {dag.py:3954} INFO - Setting next_dagrun for example_branch_labels to 2024-05-13 00:00:00+00:00, run_after=2024-05-14 00:00:00+00:00
[2024-05-15T03:27:43.917+0800] {processor.py:183} INFO - Processing /home/jithish/Documents/dag-dag-dag/.venv/lib/python3.10/site-packages/airflow/example_dags/example_branch_labels.py took 0.186 seconds
[2024-05-15T03:28:57.083+0800] {processor.py:161} INFO - Started process (PID=85463) to work on /home/jithish/Documents/dag-dag-dag/.venv/lib/python3.10/site-packages/airflow/example_dags/example_branch_labels.py
[2024-05-15T03:28:57.145+0800] {processor.py:830} INFO - Processing file /home/jithish/Documents/dag-dag-dag/.venv/lib/python3.10/site-packages/airflow/example_dags/example_branch_labels.py for tasks to queue
[2024-05-15T03:28:57.147+0800] {logging_mixin.py:188} INFO - [2024-05-15T03:28:57.147+0800] {dagbag.py:545} INFO - Filling up the DagBag from /home/jithish/Documents/dag-dag-dag/.venv/lib/python3.10/site-packages/airflow/example_dags/example_branch_labels.py
[2024-05-15T03:28:57.153+0800] {processor.py:840} INFO - DAG(s) 'example_branch_labels' retrieved from /home/jithish/Documents/dag-dag-dag/.venv/lib/python3.10/site-packages/airflow/example_dags/example_branch_labels.py
[2024-05-15T03:28:57.172+0800] {logging_mixin.py:188} INFO - [2024-05-15T03:28:57.172+0800] {dag.py:3096} INFO - Sync 1 DAGs
[2024-05-15T03:28:57.199+0800] {logging_mixin.py:188} INFO - [2024-05-15T03:28:57.198+0800] {dag.py:3954} INFO - Setting next_dagrun for example_branch_labels to 2024-05-13 00:00:00+00:00, run_after=2024-05-14 00:00:00+00:00
[2024-05-15T03:28:57.219+0800] {processor.py:183} INFO - Processing /home/jithish/Documents/dag-dag-dag/.venv/lib/python3.10/site-packages/airflow/example_dags/example_branch_labels.py took 0.145 seconds
[2024-05-15T03:30:12.561+0800] {processor.py:161} INFO - Started process (PID=86067) to work on /home/jithish/Documents/dag-dag-dag/.venv/lib/python3.10/site-packages/airflow/example_dags/example_branch_labels.py
[2024-05-15T03:30:12.582+0800] {processor.py:830} INFO - Processing file /home/jithish/Documents/dag-dag-dag/.venv/lib/python3.10/site-packages/airflow/example_dags/example_branch_labels.py for tasks to queue
[2024-05-15T03:30:12.584+0800] {logging_mixin.py:188} INFO - [2024-05-15T03:30:12.583+0800] {dagbag.py:545} INFO - Filling up the DagBag from /home/jithish/Documents/dag-dag-dag/.venv/lib/python3.10/site-packages/airflow/example_dags/example_branch_labels.py
[2024-05-15T03:30:12.590+0800] {processor.py:840} INFO - DAG(s) 'example_branch_labels' retrieved from /home/jithish/Documents/dag-dag-dag/.venv/lib/python3.10/site-packages/airflow/example_dags/example_branch_labels.py
[2024-05-15T03:30:12.603+0800] {logging_mixin.py:188} INFO - [2024-05-15T03:30:12.603+0800] {dag.py:3096} INFO - Sync 1 DAGs
[2024-05-15T03:30:12.617+0800] {logging_mixin.py:188} INFO - [2024-05-15T03:30:12.617+0800] {dag.py:3954} INFO - Setting next_dagrun for example_branch_labels to 2024-05-13 00:00:00+00:00, run_after=2024-05-14 00:00:00+00:00
[2024-05-15T03:30:12.632+0800] {processor.py:183} INFO - Processing /home/jithish/Documents/dag-dag-dag/.venv/lib/python3.10/site-packages/airflow/example_dags/example_branch_labels.py took 0.077 seconds
[2024-05-15T03:31:02.640+0800] {processor.py:161} INFO - Started process (PID=86495) to work on /home/jithish/Documents/dag-dag-dag/.venv/lib/python3.10/site-packages/airflow/example_dags/example_branch_labels.py
[2024-05-15T03:31:02.702+0800] {processor.py:830} INFO - Processing file /home/jithish/Documents/dag-dag-dag/.venv/lib/python3.10/site-packages/airflow/example_dags/example_branch_labels.py for tasks to queue
[2024-05-15T03:31:02.707+0800] {logging_mixin.py:188} INFO - [2024-05-15T03:31:02.706+0800] {dagbag.py:545} INFO - Filling up the DagBag from /home/jithish/Documents/dag-dag-dag/.venv/lib/python3.10/site-packages/airflow/example_dags/example_branch_labels.py
[2024-05-15T03:31:02.731+0800] {processor.py:840} INFO - DAG(s) 'example_branch_labels' retrieved from /home/jithish/Documents/dag-dag-dag/.venv/lib/python3.10/site-packages/airflow/example_dags/example_branch_labels.py
[2024-05-15T03:31:02.756+0800] {logging_mixin.py:188} INFO - [2024-05-15T03:31:02.755+0800] {dag.py:3096} INFO - Sync 1 DAGs
[2024-05-15T03:31:02.772+0800] {logging_mixin.py:188} INFO - [2024-05-15T03:31:02.771+0800] {dag.py:3954} INFO - Setting next_dagrun for example_branch_labels to 2024-05-13 00:00:00+00:00, run_after=2024-05-14 00:00:00+00:00
[2024-05-15T03:31:02.791+0800] {processor.py:183} INFO - Processing /home/jithish/Documents/dag-dag-dag/.venv/lib/python3.10/site-packages/airflow/example_dags/example_branch_labels.py took 0.159 seconds
[2024-05-15T03:31:54.469+0800] {processor.py:161} INFO - Started process (PID=86963) to work on /home/jithish/Documents/dag-dag-dag/.venv/lib/python3.10/site-packages/airflow/example_dags/example_branch_labels.py
[2024-05-15T03:31:54.529+0800] {processor.py:830} INFO - Processing file /home/jithish/Documents/dag-dag-dag/.venv/lib/python3.10/site-packages/airflow/example_dags/example_branch_labels.py for tasks to queue
[2024-05-15T03:31:54.531+0800] {logging_mixin.py:188} INFO - [2024-05-15T03:31:54.531+0800] {dagbag.py:545} INFO - Filling up the DagBag from /home/jithish/Documents/dag-dag-dag/.venv/lib/python3.10/site-packages/airflow/example_dags/example_branch_labels.py
[2024-05-15T03:31:54.537+0800] {processor.py:840} INFO - DAG(s) 'example_branch_labels' retrieved from /home/jithish/Documents/dag-dag-dag/.venv/lib/python3.10/site-packages/airflow/example_dags/example_branch_labels.py
[2024-05-15T03:31:54.549+0800] {logging_mixin.py:188} INFO - [2024-05-15T03:31:54.548+0800] {dag.py:3096} INFO - Sync 1 DAGs
[2024-05-15T03:31:54.562+0800] {logging_mixin.py:188} INFO - [2024-05-15T03:31:54.562+0800] {dag.py:3954} INFO - Setting next_dagrun for example_branch_labels to 2024-05-13 00:00:00+00:00, run_after=2024-05-14 00:00:00+00:00
[2024-05-15T03:31:54.589+0800] {processor.py:183} INFO - Processing /home/jithish/Documents/dag-dag-dag/.venv/lib/python3.10/site-packages/airflow/example_dags/example_branch_labels.py took 0.124 seconds
[2024-05-15T03:32:45.885+0800] {processor.py:161} INFO - Started process (PID=87365) to work on /home/jithish/Documents/dag-dag-dag/.venv/lib/python3.10/site-packages/airflow/example_dags/example_branch_labels.py
[2024-05-15T03:32:45.946+0800] {processor.py:830} INFO - Processing file /home/jithish/Documents/dag-dag-dag/.venv/lib/python3.10/site-packages/airflow/example_dags/example_branch_labels.py for tasks to queue
[2024-05-15T03:32:45.951+0800] {logging_mixin.py:188} INFO - [2024-05-15T03:32:45.950+0800] {dagbag.py:545} INFO - Filling up the DagBag from /home/jithish/Documents/dag-dag-dag/.venv/lib/python3.10/site-packages/airflow/example_dags/example_branch_labels.py
[2024-05-15T03:32:45.977+0800] {processor.py:840} INFO - DAG(s) 'example_branch_labels' retrieved from /home/jithish/Documents/dag-dag-dag/.venv/lib/python3.10/site-packages/airflow/example_dags/example_branch_labels.py
[2024-05-15T03:32:46.002+0800] {logging_mixin.py:188} INFO - [2024-05-15T03:32:46.002+0800] {dag.py:3096} INFO - Sync 1 DAGs
[2024-05-15T03:32:46.018+0800] {logging_mixin.py:188} INFO - [2024-05-15T03:32:46.018+0800] {dag.py:3954} INFO - Setting next_dagrun for example_branch_labels to 2024-05-13 00:00:00+00:00, run_after=2024-05-14 00:00:00+00:00
[2024-05-15T03:32:46.038+0800] {processor.py:183} INFO - Processing /home/jithish/Documents/dag-dag-dag/.venv/lib/python3.10/site-packages/airflow/example_dags/example_branch_labels.py took 0.158 seconds
[2024-05-15T03:33:55.473+0800] {processor.py:161} INFO - Started process (PID=88019) to work on /home/jithish/Documents/dag-dag-dag/.venv/lib/python3.10/site-packages/airflow/example_dags/example_branch_labels.py
[2024-05-15T03:33:55.534+0800] {processor.py:830} INFO - Processing file /home/jithish/Documents/dag-dag-dag/.venv/lib/python3.10/site-packages/airflow/example_dags/example_branch_labels.py for tasks to queue
[2024-05-15T03:33:55.536+0800] {logging_mixin.py:188} INFO - [2024-05-15T03:33:55.535+0800] {dagbag.py:545} INFO - Filling up the DagBag from /home/jithish/Documents/dag-dag-dag/.venv/lib/python3.10/site-packages/airflow/example_dags/example_branch_labels.py
[2024-05-15T03:33:55.542+0800] {processor.py:840} INFO - DAG(s) 'example_branch_labels' retrieved from /home/jithish/Documents/dag-dag-dag/.venv/lib/python3.10/site-packages/airflow/example_dags/example_branch_labels.py
[2024-05-15T03:33:55.554+0800] {logging_mixin.py:188} INFO - [2024-05-15T03:33:55.553+0800] {dag.py:3096} INFO - Sync 1 DAGs
[2024-05-15T03:33:55.568+0800] {logging_mixin.py:188} INFO - [2024-05-15T03:33:55.568+0800] {dag.py:3954} INFO - Setting next_dagrun for example_branch_labels to 2024-05-13 00:00:00+00:00, run_after=2024-05-14 00:00:00+00:00
[2024-05-15T03:33:55.588+0800] {processor.py:183} INFO - Processing /home/jithish/Documents/dag-dag-dag/.venv/lib/python3.10/site-packages/airflow/example_dags/example_branch_labels.py took 0.121 seconds
[2024-05-15T03:35:05.035+0800] {processor.py:161} INFO - Started process (PID=88662) to work on /home/jithish/Documents/dag-dag-dag/.venv/lib/python3.10/site-packages/airflow/example_dags/example_branch_labels.py
[2024-05-15T03:35:05.096+0800] {processor.py:830} INFO - Processing file /home/jithish/Documents/dag-dag-dag/.venv/lib/python3.10/site-packages/airflow/example_dags/example_branch_labels.py for tasks to queue
[2024-05-15T03:35:05.098+0800] {logging_mixin.py:188} INFO - [2024-05-15T03:35:05.098+0800] {dagbag.py:545} INFO - Filling up the DagBag from /home/jithish/Documents/dag-dag-dag/.venv/lib/python3.10/site-packages/airflow/example_dags/example_branch_labels.py
[2024-05-15T03:35:05.107+0800] {processor.py:840} INFO - DAG(s) 'example_branch_labels' retrieved from /home/jithish/Documents/dag-dag-dag/.venv/lib/python3.10/site-packages/airflow/example_dags/example_branch_labels.py
[2024-05-15T03:35:05.123+0800] {logging_mixin.py:188} INFO - [2024-05-15T03:35:05.123+0800] {dag.py:3096} INFO - Sync 1 DAGs
[2024-05-15T03:35:05.139+0800] {logging_mixin.py:188} INFO - [2024-05-15T03:35:05.139+0800] {dag.py:3954} INFO - Setting next_dagrun for example_branch_labels to 2024-05-13 00:00:00+00:00, run_after=2024-05-14 00:00:00+00:00
[2024-05-15T03:35:05.160+0800] {processor.py:183} INFO - Processing /home/jithish/Documents/dag-dag-dag/.venv/lib/python3.10/site-packages/airflow/example_dags/example_branch_labels.py took 0.129 seconds
[2024-05-15T03:35:54.715+0800] {processor.py:161} INFO - Started process (PID=89099) to work on /home/jithish/Documents/dag-dag-dag/.venv/lib/python3.10/site-packages/airflow/example_dags/example_branch_labels.py
[2024-05-15T03:35:54.775+0800] {processor.py:830} INFO - Processing file /home/jithish/Documents/dag-dag-dag/.venv/lib/python3.10/site-packages/airflow/example_dags/example_branch_labels.py for tasks to queue
[2024-05-15T03:35:54.777+0800] {logging_mixin.py:188} INFO - [2024-05-15T03:35:54.776+0800] {dagbag.py:545} INFO - Filling up the DagBag from /home/jithish/Documents/dag-dag-dag/.venv/lib/python3.10/site-packages/airflow/example_dags/example_branch_labels.py
[2024-05-15T03:35:54.783+0800] {processor.py:840} INFO - DAG(s) 'example_branch_labels' retrieved from /home/jithish/Documents/dag-dag-dag/.venv/lib/python3.10/site-packages/airflow/example_dags/example_branch_labels.py
[2024-05-15T03:35:54.795+0800] {logging_mixin.py:188} INFO - [2024-05-15T03:35:54.795+0800] {dag.py:3096} INFO - Sync 1 DAGs
[2024-05-15T03:35:54.810+0800] {logging_mixin.py:188} INFO - [2024-05-15T03:35:54.809+0800] {dag.py:3954} INFO - Setting next_dagrun for example_branch_labels to 2024-05-13 00:00:00+00:00, run_after=2024-05-14 00:00:00+00:00
[2024-05-15T03:35:54.826+0800] {processor.py:183} INFO - Processing /home/jithish/Documents/dag-dag-dag/.venv/lib/python3.10/site-packages/airflow/example_dags/example_branch_labels.py took 0.116 seconds
[2024-05-15T03:37:06.590+0800] {processor.py:161} INFO - Started process (PID=89777) to work on /home/jithish/Documents/dag-dag-dag/.venv/lib/python3.10/site-packages/airflow/example_dags/example_branch_labels.py
[2024-05-15T03:37:06.590+0800] {processor.py:830} INFO - Processing file /home/jithish/Documents/dag-dag-dag/.venv/lib/python3.10/site-packages/airflow/example_dags/example_branch_labels.py for tasks to queue
[2024-05-15T03:37:06.592+0800] {logging_mixin.py:188} INFO - [2024-05-15T03:37:06.591+0800] {dagbag.py:545} INFO - Filling up the DagBag from /home/jithish/Documents/dag-dag-dag/.venv/lib/python3.10/site-packages/airflow/example_dags/example_branch_labels.py
[2024-05-15T03:37:06.599+0800] {processor.py:840} INFO - DAG(s) 'example_branch_labels' retrieved from /home/jithish/Documents/dag-dag-dag/.venv/lib/python3.10/site-packages/airflow/example_dags/example_branch_labels.py
[2024-05-15T03:37:06.611+0800] {logging_mixin.py:188} INFO - [2024-05-15T03:37:06.610+0800] {dag.py:3096} INFO - Sync 1 DAGs
[2024-05-15T03:37:06.626+0800] {logging_mixin.py:188} INFO - [2024-05-15T03:37:06.625+0800] {dag.py:3954} INFO - Setting next_dagrun for example_branch_labels to 2024-05-13 00:00:00+00:00, run_after=2024-05-14 00:00:00+00:00
[2024-05-15T03:37:06.643+0800] {processor.py:183} INFO - Processing /home/jithish/Documents/dag-dag-dag/.venv/lib/python3.10/site-packages/airflow/example_dags/example_branch_labels.py took 0.058 seconds
[2024-05-15T03:37:57.506+0800] {processor.py:161} INFO - Started process (PID=90252) to work on /home/jithish/Documents/dag-dag-dag/.venv/lib/python3.10/site-packages/airflow/example_dags/example_branch_labels.py
[2024-05-15T03:37:57.507+0800] {processor.py:830} INFO - Processing file /home/jithish/Documents/dag-dag-dag/.venv/lib/python3.10/site-packages/airflow/example_dags/example_branch_labels.py for tasks to queue
[2024-05-15T03:37:57.510+0800] {logging_mixin.py:188} INFO - [2024-05-15T03:37:57.509+0800] {dagbag.py:545} INFO - Filling up the DagBag from /home/jithish/Documents/dag-dag-dag/.venv/lib/python3.10/site-packages/airflow/example_dags/example_branch_labels.py
[2024-05-15T03:37:57.523+0800] {processor.py:840} INFO - DAG(s) 'example_branch_labels' retrieved from /home/jithish/Documents/dag-dag-dag/.venv/lib/python3.10/site-packages/airflow/example_dags/example_branch_labels.py
[2024-05-15T03:37:57.539+0800] {logging_mixin.py:188} INFO - [2024-05-15T03:37:57.539+0800] {dag.py:3096} INFO - Sync 1 DAGs
[2024-05-15T03:37:57.555+0800] {logging_mixin.py:188} INFO - [2024-05-15T03:37:57.554+0800] {dag.py:3954} INFO - Setting next_dagrun for example_branch_labels to 2024-05-13 00:00:00+00:00, run_after=2024-05-14 00:00:00+00:00
[2024-05-15T03:37:57.571+0800] {processor.py:183} INFO - Processing /home/jithish/Documents/dag-dag-dag/.venv/lib/python3.10/site-packages/airflow/example_dags/example_branch_labels.py took 0.075 seconds
[2024-05-15T03:38:49.737+0800] {processor.py:161} INFO - Started process (PID=90821) to work on /home/jithish/Documents/dag-dag-dag/.venv/lib/python3.10/site-packages/airflow/example_dags/example_branch_labels.py
[2024-05-15T03:38:49.739+0800] {processor.py:830} INFO - Processing file /home/jithish/Documents/dag-dag-dag/.venv/lib/python3.10/site-packages/airflow/example_dags/example_branch_labels.py for tasks to queue
[2024-05-15T03:38:49.740+0800] {logging_mixin.py:188} INFO - [2024-05-15T03:38:49.740+0800] {dagbag.py:545} INFO - Filling up the DagBag from /home/jithish/Documents/dag-dag-dag/.venv/lib/python3.10/site-packages/airflow/example_dags/example_branch_labels.py
[2024-05-15T03:38:49.747+0800] {processor.py:840} INFO - DAG(s) 'example_branch_labels' retrieved from /home/jithish/Documents/dag-dag-dag/.venv/lib/python3.10/site-packages/airflow/example_dags/example_branch_labels.py
[2024-05-15T03:38:49.760+0800] {logging_mixin.py:188} INFO - [2024-05-15T03:38:49.760+0800] {dag.py:3096} INFO - Sync 1 DAGs
[2024-05-15T03:38:49.777+0800] {logging_mixin.py:188} INFO - [2024-05-15T03:38:49.777+0800] {dag.py:3954} INFO - Setting next_dagrun for example_branch_labels to 2024-05-13 00:00:00+00:00, run_after=2024-05-14 00:00:00+00:00
[2024-05-15T03:38:49.796+0800] {processor.py:183} INFO - Processing /home/jithish/Documents/dag-dag-dag/.venv/lib/python3.10/site-packages/airflow/example_dags/example_branch_labels.py took 0.066 seconds
[2024-05-15T03:39:53.269+0800] {processor.py:161} INFO - Started process (PID=92524) to work on /home/jithish/Documents/dag-dag-dag/.venv/lib/python3.10/site-packages/airflow/example_dags/example_branch_labels.py
[2024-05-15T03:39:53.269+0800] {processor.py:830} INFO - Processing file /home/jithish/Documents/dag-dag-dag/.venv/lib/python3.10/site-packages/airflow/example_dags/example_branch_labels.py for tasks to queue
[2024-05-15T03:39:53.271+0800] {logging_mixin.py:188} INFO - [2024-05-15T03:39:53.270+0800] {dagbag.py:545} INFO - Filling up the DagBag from /home/jithish/Documents/dag-dag-dag/.venv/lib/python3.10/site-packages/airflow/example_dags/example_branch_labels.py
[2024-05-15T03:39:53.277+0800] {processor.py:840} INFO - DAG(s) 'example_branch_labels' retrieved from /home/jithish/Documents/dag-dag-dag/.venv/lib/python3.10/site-packages/airflow/example_dags/example_branch_labels.py
[2024-05-15T03:39:53.291+0800] {logging_mixin.py:188} INFO - [2024-05-15T03:39:53.291+0800] {dag.py:3096} INFO - Sync 1 DAGs
[2024-05-15T03:39:53.309+0800] {logging_mixin.py:188} INFO - [2024-05-15T03:39:53.308+0800] {dag.py:3954} INFO - Setting next_dagrun for example_branch_labels to 2024-05-13 00:00:00+00:00, run_after=2024-05-14 00:00:00+00:00
[2024-05-15T03:39:53.335+0800] {processor.py:183} INFO - Processing /home/jithish/Documents/dag-dag-dag/.venv/lib/python3.10/site-packages/airflow/example_dags/example_branch_labels.py took 0.073 seconds
[2024-05-15T03:40:51.062+0800] {processor.py:161} INFO - Started process (PID=93436) to work on /home/jithish/Documents/dag-dag-dag/.venv/lib/python3.10/site-packages/airflow/example_dags/example_branch_labels.py
[2024-05-15T03:40:51.124+0800] {processor.py:830} INFO - Processing file /home/jithish/Documents/dag-dag-dag/.venv/lib/python3.10/site-packages/airflow/example_dags/example_branch_labels.py for tasks to queue
[2024-05-15T03:40:51.130+0800] {logging_mixin.py:188} INFO - [2024-05-15T03:40:51.128+0800] {dagbag.py:545} INFO - Filling up the DagBag from /home/jithish/Documents/dag-dag-dag/.venv/lib/python3.10/site-packages/airflow/example_dags/example_branch_labels.py
[2024-05-15T03:40:51.156+0800] {processor.py:840} INFO - DAG(s) 'example_branch_labels' retrieved from /home/jithish/Documents/dag-dag-dag/.venv/lib/python3.10/site-packages/airflow/example_dags/example_branch_labels.py
[2024-05-15T03:40:51.178+0800] {logging_mixin.py:188} INFO - [2024-05-15T03:40:51.178+0800] {dag.py:3096} INFO - Sync 1 DAGs
[2024-05-15T03:40:51.196+0800] {logging_mixin.py:188} INFO - [2024-05-15T03:40:51.195+0800] {dag.py:3954} INFO - Setting next_dagrun for example_branch_labels to 2024-05-13 00:00:00+00:00, run_after=2024-05-14 00:00:00+00:00
[2024-05-15T03:40:51.223+0800] {processor.py:183} INFO - Processing /home/jithish/Documents/dag-dag-dag/.venv/lib/python3.10/site-packages/airflow/example_dags/example_branch_labels.py took 0.167 seconds
[2024-05-15T03:41:47.986+0800] {processor.py:161} INFO - Started process (PID=94237) to work on /home/jithish/Documents/dag-dag-dag/.venv/lib/python3.10/site-packages/airflow/example_dags/example_branch_labels.py
[2024-05-15T03:41:47.988+0800] {processor.py:830} INFO - Processing file /home/jithish/Documents/dag-dag-dag/.venv/lib/python3.10/site-packages/airflow/example_dags/example_branch_labels.py for tasks to queue
[2024-05-15T03:41:47.990+0800] {logging_mixin.py:188} INFO - [2024-05-15T03:41:47.990+0800] {dagbag.py:545} INFO - Filling up the DagBag from /home/jithish/Documents/dag-dag-dag/.venv/lib/python3.10/site-packages/airflow/example_dags/example_branch_labels.py
[2024-05-15T03:41:48.001+0800] {processor.py:840} INFO - DAG(s) 'example_branch_labels' retrieved from /home/jithish/Documents/dag-dag-dag/.venv/lib/python3.10/site-packages/airflow/example_dags/example_branch_labels.py
[2024-05-15T03:41:48.018+0800] {logging_mixin.py:188} INFO - [2024-05-15T03:41:48.018+0800] {dag.py:3096} INFO - Sync 1 DAGs
[2024-05-15T03:41:48.032+0800] {logging_mixin.py:188} INFO - [2024-05-15T03:41:48.032+0800] {dag.py:3954} INFO - Setting next_dagrun for example_branch_labels to 2024-05-13 00:00:00+00:00, run_after=2024-05-14 00:00:00+00:00
[2024-05-15T03:41:48.049+0800] {processor.py:183} INFO - Processing /home/jithish/Documents/dag-dag-dag/.venv/lib/python3.10/site-packages/airflow/example_dags/example_branch_labels.py took 0.079 seconds
[2024-05-15T03:42:42.166+0800] {processor.py:161} INFO - Started process (PID=94990) to work on /home/jithish/Documents/dag-dag-dag/.venv/lib/python3.10/site-packages/airflow/example_dags/example_branch_labels.py
[2024-05-15T03:42:42.228+0800] {processor.py:830} INFO - Processing file /home/jithish/Documents/dag-dag-dag/.venv/lib/python3.10/site-packages/airflow/example_dags/example_branch_labels.py for tasks to queue
[2024-05-15T03:42:42.235+0800] {logging_mixin.py:188} INFO - [2024-05-15T03:42:42.233+0800] {dagbag.py:545} INFO - Filling up the DagBag from /home/jithish/Documents/dag-dag-dag/.venv/lib/python3.10/site-packages/airflow/example_dags/example_branch_labels.py
[2024-05-15T03:42:42.259+0800] {processor.py:840} INFO - DAG(s) 'example_branch_labels' retrieved from /home/jithish/Documents/dag-dag-dag/.venv/lib/python3.10/site-packages/airflow/example_dags/example_branch_labels.py
[2024-05-15T03:42:42.280+0800] {logging_mixin.py:188} INFO - [2024-05-15T03:42:42.280+0800] {dag.py:3096} INFO - Sync 1 DAGs
[2024-05-15T03:42:42.296+0800] {logging_mixin.py:188} INFO - [2024-05-15T03:42:42.296+0800] {dag.py:3954} INFO - Setting next_dagrun for example_branch_labels to 2024-05-13 00:00:00+00:00, run_after=2024-05-14 00:00:00+00:00
[2024-05-15T03:42:42.323+0800] {processor.py:183} INFO - Processing /home/jithish/Documents/dag-dag-dag/.venv/lib/python3.10/site-packages/airflow/example_dags/example_branch_labels.py took 0.165 seconds
[2024-05-15T03:43:59.927+0800] {processor.py:161} INFO - Started process (PID=96124) to work on /home/jithish/Documents/dag-dag-dag/.venv/lib/python3.10/site-packages/airflow/example_dags/example_branch_labels.py
[2024-05-15T03:43:59.927+0800] {processor.py:830} INFO - Processing file /home/jithish/Documents/dag-dag-dag/.venv/lib/python3.10/site-packages/airflow/example_dags/example_branch_labels.py for tasks to queue
[2024-05-15T03:43:59.929+0800] {logging_mixin.py:188} INFO - [2024-05-15T03:43:59.928+0800] {dagbag.py:545} INFO - Filling up the DagBag from /home/jithish/Documents/dag-dag-dag/.venv/lib/python3.10/site-packages/airflow/example_dags/example_branch_labels.py
[2024-05-15T03:43:59.935+0800] {processor.py:840} INFO - DAG(s) 'example_branch_labels' retrieved from /home/jithish/Documents/dag-dag-dag/.venv/lib/python3.10/site-packages/airflow/example_dags/example_branch_labels.py
[2024-05-15T03:43:59.949+0800] {logging_mixin.py:188} INFO - [2024-05-15T03:43:59.948+0800] {dag.py:3096} INFO - Sync 1 DAGs
[2024-05-15T03:43:59.966+0800] {logging_mixin.py:188} INFO - [2024-05-15T03:43:59.966+0800] {dag.py:3954} INFO - Setting next_dagrun for example_branch_labels to 2024-05-13 00:00:00+00:00, run_after=2024-05-14 00:00:00+00:00
[2024-05-15T03:43:59.983+0800] {processor.py:183} INFO - Processing /home/jithish/Documents/dag-dag-dag/.venv/lib/python3.10/site-packages/airflow/example_dags/example_branch_labels.py took 0.061 seconds
[2024-05-15T03:44:55.471+0800] {processor.py:161} INFO - Started process (PID=96857) to work on /home/jithish/Documents/dag-dag-dag/.venv/lib/python3.10/site-packages/airflow/example_dags/example_branch_labels.py
[2024-05-15T03:44:55.532+0800] {processor.py:830} INFO - Processing file /home/jithish/Documents/dag-dag-dag/.venv/lib/python3.10/site-packages/airflow/example_dags/example_branch_labels.py for tasks to queue
[2024-05-15T03:44:55.537+0800] {logging_mixin.py:188} INFO - [2024-05-15T03:44:55.536+0800] {dagbag.py:545} INFO - Filling up the DagBag from /home/jithish/Documents/dag-dag-dag/.venv/lib/python3.10/site-packages/airflow/example_dags/example_branch_labels.py
[2024-05-15T03:44:55.564+0800] {processor.py:840} INFO - DAG(s) 'example_branch_labels' retrieved from /home/jithish/Documents/dag-dag-dag/.venv/lib/python3.10/site-packages/airflow/example_dags/example_branch_labels.py
[2024-05-15T03:44:55.590+0800] {logging_mixin.py:188} INFO - [2024-05-15T03:44:55.589+0800] {dag.py:3096} INFO - Sync 1 DAGs
[2024-05-15T03:44:55.606+0800] {logging_mixin.py:188} INFO - [2024-05-15T03:44:55.605+0800] {dag.py:3954} INFO - Setting next_dagrun for example_branch_labels to 2024-05-13 00:00:00+00:00, run_after=2024-05-14 00:00:00+00:00
[2024-05-15T03:44:55.626+0800] {processor.py:183} INFO - Processing /home/jithish/Documents/dag-dag-dag/.venv/lib/python3.10/site-packages/airflow/example_dags/example_branch_labels.py took 0.162 seconds
[2024-05-15T03:45:51.922+0800] {processor.py:161} INFO - Started process (PID=97531) to work on /home/jithish/Documents/dag-dag-dag/.venv/lib/python3.10/site-packages/airflow/example_dags/example_branch_labels.py
[2024-05-15T03:45:51.923+0800] {processor.py:830} INFO - Processing file /home/jithish/Documents/dag-dag-dag/.venv/lib/python3.10/site-packages/airflow/example_dags/example_branch_labels.py for tasks to queue
[2024-05-15T03:45:51.926+0800] {logging_mixin.py:188} INFO - [2024-05-15T03:45:51.926+0800] {dagbag.py:545} INFO - Filling up the DagBag from /home/jithish/Documents/dag-dag-dag/.venv/lib/python3.10/site-packages/airflow/example_dags/example_branch_labels.py
[2024-05-15T03:45:51.935+0800] {processor.py:840} INFO - DAG(s) 'example_branch_labels' retrieved from /home/jithish/Documents/dag-dag-dag/.venv/lib/python3.10/site-packages/airflow/example_dags/example_branch_labels.py
[2024-05-15T03:45:51.950+0800] {logging_mixin.py:188} INFO - [2024-05-15T03:45:51.949+0800] {dag.py:3096} INFO - Sync 1 DAGs
[2024-05-15T03:45:51.968+0800] {logging_mixin.py:188} INFO - [2024-05-15T03:45:51.968+0800] {dag.py:3954} INFO - Setting next_dagrun for example_branch_labels to 2024-05-13 00:00:00+00:00, run_after=2024-05-14 00:00:00+00:00
[2024-05-15T03:45:51.987+0800] {processor.py:183} INFO - Processing /home/jithish/Documents/dag-dag-dag/.venv/lib/python3.10/site-packages/airflow/example_dags/example_branch_labels.py took 0.070 seconds
[2024-05-15T03:46:59.743+0800] {processor.py:161} INFO - Started process (PID=98576) to work on /home/jithish/Documents/dag-dag-dag/.venv/lib/python3.10/site-packages/airflow/example_dags/example_branch_labels.py
[2024-05-15T03:46:59.805+0800] {processor.py:830} INFO - Processing file /home/jithish/Documents/dag-dag-dag/.venv/lib/python3.10/site-packages/airflow/example_dags/example_branch_labels.py for tasks to queue
[2024-05-15T03:46:59.807+0800] {logging_mixin.py:188} INFO - [2024-05-15T03:46:59.806+0800] {dagbag.py:545} INFO - Filling up the DagBag from /home/jithish/Documents/dag-dag-dag/.venv/lib/python3.10/site-packages/airflow/example_dags/example_branch_labels.py
[2024-05-15T03:46:59.816+0800] {processor.py:840} INFO - DAG(s) 'example_branch_labels' retrieved from /home/jithish/Documents/dag-dag-dag/.venv/lib/python3.10/site-packages/airflow/example_dags/example_branch_labels.py
[2024-05-15T03:46:59.829+0800] {logging_mixin.py:188} INFO - [2024-05-15T03:46:59.828+0800] {dag.py:3096} INFO - Sync 1 DAGs
[2024-05-15T03:46:59.844+0800] {logging_mixin.py:188} INFO - [2024-05-15T03:46:59.843+0800] {dag.py:3954} INFO - Setting next_dagrun for example_branch_labels to 2024-05-13 00:00:00+00:00, run_after=2024-05-14 00:00:00+00:00
[2024-05-15T03:46:59.863+0800] {processor.py:183} INFO - Processing /home/jithish/Documents/dag-dag-dag/.venv/lib/python3.10/site-packages/airflow/example_dags/example_branch_labels.py took 0.139 seconds
[2024-05-15T03:47:54.194+0800] {processor.py:161} INFO - Started process (PID=99328) to work on /home/jithish/Documents/dag-dag-dag/.venv/lib/python3.10/site-packages/airflow/example_dags/example_branch_labels.py
[2024-05-15T03:47:54.255+0800] {processor.py:830} INFO - Processing file /home/jithish/Documents/dag-dag-dag/.venv/lib/python3.10/site-packages/airflow/example_dags/example_branch_labels.py for tasks to queue
[2024-05-15T03:47:54.256+0800] {logging_mixin.py:188} INFO - [2024-05-15T03:47:54.256+0800] {dagbag.py:545} INFO - Filling up the DagBag from /home/jithish/Documents/dag-dag-dag/.venv/lib/python3.10/site-packages/airflow/example_dags/example_branch_labels.py
[2024-05-15T03:47:54.265+0800] {processor.py:840} INFO - DAG(s) 'example_branch_labels' retrieved from /home/jithish/Documents/dag-dag-dag/.venv/lib/python3.10/site-packages/airflow/example_dags/example_branch_labels.py
[2024-05-15T03:47:54.280+0800] {logging_mixin.py:188} INFO - [2024-05-15T03:47:54.280+0800] {dag.py:3096} INFO - Sync 1 DAGs
[2024-05-15T03:47:54.296+0800] {logging_mixin.py:188} INFO - [2024-05-15T03:47:54.296+0800] {dag.py:3954} INFO - Setting next_dagrun for example_branch_labels to 2024-05-13 00:00:00+00:00, run_after=2024-05-14 00:00:00+00:00
[2024-05-15T03:47:54.323+0800] {processor.py:183} INFO - Processing /home/jithish/Documents/dag-dag-dag/.venv/lib/python3.10/site-packages/airflow/example_dags/example_branch_labels.py took 0.136 seconds
[2024-05-15T03:48:43.999+0800] {processor.py:161} INFO - Started process (PID=100038) to work on /home/jithish/Documents/dag-dag-dag/.venv/lib/python3.10/site-packages/airflow/example_dags/example_branch_labels.py
[2024-05-15T03:48:44.000+0800] {processor.py:830} INFO - Processing file /home/jithish/Documents/dag-dag-dag/.venv/lib/python3.10/site-packages/airflow/example_dags/example_branch_labels.py for tasks to queue
[2024-05-15T03:48:44.002+0800] {logging_mixin.py:188} INFO - [2024-05-15T03:48:44.001+0800] {dagbag.py:545} INFO - Filling up the DagBag from /home/jithish/Documents/dag-dag-dag/.venv/lib/python3.10/site-packages/airflow/example_dags/example_branch_labels.py
[2024-05-15T03:48:44.010+0800] {processor.py:840} INFO - DAG(s) 'example_branch_labels' retrieved from /home/jithish/Documents/dag-dag-dag/.venv/lib/python3.10/site-packages/airflow/example_dags/example_branch_labels.py
[2024-05-15T03:48:44.022+0800] {logging_mixin.py:188} INFO - [2024-05-15T03:48:44.022+0800] {dag.py:3096} INFO - Sync 1 DAGs
[2024-05-15T03:48:44.037+0800] {logging_mixin.py:188} INFO - [2024-05-15T03:48:44.037+0800] {dag.py:3954} INFO - Setting next_dagrun for example_branch_labels to 2024-05-13 00:00:00+00:00, run_after=2024-05-14 00:00:00+00:00
[2024-05-15T03:48:44.066+0800] {processor.py:183} INFO - Processing /home/jithish/Documents/dag-dag-dag/.venv/lib/python3.10/site-packages/airflow/example_dags/example_branch_labels.py took 0.073 seconds
[2024-05-15T03:49:40.337+0800] {processor.py:161} INFO - Started process (PID=100899) to work on /home/jithish/Documents/dag-dag-dag/.venv/lib/python3.10/site-packages/airflow/example_dags/example_branch_labels.py
[2024-05-15T03:49:40.399+0800] {processor.py:830} INFO - Processing file /home/jithish/Documents/dag-dag-dag/.venv/lib/python3.10/site-packages/airflow/example_dags/example_branch_labels.py for tasks to queue
[2024-05-15T03:49:40.404+0800] {logging_mixin.py:188} INFO - [2024-05-15T03:49:40.403+0800] {dagbag.py:545} INFO - Filling up the DagBag from /home/jithish/Documents/dag-dag-dag/.venv/lib/python3.10/site-packages/airflow/example_dags/example_branch_labels.py
[2024-05-15T03:49:40.430+0800] {processor.py:840} INFO - DAG(s) 'example_branch_labels' retrieved from /home/jithish/Documents/dag-dag-dag/.venv/lib/python3.10/site-packages/airflow/example_dags/example_branch_labels.py
[2024-05-15T03:49:40.452+0800] {logging_mixin.py:188} INFO - [2024-05-15T03:49:40.452+0800] {dag.py:3096} INFO - Sync 1 DAGs
[2024-05-15T03:49:40.469+0800] {logging_mixin.py:188} INFO - [2024-05-15T03:49:40.469+0800] {dag.py:3954} INFO - Setting next_dagrun for example_branch_labels to 2024-05-13 00:00:00+00:00, run_after=2024-05-14 00:00:00+00:00
[2024-05-15T03:49:40.497+0800] {processor.py:183} INFO - Processing /home/jithish/Documents/dag-dag-dag/.venv/lib/python3.10/site-packages/airflow/example_dags/example_branch_labels.py took 0.175 seconds
[2024-05-15T03:50:37.972+0800] {processor.py:161} INFO - Started process (PID=101685) to work on /home/jithish/Documents/dag-dag-dag/.venv/lib/python3.10/site-packages/airflow/example_dags/example_branch_labels.py
[2024-05-15T03:50:38.033+0800] {processor.py:830} INFO - Processing file /home/jithish/Documents/dag-dag-dag/.venv/lib/python3.10/site-packages/airflow/example_dags/example_branch_labels.py for tasks to queue
[2024-05-15T03:50:38.038+0800] {logging_mixin.py:188} INFO - [2024-05-15T03:50:38.037+0800] {dagbag.py:545} INFO - Filling up the DagBag from /home/jithish/Documents/dag-dag-dag/.venv/lib/python3.10/site-packages/airflow/example_dags/example_branch_labels.py
[2024-05-15T03:50:38.063+0800] {processor.py:840} INFO - DAG(s) 'example_branch_labels' retrieved from /home/jithish/Documents/dag-dag-dag/.venv/lib/python3.10/site-packages/airflow/example_dags/example_branch_labels.py
[2024-05-15T03:50:38.086+0800] {logging_mixin.py:188} INFO - [2024-05-15T03:50:38.086+0800] {dag.py:3096} INFO - Sync 1 DAGs
[2024-05-15T03:50:38.102+0800] {logging_mixin.py:188} INFO - [2024-05-15T03:50:38.102+0800] {dag.py:3954} INFO - Setting next_dagrun for example_branch_labels to 2024-05-13 00:00:00+00:00, run_after=2024-05-14 00:00:00+00:00
[2024-05-15T03:50:38.123+0800] {processor.py:183} INFO - Processing /home/jithish/Documents/dag-dag-dag/.venv/lib/python3.10/site-packages/airflow/example_dags/example_branch_labels.py took 0.159 seconds
[2024-05-15T03:51:32.045+0800] {processor.py:161} INFO - Started process (PID=102441) to work on /home/jithish/Documents/dag-dag-dag/.venv/lib/python3.10/site-packages/airflow/example_dags/example_branch_labels.py
[2024-05-15T03:51:32.047+0800] {processor.py:830} INFO - Processing file /home/jithish/Documents/dag-dag-dag/.venv/lib/python3.10/site-packages/airflow/example_dags/example_branch_labels.py for tasks to queue
[2024-05-15T03:51:32.050+0800] {logging_mixin.py:188} INFO - [2024-05-15T03:51:32.050+0800] {dagbag.py:545} INFO - Filling up the DagBag from /home/jithish/Documents/dag-dag-dag/.venv/lib/python3.10/site-packages/airflow/example_dags/example_branch_labels.py
[2024-05-15T03:51:32.059+0800] {processor.py:840} INFO - DAG(s) 'example_branch_labels' retrieved from /home/jithish/Documents/dag-dag-dag/.venv/lib/python3.10/site-packages/airflow/example_dags/example_branch_labels.py
[2024-05-15T03:51:32.079+0800] {logging_mixin.py:188} INFO - [2024-05-15T03:51:32.079+0800] {dag.py:3096} INFO - Sync 1 DAGs
[2024-05-15T03:51:32.103+0800] {logging_mixin.py:188} INFO - [2024-05-15T03:51:32.103+0800] {dag.py:3954} INFO - Setting next_dagrun for example_branch_labels to 2024-05-13 00:00:00+00:00, run_after=2024-05-14 00:00:00+00:00
[2024-05-15T03:51:32.135+0800] {processor.py:183} INFO - Processing /home/jithish/Documents/dag-dag-dag/.venv/lib/python3.10/site-packages/airflow/example_dags/example_branch_labels.py took 0.097 seconds
[2024-05-15T03:52:22.669+0800] {processor.py:161} INFO - Started process (PID=102937) to work on /home/jithish/Documents/dag-dag-dag/.venv/lib/python3.10/site-packages/airflow/example_dags/example_branch_labels.py
[2024-05-15T03:52:22.730+0800] {processor.py:830} INFO - Processing file /home/jithish/Documents/dag-dag-dag/.venv/lib/python3.10/site-packages/airflow/example_dags/example_branch_labels.py for tasks to queue
[2024-05-15T03:52:22.735+0800] {logging_mixin.py:188} INFO - [2024-05-15T03:52:22.734+0800] {dagbag.py:545} INFO - Filling up the DagBag from /home/jithish/Documents/dag-dag-dag/.venv/lib/python3.10/site-packages/airflow/example_dags/example_branch_labels.py
[2024-05-15T03:52:22.764+0800] {processor.py:840} INFO - DAG(s) 'example_branch_labels' retrieved from /home/jithish/Documents/dag-dag-dag/.venv/lib/python3.10/site-packages/airflow/example_dags/example_branch_labels.py
[2024-05-15T03:52:22.785+0800] {logging_mixin.py:188} INFO - [2024-05-15T03:52:22.785+0800] {dag.py:3096} INFO - Sync 1 DAGs
[2024-05-15T03:52:22.800+0800] {logging_mixin.py:188} INFO - [2024-05-15T03:52:22.800+0800] {dag.py:3954} INFO - Setting next_dagrun for example_branch_labels to 2024-05-13 00:00:00+00:00, run_after=2024-05-14 00:00:00+00:00
[2024-05-15T03:52:22.829+0800] {processor.py:183} INFO - Processing /home/jithish/Documents/dag-dag-dag/.venv/lib/python3.10/site-packages/airflow/example_dags/example_branch_labels.py took 0.164 seconds
[2024-05-15T03:53:39.189+0800] {processor.py:161} INFO - Started process (PID=103849) to work on /home/jithish/Documents/dag-dag-dag/.venv/lib/python3.10/site-packages/airflow/example_dags/example_branch_labels.py
[2024-05-15T03:53:39.190+0800] {processor.py:830} INFO - Processing file /home/jithish/Documents/dag-dag-dag/.venv/lib/python3.10/site-packages/airflow/example_dags/example_branch_labels.py for tasks to queue
[2024-05-15T03:53:39.192+0800] {logging_mixin.py:188} INFO - [2024-05-15T03:53:39.192+0800] {dagbag.py:545} INFO - Filling up the DagBag from /home/jithish/Documents/dag-dag-dag/.venv/lib/python3.10/site-packages/airflow/example_dags/example_branch_labels.py
[2024-05-15T03:53:39.201+0800] {processor.py:840} INFO - DAG(s) 'example_branch_labels' retrieved from /home/jithish/Documents/dag-dag-dag/.venv/lib/python3.10/site-packages/airflow/example_dags/example_branch_labels.py
[2024-05-15T03:53:39.225+0800] {logging_mixin.py:188} INFO - [2024-05-15T03:53:39.225+0800] {dag.py:3096} INFO - Sync 1 DAGs
[2024-05-15T03:53:39.256+0800] {logging_mixin.py:188} INFO - [2024-05-15T03:53:39.255+0800] {dag.py:3954} INFO - Setting next_dagrun for example_branch_labels to 2024-05-13 00:00:00+00:00, run_after=2024-05-14 00:00:00+00:00
[2024-05-15T03:53:39.328+0800] {processor.py:183} INFO - Processing /home/jithish/Documents/dag-dag-dag/.venv/lib/python3.10/site-packages/airflow/example_dags/example_branch_labels.py took 0.146 seconds
[2024-05-15T03:54:36.859+0800] {processor.py:161} INFO - Started process (PID=104595) to work on /home/jithish/Documents/dag-dag-dag/.venv/lib/python3.10/site-packages/airflow/example_dags/example_branch_labels.py
[2024-05-15T03:54:36.920+0800] {processor.py:830} INFO - Processing file /home/jithish/Documents/dag-dag-dag/.venv/lib/python3.10/site-packages/airflow/example_dags/example_branch_labels.py for tasks to queue
[2024-05-15T03:54:36.921+0800] {logging_mixin.py:188} INFO - [2024-05-15T03:54:36.921+0800] {dagbag.py:545} INFO - Filling up the DagBag from /home/jithish/Documents/dag-dag-dag/.venv/lib/python3.10/site-packages/airflow/example_dags/example_branch_labels.py
[2024-05-15T03:54:36.929+0800] {processor.py:840} INFO - DAG(s) 'example_branch_labels' retrieved from /home/jithish/Documents/dag-dag-dag/.venv/lib/python3.10/site-packages/airflow/example_dags/example_branch_labels.py
[2024-05-15T03:54:36.945+0800] {logging_mixin.py:188} INFO - [2024-05-15T03:54:36.944+0800] {dag.py:3096} INFO - Sync 1 DAGs
[2024-05-15T03:54:36.962+0800] {logging_mixin.py:188} INFO - [2024-05-15T03:54:36.962+0800] {dag.py:3954} INFO - Setting next_dagrun for example_branch_labels to 2024-05-13 00:00:00+00:00, run_after=2024-05-14 00:00:00+00:00
[2024-05-15T03:54:36.989+0800] {processor.py:183} INFO - Processing /home/jithish/Documents/dag-dag-dag/.venv/lib/python3.10/site-packages/airflow/example_dags/example_branch_labels.py took 0.135 seconds
[2024-05-15T03:55:32.394+0800] {processor.py:161} INFO - Started process (PID=105280) to work on /home/jithish/Documents/dag-dag-dag/.venv/lib/python3.10/site-packages/airflow/example_dags/example_branch_labels.py
[2024-05-15T03:55:32.397+0800] {processor.py:830} INFO - Processing file /home/jithish/Documents/dag-dag-dag/.venv/lib/python3.10/site-packages/airflow/example_dags/example_branch_labels.py for tasks to queue
[2024-05-15T03:55:32.402+0800] {logging_mixin.py:188} INFO - [2024-05-15T03:55:32.401+0800] {dagbag.py:545} INFO - Filling up the DagBag from /home/jithish/Documents/dag-dag-dag/.venv/lib/python3.10/site-packages/airflow/example_dags/example_branch_labels.py
[2024-05-15T03:55:32.424+0800] {processor.py:840} INFO - DAG(s) 'example_branch_labels' retrieved from /home/jithish/Documents/dag-dag-dag/.venv/lib/python3.10/site-packages/airflow/example_dags/example_branch_labels.py
[2024-05-15T03:55:32.445+0800] {logging_mixin.py:188} INFO - [2024-05-15T03:55:32.445+0800] {dag.py:3096} INFO - Sync 1 DAGs
[2024-05-15T03:55:32.460+0800] {logging_mixin.py:188} INFO - [2024-05-15T03:55:32.460+0800] {dag.py:3954} INFO - Setting next_dagrun for example_branch_labels to 2024-05-13 00:00:00+00:00, run_after=2024-05-14 00:00:00+00:00
[2024-05-15T03:55:32.474+0800] {processor.py:183} INFO - Processing /home/jithish/Documents/dag-dag-dag/.venv/lib/python3.10/site-packages/airflow/example_dags/example_branch_labels.py took 0.084 seconds
[2024-05-15T03:56:23.372+0800] {processor.py:161} INFO - Started process (PID=105771) to work on /home/jithish/Documents/dag-dag-dag/.venv/lib/python3.10/site-packages/airflow/example_dags/example_branch_labels.py
[2024-05-15T03:56:23.433+0800] {processor.py:830} INFO - Processing file /home/jithish/Documents/dag-dag-dag/.venv/lib/python3.10/site-packages/airflow/example_dags/example_branch_labels.py for tasks to queue
[2024-05-15T03:56:23.438+0800] {logging_mixin.py:188} INFO - [2024-05-15T03:56:23.437+0800] {dagbag.py:545} INFO - Filling up the DagBag from /home/jithish/Documents/dag-dag-dag/.venv/lib/python3.10/site-packages/airflow/example_dags/example_branch_labels.py
[2024-05-15T03:56:23.462+0800] {processor.py:840} INFO - DAG(s) 'example_branch_labels' retrieved from /home/jithish/Documents/dag-dag-dag/.venv/lib/python3.10/site-packages/airflow/example_dags/example_branch_labels.py
[2024-05-15T03:56:23.483+0800] {logging_mixin.py:188} INFO - [2024-05-15T03:56:23.483+0800] {dag.py:3096} INFO - Sync 1 DAGs
[2024-05-15T03:56:23.499+0800] {logging_mixin.py:188} INFO - [2024-05-15T03:56:23.498+0800] {dag.py:3954} INFO - Setting next_dagrun for example_branch_labels to 2024-05-13 00:00:00+00:00, run_after=2024-05-14 00:00:00+00:00
[2024-05-15T03:56:23.517+0800] {processor.py:183} INFO - Processing /home/jithish/Documents/dag-dag-dag/.venv/lib/python3.10/site-packages/airflow/example_dags/example_branch_labels.py took 0.150 seconds
[2024-05-15T03:57:36.263+0800] {processor.py:161} INFO - Started process (PID=106477) to work on /home/jithish/Documents/dag-dag-dag/.venv/lib/python3.10/site-packages/airflow/example_dags/example_branch_labels.py
[2024-05-15T03:57:36.324+0800] {processor.py:830} INFO - Processing file /home/jithish/Documents/dag-dag-dag/.venv/lib/python3.10/site-packages/airflow/example_dags/example_branch_labels.py for tasks to queue
[2024-05-15T03:57:36.326+0800] {logging_mixin.py:188} INFO - [2024-05-15T03:57:36.325+0800] {dagbag.py:545} INFO - Filling up the DagBag from /home/jithish/Documents/dag-dag-dag/.venv/lib/python3.10/site-packages/airflow/example_dags/example_branch_labels.py
[2024-05-15T03:57:36.332+0800] {processor.py:840} INFO - DAG(s) 'example_branch_labels' retrieved from /home/jithish/Documents/dag-dag-dag/.venv/lib/python3.10/site-packages/airflow/example_dags/example_branch_labels.py
[2024-05-15T03:57:36.343+0800] {logging_mixin.py:188} INFO - [2024-05-15T03:57:36.343+0800] {dag.py:3096} INFO - Sync 1 DAGs
[2024-05-15T03:57:36.358+0800] {logging_mixin.py:188} INFO - [2024-05-15T03:57:36.358+0800] {dag.py:3954} INFO - Setting next_dagrun for example_branch_labels to 2024-05-13 00:00:00+00:00, run_after=2024-05-14 00:00:00+00:00
[2024-05-15T03:57:36.378+0800] {processor.py:183} INFO - Processing /home/jithish/Documents/dag-dag-dag/.venv/lib/python3.10/site-packages/airflow/example_dags/example_branch_labels.py took 0.119 seconds
[2024-05-15T03:58:45.014+0800] {processor.py:161} INFO - Started process (PID=107169) to work on /home/jithish/Documents/dag-dag-dag/.venv/lib/python3.10/site-packages/airflow/example_dags/example_branch_labels.py
[2024-05-15T03:58:45.015+0800] {processor.py:830} INFO - Processing file /home/jithish/Documents/dag-dag-dag/.venv/lib/python3.10/site-packages/airflow/example_dags/example_branch_labels.py for tasks to queue
[2024-05-15T03:58:45.017+0800] {logging_mixin.py:188} INFO - [2024-05-15T03:58:45.017+0800] {dagbag.py:545} INFO - Filling up the DagBag from /home/jithish/Documents/dag-dag-dag/.venv/lib/python3.10/site-packages/airflow/example_dags/example_branch_labels.py
[2024-05-15T03:58:45.024+0800] {processor.py:840} INFO - DAG(s) 'example_branch_labels' retrieved from /home/jithish/Documents/dag-dag-dag/.venv/lib/python3.10/site-packages/airflow/example_dags/example_branch_labels.py
[2024-05-15T03:58:45.039+0800] {logging_mixin.py:188} INFO - [2024-05-15T03:58:45.039+0800] {dag.py:3096} INFO - Sync 1 DAGs
[2024-05-15T03:58:45.056+0800] {logging_mixin.py:188} INFO - [2024-05-15T03:58:45.056+0800] {dag.py:3954} INFO - Setting next_dagrun for example_branch_labels to 2024-05-13 00:00:00+00:00, run_after=2024-05-14 00:00:00+00:00
[2024-05-15T03:58:45.074+0800] {processor.py:183} INFO - Processing /home/jithish/Documents/dag-dag-dag/.venv/lib/python3.10/site-packages/airflow/example_dags/example_branch_labels.py took 0.066 seconds
[2024-05-15T03:59:34.491+0800] {processor.py:161} INFO - Started process (PID=107637) to work on /home/jithish/Documents/dag-dag-dag/.venv/lib/python3.10/site-packages/airflow/example_dags/example_branch_labels.py
[2024-05-15T03:59:34.552+0800] {processor.py:830} INFO - Processing file /home/jithish/Documents/dag-dag-dag/.venv/lib/python3.10/site-packages/airflow/example_dags/example_branch_labels.py for tasks to queue
[2024-05-15T03:59:34.554+0800] {logging_mixin.py:188} INFO - [2024-05-15T03:59:34.553+0800] {dagbag.py:545} INFO - Filling up the DagBag from /home/jithish/Documents/dag-dag-dag/.venv/lib/python3.10/site-packages/airflow/example_dags/example_branch_labels.py
[2024-05-15T03:59:34.559+0800] {processor.py:840} INFO - DAG(s) 'example_branch_labels' retrieved from /home/jithish/Documents/dag-dag-dag/.venv/lib/python3.10/site-packages/airflow/example_dags/example_branch_labels.py
[2024-05-15T03:59:34.573+0800] {logging_mixin.py:188} INFO - [2024-05-15T03:59:34.573+0800] {dag.py:3096} INFO - Sync 1 DAGs
[2024-05-15T03:59:34.596+0800] {logging_mixin.py:188} INFO - [2024-05-15T03:59:34.596+0800] {dag.py:3954} INFO - Setting next_dagrun for example_branch_labels to 2024-05-13 00:00:00+00:00, run_after=2024-05-14 00:00:00+00:00
[2024-05-15T03:59:34.623+0800] {processor.py:183} INFO - Processing /home/jithish/Documents/dag-dag-dag/.venv/lib/python3.10/site-packages/airflow/example_dags/example_branch_labels.py took 0.137 seconds
[2024-05-15T04:00:46.098+0800] {processor.py:161} INFO - Started process (PID=108231) to work on /home/jithish/Documents/dag-dag-dag/.venv/lib/python3.10/site-packages/airflow/example_dags/example_branch_labels.py
[2024-05-15T04:00:46.160+0800] {processor.py:830} INFO - Processing file /home/jithish/Documents/dag-dag-dag/.venv/lib/python3.10/site-packages/airflow/example_dags/example_branch_labels.py for tasks to queue
[2024-05-15T04:00:46.165+0800] {logging_mixin.py:188} INFO - [2024-05-15T04:00:46.164+0800] {dagbag.py:545} INFO - Filling up the DagBag from /home/jithish/Documents/dag-dag-dag/.venv/lib/python3.10/site-packages/airflow/example_dags/example_branch_labels.py
[2024-05-15T04:00:46.188+0800] {processor.py:840} INFO - DAG(s) 'example_branch_labels' retrieved from /home/jithish/Documents/dag-dag-dag/.venv/lib/python3.10/site-packages/airflow/example_dags/example_branch_labels.py
[2024-05-15T04:00:46.210+0800] {logging_mixin.py:188} INFO - [2024-05-15T04:00:46.209+0800] {dag.py:3096} INFO - Sync 1 DAGs
[2024-05-15T04:00:46.225+0800] {logging_mixin.py:188} INFO - [2024-05-15T04:00:46.225+0800] {dag.py:3954} INFO - Setting next_dagrun for example_branch_labels to 2024-05-13 00:00:00+00:00, run_after=2024-05-14 00:00:00+00:00
[2024-05-15T04:00:46.243+0800] {processor.py:183} INFO - Processing /home/jithish/Documents/dag-dag-dag/.venv/lib/python3.10/site-packages/airflow/example_dags/example_branch_labels.py took 0.149 seconds
[2024-05-15T04:01:35.949+0800] {processor.py:161} INFO - Started process (PID=108642) to work on /home/jithish/Documents/dag-dag-dag/.venv/lib/python3.10/site-packages/airflow/example_dags/example_branch_labels.py
[2024-05-15T04:01:36.010+0800] {processor.py:830} INFO - Processing file /home/jithish/Documents/dag-dag-dag/.venv/lib/python3.10/site-packages/airflow/example_dags/example_branch_labels.py for tasks to queue
[2024-05-15T04:01:36.014+0800] {logging_mixin.py:188} INFO - [2024-05-15T04:01:36.013+0800] {dagbag.py:545} INFO - Filling up the DagBag from /home/jithish/Documents/dag-dag-dag/.venv/lib/python3.10/site-packages/airflow/example_dags/example_branch_labels.py
[2024-05-15T04:01:36.023+0800] {processor.py:840} INFO - DAG(s) 'example_branch_labels' retrieved from /home/jithish/Documents/dag-dag-dag/.venv/lib/python3.10/site-packages/airflow/example_dags/example_branch_labels.py
[2024-05-15T04:01:36.035+0800] {logging_mixin.py:188} INFO - [2024-05-15T04:01:36.035+0800] {dag.py:3096} INFO - Sync 1 DAGs
[2024-05-15T04:01:36.049+0800] {logging_mixin.py:188} INFO - [2024-05-15T04:01:36.049+0800] {dag.py:3954} INFO - Setting next_dagrun for example_branch_labels to 2024-05-13 00:00:00+00:00, run_after=2024-05-14 00:00:00+00:00
[2024-05-15T04:01:36.075+0800] {processor.py:183} INFO - Processing /home/jithish/Documents/dag-dag-dag/.venv/lib/python3.10/site-packages/airflow/example_dags/example_branch_labels.py took 0.132 seconds
[2024-05-15T04:02:49.943+0800] {processor.py:161} INFO - Started process (PID=109383) to work on /home/jithish/Documents/dag-dag-dag/.venv/lib/python3.10/site-packages/airflow/example_dags/example_branch_labels.py
[2024-05-15T04:02:49.958+0800] {processor.py:830} INFO - Processing file /home/jithish/Documents/dag-dag-dag/.venv/lib/python3.10/site-packages/airflow/example_dags/example_branch_labels.py for tasks to queue
[2024-05-15T04:02:49.961+0800] {logging_mixin.py:188} INFO - [2024-05-15T04:02:49.960+0800] {dagbag.py:545} INFO - Filling up the DagBag from /home/jithish/Documents/dag-dag-dag/.venv/lib/python3.10/site-packages/airflow/example_dags/example_branch_labels.py
[2024-05-15T04:02:49.973+0800] {processor.py:840} INFO - DAG(s) 'example_branch_labels' retrieved from /home/jithish/Documents/dag-dag-dag/.venv/lib/python3.10/site-packages/airflow/example_dags/example_branch_labels.py
[2024-05-15T04:02:49.990+0800] {logging_mixin.py:188} INFO - [2024-05-15T04:02:49.989+0800] {dag.py:3096} INFO - Sync 1 DAGs
[2024-05-15T04:02:50.004+0800] {logging_mixin.py:188} INFO - [2024-05-15T04:02:50.004+0800] {dag.py:3954} INFO - Setting next_dagrun for example_branch_labels to 2024-05-13 00:00:00+00:00, run_after=2024-05-14 00:00:00+00:00
[2024-05-15T04:02:50.024+0800] {processor.py:183} INFO - Processing /home/jithish/Documents/dag-dag-dag/.venv/lib/python3.10/site-packages/airflow/example_dags/example_branch_labels.py took 0.106 seconds
[2024-05-15T04:03:52.555+0800] {processor.py:161} INFO - Started process (PID=110363) to work on /home/jithish/Documents/dag-dag-dag/.venv/lib/python3.10/site-packages/airflow/example_dags/example_branch_labels.py
[2024-05-15T04:03:52.557+0800] {processor.py:830} INFO - Processing file /home/jithish/Documents/dag-dag-dag/.venv/lib/python3.10/site-packages/airflow/example_dags/example_branch_labels.py for tasks to queue
[2024-05-15T04:03:52.560+0800] {logging_mixin.py:188} INFO - [2024-05-15T04:03:52.559+0800] {dagbag.py:545} INFO - Filling up the DagBag from /home/jithish/Documents/dag-dag-dag/.venv/lib/python3.10/site-packages/airflow/example_dags/example_branch_labels.py
[2024-05-15T04:03:52.573+0800] {processor.py:840} INFO - DAG(s) 'example_branch_labels' retrieved from /home/jithish/Documents/dag-dag-dag/.venv/lib/python3.10/site-packages/airflow/example_dags/example_branch_labels.py
[2024-05-15T04:03:52.589+0800] {logging_mixin.py:188} INFO - [2024-05-15T04:03:52.589+0800] {dag.py:3096} INFO - Sync 1 DAGs
[2024-05-15T04:03:52.604+0800] {logging_mixin.py:188} INFO - [2024-05-15T04:03:52.604+0800] {dag.py:3954} INFO - Setting next_dagrun for example_branch_labels to 2024-05-13 00:00:00+00:00, run_after=2024-05-14 00:00:00+00:00
[2024-05-15T04:03:52.619+0800] {processor.py:183} INFO - Processing /home/jithish/Documents/dag-dag-dag/.venv/lib/python3.10/site-packages/airflow/example_dags/example_branch_labels.py took 0.078 seconds
[2024-05-15T04:04:54.991+0800] {processor.py:161} INFO - Started process (PID=111323) to work on /home/jithish/Documents/dag-dag-dag/.venv/lib/python3.10/site-packages/airflow/example_dags/example_branch_labels.py
[2024-05-15T04:04:55.053+0800] {processor.py:830} INFO - Processing file /home/jithish/Documents/dag-dag-dag/.venv/lib/python3.10/site-packages/airflow/example_dags/example_branch_labels.py for tasks to queue
[2024-05-15T04:04:55.057+0800] {logging_mixin.py:188} INFO - [2024-05-15T04:04:55.056+0800] {dagbag.py:545} INFO - Filling up the DagBag from /home/jithish/Documents/dag-dag-dag/.venv/lib/python3.10/site-packages/airflow/example_dags/example_branch_labels.py
[2024-05-15T04:04:55.086+0800] {processor.py:840} INFO - DAG(s) 'example_branch_labels' retrieved from /home/jithish/Documents/dag-dag-dag/.venv/lib/python3.10/site-packages/airflow/example_dags/example_branch_labels.py
[2024-05-15T04:04:55.106+0800] {logging_mixin.py:188} INFO - [2024-05-15T04:04:55.106+0800] {dag.py:3096} INFO - Sync 1 DAGs
[2024-05-15T04:04:55.121+0800] {logging_mixin.py:188} INFO - [2024-05-15T04:04:55.121+0800] {dag.py:3954} INFO - Setting next_dagrun for example_branch_labels to 2024-05-13 00:00:00+00:00, run_after=2024-05-14 00:00:00+00:00
[2024-05-15T04:04:55.139+0800] {processor.py:183} INFO - Processing /home/jithish/Documents/dag-dag-dag/.venv/lib/python3.10/site-packages/airflow/example_dags/example_branch_labels.py took 0.152 seconds
[2024-05-15T04:05:49.923+0800] {processor.py:161} INFO - Started process (PID=112099) to work on /home/jithish/Documents/dag-dag-dag/.venv/lib/python3.10/site-packages/airflow/example_dags/example_branch_labels.py
[2024-05-15T04:05:49.926+0800] {processor.py:830} INFO - Processing file /home/jithish/Documents/dag-dag-dag/.venv/lib/python3.10/site-packages/airflow/example_dags/example_branch_labels.py for tasks to queue
[2024-05-15T04:05:49.928+0800] {logging_mixin.py:188} INFO - [2024-05-15T04:05:49.928+0800] {dagbag.py:545} INFO - Filling up the DagBag from /home/jithish/Documents/dag-dag-dag/.venv/lib/python3.10/site-packages/airflow/example_dags/example_branch_labels.py
[2024-05-15T04:05:49.938+0800] {processor.py:840} INFO - DAG(s) 'example_branch_labels' retrieved from /home/jithish/Documents/dag-dag-dag/.venv/lib/python3.10/site-packages/airflow/example_dags/example_branch_labels.py
[2024-05-15T04:05:49.953+0800] {logging_mixin.py:188} INFO - [2024-05-15T04:05:49.953+0800] {dag.py:3096} INFO - Sync 1 DAGs
[2024-05-15T04:05:49.970+0800] {logging_mixin.py:188} INFO - [2024-05-15T04:05:49.970+0800] {dag.py:3954} INFO - Setting next_dagrun for example_branch_labels to 2024-05-13 00:00:00+00:00, run_after=2024-05-14 00:00:00+00:00
[2024-05-15T04:05:49.992+0800] {processor.py:183} INFO - Processing /home/jithish/Documents/dag-dag-dag/.venv/lib/python3.10/site-packages/airflow/example_dags/example_branch_labels.py took 0.086 seconds
[2024-05-15T04:06:44.846+0800] {processor.py:161} INFO - Started process (PID=112882) to work on /home/jithish/Documents/dag-dag-dag/.venv/lib/python3.10/site-packages/airflow/example_dags/example_branch_labels.py
[2024-05-15T04:06:44.908+0800] {processor.py:830} INFO - Processing file /home/jithish/Documents/dag-dag-dag/.venv/lib/python3.10/site-packages/airflow/example_dags/example_branch_labels.py for tasks to queue
[2024-05-15T04:06:44.913+0800] {logging_mixin.py:188} INFO - [2024-05-15T04:06:44.912+0800] {dagbag.py:545} INFO - Filling up the DagBag from /home/jithish/Documents/dag-dag-dag/.venv/lib/python3.10/site-packages/airflow/example_dags/example_branch_labels.py
[2024-05-15T04:06:44.935+0800] {processor.py:840} INFO - DAG(s) 'example_branch_labels' retrieved from /home/jithish/Documents/dag-dag-dag/.venv/lib/python3.10/site-packages/airflow/example_dags/example_branch_labels.py
[2024-05-15T04:06:44.954+0800] {logging_mixin.py:188} INFO - [2024-05-15T04:06:44.954+0800] {dag.py:3096} INFO - Sync 1 DAGs
[2024-05-15T04:06:44.971+0800] {logging_mixin.py:188} INFO - [2024-05-15T04:06:44.971+0800] {dag.py:3954} INFO - Setting next_dagrun for example_branch_labels to 2024-05-13 00:00:00+00:00, run_after=2024-05-14 00:00:00+00:00
[2024-05-15T04:06:44.993+0800] {processor.py:183} INFO - Processing /home/jithish/Documents/dag-dag-dag/.venv/lib/python3.10/site-packages/airflow/example_dags/example_branch_labels.py took 0.153 seconds
[2024-05-15T04:07:41.021+0800] {processor.py:161} INFO - Started process (PID=113587) to work on /home/jithish/Documents/dag-dag-dag/.venv/lib/python3.10/site-packages/airflow/example_dags/example_branch_labels.py
[2024-05-15T04:07:41.029+0800] {processor.py:830} INFO - Processing file /home/jithish/Documents/dag-dag-dag/.venv/lib/python3.10/site-packages/airflow/example_dags/example_branch_labels.py for tasks to queue
[2024-05-15T04:07:41.031+0800] {logging_mixin.py:188} INFO - [2024-05-15T04:07:41.030+0800] {dagbag.py:545} INFO - Filling up the DagBag from /home/jithish/Documents/dag-dag-dag/.venv/lib/python3.10/site-packages/airflow/example_dags/example_branch_labels.py
[2024-05-15T04:07:41.038+0800] {processor.py:840} INFO - DAG(s) 'example_branch_labels' retrieved from /home/jithish/Documents/dag-dag-dag/.venv/lib/python3.10/site-packages/airflow/example_dags/example_branch_labels.py
[2024-05-15T04:07:41.051+0800] {logging_mixin.py:188} INFO - [2024-05-15T04:07:41.050+0800] {dag.py:3096} INFO - Sync 1 DAGs
[2024-05-15T04:07:41.076+0800] {logging_mixin.py:188} INFO - [2024-05-15T04:07:41.076+0800] {dag.py:3954} INFO - Setting next_dagrun for example_branch_labels to 2024-05-13 00:00:00+00:00, run_after=2024-05-14 00:00:00+00:00
[2024-05-15T04:07:41.102+0800] {processor.py:183} INFO - Processing /home/jithish/Documents/dag-dag-dag/.venv/lib/python3.10/site-packages/airflow/example_dags/example_branch_labels.py took 0.088 seconds
[2024-05-15T04:08:34.378+0800] {processor.py:161} INFO - Started process (PID=114259) to work on /home/jithish/Documents/dag-dag-dag/.venv/lib/python3.10/site-packages/airflow/example_dags/example_branch_labels.py
[2024-05-15T04:08:34.381+0800] {processor.py:830} INFO - Processing file /home/jithish/Documents/dag-dag-dag/.venv/lib/python3.10/site-packages/airflow/example_dags/example_branch_labels.py for tasks to queue
[2024-05-15T04:08:34.382+0800] {logging_mixin.py:188} INFO - [2024-05-15T04:08:34.382+0800] {dagbag.py:545} INFO - Filling up the DagBag from /home/jithish/Documents/dag-dag-dag/.venv/lib/python3.10/site-packages/airflow/example_dags/example_branch_labels.py
[2024-05-15T04:08:34.389+0800] {processor.py:840} INFO - DAG(s) 'example_branch_labels' retrieved from /home/jithish/Documents/dag-dag-dag/.venv/lib/python3.10/site-packages/airflow/example_dags/example_branch_labels.py
[2024-05-15T04:08:34.403+0800] {logging_mixin.py:188} INFO - [2024-05-15T04:08:34.402+0800] {dag.py:3096} INFO - Sync 1 DAGs
[2024-05-15T04:08:34.422+0800] {logging_mixin.py:188} INFO - [2024-05-15T04:08:34.421+0800] {dag.py:3954} INFO - Setting next_dagrun for example_branch_labels to 2024-05-13 00:00:00+00:00, run_after=2024-05-14 00:00:00+00:00
[2024-05-15T04:08:34.447+0800] {processor.py:183} INFO - Processing /home/jithish/Documents/dag-dag-dag/.venv/lib/python3.10/site-packages/airflow/example_dags/example_branch_labels.py took 0.077 seconds
[2024-05-15T04:09:33.863+0800] {processor.py:161} INFO - Started process (PID=115205) to work on /home/jithish/Documents/dag-dag-dag/.venv/lib/python3.10/site-packages/airflow/example_dags/example_branch_labels.py
[2024-05-15T04:09:33.928+0800] {processor.py:830} INFO - Processing file /home/jithish/Documents/dag-dag-dag/.venv/lib/python3.10/site-packages/airflow/example_dags/example_branch_labels.py for tasks to queue
[2024-05-15T04:09:33.930+0800] {logging_mixin.py:188} INFO - [2024-05-15T04:09:33.929+0800] {dagbag.py:545} INFO - Filling up the DagBag from /home/jithish/Documents/dag-dag-dag/.venv/lib/python3.10/site-packages/airflow/example_dags/example_branch_labels.py
[2024-05-15T04:09:33.942+0800] {processor.py:840} INFO - DAG(s) 'example_branch_labels' retrieved from /home/jithish/Documents/dag-dag-dag/.venv/lib/python3.10/site-packages/airflow/example_dags/example_branch_labels.py
[2024-05-15T04:09:33.957+0800] {logging_mixin.py:188} INFO - [2024-05-15T04:09:33.957+0800] {dag.py:3096} INFO - Sync 1 DAGs
[2024-05-15T04:09:33.974+0800] {logging_mixin.py:188} INFO - [2024-05-15T04:09:33.974+0800] {dag.py:3954} INFO - Setting next_dagrun for example_branch_labels to 2024-05-13 00:00:00+00:00, run_after=2024-05-14 00:00:00+00:00
[2024-05-15T04:09:33.991+0800] {processor.py:183} INFO - Processing /home/jithish/Documents/dag-dag-dag/.venv/lib/python3.10/site-packages/airflow/example_dags/example_branch_labels.py took 0.135 seconds
[2024-05-15T04:10:27.743+0800] {processor.py:161} INFO - Started process (PID=116014) to work on /home/jithish/Documents/dag-dag-dag/.venv/lib/python3.10/site-packages/airflow/example_dags/example_branch_labels.py
[2024-05-15T04:10:27.806+0800] {processor.py:830} INFO - Processing file /home/jithish/Documents/dag-dag-dag/.venv/lib/python3.10/site-packages/airflow/example_dags/example_branch_labels.py for tasks to queue
[2024-05-15T04:10:27.808+0800] {logging_mixin.py:188} INFO - [2024-05-15T04:10:27.808+0800] {dagbag.py:545} INFO - Filling up the DagBag from /home/jithish/Documents/dag-dag-dag/.venv/lib/python3.10/site-packages/airflow/example_dags/example_branch_labels.py
[2024-05-15T04:10:27.825+0800] {processor.py:840} INFO - DAG(s) 'example_branch_labels' retrieved from /home/jithish/Documents/dag-dag-dag/.venv/lib/python3.10/site-packages/airflow/example_dags/example_branch_labels.py
[2024-05-15T04:10:27.854+0800] {logging_mixin.py:188} INFO - [2024-05-15T04:10:27.853+0800] {dag.py:3096} INFO - Sync 1 DAGs
[2024-05-15T04:10:27.871+0800] {logging_mixin.py:188} INFO - [2024-05-15T04:10:27.871+0800] {dag.py:3954} INFO - Setting next_dagrun for example_branch_labels to 2024-05-13 00:00:00+00:00, run_after=2024-05-14 00:00:00+00:00
[2024-05-15T04:10:27.890+0800] {processor.py:183} INFO - Processing /home/jithish/Documents/dag-dag-dag/.venv/lib/python3.10/site-packages/airflow/example_dags/example_branch_labels.py took 0.161 seconds
[2024-05-15T04:11:20.145+0800] {processor.py:161} INFO - Started process (PID=116758) to work on /home/jithish/Documents/dag-dag-dag/.venv/lib/python3.10/site-packages/airflow/example_dags/example_branch_labels.py
[2024-05-15T04:11:20.207+0800] {processor.py:830} INFO - Processing file /home/jithish/Documents/dag-dag-dag/.venv/lib/python3.10/site-packages/airflow/example_dags/example_branch_labels.py for tasks to queue
[2024-05-15T04:11:20.213+0800] {logging_mixin.py:188} INFO - [2024-05-15T04:11:20.212+0800] {dagbag.py:545} INFO - Filling up the DagBag from /home/jithish/Documents/dag-dag-dag/.venv/lib/python3.10/site-packages/airflow/example_dags/example_branch_labels.py
[2024-05-15T04:11:20.238+0800] {processor.py:840} INFO - DAG(s) 'example_branch_labels' retrieved from /home/jithish/Documents/dag-dag-dag/.venv/lib/python3.10/site-packages/airflow/example_dags/example_branch_labels.py
[2024-05-15T04:11:20.260+0800] {logging_mixin.py:188} INFO - [2024-05-15T04:11:20.259+0800] {dag.py:3096} INFO - Sync 1 DAGs
[2024-05-15T04:11:20.278+0800] {logging_mixin.py:188} INFO - [2024-05-15T04:11:20.278+0800] {dag.py:3954} INFO - Setting next_dagrun for example_branch_labels to 2024-05-13 00:00:00+00:00, run_after=2024-05-14 00:00:00+00:00
[2024-05-15T04:11:20.295+0800] {processor.py:183} INFO - Processing /home/jithish/Documents/dag-dag-dag/.venv/lib/python3.10/site-packages/airflow/example_dags/example_branch_labels.py took 0.156 seconds
[2024-05-15T04:12:17.630+0800] {processor.py:161} INFO - Started process (PID=117593) to work on /home/jithish/Documents/dag-dag-dag/.venv/lib/python3.10/site-packages/airflow/example_dags/example_branch_labels.py
[2024-05-15T04:12:17.692+0800] {processor.py:830} INFO - Processing file /home/jithish/Documents/dag-dag-dag/.venv/lib/python3.10/site-packages/airflow/example_dags/example_branch_labels.py for tasks to queue
[2024-05-15T04:12:17.696+0800] {logging_mixin.py:188} INFO - [2024-05-15T04:12:17.695+0800] {dagbag.py:545} INFO - Filling up the DagBag from /home/jithish/Documents/dag-dag-dag/.venv/lib/python3.10/site-packages/airflow/example_dags/example_branch_labels.py
[2024-05-15T04:12:17.713+0800] {processor.py:840} INFO - DAG(s) 'example_branch_labels' retrieved from /home/jithish/Documents/dag-dag-dag/.venv/lib/python3.10/site-packages/airflow/example_dags/example_branch_labels.py
[2024-05-15T04:12:17.729+0800] {logging_mixin.py:188} INFO - [2024-05-15T04:12:17.729+0800] {dag.py:3096} INFO - Sync 1 DAGs
[2024-05-15T04:12:17.745+0800] {logging_mixin.py:188} INFO - [2024-05-15T04:12:17.745+0800] {dag.py:3954} INFO - Setting next_dagrun for example_branch_labels to 2024-05-13 00:00:00+00:00, run_after=2024-05-14 00:00:00+00:00
[2024-05-15T04:12:17.765+0800] {processor.py:183} INFO - Processing /home/jithish/Documents/dag-dag-dag/.venv/lib/python3.10/site-packages/airflow/example_dags/example_branch_labels.py took 0.139 seconds
[2024-05-15T04:13:14.525+0800] {processor.py:161} INFO - Started process (PID=118400) to work on /home/jithish/Documents/dag-dag-dag/.venv/lib/python3.10/site-packages/airflow/example_dags/example_branch_labels.py
[2024-05-15T04:13:14.585+0800] {processor.py:830} INFO - Processing file /home/jithish/Documents/dag-dag-dag/.venv/lib/python3.10/site-packages/airflow/example_dags/example_branch_labels.py for tasks to queue
[2024-05-15T04:13:14.588+0800] {logging_mixin.py:188} INFO - [2024-05-15T04:13:14.587+0800] {dagbag.py:545} INFO - Filling up the DagBag from /home/jithish/Documents/dag-dag-dag/.venv/lib/python3.10/site-packages/airflow/example_dags/example_branch_labels.py
[2024-05-15T04:13:14.599+0800] {processor.py:840} INFO - DAG(s) 'example_branch_labels' retrieved from /home/jithish/Documents/dag-dag-dag/.venv/lib/python3.10/site-packages/airflow/example_dags/example_branch_labels.py
[2024-05-15T04:13:14.619+0800] {logging_mixin.py:188} INFO - [2024-05-15T04:13:14.619+0800] {dag.py:3096} INFO - Sync 1 DAGs
[2024-05-15T04:13:14.636+0800] {logging_mixin.py:188} INFO - [2024-05-15T04:13:14.636+0800] {dag.py:3954} INFO - Setting next_dagrun for example_branch_labels to 2024-05-13 00:00:00+00:00, run_after=2024-05-14 00:00:00+00:00
[2024-05-15T04:13:14.655+0800] {processor.py:183} INFO - Processing /home/jithish/Documents/dag-dag-dag/.venv/lib/python3.10/site-packages/airflow/example_dags/example_branch_labels.py took 0.135 seconds
[2024-05-15T04:14:09.560+0800] {processor.py:161} INFO - Started process (PID=119265) to work on /home/jithish/Documents/dag-dag-dag/.venv/lib/python3.10/site-packages/airflow/example_dags/example_branch_labels.py
[2024-05-15T04:14:09.622+0800] {processor.py:830} INFO - Processing file /home/jithish/Documents/dag-dag-dag/.venv/lib/python3.10/site-packages/airflow/example_dags/example_branch_labels.py for tasks to queue
[2024-05-15T04:14:09.625+0800] {logging_mixin.py:188} INFO - [2024-05-15T04:14:09.624+0800] {dagbag.py:545} INFO - Filling up the DagBag from /home/jithish/Documents/dag-dag-dag/.venv/lib/python3.10/site-packages/airflow/example_dags/example_branch_labels.py
[2024-05-15T04:14:09.632+0800] {processor.py:840} INFO - DAG(s) 'example_branch_labels' retrieved from /home/jithish/Documents/dag-dag-dag/.venv/lib/python3.10/site-packages/airflow/example_dags/example_branch_labels.py
[2024-05-15T04:14:09.648+0800] {logging_mixin.py:188} INFO - [2024-05-15T04:14:09.648+0800] {dag.py:3096} INFO - Sync 1 DAGs
[2024-05-15T04:14:09.663+0800] {logging_mixin.py:188} INFO - [2024-05-15T04:14:09.663+0800] {dag.py:3954} INFO - Setting next_dagrun for example_branch_labels to 2024-05-13 00:00:00+00:00, run_after=2024-05-14 00:00:00+00:00
[2024-05-15T04:14:09.688+0800] {processor.py:183} INFO - Processing /home/jithish/Documents/dag-dag-dag/.venv/lib/python3.10/site-packages/airflow/example_dags/example_branch_labels.py took 0.141 seconds
[2024-05-15T04:15:05.564+0800] {processor.py:161} INFO - Started process (PID=119800) to work on /home/jithish/Documents/dag-dag-dag/.venv/lib/python3.10/site-packages/airflow/example_dags/example_branch_labels.py
[2024-05-15T04:15:05.625+0800] {processor.py:830} INFO - Processing file /home/jithish/Documents/dag-dag-dag/.venv/lib/python3.10/site-packages/airflow/example_dags/example_branch_labels.py for tasks to queue
[2024-05-15T04:15:05.627+0800] {logging_mixin.py:188} INFO - [2024-05-15T04:15:05.626+0800] {dagbag.py:545} INFO - Filling up the DagBag from /home/jithish/Documents/dag-dag-dag/.venv/lib/python3.10/site-packages/airflow/example_dags/example_branch_labels.py
[2024-05-15T04:15:05.639+0800] {processor.py:840} INFO - DAG(s) 'example_branch_labels' retrieved from /home/jithish/Documents/dag-dag-dag/.venv/lib/python3.10/site-packages/airflow/example_dags/example_branch_labels.py
[2024-05-15T04:15:05.653+0800] {logging_mixin.py:188} INFO - [2024-05-15T04:15:05.653+0800] {dag.py:3096} INFO - Sync 1 DAGs
[2024-05-15T04:15:05.671+0800] {logging_mixin.py:188} INFO - [2024-05-15T04:15:05.671+0800] {dag.py:3954} INFO - Setting next_dagrun for example_branch_labels to 2024-05-13 00:00:00+00:00, run_after=2024-05-14 00:00:00+00:00
[2024-05-15T04:15:05.692+0800] {processor.py:183} INFO - Processing /home/jithish/Documents/dag-dag-dag/.venv/lib/python3.10/site-packages/airflow/example_dags/example_branch_labels.py took 0.132 seconds
[2024-05-15T04:16:01.361+0800] {processor.py:161} INFO - Started process (PID=120442) to work on /home/jithish/Documents/dag-dag-dag/.venv/lib/python3.10/site-packages/airflow/example_dags/example_branch_labels.py
[2024-05-15T04:16:01.422+0800] {processor.py:830} INFO - Processing file /home/jithish/Documents/dag-dag-dag/.venv/lib/python3.10/site-packages/airflow/example_dags/example_branch_labels.py for tasks to queue
[2024-05-15T04:16:01.424+0800] {logging_mixin.py:188} INFO - [2024-05-15T04:16:01.423+0800] {dagbag.py:545} INFO - Filling up the DagBag from /home/jithish/Documents/dag-dag-dag/.venv/lib/python3.10/site-packages/airflow/example_dags/example_branch_labels.py
[2024-05-15T04:16:01.431+0800] {processor.py:840} INFO - DAG(s) 'example_branch_labels' retrieved from /home/jithish/Documents/dag-dag-dag/.venv/lib/python3.10/site-packages/airflow/example_dags/example_branch_labels.py
[2024-05-15T04:16:01.449+0800] {logging_mixin.py:188} INFO - [2024-05-15T04:16:01.449+0800] {dag.py:3096} INFO - Sync 1 DAGs
[2024-05-15T04:16:01.468+0800] {logging_mixin.py:188} INFO - [2024-05-15T04:16:01.468+0800] {dag.py:3954} INFO - Setting next_dagrun for example_branch_labels to 2024-05-13 00:00:00+00:00, run_after=2024-05-14 00:00:00+00:00
[2024-05-15T04:16:01.504+0800] {processor.py:183} INFO - Processing /home/jithish/Documents/dag-dag-dag/.venv/lib/python3.10/site-packages/airflow/example_dags/example_branch_labels.py took 0.147 seconds
