[2024-05-15T02:59:08.317+0800] {processor.py:161} INFO - Started process (PID=65426) to work on /home/jithish/Documents/dag-dag-dag/.venv/lib/python3.10/site-packages/airflow/example_dags/example_kubernetes_executor.py
[2024-05-15T02:59:08.318+0800] {processor.py:830} INFO - Processing file /home/jithish/Documents/dag-dag-dag/.venv/lib/python3.10/site-packages/airflow/example_dags/example_kubernetes_executor.py for tasks to queue
[2024-05-15T02:59:08.320+0800] {logging_mixin.py:188} INFO - [2024-05-15T02:59:08.319+0800] {dagbag.py:545} INFO - Filling up the DagBag from /home/jithish/Documents/dag-dag-dag/.venv/lib/python3.10/site-packages/airflow/example_dags/example_kubernetes_executor.py
[2024-05-15T02:59:08.325+0800] {logging_mixin.py:188} INFO - [2024-05-15T02:59:08.325+0800] {example_kubernetes_executor.py:39} WARNING - The example_kubernetes_executor example DAG requires the kubernetes provider. Please install it with: pip install apache-airflow[cncf.kubernetes]
[2024-05-15T02:59:08.326+0800] {processor.py:842} WARNING - No viable dags retrieved from /home/jithish/Documents/dag-dag-dag/.venv/lib/python3.10/site-packages/airflow/example_dags/example_kubernetes_executor.py
[2024-05-15T02:59:08.336+0800] {processor.py:183} INFO - Processing /home/jithish/Documents/dag-dag-dag/.venv/lib/python3.10/site-packages/airflow/example_dags/example_kubernetes_executor.py took 0.028 seconds
[2024-05-15T03:00:10.288+0800] {processor.py:161} INFO - Started process (PID=66575) to work on /home/jithish/Documents/dag-dag-dag/.venv/lib/python3.10/site-packages/airflow/example_dags/example_kubernetes_executor.py
[2024-05-15T03:00:10.344+0800] {processor.py:830} INFO - Processing file /home/jithish/Documents/dag-dag-dag/.venv/lib/python3.10/site-packages/airflow/example_dags/example_kubernetes_executor.py for tasks to queue
[2024-05-15T03:00:10.346+0800] {logging_mixin.py:188} INFO - [2024-05-15T03:00:10.345+0800] {dagbag.py:545} INFO - Filling up the DagBag from /home/jithish/Documents/dag-dag-dag/.venv/lib/python3.10/site-packages/airflow/example_dags/example_kubernetes_executor.py
[2024-05-15T03:00:10.348+0800] {logging_mixin.py:188} INFO - [2024-05-15T03:00:10.348+0800] {example_kubernetes_executor.py:39} WARNING - The example_kubernetes_executor example DAG requires the kubernetes provider. Please install it with: pip install apache-airflow[cncf.kubernetes]
[2024-05-15T03:00:10.348+0800] {processor.py:842} WARNING - No viable dags retrieved from /home/jithish/Documents/dag-dag-dag/.venv/lib/python3.10/site-packages/airflow/example_dags/example_kubernetes_executor.py
[2024-05-15T03:00:10.355+0800] {processor.py:183} INFO - Processing /home/jithish/Documents/dag-dag-dag/.venv/lib/python3.10/site-packages/airflow/example_dags/example_kubernetes_executor.py took 0.073 seconds
[2024-05-15T03:14:26.647+0800] {processor.py:161} INFO - Started process (PID=74904) to work on /home/jithish/Documents/dag-dag-dag/.venv/lib/python3.10/site-packages/airflow/example_dags/example_kubernetes_executor.py
[2024-05-15T03:14:26.648+0800] {processor.py:830} INFO - Processing file /home/jithish/Documents/dag-dag-dag/.venv/lib/python3.10/site-packages/airflow/example_dags/example_kubernetes_executor.py for tasks to queue
[2024-05-15T03:14:26.651+0800] {logging_mixin.py:188} INFO - [2024-05-15T03:14:26.650+0800] {dagbag.py:545} INFO - Filling up the DagBag from /home/jithish/Documents/dag-dag-dag/.venv/lib/python3.10/site-packages/airflow/example_dags/example_kubernetes_executor.py
[2024-05-15T03:14:26.655+0800] {logging_mixin.py:188} INFO - [2024-05-15T03:14:26.655+0800] {example_kubernetes_executor.py:39} WARNING - The example_kubernetes_executor example DAG requires the kubernetes provider. Please install it with: pip install apache-airflow[cncf.kubernetes]
[2024-05-15T03:14:26.655+0800] {processor.py:842} WARNING - No viable dags retrieved from /home/jithish/Documents/dag-dag-dag/.venv/lib/python3.10/site-packages/airflow/example_dags/example_kubernetes_executor.py
[2024-05-15T03:14:26.663+0800] {processor.py:183} INFO - Processing /home/jithish/Documents/dag-dag-dag/.venv/lib/python3.10/site-packages/airflow/example_dags/example_kubernetes_executor.py took 0.022 seconds
[2024-05-15T03:15:28.868+0800] {processor.py:161} INFO - Started process (PID=75724) to work on /home/jithish/Documents/dag-dag-dag/.venv/lib/python3.10/site-packages/airflow/example_dags/example_kubernetes_executor.py
[2024-05-15T03:15:28.929+0800] {processor.py:830} INFO - Processing file /home/jithish/Documents/dag-dag-dag/.venv/lib/python3.10/site-packages/airflow/example_dags/example_kubernetes_executor.py for tasks to queue
[2024-05-15T03:15:28.930+0800] {logging_mixin.py:188} INFO - [2024-05-15T03:15:28.930+0800] {dagbag.py:545} INFO - Filling up the DagBag from /home/jithish/Documents/dag-dag-dag/.venv/lib/python3.10/site-packages/airflow/example_dags/example_kubernetes_executor.py
[2024-05-15T03:15:28.933+0800] {logging_mixin.py:188} INFO - [2024-05-15T03:15:28.932+0800] {example_kubernetes_executor.py:39} WARNING - The example_kubernetes_executor example DAG requires the kubernetes provider. Please install it with: pip install apache-airflow[cncf.kubernetes]
[2024-05-15T03:15:28.933+0800] {processor.py:842} WARNING - No viable dags retrieved from /home/jithish/Documents/dag-dag-dag/.venv/lib/python3.10/site-packages/airflow/example_dags/example_kubernetes_executor.py
[2024-05-15T03:15:28.942+0800] {processor.py:183} INFO - Processing /home/jithish/Documents/dag-dag-dag/.venv/lib/python3.10/site-packages/airflow/example_dags/example_kubernetes_executor.py took 0.079 seconds
[2024-05-15T03:16:31.474+0800] {processor.py:161} INFO - Started process (PID=76476) to work on /home/jithish/Documents/dag-dag-dag/.venv/lib/python3.10/site-packages/airflow/example_dags/example_kubernetes_executor.py
[2024-05-15T03:16:31.535+0800] {processor.py:830} INFO - Processing file /home/jithish/Documents/dag-dag-dag/.venv/lib/python3.10/site-packages/airflow/example_dags/example_kubernetes_executor.py for tasks to queue
[2024-05-15T03:16:31.537+0800] {logging_mixin.py:188} INFO - [2024-05-15T03:16:31.537+0800] {dagbag.py:545} INFO - Filling up the DagBag from /home/jithish/Documents/dag-dag-dag/.venv/lib/python3.10/site-packages/airflow/example_dags/example_kubernetes_executor.py
[2024-05-15T03:16:31.541+0800] {logging_mixin.py:188} INFO - [2024-05-15T03:16:31.541+0800] {example_kubernetes_executor.py:39} WARNING - The example_kubernetes_executor example DAG requires the kubernetes provider. Please install it with: pip install apache-airflow[cncf.kubernetes]
[2024-05-15T03:16:31.542+0800] {processor.py:842} WARNING - No viable dags retrieved from /home/jithish/Documents/dag-dag-dag/.venv/lib/python3.10/site-packages/airflow/example_dags/example_kubernetes_executor.py
[2024-05-15T03:16:31.635+0800] {processor.py:183} INFO - Processing /home/jithish/Documents/dag-dag-dag/.venv/lib/python3.10/site-packages/airflow/example_dags/example_kubernetes_executor.py took 0.165 seconds
[2024-05-15T03:17:35.029+0800] {processor.py:161} INFO - Started process (PID=77512) to work on /home/jithish/Documents/dag-dag-dag/.venv/lib/python3.10/site-packages/airflow/example_dags/example_kubernetes_executor.py
[2024-05-15T03:17:35.091+0800] {processor.py:830} INFO - Processing file /home/jithish/Documents/dag-dag-dag/.venv/lib/python3.10/site-packages/airflow/example_dags/example_kubernetes_executor.py for tasks to queue
[2024-05-15T03:17:35.095+0800] {logging_mixin.py:188} INFO - [2024-05-15T03:17:35.094+0800] {dagbag.py:545} INFO - Filling up the DagBag from /home/jithish/Documents/dag-dag-dag/.venv/lib/python3.10/site-packages/airflow/example_dags/example_kubernetes_executor.py
[2024-05-15T03:17:35.100+0800] {logging_mixin.py:188} INFO - [2024-05-15T03:17:35.100+0800] {example_kubernetes_executor.py:39} WARNING - The example_kubernetes_executor example DAG requires the kubernetes provider. Please install it with: pip install apache-airflow[cncf.kubernetes]
[2024-05-15T03:17:35.100+0800] {processor.py:842} WARNING - No viable dags retrieved from /home/jithish/Documents/dag-dag-dag/.venv/lib/python3.10/site-packages/airflow/example_dags/example_kubernetes_executor.py
[2024-05-15T03:17:35.113+0800] {processor.py:183} INFO - Processing /home/jithish/Documents/dag-dag-dag/.venv/lib/python3.10/site-packages/airflow/example_dags/example_kubernetes_executor.py took 0.094 seconds
[2024-05-15T03:18:29.982+0800] {processor.py:161} INFO - Started process (PID=78245) to work on /home/jithish/Documents/dag-dag-dag/.venv/lib/python3.10/site-packages/airflow/example_dags/example_kubernetes_executor.py
[2024-05-15T03:18:30.044+0800] {processor.py:830} INFO - Processing file /home/jithish/Documents/dag-dag-dag/.venv/lib/python3.10/site-packages/airflow/example_dags/example_kubernetes_executor.py for tasks to queue
[2024-05-15T03:18:30.048+0800] {logging_mixin.py:188} INFO - [2024-05-15T03:18:30.047+0800] {dagbag.py:545} INFO - Filling up the DagBag from /home/jithish/Documents/dag-dag-dag/.venv/lib/python3.10/site-packages/airflow/example_dags/example_kubernetes_executor.py
[2024-05-15T03:18:30.057+0800] {logging_mixin.py:188} INFO - [2024-05-15T03:18:30.056+0800] {example_kubernetes_executor.py:39} WARNING - The example_kubernetes_executor example DAG requires the kubernetes provider. Please install it with: pip install apache-airflow[cncf.kubernetes]
[2024-05-15T03:18:30.058+0800] {processor.py:842} WARNING - No viable dags retrieved from /home/jithish/Documents/dag-dag-dag/.venv/lib/python3.10/site-packages/airflow/example_dags/example_kubernetes_executor.py
[2024-05-15T03:18:30.081+0800] {processor.py:183} INFO - Processing /home/jithish/Documents/dag-dag-dag/.venv/lib/python3.10/site-packages/airflow/example_dags/example_kubernetes_executor.py took 0.105 seconds
[2024-05-15T03:19:30.263+0800] {processor.py:161} INFO - Started process (PID=79131) to work on /home/jithish/Documents/dag-dag-dag/.venv/lib/python3.10/site-packages/airflow/example_dags/example_kubernetes_executor.py
[2024-05-15T03:19:30.325+0800] {processor.py:830} INFO - Processing file /home/jithish/Documents/dag-dag-dag/.venv/lib/python3.10/site-packages/airflow/example_dags/example_kubernetes_executor.py for tasks to queue
[2024-05-15T03:19:30.326+0800] {logging_mixin.py:188} INFO - [2024-05-15T03:19:30.326+0800] {dagbag.py:545} INFO - Filling up the DagBag from /home/jithish/Documents/dag-dag-dag/.venv/lib/python3.10/site-packages/airflow/example_dags/example_kubernetes_executor.py
[2024-05-15T03:19:30.330+0800] {logging_mixin.py:188} INFO - [2024-05-15T03:19:30.329+0800] {example_kubernetes_executor.py:39} WARNING - The example_kubernetes_executor example DAG requires the kubernetes provider. Please install it with: pip install apache-airflow[cncf.kubernetes]
[2024-05-15T03:19:30.330+0800] {processor.py:842} WARNING - No viable dags retrieved from /home/jithish/Documents/dag-dag-dag/.venv/lib/python3.10/site-packages/airflow/example_dags/example_kubernetes_executor.py
[2024-05-15T03:19:30.338+0800] {processor.py:183} INFO - Processing /home/jithish/Documents/dag-dag-dag/.venv/lib/python3.10/site-packages/airflow/example_dags/example_kubernetes_executor.py took 0.084 seconds
[2024-05-15T03:20:24.016+0800] {processor.py:161} INFO - Started process (PID=79900) to work on /home/jithish/Documents/dag-dag-dag/.venv/lib/python3.10/site-packages/airflow/example_dags/example_kubernetes_executor.py
[2024-05-15T03:20:24.077+0800] {processor.py:830} INFO - Processing file /home/jithish/Documents/dag-dag-dag/.venv/lib/python3.10/site-packages/airflow/example_dags/example_kubernetes_executor.py for tasks to queue
[2024-05-15T03:20:24.078+0800] {logging_mixin.py:188} INFO - [2024-05-15T03:20:24.078+0800] {dagbag.py:545} INFO - Filling up the DagBag from /home/jithish/Documents/dag-dag-dag/.venv/lib/python3.10/site-packages/airflow/example_dags/example_kubernetes_executor.py
[2024-05-15T03:20:24.080+0800] {logging_mixin.py:188} INFO - [2024-05-15T03:20:24.080+0800] {example_kubernetes_executor.py:39} WARNING - The example_kubernetes_executor example DAG requires the kubernetes provider. Please install it with: pip install apache-airflow[cncf.kubernetes]
[2024-05-15T03:20:24.080+0800] {processor.py:842} WARNING - No viable dags retrieved from /home/jithish/Documents/dag-dag-dag/.venv/lib/python3.10/site-packages/airflow/example_dags/example_kubernetes_executor.py
[2024-05-15T03:20:24.089+0800] {processor.py:183} INFO - Processing /home/jithish/Documents/dag-dag-dag/.venv/lib/python3.10/site-packages/airflow/example_dags/example_kubernetes_executor.py took 0.082 seconds
[2024-05-15T03:21:15.799+0800] {processor.py:161} INFO - Started process (PID=80613) to work on /home/jithish/Documents/dag-dag-dag/.venv/lib/python3.10/site-packages/airflow/example_dags/example_kubernetes_executor.py
[2024-05-15T03:21:15.800+0800] {processor.py:830} INFO - Processing file /home/jithish/Documents/dag-dag-dag/.venv/lib/python3.10/site-packages/airflow/example_dags/example_kubernetes_executor.py for tasks to queue
[2024-05-15T03:21:15.802+0800] {logging_mixin.py:188} INFO - [2024-05-15T03:21:15.802+0800] {dagbag.py:545} INFO - Filling up the DagBag from /home/jithish/Documents/dag-dag-dag/.venv/lib/python3.10/site-packages/airflow/example_dags/example_kubernetes_executor.py
[2024-05-15T03:21:15.805+0800] {logging_mixin.py:188} INFO - [2024-05-15T03:21:15.805+0800] {example_kubernetes_executor.py:39} WARNING - The example_kubernetes_executor example DAG requires the kubernetes provider. Please install it with: pip install apache-airflow[cncf.kubernetes]
[2024-05-15T03:21:15.805+0800] {processor.py:842} WARNING - No viable dags retrieved from /home/jithish/Documents/dag-dag-dag/.venv/lib/python3.10/site-packages/airflow/example_dags/example_kubernetes_executor.py
[2024-05-15T03:21:15.813+0800] {processor.py:183} INFO - Processing /home/jithish/Documents/dag-dag-dag/.venv/lib/python3.10/site-packages/airflow/example_dags/example_kubernetes_executor.py took 0.020 seconds
[2024-05-15T03:22:06.519+0800] {processor.py:161} INFO - Started process (PID=81364) to work on /home/jithish/Documents/dag-dag-dag/.venv/lib/python3.10/site-packages/airflow/example_dags/example_kubernetes_executor.py
[2024-05-15T03:22:06.580+0800] {processor.py:830} INFO - Processing file /home/jithish/Documents/dag-dag-dag/.venv/lib/python3.10/site-packages/airflow/example_dags/example_kubernetes_executor.py for tasks to queue
[2024-05-15T03:22:06.582+0800] {logging_mixin.py:188} INFO - [2024-05-15T03:22:06.581+0800] {dagbag.py:545} INFO - Filling up the DagBag from /home/jithish/Documents/dag-dag-dag/.venv/lib/python3.10/site-packages/airflow/example_dags/example_kubernetes_executor.py
[2024-05-15T03:22:06.584+0800] {logging_mixin.py:188} INFO - [2024-05-15T03:22:06.584+0800] {example_kubernetes_executor.py:39} WARNING - The example_kubernetes_executor example DAG requires the kubernetes provider. Please install it with: pip install apache-airflow[cncf.kubernetes]
[2024-05-15T03:22:06.585+0800] {processor.py:842} WARNING - No viable dags retrieved from /home/jithish/Documents/dag-dag-dag/.venv/lib/python3.10/site-packages/airflow/example_dags/example_kubernetes_executor.py
[2024-05-15T03:22:06.594+0800] {processor.py:183} INFO - Processing /home/jithish/Documents/dag-dag-dag/.venv/lib/python3.10/site-packages/airflow/example_dags/example_kubernetes_executor.py took 0.079 seconds
[2024-05-15T03:23:02.012+0800] {processor.py:161} INFO - Started process (PID=82108) to work on /home/jithish/Documents/dag-dag-dag/.venv/lib/python3.10/site-packages/airflow/example_dags/example_kubernetes_executor.py
[2024-05-15T03:23:02.012+0800] {processor.py:830} INFO - Processing file /home/jithish/Documents/dag-dag-dag/.venv/lib/python3.10/site-packages/airflow/example_dags/example_kubernetes_executor.py for tasks to queue
[2024-05-15T03:23:02.014+0800] {logging_mixin.py:188} INFO - [2024-05-15T03:23:02.013+0800] {dagbag.py:545} INFO - Filling up the DagBag from /home/jithish/Documents/dag-dag-dag/.venv/lib/python3.10/site-packages/airflow/example_dags/example_kubernetes_executor.py
[2024-05-15T03:23:02.016+0800] {logging_mixin.py:188} INFO - [2024-05-15T03:23:02.016+0800] {example_kubernetes_executor.py:39} WARNING - The example_kubernetes_executor example DAG requires the kubernetes provider. Please install it with: pip install apache-airflow[cncf.kubernetes]
[2024-05-15T03:23:02.016+0800] {processor.py:842} WARNING - No viable dags retrieved from /home/jithish/Documents/dag-dag-dag/.venv/lib/python3.10/site-packages/airflow/example_dags/example_kubernetes_executor.py
[2024-05-15T03:23:02.023+0800] {processor.py:183} INFO - Processing /home/jithish/Documents/dag-dag-dag/.venv/lib/python3.10/site-packages/airflow/example_dags/example_kubernetes_executor.py took 0.016 seconds
[2024-05-15T03:23:54.367+0800] {processor.py:161} INFO - Started process (PID=82561) to work on /home/jithish/Documents/dag-dag-dag/.venv/lib/python3.10/site-packages/airflow/example_dags/example_kubernetes_executor.py
[2024-05-15T03:23:54.429+0800] {processor.py:830} INFO - Processing file /home/jithish/Documents/dag-dag-dag/.venv/lib/python3.10/site-packages/airflow/example_dags/example_kubernetes_executor.py for tasks to queue
[2024-05-15T03:23:54.432+0800] {logging_mixin.py:188} INFO - [2024-05-15T03:23:54.431+0800] {dagbag.py:545} INFO - Filling up the DagBag from /home/jithish/Documents/dag-dag-dag/.venv/lib/python3.10/site-packages/airflow/example_dags/example_kubernetes_executor.py
[2024-05-15T03:23:54.440+0800] {logging_mixin.py:188} INFO - [2024-05-15T03:23:54.440+0800] {example_kubernetes_executor.py:39} WARNING - The example_kubernetes_executor example DAG requires the kubernetes provider. Please install it with: pip install apache-airflow[cncf.kubernetes]
[2024-05-15T03:23:54.441+0800] {processor.py:842} WARNING - No viable dags retrieved from /home/jithish/Documents/dag-dag-dag/.venv/lib/python3.10/site-packages/airflow/example_dags/example_kubernetes_executor.py
[2024-05-15T03:23:54.467+0800] {processor.py:183} INFO - Processing /home/jithish/Documents/dag-dag-dag/.venv/lib/python3.10/site-packages/airflow/example_dags/example_kubernetes_executor.py took 0.104 seconds
[2024-05-15T03:24:51.005+0800] {processor.py:161} INFO - Started process (PID=83061) to work on /home/jithish/Documents/dag-dag-dag/.venv/lib/python3.10/site-packages/airflow/example_dags/example_kubernetes_executor.py
[2024-05-15T03:24:51.067+0800] {processor.py:830} INFO - Processing file /home/jithish/Documents/dag-dag-dag/.venv/lib/python3.10/site-packages/airflow/example_dags/example_kubernetes_executor.py for tasks to queue
[2024-05-15T03:24:51.069+0800] {logging_mixin.py:188} INFO - [2024-05-15T03:24:51.068+0800] {dagbag.py:545} INFO - Filling up the DagBag from /home/jithish/Documents/dag-dag-dag/.venv/lib/python3.10/site-packages/airflow/example_dags/example_kubernetes_executor.py
[2024-05-15T03:24:51.071+0800] {logging_mixin.py:188} INFO - [2024-05-15T03:24:51.071+0800] {example_kubernetes_executor.py:39} WARNING - The example_kubernetes_executor example DAG requires the kubernetes provider. Please install it with: pip install apache-airflow[cncf.kubernetes]
[2024-05-15T03:24:51.072+0800] {processor.py:842} WARNING - No viable dags retrieved from /home/jithish/Documents/dag-dag-dag/.venv/lib/python3.10/site-packages/airflow/example_dags/example_kubernetes_executor.py
[2024-05-15T03:24:51.084+0800] {processor.py:183} INFO - Processing /home/jithish/Documents/dag-dag-dag/.venv/lib/python3.10/site-packages/airflow/example_dags/example_kubernetes_executor.py took 0.083 seconds
[2024-05-15T03:25:44.524+0800] {processor.py:161} INFO - Started process (PID=83506) to work on /home/jithish/Documents/dag-dag-dag/.venv/lib/python3.10/site-packages/airflow/example_dags/example_kubernetes_executor.py
[2024-05-15T03:25:44.586+0800] {processor.py:830} INFO - Processing file /home/jithish/Documents/dag-dag-dag/.venv/lib/python3.10/site-packages/airflow/example_dags/example_kubernetes_executor.py for tasks to queue
[2024-05-15T03:25:44.591+0800] {logging_mixin.py:188} INFO - [2024-05-15T03:25:44.589+0800] {dagbag.py:545} INFO - Filling up the DagBag from /home/jithish/Documents/dag-dag-dag/.venv/lib/python3.10/site-packages/airflow/example_dags/example_kubernetes_executor.py
[2024-05-15T03:25:44.599+0800] {logging_mixin.py:188} INFO - [2024-05-15T03:25:44.599+0800] {example_kubernetes_executor.py:39} WARNING - The example_kubernetes_executor example DAG requires the kubernetes provider. Please install it with: pip install apache-airflow[cncf.kubernetes]
[2024-05-15T03:25:44.600+0800] {processor.py:842} WARNING - No viable dags retrieved from /home/jithish/Documents/dag-dag-dag/.venv/lib/python3.10/site-packages/airflow/example_dags/example_kubernetes_executor.py
[2024-05-15T03:25:44.622+0800] {processor.py:183} INFO - Processing /home/jithish/Documents/dag-dag-dag/.venv/lib/python3.10/site-packages/airflow/example_dags/example_kubernetes_executor.py took 0.102 seconds
[2024-05-15T03:26:37.912+0800] {processor.py:161} INFO - Started process (PID=83958) to work on /home/jithish/Documents/dag-dag-dag/.venv/lib/python3.10/site-packages/airflow/example_dags/example_kubernetes_executor.py
[2024-05-15T03:26:37.975+0800] {processor.py:830} INFO - Processing file /home/jithish/Documents/dag-dag-dag/.venv/lib/python3.10/site-packages/airflow/example_dags/example_kubernetes_executor.py for tasks to queue
[2024-05-15T03:26:37.980+0800] {logging_mixin.py:188} INFO - [2024-05-15T03:26:37.979+0800] {dagbag.py:545} INFO - Filling up the DagBag from /home/jithish/Documents/dag-dag-dag/.venv/lib/python3.10/site-packages/airflow/example_dags/example_kubernetes_executor.py
[2024-05-15T03:26:37.989+0800] {logging_mixin.py:188} INFO - [2024-05-15T03:26:37.988+0800] {example_kubernetes_executor.py:39} WARNING - The example_kubernetes_executor example DAG requires the kubernetes provider. Please install it with: pip install apache-airflow[cncf.kubernetes]
[2024-05-15T03:26:37.990+0800] {processor.py:842} WARNING - No viable dags retrieved from /home/jithish/Documents/dag-dag-dag/.venv/lib/python3.10/site-packages/airflow/example_dags/example_kubernetes_executor.py
[2024-05-15T03:26:38.015+0800] {processor.py:183} INFO - Processing /home/jithish/Documents/dag-dag-dag/.venv/lib/python3.10/site-packages/airflow/example_dags/example_kubernetes_executor.py took 0.107 seconds
[2024-05-15T03:27:32.032+0800] {processor.py:161} INFO - Started process (PID=84732) to work on /home/jithish/Documents/dag-dag-dag/.venv/lib/python3.10/site-packages/airflow/example_dags/example_kubernetes_executor.py
[2024-05-15T03:27:32.033+0800] {processor.py:830} INFO - Processing file /home/jithish/Documents/dag-dag-dag/.venv/lib/python3.10/site-packages/airflow/example_dags/example_kubernetes_executor.py for tasks to queue
[2024-05-15T03:27:32.035+0800] {logging_mixin.py:188} INFO - [2024-05-15T03:27:32.035+0800] {dagbag.py:545} INFO - Filling up the DagBag from /home/jithish/Documents/dag-dag-dag/.venv/lib/python3.10/site-packages/airflow/example_dags/example_kubernetes_executor.py
[2024-05-15T03:27:32.038+0800] {logging_mixin.py:188} INFO - [2024-05-15T03:27:32.038+0800] {example_kubernetes_executor.py:39} WARNING - The example_kubernetes_executor example DAG requires the kubernetes provider. Please install it with: pip install apache-airflow[cncf.kubernetes]
[2024-05-15T03:27:32.039+0800] {processor.py:842} WARNING - No viable dags retrieved from /home/jithish/Documents/dag-dag-dag/.venv/lib/python3.10/site-packages/airflow/example_dags/example_kubernetes_executor.py
[2024-05-15T03:27:32.048+0800] {processor.py:183} INFO - Processing /home/jithish/Documents/dag-dag-dag/.venv/lib/python3.10/site-packages/airflow/example_dags/example_kubernetes_executor.py took 0.023 seconds
[2024-05-15T03:28:20.580+0800] {processor.py:161} INFO - Started process (PID=85073) to work on /home/jithish/Documents/dag-dag-dag/.venv/lib/python3.10/site-packages/airflow/example_dags/example_kubernetes_executor.py
[2024-05-15T03:28:20.641+0800] {processor.py:830} INFO - Processing file /home/jithish/Documents/dag-dag-dag/.venv/lib/python3.10/site-packages/airflow/example_dags/example_kubernetes_executor.py for tasks to queue
[2024-05-15T03:28:20.643+0800] {logging_mixin.py:188} INFO - [2024-05-15T03:28:20.643+0800] {dagbag.py:545} INFO - Filling up the DagBag from /home/jithish/Documents/dag-dag-dag/.venv/lib/python3.10/site-packages/airflow/example_dags/example_kubernetes_executor.py
[2024-05-15T03:28:20.645+0800] {logging_mixin.py:188} INFO - [2024-05-15T03:28:20.645+0800] {example_kubernetes_executor.py:39} WARNING - The example_kubernetes_executor example DAG requires the kubernetes provider. Please install it with: pip install apache-airflow[cncf.kubernetes]
[2024-05-15T03:28:20.645+0800] {processor.py:842} WARNING - No viable dags retrieved from /home/jithish/Documents/dag-dag-dag/.venv/lib/python3.10/site-packages/airflow/example_dags/example_kubernetes_executor.py
[2024-05-15T03:28:20.652+0800] {processor.py:183} INFO - Processing /home/jithish/Documents/dag-dag-dag/.venv/lib/python3.10/site-packages/airflow/example_dags/example_kubernetes_executor.py took 0.080 seconds
[2024-05-15T03:29:11.422+0800] {processor.py:161} INFO - Started process (PID=85566) to work on /home/jithish/Documents/dag-dag-dag/.venv/lib/python3.10/site-packages/airflow/example_dags/example_kubernetes_executor.py
[2024-05-15T03:29:11.483+0800] {processor.py:830} INFO - Processing file /home/jithish/Documents/dag-dag-dag/.venv/lib/python3.10/site-packages/airflow/example_dags/example_kubernetes_executor.py for tasks to queue
[2024-05-15T03:29:11.484+0800] {logging_mixin.py:188} INFO - [2024-05-15T03:29:11.484+0800] {dagbag.py:545} INFO - Filling up the DagBag from /home/jithish/Documents/dag-dag-dag/.venv/lib/python3.10/site-packages/airflow/example_dags/example_kubernetes_executor.py
[2024-05-15T03:29:11.487+0800] {logging_mixin.py:188} INFO - [2024-05-15T03:29:11.487+0800] {example_kubernetes_executor.py:39} WARNING - The example_kubernetes_executor example DAG requires the kubernetes provider. Please install it with: pip install apache-airflow[cncf.kubernetes]
[2024-05-15T03:29:11.487+0800] {processor.py:842} WARNING - No viable dags retrieved from /home/jithish/Documents/dag-dag-dag/.venv/lib/python3.10/site-packages/airflow/example_dags/example_kubernetes_executor.py
[2024-05-15T03:29:11.494+0800] {processor.py:183} INFO - Processing /home/jithish/Documents/dag-dag-dag/.venv/lib/python3.10/site-packages/airflow/example_dags/example_kubernetes_executor.py took 0.090 seconds
[2024-05-15T03:30:00.672+0800] {processor.py:161} INFO - Started process (PID=85988) to work on /home/jithish/Documents/dag-dag-dag/.venv/lib/python3.10/site-packages/airflow/example_dags/example_kubernetes_executor.py
[2024-05-15T03:30:00.733+0800] {processor.py:830} INFO - Processing file /home/jithish/Documents/dag-dag-dag/.venv/lib/python3.10/site-packages/airflow/example_dags/example_kubernetes_executor.py for tasks to queue
[2024-05-15T03:30:00.738+0800] {logging_mixin.py:188} INFO - [2024-05-15T03:30:00.737+0800] {dagbag.py:545} INFO - Filling up the DagBag from /home/jithish/Documents/dag-dag-dag/.venv/lib/python3.10/site-packages/airflow/example_dags/example_kubernetes_executor.py
[2024-05-15T03:30:00.746+0800] {logging_mixin.py:188} INFO - [2024-05-15T03:30:00.745+0800] {example_kubernetes_executor.py:39} WARNING - The example_kubernetes_executor example DAG requires the kubernetes provider. Please install it with: pip install apache-airflow[cncf.kubernetes]
[2024-05-15T03:30:00.746+0800] {processor.py:842} WARNING - No viable dags retrieved from /home/jithish/Documents/dag-dag-dag/.venv/lib/python3.10/site-packages/airflow/example_dags/example_kubernetes_executor.py
[2024-05-15T03:30:00.770+0800] {processor.py:183} INFO - Processing /home/jithish/Documents/dag-dag-dag/.venv/lib/python3.10/site-packages/airflow/example_dags/example_kubernetes_executor.py took 0.102 seconds
[2024-05-15T03:30:51.955+0800] {processor.py:161} INFO - Started process (PID=86421) to work on /home/jithish/Documents/dag-dag-dag/.venv/lib/python3.10/site-packages/airflow/example_dags/example_kubernetes_executor.py
[2024-05-15T03:30:52.004+0800] {processor.py:830} INFO - Processing file /home/jithish/Documents/dag-dag-dag/.venv/lib/python3.10/site-packages/airflow/example_dags/example_kubernetes_executor.py for tasks to queue
[2024-05-15T03:30:52.010+0800] {logging_mixin.py:188} INFO - [2024-05-15T03:30:52.008+0800] {dagbag.py:545} INFO - Filling up the DagBag from /home/jithish/Documents/dag-dag-dag/.venv/lib/python3.10/site-packages/airflow/example_dags/example_kubernetes_executor.py
[2024-05-15T03:30:52.019+0800] {logging_mixin.py:188} INFO - [2024-05-15T03:30:52.018+0800] {example_kubernetes_executor.py:39} WARNING - The example_kubernetes_executor example DAG requires the kubernetes provider. Please install it with: pip install apache-airflow[cncf.kubernetes]
[2024-05-15T03:30:52.019+0800] {processor.py:842} WARNING - No viable dags retrieved from /home/jithish/Documents/dag-dag-dag/.venv/lib/python3.10/site-packages/airflow/example_dags/example_kubernetes_executor.py
[2024-05-15T03:30:52.042+0800] {processor.py:183} INFO - Processing /home/jithish/Documents/dag-dag-dag/.venv/lib/python3.10/site-packages/airflow/example_dags/example_kubernetes_executor.py took 0.094 seconds
[2024-05-15T03:31:43.207+0800] {processor.py:161} INFO - Started process (PID=86882) to work on /home/jithish/Documents/dag-dag-dag/.venv/lib/python3.10/site-packages/airflow/example_dags/example_kubernetes_executor.py
[2024-05-15T03:31:43.208+0800] {processor.py:830} INFO - Processing file /home/jithish/Documents/dag-dag-dag/.venv/lib/python3.10/site-packages/airflow/example_dags/example_kubernetes_executor.py for tasks to queue
[2024-05-15T03:31:43.209+0800] {logging_mixin.py:188} INFO - [2024-05-15T03:31:43.209+0800] {dagbag.py:545} INFO - Filling up the DagBag from /home/jithish/Documents/dag-dag-dag/.venv/lib/python3.10/site-packages/airflow/example_dags/example_kubernetes_executor.py
[2024-05-15T03:31:43.212+0800] {logging_mixin.py:188} INFO - [2024-05-15T03:31:43.211+0800] {example_kubernetes_executor.py:39} WARNING - The example_kubernetes_executor example DAG requires the kubernetes provider. Please install it with: pip install apache-airflow[cncf.kubernetes]
[2024-05-15T03:31:43.212+0800] {processor.py:842} WARNING - No viable dags retrieved from /home/jithish/Documents/dag-dag-dag/.venv/lib/python3.10/site-packages/airflow/example_dags/example_kubernetes_executor.py
[2024-05-15T03:31:43.221+0800] {processor.py:183} INFO - Processing /home/jithish/Documents/dag-dag-dag/.venv/lib/python3.10/site-packages/airflow/example_dags/example_kubernetes_executor.py took 0.021 seconds
[2024-05-15T03:32:35.289+0800] {processor.py:161} INFO - Started process (PID=87296) to work on /home/jithish/Documents/dag-dag-dag/.venv/lib/python3.10/site-packages/airflow/example_dags/example_kubernetes_executor.py
[2024-05-15T03:32:35.350+0800] {processor.py:830} INFO - Processing file /home/jithish/Documents/dag-dag-dag/.venv/lib/python3.10/site-packages/airflow/example_dags/example_kubernetes_executor.py for tasks to queue
[2024-05-15T03:32:35.352+0800] {logging_mixin.py:188} INFO - [2024-05-15T03:32:35.351+0800] {dagbag.py:545} INFO - Filling up the DagBag from /home/jithish/Documents/dag-dag-dag/.venv/lib/python3.10/site-packages/airflow/example_dags/example_kubernetes_executor.py
[2024-05-15T03:32:35.355+0800] {logging_mixin.py:188} INFO - [2024-05-15T03:32:35.355+0800] {example_kubernetes_executor.py:39} WARNING - The example_kubernetes_executor example DAG requires the kubernetes provider. Please install it with: pip install apache-airflow[cncf.kubernetes]
[2024-05-15T03:32:35.356+0800] {processor.py:842} WARNING - No viable dags retrieved from /home/jithish/Documents/dag-dag-dag/.venv/lib/python3.10/site-packages/airflow/example_dags/example_kubernetes_executor.py
[2024-05-15T03:32:35.368+0800] {processor.py:183} INFO - Processing /home/jithish/Documents/dag-dag-dag/.venv/lib/python3.10/site-packages/airflow/example_dags/example_kubernetes_executor.py took 0.083 seconds
[2024-05-15T03:33:23.400+0800] {processor.py:161} INFO - Started process (PID=87716) to work on /home/jithish/Documents/dag-dag-dag/.venv/lib/python3.10/site-packages/airflow/example_dags/example_kubernetes_executor.py
[2024-05-15T03:33:23.461+0800] {processor.py:830} INFO - Processing file /home/jithish/Documents/dag-dag-dag/.venv/lib/python3.10/site-packages/airflow/example_dags/example_kubernetes_executor.py for tasks to queue
[2024-05-15T03:33:23.462+0800] {logging_mixin.py:188} INFO - [2024-05-15T03:33:23.462+0800] {dagbag.py:545} INFO - Filling up the DagBag from /home/jithish/Documents/dag-dag-dag/.venv/lib/python3.10/site-packages/airflow/example_dags/example_kubernetes_executor.py
[2024-05-15T03:33:23.464+0800] {logging_mixin.py:188} INFO - [2024-05-15T03:33:23.464+0800] {example_kubernetes_executor.py:39} WARNING - The example_kubernetes_executor example DAG requires the kubernetes provider. Please install it with: pip install apache-airflow[cncf.kubernetes]
[2024-05-15T03:33:23.464+0800] {processor.py:842} WARNING - No viable dags retrieved from /home/jithish/Documents/dag-dag-dag/.venv/lib/python3.10/site-packages/airflow/example_dags/example_kubernetes_executor.py
[2024-05-15T03:33:23.472+0800] {processor.py:183} INFO - Processing /home/jithish/Documents/dag-dag-dag/.venv/lib/python3.10/site-packages/airflow/example_dags/example_kubernetes_executor.py took 0.076 seconds
[2024-05-15T03:34:11.492+0800] {processor.py:161} INFO - Started process (PID=88177) to work on /home/jithish/Documents/dag-dag-dag/.venv/lib/python3.10/site-packages/airflow/example_dags/example_kubernetes_executor.py
[2024-05-15T03:34:11.554+0800] {processor.py:830} INFO - Processing file /home/jithish/Documents/dag-dag-dag/.venv/lib/python3.10/site-packages/airflow/example_dags/example_kubernetes_executor.py for tasks to queue
[2024-05-15T03:34:11.556+0800] {logging_mixin.py:188} INFO - [2024-05-15T03:34:11.556+0800] {dagbag.py:545} INFO - Filling up the DagBag from /home/jithish/Documents/dag-dag-dag/.venv/lib/python3.10/site-packages/airflow/example_dags/example_kubernetes_executor.py
[2024-05-15T03:34:11.558+0800] {logging_mixin.py:188} INFO - [2024-05-15T03:34:11.558+0800] {example_kubernetes_executor.py:39} WARNING - The example_kubernetes_executor example DAG requires the kubernetes provider. Please install it with: pip install apache-airflow[cncf.kubernetes]
[2024-05-15T03:34:11.558+0800] {processor.py:842} WARNING - No viable dags retrieved from /home/jithish/Documents/dag-dag-dag/.venv/lib/python3.10/site-packages/airflow/example_dags/example_kubernetes_executor.py
[2024-05-15T03:34:11.568+0800] {processor.py:183} INFO - Processing /home/jithish/Documents/dag-dag-dag/.venv/lib/python3.10/site-packages/airflow/example_dags/example_kubernetes_executor.py took 0.081 seconds
[2024-05-15T03:34:58.212+0800] {processor.py:161} INFO - Started process (PID=88609) to work on /home/jithish/Documents/dag-dag-dag/.venv/lib/python3.10/site-packages/airflow/example_dags/example_kubernetes_executor.py
[2024-05-15T03:34:58.275+0800] {processor.py:830} INFO - Processing file /home/jithish/Documents/dag-dag-dag/.venv/lib/python3.10/site-packages/airflow/example_dags/example_kubernetes_executor.py for tasks to queue
[2024-05-15T03:34:58.277+0800] {logging_mixin.py:188} INFO - [2024-05-15T03:34:58.277+0800] {dagbag.py:545} INFO - Filling up the DagBag from /home/jithish/Documents/dag-dag-dag/.venv/lib/python3.10/site-packages/airflow/example_dags/example_kubernetes_executor.py
[2024-05-15T03:34:58.280+0800] {logging_mixin.py:188} INFO - [2024-05-15T03:34:58.280+0800] {example_kubernetes_executor.py:39} WARNING - The example_kubernetes_executor example DAG requires the kubernetes provider. Please install it with: pip install apache-airflow[cncf.kubernetes]
[2024-05-15T03:34:58.280+0800] {processor.py:842} WARNING - No viable dags retrieved from /home/jithish/Documents/dag-dag-dag/.venv/lib/python3.10/site-packages/airflow/example_dags/example_kubernetes_executor.py
[2024-05-15T03:34:58.292+0800] {processor.py:183} INFO - Processing /home/jithish/Documents/dag-dag-dag/.venv/lib/python3.10/site-packages/airflow/example_dags/example_kubernetes_executor.py took 0.087 seconds
[2024-05-15T03:35:48.462+0800] {processor.py:161} INFO - Started process (PID=89058) to work on /home/jithish/Documents/dag-dag-dag/.venv/lib/python3.10/site-packages/airflow/example_dags/example_kubernetes_executor.py
[2024-05-15T03:35:48.522+0800] {processor.py:830} INFO - Processing file /home/jithish/Documents/dag-dag-dag/.venv/lib/python3.10/site-packages/airflow/example_dags/example_kubernetes_executor.py for tasks to queue
[2024-05-15T03:35:48.523+0800] {logging_mixin.py:188} INFO - [2024-05-15T03:35:48.523+0800] {dagbag.py:545} INFO - Filling up the DagBag from /home/jithish/Documents/dag-dag-dag/.venv/lib/python3.10/site-packages/airflow/example_dags/example_kubernetes_executor.py
[2024-05-15T03:35:48.526+0800] {logging_mixin.py:188} INFO - [2024-05-15T03:35:48.525+0800] {example_kubernetes_executor.py:39} WARNING - The example_kubernetes_executor example DAG requires the kubernetes provider. Please install it with: pip install apache-airflow[cncf.kubernetes]
[2024-05-15T03:35:48.526+0800] {processor.py:842} WARNING - No viable dags retrieved from /home/jithish/Documents/dag-dag-dag/.venv/lib/python3.10/site-packages/airflow/example_dags/example_kubernetes_executor.py
[2024-05-15T03:35:48.534+0800] {processor.py:183} INFO - Processing /home/jithish/Documents/dag-dag-dag/.venv/lib/python3.10/site-packages/airflow/example_dags/example_kubernetes_executor.py took 0.078 seconds
[2024-05-15T03:36:36.558+0800] {processor.py:161} INFO - Started process (PID=89544) to work on /home/jithish/Documents/dag-dag-dag/.venv/lib/python3.10/site-packages/airflow/example_dags/example_kubernetes_executor.py
[2024-05-15T03:36:36.619+0800] {processor.py:830} INFO - Processing file /home/jithish/Documents/dag-dag-dag/.venv/lib/python3.10/site-packages/airflow/example_dags/example_kubernetes_executor.py for tasks to queue
[2024-05-15T03:36:36.621+0800] {logging_mixin.py:188} INFO - [2024-05-15T03:36:36.621+0800] {dagbag.py:545} INFO - Filling up the DagBag from /home/jithish/Documents/dag-dag-dag/.venv/lib/python3.10/site-packages/airflow/example_dags/example_kubernetes_executor.py
[2024-05-15T03:36:36.624+0800] {logging_mixin.py:188} INFO - [2024-05-15T03:36:36.624+0800] {example_kubernetes_executor.py:39} WARNING - The example_kubernetes_executor example DAG requires the kubernetes provider. Please install it with: pip install apache-airflow[cncf.kubernetes]
[2024-05-15T03:36:36.624+0800] {processor.py:842} WARNING - No viable dags retrieved from /home/jithish/Documents/dag-dag-dag/.venv/lib/python3.10/site-packages/airflow/example_dags/example_kubernetes_executor.py
[2024-05-15T03:36:36.632+0800] {processor.py:183} INFO - Processing /home/jithish/Documents/dag-dag-dag/.venv/lib/python3.10/site-packages/airflow/example_dags/example_kubernetes_executor.py took 0.078 seconds
[2024-05-15T03:37:26.965+0800] {processor.py:161} INFO - Started process (PID=89980) to work on /home/jithish/Documents/dag-dag-dag/.venv/lib/python3.10/site-packages/airflow/example_dags/example_kubernetes_executor.py
[2024-05-15T03:37:27.026+0800] {processor.py:830} INFO - Processing file /home/jithish/Documents/dag-dag-dag/.venv/lib/python3.10/site-packages/airflow/example_dags/example_kubernetes_executor.py for tasks to queue
[2024-05-15T03:37:27.028+0800] {logging_mixin.py:188} INFO - [2024-05-15T03:37:27.028+0800] {dagbag.py:545} INFO - Filling up the DagBag from /home/jithish/Documents/dag-dag-dag/.venv/lib/python3.10/site-packages/airflow/example_dags/example_kubernetes_executor.py
[2024-05-15T03:37:27.032+0800] {logging_mixin.py:188} INFO - [2024-05-15T03:37:27.032+0800] {example_kubernetes_executor.py:39} WARNING - The example_kubernetes_executor example DAG requires the kubernetes provider. Please install it with: pip install apache-airflow[cncf.kubernetes]
[2024-05-15T03:37:27.032+0800] {processor.py:842} WARNING - No viable dags retrieved from /home/jithish/Documents/dag-dag-dag/.venv/lib/python3.10/site-packages/airflow/example_dags/example_kubernetes_executor.py
[2024-05-15T03:37:27.042+0800] {processor.py:183} INFO - Processing /home/jithish/Documents/dag-dag-dag/.venv/lib/python3.10/site-packages/airflow/example_dags/example_kubernetes_executor.py took 0.083 seconds
[2024-05-15T03:38:15.926+0800] {processor.py:161} INFO - Started process (PID=90407) to work on /home/jithish/Documents/dag-dag-dag/.venv/lib/python3.10/site-packages/airflow/example_dags/example_kubernetes_executor.py
[2024-05-15T03:38:15.987+0800] {processor.py:830} INFO - Processing file /home/jithish/Documents/dag-dag-dag/.venv/lib/python3.10/site-packages/airflow/example_dags/example_kubernetes_executor.py for tasks to queue
[2024-05-15T03:38:15.989+0800] {logging_mixin.py:188} INFO - [2024-05-15T03:38:15.988+0800] {dagbag.py:545} INFO - Filling up the DagBag from /home/jithish/Documents/dag-dag-dag/.venv/lib/python3.10/site-packages/airflow/example_dags/example_kubernetes_executor.py
[2024-05-15T03:38:15.991+0800] {logging_mixin.py:188} INFO - [2024-05-15T03:38:15.991+0800] {example_kubernetes_executor.py:39} WARNING - The example_kubernetes_executor example DAG requires the kubernetes provider. Please install it with: pip install apache-airflow[cncf.kubernetes]
[2024-05-15T03:38:15.992+0800] {processor.py:842} WARNING - No viable dags retrieved from /home/jithish/Documents/dag-dag-dag/.venv/lib/python3.10/site-packages/airflow/example_dags/example_kubernetes_executor.py
[2024-05-15T03:38:16.001+0800] {processor.py:183} INFO - Processing /home/jithish/Documents/dag-dag-dag/.venv/lib/python3.10/site-packages/airflow/example_dags/example_kubernetes_executor.py took 0.080 seconds
[2024-05-15T03:39:06.793+0800] {processor.py:161} INFO - Started process (PID=91086) to work on /home/jithish/Documents/dag-dag-dag/.venv/lib/python3.10/site-packages/airflow/example_dags/example_kubernetes_executor.py
[2024-05-15T03:39:06.854+0800] {processor.py:830} INFO - Processing file /home/jithish/Documents/dag-dag-dag/.venv/lib/python3.10/site-packages/airflow/example_dags/example_kubernetes_executor.py for tasks to queue
[2024-05-15T03:39:06.855+0800] {logging_mixin.py:188} INFO - [2024-05-15T03:39:06.855+0800] {dagbag.py:545} INFO - Filling up the DagBag from /home/jithish/Documents/dag-dag-dag/.venv/lib/python3.10/site-packages/airflow/example_dags/example_kubernetes_executor.py
[2024-05-15T03:39:06.858+0800] {logging_mixin.py:188} INFO - [2024-05-15T03:39:06.858+0800] {example_kubernetes_executor.py:39} WARNING - The example_kubernetes_executor example DAG requires the kubernetes provider. Please install it with: pip install apache-airflow[cncf.kubernetes]
[2024-05-15T03:39:06.858+0800] {processor.py:842} WARNING - No viable dags retrieved from /home/jithish/Documents/dag-dag-dag/.venv/lib/python3.10/site-packages/airflow/example_dags/example_kubernetes_executor.py
[2024-05-15T03:39:06.868+0800] {processor.py:183} INFO - Processing /home/jithish/Documents/dag-dag-dag/.venv/lib/python3.10/site-packages/airflow/example_dags/example_kubernetes_executor.py took 0.079 seconds
[2024-05-15T03:40:12.400+0800] {processor.py:161} INFO - Started process (PID=92874) to work on /home/jithish/Documents/dag-dag-dag/.venv/lib/python3.10/site-packages/airflow/example_dags/example_kubernetes_executor.py
[2024-05-15T03:40:12.461+0800] {processor.py:830} INFO - Processing file /home/jithish/Documents/dag-dag-dag/.venv/lib/python3.10/site-packages/airflow/example_dags/example_kubernetes_executor.py for tasks to queue
[2024-05-15T03:40:12.463+0800] {logging_mixin.py:188} INFO - [2024-05-15T03:40:12.463+0800] {dagbag.py:545} INFO - Filling up the DagBag from /home/jithish/Documents/dag-dag-dag/.venv/lib/python3.10/site-packages/airflow/example_dags/example_kubernetes_executor.py
[2024-05-15T03:40:12.466+0800] {logging_mixin.py:188} INFO - [2024-05-15T03:40:12.466+0800] {example_kubernetes_executor.py:39} WARNING - The example_kubernetes_executor example DAG requires the kubernetes provider. Please install it with: pip install apache-airflow[cncf.kubernetes]
[2024-05-15T03:40:12.466+0800] {processor.py:842} WARNING - No viable dags retrieved from /home/jithish/Documents/dag-dag-dag/.venv/lib/python3.10/site-packages/airflow/example_dags/example_kubernetes_executor.py
[2024-05-15T03:40:12.474+0800] {processor.py:183} INFO - Processing /home/jithish/Documents/dag-dag-dag/.venv/lib/python3.10/site-packages/airflow/example_dags/example_kubernetes_executor.py took 0.080 seconds
[2024-05-15T03:41:09.724+0800] {processor.py:161} INFO - Started process (PID=93695) to work on /home/jithish/Documents/dag-dag-dag/.venv/lib/python3.10/site-packages/airflow/example_dags/example_kubernetes_executor.py
[2024-05-15T03:41:09.785+0800] {processor.py:830} INFO - Processing file /home/jithish/Documents/dag-dag-dag/.venv/lib/python3.10/site-packages/airflow/example_dags/example_kubernetes_executor.py for tasks to queue
[2024-05-15T03:41:09.792+0800] {logging_mixin.py:188} INFO - [2024-05-15T03:41:09.791+0800] {dagbag.py:545} INFO - Filling up the DagBag from /home/jithish/Documents/dag-dag-dag/.venv/lib/python3.10/site-packages/airflow/example_dags/example_kubernetes_executor.py
[2024-05-15T03:41:09.802+0800] {logging_mixin.py:188} INFO - [2024-05-15T03:41:09.801+0800] {example_kubernetes_executor.py:39} WARNING - The example_kubernetes_executor example DAG requires the kubernetes provider. Please install it with: pip install apache-airflow[cncf.kubernetes]
[2024-05-15T03:41:09.803+0800] {processor.py:842} WARNING - No viable dags retrieved from /home/jithish/Documents/dag-dag-dag/.venv/lib/python3.10/site-packages/airflow/example_dags/example_kubernetes_executor.py
[2024-05-15T03:41:09.828+0800] {processor.py:183} INFO - Processing /home/jithish/Documents/dag-dag-dag/.venv/lib/python3.10/site-packages/airflow/example_dags/example_kubernetes_executor.py took 0.110 seconds
[2024-05-15T03:42:04.419+0800] {processor.py:161} INFO - Started process (PID=94475) to work on /home/jithish/Documents/dag-dag-dag/.venv/lib/python3.10/site-packages/airflow/example_dags/example_kubernetes_executor.py
[2024-05-15T03:42:04.483+0800] {processor.py:830} INFO - Processing file /home/jithish/Documents/dag-dag-dag/.venv/lib/python3.10/site-packages/airflow/example_dags/example_kubernetes_executor.py for tasks to queue
[2024-05-15T03:42:04.488+0800] {logging_mixin.py:188} INFO - [2024-05-15T03:42:04.487+0800] {dagbag.py:545} INFO - Filling up the DagBag from /home/jithish/Documents/dag-dag-dag/.venv/lib/python3.10/site-packages/airflow/example_dags/example_kubernetes_executor.py
[2024-05-15T03:42:04.498+0800] {logging_mixin.py:188} INFO - [2024-05-15T03:42:04.497+0800] {example_kubernetes_executor.py:39} WARNING - The example_kubernetes_executor example DAG requires the kubernetes provider. Please install it with: pip install apache-airflow[cncf.kubernetes]
[2024-05-15T03:42:04.499+0800] {processor.py:842} WARNING - No viable dags retrieved from /home/jithish/Documents/dag-dag-dag/.venv/lib/python3.10/site-packages/airflow/example_dags/example_kubernetes_executor.py
[2024-05-15T03:42:04.523+0800] {processor.py:183} INFO - Processing /home/jithish/Documents/dag-dag-dag/.venv/lib/python3.10/site-packages/airflow/example_dags/example_kubernetes_executor.py took 0.113 seconds
[2024-05-15T03:42:58.001+0800] {processor.py:161} INFO - Started process (PID=95203) to work on /home/jithish/Documents/dag-dag-dag/.venv/lib/python3.10/site-packages/airflow/example_dags/example_kubernetes_executor.py
[2024-05-15T03:42:58.002+0800] {processor.py:830} INFO - Processing file /home/jithish/Documents/dag-dag-dag/.venv/lib/python3.10/site-packages/airflow/example_dags/example_kubernetes_executor.py for tasks to queue
[2024-05-15T03:42:58.003+0800] {logging_mixin.py:188} INFO - [2024-05-15T03:42:58.003+0800] {dagbag.py:545} INFO - Filling up the DagBag from /home/jithish/Documents/dag-dag-dag/.venv/lib/python3.10/site-packages/airflow/example_dags/example_kubernetes_executor.py
[2024-05-15T03:42:58.007+0800] {logging_mixin.py:188} INFO - [2024-05-15T03:42:58.006+0800] {example_kubernetes_executor.py:39} WARNING - The example_kubernetes_executor example DAG requires the kubernetes provider. Please install it with: pip install apache-airflow[cncf.kubernetes]
[2024-05-15T03:42:58.007+0800] {processor.py:842} WARNING - No viable dags retrieved from /home/jithish/Documents/dag-dag-dag/.venv/lib/python3.10/site-packages/airflow/example_dags/example_kubernetes_executor.py
[2024-05-15T03:42:58.019+0800] {processor.py:183} INFO - Processing /home/jithish/Documents/dag-dag-dag/.venv/lib/python3.10/site-packages/airflow/example_dags/example_kubernetes_executor.py took 0.024 seconds
[2024-05-15T03:43:52.453+0800] {processor.py:161} INFO - Started process (PID=95982) to work on /home/jithish/Documents/dag-dag-dag/.venv/lib/python3.10/site-packages/airflow/example_dags/example_kubernetes_executor.py
[2024-05-15T03:43:52.455+0800] {processor.py:830} INFO - Processing file /home/jithish/Documents/dag-dag-dag/.venv/lib/python3.10/site-packages/airflow/example_dags/example_kubernetes_executor.py for tasks to queue
[2024-05-15T03:43:52.457+0800] {logging_mixin.py:188} INFO - [2024-05-15T03:43:52.457+0800] {dagbag.py:545} INFO - Filling up the DagBag from /home/jithish/Documents/dag-dag-dag/.venv/lib/python3.10/site-packages/airflow/example_dags/example_kubernetes_executor.py
[2024-05-15T03:43:52.461+0800] {logging_mixin.py:188} INFO - [2024-05-15T03:43:52.461+0800] {example_kubernetes_executor.py:39} WARNING - The example_kubernetes_executor example DAG requires the kubernetes provider. Please install it with: pip install apache-airflow[cncf.kubernetes]
[2024-05-15T03:43:52.461+0800] {processor.py:842} WARNING - No viable dags retrieved from /home/jithish/Documents/dag-dag-dag/.venv/lib/python3.10/site-packages/airflow/example_dags/example_kubernetes_executor.py
[2024-05-15T03:43:52.474+0800] {processor.py:183} INFO - Processing /home/jithish/Documents/dag-dag-dag/.venv/lib/python3.10/site-packages/airflow/example_dags/example_kubernetes_executor.py took 0.030 seconds
[2024-05-15T03:44:49.035+0800] {processor.py:161} INFO - Started process (PID=96781) to work on /home/jithish/Documents/dag-dag-dag/.venv/lib/python3.10/site-packages/airflow/example_dags/example_kubernetes_executor.py
[2024-05-15T03:44:49.101+0800] {processor.py:830} INFO - Processing file /home/jithish/Documents/dag-dag-dag/.venv/lib/python3.10/site-packages/airflow/example_dags/example_kubernetes_executor.py for tasks to queue
[2024-05-15T03:44:49.104+0800] {logging_mixin.py:188} INFO - [2024-05-15T03:44:49.104+0800] {dagbag.py:545} INFO - Filling up the DagBag from /home/jithish/Documents/dag-dag-dag/.venv/lib/python3.10/site-packages/airflow/example_dags/example_kubernetes_executor.py
[2024-05-15T03:44:49.109+0800] {logging_mixin.py:188} INFO - [2024-05-15T03:44:49.109+0800] {example_kubernetes_executor.py:39} WARNING - The example_kubernetes_executor example DAG requires the kubernetes provider. Please install it with: pip install apache-airflow[cncf.kubernetes]
[2024-05-15T03:44:49.109+0800] {processor.py:842} WARNING - No viable dags retrieved from /home/jithish/Documents/dag-dag-dag/.venv/lib/python3.10/site-packages/airflow/example_dags/example_kubernetes_executor.py
[2024-05-15T03:44:49.121+0800] {processor.py:183} INFO - Processing /home/jithish/Documents/dag-dag-dag/.venv/lib/python3.10/site-packages/airflow/example_dags/example_kubernetes_executor.py took 0.107 seconds
[2024-05-15T03:45:45.074+0800] {processor.py:161} INFO - Started process (PID=97420) to work on /home/jithish/Documents/dag-dag-dag/.venv/lib/python3.10/site-packages/airflow/example_dags/example_kubernetes_executor.py
[2024-05-15T03:45:45.075+0800] {processor.py:830} INFO - Processing file /home/jithish/Documents/dag-dag-dag/.venv/lib/python3.10/site-packages/airflow/example_dags/example_kubernetes_executor.py for tasks to queue
[2024-05-15T03:45:45.077+0800] {logging_mixin.py:188} INFO - [2024-05-15T03:45:45.076+0800] {dagbag.py:545} INFO - Filling up the DagBag from /home/jithish/Documents/dag-dag-dag/.venv/lib/python3.10/site-packages/airflow/example_dags/example_kubernetes_executor.py
[2024-05-15T03:45:45.079+0800] {logging_mixin.py:188} INFO - [2024-05-15T03:45:45.079+0800] {example_kubernetes_executor.py:39} WARNING - The example_kubernetes_executor example DAG requires the kubernetes provider. Please install it with: pip install apache-airflow[cncf.kubernetes]
[2024-05-15T03:45:45.079+0800] {processor.py:842} WARNING - No viable dags retrieved from /home/jithish/Documents/dag-dag-dag/.venv/lib/python3.10/site-packages/airflow/example_dags/example_kubernetes_executor.py
[2024-05-15T03:45:45.086+0800] {processor.py:183} INFO - Processing /home/jithish/Documents/dag-dag-dag/.venv/lib/python3.10/site-packages/airflow/example_dags/example_kubernetes_executor.py took 0.017 seconds
[2024-05-15T03:46:51.668+0800] {processor.py:161} INFO - Started process (PID=98468) to work on /home/jithish/Documents/dag-dag-dag/.venv/lib/python3.10/site-packages/airflow/example_dags/example_kubernetes_executor.py
[2024-05-15T03:46:51.730+0800] {processor.py:830} INFO - Processing file /home/jithish/Documents/dag-dag-dag/.venv/lib/python3.10/site-packages/airflow/example_dags/example_kubernetes_executor.py for tasks to queue
[2024-05-15T03:46:51.737+0800] {logging_mixin.py:188} INFO - [2024-05-15T03:46:51.735+0800] {dagbag.py:545} INFO - Filling up the DagBag from /home/jithish/Documents/dag-dag-dag/.venv/lib/python3.10/site-packages/airflow/example_dags/example_kubernetes_executor.py
[2024-05-15T03:46:51.747+0800] {logging_mixin.py:188} INFO - [2024-05-15T03:46:51.747+0800] {example_kubernetes_executor.py:39} WARNING - The example_kubernetes_executor example DAG requires the kubernetes provider. Please install it with: pip install apache-airflow[cncf.kubernetes]
[2024-05-15T03:46:51.749+0800] {processor.py:842} WARNING - No viable dags retrieved from /home/jithish/Documents/dag-dag-dag/.venv/lib/python3.10/site-packages/airflow/example_dags/example_kubernetes_executor.py
[2024-05-15T03:46:51.771+0800] {processor.py:183} INFO - Processing /home/jithish/Documents/dag-dag-dag/.venv/lib/python3.10/site-packages/airflow/example_dags/example_kubernetes_executor.py took 0.110 seconds
[2024-05-15T03:47:47.604+0800] {processor.py:161} INFO - Started process (PID=99241) to work on /home/jithish/Documents/dag-dag-dag/.venv/lib/python3.10/site-packages/airflow/example_dags/example_kubernetes_executor.py
[2024-05-15T03:47:47.665+0800] {processor.py:830} INFO - Processing file /home/jithish/Documents/dag-dag-dag/.venv/lib/python3.10/site-packages/airflow/example_dags/example_kubernetes_executor.py for tasks to queue
[2024-05-15T03:47:47.667+0800] {logging_mixin.py:188} INFO - [2024-05-15T03:47:47.667+0800] {dagbag.py:545} INFO - Filling up the DagBag from /home/jithish/Documents/dag-dag-dag/.venv/lib/python3.10/site-packages/airflow/example_dags/example_kubernetes_executor.py
[2024-05-15T03:47:47.670+0800] {logging_mixin.py:188} INFO - [2024-05-15T03:47:47.670+0800] {example_kubernetes_executor.py:39} WARNING - The example_kubernetes_executor example DAG requires the kubernetes provider. Please install it with: pip install apache-airflow[cncf.kubernetes]
[2024-05-15T03:47:47.671+0800] {processor.py:842} WARNING - No viable dags retrieved from /home/jithish/Documents/dag-dag-dag/.venv/lib/python3.10/site-packages/airflow/example_dags/example_kubernetes_executor.py
[2024-05-15T03:47:47.682+0800] {processor.py:183} INFO - Processing /home/jithish/Documents/dag-dag-dag/.venv/lib/python3.10/site-packages/airflow/example_dags/example_kubernetes_executor.py took 0.085 seconds
[2024-05-15T03:48:36.261+0800] {processor.py:161} INFO - Started process (PID=99955) to work on /home/jithish/Documents/dag-dag-dag/.venv/lib/python3.10/site-packages/airflow/example_dags/example_kubernetes_executor.py
[2024-05-15T03:48:36.323+0800] {processor.py:830} INFO - Processing file /home/jithish/Documents/dag-dag-dag/.venv/lib/python3.10/site-packages/airflow/example_dags/example_kubernetes_executor.py for tasks to queue
[2024-05-15T03:48:36.328+0800] {logging_mixin.py:188} INFO - [2024-05-15T03:48:36.327+0800] {dagbag.py:545} INFO - Filling up the DagBag from /home/jithish/Documents/dag-dag-dag/.venv/lib/python3.10/site-packages/airflow/example_dags/example_kubernetes_executor.py
[2024-05-15T03:48:36.336+0800] {logging_mixin.py:188} INFO - [2024-05-15T03:48:36.335+0800] {example_kubernetes_executor.py:39} WARNING - The example_kubernetes_executor example DAG requires the kubernetes provider. Please install it with: pip install apache-airflow[cncf.kubernetes]
[2024-05-15T03:48:36.337+0800] {processor.py:842} WARNING - No viable dags retrieved from /home/jithish/Documents/dag-dag-dag/.venv/lib/python3.10/site-packages/airflow/example_dags/example_kubernetes_executor.py
[2024-05-15T03:48:36.361+0800] {processor.py:183} INFO - Processing /home/jithish/Documents/dag-dag-dag/.venv/lib/python3.10/site-packages/airflow/example_dags/example_kubernetes_executor.py took 0.105 seconds
[2024-05-15T03:49:32.061+0800] {processor.py:161} INFO - Started process (PID=100795) to work on /home/jithish/Documents/dag-dag-dag/.venv/lib/python3.10/site-packages/airflow/example_dags/example_kubernetes_executor.py
[2024-05-15T03:49:32.062+0800] {processor.py:830} INFO - Processing file /home/jithish/Documents/dag-dag-dag/.venv/lib/python3.10/site-packages/airflow/example_dags/example_kubernetes_executor.py for tasks to queue
[2024-05-15T03:49:32.064+0800] {logging_mixin.py:188} INFO - [2024-05-15T03:49:32.064+0800] {dagbag.py:545} INFO - Filling up the DagBag from /home/jithish/Documents/dag-dag-dag/.venv/lib/python3.10/site-packages/airflow/example_dags/example_kubernetes_executor.py
[2024-05-15T03:49:32.068+0800] {logging_mixin.py:188} INFO - [2024-05-15T03:49:32.068+0800] {example_kubernetes_executor.py:39} WARNING - The example_kubernetes_executor example DAG requires the kubernetes provider. Please install it with: pip install apache-airflow[cncf.kubernetes]
[2024-05-15T03:49:32.068+0800] {processor.py:842} WARNING - No viable dags retrieved from /home/jithish/Documents/dag-dag-dag/.venv/lib/python3.10/site-packages/airflow/example_dags/example_kubernetes_executor.py
[2024-05-15T03:49:32.077+0800] {processor.py:183} INFO - Processing /home/jithish/Documents/dag-dag-dag/.venv/lib/python3.10/site-packages/airflow/example_dags/example_kubernetes_executor.py took 0.023 seconds
[2024-05-15T03:50:29.060+0800] {processor.py:161} INFO - Started process (PID=101563) to work on /home/jithish/Documents/dag-dag-dag/.venv/lib/python3.10/site-packages/airflow/example_dags/example_kubernetes_executor.py
[2024-05-15T03:50:29.122+0800] {processor.py:830} INFO - Processing file /home/jithish/Documents/dag-dag-dag/.venv/lib/python3.10/site-packages/airflow/example_dags/example_kubernetes_executor.py for tasks to queue
[2024-05-15T03:50:29.128+0800] {logging_mixin.py:188} INFO - [2024-05-15T03:50:29.126+0800] {dagbag.py:545} INFO - Filling up the DagBag from /home/jithish/Documents/dag-dag-dag/.venv/lib/python3.10/site-packages/airflow/example_dags/example_kubernetes_executor.py
[2024-05-15T03:50:29.137+0800] {logging_mixin.py:188} INFO - [2024-05-15T03:50:29.136+0800] {example_kubernetes_executor.py:39} WARNING - The example_kubernetes_executor example DAG requires the kubernetes provider. Please install it with: pip install apache-airflow[cncf.kubernetes]
[2024-05-15T03:50:29.138+0800] {processor.py:842} WARNING - No viable dags retrieved from /home/jithish/Documents/dag-dag-dag/.venv/lib/python3.10/site-packages/airflow/example_dags/example_kubernetes_executor.py
[2024-05-15T03:50:29.160+0800] {processor.py:183} INFO - Processing /home/jithish/Documents/dag-dag-dag/.venv/lib/python3.10/site-packages/airflow/example_dags/example_kubernetes_executor.py took 0.111 seconds
[2024-05-15T03:51:26.536+0800] {processor.py:161} INFO - Started process (PID=102390) to work on /home/jithish/Documents/dag-dag-dag/.venv/lib/python3.10/site-packages/airflow/example_dags/example_kubernetes_executor.py
[2024-05-15T03:51:26.539+0800] {processor.py:830} INFO - Processing file /home/jithish/Documents/dag-dag-dag/.venv/lib/python3.10/site-packages/airflow/example_dags/example_kubernetes_executor.py for tasks to queue
[2024-05-15T03:51:26.540+0800] {logging_mixin.py:188} INFO - [2024-05-15T03:51:26.540+0800] {dagbag.py:545} INFO - Filling up the DagBag from /home/jithish/Documents/dag-dag-dag/.venv/lib/python3.10/site-packages/airflow/example_dags/example_kubernetes_executor.py
[2024-05-15T03:51:26.542+0800] {logging_mixin.py:188} INFO - [2024-05-15T03:51:26.542+0800] {example_kubernetes_executor.py:39} WARNING - The example_kubernetes_executor example DAG requires the kubernetes provider. Please install it with: pip install apache-airflow[cncf.kubernetes]
[2024-05-15T03:51:26.543+0800] {processor.py:842} WARNING - No viable dags retrieved from /home/jithish/Documents/dag-dag-dag/.venv/lib/python3.10/site-packages/airflow/example_dags/example_kubernetes_executor.py
[2024-05-15T03:51:26.550+0800] {processor.py:183} INFO - Processing /home/jithish/Documents/dag-dag-dag/.venv/lib/python3.10/site-packages/airflow/example_dags/example_kubernetes_executor.py took 0.018 seconds
[2024-05-15T03:52:15.025+0800] {processor.py:161} INFO - Started process (PID=102837) to work on /home/jithish/Documents/dag-dag-dag/.venv/lib/python3.10/site-packages/airflow/example_dags/example_kubernetes_executor.py
[2024-05-15T03:52:15.077+0800] {processor.py:830} INFO - Processing file /home/jithish/Documents/dag-dag-dag/.venv/lib/python3.10/site-packages/airflow/example_dags/example_kubernetes_executor.py for tasks to queue
[2024-05-15T03:52:15.082+0800] {logging_mixin.py:188} INFO - [2024-05-15T03:52:15.081+0800] {dagbag.py:545} INFO - Filling up the DagBag from /home/jithish/Documents/dag-dag-dag/.venv/lib/python3.10/site-packages/airflow/example_dags/example_kubernetes_executor.py
[2024-05-15T03:52:15.090+0800] {logging_mixin.py:188} INFO - [2024-05-15T03:52:15.089+0800] {example_kubernetes_executor.py:39} WARNING - The example_kubernetes_executor example DAG requires the kubernetes provider. Please install it with: pip install apache-airflow[cncf.kubernetes]
[2024-05-15T03:52:15.091+0800] {processor.py:842} WARNING - No viable dags retrieved from /home/jithish/Documents/dag-dag-dag/.venv/lib/python3.10/site-packages/airflow/example_dags/example_kubernetes_executor.py
[2024-05-15T03:52:15.115+0800] {processor.py:183} INFO - Processing /home/jithish/Documents/dag-dag-dag/.venv/lib/python3.10/site-packages/airflow/example_dags/example_kubernetes_executor.py took 0.093 seconds
[2024-05-15T03:53:03.481+0800] {processor.py:161} INFO - Started process (PID=103379) to work on /home/jithish/Documents/dag-dag-dag/.venv/lib/python3.10/site-packages/airflow/example_dags/example_kubernetes_executor.py
[2024-05-15T03:53:03.482+0800] {processor.py:830} INFO - Processing file /home/jithish/Documents/dag-dag-dag/.venv/lib/python3.10/site-packages/airflow/example_dags/example_kubernetes_executor.py for tasks to queue
[2024-05-15T03:53:03.483+0800] {logging_mixin.py:188} INFO - [2024-05-15T03:53:03.483+0800] {dagbag.py:545} INFO - Filling up the DagBag from /home/jithish/Documents/dag-dag-dag/.venv/lib/python3.10/site-packages/airflow/example_dags/example_kubernetes_executor.py
[2024-05-15T03:53:03.486+0800] {logging_mixin.py:188} INFO - [2024-05-15T03:53:03.486+0800] {example_kubernetes_executor.py:39} WARNING - The example_kubernetes_executor example DAG requires the kubernetes provider. Please install it with: pip install apache-airflow[cncf.kubernetes]
[2024-05-15T03:53:03.486+0800] {processor.py:842} WARNING - No viable dags retrieved from /home/jithish/Documents/dag-dag-dag/.venv/lib/python3.10/site-packages/airflow/example_dags/example_kubernetes_executor.py
[2024-05-15T03:53:03.494+0800] {processor.py:183} INFO - Processing /home/jithish/Documents/dag-dag-dag/.venv/lib/python3.10/site-packages/airflow/example_dags/example_kubernetes_executor.py took 0.018 seconds
[2024-05-15T03:54:01.074+0800] {processor.py:161} INFO - Started process (PID=104120) to work on /home/jithish/Documents/dag-dag-dag/.venv/lib/python3.10/site-packages/airflow/example_dags/example_kubernetes_executor.py
[2024-05-15T03:54:01.135+0800] {processor.py:830} INFO - Processing file /home/jithish/Documents/dag-dag-dag/.venv/lib/python3.10/site-packages/airflow/example_dags/example_kubernetes_executor.py for tasks to queue
[2024-05-15T03:54:01.137+0800] {logging_mixin.py:188} INFO - [2024-05-15T03:54:01.136+0800] {dagbag.py:545} INFO - Filling up the DagBag from /home/jithish/Documents/dag-dag-dag/.venv/lib/python3.10/site-packages/airflow/example_dags/example_kubernetes_executor.py
[2024-05-15T03:54:01.141+0800] {logging_mixin.py:188} INFO - [2024-05-15T03:54:01.140+0800] {example_kubernetes_executor.py:39} WARNING - The example_kubernetes_executor example DAG requires the kubernetes provider. Please install it with: pip install apache-airflow[cncf.kubernetes]
[2024-05-15T03:54:01.141+0800] {processor.py:842} WARNING - No viable dags retrieved from /home/jithish/Documents/dag-dag-dag/.venv/lib/python3.10/site-packages/airflow/example_dags/example_kubernetes_executor.py
[2024-05-15T03:54:01.156+0800] {processor.py:183} INFO - Processing /home/jithish/Documents/dag-dag-dag/.venv/lib/python3.10/site-packages/airflow/example_dags/example_kubernetes_executor.py took 0.087 seconds
[2024-05-15T03:54:57.405+0800] {processor.py:161} INFO - Started process (PID=104829) to work on /home/jithish/Documents/dag-dag-dag/.venv/lib/python3.10/site-packages/airflow/example_dags/example_kubernetes_executor.py
[2024-05-15T03:54:57.465+0800] {processor.py:830} INFO - Processing file /home/jithish/Documents/dag-dag-dag/.venv/lib/python3.10/site-packages/airflow/example_dags/example_kubernetes_executor.py for tasks to queue
[2024-05-15T03:54:57.467+0800] {logging_mixin.py:188} INFO - [2024-05-15T03:54:57.466+0800] {dagbag.py:545} INFO - Filling up the DagBag from /home/jithish/Documents/dag-dag-dag/.venv/lib/python3.10/site-packages/airflow/example_dags/example_kubernetes_executor.py
[2024-05-15T03:54:57.469+0800] {logging_mixin.py:188} INFO - [2024-05-15T03:54:57.469+0800] {example_kubernetes_executor.py:39} WARNING - The example_kubernetes_executor example DAG requires the kubernetes provider. Please install it with: pip install apache-airflow[cncf.kubernetes]
[2024-05-15T03:54:57.469+0800] {processor.py:842} WARNING - No viable dags retrieved from /home/jithish/Documents/dag-dag-dag/.venv/lib/python3.10/site-packages/airflow/example_dags/example_kubernetes_executor.py
[2024-05-15T03:54:57.478+0800] {processor.py:183} INFO - Processing /home/jithish/Documents/dag-dag-dag/.venv/lib/python3.10/site-packages/airflow/example_dags/example_kubernetes_executor.py took 0.077 seconds
[2024-05-15T03:55:50.767+0800] {processor.py:161} INFO - Started process (PID=105471) to work on /home/jithish/Documents/dag-dag-dag/.venv/lib/python3.10/site-packages/airflow/example_dags/example_kubernetes_executor.py
[2024-05-15T03:55:50.832+0800] {processor.py:830} INFO - Processing file /home/jithish/Documents/dag-dag-dag/.venv/lib/python3.10/site-packages/airflow/example_dags/example_kubernetes_executor.py for tasks to queue
[2024-05-15T03:55:50.840+0800] {logging_mixin.py:188} INFO - [2024-05-15T03:55:50.838+0800] {dagbag.py:545} INFO - Filling up the DagBag from /home/jithish/Documents/dag-dag-dag/.venv/lib/python3.10/site-packages/airflow/example_dags/example_kubernetes_executor.py
[2024-05-15T03:55:50.852+0800] {logging_mixin.py:188} INFO - [2024-05-15T03:55:50.851+0800] {example_kubernetes_executor.py:39} WARNING - The example_kubernetes_executor example DAG requires the kubernetes provider. Please install it with: pip install apache-airflow[cncf.kubernetes]
[2024-05-15T03:55:50.853+0800] {processor.py:842} WARNING - No viable dags retrieved from /home/jithish/Documents/dag-dag-dag/.venv/lib/python3.10/site-packages/airflow/example_dags/example_kubernetes_executor.py
[2024-05-15T03:55:50.872+0800] {processor.py:183} INFO - Processing /home/jithish/Documents/dag-dag-dag/.venv/lib/python3.10/site-packages/airflow/example_dags/example_kubernetes_executor.py took 0.113 seconds
[2024-05-15T03:56:40.136+0800] {processor.py:161} INFO - Started process (PID=105962) to work on /home/jithish/Documents/dag-dag-dag/.venv/lib/python3.10/site-packages/airflow/example_dags/example_kubernetes_executor.py
[2024-05-15T03:56:40.197+0800] {processor.py:830} INFO - Processing file /home/jithish/Documents/dag-dag-dag/.venv/lib/python3.10/site-packages/airflow/example_dags/example_kubernetes_executor.py for tasks to queue
[2024-05-15T03:56:40.203+0800] {logging_mixin.py:188} INFO - [2024-05-15T03:56:40.202+0800] {dagbag.py:545} INFO - Filling up the DagBag from /home/jithish/Documents/dag-dag-dag/.venv/lib/python3.10/site-packages/airflow/example_dags/example_kubernetes_executor.py
[2024-05-15T03:56:40.213+0800] {logging_mixin.py:188} INFO - [2024-05-15T03:56:40.212+0800] {example_kubernetes_executor.py:39} WARNING - The example_kubernetes_executor example DAG requires the kubernetes provider. Please install it with: pip install apache-airflow[cncf.kubernetes]
[2024-05-15T03:56:40.213+0800] {processor.py:842} WARNING - No viable dags retrieved from /home/jithish/Documents/dag-dag-dag/.venv/lib/python3.10/site-packages/airflow/example_dags/example_kubernetes_executor.py
[2024-05-15T03:56:40.233+0800] {processor.py:183} INFO - Processing /home/jithish/Documents/dag-dag-dag/.venv/lib/python3.10/site-packages/airflow/example_dags/example_kubernetes_executor.py took 0.102 seconds
[2024-05-15T03:57:29.656+0800] {processor.py:161} INFO - Started process (PID=106410) to work on /home/jithish/Documents/dag-dag-dag/.venv/lib/python3.10/site-packages/airflow/example_dags/example_kubernetes_executor.py
[2024-05-15T03:57:29.718+0800] {processor.py:830} INFO - Processing file /home/jithish/Documents/dag-dag-dag/.venv/lib/python3.10/site-packages/airflow/example_dags/example_kubernetes_executor.py for tasks to queue
[2024-05-15T03:57:29.720+0800] {logging_mixin.py:188} INFO - [2024-05-15T03:57:29.719+0800] {dagbag.py:545} INFO - Filling up the DagBag from /home/jithish/Documents/dag-dag-dag/.venv/lib/python3.10/site-packages/airflow/example_dags/example_kubernetes_executor.py
[2024-05-15T03:57:29.722+0800] {logging_mixin.py:188} INFO - [2024-05-15T03:57:29.722+0800] {example_kubernetes_executor.py:39} WARNING - The example_kubernetes_executor example DAG requires the kubernetes provider. Please install it with: pip install apache-airflow[cncf.kubernetes]
[2024-05-15T03:57:29.722+0800] {processor.py:842} WARNING - No viable dags retrieved from /home/jithish/Documents/dag-dag-dag/.venv/lib/python3.10/site-packages/airflow/example_dags/example_kubernetes_executor.py
[2024-05-15T03:57:29.730+0800] {processor.py:183} INFO - Processing /home/jithish/Documents/dag-dag-dag/.venv/lib/python3.10/site-packages/airflow/example_dags/example_kubernetes_executor.py took 0.078 seconds
[2024-05-15T03:58:13.918+0800] {processor.py:161} INFO - Started process (PID=106784) to work on /home/jithish/Documents/dag-dag-dag/.venv/lib/python3.10/site-packages/airflow/example_dags/example_kubernetes_executor.py
[2024-05-15T03:58:13.980+0800] {processor.py:830} INFO - Processing file /home/jithish/Documents/dag-dag-dag/.venv/lib/python3.10/site-packages/airflow/example_dags/example_kubernetes_executor.py for tasks to queue
[2024-05-15T03:58:13.981+0800] {logging_mixin.py:188} INFO - [2024-05-15T03:58:13.981+0800] {dagbag.py:545} INFO - Filling up the DagBag from /home/jithish/Documents/dag-dag-dag/.venv/lib/python3.10/site-packages/airflow/example_dags/example_kubernetes_executor.py
[2024-05-15T03:58:13.983+0800] {logging_mixin.py:188} INFO - [2024-05-15T03:58:13.983+0800] {example_kubernetes_executor.py:39} WARNING - The example_kubernetes_executor example DAG requires the kubernetes provider. Please install it with: pip install apache-airflow[cncf.kubernetes]
[2024-05-15T03:58:13.984+0800] {processor.py:842} WARNING - No viable dags retrieved from /home/jithish/Documents/dag-dag-dag/.venv/lib/python3.10/site-packages/airflow/example_dags/example_kubernetes_executor.py
[2024-05-15T03:58:13.991+0800] {processor.py:183} INFO - Processing /home/jithish/Documents/dag-dag-dag/.venv/lib/python3.10/site-packages/airflow/example_dags/example_kubernetes_executor.py took 0.078 seconds
[2024-05-15T03:59:01.751+0800] {processor.py:161} INFO - Started process (PID=107321) to work on /home/jithish/Documents/dag-dag-dag/.venv/lib/python3.10/site-packages/airflow/example_dags/example_kubernetes_executor.py
[2024-05-15T03:59:01.813+0800] {processor.py:830} INFO - Processing file /home/jithish/Documents/dag-dag-dag/.venv/lib/python3.10/site-packages/airflow/example_dags/example_kubernetes_executor.py for tasks to queue
[2024-05-15T03:59:01.815+0800] {logging_mixin.py:188} INFO - [2024-05-15T03:59:01.814+0800] {dagbag.py:545} INFO - Filling up the DagBag from /home/jithish/Documents/dag-dag-dag/.venv/lib/python3.10/site-packages/airflow/example_dags/example_kubernetes_executor.py
[2024-05-15T03:59:01.818+0800] {logging_mixin.py:188} INFO - [2024-05-15T03:59:01.818+0800] {example_kubernetes_executor.py:39} WARNING - The example_kubernetes_executor example DAG requires the kubernetes provider. Please install it with: pip install apache-airflow[cncf.kubernetes]
[2024-05-15T03:59:01.818+0800] {processor.py:842} WARNING - No viable dags retrieved from /home/jithish/Documents/dag-dag-dag/.venv/lib/python3.10/site-packages/airflow/example_dags/example_kubernetes_executor.py
[2024-05-15T03:59:01.836+0800] {processor.py:183} INFO - Processing /home/jithish/Documents/dag-dag-dag/.venv/lib/python3.10/site-packages/airflow/example_dags/example_kubernetes_executor.py took 0.089 seconds
[2024-05-15T03:59:52.586+0800] {processor.py:161} INFO - Started process (PID=107788) to work on /home/jithish/Documents/dag-dag-dag/.venv/lib/python3.10/site-packages/airflow/example_dags/example_kubernetes_executor.py
[2024-05-15T03:59:52.587+0800] {processor.py:830} INFO - Processing file /home/jithish/Documents/dag-dag-dag/.venv/lib/python3.10/site-packages/airflow/example_dags/example_kubernetes_executor.py for tasks to queue
[2024-05-15T03:59:52.589+0800] {logging_mixin.py:188} INFO - [2024-05-15T03:59:52.589+0800] {dagbag.py:545} INFO - Filling up the DagBag from /home/jithish/Documents/dag-dag-dag/.venv/lib/python3.10/site-packages/airflow/example_dags/example_kubernetes_executor.py
[2024-05-15T03:59:52.592+0800] {logging_mixin.py:188} INFO - [2024-05-15T03:59:52.592+0800] {example_kubernetes_executor.py:39} WARNING - The example_kubernetes_executor example DAG requires the kubernetes provider. Please install it with: pip install apache-airflow[cncf.kubernetes]
[2024-05-15T03:59:52.592+0800] {processor.py:842} WARNING - No viable dags retrieved from /home/jithish/Documents/dag-dag-dag/.venv/lib/python3.10/site-packages/airflow/example_dags/example_kubernetes_executor.py
[2024-05-15T03:59:52.601+0800] {processor.py:183} INFO - Processing /home/jithish/Documents/dag-dag-dag/.venv/lib/python3.10/site-packages/airflow/example_dags/example_kubernetes_executor.py took 0.019 seconds
[2024-05-15T04:00:39.704+0800] {processor.py:161} INFO - Started process (PID=108179) to work on /home/jithish/Documents/dag-dag-dag/.venv/lib/python3.10/site-packages/airflow/example_dags/example_kubernetes_executor.py
[2024-05-15T04:00:39.706+0800] {processor.py:830} INFO - Processing file /home/jithish/Documents/dag-dag-dag/.venv/lib/python3.10/site-packages/airflow/example_dags/example_kubernetes_executor.py for tasks to queue
[2024-05-15T04:00:39.708+0800] {logging_mixin.py:188} INFO - [2024-05-15T04:00:39.708+0800] {dagbag.py:545} INFO - Filling up the DagBag from /home/jithish/Documents/dag-dag-dag/.venv/lib/python3.10/site-packages/airflow/example_dags/example_kubernetes_executor.py
[2024-05-15T04:00:39.713+0800] {logging_mixin.py:188} INFO - [2024-05-15T04:00:39.713+0800] {example_kubernetes_executor.py:39} WARNING - The example_kubernetes_executor example DAG requires the kubernetes provider. Please install it with: pip install apache-airflow[cncf.kubernetes]
[2024-05-15T04:00:39.713+0800] {processor.py:842} WARNING - No viable dags retrieved from /home/jithish/Documents/dag-dag-dag/.venv/lib/python3.10/site-packages/airflow/example_dags/example_kubernetes_executor.py
[2024-05-15T04:00:39.727+0800] {processor.py:183} INFO - Processing /home/jithish/Documents/dag-dag-dag/.venv/lib/python3.10/site-packages/airflow/example_dags/example_kubernetes_executor.py took 0.032 seconds
[2024-05-15T04:01:28.834+0800] {processor.py:161} INFO - Started process (PID=108596) to work on /home/jithish/Documents/dag-dag-dag/.venv/lib/python3.10/site-packages/airflow/example_dags/example_kubernetes_executor.py
[2024-05-15T04:01:28.895+0800] {processor.py:830} INFO - Processing file /home/jithish/Documents/dag-dag-dag/.venv/lib/python3.10/site-packages/airflow/example_dags/example_kubernetes_executor.py for tasks to queue
[2024-05-15T04:01:28.896+0800] {logging_mixin.py:188} INFO - [2024-05-15T04:01:28.896+0800] {dagbag.py:545} INFO - Filling up the DagBag from /home/jithish/Documents/dag-dag-dag/.venv/lib/python3.10/site-packages/airflow/example_dags/example_kubernetes_executor.py
[2024-05-15T04:01:28.899+0800] {logging_mixin.py:188} INFO - [2024-05-15T04:01:28.899+0800] {example_kubernetes_executor.py:39} WARNING - The example_kubernetes_executor example DAG requires the kubernetes provider. Please install it with: pip install apache-airflow[cncf.kubernetes]
[2024-05-15T04:01:28.899+0800] {processor.py:842} WARNING - No viable dags retrieved from /home/jithish/Documents/dag-dag-dag/.venv/lib/python3.10/site-packages/airflow/example_dags/example_kubernetes_executor.py
[2024-05-15T04:01:28.907+0800] {processor.py:183} INFO - Processing /home/jithish/Documents/dag-dag-dag/.venv/lib/python3.10/site-packages/airflow/example_dags/example_kubernetes_executor.py took 0.078 seconds
[2024-05-15T04:02:17.051+0800] {processor.py:161} INFO - Started process (PID=109048) to work on /home/jithish/Documents/dag-dag-dag/.venv/lib/python3.10/site-packages/airflow/example_dags/example_kubernetes_executor.py
[2024-05-15T04:02:17.111+0800] {processor.py:830} INFO - Processing file /home/jithish/Documents/dag-dag-dag/.venv/lib/python3.10/site-packages/airflow/example_dags/example_kubernetes_executor.py for tasks to queue
[2024-05-15T04:02:17.113+0800] {logging_mixin.py:188} INFO - [2024-05-15T04:02:17.113+0800] {dagbag.py:545} INFO - Filling up the DagBag from /home/jithish/Documents/dag-dag-dag/.venv/lib/python3.10/site-packages/airflow/example_dags/example_kubernetes_executor.py
[2024-05-15T04:02:17.116+0800] {logging_mixin.py:188} INFO - [2024-05-15T04:02:17.116+0800] {example_kubernetes_executor.py:39} WARNING - The example_kubernetes_executor example DAG requires the kubernetes provider. Please install it with: pip install apache-airflow[cncf.kubernetes]
[2024-05-15T04:02:17.116+0800] {processor.py:842} WARNING - No viable dags retrieved from /home/jithish/Documents/dag-dag-dag/.venv/lib/python3.10/site-packages/airflow/example_dags/example_kubernetes_executor.py
[2024-05-15T04:02:17.127+0800] {processor.py:183} INFO - Processing /home/jithish/Documents/dag-dag-dag/.venv/lib/python3.10/site-packages/airflow/example_dags/example_kubernetes_executor.py took 0.087 seconds
[2024-05-15T04:03:09.028+0800] {processor.py:161} INFO - Started process (PID=109589) to work on /home/jithish/Documents/dag-dag-dag/.venv/lib/python3.10/site-packages/airflow/example_dags/example_kubernetes_executor.py
[2024-05-15T04:03:09.089+0800] {processor.py:830} INFO - Processing file /home/jithish/Documents/dag-dag-dag/.venv/lib/python3.10/site-packages/airflow/example_dags/example_kubernetes_executor.py for tasks to queue
[2024-05-15T04:03:09.090+0800] {logging_mixin.py:188} INFO - [2024-05-15T04:03:09.090+0800] {dagbag.py:545} INFO - Filling up the DagBag from /home/jithish/Documents/dag-dag-dag/.venv/lib/python3.10/site-packages/airflow/example_dags/example_kubernetes_executor.py
[2024-05-15T04:03:09.092+0800] {logging_mixin.py:188} INFO - [2024-05-15T04:03:09.092+0800] {example_kubernetes_executor.py:39} WARNING - The example_kubernetes_executor example DAG requires the kubernetes provider. Please install it with: pip install apache-airflow[cncf.kubernetes]
[2024-05-15T04:03:09.092+0800] {processor.py:842} WARNING - No viable dags retrieved from /home/jithish/Documents/dag-dag-dag/.venv/lib/python3.10/site-packages/airflow/example_dags/example_kubernetes_executor.py
[2024-05-15T04:03:09.099+0800] {processor.py:183} INFO - Processing /home/jithish/Documents/dag-dag-dag/.venv/lib/python3.10/site-packages/airflow/example_dags/example_kubernetes_executor.py took 0.081 seconds
[2024-05-15T04:04:19.819+0800] {processor.py:161} INFO - Started process (PID=110813) to work on /home/jithish/Documents/dag-dag-dag/.venv/lib/python3.10/site-packages/airflow/example_dags/example_kubernetes_executor.py
[2024-05-15T04:04:19.881+0800] {processor.py:830} INFO - Processing file /home/jithish/Documents/dag-dag-dag/.venv/lib/python3.10/site-packages/airflow/example_dags/example_kubernetes_executor.py for tasks to queue
[2024-05-15T04:04:19.892+0800] {logging_mixin.py:188} INFO - [2024-05-15T04:04:19.891+0800] {dagbag.py:545} INFO - Filling up the DagBag from /home/jithish/Documents/dag-dag-dag/.venv/lib/python3.10/site-packages/airflow/example_dags/example_kubernetes_executor.py
[2024-05-15T04:04:19.903+0800] {logging_mixin.py:188} INFO - [2024-05-15T04:04:19.902+0800] {example_kubernetes_executor.py:39} WARNING - The example_kubernetes_executor example DAG requires the kubernetes provider. Please install it with: pip install apache-airflow[cncf.kubernetes]
[2024-05-15T04:04:19.903+0800] {processor.py:842} WARNING - No viable dags retrieved from /home/jithish/Documents/dag-dag-dag/.venv/lib/python3.10/site-packages/airflow/example_dags/example_kubernetes_executor.py
[2024-05-15T04:04:19.918+0800] {processor.py:183} INFO - Processing /home/jithish/Documents/dag-dag-dag/.venv/lib/python3.10/site-packages/airflow/example_dags/example_kubernetes_executor.py took 0.107 seconds
[2024-05-15T04:05:18.013+0800] {processor.py:161} INFO - Started process (PID=111680) to work on /home/jithish/Documents/dag-dag-dag/.venv/lib/python3.10/site-packages/airflow/example_dags/example_kubernetes_executor.py
[2024-05-15T04:05:18.014+0800] {processor.py:830} INFO - Processing file /home/jithish/Documents/dag-dag-dag/.venv/lib/python3.10/site-packages/airflow/example_dags/example_kubernetes_executor.py for tasks to queue
[2024-05-15T04:05:18.015+0800] {logging_mixin.py:188} INFO - [2024-05-15T04:05:18.015+0800] {dagbag.py:545} INFO - Filling up the DagBag from /home/jithish/Documents/dag-dag-dag/.venv/lib/python3.10/site-packages/airflow/example_dags/example_kubernetes_executor.py
[2024-05-15T04:05:18.017+0800] {logging_mixin.py:188} INFO - [2024-05-15T04:05:18.017+0800] {example_kubernetes_executor.py:39} WARNING - The example_kubernetes_executor example DAG requires the kubernetes provider. Please install it with: pip install apache-airflow[cncf.kubernetes]
[2024-05-15T04:05:18.017+0800] {processor.py:842} WARNING - No viable dags retrieved from /home/jithish/Documents/dag-dag-dag/.venv/lib/python3.10/site-packages/airflow/example_dags/example_kubernetes_executor.py
[2024-05-15T04:05:18.025+0800] {processor.py:183} INFO - Processing /home/jithish/Documents/dag-dag-dag/.venv/lib/python3.10/site-packages/airflow/example_dags/example_kubernetes_executor.py took 0.018 seconds
[2024-05-15T04:06:11.508+0800] {processor.py:161} INFO - Started process (PID=112396) to work on /home/jithish/Documents/dag-dag-dag/.venv/lib/python3.10/site-packages/airflow/example_dags/example_kubernetes_executor.py
[2024-05-15T04:06:11.571+0800] {processor.py:830} INFO - Processing file /home/jithish/Documents/dag-dag-dag/.venv/lib/python3.10/site-packages/airflow/example_dags/example_kubernetes_executor.py for tasks to queue
[2024-05-15T04:06:11.577+0800] {logging_mixin.py:188} INFO - [2024-05-15T04:06:11.575+0800] {dagbag.py:545} INFO - Filling up the DagBag from /home/jithish/Documents/dag-dag-dag/.venv/lib/python3.10/site-packages/airflow/example_dags/example_kubernetes_executor.py
[2024-05-15T04:06:11.586+0800] {logging_mixin.py:188} INFO - [2024-05-15T04:06:11.585+0800] {example_kubernetes_executor.py:39} WARNING - The example_kubernetes_executor example DAG requires the kubernetes provider. Please install it with: pip install apache-airflow[cncf.kubernetes]
[2024-05-15T04:06:11.586+0800] {processor.py:842} WARNING - No viable dags retrieved from /home/jithish/Documents/dag-dag-dag/.venv/lib/python3.10/site-packages/airflow/example_dags/example_kubernetes_executor.py
[2024-05-15T04:06:11.603+0800] {processor.py:183} INFO - Processing /home/jithish/Documents/dag-dag-dag/.venv/lib/python3.10/site-packages/airflow/example_dags/example_kubernetes_executor.py took 0.108 seconds
[2024-05-15T04:07:08.138+0800] {processor.py:161} INFO - Started process (PID=113263) to work on /home/jithish/Documents/dag-dag-dag/.venv/lib/python3.10/site-packages/airflow/example_dags/example_kubernetes_executor.py
[2024-05-15T04:07:08.200+0800] {processor.py:830} INFO - Processing file /home/jithish/Documents/dag-dag-dag/.venv/lib/python3.10/site-packages/airflow/example_dags/example_kubernetes_executor.py for tasks to queue
[2024-05-15T04:07:08.202+0800] {logging_mixin.py:188} INFO - [2024-05-15T04:07:08.201+0800] {dagbag.py:545} INFO - Filling up the DagBag from /home/jithish/Documents/dag-dag-dag/.venv/lib/python3.10/site-packages/airflow/example_dags/example_kubernetes_executor.py
[2024-05-15T04:07:08.206+0800] {logging_mixin.py:188} INFO - [2024-05-15T04:07:08.206+0800] {example_kubernetes_executor.py:39} WARNING - The example_kubernetes_executor example DAG requires the kubernetes provider. Please install it with: pip install apache-airflow[cncf.kubernetes]
[2024-05-15T04:07:08.206+0800] {processor.py:842} WARNING - No viable dags retrieved from /home/jithish/Documents/dag-dag-dag/.venv/lib/python3.10/site-packages/airflow/example_dags/example_kubernetes_executor.py
[2024-05-15T04:07:08.216+0800] {processor.py:183} INFO - Processing /home/jithish/Documents/dag-dag-dag/.venv/lib/python3.10/site-packages/airflow/example_dags/example_kubernetes_executor.py took 0.083 seconds
[2024-05-15T04:08:02.982+0800] {processor.py:161} INFO - Started process (PID=113792) to work on /home/jithish/Documents/dag-dag-dag/.venv/lib/python3.10/site-packages/airflow/example_dags/example_kubernetes_executor.py
[2024-05-15T04:08:03.043+0800] {processor.py:830} INFO - Processing file /home/jithish/Documents/dag-dag-dag/.venv/lib/python3.10/site-packages/airflow/example_dags/example_kubernetes_executor.py for tasks to queue
[2024-05-15T04:08:03.048+0800] {logging_mixin.py:188} INFO - [2024-05-15T04:08:03.047+0800] {dagbag.py:545} INFO - Filling up the DagBag from /home/jithish/Documents/dag-dag-dag/.venv/lib/python3.10/site-packages/airflow/example_dags/example_kubernetes_executor.py
[2024-05-15T04:08:03.059+0800] {logging_mixin.py:188} INFO - [2024-05-15T04:08:03.058+0800] {example_kubernetes_executor.py:39} WARNING - The example_kubernetes_executor example DAG requires the kubernetes provider. Please install it with: pip install apache-airflow[cncf.kubernetes]
[2024-05-15T04:08:03.060+0800] {processor.py:842} WARNING - No viable dags retrieved from /home/jithish/Documents/dag-dag-dag/.venv/lib/python3.10/site-packages/airflow/example_dags/example_kubernetes_executor.py
[2024-05-15T04:08:03.081+0800] {processor.py:183} INFO - Processing /home/jithish/Documents/dag-dag-dag/.venv/lib/python3.10/site-packages/airflow/example_dags/example_kubernetes_executor.py took 0.110 seconds
[2024-05-15T04:09:02.105+0800] {processor.py:161} INFO - Started process (PID=114734) to work on /home/jithish/Documents/dag-dag-dag/.venv/lib/python3.10/site-packages/airflow/example_dags/example_kubernetes_executor.py
[2024-05-15T04:09:02.169+0800] {processor.py:830} INFO - Processing file /home/jithish/Documents/dag-dag-dag/.venv/lib/python3.10/site-packages/airflow/example_dags/example_kubernetes_executor.py for tasks to queue
[2024-05-15T04:09:02.175+0800] {logging_mixin.py:188} INFO - [2024-05-15T04:09:02.174+0800] {dagbag.py:545} INFO - Filling up the DagBag from /home/jithish/Documents/dag-dag-dag/.venv/lib/python3.10/site-packages/airflow/example_dags/example_kubernetes_executor.py
[2024-05-15T04:09:02.184+0800] {logging_mixin.py:188} INFO - [2024-05-15T04:09:02.184+0800] {example_kubernetes_executor.py:39} WARNING - The example_kubernetes_executor example DAG requires the kubernetes provider. Please install it with: pip install apache-airflow[cncf.kubernetes]
[2024-05-15T04:09:02.185+0800] {processor.py:842} WARNING - No viable dags retrieved from /home/jithish/Documents/dag-dag-dag/.venv/lib/python3.10/site-packages/airflow/example_dags/example_kubernetes_executor.py
[2024-05-15T04:09:02.210+0800] {processor.py:183} INFO - Processing /home/jithish/Documents/dag-dag-dag/.venv/lib/python3.10/site-packages/airflow/example_dags/example_kubernetes_executor.py took 0.112 seconds
[2024-05-15T04:09:58.913+0800] {processor.py:161} INFO - Started process (PID=115555) to work on /home/jithish/Documents/dag-dag-dag/.venv/lib/python3.10/site-packages/airflow/example_dags/example_kubernetes_executor.py
[2024-05-15T04:09:58.915+0800] {processor.py:830} INFO - Processing file /home/jithish/Documents/dag-dag-dag/.venv/lib/python3.10/site-packages/airflow/example_dags/example_kubernetes_executor.py for tasks to queue
[2024-05-15T04:09:58.918+0800] {logging_mixin.py:188} INFO - [2024-05-15T04:09:58.917+0800] {dagbag.py:545} INFO - Filling up the DagBag from /home/jithish/Documents/dag-dag-dag/.venv/lib/python3.10/site-packages/airflow/example_dags/example_kubernetes_executor.py
[2024-05-15T04:09:58.922+0800] {logging_mixin.py:188} INFO - [2024-05-15T04:09:58.921+0800] {example_kubernetes_executor.py:39} WARNING - The example_kubernetes_executor example DAG requires the kubernetes provider. Please install it with: pip install apache-airflow[cncf.kubernetes]
[2024-05-15T04:09:58.922+0800] {processor.py:842} WARNING - No viable dags retrieved from /home/jithish/Documents/dag-dag-dag/.venv/lib/python3.10/site-packages/airflow/example_dags/example_kubernetes_executor.py
[2024-05-15T04:09:58.935+0800] {processor.py:183} INFO - Processing /home/jithish/Documents/dag-dag-dag/.venv/lib/python3.10/site-packages/airflow/example_dags/example_kubernetes_executor.py took 0.030 seconds
[2024-05-15T04:10:52.239+0800] {processor.py:161} INFO - Started process (PID=116349) to work on /home/jithish/Documents/dag-dag-dag/.venv/lib/python3.10/site-packages/airflow/example_dags/example_kubernetes_executor.py
[2024-05-15T04:10:52.240+0800] {processor.py:830} INFO - Processing file /home/jithish/Documents/dag-dag-dag/.venv/lib/python3.10/site-packages/airflow/example_dags/example_kubernetes_executor.py for tasks to queue
[2024-05-15T04:10:52.243+0800] {logging_mixin.py:188} INFO - [2024-05-15T04:10:52.243+0800] {dagbag.py:545} INFO - Filling up the DagBag from /home/jithish/Documents/dag-dag-dag/.venv/lib/python3.10/site-packages/airflow/example_dags/example_kubernetes_executor.py
[2024-05-15T04:10:52.248+0800] {logging_mixin.py:188} INFO - [2024-05-15T04:10:52.248+0800] {example_kubernetes_executor.py:39} WARNING - The example_kubernetes_executor example DAG requires the kubernetes provider. Please install it with: pip install apache-airflow[cncf.kubernetes]
[2024-05-15T04:10:52.248+0800] {processor.py:842} WARNING - No viable dags retrieved from /home/jithish/Documents/dag-dag-dag/.venv/lib/python3.10/site-packages/airflow/example_dags/example_kubernetes_executor.py
[2024-05-15T04:10:52.261+0800] {processor.py:183} INFO - Processing /home/jithish/Documents/dag-dag-dag/.venv/lib/python3.10/site-packages/airflow/example_dags/example_kubernetes_executor.py took 0.033 seconds
[2024-05-15T04:11:47.125+0800] {processor.py:161} INFO - Started process (PID=117135) to work on /home/jithish/Documents/dag-dag-dag/.venv/lib/python3.10/site-packages/airflow/example_dags/example_kubernetes_executor.py
[2024-05-15T04:11:47.186+0800] {processor.py:830} INFO - Processing file /home/jithish/Documents/dag-dag-dag/.venv/lib/python3.10/site-packages/airflow/example_dags/example_kubernetes_executor.py for tasks to queue
[2024-05-15T04:11:47.190+0800] {logging_mixin.py:188} INFO - [2024-05-15T04:11:47.189+0800] {dagbag.py:545} INFO - Filling up the DagBag from /home/jithish/Documents/dag-dag-dag/.venv/lib/python3.10/site-packages/airflow/example_dags/example_kubernetes_executor.py
[2024-05-15T04:11:47.195+0800] {logging_mixin.py:188} INFO - [2024-05-15T04:11:47.194+0800] {example_kubernetes_executor.py:39} WARNING - The example_kubernetes_executor example DAG requires the kubernetes provider. Please install it with: pip install apache-airflow[cncf.kubernetes]
[2024-05-15T04:11:47.195+0800] {processor.py:842} WARNING - No viable dags retrieved from /home/jithish/Documents/dag-dag-dag/.venv/lib/python3.10/site-packages/airflow/example_dags/example_kubernetes_executor.py
[2024-05-15T04:11:47.213+0800] {processor.py:183} INFO - Processing /home/jithish/Documents/dag-dag-dag/.venv/lib/python3.10/site-packages/airflow/example_dags/example_kubernetes_executor.py took 0.098 seconds
[2024-05-15T04:12:49.304+0800] {processor.py:161} INFO - Started process (PID=117994) to work on /home/jithish/Documents/dag-dag-dag/.venv/lib/python3.10/site-packages/airflow/example_dags/example_kubernetes_executor.py
[2024-05-15T04:12:49.365+0800] {processor.py:830} INFO - Processing file /home/jithish/Documents/dag-dag-dag/.venv/lib/python3.10/site-packages/airflow/example_dags/example_kubernetes_executor.py for tasks to queue
[2024-05-15T04:12:49.367+0800] {logging_mixin.py:188} INFO - [2024-05-15T04:12:49.366+0800] {dagbag.py:545} INFO - Filling up the DagBag from /home/jithish/Documents/dag-dag-dag/.venv/lib/python3.10/site-packages/airflow/example_dags/example_kubernetes_executor.py
[2024-05-15T04:12:49.369+0800] {logging_mixin.py:188} INFO - [2024-05-15T04:12:49.369+0800] {example_kubernetes_executor.py:39} WARNING - The example_kubernetes_executor example DAG requires the kubernetes provider. Please install it with: pip install apache-airflow[cncf.kubernetes]
[2024-05-15T04:12:49.370+0800] {processor.py:842} WARNING - No viable dags retrieved from /home/jithish/Documents/dag-dag-dag/.venv/lib/python3.10/site-packages/airflow/example_dags/example_kubernetes_executor.py
[2024-05-15T04:12:49.376+0800] {processor.py:183} INFO - Processing /home/jithish/Documents/dag-dag-dag/.venv/lib/python3.10/site-packages/airflow/example_dags/example_kubernetes_executor.py took 0.077 seconds
[2024-05-15T04:13:47.216+0800] {processor.py:161} INFO - Started process (PID=118883) to work on /home/jithish/Documents/dag-dag-dag/.venv/lib/python3.10/site-packages/airflow/example_dags/example_kubernetes_executor.py
[2024-05-15T04:13:47.217+0800] {processor.py:830} INFO - Processing file /home/jithish/Documents/dag-dag-dag/.venv/lib/python3.10/site-packages/airflow/example_dags/example_kubernetes_executor.py for tasks to queue
[2024-05-15T04:13:47.218+0800] {logging_mixin.py:188} INFO - [2024-05-15T04:13:47.218+0800] {dagbag.py:545} INFO - Filling up the DagBag from /home/jithish/Documents/dag-dag-dag/.venv/lib/python3.10/site-packages/airflow/example_dags/example_kubernetes_executor.py
[2024-05-15T04:13:47.221+0800] {logging_mixin.py:188} INFO - [2024-05-15T04:13:47.221+0800] {example_kubernetes_executor.py:39} WARNING - The example_kubernetes_executor example DAG requires the kubernetes provider. Please install it with: pip install apache-airflow[cncf.kubernetes]
[2024-05-15T04:13:47.221+0800] {processor.py:842} WARNING - No viable dags retrieved from /home/jithish/Documents/dag-dag-dag/.venv/lib/python3.10/site-packages/airflow/example_dags/example_kubernetes_executor.py
[2024-05-15T04:13:47.234+0800] {processor.py:183} INFO - Processing /home/jithish/Documents/dag-dag-dag/.venv/lib/python3.10/site-packages/airflow/example_dags/example_kubernetes_executor.py took 0.028 seconds
[2024-05-15T04:14:42.105+0800] {processor.py:161} INFO - Started process (PID=119575) to work on /home/jithish/Documents/dag-dag-dag/.venv/lib/python3.10/site-packages/airflow/example_dags/example_kubernetes_executor.py
[2024-05-15T04:14:42.166+0800] {processor.py:830} INFO - Processing file /home/jithish/Documents/dag-dag-dag/.venv/lib/python3.10/site-packages/airflow/example_dags/example_kubernetes_executor.py for tasks to queue
[2024-05-15T04:14:42.167+0800] {logging_mixin.py:188} INFO - [2024-05-15T04:14:42.167+0800] {dagbag.py:545} INFO - Filling up the DagBag from /home/jithish/Documents/dag-dag-dag/.venv/lib/python3.10/site-packages/airflow/example_dags/example_kubernetes_executor.py
[2024-05-15T04:14:42.170+0800] {logging_mixin.py:188} INFO - [2024-05-15T04:14:42.170+0800] {example_kubernetes_executor.py:39} WARNING - The example_kubernetes_executor example DAG requires the kubernetes provider. Please install it with: pip install apache-airflow[cncf.kubernetes]
[2024-05-15T04:14:42.171+0800] {processor.py:842} WARNING - No viable dags retrieved from /home/jithish/Documents/dag-dag-dag/.venv/lib/python3.10/site-packages/airflow/example_dags/example_kubernetes_executor.py
[2024-05-15T04:14:42.179+0800] {processor.py:183} INFO - Processing /home/jithish/Documents/dag-dag-dag/.venv/lib/python3.10/site-packages/airflow/example_dags/example_kubernetes_executor.py took 0.081 seconds
[2024-05-15T04:15:35.559+0800] {processor.py:161} INFO - Started process (PID=120107) to work on /home/jithish/Documents/dag-dag-dag/.venv/lib/python3.10/site-packages/airflow/example_dags/example_kubernetes_executor.py
[2024-05-15T04:15:35.621+0800] {processor.py:830} INFO - Processing file /home/jithish/Documents/dag-dag-dag/.venv/lib/python3.10/site-packages/airflow/example_dags/example_kubernetes_executor.py for tasks to queue
[2024-05-15T04:15:35.626+0800] {logging_mixin.py:188} INFO - [2024-05-15T04:15:35.624+0800] {dagbag.py:545} INFO - Filling up the DagBag from /home/jithish/Documents/dag-dag-dag/.venv/lib/python3.10/site-packages/airflow/example_dags/example_kubernetes_executor.py
[2024-05-15T04:15:35.634+0800] {logging_mixin.py:188} INFO - [2024-05-15T04:15:35.634+0800] {example_kubernetes_executor.py:39} WARNING - The example_kubernetes_executor example DAG requires the kubernetes provider. Please install it with: pip install apache-airflow[cncf.kubernetes]
[2024-05-15T04:15:35.635+0800] {processor.py:842} WARNING - No viable dags retrieved from /home/jithish/Documents/dag-dag-dag/.venv/lib/python3.10/site-packages/airflow/example_dags/example_kubernetes_executor.py
[2024-05-15T04:15:35.661+0800] {processor.py:183} INFO - Processing /home/jithish/Documents/dag-dag-dag/.venv/lib/python3.10/site-packages/airflow/example_dags/example_kubernetes_executor.py took 0.106 seconds
