[2024-05-15T02:59:31.717+0800] {processor.py:161} INFO - Started process (PID=65748) to work on /home/jithish/Documents/dag-dag-dag/.venv/lib/python3.10/site-packages/airflow/example_dags/example_branch_day_of_week_operator.py
[2024-05-15T02:59:31.717+0800] {processor.py:830} INFO - Processing file /home/jithish/Documents/dag-dag-dag/.venv/lib/python3.10/site-packages/airflow/example_dags/example_branch_day_of_week_operator.py for tasks to queue
[2024-05-15T02:59:31.719+0800] {logging_mixin.py:188} INFO - [2024-05-15T02:59:31.718+0800] {dagbag.py:545} INFO - Filling up the DagBag from /home/jithish/Documents/dag-dag-dag/.venv/lib/python3.10/site-packages/airflow/example_dags/example_branch_day_of_week_operator.py
[2024-05-15T02:59:31.725+0800] {processor.py:840} INFO - DAG(s) 'example_weekday_branch_operator' retrieved from /home/jithish/Documents/dag-dag-dag/.venv/lib/python3.10/site-packages/airflow/example_dags/example_branch_day_of_week_operator.py
[2024-05-15T02:59:31.787+0800] {logging_mixin.py:188} INFO - [2024-05-15T02:59:31.787+0800] {dag.py:3096} INFO - Sync 1 DAGs
[2024-05-15T02:59:31.861+0800] {logging_mixin.py:188} INFO - [2024-05-15T02:59:31.861+0800] {dag.py:3954} INFO - Setting next_dagrun for example_weekday_branch_operator to 2024-05-13 00:00:00+00:00, run_after=2024-05-14 00:00:00+00:00
[2024-05-15T02:59:31.877+0800] {processor.py:183} INFO - Processing /home/jithish/Documents/dag-dag-dag/.venv/lib/python3.10/site-packages/airflow/example_dags/example_branch_day_of_week_operator.py took 0.165 seconds
[2024-05-15T03:14:53.249+0800] {processor.py:161} INFO - Started process (PID=75244) to work on /home/jithish/Documents/dag-dag-dag/.venv/lib/python3.10/site-packages/airflow/example_dags/example_branch_day_of_week_operator.py
[2024-05-15T03:14:53.311+0800] {processor.py:830} INFO - Processing file /home/jithish/Documents/dag-dag-dag/.venv/lib/python3.10/site-packages/airflow/example_dags/example_branch_day_of_week_operator.py for tasks to queue
[2024-05-15T03:14:53.315+0800] {logging_mixin.py:188} INFO - [2024-05-15T03:14:53.314+0800] {dagbag.py:545} INFO - Filling up the DagBag from /home/jithish/Documents/dag-dag-dag/.venv/lib/python3.10/site-packages/airflow/example_dags/example_branch_day_of_week_operator.py
[2024-05-15T03:14:53.326+0800] {processor.py:840} INFO - DAG(s) 'example_weekday_branch_operator' retrieved from /home/jithish/Documents/dag-dag-dag/.venv/lib/python3.10/site-packages/airflow/example_dags/example_branch_day_of_week_operator.py
[2024-05-15T03:14:53.471+0800] {logging_mixin.py:188} INFO - [2024-05-15T03:14:53.471+0800] {dag.py:3096} INFO - Sync 1 DAGs
[2024-05-15T03:14:53.486+0800] {logging_mixin.py:188} INFO - [2024-05-15T03:14:53.485+0800] {dag.py:3954} INFO - Setting next_dagrun for example_weekday_branch_operator to 2024-05-13 00:00:00+00:00, run_after=2024-05-14 00:00:00+00:00
[2024-05-15T03:14:53.584+0800] {processor.py:183} INFO - Processing /home/jithish/Documents/dag-dag-dag/.venv/lib/python3.10/site-packages/airflow/example_dags/example_branch_day_of_week_operator.py took 0.347 seconds
[2024-05-15T03:15:55.794+0800] {processor.py:161} INFO - Started process (PID=76043) to work on /home/jithish/Documents/dag-dag-dag/.venv/lib/python3.10/site-packages/airflow/example_dags/example_branch_day_of_week_operator.py
[2024-05-15T03:15:55.855+0800] {processor.py:830} INFO - Processing file /home/jithish/Documents/dag-dag-dag/.venv/lib/python3.10/site-packages/airflow/example_dags/example_branch_day_of_week_operator.py for tasks to queue
[2024-05-15T03:15:55.856+0800] {logging_mixin.py:188} INFO - [2024-05-15T03:15:55.856+0800] {dagbag.py:545} INFO - Filling up the DagBag from /home/jithish/Documents/dag-dag-dag/.venv/lib/python3.10/site-packages/airflow/example_dags/example_branch_day_of_week_operator.py
[2024-05-15T03:15:55.864+0800] {processor.py:840} INFO - DAG(s) 'example_weekday_branch_operator' retrieved from /home/jithish/Documents/dag-dag-dag/.venv/lib/python3.10/site-packages/airflow/example_dags/example_branch_day_of_week_operator.py
[2024-05-15T03:15:55.878+0800] {logging_mixin.py:188} INFO - [2024-05-15T03:15:55.878+0800] {dag.py:3096} INFO - Sync 1 DAGs
[2024-05-15T03:15:55.968+0800] {logging_mixin.py:188} INFO - [2024-05-15T03:15:55.968+0800] {dag.py:3954} INFO - Setting next_dagrun for example_weekday_branch_operator to 2024-05-13 00:00:00+00:00, run_after=2024-05-14 00:00:00+00:00
[2024-05-15T03:15:56.048+0800] {processor.py:183} INFO - Processing /home/jithish/Documents/dag-dag-dag/.venv/lib/python3.10/site-packages/airflow/example_dags/example_branch_day_of_week_operator.py took 0.259 seconds
[2024-05-15T03:16:58.691+0800] {processor.py:161} INFO - Started process (PID=76880) to work on /home/jithish/Documents/dag-dag-dag/.venv/lib/python3.10/site-packages/airflow/example_dags/example_branch_day_of_week_operator.py
[2024-05-15T03:16:58.735+0800] {processor.py:830} INFO - Processing file /home/jithish/Documents/dag-dag-dag/.venv/lib/python3.10/site-packages/airflow/example_dags/example_branch_day_of_week_operator.py for tasks to queue
[2024-05-15T03:16:58.740+0800] {logging_mixin.py:188} INFO - [2024-05-15T03:16:58.739+0800] {dagbag.py:545} INFO - Filling up the DagBag from /home/jithish/Documents/dag-dag-dag/.venv/lib/python3.10/site-packages/airflow/example_dags/example_branch_day_of_week_operator.py
[2024-05-15T03:16:58.762+0800] {processor.py:840} INFO - DAG(s) 'example_weekday_branch_operator' retrieved from /home/jithish/Documents/dag-dag-dag/.venv/lib/python3.10/site-packages/airflow/example_dags/example_branch_day_of_week_operator.py
[2024-05-15T03:16:58.782+0800] {logging_mixin.py:188} INFO - [2024-05-15T03:16:58.781+0800] {dag.py:3096} INFO - Sync 1 DAGs
[2024-05-15T03:16:58.797+0800] {logging_mixin.py:188} INFO - [2024-05-15T03:16:58.797+0800] {dag.py:3954} INFO - Setting next_dagrun for example_weekday_branch_operator to 2024-05-13 00:00:00+00:00, run_after=2024-05-14 00:00:00+00:00
[2024-05-15T03:16:58.812+0800] {processor.py:183} INFO - Processing /home/jithish/Documents/dag-dag-dag/.venv/lib/python3.10/site-packages/airflow/example_dags/example_branch_day_of_week_operator.py took 0.130 seconds
[2024-05-15T03:18:00.936+0800] {processor.py:161} INFO - Started process (PID=77860) to work on /home/jithish/Documents/dag-dag-dag/.venv/lib/python3.10/site-packages/airflow/example_dags/example_branch_day_of_week_operator.py
[2024-05-15T03:18:00.937+0800] {processor.py:830} INFO - Processing file /home/jithish/Documents/dag-dag-dag/.venv/lib/python3.10/site-packages/airflow/example_dags/example_branch_day_of_week_operator.py for tasks to queue
[2024-05-15T03:18:00.940+0800] {logging_mixin.py:188} INFO - [2024-05-15T03:18:00.939+0800] {dagbag.py:545} INFO - Filling up the DagBag from /home/jithish/Documents/dag-dag-dag/.venv/lib/python3.10/site-packages/airflow/example_dags/example_branch_day_of_week_operator.py
[2024-05-15T03:18:00.948+0800] {processor.py:840} INFO - DAG(s) 'example_weekday_branch_operator' retrieved from /home/jithish/Documents/dag-dag-dag/.venv/lib/python3.10/site-packages/airflow/example_dags/example_branch_day_of_week_operator.py
[2024-05-15T03:18:00.962+0800] {logging_mixin.py:188} INFO - [2024-05-15T03:18:00.962+0800] {dag.py:3096} INFO - Sync 1 DAGs
[2024-05-15T03:18:00.978+0800] {logging_mixin.py:188} INFO - [2024-05-15T03:18:00.978+0800] {dag.py:3954} INFO - Setting next_dagrun for example_weekday_branch_operator to 2024-05-13 00:00:00+00:00, run_after=2024-05-14 00:00:00+00:00
[2024-05-15T03:18:00.994+0800] {processor.py:183} INFO - Processing /home/jithish/Documents/dag-dag-dag/.venv/lib/python3.10/site-packages/airflow/example_dags/example_branch_day_of_week_operator.py took 0.066 seconds
[2024-05-15T03:18:55.223+0800] {processor.py:161} INFO - Started process (PID=78618) to work on /home/jithish/Documents/dag-dag-dag/.venv/lib/python3.10/site-packages/airflow/example_dags/example_branch_day_of_week_operator.py
[2024-05-15T03:18:55.285+0800] {processor.py:830} INFO - Processing file /home/jithish/Documents/dag-dag-dag/.venv/lib/python3.10/site-packages/airflow/example_dags/example_branch_day_of_week_operator.py for tasks to queue
[2024-05-15T03:18:55.288+0800] {logging_mixin.py:188} INFO - [2024-05-15T03:18:55.287+0800] {dagbag.py:545} INFO - Filling up the DagBag from /home/jithish/Documents/dag-dag-dag/.venv/lib/python3.10/site-packages/airflow/example_dags/example_branch_day_of_week_operator.py
[2024-05-15T03:18:55.298+0800] {processor.py:840} INFO - DAG(s) 'example_weekday_branch_operator' retrieved from /home/jithish/Documents/dag-dag-dag/.venv/lib/python3.10/site-packages/airflow/example_dags/example_branch_day_of_week_operator.py
[2024-05-15T03:18:55.320+0800] {logging_mixin.py:188} INFO - [2024-05-15T03:18:55.320+0800] {dag.py:3096} INFO - Sync 1 DAGs
[2024-05-15T03:18:55.337+0800] {logging_mixin.py:188} INFO - [2024-05-15T03:18:55.337+0800] {dag.py:3954} INFO - Setting next_dagrun for example_weekday_branch_operator to 2024-05-13 00:00:00+00:00, run_after=2024-05-14 00:00:00+00:00
[2024-05-15T03:18:55.358+0800] {processor.py:183} INFO - Processing /home/jithish/Documents/dag-dag-dag/.venv/lib/python3.10/site-packages/airflow/example_dags/example_branch_day_of_week_operator.py took 0.145 seconds
[2024-05-15T03:20:13.837+0800] {processor.py:161} INFO - Started process (PID=79767) to work on /home/jithish/Documents/dag-dag-dag/.venv/lib/python3.10/site-packages/airflow/example_dags/example_branch_day_of_week_operator.py
[2024-05-15T03:20:13.839+0800] {processor.py:830} INFO - Processing file /home/jithish/Documents/dag-dag-dag/.venv/lib/python3.10/site-packages/airflow/example_dags/example_branch_day_of_week_operator.py for tasks to queue
[2024-05-15T03:20:13.842+0800] {logging_mixin.py:188} INFO - [2024-05-15T03:20:13.841+0800] {dagbag.py:545} INFO - Filling up the DagBag from /home/jithish/Documents/dag-dag-dag/.venv/lib/python3.10/site-packages/airflow/example_dags/example_branch_day_of_week_operator.py
[2024-05-15T03:20:13.849+0800] {processor.py:840} INFO - DAG(s) 'example_weekday_branch_operator' retrieved from /home/jithish/Documents/dag-dag-dag/.venv/lib/python3.10/site-packages/airflow/example_dags/example_branch_day_of_week_operator.py
[2024-05-15T03:20:13.863+0800] {logging_mixin.py:188} INFO - [2024-05-15T03:20:13.863+0800] {dag.py:3096} INFO - Sync 1 DAGs
[2024-05-15T03:20:13.879+0800] {logging_mixin.py:188} INFO - [2024-05-15T03:20:13.879+0800] {dag.py:3954} INFO - Setting next_dagrun for example_weekday_branch_operator to 2024-05-13 00:00:00+00:00, run_after=2024-05-14 00:00:00+00:00
[2024-05-15T03:20:13.896+0800] {processor.py:183} INFO - Processing /home/jithish/Documents/dag-dag-dag/.venv/lib/python3.10/site-packages/airflow/example_dags/example_branch_day_of_week_operator.py took 0.066 seconds
[2024-05-15T03:21:30.984+0800] {processor.py:161} INFO - Started process (PID=80840) to work on /home/jithish/Documents/dag-dag-dag/.venv/lib/python3.10/site-packages/airflow/example_dags/example_branch_day_of_week_operator.py
[2024-05-15T03:21:30.985+0800] {processor.py:830} INFO - Processing file /home/jithish/Documents/dag-dag-dag/.venv/lib/python3.10/site-packages/airflow/example_dags/example_branch_day_of_week_operator.py for tasks to queue
[2024-05-15T03:21:30.986+0800] {logging_mixin.py:188} INFO - [2024-05-15T03:21:30.986+0800] {dagbag.py:545} INFO - Filling up the DagBag from /home/jithish/Documents/dag-dag-dag/.venv/lib/python3.10/site-packages/airflow/example_dags/example_branch_day_of_week_operator.py
[2024-05-15T03:21:30.992+0800] {processor.py:840} INFO - DAG(s) 'example_weekday_branch_operator' retrieved from /home/jithish/Documents/dag-dag-dag/.venv/lib/python3.10/site-packages/airflow/example_dags/example_branch_day_of_week_operator.py
[2024-05-15T03:21:31.007+0800] {logging_mixin.py:188} INFO - [2024-05-15T03:21:31.006+0800] {dag.py:3096} INFO - Sync 1 DAGs
[2024-05-15T03:21:31.022+0800] {logging_mixin.py:188} INFO - [2024-05-15T03:21:31.022+0800] {dag.py:3954} INFO - Setting next_dagrun for example_weekday_branch_operator to 2024-05-13 00:00:00+00:00, run_after=2024-05-14 00:00:00+00:00
[2024-05-15T03:21:31.038+0800] {processor.py:183} INFO - Processing /home/jithish/Documents/dag-dag-dag/.venv/lib/python3.10/site-packages/airflow/example_dags/example_branch_day_of_week_operator.py took 0.062 seconds
[2024-05-15T03:22:51.558+0800] {processor.py:161} INFO - Started process (PID=82026) to work on /home/jithish/Documents/dag-dag-dag/.venv/lib/python3.10/site-packages/airflow/example_dags/example_branch_day_of_week_operator.py
[2024-05-15T03:22:51.559+0800] {processor.py:830} INFO - Processing file /home/jithish/Documents/dag-dag-dag/.venv/lib/python3.10/site-packages/airflow/example_dags/example_branch_day_of_week_operator.py for tasks to queue
[2024-05-15T03:22:51.560+0800] {logging_mixin.py:188} INFO - [2024-05-15T03:22:51.560+0800] {dagbag.py:545} INFO - Filling up the DagBag from /home/jithish/Documents/dag-dag-dag/.venv/lib/python3.10/site-packages/airflow/example_dags/example_branch_day_of_week_operator.py
[2024-05-15T03:22:51.565+0800] {processor.py:840} INFO - DAG(s) 'example_weekday_branch_operator' retrieved from /home/jithish/Documents/dag-dag-dag/.venv/lib/python3.10/site-packages/airflow/example_dags/example_branch_day_of_week_operator.py
[2024-05-15T03:22:51.576+0800] {logging_mixin.py:188} INFO - [2024-05-15T03:22:51.576+0800] {dag.py:3096} INFO - Sync 1 DAGs
[2024-05-15T03:22:51.589+0800] {logging_mixin.py:188} INFO - [2024-05-15T03:22:51.589+0800] {dag.py:3954} INFO - Setting next_dagrun for example_weekday_branch_operator to 2024-05-13 00:00:00+00:00, run_after=2024-05-14 00:00:00+00:00
[2024-05-15T03:22:51.605+0800] {processor.py:183} INFO - Processing /home/jithish/Documents/dag-dag-dag/.venv/lib/python3.10/site-packages/airflow/example_dags/example_branch_day_of_week_operator.py took 0.051 seconds
[2024-05-15T03:24:10.865+0800] {processor.py:161} INFO - Started process (PID=82699) to work on /home/jithish/Documents/dag-dag-dag/.venv/lib/python3.10/site-packages/airflow/example_dags/example_branch_day_of_week_operator.py
[2024-05-15T03:24:10.926+0800] {processor.py:830} INFO - Processing file /home/jithish/Documents/dag-dag-dag/.venv/lib/python3.10/site-packages/airflow/example_dags/example_branch_day_of_week_operator.py for tasks to queue
[2024-05-15T03:24:10.929+0800] {logging_mixin.py:188} INFO - [2024-05-15T03:24:10.929+0800] {dagbag.py:545} INFO - Filling up the DagBag from /home/jithish/Documents/dag-dag-dag/.venv/lib/python3.10/site-packages/airflow/example_dags/example_branch_day_of_week_operator.py
[2024-05-15T03:24:10.951+0800] {processor.py:840} INFO - DAG(s) 'example_weekday_branch_operator' retrieved from /home/jithish/Documents/dag-dag-dag/.venv/lib/python3.10/site-packages/airflow/example_dags/example_branch_day_of_week_operator.py
[2024-05-15T03:24:10.978+0800] {logging_mixin.py:188} INFO - [2024-05-15T03:24:10.978+0800] {dag.py:3096} INFO - Sync 1 DAGs
[2024-05-15T03:24:10.994+0800] {logging_mixin.py:188} INFO - [2024-05-15T03:24:10.994+0800] {dag.py:3954} INFO - Setting next_dagrun for example_weekday_branch_operator to 2024-05-13 00:00:00+00:00, run_after=2024-05-14 00:00:00+00:00
[2024-05-15T03:24:11.018+0800] {processor.py:183} INFO - Processing /home/jithish/Documents/dag-dag-dag/.venv/lib/python3.10/site-packages/airflow/example_dags/example_branch_day_of_week_operator.py took 0.157 seconds
[2024-05-15T03:25:08.276+0800] {processor.py:161} INFO - Started process (PID=83196) to work on /home/jithish/Documents/dag-dag-dag/.venv/lib/python3.10/site-packages/airflow/example_dags/example_branch_day_of_week_operator.py
[2024-05-15T03:25:08.276+0800] {processor.py:830} INFO - Processing file /home/jithish/Documents/dag-dag-dag/.venv/lib/python3.10/site-packages/airflow/example_dags/example_branch_day_of_week_operator.py for tasks to queue
[2024-05-15T03:25:08.277+0800] {logging_mixin.py:188} INFO - [2024-05-15T03:25:08.277+0800] {dagbag.py:545} INFO - Filling up the DagBag from /home/jithish/Documents/dag-dag-dag/.venv/lib/python3.10/site-packages/airflow/example_dags/example_branch_day_of_week_operator.py
[2024-05-15T03:25:08.283+0800] {processor.py:840} INFO - DAG(s) 'example_weekday_branch_operator' retrieved from /home/jithish/Documents/dag-dag-dag/.venv/lib/python3.10/site-packages/airflow/example_dags/example_branch_day_of_week_operator.py
[2024-05-15T03:25:08.298+0800] {logging_mixin.py:188} INFO - [2024-05-15T03:25:08.298+0800] {dag.py:3096} INFO - Sync 1 DAGs
[2024-05-15T03:25:08.312+0800] {logging_mixin.py:188} INFO - [2024-05-15T03:25:08.311+0800] {dag.py:3954} INFO - Setting next_dagrun for example_weekday_branch_operator to 2024-05-13 00:00:00+00:00, run_after=2024-05-14 00:00:00+00:00
[2024-05-15T03:25:08.327+0800] {processor.py:183} INFO - Processing /home/jithish/Documents/dag-dag-dag/.venv/lib/python3.10/site-packages/airflow/example_dags/example_branch_day_of_week_operator.py took 0.055 seconds
[2024-05-15T03:26:28.504+0800] {processor.py:161} INFO - Started process (PID=83830) to work on /home/jithish/Documents/dag-dag-dag/.venv/lib/python3.10/site-packages/airflow/example_dags/example_branch_day_of_week_operator.py
[2024-05-15T03:26:28.565+0800] {processor.py:830} INFO - Processing file /home/jithish/Documents/dag-dag-dag/.venv/lib/python3.10/site-packages/airflow/example_dags/example_branch_day_of_week_operator.py for tasks to queue
[2024-05-15T03:26:28.572+0800] {logging_mixin.py:188} INFO - [2024-05-15T03:26:28.570+0800] {dagbag.py:545} INFO - Filling up the DagBag from /home/jithish/Documents/dag-dag-dag/.venv/lib/python3.10/site-packages/airflow/example_dags/example_branch_day_of_week_operator.py
[2024-05-15T03:26:28.596+0800] {processor.py:840} INFO - DAG(s) 'example_weekday_branch_operator' retrieved from /home/jithish/Documents/dag-dag-dag/.venv/lib/python3.10/site-packages/airflow/example_dags/example_branch_day_of_week_operator.py
[2024-05-15T03:26:28.619+0800] {logging_mixin.py:188} INFO - [2024-05-15T03:26:28.618+0800] {dag.py:3096} INFO - Sync 1 DAGs
[2024-05-15T03:26:28.634+0800] {logging_mixin.py:188} INFO - [2024-05-15T03:26:28.634+0800] {dag.py:3954} INFO - Setting next_dagrun for example_weekday_branch_operator to 2024-05-13 00:00:00+00:00, run_after=2024-05-14 00:00:00+00:00
[2024-05-15T03:26:28.659+0800] {processor.py:183} INFO - Processing /home/jithish/Documents/dag-dag-dag/.venv/lib/python3.10/site-packages/airflow/example_dags/example_branch_day_of_week_operator.py took 0.160 seconds
[2024-05-15T03:27:47.732+0800] {processor.py:161} INFO - Started process (PID=84838) to work on /home/jithish/Documents/dag-dag-dag/.venv/lib/python3.10/site-packages/airflow/example_dags/example_branch_day_of_week_operator.py
[2024-05-15T03:27:47.734+0800] {processor.py:830} INFO - Processing file /home/jithish/Documents/dag-dag-dag/.venv/lib/python3.10/site-packages/airflow/example_dags/example_branch_day_of_week_operator.py for tasks to queue
[2024-05-15T03:27:47.737+0800] {logging_mixin.py:188} INFO - [2024-05-15T03:27:47.736+0800] {dagbag.py:545} INFO - Filling up the DagBag from /home/jithish/Documents/dag-dag-dag/.venv/lib/python3.10/site-packages/airflow/example_dags/example_branch_day_of_week_operator.py
[2024-05-15T03:27:47.751+0800] {processor.py:840} INFO - DAG(s) 'example_weekday_branch_operator' retrieved from /home/jithish/Documents/dag-dag-dag/.venv/lib/python3.10/site-packages/airflow/example_dags/example_branch_day_of_week_operator.py
[2024-05-15T03:27:47.769+0800] {logging_mixin.py:188} INFO - [2024-05-15T03:27:47.768+0800] {dag.py:3096} INFO - Sync 1 DAGs
[2024-05-15T03:27:47.783+0800] {logging_mixin.py:188} INFO - [2024-05-15T03:27:47.783+0800] {dag.py:3954} INFO - Setting next_dagrun for example_weekday_branch_operator to 2024-05-13 00:00:00+00:00, run_after=2024-05-14 00:00:00+00:00
[2024-05-15T03:27:47.798+0800] {processor.py:183} INFO - Processing /home/jithish/Documents/dag-dag-dag/.venv/lib/python3.10/site-packages/airflow/example_dags/example_branch_day_of_week_operator.py took 0.080 seconds
[2024-05-15T03:29:01.353+0800] {processor.py:161} INFO - Started process (PID=85492) to work on /home/jithish/Documents/dag-dag-dag/.venv/lib/python3.10/site-packages/airflow/example_dags/example_branch_day_of_week_operator.py
[2024-05-15T03:29:01.412+0800] {processor.py:830} INFO - Processing file /home/jithish/Documents/dag-dag-dag/.venv/lib/python3.10/site-packages/airflow/example_dags/example_branch_day_of_week_operator.py for tasks to queue
[2024-05-15T03:29:01.415+0800] {logging_mixin.py:188} INFO - [2024-05-15T03:29:01.414+0800] {dagbag.py:545} INFO - Filling up the DagBag from /home/jithish/Documents/dag-dag-dag/.venv/lib/python3.10/site-packages/airflow/example_dags/example_branch_day_of_week_operator.py
[2024-05-15T03:29:01.424+0800] {processor.py:840} INFO - DAG(s) 'example_weekday_branch_operator' retrieved from /home/jithish/Documents/dag-dag-dag/.venv/lib/python3.10/site-packages/airflow/example_dags/example_branch_day_of_week_operator.py
[2024-05-15T03:29:01.439+0800] {logging_mixin.py:188} INFO - [2024-05-15T03:29:01.438+0800] {dag.py:3096} INFO - Sync 1 DAGs
[2024-05-15T03:29:01.456+0800] {logging_mixin.py:188} INFO - [2024-05-15T03:29:01.456+0800] {dag.py:3954} INFO - Setting next_dagrun for example_weekday_branch_operator to 2024-05-13 00:00:00+00:00, run_after=2024-05-14 00:00:00+00:00
[2024-05-15T03:29:01.476+0800] {processor.py:183} INFO - Processing /home/jithish/Documents/dag-dag-dag/.venv/lib/python3.10/site-packages/airflow/example_dags/example_branch_day_of_week_operator.py took 0.136 seconds
[2024-05-15T03:30:16.574+0800] {processor.py:161} INFO - Started process (PID=86100) to work on /home/jithish/Documents/dag-dag-dag/.venv/lib/python3.10/site-packages/airflow/example_dags/example_branch_day_of_week_operator.py
[2024-05-15T03:30:16.635+0800] {processor.py:830} INFO - Processing file /home/jithish/Documents/dag-dag-dag/.venv/lib/python3.10/site-packages/airflow/example_dags/example_branch_day_of_week_operator.py for tasks to queue
[2024-05-15T03:30:16.640+0800] {logging_mixin.py:188} INFO - [2024-05-15T03:30:16.639+0800] {dagbag.py:545} INFO - Filling up the DagBag from /home/jithish/Documents/dag-dag-dag/.venv/lib/python3.10/site-packages/airflow/example_dags/example_branch_day_of_week_operator.py
[2024-05-15T03:30:16.663+0800] {processor.py:840} INFO - DAG(s) 'example_weekday_branch_operator' retrieved from /home/jithish/Documents/dag-dag-dag/.venv/lib/python3.10/site-packages/airflow/example_dags/example_branch_day_of_week_operator.py
[2024-05-15T03:30:16.687+0800] {logging_mixin.py:188} INFO - [2024-05-15T03:30:16.687+0800] {dag.py:3096} INFO - Sync 1 DAGs
[2024-05-15T03:30:16.703+0800] {logging_mixin.py:188} INFO - [2024-05-15T03:30:16.702+0800] {dag.py:3954} INFO - Setting next_dagrun for example_weekday_branch_operator to 2024-05-13 00:00:00+00:00, run_after=2024-05-14 00:00:00+00:00
[2024-05-15T03:30:16.721+0800] {processor.py:183} INFO - Processing /home/jithish/Documents/dag-dag-dag/.venv/lib/python3.10/site-packages/airflow/example_dags/example_branch_day_of_week_operator.py took 0.152 seconds
[2024-05-15T03:31:33.922+0800] {processor.py:161} INFO - Started process (PID=86800) to work on /home/jithish/Documents/dag-dag-dag/.venv/lib/python3.10/site-packages/airflow/example_dags/example_branch_day_of_week_operator.py
[2024-05-15T03:31:33.983+0800] {processor.py:830} INFO - Processing file /home/jithish/Documents/dag-dag-dag/.venv/lib/python3.10/site-packages/airflow/example_dags/example_branch_day_of_week_operator.py for tasks to queue
[2024-05-15T03:31:33.985+0800] {logging_mixin.py:188} INFO - [2024-05-15T03:31:33.985+0800] {dagbag.py:545} INFO - Filling up the DagBag from /home/jithish/Documents/dag-dag-dag/.venv/lib/python3.10/site-packages/airflow/example_dags/example_branch_day_of_week_operator.py
[2024-05-15T03:31:33.992+0800] {processor.py:840} INFO - DAG(s) 'example_weekday_branch_operator' retrieved from /home/jithish/Documents/dag-dag-dag/.venv/lib/python3.10/site-packages/airflow/example_dags/example_branch_day_of_week_operator.py
[2024-05-15T03:31:34.004+0800] {logging_mixin.py:188} INFO - [2024-05-15T03:31:34.004+0800] {dag.py:3096} INFO - Sync 1 DAGs
[2024-05-15T03:31:34.019+0800] {logging_mixin.py:188} INFO - [2024-05-15T03:31:34.019+0800] {dag.py:3954} INFO - Setting next_dagrun for example_weekday_branch_operator to 2024-05-13 00:00:00+00:00, run_after=2024-05-14 00:00:00+00:00
[2024-05-15T03:31:34.039+0800] {processor.py:183} INFO - Processing /home/jithish/Documents/dag-dag-dag/.venv/lib/python3.10/site-packages/airflow/example_dags/example_branch_day_of_week_operator.py took 0.123 seconds
[2024-05-15T03:32:50.338+0800] {processor.py:161} INFO - Started process (PID=87426) to work on /home/jithish/Documents/dag-dag-dag/.venv/lib/python3.10/site-packages/airflow/example_dags/example_branch_day_of_week_operator.py
[2024-05-15T03:32:50.383+0800] {processor.py:830} INFO - Processing file /home/jithish/Documents/dag-dag-dag/.venv/lib/python3.10/site-packages/airflow/example_dags/example_branch_day_of_week_operator.py for tasks to queue
[2024-05-15T03:32:50.386+0800] {logging_mixin.py:188} INFO - [2024-05-15T03:32:50.386+0800] {dagbag.py:545} INFO - Filling up the DagBag from /home/jithish/Documents/dag-dag-dag/.venv/lib/python3.10/site-packages/airflow/example_dags/example_branch_day_of_week_operator.py
[2024-05-15T03:32:50.398+0800] {processor.py:840} INFO - DAG(s) 'example_weekday_branch_operator' retrieved from /home/jithish/Documents/dag-dag-dag/.venv/lib/python3.10/site-packages/airflow/example_dags/example_branch_day_of_week_operator.py
[2024-05-15T03:32:50.417+0800] {logging_mixin.py:188} INFO - [2024-05-15T03:32:50.417+0800] {dag.py:3096} INFO - Sync 1 DAGs
[2024-05-15T03:32:50.442+0800] {logging_mixin.py:188} INFO - [2024-05-15T03:32:50.442+0800] {dag.py:3954} INFO - Setting next_dagrun for example_weekday_branch_operator to 2024-05-13 00:00:00+00:00, run_after=2024-05-14 00:00:00+00:00
[2024-05-15T03:32:50.470+0800] {processor.py:183} INFO - Processing /home/jithish/Documents/dag-dag-dag/.venv/lib/python3.10/site-packages/airflow/example_dags/example_branch_day_of_week_operator.py took 0.137 seconds
[2024-05-15T03:33:58.794+0800] {processor.py:161} INFO - Started process (PID=88079) to work on /home/jithish/Documents/dag-dag-dag/.venv/lib/python3.10/site-packages/airflow/example_dags/example_branch_day_of_week_operator.py
[2024-05-15T03:33:58.795+0800] {processor.py:830} INFO - Processing file /home/jithish/Documents/dag-dag-dag/.venv/lib/python3.10/site-packages/airflow/example_dags/example_branch_day_of_week_operator.py for tasks to queue
[2024-05-15T03:33:58.796+0800] {logging_mixin.py:188} INFO - [2024-05-15T03:33:58.796+0800] {dagbag.py:545} INFO - Filling up the DagBag from /home/jithish/Documents/dag-dag-dag/.venv/lib/python3.10/site-packages/airflow/example_dags/example_branch_day_of_week_operator.py
[2024-05-15T03:33:58.802+0800] {processor.py:840} INFO - DAG(s) 'example_weekday_branch_operator' retrieved from /home/jithish/Documents/dag-dag-dag/.venv/lib/python3.10/site-packages/airflow/example_dags/example_branch_day_of_week_operator.py
[2024-05-15T03:33:58.815+0800] {logging_mixin.py:188} INFO - [2024-05-15T03:33:58.814+0800] {dag.py:3096} INFO - Sync 1 DAGs
[2024-05-15T03:33:58.829+0800] {logging_mixin.py:188} INFO - [2024-05-15T03:33:58.828+0800] {dag.py:3954} INFO - Setting next_dagrun for example_weekday_branch_operator to 2024-05-13 00:00:00+00:00, run_after=2024-05-14 00:00:00+00:00
[2024-05-15T03:33:58.843+0800] {processor.py:183} INFO - Processing /home/jithish/Documents/dag-dag-dag/.venv/lib/python3.10/site-packages/airflow/example_dags/example_branch_day_of_week_operator.py took 0.054 seconds
[2024-05-15T03:35:09.028+0800] {processor.py:161} INFO - Started process (PID=88693) to work on /home/jithish/Documents/dag-dag-dag/.venv/lib/python3.10/site-packages/airflow/example_dags/example_branch_day_of_week_operator.py
[2024-05-15T03:35:09.088+0800] {processor.py:830} INFO - Processing file /home/jithish/Documents/dag-dag-dag/.venv/lib/python3.10/site-packages/airflow/example_dags/example_branch_day_of_week_operator.py for tasks to queue
[2024-05-15T03:35:09.090+0800] {logging_mixin.py:188} INFO - [2024-05-15T03:35:09.089+0800] {dagbag.py:545} INFO - Filling up the DagBag from /home/jithish/Documents/dag-dag-dag/.venv/lib/python3.10/site-packages/airflow/example_dags/example_branch_day_of_week_operator.py
[2024-05-15T03:35:09.095+0800] {processor.py:840} INFO - DAG(s) 'example_weekday_branch_operator' retrieved from /home/jithish/Documents/dag-dag-dag/.venv/lib/python3.10/site-packages/airflow/example_dags/example_branch_day_of_week_operator.py
[2024-05-15T03:35:09.108+0800] {logging_mixin.py:188} INFO - [2024-05-15T03:35:09.108+0800] {dag.py:3096} INFO - Sync 1 DAGs
[2024-05-15T03:35:09.123+0800] {logging_mixin.py:188} INFO - [2024-05-15T03:35:09.123+0800] {dag.py:3954} INFO - Setting next_dagrun for example_weekday_branch_operator to 2024-05-13 00:00:00+00:00, run_after=2024-05-14 00:00:00+00:00
[2024-05-15T03:35:09.146+0800] {processor.py:183} INFO - Processing /home/jithish/Documents/dag-dag-dag/.venv/lib/python3.10/site-packages/airflow/example_dags/example_branch_day_of_week_operator.py took 0.124 seconds
[2024-05-15T03:36:23.952+0800] {processor.py:161} INFO - Started process (PID=89392) to work on /home/jithish/Documents/dag-dag-dag/.venv/lib/python3.10/site-packages/airflow/example_dags/example_branch_day_of_week_operator.py
[2024-05-15T03:36:24.019+0800] {processor.py:830} INFO - Processing file /home/jithish/Documents/dag-dag-dag/.venv/lib/python3.10/site-packages/airflow/example_dags/example_branch_day_of_week_operator.py for tasks to queue
[2024-05-15T03:36:24.021+0800] {logging_mixin.py:188} INFO - [2024-05-15T03:36:24.020+0800] {dagbag.py:545} INFO - Filling up the DagBag from /home/jithish/Documents/dag-dag-dag/.venv/lib/python3.10/site-packages/airflow/example_dags/example_branch_day_of_week_operator.py
[2024-05-15T03:36:24.027+0800] {processor.py:840} INFO - DAG(s) 'example_weekday_branch_operator' retrieved from /home/jithish/Documents/dag-dag-dag/.venv/lib/python3.10/site-packages/airflow/example_dags/example_branch_day_of_week_operator.py
[2024-05-15T03:36:24.044+0800] {logging_mixin.py:188} INFO - [2024-05-15T03:36:24.043+0800] {dag.py:3096} INFO - Sync 1 DAGs
[2024-05-15T03:36:24.058+0800] {logging_mixin.py:188} INFO - [2024-05-15T03:36:24.058+0800] {dag.py:3954} INFO - Setting next_dagrun for example_weekday_branch_operator to 2024-05-13 00:00:00+00:00, run_after=2024-05-14 00:00:00+00:00
[2024-05-15T03:36:24.073+0800] {processor.py:183} INFO - Processing /home/jithish/Documents/dag-dag-dag/.venv/lib/python3.10/site-packages/airflow/example_dags/example_branch_day_of_week_operator.py took 0.125 seconds
[2024-05-15T03:37:37.557+0800] {processor.py:161} INFO - Started process (PID=90099) to work on /home/jithish/Documents/dag-dag-dag/.venv/lib/python3.10/site-packages/airflow/example_dags/example_branch_day_of_week_operator.py
[2024-05-15T03:37:37.618+0800] {processor.py:830} INFO - Processing file /home/jithish/Documents/dag-dag-dag/.venv/lib/python3.10/site-packages/airflow/example_dags/example_branch_day_of_week_operator.py for tasks to queue
[2024-05-15T03:37:37.620+0800] {logging_mixin.py:188} INFO - [2024-05-15T03:37:37.619+0800] {dagbag.py:545} INFO - Filling up the DagBag from /home/jithish/Documents/dag-dag-dag/.venv/lib/python3.10/site-packages/airflow/example_dags/example_branch_day_of_week_operator.py
[2024-05-15T03:37:37.627+0800] {processor.py:840} INFO - DAG(s) 'example_weekday_branch_operator' retrieved from /home/jithish/Documents/dag-dag-dag/.venv/lib/python3.10/site-packages/airflow/example_dags/example_branch_day_of_week_operator.py
[2024-05-15T03:37:37.640+0800] {logging_mixin.py:188} INFO - [2024-05-15T03:37:37.640+0800] {dag.py:3096} INFO - Sync 1 DAGs
[2024-05-15T03:37:37.654+0800] {logging_mixin.py:188} INFO - [2024-05-15T03:37:37.654+0800] {dag.py:3954} INFO - Setting next_dagrun for example_weekday_branch_operator to 2024-05-13 00:00:00+00:00, run_after=2024-05-14 00:00:00+00:00
[2024-05-15T03:37:37.671+0800] {processor.py:183} INFO - Processing /home/jithish/Documents/dag-dag-dag/.venv/lib/python3.10/site-packages/airflow/example_dags/example_branch_day_of_week_operator.py took 0.119 seconds
[2024-05-15T03:38:52.830+0800] {processor.py:161} INFO - Started process (PID=90885) to work on /home/jithish/Documents/dag-dag-dag/.venv/lib/python3.10/site-packages/airflow/example_dags/example_branch_day_of_week_operator.py
[2024-05-15T03:38:52.895+0800] {processor.py:830} INFO - Processing file /home/jithish/Documents/dag-dag-dag/.venv/lib/python3.10/site-packages/airflow/example_dags/example_branch_day_of_week_operator.py for tasks to queue
[2024-05-15T03:38:52.896+0800] {logging_mixin.py:188} INFO - [2024-05-15T03:38:52.896+0800] {dagbag.py:545} INFO - Filling up the DagBag from /home/jithish/Documents/dag-dag-dag/.venv/lib/python3.10/site-packages/airflow/example_dags/example_branch_day_of_week_operator.py
[2024-05-15T03:38:52.903+0800] {processor.py:840} INFO - DAG(s) 'example_weekday_branch_operator' retrieved from /home/jithish/Documents/dag-dag-dag/.venv/lib/python3.10/site-packages/airflow/example_dags/example_branch_day_of_week_operator.py
[2024-05-15T03:38:52.917+0800] {logging_mixin.py:188} INFO - [2024-05-15T03:38:52.917+0800] {dag.py:3096} INFO - Sync 1 DAGs
[2024-05-15T03:38:52.934+0800] {logging_mixin.py:188} INFO - [2024-05-15T03:38:52.934+0800] {dag.py:3954} INFO - Setting next_dagrun for example_weekday_branch_operator to 2024-05-13 00:00:00+00:00, run_after=2024-05-14 00:00:00+00:00
[2024-05-15T03:38:52.955+0800] {processor.py:183} INFO - Processing /home/jithish/Documents/dag-dag-dag/.venv/lib/python3.10/site-packages/airflow/example_dags/example_branch_day_of_week_operator.py took 0.130 seconds
[2024-05-15T03:39:57.321+0800] {processor.py:161} INFO - Started process (PID=92663) to work on /home/jithish/Documents/dag-dag-dag/.venv/lib/python3.10/site-packages/airflow/example_dags/example_branch_day_of_week_operator.py
[2024-05-15T03:39:57.382+0800] {processor.py:830} INFO - Processing file /home/jithish/Documents/dag-dag-dag/.venv/lib/python3.10/site-packages/airflow/example_dags/example_branch_day_of_week_operator.py for tasks to queue
[2024-05-15T03:39:57.384+0800] {logging_mixin.py:188} INFO - [2024-05-15T03:39:57.384+0800] {dagbag.py:545} INFO - Filling up the DagBag from /home/jithish/Documents/dag-dag-dag/.venv/lib/python3.10/site-packages/airflow/example_dags/example_branch_day_of_week_operator.py
[2024-05-15T03:39:57.390+0800] {processor.py:840} INFO - DAG(s) 'example_weekday_branch_operator' retrieved from /home/jithish/Documents/dag-dag-dag/.venv/lib/python3.10/site-packages/airflow/example_dags/example_branch_day_of_week_operator.py
[2024-05-15T03:39:57.403+0800] {logging_mixin.py:188} INFO - [2024-05-15T03:39:57.403+0800] {dag.py:3096} INFO - Sync 1 DAGs
[2024-05-15T03:39:57.419+0800] {logging_mixin.py:188} INFO - [2024-05-15T03:39:57.419+0800] {dag.py:3954} INFO - Setting next_dagrun for example_weekday_branch_operator to 2024-05-13 00:00:00+00:00, run_after=2024-05-14 00:00:00+00:00
[2024-05-15T03:39:57.439+0800] {processor.py:183} INFO - Processing /home/jithish/Documents/dag-dag-dag/.venv/lib/python3.10/site-packages/airflow/example_dags/example_branch_day_of_week_operator.py took 0.132 seconds
[2024-05-15T03:40:56.171+0800] {processor.py:161} INFO - Started process (PID=93492) to work on /home/jithish/Documents/dag-dag-dag/.venv/lib/python3.10/site-packages/airflow/example_dags/example_branch_day_of_week_operator.py
[2024-05-15T03:40:56.233+0800] {processor.py:830} INFO - Processing file /home/jithish/Documents/dag-dag-dag/.venv/lib/python3.10/site-packages/airflow/example_dags/example_branch_day_of_week_operator.py for tasks to queue
[2024-05-15T03:40:56.239+0800] {logging_mixin.py:188} INFO - [2024-05-15T03:40:56.237+0800] {dagbag.py:545} INFO - Filling up the DagBag from /home/jithish/Documents/dag-dag-dag/.venv/lib/python3.10/site-packages/airflow/example_dags/example_branch_day_of_week_operator.py
[2024-05-15T03:40:56.261+0800] {processor.py:840} INFO - DAG(s) 'example_weekday_branch_operator' retrieved from /home/jithish/Documents/dag-dag-dag/.venv/lib/python3.10/site-packages/airflow/example_dags/example_branch_day_of_week_operator.py
[2024-05-15T03:40:56.281+0800] {logging_mixin.py:188} INFO - [2024-05-15T03:40:56.281+0800] {dag.py:3096} INFO - Sync 1 DAGs
[2024-05-15T03:40:56.298+0800] {logging_mixin.py:188} INFO - [2024-05-15T03:40:56.298+0800] {dag.py:3954} INFO - Setting next_dagrun for example_weekday_branch_operator to 2024-05-13 00:00:00+00:00, run_after=2024-05-14 00:00:00+00:00
[2024-05-15T03:40:56.316+0800] {processor.py:183} INFO - Processing /home/jithish/Documents/dag-dag-dag/.venv/lib/python3.10/site-packages/airflow/example_dags/example_branch_day_of_week_operator.py took 0.152 seconds
[2024-05-15T03:42:16.390+0800] {processor.py:161} INFO - Started process (PID=94621) to work on /home/jithish/Documents/dag-dag-dag/.venv/lib/python3.10/site-packages/airflow/example_dags/example_branch_day_of_week_operator.py
[2024-05-15T03:42:16.425+0800] {processor.py:830} INFO - Processing file /home/jithish/Documents/dag-dag-dag/.venv/lib/python3.10/site-packages/airflow/example_dags/example_branch_day_of_week_operator.py for tasks to queue
[2024-05-15T03:42:16.430+0800] {logging_mixin.py:188} INFO - [2024-05-15T03:42:16.429+0800] {dagbag.py:545} INFO - Filling up the DagBag from /home/jithish/Documents/dag-dag-dag/.venv/lib/python3.10/site-packages/airflow/example_dags/example_branch_day_of_week_operator.py
[2024-05-15T03:42:16.459+0800] {processor.py:840} INFO - DAG(s) 'example_weekday_branch_operator' retrieved from /home/jithish/Documents/dag-dag-dag/.venv/lib/python3.10/site-packages/airflow/example_dags/example_branch_day_of_week_operator.py
[2024-05-15T03:42:16.476+0800] {logging_mixin.py:188} INFO - [2024-05-15T03:42:16.476+0800] {dag.py:3096} INFO - Sync 1 DAGs
[2024-05-15T03:42:16.492+0800] {logging_mixin.py:188} INFO - [2024-05-15T03:42:16.491+0800] {dag.py:3954} INFO - Setting next_dagrun for example_weekday_branch_operator to 2024-05-13 00:00:00+00:00, run_after=2024-05-14 00:00:00+00:00
[2024-05-15T03:42:16.507+0800] {processor.py:183} INFO - Processing /home/jithish/Documents/dag-dag-dag/.venv/lib/python3.10/site-packages/airflow/example_dags/example_branch_day_of_week_operator.py took 0.121 seconds
[2024-05-15T03:43:35.818+0800] {processor.py:161} INFO - Started process (PID=95755) to work on /home/jithish/Documents/dag-dag-dag/.venv/lib/python3.10/site-packages/airflow/example_dags/example_branch_day_of_week_operator.py
[2024-05-15T03:43:35.882+0800] {processor.py:830} INFO - Processing file /home/jithish/Documents/dag-dag-dag/.venv/lib/python3.10/site-packages/airflow/example_dags/example_branch_day_of_week_operator.py for tasks to queue
[2024-05-15T03:43:35.887+0800] {logging_mixin.py:188} INFO - [2024-05-15T03:43:35.886+0800] {dagbag.py:545} INFO - Filling up the DagBag from /home/jithish/Documents/dag-dag-dag/.venv/lib/python3.10/site-packages/airflow/example_dags/example_branch_day_of_week_operator.py
[2024-05-15T03:43:35.913+0800] {processor.py:840} INFO - DAG(s) 'example_weekday_branch_operator' retrieved from /home/jithish/Documents/dag-dag-dag/.venv/lib/python3.10/site-packages/airflow/example_dags/example_branch_day_of_week_operator.py
[2024-05-15T03:43:35.934+0800] {logging_mixin.py:188} INFO - [2024-05-15T03:43:35.933+0800] {dag.py:3096} INFO - Sync 1 DAGs
[2024-05-15T03:43:35.950+0800] {logging_mixin.py:188} INFO - [2024-05-15T03:43:35.949+0800] {dag.py:3954} INFO - Setting next_dagrun for example_weekday_branch_operator to 2024-05-13 00:00:00+00:00, run_after=2024-05-14 00:00:00+00:00
[2024-05-15T03:43:35.968+0800] {processor.py:183} INFO - Processing /home/jithish/Documents/dag-dag-dag/.venv/lib/python3.10/site-packages/airflow/example_dags/example_branch_day_of_week_operator.py took 0.155 seconds
[2024-05-15T03:44:34.742+0800] {processor.py:161} INFO - Started process (PID=96670) to work on /home/jithish/Documents/dag-dag-dag/.venv/lib/python3.10/site-packages/airflow/example_dags/example_branch_day_of_week_operator.py
[2024-05-15T03:44:34.805+0800] {processor.py:830} INFO - Processing file /home/jithish/Documents/dag-dag-dag/.venv/lib/python3.10/site-packages/airflow/example_dags/example_branch_day_of_week_operator.py for tasks to queue
[2024-05-15T03:44:34.810+0800] {logging_mixin.py:188} INFO - [2024-05-15T03:44:34.809+0800] {dagbag.py:545} INFO - Filling up the DagBag from /home/jithish/Documents/dag-dag-dag/.venv/lib/python3.10/site-packages/airflow/example_dags/example_branch_day_of_week_operator.py
[2024-05-15T03:44:34.835+0800] {processor.py:840} INFO - DAG(s) 'example_weekday_branch_operator' retrieved from /home/jithish/Documents/dag-dag-dag/.venv/lib/python3.10/site-packages/airflow/example_dags/example_branch_day_of_week_operator.py
[2024-05-15T03:44:34.855+0800] {logging_mixin.py:188} INFO - [2024-05-15T03:44:34.855+0800] {dag.py:3096} INFO - Sync 1 DAGs
[2024-05-15T03:44:34.870+0800] {logging_mixin.py:188} INFO - [2024-05-15T03:44:34.870+0800] {dag.py:3954} INFO - Setting next_dagrun for example_weekday_branch_operator to 2024-05-13 00:00:00+00:00, run_after=2024-05-14 00:00:00+00:00
[2024-05-15T03:44:34.898+0800] {processor.py:183} INFO - Processing /home/jithish/Documents/dag-dag-dag/.venv/lib/python3.10/site-packages/airflow/example_dags/example_branch_day_of_week_operator.py took 0.172 seconds
[2024-05-15T03:45:57.093+0800] {processor.py:161} INFO - Started process (PID=97587) to work on /home/jithish/Documents/dag-dag-dag/.venv/lib/python3.10/site-packages/airflow/example_dags/example_branch_day_of_week_operator.py
[2024-05-15T03:45:57.158+0800] {processor.py:830} INFO - Processing file /home/jithish/Documents/dag-dag-dag/.venv/lib/python3.10/site-packages/airflow/example_dags/example_branch_day_of_week_operator.py for tasks to queue
[2024-05-15T03:45:57.163+0800] {logging_mixin.py:188} INFO - [2024-05-15T03:45:57.162+0800] {dagbag.py:545} INFO - Filling up the DagBag from /home/jithish/Documents/dag-dag-dag/.venv/lib/python3.10/site-packages/airflow/example_dags/example_branch_day_of_week_operator.py
[2024-05-15T03:45:57.187+0800] {processor.py:840} INFO - DAG(s) 'example_weekday_branch_operator' retrieved from /home/jithish/Documents/dag-dag-dag/.venv/lib/python3.10/site-packages/airflow/example_dags/example_branch_day_of_week_operator.py
[2024-05-15T03:45:57.209+0800] {logging_mixin.py:188} INFO - [2024-05-15T03:45:57.209+0800] {dag.py:3096} INFO - Sync 1 DAGs
[2024-05-15T03:45:57.227+0800] {logging_mixin.py:188} INFO - [2024-05-15T03:45:57.226+0800] {dag.py:3954} INFO - Setting next_dagrun for example_weekday_branch_operator to 2024-05-13 00:00:00+00:00, run_after=2024-05-14 00:00:00+00:00
[2024-05-15T03:45:57.248+0800] {processor.py:183} INFO - Processing /home/jithish/Documents/dag-dag-dag/.venv/lib/python3.10/site-packages/airflow/example_dags/example_branch_day_of_week_operator.py took 0.171 seconds
[2024-05-15T03:47:05.325+0800] {processor.py:161} INFO - Started process (PID=98647) to work on /home/jithish/Documents/dag-dag-dag/.venv/lib/python3.10/site-packages/airflow/example_dags/example_branch_day_of_week_operator.py
[2024-05-15T03:47:05.386+0800] {processor.py:830} INFO - Processing file /home/jithish/Documents/dag-dag-dag/.venv/lib/python3.10/site-packages/airflow/example_dags/example_branch_day_of_week_operator.py for tasks to queue
[2024-05-15T03:47:05.391+0800] {logging_mixin.py:188} INFO - [2024-05-15T03:47:05.390+0800] {dagbag.py:545} INFO - Filling up the DagBag from /home/jithish/Documents/dag-dag-dag/.venv/lib/python3.10/site-packages/airflow/example_dags/example_branch_day_of_week_operator.py
[2024-05-15T03:47:05.411+0800] {processor.py:840} INFO - DAG(s) 'example_weekday_branch_operator' retrieved from /home/jithish/Documents/dag-dag-dag/.venv/lib/python3.10/site-packages/airflow/example_dags/example_branch_day_of_week_operator.py
[2024-05-15T03:47:05.431+0800] {logging_mixin.py:188} INFO - [2024-05-15T03:47:05.430+0800] {dag.py:3096} INFO - Sync 1 DAGs
[2024-05-15T03:47:05.447+0800] {logging_mixin.py:188} INFO - [2024-05-15T03:47:05.446+0800] {dag.py:3954} INFO - Setting next_dagrun for example_weekday_branch_operator to 2024-05-13 00:00:00+00:00, run_after=2024-05-14 00:00:00+00:00
[2024-05-15T03:47:05.469+0800] {processor.py:183} INFO - Processing /home/jithish/Documents/dag-dag-dag/.venv/lib/python3.10/site-packages/airflow/example_dags/example_branch_day_of_week_operator.py took 0.150 seconds
[2024-05-15T03:47:58.600+0800] {processor.py:161} INFO - Started process (PID=99394) to work on /home/jithish/Documents/dag-dag-dag/.venv/lib/python3.10/site-packages/airflow/example_dags/example_branch_day_of_week_operator.py
[2024-05-15T03:47:58.602+0800] {processor.py:830} INFO - Processing file /home/jithish/Documents/dag-dag-dag/.venv/lib/python3.10/site-packages/airflow/example_dags/example_branch_day_of_week_operator.py for tasks to queue
[2024-05-15T03:47:58.606+0800] {logging_mixin.py:188} INFO - [2024-05-15T03:47:58.605+0800] {dagbag.py:545} INFO - Filling up the DagBag from /home/jithish/Documents/dag-dag-dag/.venv/lib/python3.10/site-packages/airflow/example_dags/example_branch_day_of_week_operator.py
[2024-05-15T03:47:58.619+0800] {processor.py:840} INFO - DAG(s) 'example_weekday_branch_operator' retrieved from /home/jithish/Documents/dag-dag-dag/.venv/lib/python3.10/site-packages/airflow/example_dags/example_branch_day_of_week_operator.py
[2024-05-15T03:47:58.636+0800] {logging_mixin.py:188} INFO - [2024-05-15T03:47:58.636+0800] {dag.py:3096} INFO - Sync 1 DAGs
[2024-05-15T03:47:58.653+0800] {logging_mixin.py:188} INFO - [2024-05-15T03:47:58.652+0800] {dag.py:3954} INFO - Setting next_dagrun for example_weekday_branch_operator to 2024-05-13 00:00:00+00:00, run_after=2024-05-14 00:00:00+00:00
[2024-05-15T03:47:58.668+0800] {processor.py:183} INFO - Processing /home/jithish/Documents/dag-dag-dag/.venv/lib/python3.10/site-packages/airflow/example_dags/example_branch_day_of_week_operator.py took 0.081 seconds
[2024-05-15T03:49:19.720+0800] {processor.py:161} INFO - Started process (PID=100632) to work on /home/jithish/Documents/dag-dag-dag/.venv/lib/python3.10/site-packages/airflow/example_dags/example_branch_day_of_week_operator.py
[2024-05-15T03:49:19.783+0800] {processor.py:830} INFO - Processing file /home/jithish/Documents/dag-dag-dag/.venv/lib/python3.10/site-packages/airflow/example_dags/example_branch_day_of_week_operator.py for tasks to queue
[2024-05-15T03:49:19.789+0800] {logging_mixin.py:188} INFO - [2024-05-15T03:49:19.787+0800] {dagbag.py:545} INFO - Filling up the DagBag from /home/jithish/Documents/dag-dag-dag/.venv/lib/python3.10/site-packages/airflow/example_dags/example_branch_day_of_week_operator.py
[2024-05-15T03:49:19.815+0800] {processor.py:840} INFO - DAG(s) 'example_weekday_branch_operator' retrieved from /home/jithish/Documents/dag-dag-dag/.venv/lib/python3.10/site-packages/airflow/example_dags/example_branch_day_of_week_operator.py
[2024-05-15T03:49:19.835+0800] {logging_mixin.py:188} INFO - [2024-05-15T03:49:19.835+0800] {dag.py:3096} INFO - Sync 1 DAGs
[2024-05-15T03:49:19.851+0800] {logging_mixin.py:188} INFO - [2024-05-15T03:49:19.851+0800] {dag.py:3954} INFO - Setting next_dagrun for example_weekday_branch_operator to 2024-05-13 00:00:00+00:00, run_after=2024-05-14 00:00:00+00:00
[2024-05-15T03:49:19.872+0800] {processor.py:183} INFO - Processing /home/jithish/Documents/dag-dag-dag/.venv/lib/python3.10/site-packages/airflow/example_dags/example_branch_day_of_week_operator.py took 0.166 seconds
[2024-05-15T03:50:41.903+0800] {processor.py:161} INFO - Started process (PID=101736) to work on /home/jithish/Documents/dag-dag-dag/.venv/lib/python3.10/site-packages/airflow/example_dags/example_branch_day_of_week_operator.py
[2024-05-15T03:50:41.964+0800] {processor.py:830} INFO - Processing file /home/jithish/Documents/dag-dag-dag/.venv/lib/python3.10/site-packages/airflow/example_dags/example_branch_day_of_week_operator.py for tasks to queue
[2024-05-15T03:50:41.966+0800] {logging_mixin.py:188} INFO - [2024-05-15T03:50:41.965+0800] {dagbag.py:545} INFO - Filling up the DagBag from /home/jithish/Documents/dag-dag-dag/.venv/lib/python3.10/site-packages/airflow/example_dags/example_branch_day_of_week_operator.py
[2024-05-15T03:50:41.975+0800] {processor.py:840} INFO - DAG(s) 'example_weekday_branch_operator' retrieved from /home/jithish/Documents/dag-dag-dag/.venv/lib/python3.10/site-packages/airflow/example_dags/example_branch_day_of_week_operator.py
[2024-05-15T03:50:41.987+0800] {logging_mixin.py:188} INFO - [2024-05-15T03:50:41.987+0800] {dag.py:3096} INFO - Sync 1 DAGs
[2024-05-15T03:50:42.005+0800] {logging_mixin.py:188} INFO - [2024-05-15T03:50:42.004+0800] {dag.py:3954} INFO - Setting next_dagrun for example_weekday_branch_operator to 2024-05-13 00:00:00+00:00, run_after=2024-05-14 00:00:00+00:00
[2024-05-15T03:50:42.029+0800] {processor.py:183} INFO - Processing /home/jithish/Documents/dag-dag-dag/.venv/lib/python3.10/site-packages/airflow/example_dags/example_branch_day_of_week_operator.py took 0.140 seconds
[2024-05-15T03:51:38.521+0800] {processor.py:161} INFO - Started process (PID=102500) to work on /home/jithish/Documents/dag-dag-dag/.venv/lib/python3.10/site-packages/airflow/example_dags/example_branch_day_of_week_operator.py
[2024-05-15T03:51:38.582+0800] {processor.py:830} INFO - Processing file /home/jithish/Documents/dag-dag-dag/.venv/lib/python3.10/site-packages/airflow/example_dags/example_branch_day_of_week_operator.py for tasks to queue
[2024-05-15T03:51:38.583+0800] {logging_mixin.py:188} INFO - [2024-05-15T03:51:38.583+0800] {dagbag.py:545} INFO - Filling up the DagBag from /home/jithish/Documents/dag-dag-dag/.venv/lib/python3.10/site-packages/airflow/example_dags/example_branch_day_of_week_operator.py
[2024-05-15T03:51:38.589+0800] {processor.py:840} INFO - DAG(s) 'example_weekday_branch_operator' retrieved from /home/jithish/Documents/dag-dag-dag/.venv/lib/python3.10/site-packages/airflow/example_dags/example_branch_day_of_week_operator.py
[2024-05-15T03:51:38.603+0800] {logging_mixin.py:188} INFO - [2024-05-15T03:51:38.603+0800] {dag.py:3096} INFO - Sync 1 DAGs
[2024-05-15T03:51:38.617+0800] {logging_mixin.py:188} INFO - [2024-05-15T03:51:38.617+0800] {dag.py:3954} INFO - Setting next_dagrun for example_weekday_branch_operator to 2024-05-13 00:00:00+00:00, run_after=2024-05-14 00:00:00+00:00
[2024-05-15T03:51:38.645+0800] {processor.py:183} INFO - Processing /home/jithish/Documents/dag-dag-dag/.venv/lib/python3.10/site-packages/airflow/example_dags/example_branch_day_of_week_operator.py took 0.128 seconds
[2024-05-15T03:52:50.121+0800] {processor.py:161} INFO - Started process (PID=103220) to work on /home/jithish/Documents/dag-dag-dag/.venv/lib/python3.10/site-packages/airflow/example_dags/example_branch_day_of_week_operator.py
[2024-05-15T03:52:50.192+0800] {processor.py:830} INFO - Processing file /home/jithish/Documents/dag-dag-dag/.venv/lib/python3.10/site-packages/airflow/example_dags/example_branch_day_of_week_operator.py for tasks to queue
[2024-05-15T03:52:50.235+0800] {logging_mixin.py:188} INFO - [2024-05-15T03:52:50.234+0800] {dagbag.py:545} INFO - Filling up the DagBag from /home/jithish/Documents/dag-dag-dag/.venv/lib/python3.10/site-packages/airflow/example_dags/example_branch_day_of_week_operator.py
[2024-05-15T03:52:50.242+0800] {processor.py:840} INFO - DAG(s) 'example_weekday_branch_operator' retrieved from /home/jithish/Documents/dag-dag-dag/.venv/lib/python3.10/site-packages/airflow/example_dags/example_branch_day_of_week_operator.py
[2024-05-15T03:52:50.341+0800] {logging_mixin.py:188} INFO - [2024-05-15T03:52:50.340+0800] {dag.py:3096} INFO - Sync 1 DAGs
[2024-05-15T03:52:50.418+0800] {logging_mixin.py:188} INFO - [2024-05-15T03:52:50.417+0800] {dag.py:3954} INFO - Setting next_dagrun for example_weekday_branch_operator to 2024-05-13 00:00:00+00:00, run_after=2024-05-14 00:00:00+00:00
[2024-05-15T03:52:50.459+0800] {processor.py:183} INFO - Processing /home/jithish/Documents/dag-dag-dag/.venv/lib/python3.10/site-packages/airflow/example_dags/example_branch_day_of_week_operator.py took 0.344 seconds
[2024-05-15T03:54:14.102+0800] {processor.py:161} INFO - Started process (PID=104265) to work on /home/jithish/Documents/dag-dag-dag/.venv/lib/python3.10/site-packages/airflow/example_dags/example_branch_day_of_week_operator.py
[2024-05-15T03:54:14.163+0800] {processor.py:830} INFO - Processing file /home/jithish/Documents/dag-dag-dag/.venv/lib/python3.10/site-packages/airflow/example_dags/example_branch_day_of_week_operator.py for tasks to queue
[2024-05-15T03:54:14.166+0800] {logging_mixin.py:188} INFO - [2024-05-15T03:54:14.165+0800] {dagbag.py:545} INFO - Filling up the DagBag from /home/jithish/Documents/dag-dag-dag/.venv/lib/python3.10/site-packages/airflow/example_dags/example_branch_day_of_week_operator.py
[2024-05-15T03:54:14.178+0800] {processor.py:840} INFO - DAG(s) 'example_weekday_branch_operator' retrieved from /home/jithish/Documents/dag-dag-dag/.venv/lib/python3.10/site-packages/airflow/example_dags/example_branch_day_of_week_operator.py
[2024-05-15T03:54:14.203+0800] {logging_mixin.py:188} INFO - [2024-05-15T03:54:14.203+0800] {dag.py:3096} INFO - Sync 1 DAGs
[2024-05-15T03:54:14.221+0800] {logging_mixin.py:188} INFO - [2024-05-15T03:54:14.220+0800] {dag.py:3954} INFO - Setting next_dagrun for example_weekday_branch_operator to 2024-05-13 00:00:00+00:00, run_after=2024-05-14 00:00:00+00:00
[2024-05-15T03:54:14.247+0800] {processor.py:183} INFO - Processing /home/jithish/Documents/dag-dag-dag/.venv/lib/python3.10/site-packages/airflow/example_dags/example_branch_day_of_week_operator.py took 0.149 seconds
[2024-05-15T03:55:11.238+0800] {processor.py:161} INFO - Started process (PID=104975) to work on /home/jithish/Documents/dag-dag-dag/.venv/lib/python3.10/site-packages/airflow/example_dags/example_branch_day_of_week_operator.py
[2024-05-15T03:55:11.239+0800] {processor.py:830} INFO - Processing file /home/jithish/Documents/dag-dag-dag/.venv/lib/python3.10/site-packages/airflow/example_dags/example_branch_day_of_week_operator.py for tasks to queue
[2024-05-15T03:55:11.241+0800] {logging_mixin.py:188} INFO - [2024-05-15T03:55:11.240+0800] {dagbag.py:545} INFO - Filling up the DagBag from /home/jithish/Documents/dag-dag-dag/.venv/lib/python3.10/site-packages/airflow/example_dags/example_branch_day_of_week_operator.py
[2024-05-15T03:55:11.251+0800] {processor.py:840} INFO - DAG(s) 'example_weekday_branch_operator' retrieved from /home/jithish/Documents/dag-dag-dag/.venv/lib/python3.10/site-packages/airflow/example_dags/example_branch_day_of_week_operator.py
[2024-05-15T03:55:11.267+0800] {logging_mixin.py:188} INFO - [2024-05-15T03:55:11.267+0800] {dag.py:3096} INFO - Sync 1 DAGs
[2024-05-15T03:55:11.285+0800] {logging_mixin.py:188} INFO - [2024-05-15T03:55:11.285+0800] {dag.py:3954} INFO - Setting next_dagrun for example_weekday_branch_operator to 2024-05-13 00:00:00+00:00, run_after=2024-05-14 00:00:00+00:00
[2024-05-15T03:55:11.306+0800] {processor.py:183} INFO - Processing /home/jithish/Documents/dag-dag-dag/.venv/lib/python3.10/site-packages/airflow/example_dags/example_branch_day_of_week_operator.py took 0.080 seconds
[2024-05-15T03:56:26.122+0800] {processor.py:161} INFO - Started process (PID=105802) to work on /home/jithish/Documents/dag-dag-dag/.venv/lib/python3.10/site-packages/airflow/example_dags/example_branch_day_of_week_operator.py
[2024-05-15T03:56:26.184+0800] {processor.py:830} INFO - Processing file /home/jithish/Documents/dag-dag-dag/.venv/lib/python3.10/site-packages/airflow/example_dags/example_branch_day_of_week_operator.py for tasks to queue
[2024-05-15T03:56:26.189+0800] {logging_mixin.py:188} INFO - [2024-05-15T03:56:26.187+0800] {dagbag.py:545} INFO - Filling up the DagBag from /home/jithish/Documents/dag-dag-dag/.venv/lib/python3.10/site-packages/airflow/example_dags/example_branch_day_of_week_operator.py
[2024-05-15T03:56:26.211+0800] {processor.py:840} INFO - DAG(s) 'example_weekday_branch_operator' retrieved from /home/jithish/Documents/dag-dag-dag/.venv/lib/python3.10/site-packages/airflow/example_dags/example_branch_day_of_week_operator.py
[2024-05-15T03:56:26.235+0800] {logging_mixin.py:188} INFO - [2024-05-15T03:56:26.235+0800] {dag.py:3096} INFO - Sync 1 DAGs
[2024-05-15T03:56:26.251+0800] {logging_mixin.py:188} INFO - [2024-05-15T03:56:26.251+0800] {dag.py:3954} INFO - Setting next_dagrun for example_weekday_branch_operator to 2024-05-13 00:00:00+00:00, run_after=2024-05-14 00:00:00+00:00
[2024-05-15T03:56:26.268+0800] {processor.py:183} INFO - Processing /home/jithish/Documents/dag-dag-dag/.venv/lib/python3.10/site-packages/airflow/example_dags/example_branch_day_of_week_operator.py took 0.150 seconds
[2024-05-15T03:57:39.000+0800] {processor.py:161} INFO - Started process (PID=106495) to work on /home/jithish/Documents/dag-dag-dag/.venv/lib/python3.10/site-packages/airflow/example_dags/example_branch_day_of_week_operator.py
[2024-05-15T03:57:39.060+0800] {processor.py:830} INFO - Processing file /home/jithish/Documents/dag-dag-dag/.venv/lib/python3.10/site-packages/airflow/example_dags/example_branch_day_of_week_operator.py for tasks to queue
[2024-05-15T03:57:39.062+0800] {logging_mixin.py:188} INFO - [2024-05-15T03:57:39.061+0800] {dagbag.py:545} INFO - Filling up the DagBag from /home/jithish/Documents/dag-dag-dag/.venv/lib/python3.10/site-packages/airflow/example_dags/example_branch_day_of_week_operator.py
[2024-05-15T03:57:39.068+0800] {processor.py:840} INFO - DAG(s) 'example_weekday_branch_operator' retrieved from /home/jithish/Documents/dag-dag-dag/.venv/lib/python3.10/site-packages/airflow/example_dags/example_branch_day_of_week_operator.py
[2024-05-15T03:57:39.080+0800] {logging_mixin.py:188} INFO - [2024-05-15T03:57:39.079+0800] {dag.py:3096} INFO - Sync 1 DAGs
[2024-05-15T03:57:39.094+0800] {logging_mixin.py:188} INFO - [2024-05-15T03:57:39.094+0800] {dag.py:3954} INFO - Setting next_dagrun for example_weekday_branch_operator to 2024-05-13 00:00:00+00:00, run_after=2024-05-14 00:00:00+00:00
[2024-05-15T03:57:39.114+0800] {processor.py:183} INFO - Processing /home/jithish/Documents/dag-dag-dag/.venv/lib/python3.10/site-packages/airflow/example_dags/example_branch_day_of_week_operator.py took 0.119 seconds
[2024-05-15T03:58:47.917+0800] {processor.py:161} INFO - Started process (PID=107183) to work on /home/jithish/Documents/dag-dag-dag/.venv/lib/python3.10/site-packages/airflow/example_dags/example_branch_day_of_week_operator.py
[2024-05-15T03:58:47.978+0800] {processor.py:830} INFO - Processing file /home/jithish/Documents/dag-dag-dag/.venv/lib/python3.10/site-packages/airflow/example_dags/example_branch_day_of_week_operator.py for tasks to queue
[2024-05-15T03:58:47.980+0800] {logging_mixin.py:188} INFO - [2024-05-15T03:58:47.979+0800] {dagbag.py:545} INFO - Filling up the DagBag from /home/jithish/Documents/dag-dag-dag/.venv/lib/python3.10/site-packages/airflow/example_dags/example_branch_day_of_week_operator.py
[2024-05-15T03:58:47.988+0800] {processor.py:840} INFO - DAG(s) 'example_weekday_branch_operator' retrieved from /home/jithish/Documents/dag-dag-dag/.venv/lib/python3.10/site-packages/airflow/example_dags/example_branch_day_of_week_operator.py
[2024-05-15T03:58:48.007+0800] {logging_mixin.py:188} INFO - [2024-05-15T03:58:48.007+0800] {dag.py:3096} INFO - Sync 1 DAGs
[2024-05-15T03:58:48.032+0800] {logging_mixin.py:188} INFO - [2024-05-15T03:58:48.031+0800] {dag.py:3954} INFO - Setting next_dagrun for example_weekday_branch_operator to 2024-05-13 00:00:00+00:00, run_after=2024-05-14 00:00:00+00:00
[2024-05-15T03:58:48.058+0800] {processor.py:183} INFO - Processing /home/jithish/Documents/dag-dag-dag/.venv/lib/python3.10/site-packages/airflow/example_dags/example_branch_day_of_week_operator.py took 0.148 seconds
[2024-05-15T04:00:01.907+0800] {processor.py:161} INFO - Started process (PID=107852) to work on /home/jithish/Documents/dag-dag-dag/.venv/lib/python3.10/site-packages/airflow/example_dags/example_branch_day_of_week_operator.py
[2024-05-15T04:00:01.967+0800] {processor.py:830} INFO - Processing file /home/jithish/Documents/dag-dag-dag/.venv/lib/python3.10/site-packages/airflow/example_dags/example_branch_day_of_week_operator.py for tasks to queue
[2024-05-15T04:00:01.969+0800] {logging_mixin.py:188} INFO - [2024-05-15T04:00:01.968+0800] {dagbag.py:545} INFO - Filling up the DagBag from /home/jithish/Documents/dag-dag-dag/.venv/lib/python3.10/site-packages/airflow/example_dags/example_branch_day_of_week_operator.py
[2024-05-15T04:00:01.974+0800] {processor.py:840} INFO - DAG(s) 'example_weekday_branch_operator' retrieved from /home/jithish/Documents/dag-dag-dag/.venv/lib/python3.10/site-packages/airflow/example_dags/example_branch_day_of_week_operator.py
[2024-05-15T04:00:01.988+0800] {logging_mixin.py:188} INFO - [2024-05-15T04:00:01.988+0800] {dag.py:3096} INFO - Sync 1 DAGs
[2024-05-15T04:00:02.003+0800] {logging_mixin.py:188} INFO - [2024-05-15T04:00:02.003+0800] {dag.py:3954} INFO - Setting next_dagrun for example_weekday_branch_operator to 2024-05-13 00:00:00+00:00, run_after=2024-05-14 00:00:00+00:00
[2024-05-15T04:00:02.025+0800] {processor.py:183} INFO - Processing /home/jithish/Documents/dag-dag-dag/.venv/lib/python3.10/site-packages/airflow/example_dags/example_branch_day_of_week_operator.py took 0.123 seconds
[2024-05-15T04:01:15.533+0800] {processor.py:161} INFO - Started process (PID=108501) to work on /home/jithish/Documents/dag-dag-dag/.venv/lib/python3.10/site-packages/airflow/example_dags/example_branch_day_of_week_operator.py
[2024-05-15T04:01:15.593+0800] {processor.py:830} INFO - Processing file /home/jithish/Documents/dag-dag-dag/.venv/lib/python3.10/site-packages/airflow/example_dags/example_branch_day_of_week_operator.py for tasks to queue
[2024-05-15T04:01:15.595+0800] {logging_mixin.py:188} INFO - [2024-05-15T04:01:15.594+0800] {dagbag.py:545} INFO - Filling up the DagBag from /home/jithish/Documents/dag-dag-dag/.venv/lib/python3.10/site-packages/airflow/example_dags/example_branch_day_of_week_operator.py
[2024-05-15T04:01:15.600+0800] {processor.py:840} INFO - DAG(s) 'example_weekday_branch_operator' retrieved from /home/jithish/Documents/dag-dag-dag/.venv/lib/python3.10/site-packages/airflow/example_dags/example_branch_day_of_week_operator.py
[2024-05-15T04:01:15.611+0800] {logging_mixin.py:188} INFO - [2024-05-15T04:01:15.611+0800] {dag.py:3096} INFO - Sync 1 DAGs
[2024-05-15T04:01:15.624+0800] {logging_mixin.py:188} INFO - [2024-05-15T04:01:15.624+0800] {dag.py:3954} INFO - Setting next_dagrun for example_weekday_branch_operator to 2024-05-13 00:00:00+00:00, run_after=2024-05-14 00:00:00+00:00
[2024-05-15T04:01:15.651+0800] {processor.py:183} INFO - Processing /home/jithish/Documents/dag-dag-dag/.venv/lib/python3.10/site-packages/airflow/example_dags/example_branch_day_of_week_operator.py took 0.123 seconds
[2024-05-15T04:02:27.167+0800] {processor.py:161} INFO - Started process (PID=109166) to work on /home/jithish/Documents/dag-dag-dag/.venv/lib/python3.10/site-packages/airflow/example_dags/example_branch_day_of_week_operator.py
[2024-05-15T04:02:27.228+0800] {processor.py:830} INFO - Processing file /home/jithish/Documents/dag-dag-dag/.venv/lib/python3.10/site-packages/airflow/example_dags/example_branch_day_of_week_operator.py for tasks to queue
[2024-05-15T04:02:27.230+0800] {logging_mixin.py:188} INFO - [2024-05-15T04:02:27.229+0800] {dagbag.py:545} INFO - Filling up the DagBag from /home/jithish/Documents/dag-dag-dag/.venv/lib/python3.10/site-packages/airflow/example_dags/example_branch_day_of_week_operator.py
[2024-05-15T04:02:27.241+0800] {processor.py:840} INFO - DAG(s) 'example_weekday_branch_operator' retrieved from /home/jithish/Documents/dag-dag-dag/.venv/lib/python3.10/site-packages/airflow/example_dags/example_branch_day_of_week_operator.py
[2024-05-15T04:02:27.257+0800] {logging_mixin.py:188} INFO - [2024-05-15T04:02:27.257+0800] {dag.py:3096} INFO - Sync 1 DAGs
[2024-05-15T04:02:27.275+0800] {logging_mixin.py:188} INFO - [2024-05-15T04:02:27.275+0800] {dag.py:3954} INFO - Setting next_dagrun for example_weekday_branch_operator to 2024-05-13 00:00:00+00:00, run_after=2024-05-14 00:00:00+00:00
[2024-05-15T04:02:27.299+0800] {processor.py:183} INFO - Processing /home/jithish/Documents/dag-dag-dag/.venv/lib/python3.10/site-packages/airflow/example_dags/example_branch_day_of_week_operator.py took 0.138 seconds
[2024-05-15T04:03:58.620+0800] {processor.py:161} INFO - Started process (PID=110494) to work on /home/jithish/Documents/dag-dag-dag/.venv/lib/python3.10/site-packages/airflow/example_dags/example_branch_day_of_week_operator.py
[2024-05-15T04:03:58.621+0800] {processor.py:830} INFO - Processing file /home/jithish/Documents/dag-dag-dag/.venv/lib/python3.10/site-packages/airflow/example_dags/example_branch_day_of_week_operator.py for tasks to queue
[2024-05-15T04:03:58.622+0800] {logging_mixin.py:188} INFO - [2024-05-15T04:03:58.622+0800] {dagbag.py:545} INFO - Filling up the DagBag from /home/jithish/Documents/dag-dag-dag/.venv/lib/python3.10/site-packages/airflow/example_dags/example_branch_day_of_week_operator.py
[2024-05-15T04:03:58.627+0800] {processor.py:840} INFO - DAG(s) 'example_weekday_branch_operator' retrieved from /home/jithish/Documents/dag-dag-dag/.venv/lib/python3.10/site-packages/airflow/example_dags/example_branch_day_of_week_operator.py
[2024-05-15T04:03:58.640+0800] {logging_mixin.py:188} INFO - [2024-05-15T04:03:58.639+0800] {dag.py:3096} INFO - Sync 1 DAGs
[2024-05-15T04:03:58.654+0800] {logging_mixin.py:188} INFO - [2024-05-15T04:03:58.654+0800] {dag.py:3954} INFO - Setting next_dagrun for example_weekday_branch_operator to 2024-05-13 00:00:00+00:00, run_after=2024-05-14 00:00:00+00:00
[2024-05-15T04:03:58.672+0800] {processor.py:183} INFO - Processing /home/jithish/Documents/dag-dag-dag/.venv/lib/python3.10/site-packages/airflow/example_dags/example_branch_day_of_week_operator.py took 0.057 seconds
[2024-05-15T04:05:01.473+0800] {processor.py:161} INFO - Started process (PID=111414) to work on /home/jithish/Documents/dag-dag-dag/.venv/lib/python3.10/site-packages/airflow/example_dags/example_branch_day_of_week_operator.py
[2024-05-15T04:05:01.539+0800] {processor.py:830} INFO - Processing file /home/jithish/Documents/dag-dag-dag/.venv/lib/python3.10/site-packages/airflow/example_dags/example_branch_day_of_week_operator.py for tasks to queue
[2024-05-15T04:05:01.544+0800] {logging_mixin.py:188} INFO - [2024-05-15T04:05:01.542+0800] {dagbag.py:545} INFO - Filling up the DagBag from /home/jithish/Documents/dag-dag-dag/.venv/lib/python3.10/site-packages/airflow/example_dags/example_branch_day_of_week_operator.py
[2024-05-15T04:05:01.568+0800] {processor.py:840} INFO - DAG(s) 'example_weekday_branch_operator' retrieved from /home/jithish/Documents/dag-dag-dag/.venv/lib/python3.10/site-packages/airflow/example_dags/example_branch_day_of_week_operator.py
[2024-05-15T04:05:01.589+0800] {logging_mixin.py:188} INFO - [2024-05-15T04:05:01.589+0800] {dag.py:3096} INFO - Sync 1 DAGs
[2024-05-15T04:05:01.605+0800] {logging_mixin.py:188} INFO - [2024-05-15T04:05:01.605+0800] {dag.py:3954} INFO - Setting next_dagrun for example_weekday_branch_operator to 2024-05-13 00:00:00+00:00, run_after=2024-05-14 00:00:00+00:00
[2024-05-15T04:05:01.621+0800] {processor.py:183} INFO - Processing /home/jithish/Documents/dag-dag-dag/.venv/lib/python3.10/site-packages/airflow/example_dags/example_branch_day_of_week_operator.py took 0.153 seconds
[2024-05-15T04:06:23.108+0800] {processor.py:161} INFO - Started process (PID=112587) to work on /home/jithish/Documents/dag-dag-dag/.venv/lib/python3.10/site-packages/airflow/example_dags/example_branch_day_of_week_operator.py
[2024-05-15T04:06:23.170+0800] {processor.py:830} INFO - Processing file /home/jithish/Documents/dag-dag-dag/.venv/lib/python3.10/site-packages/airflow/example_dags/example_branch_day_of_week_operator.py for tasks to queue
[2024-05-15T04:06:23.175+0800] {logging_mixin.py:188} INFO - [2024-05-15T04:06:23.174+0800] {dagbag.py:545} INFO - Filling up the DagBag from /home/jithish/Documents/dag-dag-dag/.venv/lib/python3.10/site-packages/airflow/example_dags/example_branch_day_of_week_operator.py
[2024-05-15T04:06:23.199+0800] {processor.py:840} INFO - DAG(s) 'example_weekday_branch_operator' retrieved from /home/jithish/Documents/dag-dag-dag/.venv/lib/python3.10/site-packages/airflow/example_dags/example_branch_day_of_week_operator.py
[2024-05-15T04:06:23.219+0800] {logging_mixin.py:188} INFO - [2024-05-15T04:06:23.219+0800] {dag.py:3096} INFO - Sync 1 DAGs
[2024-05-15T04:06:23.237+0800] {logging_mixin.py:188} INFO - [2024-05-15T04:06:23.237+0800] {dag.py:3954} INFO - Setting next_dagrun for example_weekday_branch_operator to 2024-05-13 00:00:00+00:00, run_after=2024-05-14 00:00:00+00:00
[2024-05-15T04:06:23.263+0800] {processor.py:183} INFO - Processing /home/jithish/Documents/dag-dag-dag/.venv/lib/python3.10/site-packages/airflow/example_dags/example_branch_day_of_week_operator.py took 0.166 seconds
[2024-05-15T04:07:18.612+0800] {processor.py:161} INFO - Started process (PID=113392) to work on /home/jithish/Documents/dag-dag-dag/.venv/lib/python3.10/site-packages/airflow/example_dags/example_branch_day_of_week_operator.py
[2024-05-15T04:07:18.614+0800] {processor.py:830} INFO - Processing file /home/jithish/Documents/dag-dag-dag/.venv/lib/python3.10/site-packages/airflow/example_dags/example_branch_day_of_week_operator.py for tasks to queue
[2024-05-15T04:07:18.618+0800] {logging_mixin.py:188} INFO - [2024-05-15T04:07:18.617+0800] {dagbag.py:545} INFO - Filling up the DagBag from /home/jithish/Documents/dag-dag-dag/.venv/lib/python3.10/site-packages/airflow/example_dags/example_branch_day_of_week_operator.py
[2024-05-15T04:07:18.628+0800] {processor.py:840} INFO - DAG(s) 'example_weekday_branch_operator' retrieved from /home/jithish/Documents/dag-dag-dag/.venv/lib/python3.10/site-packages/airflow/example_dags/example_branch_day_of_week_operator.py
[2024-05-15T04:07:18.644+0800] {logging_mixin.py:188} INFO - [2024-05-15T04:07:18.643+0800] {dag.py:3096} INFO - Sync 1 DAGs
[2024-05-15T04:07:18.659+0800] {logging_mixin.py:188} INFO - [2024-05-15T04:07:18.659+0800] {dag.py:3954} INFO - Setting next_dagrun for example_weekday_branch_operator to 2024-05-13 00:00:00+00:00, run_after=2024-05-14 00:00:00+00:00
[2024-05-15T04:07:18.686+0800] {processor.py:183} INFO - Processing /home/jithish/Documents/dag-dag-dag/.venv/lib/python3.10/site-packages/airflow/example_dags/example_branch_day_of_week_operator.py took 0.092 seconds
[2024-05-15T04:08:44.268+0800] {processor.py:161} INFO - Started process (PID=114435) to work on /home/jithish/Documents/dag-dag-dag/.venv/lib/python3.10/site-packages/airflow/example_dags/example_branch_day_of_week_operator.py
[2024-05-15T04:08:44.329+0800] {processor.py:830} INFO - Processing file /home/jithish/Documents/dag-dag-dag/.venv/lib/python3.10/site-packages/airflow/example_dags/example_branch_day_of_week_operator.py for tasks to queue
[2024-05-15T04:08:44.331+0800] {logging_mixin.py:188} INFO - [2024-05-15T04:08:44.330+0800] {dagbag.py:545} INFO - Filling up the DagBag from /home/jithish/Documents/dag-dag-dag/.venv/lib/python3.10/site-packages/airflow/example_dags/example_branch_day_of_week_operator.py
[2024-05-15T04:08:44.337+0800] {processor.py:840} INFO - DAG(s) 'example_weekday_branch_operator' retrieved from /home/jithish/Documents/dag-dag-dag/.venv/lib/python3.10/site-packages/airflow/example_dags/example_branch_day_of_week_operator.py
[2024-05-15T04:08:44.351+0800] {logging_mixin.py:188} INFO - [2024-05-15T04:08:44.351+0800] {dag.py:3096} INFO - Sync 1 DAGs
[2024-05-15T04:08:44.366+0800] {logging_mixin.py:188} INFO - [2024-05-15T04:08:44.366+0800] {dag.py:3954} INFO - Setting next_dagrun for example_weekday_branch_operator to 2024-05-13 00:00:00+00:00, run_after=2024-05-14 00:00:00+00:00
[2024-05-15T04:08:44.386+0800] {processor.py:183} INFO - Processing /home/jithish/Documents/dag-dag-dag/.venv/lib/python3.10/site-packages/airflow/example_dags/example_branch_day_of_week_operator.py took 0.121 seconds
[2024-05-15T04:09:41.678+0800] {processor.py:161} INFO - Started process (PID=115319) to work on /home/jithish/Documents/dag-dag-dag/.venv/lib/python3.10/site-packages/airflow/example_dags/example_branch_day_of_week_operator.py
[2024-05-15T04:09:41.740+0800] {processor.py:830} INFO - Processing file /home/jithish/Documents/dag-dag-dag/.venv/lib/python3.10/site-packages/airflow/example_dags/example_branch_day_of_week_operator.py for tasks to queue
[2024-05-15T04:09:41.746+0800] {logging_mixin.py:188} INFO - [2024-05-15T04:09:41.745+0800] {dagbag.py:545} INFO - Filling up the DagBag from /home/jithish/Documents/dag-dag-dag/.venv/lib/python3.10/site-packages/airflow/example_dags/example_branch_day_of_week_operator.py
[2024-05-15T04:09:41.772+0800] {processor.py:840} INFO - DAG(s) 'example_weekday_branch_operator' retrieved from /home/jithish/Documents/dag-dag-dag/.venv/lib/python3.10/site-packages/airflow/example_dags/example_branch_day_of_week_operator.py
[2024-05-15T04:09:41.794+0800] {logging_mixin.py:188} INFO - [2024-05-15T04:09:41.794+0800] {dag.py:3096} INFO - Sync 1 DAGs
[2024-05-15T04:09:41.811+0800] {logging_mixin.py:188} INFO - [2024-05-15T04:09:41.811+0800] {dag.py:3954} INFO - Setting next_dagrun for example_weekday_branch_operator to 2024-05-13 00:00:00+00:00, run_after=2024-05-14 00:00:00+00:00
[2024-05-15T04:09:41.838+0800] {processor.py:183} INFO - Processing /home/jithish/Documents/dag-dag-dag/.venv/lib/python3.10/site-packages/airflow/example_dags/example_branch_day_of_week_operator.py took 0.166 seconds
[2024-05-15T04:11:02.791+0800] {processor.py:161} INFO - Started process (PID=116484) to work on /home/jithish/Documents/dag-dag-dag/.venv/lib/python3.10/site-packages/airflow/example_dags/example_branch_day_of_week_operator.py
[2024-05-15T04:11:02.853+0800] {processor.py:830} INFO - Processing file /home/jithish/Documents/dag-dag-dag/.venv/lib/python3.10/site-packages/airflow/example_dags/example_branch_day_of_week_operator.py for tasks to queue
[2024-05-15T04:11:02.858+0800] {logging_mixin.py:188} INFO - [2024-05-15T04:11:02.856+0800] {dagbag.py:545} INFO - Filling up the DagBag from /home/jithish/Documents/dag-dag-dag/.venv/lib/python3.10/site-packages/airflow/example_dags/example_branch_day_of_week_operator.py
[2024-05-15T04:11:02.881+0800] {processor.py:840} INFO - DAG(s) 'example_weekday_branch_operator' retrieved from /home/jithish/Documents/dag-dag-dag/.venv/lib/python3.10/site-packages/airflow/example_dags/example_branch_day_of_week_operator.py
[2024-05-15T04:11:02.903+0800] {logging_mixin.py:188} INFO - [2024-05-15T04:11:02.903+0800] {dag.py:3096} INFO - Sync 1 DAGs
[2024-05-15T04:11:02.919+0800] {logging_mixin.py:188} INFO - [2024-05-15T04:11:02.919+0800] {dag.py:3954} INFO - Setting next_dagrun for example_weekday_branch_operator to 2024-05-13 00:00:00+00:00, run_after=2024-05-14 00:00:00+00:00
[2024-05-15T04:11:02.949+0800] {processor.py:183} INFO - Processing /home/jithish/Documents/dag-dag-dag/.venv/lib/python3.10/site-packages/airflow/example_dags/example_branch_day_of_week_operator.py took 0.167 seconds
[2024-05-15T04:12:27.725+0800] {processor.py:161} INFO - Started process (PID=117708) to work on /home/jithish/Documents/dag-dag-dag/.venv/lib/python3.10/site-packages/airflow/example_dags/example_branch_day_of_week_operator.py
[2024-05-15T04:12:27.787+0800] {processor.py:830} INFO - Processing file /home/jithish/Documents/dag-dag-dag/.venv/lib/python3.10/site-packages/airflow/example_dags/example_branch_day_of_week_operator.py for tasks to queue
[2024-05-15T04:12:27.788+0800] {logging_mixin.py:188} INFO - [2024-05-15T04:12:27.788+0800] {dagbag.py:545} INFO - Filling up the DagBag from /home/jithish/Documents/dag-dag-dag/.venv/lib/python3.10/site-packages/airflow/example_dags/example_branch_day_of_week_operator.py
[2024-05-15T04:12:27.793+0800] {processor.py:840} INFO - DAG(s) 'example_weekday_branch_operator' retrieved from /home/jithish/Documents/dag-dag-dag/.venv/lib/python3.10/site-packages/airflow/example_dags/example_branch_day_of_week_operator.py
[2024-05-15T04:12:27.807+0800] {logging_mixin.py:188} INFO - [2024-05-15T04:12:27.807+0800] {dag.py:3096} INFO - Sync 1 DAGs
[2024-05-15T04:12:27.823+0800] {logging_mixin.py:188} INFO - [2024-05-15T04:12:27.823+0800] {dag.py:3954} INFO - Setting next_dagrun for example_weekday_branch_operator to 2024-05-13 00:00:00+00:00, run_after=2024-05-14 00:00:00+00:00
[2024-05-15T04:12:27.842+0800] {processor.py:183} INFO - Processing /home/jithish/Documents/dag-dag-dag/.venv/lib/python3.10/site-packages/airflow/example_dags/example_branch_day_of_week_operator.py took 0.127 seconds
[2024-05-15T04:13:23.710+0800] {processor.py:161} INFO - Started process (PID=118511) to work on /home/jithish/Documents/dag-dag-dag/.venv/lib/python3.10/site-packages/airflow/example_dags/example_branch_day_of_week_operator.py
[2024-05-15T04:13:23.772+0800] {processor.py:830} INFO - Processing file /home/jithish/Documents/dag-dag-dag/.venv/lib/python3.10/site-packages/airflow/example_dags/example_branch_day_of_week_operator.py for tasks to queue
[2024-05-15T04:13:23.778+0800] {logging_mixin.py:188} INFO - [2024-05-15T04:13:23.776+0800] {dagbag.py:545} INFO - Filling up the DagBag from /home/jithish/Documents/dag-dag-dag/.venv/lib/python3.10/site-packages/airflow/example_dags/example_branch_day_of_week_operator.py
[2024-05-15T04:13:23.803+0800] {processor.py:840} INFO - DAG(s) 'example_weekday_branch_operator' retrieved from /home/jithish/Documents/dag-dag-dag/.venv/lib/python3.10/site-packages/airflow/example_dags/example_branch_day_of_week_operator.py
[2024-05-15T04:13:23.826+0800] {logging_mixin.py:188} INFO - [2024-05-15T04:13:23.825+0800] {dag.py:3096} INFO - Sync 1 DAGs
[2024-05-15T04:13:23.841+0800] {logging_mixin.py:188} INFO - [2024-05-15T04:13:23.841+0800] {dag.py:3954} INFO - Setting next_dagrun for example_weekday_branch_operator to 2024-05-13 00:00:00+00:00, run_after=2024-05-14 00:00:00+00:00
[2024-05-15T04:13:23.867+0800] {processor.py:183} INFO - Processing /home/jithish/Documents/dag-dag-dag/.venv/lib/python3.10/site-packages/airflow/example_dags/example_branch_day_of_week_operator.py took 0.168 seconds
[2024-05-15T04:14:19.666+0800] {processor.py:161} INFO - Started process (PID=119337) to work on /home/jithish/Documents/dag-dag-dag/.venv/lib/python3.10/site-packages/airflow/example_dags/example_branch_day_of_week_operator.py
[2024-05-15T04:14:19.727+0800] {processor.py:830} INFO - Processing file /home/jithish/Documents/dag-dag-dag/.venv/lib/python3.10/site-packages/airflow/example_dags/example_branch_day_of_week_operator.py for tasks to queue
[2024-05-15T04:14:19.732+0800] {logging_mixin.py:188} INFO - [2024-05-15T04:14:19.731+0800] {dagbag.py:545} INFO - Filling up the DagBag from /home/jithish/Documents/dag-dag-dag/.venv/lib/python3.10/site-packages/airflow/example_dags/example_branch_day_of_week_operator.py
[2024-05-15T04:14:19.755+0800] {processor.py:840} INFO - DAG(s) 'example_weekday_branch_operator' retrieved from /home/jithish/Documents/dag-dag-dag/.venv/lib/python3.10/site-packages/airflow/example_dags/example_branch_day_of_week_operator.py
[2024-05-15T04:14:19.780+0800] {logging_mixin.py:188} INFO - [2024-05-15T04:14:19.780+0800] {dag.py:3096} INFO - Sync 1 DAGs
[2024-05-15T04:14:19.798+0800] {logging_mixin.py:188} INFO - [2024-05-15T04:14:19.798+0800] {dag.py:3954} INFO - Setting next_dagrun for example_weekday_branch_operator to 2024-05-13 00:00:00+00:00, run_after=2024-05-14 00:00:00+00:00
[2024-05-15T04:14:19.825+0800] {processor.py:183} INFO - Processing /home/jithish/Documents/dag-dag-dag/.venv/lib/python3.10/site-packages/airflow/example_dags/example_branch_day_of_week_operator.py took 0.164 seconds
[2024-05-15T04:15:15.201+0800] {processor.py:161} INFO - Started process (PID=119914) to work on /home/jithish/Documents/dag-dag-dag/.venv/lib/python3.10/site-packages/airflow/example_dags/example_branch_day_of_week_operator.py
[2024-05-15T04:15:15.202+0800] {processor.py:830} INFO - Processing file /home/jithish/Documents/dag-dag-dag/.venv/lib/python3.10/site-packages/airflow/example_dags/example_branch_day_of_week_operator.py for tasks to queue
[2024-05-15T04:15:15.205+0800] {logging_mixin.py:188} INFO - [2024-05-15T04:15:15.204+0800] {dagbag.py:545} INFO - Filling up the DagBag from /home/jithish/Documents/dag-dag-dag/.venv/lib/python3.10/site-packages/airflow/example_dags/example_branch_day_of_week_operator.py
[2024-05-15T04:15:15.216+0800] {processor.py:840} INFO - DAG(s) 'example_weekday_branch_operator' retrieved from /home/jithish/Documents/dag-dag-dag/.venv/lib/python3.10/site-packages/airflow/example_dags/example_branch_day_of_week_operator.py
[2024-05-15T04:15:15.235+0800] {logging_mixin.py:188} INFO - [2024-05-15T04:15:15.234+0800] {dag.py:3096} INFO - Sync 1 DAGs
[2024-05-15T04:15:15.254+0800] {logging_mixin.py:188} INFO - [2024-05-15T04:15:15.254+0800] {dag.py:3954} INFO - Setting next_dagrun for example_weekday_branch_operator to 2024-05-13 00:00:00+00:00, run_after=2024-05-14 00:00:00+00:00
[2024-05-15T04:15:15.272+0800] {processor.py:183} INFO - Processing /home/jithish/Documents/dag-dag-dag/.venv/lib/python3.10/site-packages/airflow/example_dags/example_branch_day_of_week_operator.py took 0.080 seconds
