[2024-05-15T02:58:31.173+0800] {processor.py:161} INFO - Started process (PID=64782) to work on /home/jithish/Documents/dag-dag-dag/.venv/lib/python3.10/site-packages/airflow/example_dags/tutorial_dag.py
[2024-05-15T02:58:31.174+0800] {processor.py:830} INFO - Processing file /home/jithish/Documents/dag-dag-dag/.venv/lib/python3.10/site-packages/airflow/example_dags/tutorial_dag.py for tasks to queue
[2024-05-15T02:58:31.177+0800] {logging_mixin.py:188} INFO - [2024-05-15T02:58:31.176+0800] {dagbag.py:545} INFO - Filling up the DagBag from /home/jithish/Documents/dag-dag-dag/.venv/lib/python3.10/site-packages/airflow/example_dags/tutorial_dag.py
[2024-05-15T02:58:31.183+0800] {processor.py:840} INFO - DAG(s) 'tutorial_dag' retrieved from /home/jithish/Documents/dag-dag-dag/.venv/lib/python3.10/site-packages/airflow/example_dags/tutorial_dag.py
[2024-05-15T02:58:31.282+0800] {logging_mixin.py:188} INFO - [2024-05-15T02:58:31.281+0800] {override.py:1829} INFO - Created Permission View: can read on DAG:tutorial_dag
[2024-05-15T02:58:31.292+0800] {logging_mixin.py:188} INFO - [2024-05-15T02:58:31.292+0800] {override.py:1829} INFO - Created Permission View: can edit on DAG:tutorial_dag
[2024-05-15T02:58:31.298+0800] {logging_mixin.py:188} INFO - [2024-05-15T02:58:31.297+0800] {override.py:1829} INFO - Created Permission View: can delete on DAG:tutorial_dag
[2024-05-15T02:58:31.298+0800] {logging_mixin.py:188} INFO - [2024-05-15T02:58:31.298+0800] {dag.py:3096} INFO - Sync 1 DAGs
[2024-05-15T02:58:31.306+0800] {logging_mixin.py:188} INFO - [2024-05-15T02:58:31.306+0800] {dag.py:3118} INFO - Creating ORM DAG for tutorial_dag
[2024-05-15T02:58:31.307+0800] {logging_mixin.py:188} INFO - [2024-05-15T02:58:31.307+0800] {dag.py:3954} INFO - Setting next_dagrun for tutorial_dag to None, run_after=None
[2024-05-15T02:58:31.323+0800] {processor.py:183} INFO - Processing /home/jithish/Documents/dag-dag-dag/.venv/lib/python3.10/site-packages/airflow/example_dags/tutorial_dag.py took 0.157 seconds
[2024-05-15T02:58:51.976+0800] {processor.py:161} INFO - Started process (PID=65216) to work on /home/jithish/Documents/dag-dag-dag/.venv/lib/python3.10/site-packages/airflow/example_dags/tutorial_dag.py
[2024-05-15T02:58:51.977+0800] {processor.py:830} INFO - Processing file /home/jithish/Documents/dag-dag-dag/.venv/lib/python3.10/site-packages/airflow/example_dags/tutorial_dag.py for tasks to queue
[2024-05-15T02:58:51.978+0800] {logging_mixin.py:188} INFO - [2024-05-15T02:58:51.978+0800] {dagbag.py:545} INFO - Filling up the DagBag from /home/jithish/Documents/dag-dag-dag/.venv/lib/python3.10/site-packages/airflow/example_dags/tutorial_dag.py
[2024-05-15T02:58:51.982+0800] {processor.py:840} INFO - DAG(s) 'tutorial_dag' retrieved from /home/jithish/Documents/dag-dag-dag/.venv/lib/python3.10/site-packages/airflow/example_dags/tutorial_dag.py
[2024-05-15T02:58:51.987+0800] {logging_mixin.py:188} INFO - [2024-05-15T02:58:51.987+0800] {dag.py:3096} INFO - Sync 1 DAGs
[2024-05-15T02:58:51.997+0800] {logging_mixin.py:188} INFO - [2024-05-15T02:58:51.997+0800] {dag.py:3954} INFO - Setting next_dagrun for tutorial_dag to None, run_after=None
[2024-05-15T02:58:52.019+0800] {processor.py:183} INFO - Processing /home/jithish/Documents/dag-dag-dag/.venv/lib/python3.10/site-packages/airflow/example_dags/tutorial_dag.py took 0.047 seconds
[2024-05-15T02:59:52.048+0800] {processor.py:161} INFO - Started process (PID=66162) to work on /home/jithish/Documents/dag-dag-dag/.venv/lib/python3.10/site-packages/airflow/example_dags/tutorial_dag.py
[2024-05-15T02:59:52.110+0800] {processor.py:830} INFO - Processing file /home/jithish/Documents/dag-dag-dag/.venv/lib/python3.10/site-packages/airflow/example_dags/tutorial_dag.py for tasks to queue
[2024-05-15T02:59:52.114+0800] {logging_mixin.py:188} INFO - [2024-05-15T02:59:52.113+0800] {dagbag.py:545} INFO - Filling up the DagBag from /home/jithish/Documents/dag-dag-dag/.venv/lib/python3.10/site-packages/airflow/example_dags/tutorial_dag.py
[2024-05-15T02:59:52.129+0800] {processor.py:840} INFO - DAG(s) 'tutorial_dag' retrieved from /home/jithish/Documents/dag-dag-dag/.venv/lib/python3.10/site-packages/airflow/example_dags/tutorial_dag.py
[2024-05-15T02:59:52.146+0800] {logging_mixin.py:188} INFO - [2024-05-15T02:59:52.146+0800] {dag.py:3096} INFO - Sync 1 DAGs
[2024-05-15T02:59:52.161+0800] {logging_mixin.py:188} INFO - [2024-05-15T02:59:52.161+0800] {dag.py:3954} INFO - Setting next_dagrun for tutorial_dag to None, run_after=None
[2024-05-15T02:59:52.182+0800] {processor.py:183} INFO - Processing /home/jithish/Documents/dag-dag-dag/.venv/lib/python3.10/site-packages/airflow/example_dags/tutorial_dag.py took 0.140 seconds
[2024-05-15T03:14:05.755+0800] {processor.py:161} INFO - Started process (PID=74736) to work on /home/jithish/Documents/dag-dag-dag/.venv/lib/python3.10/site-packages/airflow/example_dags/tutorial_dag.py
[2024-05-15T03:14:05.817+0800] {processor.py:830} INFO - Processing file /home/jithish/Documents/dag-dag-dag/.venv/lib/python3.10/site-packages/airflow/example_dags/tutorial_dag.py for tasks to queue
[2024-05-15T03:14:05.823+0800] {logging_mixin.py:188} INFO - [2024-05-15T03:14:05.821+0800] {dagbag.py:545} INFO - Filling up the DagBag from /home/jithish/Documents/dag-dag-dag/.venv/lib/python3.10/site-packages/airflow/example_dags/tutorial_dag.py
[2024-05-15T03:14:05.838+0800] {processor.py:840} INFO - DAG(s) 'tutorial_dag' retrieved from /home/jithish/Documents/dag-dag-dag/.venv/lib/python3.10/site-packages/airflow/example_dags/tutorial_dag.py
[2024-05-15T03:14:05.925+0800] {logging_mixin.py:188} INFO - [2024-05-15T03:14:05.925+0800] {dag.py:3096} INFO - Sync 1 DAGs
[2024-05-15T03:14:05.932+0800] {logging_mixin.py:188} INFO - [2024-05-15T03:14:05.931+0800] {dag.py:3954} INFO - Setting next_dagrun for tutorial_dag to None, run_after=None
[2024-05-15T03:14:06.022+0800] {processor.py:183} INFO - Processing /home/jithish/Documents/dag-dag-dag/.venv/lib/python3.10/site-packages/airflow/example_dags/tutorial_dag.py took 0.273 seconds
[2024-05-15T03:15:09.955+0800] {processor.py:161} INFO - Started process (PID=75487) to work on /home/jithish/Documents/dag-dag-dag/.venv/lib/python3.10/site-packages/airflow/example_dags/tutorial_dag.py
[2024-05-15T03:15:10.016+0800] {processor.py:830} INFO - Processing file /home/jithish/Documents/dag-dag-dag/.venv/lib/python3.10/site-packages/airflow/example_dags/tutorial_dag.py for tasks to queue
[2024-05-15T03:15:10.018+0800] {logging_mixin.py:188} INFO - [2024-05-15T03:15:10.017+0800] {dagbag.py:545} INFO - Filling up the DagBag from /home/jithish/Documents/dag-dag-dag/.venv/lib/python3.10/site-packages/airflow/example_dags/tutorial_dag.py
[2024-05-15T03:15:10.024+0800] {processor.py:840} INFO - DAG(s) 'tutorial_dag' retrieved from /home/jithish/Documents/dag-dag-dag/.venv/lib/python3.10/site-packages/airflow/example_dags/tutorial_dag.py
[2024-05-15T03:15:10.046+0800] {logging_mixin.py:188} INFO - [2024-05-15T03:15:10.045+0800] {dag.py:3096} INFO - Sync 1 DAGs
[2024-05-15T03:15:10.062+0800] {logging_mixin.py:188} INFO - [2024-05-15T03:15:10.061+0800] {dag.py:3954} INFO - Setting next_dagrun for tutorial_dag to None, run_after=None
[2024-05-15T03:15:10.091+0800] {processor.py:183} INFO - Processing /home/jithish/Documents/dag-dag-dag/.venv/lib/python3.10/site-packages/airflow/example_dags/tutorial_dag.py took 0.141 seconds
[2024-05-15T03:16:12.493+0800] {processor.py:161} INFO - Started process (PID=76297) to work on /home/jithish/Documents/dag-dag-dag/.venv/lib/python3.10/site-packages/airflow/example_dags/tutorial_dag.py
[2024-05-15T03:16:12.554+0800] {processor.py:830} INFO - Processing file /home/jithish/Documents/dag-dag-dag/.venv/lib/python3.10/site-packages/airflow/example_dags/tutorial_dag.py for tasks to queue
[2024-05-15T03:16:12.559+0800] {logging_mixin.py:188} INFO - [2024-05-15T03:16:12.558+0800] {dagbag.py:545} INFO - Filling up the DagBag from /home/jithish/Documents/dag-dag-dag/.venv/lib/python3.10/site-packages/airflow/example_dags/tutorial_dag.py
[2024-05-15T03:16:12.574+0800] {processor.py:840} INFO - DAG(s) 'tutorial_dag' retrieved from /home/jithish/Documents/dag-dag-dag/.venv/lib/python3.10/site-packages/airflow/example_dags/tutorial_dag.py
[2024-05-15T03:16:12.602+0800] {logging_mixin.py:188} INFO - [2024-05-15T03:16:12.601+0800] {dag.py:3096} INFO - Sync 1 DAGs
[2024-05-15T03:16:12.693+0800] {logging_mixin.py:188} INFO - [2024-05-15T03:16:12.693+0800] {dag.py:3954} INFO - Setting next_dagrun for tutorial_dag to None, run_after=None
[2024-05-15T03:16:12.771+0800] {processor.py:183} INFO - Processing /home/jithish/Documents/dag-dag-dag/.venv/lib/python3.10/site-packages/airflow/example_dags/tutorial_dag.py took 0.282 seconds
[2024-05-15T03:17:13.001+0800] {processor.py:161} INFO - Started process (PID=77078) to work on /home/jithish/Documents/dag-dag-dag/.venv/lib/python3.10/site-packages/airflow/example_dags/tutorial_dag.py
[2024-05-15T03:17:13.063+0800] {processor.py:830} INFO - Processing file /home/jithish/Documents/dag-dag-dag/.venv/lib/python3.10/site-packages/airflow/example_dags/tutorial_dag.py for tasks to queue
[2024-05-15T03:17:13.065+0800] {logging_mixin.py:188} INFO - [2024-05-15T03:17:13.065+0800] {dagbag.py:545} INFO - Filling up the DagBag from /home/jithish/Documents/dag-dag-dag/.venv/lib/python3.10/site-packages/airflow/example_dags/tutorial_dag.py
[2024-05-15T03:17:13.073+0800] {processor.py:840} INFO - DAG(s) 'tutorial_dag' retrieved from /home/jithish/Documents/dag-dag-dag/.venv/lib/python3.10/site-packages/airflow/example_dags/tutorial_dag.py
[2024-05-15T03:17:13.087+0800] {logging_mixin.py:188} INFO - [2024-05-15T03:17:13.087+0800] {dag.py:3096} INFO - Sync 1 DAGs
[2024-05-15T03:17:13.095+0800] {logging_mixin.py:188} INFO - [2024-05-15T03:17:13.095+0800] {dag.py:3954} INFO - Setting next_dagrun for tutorial_dag to None, run_after=None
[2024-05-15T03:17:13.116+0800] {processor.py:183} INFO - Processing /home/jithish/Documents/dag-dag-dag/.venv/lib/python3.10/site-packages/airflow/example_dags/tutorial_dag.py took 0.132 seconds
[2024-05-15T03:18:13.118+0800] {processor.py:161} INFO - Started process (PID=78030) to work on /home/jithish/Documents/dag-dag-dag/.venv/lib/python3.10/site-packages/airflow/example_dags/tutorial_dag.py
[2024-05-15T03:18:13.179+0800] {processor.py:830} INFO - Processing file /home/jithish/Documents/dag-dag-dag/.venv/lib/python3.10/site-packages/airflow/example_dags/tutorial_dag.py for tasks to queue
[2024-05-15T03:18:13.181+0800] {logging_mixin.py:188} INFO - [2024-05-15T03:18:13.180+0800] {dagbag.py:545} INFO - Filling up the DagBag from /home/jithish/Documents/dag-dag-dag/.venv/lib/python3.10/site-packages/airflow/example_dags/tutorial_dag.py
[2024-05-15T03:18:13.185+0800] {processor.py:840} INFO - DAG(s) 'tutorial_dag' retrieved from /home/jithish/Documents/dag-dag-dag/.venv/lib/python3.10/site-packages/airflow/example_dags/tutorial_dag.py
[2024-05-15T03:18:13.199+0800] {logging_mixin.py:188} INFO - [2024-05-15T03:18:13.199+0800] {dag.py:3096} INFO - Sync 1 DAGs
[2024-05-15T03:18:13.212+0800] {logging_mixin.py:188} INFO - [2024-05-15T03:18:13.211+0800] {dag.py:3954} INFO - Setting next_dagrun for tutorial_dag to None, run_after=None
[2024-05-15T03:18:13.239+0800] {processor.py:183} INFO - Processing /home/jithish/Documents/dag-dag-dag/.venv/lib/python3.10/site-packages/airflow/example_dags/tutorial_dag.py took 0.127 seconds
[2024-05-15T03:19:03.043+0800] {processor.py:161} INFO - Started process (PID=78775) to work on /home/jithish/Documents/dag-dag-dag/.venv/lib/python3.10/site-packages/airflow/example_dags/tutorial_dag.py
[2024-05-15T03:19:03.104+0800] {processor.py:830} INFO - Processing file /home/jithish/Documents/dag-dag-dag/.venv/lib/python3.10/site-packages/airflow/example_dags/tutorial_dag.py for tasks to queue
[2024-05-15T03:19:03.105+0800] {logging_mixin.py:188} INFO - [2024-05-15T03:19:03.105+0800] {dagbag.py:545} INFO - Filling up the DagBag from /home/jithish/Documents/dag-dag-dag/.venv/lib/python3.10/site-packages/airflow/example_dags/tutorial_dag.py
[2024-05-15T03:19:03.109+0800] {processor.py:840} INFO - DAG(s) 'tutorial_dag' retrieved from /home/jithish/Documents/dag-dag-dag/.venv/lib/python3.10/site-packages/airflow/example_dags/tutorial_dag.py
[2024-05-15T03:19:03.121+0800] {logging_mixin.py:188} INFO - [2024-05-15T03:19:03.121+0800] {dag.py:3096} INFO - Sync 1 DAGs
[2024-05-15T03:19:03.129+0800] {logging_mixin.py:188} INFO - [2024-05-15T03:19:03.129+0800] {dag.py:3954} INFO - Setting next_dagrun for tutorial_dag to None, run_after=None
[2024-05-15T03:19:03.165+0800] {processor.py:183} INFO - Processing /home/jithish/Documents/dag-dag-dag/.venv/lib/python3.10/site-packages/airflow/example_dags/tutorial_dag.py took 0.130 seconds
[2024-05-15T03:19:54.190+0800] {processor.py:161} INFO - Started process (PID=79495) to work on /home/jithish/Documents/dag-dag-dag/.venv/lib/python3.10/site-packages/airflow/example_dags/tutorial_dag.py
[2024-05-15T03:19:54.190+0800] {processor.py:830} INFO - Processing file /home/jithish/Documents/dag-dag-dag/.venv/lib/python3.10/site-packages/airflow/example_dags/tutorial_dag.py for tasks to queue
[2024-05-15T03:19:54.192+0800] {logging_mixin.py:188} INFO - [2024-05-15T03:19:54.191+0800] {dagbag.py:545} INFO - Filling up the DagBag from /home/jithish/Documents/dag-dag-dag/.venv/lib/python3.10/site-packages/airflow/example_dags/tutorial_dag.py
[2024-05-15T03:19:54.198+0800] {processor.py:840} INFO - DAG(s) 'tutorial_dag' retrieved from /home/jithish/Documents/dag-dag-dag/.venv/lib/python3.10/site-packages/airflow/example_dags/tutorial_dag.py
[2024-05-15T03:19:54.210+0800] {logging_mixin.py:188} INFO - [2024-05-15T03:19:54.209+0800] {dag.py:3096} INFO - Sync 1 DAGs
[2024-05-15T03:19:54.218+0800] {logging_mixin.py:188} INFO - [2024-05-15T03:19:54.218+0800] {dag.py:3954} INFO - Setting next_dagrun for tutorial_dag to None, run_after=None
[2024-05-15T03:19:54.234+0800] {processor.py:183} INFO - Processing /home/jithish/Documents/dag-dag-dag/.venv/lib/python3.10/site-packages/airflow/example_dags/tutorial_dag.py took 0.048 seconds
[2024-05-15T03:20:46.780+0800] {processor.py:161} INFO - Started process (PID=80233) to work on /home/jithish/Documents/dag-dag-dag/.venv/lib/python3.10/site-packages/airflow/example_dags/tutorial_dag.py
[2024-05-15T03:20:46.842+0800] {processor.py:830} INFO - Processing file /home/jithish/Documents/dag-dag-dag/.venv/lib/python3.10/site-packages/airflow/example_dags/tutorial_dag.py for tasks to queue
[2024-05-15T03:20:46.847+0800] {logging_mixin.py:188} INFO - [2024-05-15T03:20:46.845+0800] {dagbag.py:545} INFO - Filling up the DagBag from /home/jithish/Documents/dag-dag-dag/.venv/lib/python3.10/site-packages/airflow/example_dags/tutorial_dag.py
[2024-05-15T03:20:46.866+0800] {processor.py:840} INFO - DAG(s) 'tutorial_dag' retrieved from /home/jithish/Documents/dag-dag-dag/.venv/lib/python3.10/site-packages/airflow/example_dags/tutorial_dag.py
[2024-05-15T03:20:46.890+0800] {logging_mixin.py:188} INFO - [2024-05-15T03:20:46.890+0800] {dag.py:3096} INFO - Sync 1 DAGs
[2024-05-15T03:20:46.899+0800] {logging_mixin.py:188} INFO - [2024-05-15T03:20:46.899+0800] {dag.py:3954} INFO - Setting next_dagrun for tutorial_dag to None, run_after=None
[2024-05-15T03:20:46.920+0800] {processor.py:183} INFO - Processing /home/jithish/Documents/dag-dag-dag/.venv/lib/python3.10/site-packages/airflow/example_dags/tutorial_dag.py took 0.143 seconds
[2024-05-15T03:21:40.778+0800] {processor.py:161} INFO - Started process (PID=80989) to work on /home/jithish/Documents/dag-dag-dag/.venv/lib/python3.10/site-packages/airflow/example_dags/tutorial_dag.py
[2024-05-15T03:21:40.838+0800] {processor.py:830} INFO - Processing file /home/jithish/Documents/dag-dag-dag/.venv/lib/python3.10/site-packages/airflow/example_dags/tutorial_dag.py for tasks to queue
[2024-05-15T03:21:40.839+0800] {logging_mixin.py:188} INFO - [2024-05-15T03:21:40.839+0800] {dagbag.py:545} INFO - Filling up the DagBag from /home/jithish/Documents/dag-dag-dag/.venv/lib/python3.10/site-packages/airflow/example_dags/tutorial_dag.py
[2024-05-15T03:21:40.843+0800] {processor.py:840} INFO - DAG(s) 'tutorial_dag' retrieved from /home/jithish/Documents/dag-dag-dag/.venv/lib/python3.10/site-packages/airflow/example_dags/tutorial_dag.py
[2024-05-15T03:21:40.856+0800] {logging_mixin.py:188} INFO - [2024-05-15T03:21:40.856+0800] {dag.py:3096} INFO - Sync 1 DAGs
[2024-05-15T03:21:40.866+0800] {logging_mixin.py:188} INFO - [2024-05-15T03:21:40.865+0800] {dag.py:3954} INFO - Setting next_dagrun for tutorial_dag to None, run_after=None
[2024-05-15T03:21:40.891+0800] {processor.py:183} INFO - Processing /home/jithish/Documents/dag-dag-dag/.venv/lib/python3.10/site-packages/airflow/example_dags/tutorial_dag.py took 0.121 seconds
[2024-05-15T03:22:33.110+0800] {processor.py:161} INFO - Started process (PID=81815) to work on /home/jithish/Documents/dag-dag-dag/.venv/lib/python3.10/site-packages/airflow/example_dags/tutorial_dag.py
[2024-05-15T03:22:33.171+0800] {processor.py:830} INFO - Processing file /home/jithish/Documents/dag-dag-dag/.venv/lib/python3.10/site-packages/airflow/example_dags/tutorial_dag.py for tasks to queue
[2024-05-15T03:22:33.176+0800] {logging_mixin.py:188} INFO - [2024-05-15T03:22:33.175+0800] {dagbag.py:545} INFO - Filling up the DagBag from /home/jithish/Documents/dag-dag-dag/.venv/lib/python3.10/site-packages/airflow/example_dags/tutorial_dag.py
[2024-05-15T03:22:33.194+0800] {processor.py:840} INFO - DAG(s) 'tutorial_dag' retrieved from /home/jithish/Documents/dag-dag-dag/.venv/lib/python3.10/site-packages/airflow/example_dags/tutorial_dag.py
[2024-05-15T03:22:33.219+0800] {logging_mixin.py:188} INFO - [2024-05-15T03:22:33.218+0800] {dag.py:3096} INFO - Sync 1 DAGs
[2024-05-15T03:22:33.229+0800] {logging_mixin.py:188} INFO - [2024-05-15T03:22:33.229+0800] {dag.py:3954} INFO - Setting next_dagrun for tutorial_dag to None, run_after=None
[2024-05-15T03:22:33.248+0800] {processor.py:183} INFO - Processing /home/jithish/Documents/dag-dag-dag/.venv/lib/python3.10/site-packages/airflow/example_dags/tutorial_dag.py took 0.146 seconds
[2024-05-15T03:23:26.743+0800] {processor.py:161} INFO - Started process (PID=82286) to work on /home/jithish/Documents/dag-dag-dag/.venv/lib/python3.10/site-packages/airflow/example_dags/tutorial_dag.py
[2024-05-15T03:23:26.805+0800] {processor.py:830} INFO - Processing file /home/jithish/Documents/dag-dag-dag/.venv/lib/python3.10/site-packages/airflow/example_dags/tutorial_dag.py for tasks to queue
[2024-05-15T03:23:26.811+0800] {logging_mixin.py:188} INFO - [2024-05-15T03:23:26.809+0800] {dagbag.py:545} INFO - Filling up the DagBag from /home/jithish/Documents/dag-dag-dag/.venv/lib/python3.10/site-packages/airflow/example_dags/tutorial_dag.py
[2024-05-15T03:23:26.830+0800] {processor.py:840} INFO - DAG(s) 'tutorial_dag' retrieved from /home/jithish/Documents/dag-dag-dag/.venv/lib/python3.10/site-packages/airflow/example_dags/tutorial_dag.py
[2024-05-15T03:23:26.854+0800] {logging_mixin.py:188} INFO - [2024-05-15T03:23:26.853+0800] {dag.py:3096} INFO - Sync 1 DAGs
[2024-05-15T03:23:26.863+0800] {logging_mixin.py:188} INFO - [2024-05-15T03:23:26.863+0800] {dag.py:3954} INFO - Setting next_dagrun for tutorial_dag to None, run_after=None
[2024-05-15T03:23:26.891+0800] {processor.py:183} INFO - Processing /home/jithish/Documents/dag-dag-dag/.venv/lib/python3.10/site-packages/airflow/example_dags/tutorial_dag.py took 0.152 seconds
[2024-05-15T03:24:19.823+0800] {processor.py:161} INFO - Started process (PID=82764) to work on /home/jithish/Documents/dag-dag-dag/.venv/lib/python3.10/site-packages/airflow/example_dags/tutorial_dag.py
[2024-05-15T03:24:19.885+0800] {processor.py:830} INFO - Processing file /home/jithish/Documents/dag-dag-dag/.venv/lib/python3.10/site-packages/airflow/example_dags/tutorial_dag.py for tasks to queue
[2024-05-15T03:24:19.890+0800] {logging_mixin.py:188} INFO - [2024-05-15T03:24:19.889+0800] {dagbag.py:545} INFO - Filling up the DagBag from /home/jithish/Documents/dag-dag-dag/.venv/lib/python3.10/site-packages/airflow/example_dags/tutorial_dag.py
[2024-05-15T03:24:19.905+0800] {processor.py:840} INFO - DAG(s) 'tutorial_dag' retrieved from /home/jithish/Documents/dag-dag-dag/.venv/lib/python3.10/site-packages/airflow/example_dags/tutorial_dag.py
[2024-05-15T03:24:19.918+0800] {logging_mixin.py:188} INFO - [2024-05-15T03:24:19.917+0800] {dag.py:3096} INFO - Sync 1 DAGs
[2024-05-15T03:24:19.925+0800] {logging_mixin.py:188} INFO - [2024-05-15T03:24:19.925+0800] {dag.py:3954} INFO - Setting next_dagrun for tutorial_dag to None, run_after=None
[2024-05-15T03:24:19.942+0800] {processor.py:183} INFO - Processing /home/jithish/Documents/dag-dag-dag/.venv/lib/python3.10/site-packages/airflow/example_dags/tutorial_dag.py took 0.122 seconds
[2024-05-15T03:25:15.913+0800] {processor.py:161} INFO - Started process (PID=83236) to work on /home/jithish/Documents/dag-dag-dag/.venv/lib/python3.10/site-packages/airflow/example_dags/tutorial_dag.py
[2024-05-15T03:25:15.974+0800] {processor.py:830} INFO - Processing file /home/jithish/Documents/dag-dag-dag/.venv/lib/python3.10/site-packages/airflow/example_dags/tutorial_dag.py for tasks to queue
[2024-05-15T03:25:15.979+0800] {logging_mixin.py:188} INFO - [2024-05-15T03:25:15.978+0800] {dagbag.py:545} INFO - Filling up the DagBag from /home/jithish/Documents/dag-dag-dag/.venv/lib/python3.10/site-packages/airflow/example_dags/tutorial_dag.py
[2024-05-15T03:25:15.996+0800] {processor.py:840} INFO - DAG(s) 'tutorial_dag' retrieved from /home/jithish/Documents/dag-dag-dag/.venv/lib/python3.10/site-packages/airflow/example_dags/tutorial_dag.py
[2024-05-15T03:25:16.025+0800] {logging_mixin.py:188} INFO - [2024-05-15T03:25:16.024+0800] {dag.py:3096} INFO - Sync 1 DAGs
[2024-05-15T03:25:16.035+0800] {logging_mixin.py:188} INFO - [2024-05-15T03:25:16.035+0800] {dag.py:3954} INFO - Setting next_dagrun for tutorial_dag to None, run_after=None
[2024-05-15T03:25:16.055+0800] {processor.py:183} INFO - Processing /home/jithish/Documents/dag-dag-dag/.venv/lib/python3.10/site-packages/airflow/example_dags/tutorial_dag.py took 0.147 seconds
[2024-05-15T03:26:07.974+0800] {processor.py:161} INFO - Started process (PID=83679) to work on /home/jithish/Documents/dag-dag-dag/.venv/lib/python3.10/site-packages/airflow/example_dags/tutorial_dag.py
[2024-05-15T03:26:08.036+0800] {processor.py:830} INFO - Processing file /home/jithish/Documents/dag-dag-dag/.venv/lib/python3.10/site-packages/airflow/example_dags/tutorial_dag.py for tasks to queue
[2024-05-15T03:26:08.041+0800] {logging_mixin.py:188} INFO - [2024-05-15T03:26:08.040+0800] {dagbag.py:545} INFO - Filling up the DagBag from /home/jithish/Documents/dag-dag-dag/.venv/lib/python3.10/site-packages/airflow/example_dags/tutorial_dag.py
[2024-05-15T03:26:08.058+0800] {processor.py:840} INFO - DAG(s) 'tutorial_dag' retrieved from /home/jithish/Documents/dag-dag-dag/.venv/lib/python3.10/site-packages/airflow/example_dags/tutorial_dag.py
[2024-05-15T03:26:08.084+0800] {logging_mixin.py:188} INFO - [2024-05-15T03:26:08.084+0800] {dag.py:3096} INFO - Sync 1 DAGs
[2024-05-15T03:26:08.095+0800] {logging_mixin.py:188} INFO - [2024-05-15T03:26:08.095+0800] {dag.py:3954} INFO - Setting next_dagrun for tutorial_dag to None, run_after=None
[2024-05-15T03:26:08.115+0800] {processor.py:183} INFO - Processing /home/jithish/Documents/dag-dag-dag/.venv/lib/python3.10/site-packages/airflow/example_dags/tutorial_dag.py took 0.144 seconds
[2024-05-15T03:27:03.257+0800] {processor.py:161} INFO - Started process (PID=84381) to work on /home/jithish/Documents/dag-dag-dag/.venv/lib/python3.10/site-packages/airflow/example_dags/tutorial_dag.py
[2024-05-15T03:27:03.258+0800] {processor.py:830} INFO - Processing file /home/jithish/Documents/dag-dag-dag/.venv/lib/python3.10/site-packages/airflow/example_dags/tutorial_dag.py for tasks to queue
[2024-05-15T03:27:03.263+0800] {logging_mixin.py:188} INFO - [2024-05-15T03:27:03.262+0800] {dagbag.py:545} INFO - Filling up the DagBag from /home/jithish/Documents/dag-dag-dag/.venv/lib/python3.10/site-packages/airflow/example_dags/tutorial_dag.py
[2024-05-15T03:27:03.273+0800] {processor.py:840} INFO - DAG(s) 'tutorial_dag' retrieved from /home/jithish/Documents/dag-dag-dag/.venv/lib/python3.10/site-packages/airflow/example_dags/tutorial_dag.py
[2024-05-15T03:27:03.308+0800] {logging_mixin.py:188} INFO - [2024-05-15T03:27:03.308+0800] {dag.py:3096} INFO - Sync 1 DAGs
[2024-05-15T03:27:03.330+0800] {logging_mixin.py:188} INFO - [2024-05-15T03:27:03.329+0800] {dag.py:3954} INFO - Setting next_dagrun for tutorial_dag to None, run_after=None
[2024-05-15T03:27:03.370+0800] {processor.py:183} INFO - Processing /home/jithish/Documents/dag-dag-dag/.venv/lib/python3.10/site-packages/airflow/example_dags/tutorial_dag.py took 0.122 seconds
[2024-05-15T03:27:54.901+0800] {processor.py:161} INFO - Started process (PID=84890) to work on /home/jithish/Documents/dag-dag-dag/.venv/lib/python3.10/site-packages/airflow/example_dags/tutorial_dag.py
[2024-05-15T03:27:54.963+0800] {processor.py:830} INFO - Processing file /home/jithish/Documents/dag-dag-dag/.venv/lib/python3.10/site-packages/airflow/example_dags/tutorial_dag.py for tasks to queue
[2024-05-15T03:27:54.968+0800] {logging_mixin.py:188} INFO - [2024-05-15T03:27:54.967+0800] {dagbag.py:545} INFO - Filling up the DagBag from /home/jithish/Documents/dag-dag-dag/.venv/lib/python3.10/site-packages/airflow/example_dags/tutorial_dag.py
[2024-05-15T03:27:54.985+0800] {processor.py:840} INFO - DAG(s) 'tutorial_dag' retrieved from /home/jithish/Documents/dag-dag-dag/.venv/lib/python3.10/site-packages/airflow/example_dags/tutorial_dag.py
[2024-05-15T03:27:55.011+0800] {logging_mixin.py:188} INFO - [2024-05-15T03:27:55.011+0800] {dag.py:3096} INFO - Sync 1 DAGs
[2024-05-15T03:27:55.022+0800] {logging_mixin.py:188} INFO - [2024-05-15T03:27:55.022+0800] {dag.py:3954} INFO - Setting next_dagrun for tutorial_dag to None, run_after=None
[2024-05-15T03:27:55.044+0800] {processor.py:183} INFO - Processing /home/jithish/Documents/dag-dag-dag/.venv/lib/python3.10/site-packages/airflow/example_dags/tutorial_dag.py took 0.152 seconds
[2024-05-15T03:28:44.600+0800] {processor.py:161} INFO - Started process (PID=85285) to work on /home/jithish/Documents/dag-dag-dag/.venv/lib/python3.10/site-packages/airflow/example_dags/tutorial_dag.py
[2024-05-15T03:28:44.662+0800] {processor.py:830} INFO - Processing file /home/jithish/Documents/dag-dag-dag/.venv/lib/python3.10/site-packages/airflow/example_dags/tutorial_dag.py for tasks to queue
[2024-05-15T03:28:44.663+0800] {logging_mixin.py:188} INFO - [2024-05-15T03:28:44.663+0800] {dagbag.py:545} INFO - Filling up the DagBag from /home/jithish/Documents/dag-dag-dag/.venv/lib/python3.10/site-packages/airflow/example_dags/tutorial_dag.py
[2024-05-15T03:28:44.668+0800] {processor.py:840} INFO - DAG(s) 'tutorial_dag' retrieved from /home/jithish/Documents/dag-dag-dag/.venv/lib/python3.10/site-packages/airflow/example_dags/tutorial_dag.py
[2024-05-15T03:28:44.679+0800] {logging_mixin.py:188} INFO - [2024-05-15T03:28:44.678+0800] {dag.py:3096} INFO - Sync 1 DAGs
[2024-05-15T03:28:44.686+0800] {logging_mixin.py:188} INFO - [2024-05-15T03:28:44.686+0800] {dag.py:3954} INFO - Setting next_dagrun for tutorial_dag to None, run_after=None
[2024-05-15T03:28:44.720+0800] {processor.py:183} INFO - Processing /home/jithish/Documents/dag-dag-dag/.venv/lib/python3.10/site-packages/airflow/example_dags/tutorial_dag.py took 0.129 seconds
[2024-05-15T03:29:33.563+0800] {processor.py:161} INFO - Started process (PID=85760) to work on /home/jithish/Documents/dag-dag-dag/.venv/lib/python3.10/site-packages/airflow/example_dags/tutorial_dag.py
[2024-05-15T03:29:33.625+0800] {processor.py:830} INFO - Processing file /home/jithish/Documents/dag-dag-dag/.venv/lib/python3.10/site-packages/airflow/example_dags/tutorial_dag.py for tasks to queue
[2024-05-15T03:29:33.627+0800] {logging_mixin.py:188} INFO - [2024-05-15T03:29:33.627+0800] {dagbag.py:545} INFO - Filling up the DagBag from /home/jithish/Documents/dag-dag-dag/.venv/lib/python3.10/site-packages/airflow/example_dags/tutorial_dag.py
[2024-05-15T03:29:33.637+0800] {processor.py:840} INFO - DAG(s) 'tutorial_dag' retrieved from /home/jithish/Documents/dag-dag-dag/.venv/lib/python3.10/site-packages/airflow/example_dags/tutorial_dag.py
[2024-05-15T03:29:33.661+0800] {logging_mixin.py:188} INFO - [2024-05-15T03:29:33.661+0800] {dag.py:3096} INFO - Sync 1 DAGs
[2024-05-15T03:29:33.673+0800] {logging_mixin.py:188} INFO - [2024-05-15T03:29:33.673+0800] {dag.py:3954} INFO - Setting next_dagrun for tutorial_dag to None, run_after=None
[2024-05-15T03:29:33.701+0800] {processor.py:183} INFO - Processing /home/jithish/Documents/dag-dag-dag/.venv/lib/python3.10/site-packages/airflow/example_dags/tutorial_dag.py took 0.144 seconds
[2024-05-15T03:30:23.557+0800] {processor.py:161} INFO - Started process (PID=86146) to work on /home/jithish/Documents/dag-dag-dag/.venv/lib/python3.10/site-packages/airflow/example_dags/tutorial_dag.py
[2024-05-15T03:30:23.559+0800] {processor.py:830} INFO - Processing file /home/jithish/Documents/dag-dag-dag/.venv/lib/python3.10/site-packages/airflow/example_dags/tutorial_dag.py for tasks to queue
[2024-05-15T03:30:23.560+0800] {logging_mixin.py:188} INFO - [2024-05-15T03:30:23.559+0800] {dagbag.py:545} INFO - Filling up the DagBag from /home/jithish/Documents/dag-dag-dag/.venv/lib/python3.10/site-packages/airflow/example_dags/tutorial_dag.py
[2024-05-15T03:30:23.564+0800] {processor.py:840} INFO - DAG(s) 'tutorial_dag' retrieved from /home/jithish/Documents/dag-dag-dag/.venv/lib/python3.10/site-packages/airflow/example_dags/tutorial_dag.py
[2024-05-15T03:30:23.575+0800] {logging_mixin.py:188} INFO - [2024-05-15T03:30:23.574+0800] {dag.py:3096} INFO - Sync 1 DAGs
[2024-05-15T03:30:23.582+0800] {logging_mixin.py:188} INFO - [2024-05-15T03:30:23.582+0800] {dag.py:3954} INFO - Setting next_dagrun for tutorial_dag to None, run_after=None
[2024-05-15T03:30:23.595+0800] {processor.py:183} INFO - Processing /home/jithish/Documents/dag-dag-dag/.venv/lib/python3.10/site-packages/airflow/example_dags/tutorial_dag.py took 0.042 seconds
[2024-05-15T03:31:15.165+0800] {processor.py:161} INFO - Started process (PID=86604) to work on /home/jithish/Documents/dag-dag-dag/.venv/lib/python3.10/site-packages/airflow/example_dags/tutorial_dag.py
[2024-05-15T03:31:15.227+0800] {processor.py:830} INFO - Processing file /home/jithish/Documents/dag-dag-dag/.venv/lib/python3.10/site-packages/airflow/example_dags/tutorial_dag.py for tasks to queue
[2024-05-15T03:31:15.232+0800] {logging_mixin.py:188} INFO - [2024-05-15T03:31:15.230+0800] {dagbag.py:545} INFO - Filling up the DagBag from /home/jithish/Documents/dag-dag-dag/.venv/lib/python3.10/site-packages/airflow/example_dags/tutorial_dag.py
[2024-05-15T03:31:15.249+0800] {processor.py:840} INFO - DAG(s) 'tutorial_dag' retrieved from /home/jithish/Documents/dag-dag-dag/.venv/lib/python3.10/site-packages/airflow/example_dags/tutorial_dag.py
[2024-05-15T03:31:15.276+0800] {logging_mixin.py:188} INFO - [2024-05-15T03:31:15.275+0800] {dag.py:3096} INFO - Sync 1 DAGs
[2024-05-15T03:31:15.286+0800] {logging_mixin.py:188} INFO - [2024-05-15T03:31:15.286+0800] {dag.py:3954} INFO - Setting next_dagrun for tutorial_dag to None, run_after=None
[2024-05-15T03:31:15.306+0800] {processor.py:183} INFO - Processing /home/jithish/Documents/dag-dag-dag/.venv/lib/python3.10/site-packages/airflow/example_dags/tutorial_dag.py took 0.146 seconds
[2024-05-15T03:32:07.833+0800] {processor.py:161} INFO - Started process (PID=87047) to work on /home/jithish/Documents/dag-dag-dag/.venv/lib/python3.10/site-packages/airflow/example_dags/tutorial_dag.py
[2024-05-15T03:32:07.894+0800] {processor.py:830} INFO - Processing file /home/jithish/Documents/dag-dag-dag/.venv/lib/python3.10/site-packages/airflow/example_dags/tutorial_dag.py for tasks to queue
[2024-05-15T03:32:07.899+0800] {logging_mixin.py:188} INFO - [2024-05-15T03:32:07.898+0800] {dagbag.py:545} INFO - Filling up the DagBag from /home/jithish/Documents/dag-dag-dag/.venv/lib/python3.10/site-packages/airflow/example_dags/tutorial_dag.py
[2024-05-15T03:32:07.917+0800] {processor.py:840} INFO - DAG(s) 'tutorial_dag' retrieved from /home/jithish/Documents/dag-dag-dag/.venv/lib/python3.10/site-packages/airflow/example_dags/tutorial_dag.py
[2024-05-15T03:32:07.942+0800] {logging_mixin.py:188} INFO - [2024-05-15T03:32:07.942+0800] {dag.py:3096} INFO - Sync 1 DAGs
[2024-05-15T03:32:07.953+0800] {logging_mixin.py:188} INFO - [2024-05-15T03:32:07.953+0800] {dag.py:3954} INFO - Setting next_dagrun for tutorial_dag to None, run_after=None
[2024-05-15T03:32:07.973+0800] {processor.py:183} INFO - Processing /home/jithish/Documents/dag-dag-dag/.venv/lib/python3.10/site-packages/airflow/example_dags/tutorial_dag.py took 0.145 seconds
[2024-05-15T03:32:56.699+0800] {processor.py:161} INFO - Started process (PID=87478) to work on /home/jithish/Documents/dag-dag-dag/.venv/lib/python3.10/site-packages/airflow/example_dags/tutorial_dag.py
[2024-05-15T03:32:56.703+0800] {processor.py:830} INFO - Processing file /home/jithish/Documents/dag-dag-dag/.venv/lib/python3.10/site-packages/airflow/example_dags/tutorial_dag.py for tasks to queue
[2024-05-15T03:32:56.705+0800] {logging_mixin.py:188} INFO - [2024-05-15T03:32:56.705+0800] {dagbag.py:545} INFO - Filling up the DagBag from /home/jithish/Documents/dag-dag-dag/.venv/lib/python3.10/site-packages/airflow/example_dags/tutorial_dag.py
[2024-05-15T03:32:56.712+0800] {processor.py:840} INFO - DAG(s) 'tutorial_dag' retrieved from /home/jithish/Documents/dag-dag-dag/.venv/lib/python3.10/site-packages/airflow/example_dags/tutorial_dag.py
[2024-05-15T03:32:56.730+0800] {logging_mixin.py:188} INFO - [2024-05-15T03:32:56.730+0800] {dag.py:3096} INFO - Sync 1 DAGs
[2024-05-15T03:32:56.746+0800] {logging_mixin.py:188} INFO - [2024-05-15T03:32:56.745+0800] {dag.py:3954} INFO - Setting next_dagrun for tutorial_dag to None, run_after=None
[2024-05-15T03:32:56.782+0800] {processor.py:183} INFO - Processing /home/jithish/Documents/dag-dag-dag/.venv/lib/python3.10/site-packages/airflow/example_dags/tutorial_dag.py took 0.095 seconds
[2024-05-15T03:33:43.162+0800] {processor.py:161} INFO - Started process (PID=87913) to work on /home/jithish/Documents/dag-dag-dag/.venv/lib/python3.10/site-packages/airflow/example_dags/tutorial_dag.py
[2024-05-15T03:33:43.225+0800] {processor.py:830} INFO - Processing file /home/jithish/Documents/dag-dag-dag/.venv/lib/python3.10/site-packages/airflow/example_dags/tutorial_dag.py for tasks to queue
[2024-05-15T03:33:43.226+0800] {logging_mixin.py:188} INFO - [2024-05-15T03:33:43.226+0800] {dagbag.py:545} INFO - Filling up the DagBag from /home/jithish/Documents/dag-dag-dag/.venv/lib/python3.10/site-packages/airflow/example_dags/tutorial_dag.py
[2024-05-15T03:33:43.232+0800] {processor.py:840} INFO - DAG(s) 'tutorial_dag' retrieved from /home/jithish/Documents/dag-dag-dag/.venv/lib/python3.10/site-packages/airflow/example_dags/tutorial_dag.py
[2024-05-15T03:33:43.245+0800] {logging_mixin.py:188} INFO - [2024-05-15T03:33:43.245+0800] {dag.py:3096} INFO - Sync 1 DAGs
[2024-05-15T03:33:43.257+0800] {logging_mixin.py:188} INFO - [2024-05-15T03:33:43.256+0800] {dag.py:3954} INFO - Setting next_dagrun for tutorial_dag to None, run_after=None
[2024-05-15T03:33:43.272+0800] {processor.py:183} INFO - Processing /home/jithish/Documents/dag-dag-dag/.venv/lib/python3.10/site-packages/airflow/example_dags/tutorial_dag.py took 0.115 seconds
[2024-05-15T03:34:28.287+0800] {processor.py:161} INFO - Started process (PID=88338) to work on /home/jithish/Documents/dag-dag-dag/.venv/lib/python3.10/site-packages/airflow/example_dags/tutorial_dag.py
[2024-05-15T03:34:28.348+0800] {processor.py:830} INFO - Processing file /home/jithish/Documents/dag-dag-dag/.venv/lib/python3.10/site-packages/airflow/example_dags/tutorial_dag.py for tasks to queue
[2024-05-15T03:34:28.349+0800] {logging_mixin.py:188} INFO - [2024-05-15T03:34:28.349+0800] {dagbag.py:545} INFO - Filling up the DagBag from /home/jithish/Documents/dag-dag-dag/.venv/lib/python3.10/site-packages/airflow/example_dags/tutorial_dag.py
[2024-05-15T03:34:28.354+0800] {processor.py:840} INFO - DAG(s) 'tutorial_dag' retrieved from /home/jithish/Documents/dag-dag-dag/.venv/lib/python3.10/site-packages/airflow/example_dags/tutorial_dag.py
[2024-05-15T03:34:28.366+0800] {logging_mixin.py:188} INFO - [2024-05-15T03:34:28.366+0800] {dag.py:3096} INFO - Sync 1 DAGs
[2024-05-15T03:34:28.375+0800] {logging_mixin.py:188} INFO - [2024-05-15T03:34:28.375+0800] {dag.py:3954} INFO - Setting next_dagrun for tutorial_dag to None, run_after=None
[2024-05-15T03:34:28.397+0800] {processor.py:183} INFO - Processing /home/jithish/Documents/dag-dag-dag/.venv/lib/python3.10/site-packages/airflow/example_dags/tutorial_dag.py took 0.114 seconds
[2024-05-15T03:35:15.808+0800] {processor.py:161} INFO - Started process (PID=88740) to work on /home/jithish/Documents/dag-dag-dag/.venv/lib/python3.10/site-packages/airflow/example_dags/tutorial_dag.py
[2024-05-15T03:35:15.868+0800] {processor.py:830} INFO - Processing file /home/jithish/Documents/dag-dag-dag/.venv/lib/python3.10/site-packages/airflow/example_dags/tutorial_dag.py for tasks to queue
[2024-05-15T03:35:15.870+0800] {logging_mixin.py:188} INFO - [2024-05-15T03:35:15.869+0800] {dagbag.py:545} INFO - Filling up the DagBag from /home/jithish/Documents/dag-dag-dag/.venv/lib/python3.10/site-packages/airflow/example_dags/tutorial_dag.py
[2024-05-15T03:35:15.874+0800] {processor.py:840} INFO - DAG(s) 'tutorial_dag' retrieved from /home/jithish/Documents/dag-dag-dag/.venv/lib/python3.10/site-packages/airflow/example_dags/tutorial_dag.py
[2024-05-15T03:35:15.887+0800] {logging_mixin.py:188} INFO - [2024-05-15T03:35:15.887+0800] {dag.py:3096} INFO - Sync 1 DAGs
[2024-05-15T03:35:15.896+0800] {logging_mixin.py:188} INFO - [2024-05-15T03:35:15.895+0800] {dag.py:3954} INFO - Setting next_dagrun for tutorial_dag to None, run_after=None
[2024-05-15T03:35:15.916+0800] {processor.py:183} INFO - Processing /home/jithish/Documents/dag-dag-dag/.venv/lib/python3.10/site-packages/airflow/example_dags/tutorial_dag.py took 0.113 seconds
[2024-05-15T03:36:06.330+0800] {processor.py:161} INFO - Started process (PID=89181) to work on /home/jithish/Documents/dag-dag-dag/.venv/lib/python3.10/site-packages/airflow/example_dags/tutorial_dag.py
[2024-05-15T03:36:06.378+0800] {processor.py:830} INFO - Processing file /home/jithish/Documents/dag-dag-dag/.venv/lib/python3.10/site-packages/airflow/example_dags/tutorial_dag.py for tasks to queue
[2024-05-15T03:36:06.379+0800] {logging_mixin.py:188} INFO - [2024-05-15T03:36:06.379+0800] {dagbag.py:545} INFO - Filling up the DagBag from /home/jithish/Documents/dag-dag-dag/.venv/lib/python3.10/site-packages/airflow/example_dags/tutorial_dag.py
[2024-05-15T03:36:06.384+0800] {processor.py:840} INFO - DAG(s) 'tutorial_dag' retrieved from /home/jithish/Documents/dag-dag-dag/.venv/lib/python3.10/site-packages/airflow/example_dags/tutorial_dag.py
[2024-05-15T03:36:06.398+0800] {logging_mixin.py:188} INFO - [2024-05-15T03:36:06.397+0800] {dag.py:3096} INFO - Sync 1 DAGs
[2024-05-15T03:36:06.412+0800] {logging_mixin.py:188} INFO - [2024-05-15T03:36:06.412+0800] {dag.py:3954} INFO - Setting next_dagrun for tutorial_dag to None, run_after=None
[2024-05-15T03:36:06.434+0800] {processor.py:183} INFO - Processing /home/jithish/Documents/dag-dag-dag/.venv/lib/python3.10/site-packages/airflow/example_dags/tutorial_dag.py took 0.108 seconds
[2024-05-15T03:36:54.762+0800] {processor.py:161} INFO - Started process (PID=89688) to work on /home/jithish/Documents/dag-dag-dag/.venv/lib/python3.10/site-packages/airflow/example_dags/tutorial_dag.py
[2024-05-15T03:36:54.823+0800] {processor.py:830} INFO - Processing file /home/jithish/Documents/dag-dag-dag/.venv/lib/python3.10/site-packages/airflow/example_dags/tutorial_dag.py for tasks to queue
[2024-05-15T03:36:54.825+0800] {logging_mixin.py:188} INFO - [2024-05-15T03:36:54.824+0800] {dagbag.py:545} INFO - Filling up the DagBag from /home/jithish/Documents/dag-dag-dag/.venv/lib/python3.10/site-packages/airflow/example_dags/tutorial_dag.py
[2024-05-15T03:36:54.831+0800] {processor.py:840} INFO - DAG(s) 'tutorial_dag' retrieved from /home/jithish/Documents/dag-dag-dag/.venv/lib/python3.10/site-packages/airflow/example_dags/tutorial_dag.py
[2024-05-15T03:36:54.848+0800] {logging_mixin.py:188} INFO - [2024-05-15T03:36:54.848+0800] {dag.py:3096} INFO - Sync 1 DAGs
[2024-05-15T03:36:54.858+0800] {logging_mixin.py:188} INFO - [2024-05-15T03:36:54.858+0800] {dag.py:3954} INFO - Setting next_dagrun for tutorial_dag to None, run_after=None
[2024-05-15T03:36:54.879+0800] {processor.py:183} INFO - Processing /home/jithish/Documents/dag-dag-dag/.venv/lib/python3.10/site-packages/airflow/example_dags/tutorial_dag.py took 0.121 seconds
[2024-05-15T03:37:45.060+0800] {processor.py:161} INFO - Started process (PID=90147) to work on /home/jithish/Documents/dag-dag-dag/.venv/lib/python3.10/site-packages/airflow/example_dags/tutorial_dag.py
[2024-05-15T03:37:45.121+0800] {processor.py:830} INFO - Processing file /home/jithish/Documents/dag-dag-dag/.venv/lib/python3.10/site-packages/airflow/example_dags/tutorial_dag.py for tasks to queue
[2024-05-15T03:37:45.122+0800] {logging_mixin.py:188} INFO - [2024-05-15T03:37:45.122+0800] {dagbag.py:545} INFO - Filling up the DagBag from /home/jithish/Documents/dag-dag-dag/.venv/lib/python3.10/site-packages/airflow/example_dags/tutorial_dag.py
[2024-05-15T03:37:45.126+0800] {processor.py:840} INFO - DAG(s) 'tutorial_dag' retrieved from /home/jithish/Documents/dag-dag-dag/.venv/lib/python3.10/site-packages/airflow/example_dags/tutorial_dag.py
[2024-05-15T03:37:45.138+0800] {logging_mixin.py:188} INFO - [2024-05-15T03:37:45.138+0800] {dag.py:3096} INFO - Sync 1 DAGs
[2024-05-15T03:37:45.145+0800] {logging_mixin.py:188} INFO - [2024-05-15T03:37:45.145+0800] {dag.py:3954} INFO - Setting next_dagrun for tutorial_dag to None, run_after=None
[2024-05-15T03:37:45.178+0800] {processor.py:183} INFO - Processing /home/jithish/Documents/dag-dag-dag/.venv/lib/python3.10/site-packages/airflow/example_dags/tutorial_dag.py took 0.125 seconds
[2024-05-15T03:38:35.463+0800] {processor.py:161} INFO - Started process (PID=90686) to work on /home/jithish/Documents/dag-dag-dag/.venv/lib/python3.10/site-packages/airflow/example_dags/tutorial_dag.py
[2024-05-15T03:38:35.464+0800] {processor.py:830} INFO - Processing file /home/jithish/Documents/dag-dag-dag/.venv/lib/python3.10/site-packages/airflow/example_dags/tutorial_dag.py for tasks to queue
[2024-05-15T03:38:35.465+0800] {logging_mixin.py:188} INFO - [2024-05-15T03:38:35.465+0800] {dagbag.py:545} INFO - Filling up the DagBag from /home/jithish/Documents/dag-dag-dag/.venv/lib/python3.10/site-packages/airflow/example_dags/tutorial_dag.py
[2024-05-15T03:38:35.471+0800] {processor.py:840} INFO - DAG(s) 'tutorial_dag' retrieved from /home/jithish/Documents/dag-dag-dag/.venv/lib/python3.10/site-packages/airflow/example_dags/tutorial_dag.py
[2024-05-15T03:38:35.486+0800] {logging_mixin.py:188} INFO - [2024-05-15T03:38:35.485+0800] {dag.py:3096} INFO - Sync 1 DAGs
[2024-05-15T03:38:35.496+0800] {logging_mixin.py:188} INFO - [2024-05-15T03:38:35.496+0800] {dag.py:3954} INFO - Setting next_dagrun for tutorial_dag to None, run_after=None
[2024-05-15T03:38:35.513+0800] {processor.py:183} INFO - Processing /home/jithish/Documents/dag-dag-dag/.venv/lib/python3.10/site-packages/airflow/example_dags/tutorial_dag.py took 0.057 seconds
[2024-05-15T03:39:38.321+0800] {processor.py:161} INFO - Started process (PID=91666) to work on /home/jithish/Documents/dag-dag-dag/.venv/lib/python3.10/site-packages/airflow/example_dags/tutorial_dag.py
[2024-05-15T03:39:38.345+0800] {processor.py:830} INFO - Processing file /home/jithish/Documents/dag-dag-dag/.venv/lib/python3.10/site-packages/airflow/example_dags/tutorial_dag.py for tasks to queue
[2024-05-15T03:39:38.349+0800] {logging_mixin.py:188} INFO - [2024-05-15T03:39:38.348+0800] {dagbag.py:545} INFO - Filling up the DagBag from /home/jithish/Documents/dag-dag-dag/.venv/lib/python3.10/site-packages/airflow/example_dags/tutorial_dag.py
[2024-05-15T03:39:38.359+0800] {processor.py:840} INFO - DAG(s) 'tutorial_dag' retrieved from /home/jithish/Documents/dag-dag-dag/.venv/lib/python3.10/site-packages/airflow/example_dags/tutorial_dag.py
[2024-05-15T03:39:38.378+0800] {logging_mixin.py:188} INFO - [2024-05-15T03:39:38.377+0800] {dag.py:3096} INFO - Sync 1 DAGs
[2024-05-15T03:39:38.389+0800] {logging_mixin.py:188} INFO - [2024-05-15T03:39:38.389+0800] {dag.py:3954} INFO - Setting next_dagrun for tutorial_dag to None, run_after=None
[2024-05-15T03:39:38.409+0800] {processor.py:183} INFO - Processing /home/jithish/Documents/dag-dag-dag/.venv/lib/python3.10/site-packages/airflow/example_dags/tutorial_dag.py took 0.095 seconds
[2024-05-15T03:40:36.838+0800] {processor.py:161} INFO - Started process (PID=93240) to work on /home/jithish/Documents/dag-dag-dag/.venv/lib/python3.10/site-packages/airflow/example_dags/tutorial_dag.py
[2024-05-15T03:40:36.839+0800] {processor.py:830} INFO - Processing file /home/jithish/Documents/dag-dag-dag/.venv/lib/python3.10/site-packages/airflow/example_dags/tutorial_dag.py for tasks to queue
[2024-05-15T03:40:36.842+0800] {logging_mixin.py:188} INFO - [2024-05-15T03:40:36.841+0800] {dagbag.py:545} INFO - Filling up the DagBag from /home/jithish/Documents/dag-dag-dag/.venv/lib/python3.10/site-packages/airflow/example_dags/tutorial_dag.py
[2024-05-15T03:40:36.850+0800] {processor.py:840} INFO - DAG(s) 'tutorial_dag' retrieved from /home/jithish/Documents/dag-dag-dag/.venv/lib/python3.10/site-packages/airflow/example_dags/tutorial_dag.py
[2024-05-15T03:40:36.866+0800] {logging_mixin.py:188} INFO - [2024-05-15T03:40:36.865+0800] {dag.py:3096} INFO - Sync 1 DAGs
[2024-05-15T03:40:36.874+0800] {logging_mixin.py:188} INFO - [2024-05-15T03:40:36.873+0800] {dag.py:3954} INFO - Setting next_dagrun for tutorial_dag to None, run_after=None
[2024-05-15T03:40:36.895+0800] {processor.py:183} INFO - Processing /home/jithish/Documents/dag-dag-dag/.venv/lib/python3.10/site-packages/airflow/example_dags/tutorial_dag.py took 0.068 seconds
[2024-05-15T03:41:33.988+0800] {processor.py:161} INFO - Started process (PID=94058) to work on /home/jithish/Documents/dag-dag-dag/.venv/lib/python3.10/site-packages/airflow/example_dags/tutorial_dag.py
[2024-05-15T03:41:34.050+0800] {processor.py:830} INFO - Processing file /home/jithish/Documents/dag-dag-dag/.venv/lib/python3.10/site-packages/airflow/example_dags/tutorial_dag.py for tasks to queue
[2024-05-15T03:41:34.053+0800] {logging_mixin.py:188} INFO - [2024-05-15T03:41:34.052+0800] {dagbag.py:545} INFO - Filling up the DagBag from /home/jithish/Documents/dag-dag-dag/.venv/lib/python3.10/site-packages/airflow/example_dags/tutorial_dag.py
[2024-05-15T03:41:34.058+0800] {processor.py:840} INFO - DAG(s) 'tutorial_dag' retrieved from /home/jithish/Documents/dag-dag-dag/.venv/lib/python3.10/site-packages/airflow/example_dags/tutorial_dag.py
[2024-05-15T03:41:34.070+0800] {logging_mixin.py:188} INFO - [2024-05-15T03:41:34.070+0800] {dag.py:3096} INFO - Sync 1 DAGs
[2024-05-15T03:41:34.079+0800] {logging_mixin.py:188} INFO - [2024-05-15T03:41:34.079+0800] {dag.py:3954} INFO - Setting next_dagrun for tutorial_dag to None, run_after=None
[2024-05-15T03:41:34.111+0800] {processor.py:183} INFO - Processing /home/jithish/Documents/dag-dag-dag/.venv/lib/python3.10/site-packages/airflow/example_dags/tutorial_dag.py took 0.137 seconds
[2024-05-15T03:42:26.509+0800] {processor.py:161} INFO - Started process (PID=94789) to work on /home/jithish/Documents/dag-dag-dag/.venv/lib/python3.10/site-packages/airflow/example_dags/tutorial_dag.py
[2024-05-15T03:42:26.511+0800] {processor.py:830} INFO - Processing file /home/jithish/Documents/dag-dag-dag/.venv/lib/python3.10/site-packages/airflow/example_dags/tutorial_dag.py for tasks to queue
[2024-05-15T03:42:26.514+0800] {logging_mixin.py:188} INFO - [2024-05-15T03:42:26.513+0800] {dagbag.py:545} INFO - Filling up the DagBag from /home/jithish/Documents/dag-dag-dag/.venv/lib/python3.10/site-packages/airflow/example_dags/tutorial_dag.py
[2024-05-15T03:42:26.524+0800] {processor.py:840} INFO - DAG(s) 'tutorial_dag' retrieved from /home/jithish/Documents/dag-dag-dag/.venv/lib/python3.10/site-packages/airflow/example_dags/tutorial_dag.py
[2024-05-15T03:42:26.540+0800] {logging_mixin.py:188} INFO - [2024-05-15T03:42:26.540+0800] {dag.py:3096} INFO - Sync 1 DAGs
[2024-05-15T03:42:26.550+0800] {logging_mixin.py:188} INFO - [2024-05-15T03:42:26.550+0800] {dag.py:3954} INFO - Setting next_dagrun for tutorial_dag to None, run_after=None
[2024-05-15T03:42:26.567+0800] {processor.py:183} INFO - Processing /home/jithish/Documents/dag-dag-dag/.venv/lib/python3.10/site-packages/airflow/example_dags/tutorial_dag.py took 0.067 seconds
[2024-05-15T03:43:18.752+0800] {processor.py:161} INFO - Started process (PID=95490) to work on /home/jithish/Documents/dag-dag-dag/.venv/lib/python3.10/site-packages/airflow/example_dags/tutorial_dag.py
[2024-05-15T03:43:18.753+0800] {processor.py:830} INFO - Processing file /home/jithish/Documents/dag-dag-dag/.venv/lib/python3.10/site-packages/airflow/example_dags/tutorial_dag.py for tasks to queue
[2024-05-15T03:43:18.754+0800] {logging_mixin.py:188} INFO - [2024-05-15T03:43:18.754+0800] {dagbag.py:545} INFO - Filling up the DagBag from /home/jithish/Documents/dag-dag-dag/.venv/lib/python3.10/site-packages/airflow/example_dags/tutorial_dag.py
[2024-05-15T03:43:18.760+0800] {processor.py:840} INFO - DAG(s) 'tutorial_dag' retrieved from /home/jithish/Documents/dag-dag-dag/.venv/lib/python3.10/site-packages/airflow/example_dags/tutorial_dag.py
[2024-05-15T03:43:18.771+0800] {logging_mixin.py:188} INFO - [2024-05-15T03:43:18.771+0800] {dag.py:3096} INFO - Sync 1 DAGs
[2024-05-15T03:43:18.781+0800] {logging_mixin.py:188} INFO - [2024-05-15T03:43:18.781+0800] {dag.py:3954} INFO - Setting next_dagrun for tutorial_dag to None, run_after=None
[2024-05-15T03:43:18.809+0800] {processor.py:183} INFO - Processing /home/jithish/Documents/dag-dag-dag/.venv/lib/python3.10/site-packages/airflow/example_dags/tutorial_dag.py took 0.060 seconds
[2024-05-15T03:44:14.276+0800] {processor.py:161} INFO - Started process (PID=96316) to work on /home/jithish/Documents/dag-dag-dag/.venv/lib/python3.10/site-packages/airflow/example_dags/tutorial_dag.py
[2024-05-15T03:44:14.337+0800] {processor.py:830} INFO - Processing file /home/jithish/Documents/dag-dag-dag/.venv/lib/python3.10/site-packages/airflow/example_dags/tutorial_dag.py for tasks to queue
[2024-05-15T03:44:14.342+0800] {logging_mixin.py:188} INFO - [2024-05-15T03:44:14.340+0800] {dagbag.py:545} INFO - Filling up the DagBag from /home/jithish/Documents/dag-dag-dag/.venv/lib/python3.10/site-packages/airflow/example_dags/tutorial_dag.py
[2024-05-15T03:44:14.357+0800] {processor.py:840} INFO - DAG(s) 'tutorial_dag' retrieved from /home/jithish/Documents/dag-dag-dag/.venv/lib/python3.10/site-packages/airflow/example_dags/tutorial_dag.py
[2024-05-15T03:44:14.384+0800] {logging_mixin.py:188} INFO - [2024-05-15T03:44:14.384+0800] {dag.py:3096} INFO - Sync 1 DAGs
[2024-05-15T03:44:14.395+0800] {logging_mixin.py:188} INFO - [2024-05-15T03:44:14.395+0800] {dag.py:3954} INFO - Setting next_dagrun for tutorial_dag to None, run_after=None
[2024-05-15T03:44:14.427+0800] {processor.py:183} INFO - Processing /home/jithish/Documents/dag-dag-dag/.venv/lib/python3.10/site-packages/airflow/example_dags/tutorial_dag.py took 0.157 seconds
[2024-05-15T03:45:13.394+0800] {processor.py:161} INFO - Started process (PID=96994) to work on /home/jithish/Documents/dag-dag-dag/.venv/lib/python3.10/site-packages/airflow/example_dags/tutorial_dag.py
[2024-05-15T03:45:13.456+0800] {processor.py:830} INFO - Processing file /home/jithish/Documents/dag-dag-dag/.venv/lib/python3.10/site-packages/airflow/example_dags/tutorial_dag.py for tasks to queue
[2024-05-15T03:45:13.460+0800] {logging_mixin.py:188} INFO - [2024-05-15T03:45:13.459+0800] {dagbag.py:545} INFO - Filling up the DagBag from /home/jithish/Documents/dag-dag-dag/.venv/lib/python3.10/site-packages/airflow/example_dags/tutorial_dag.py
[2024-05-15T03:45:13.477+0800] {processor.py:840} INFO - DAG(s) 'tutorial_dag' retrieved from /home/jithish/Documents/dag-dag-dag/.venv/lib/python3.10/site-packages/airflow/example_dags/tutorial_dag.py
[2024-05-15T03:45:13.500+0800] {logging_mixin.py:188} INFO - [2024-05-15T03:45:13.500+0800] {dag.py:3096} INFO - Sync 1 DAGs
[2024-05-15T03:45:13.510+0800] {logging_mixin.py:188} INFO - [2024-05-15T03:45:13.510+0800] {dag.py:3954} INFO - Setting next_dagrun for tutorial_dag to None, run_after=None
[2024-05-15T03:45:13.530+0800] {processor.py:183} INFO - Processing /home/jithish/Documents/dag-dag-dag/.venv/lib/python3.10/site-packages/airflow/example_dags/tutorial_dag.py took 0.140 seconds
[2024-05-15T03:46:14.258+0800] {processor.py:161} INFO - Started process (PID=97918) to work on /home/jithish/Documents/dag-dag-dag/.venv/lib/python3.10/site-packages/airflow/example_dags/tutorial_dag.py
[2024-05-15T03:46:14.259+0800] {processor.py:830} INFO - Processing file /home/jithish/Documents/dag-dag-dag/.venv/lib/python3.10/site-packages/airflow/example_dags/tutorial_dag.py for tasks to queue
[2024-05-15T03:46:14.260+0800] {logging_mixin.py:188} INFO - [2024-05-15T03:46:14.260+0800] {dagbag.py:545} INFO - Filling up the DagBag from /home/jithish/Documents/dag-dag-dag/.venv/lib/python3.10/site-packages/airflow/example_dags/tutorial_dag.py
[2024-05-15T03:46:14.265+0800] {processor.py:840} INFO - DAG(s) 'tutorial_dag' retrieved from /home/jithish/Documents/dag-dag-dag/.venv/lib/python3.10/site-packages/airflow/example_dags/tutorial_dag.py
[2024-05-15T03:46:14.281+0800] {logging_mixin.py:188} INFO - [2024-05-15T03:46:14.281+0800] {dag.py:3096} INFO - Sync 1 DAGs
[2024-05-15T03:46:14.293+0800] {logging_mixin.py:188} INFO - [2024-05-15T03:46:14.293+0800] {dag.py:3954} INFO - Setting next_dagrun for tutorial_dag to None, run_after=None
[2024-05-15T03:46:14.310+0800] {processor.py:183} INFO - Processing /home/jithish/Documents/dag-dag-dag/.venv/lib/python3.10/site-packages/airflow/example_dags/tutorial_dag.py took 0.059 seconds
[2024-05-15T03:47:15.617+0800] {processor.py:161} INFO - Started process (PID=98801) to work on /home/jithish/Documents/dag-dag-dag/.venv/lib/python3.10/site-packages/airflow/example_dags/tutorial_dag.py
[2024-05-15T03:47:15.617+0800] {processor.py:830} INFO - Processing file /home/jithish/Documents/dag-dag-dag/.venv/lib/python3.10/site-packages/airflow/example_dags/tutorial_dag.py for tasks to queue
[2024-05-15T03:47:15.619+0800] {logging_mixin.py:188} INFO - [2024-05-15T03:47:15.619+0800] {dagbag.py:545} INFO - Filling up the DagBag from /home/jithish/Documents/dag-dag-dag/.venv/lib/python3.10/site-packages/airflow/example_dags/tutorial_dag.py
[2024-05-15T03:47:15.624+0800] {processor.py:840} INFO - DAG(s) 'tutorial_dag' retrieved from /home/jithish/Documents/dag-dag-dag/.venv/lib/python3.10/site-packages/airflow/example_dags/tutorial_dag.py
[2024-05-15T03:47:15.639+0800] {logging_mixin.py:188} INFO - [2024-05-15T03:47:15.638+0800] {dag.py:3096} INFO - Sync 1 DAGs
[2024-05-15T03:47:15.648+0800] {logging_mixin.py:188} INFO - [2024-05-15T03:47:15.648+0800] {dag.py:3954} INFO - Setting next_dagrun for tutorial_dag to None, run_after=None
[2024-05-15T03:47:15.675+0800] {processor.py:183} INFO - Processing /home/jithish/Documents/dag-dag-dag/.venv/lib/python3.10/site-packages/airflow/example_dags/tutorial_dag.py took 0.066 seconds
[2024-05-15T03:48:06.880+0800] {processor.py:161} INFO - Started process (PID=99526) to work on /home/jithish/Documents/dag-dag-dag/.venv/lib/python3.10/site-packages/airflow/example_dags/tutorial_dag.py
[2024-05-15T03:48:06.942+0800] {processor.py:830} INFO - Processing file /home/jithish/Documents/dag-dag-dag/.venv/lib/python3.10/site-packages/airflow/example_dags/tutorial_dag.py for tasks to queue
[2024-05-15T03:48:06.943+0800] {logging_mixin.py:188} INFO - [2024-05-15T03:48:06.943+0800] {dagbag.py:545} INFO - Filling up the DagBag from /home/jithish/Documents/dag-dag-dag/.venv/lib/python3.10/site-packages/airflow/example_dags/tutorial_dag.py
[2024-05-15T03:48:06.948+0800] {processor.py:840} INFO - DAG(s) 'tutorial_dag' retrieved from /home/jithish/Documents/dag-dag-dag/.venv/lib/python3.10/site-packages/airflow/example_dags/tutorial_dag.py
[2024-05-15T03:48:06.960+0800] {logging_mixin.py:188} INFO - [2024-05-15T03:48:06.959+0800] {dag.py:3096} INFO - Sync 1 DAGs
[2024-05-15T03:48:06.968+0800] {logging_mixin.py:188} INFO - [2024-05-15T03:48:06.968+0800] {dag.py:3954} INFO - Setting next_dagrun for tutorial_dag to None, run_after=None
[2024-05-15T03:48:06.989+0800] {processor.py:183} INFO - Processing /home/jithish/Documents/dag-dag-dag/.venv/lib/python3.10/site-packages/airflow/example_dags/tutorial_dag.py took 0.122 seconds
[2024-05-15T03:48:57.958+0800] {processor.py:161} INFO - Started process (PID=100291) to work on /home/jithish/Documents/dag-dag-dag/.venv/lib/python3.10/site-packages/airflow/example_dags/tutorial_dag.py
[2024-05-15T03:48:58.020+0800] {processor.py:830} INFO - Processing file /home/jithish/Documents/dag-dag-dag/.venv/lib/python3.10/site-packages/airflow/example_dags/tutorial_dag.py for tasks to queue
[2024-05-15T03:48:58.021+0800] {logging_mixin.py:188} INFO - [2024-05-15T03:48:58.021+0800] {dagbag.py:545} INFO - Filling up the DagBag from /home/jithish/Documents/dag-dag-dag/.venv/lib/python3.10/site-packages/airflow/example_dags/tutorial_dag.py
[2024-05-15T03:48:58.026+0800] {processor.py:840} INFO - DAG(s) 'tutorial_dag' retrieved from /home/jithish/Documents/dag-dag-dag/.venv/lib/python3.10/site-packages/airflow/example_dags/tutorial_dag.py
[2024-05-15T03:48:58.039+0800] {logging_mixin.py:188} INFO - [2024-05-15T03:48:58.039+0800] {dag.py:3096} INFO - Sync 1 DAGs
[2024-05-15T03:48:58.048+0800] {logging_mixin.py:188} INFO - [2024-05-15T03:48:58.048+0800] {dag.py:3954} INFO - Setting next_dagrun for tutorial_dag to None, run_after=None
[2024-05-15T03:48:58.072+0800] {processor.py:183} INFO - Processing /home/jithish/Documents/dag-dag-dag/.venv/lib/python3.10/site-packages/airflow/example_dags/tutorial_dag.py took 0.125 seconds
[2024-05-15T03:49:57.248+0800] {processor.py:161} INFO - Started process (PID=101117) to work on /home/jithish/Documents/dag-dag-dag/.venv/lib/python3.10/site-packages/airflow/example_dags/tutorial_dag.py
[2024-05-15T03:49:57.310+0800] {processor.py:830} INFO - Processing file /home/jithish/Documents/dag-dag-dag/.venv/lib/python3.10/site-packages/airflow/example_dags/tutorial_dag.py for tasks to queue
[2024-05-15T03:49:57.317+0800] {logging_mixin.py:188} INFO - [2024-05-15T03:49:57.315+0800] {dagbag.py:545} INFO - Filling up the DagBag from /home/jithish/Documents/dag-dag-dag/.venv/lib/python3.10/site-packages/airflow/example_dags/tutorial_dag.py
[2024-05-15T03:49:57.335+0800] {processor.py:840} INFO - DAG(s) 'tutorial_dag' retrieved from /home/jithish/Documents/dag-dag-dag/.venv/lib/python3.10/site-packages/airflow/example_dags/tutorial_dag.py
[2024-05-15T03:49:57.360+0800] {logging_mixin.py:188} INFO - [2024-05-15T03:49:57.360+0800] {dag.py:3096} INFO - Sync 1 DAGs
[2024-05-15T03:49:57.373+0800] {logging_mixin.py:188} INFO - [2024-05-15T03:49:57.373+0800] {dag.py:3954} INFO - Setting next_dagrun for tutorial_dag to None, run_after=None
[2024-05-15T03:49:57.390+0800] {processor.py:183} INFO - Processing /home/jithish/Documents/dag-dag-dag/.venv/lib/python3.10/site-packages/airflow/example_dags/tutorial_dag.py took 0.158 seconds
[2024-05-15T03:50:53.476+0800] {processor.py:161} INFO - Started process (PID=101897) to work on /home/jithish/Documents/dag-dag-dag/.venv/lib/python3.10/site-packages/airflow/example_dags/tutorial_dag.py
[2024-05-15T03:50:53.479+0800] {processor.py:830} INFO - Processing file /home/jithish/Documents/dag-dag-dag/.venv/lib/python3.10/site-packages/airflow/example_dags/tutorial_dag.py for tasks to queue
[2024-05-15T03:50:53.481+0800] {logging_mixin.py:188} INFO - [2024-05-15T03:50:53.480+0800] {dagbag.py:545} INFO - Filling up the DagBag from /home/jithish/Documents/dag-dag-dag/.venv/lib/python3.10/site-packages/airflow/example_dags/tutorial_dag.py
[2024-05-15T03:50:53.486+0800] {processor.py:840} INFO - DAG(s) 'tutorial_dag' retrieved from /home/jithish/Documents/dag-dag-dag/.venv/lib/python3.10/site-packages/airflow/example_dags/tutorial_dag.py
[2024-05-15T03:50:53.498+0800] {logging_mixin.py:188} INFO - [2024-05-15T03:50:53.498+0800] {dag.py:3096} INFO - Sync 1 DAGs
[2024-05-15T03:50:53.507+0800] {logging_mixin.py:188} INFO - [2024-05-15T03:50:53.507+0800] {dag.py:3954} INFO - Setting next_dagrun for tutorial_dag to None, run_after=None
[2024-05-15T03:50:53.533+0800] {processor.py:183} INFO - Processing /home/jithish/Documents/dag-dag-dag/.venv/lib/python3.10/site-packages/airflow/example_dags/tutorial_dag.py took 0.065 seconds
[2024-05-15T03:51:47.679+0800] {processor.py:161} INFO - Started process (PID=102566) to work on /home/jithish/Documents/dag-dag-dag/.venv/lib/python3.10/site-packages/airflow/example_dags/tutorial_dag.py
[2024-05-15T03:51:47.685+0800] {processor.py:830} INFO - Processing file /home/jithish/Documents/dag-dag-dag/.venv/lib/python3.10/site-packages/airflow/example_dags/tutorial_dag.py for tasks to queue
[2024-05-15T03:51:47.686+0800] {logging_mixin.py:188} INFO - [2024-05-15T03:51:47.686+0800] {dagbag.py:545} INFO - Filling up the DagBag from /home/jithish/Documents/dag-dag-dag/.venv/lib/python3.10/site-packages/airflow/example_dags/tutorial_dag.py
[2024-05-15T03:51:47.693+0800] {processor.py:840} INFO - DAG(s) 'tutorial_dag' retrieved from /home/jithish/Documents/dag-dag-dag/.venv/lib/python3.10/site-packages/airflow/example_dags/tutorial_dag.py
[2024-05-15T03:51:47.709+0800] {logging_mixin.py:188} INFO - [2024-05-15T03:51:47.709+0800] {dag.py:3096} INFO - Sync 1 DAGs
[2024-05-15T03:51:47.720+0800] {logging_mixin.py:188} INFO - [2024-05-15T03:51:47.720+0800] {dag.py:3954} INFO - Setting next_dagrun for tutorial_dag to None, run_after=None
[2024-05-15T03:51:47.738+0800] {processor.py:183} INFO - Processing /home/jithish/Documents/dag-dag-dag/.venv/lib/python3.10/site-packages/airflow/example_dags/tutorial_dag.py took 0.064 seconds
[2024-05-15T03:52:34.589+0800] {processor.py:161} INFO - Started process (PID=103010) to work on /home/jithish/Documents/dag-dag-dag/.venv/lib/python3.10/site-packages/airflow/example_dags/tutorial_dag.py
[2024-05-15T03:52:34.651+0800] {processor.py:830} INFO - Processing file /home/jithish/Documents/dag-dag-dag/.venv/lib/python3.10/site-packages/airflow/example_dags/tutorial_dag.py for tasks to queue
[2024-05-15T03:52:34.656+0800] {logging_mixin.py:188} INFO - [2024-05-15T03:52:34.655+0800] {dagbag.py:545} INFO - Filling up the DagBag from /home/jithish/Documents/dag-dag-dag/.venv/lib/python3.10/site-packages/airflow/example_dags/tutorial_dag.py
[2024-05-15T03:52:34.669+0800] {processor.py:840} INFO - DAG(s) 'tutorial_dag' retrieved from /home/jithish/Documents/dag-dag-dag/.venv/lib/python3.10/site-packages/airflow/example_dags/tutorial_dag.py
[2024-05-15T03:52:34.688+0800] {logging_mixin.py:188} INFO - [2024-05-15T03:52:34.688+0800] {dag.py:3096} INFO - Sync 1 DAGs
[2024-05-15T03:52:34.697+0800] {logging_mixin.py:188} INFO - [2024-05-15T03:52:34.697+0800] {dag.py:3954} INFO - Setting next_dagrun for tutorial_dag to None, run_after=None
[2024-05-15T03:52:34.727+0800] {processor.py:183} INFO - Processing /home/jithish/Documents/dag-dag-dag/.venv/lib/python3.10/site-packages/airflow/example_dags/tutorial_dag.py took 0.155 seconds
[2024-05-15T03:53:27.212+0800] {processor.py:161} INFO - Started process (PID=103703) to work on /home/jithish/Documents/dag-dag-dag/.venv/lib/python3.10/site-packages/airflow/example_dags/tutorial_dag.py
[2024-05-15T03:53:27.272+0800] {processor.py:830} INFO - Processing file /home/jithish/Documents/dag-dag-dag/.venv/lib/python3.10/site-packages/airflow/example_dags/tutorial_dag.py for tasks to queue
[2024-05-15T03:53:27.276+0800] {logging_mixin.py:188} INFO - [2024-05-15T03:53:27.275+0800] {dagbag.py:545} INFO - Filling up the DagBag from /home/jithish/Documents/dag-dag-dag/.venv/lib/python3.10/site-packages/airflow/example_dags/tutorial_dag.py
[2024-05-15T03:53:27.287+0800] {processor.py:840} INFO - DAG(s) 'tutorial_dag' retrieved from /home/jithish/Documents/dag-dag-dag/.venv/lib/python3.10/site-packages/airflow/example_dags/tutorial_dag.py
[2024-05-15T03:53:27.324+0800] {logging_mixin.py:188} INFO - [2024-05-15T03:53:27.324+0800] {dag.py:3096} INFO - Sync 1 DAGs
[2024-05-15T03:53:27.341+0800] {logging_mixin.py:188} INFO - [2024-05-15T03:53:27.341+0800] {dag.py:3954} INFO - Setting next_dagrun for tutorial_dag to None, run_after=None
[2024-05-15T03:53:27.444+0800] {processor.py:183} INFO - Processing /home/jithish/Documents/dag-dag-dag/.venv/lib/python3.10/site-packages/airflow/example_dags/tutorial_dag.py took 0.238 seconds
[2024-05-15T03:54:26.602+0800] {processor.py:161} INFO - Started process (PID=104448) to work on /home/jithish/Documents/dag-dag-dag/.venv/lib/python3.10/site-packages/airflow/example_dags/tutorial_dag.py
[2024-05-15T03:54:26.663+0800] {processor.py:830} INFO - Processing file /home/jithish/Documents/dag-dag-dag/.venv/lib/python3.10/site-packages/airflow/example_dags/tutorial_dag.py for tasks to queue
[2024-05-15T03:54:26.666+0800] {logging_mixin.py:188} INFO - [2024-05-15T03:54:26.665+0800] {dagbag.py:545} INFO - Filling up the DagBag from /home/jithish/Documents/dag-dag-dag/.venv/lib/python3.10/site-packages/airflow/example_dags/tutorial_dag.py
[2024-05-15T03:54:26.677+0800] {processor.py:840} INFO - DAG(s) 'tutorial_dag' retrieved from /home/jithish/Documents/dag-dag-dag/.venv/lib/python3.10/site-packages/airflow/example_dags/tutorial_dag.py
[2024-05-15T03:54:26.705+0800] {logging_mixin.py:188} INFO - [2024-05-15T03:54:26.705+0800] {dag.py:3096} INFO - Sync 1 DAGs
[2024-05-15T03:54:26.716+0800] {logging_mixin.py:188} INFO - [2024-05-15T03:54:26.716+0800] {dag.py:3954} INFO - Setting next_dagrun for tutorial_dag to None, run_after=None
[2024-05-15T03:54:26.736+0800] {processor.py:183} INFO - Processing /home/jithish/Documents/dag-dag-dag/.venv/lib/python3.10/site-packages/airflow/example_dags/tutorial_dag.py took 0.141 seconds
[2024-05-15T03:55:21.378+0800] {processor.py:161} INFO - Started process (PID=105132) to work on /home/jithish/Documents/dag-dag-dag/.venv/lib/python3.10/site-packages/airflow/example_dags/tutorial_dag.py
[2024-05-15T03:55:21.441+0800] {processor.py:830} INFO - Processing file /home/jithish/Documents/dag-dag-dag/.venv/lib/python3.10/site-packages/airflow/example_dags/tutorial_dag.py for tasks to queue
[2024-05-15T03:55:21.443+0800] {logging_mixin.py:188} INFO - [2024-05-15T03:55:21.442+0800] {dagbag.py:545} INFO - Filling up the DagBag from /home/jithish/Documents/dag-dag-dag/.venv/lib/python3.10/site-packages/airflow/example_dags/tutorial_dag.py
[2024-05-15T03:55:21.447+0800] {processor.py:840} INFO - DAG(s) 'tutorial_dag' retrieved from /home/jithish/Documents/dag-dag-dag/.venv/lib/python3.10/site-packages/airflow/example_dags/tutorial_dag.py
[2024-05-15T03:55:21.458+0800] {logging_mixin.py:188} INFO - [2024-05-15T03:55:21.458+0800] {dag.py:3096} INFO - Sync 1 DAGs
[2024-05-15T03:55:21.466+0800] {logging_mixin.py:188} INFO - [2024-05-15T03:55:21.466+0800] {dag.py:3954} INFO - Setting next_dagrun for tutorial_dag to None, run_after=None
[2024-05-15T03:55:21.490+0800] {processor.py:183} INFO - Processing /home/jithish/Documents/dag-dag-dag/.venv/lib/python3.10/site-packages/airflow/example_dags/tutorial_dag.py took 0.116 seconds
[2024-05-15T03:56:12.067+0800] {processor.py:161} INFO - Started process (PID=105639) to work on /home/jithish/Documents/dag-dag-dag/.venv/lib/python3.10/site-packages/airflow/example_dags/tutorial_dag.py
[2024-05-15T03:56:12.128+0800] {processor.py:830} INFO - Processing file /home/jithish/Documents/dag-dag-dag/.venv/lib/python3.10/site-packages/airflow/example_dags/tutorial_dag.py for tasks to queue
[2024-05-15T03:56:12.134+0800] {logging_mixin.py:188} INFO - [2024-05-15T03:56:12.133+0800] {dagbag.py:545} INFO - Filling up the DagBag from /home/jithish/Documents/dag-dag-dag/.venv/lib/python3.10/site-packages/airflow/example_dags/tutorial_dag.py
[2024-05-15T03:56:12.150+0800] {processor.py:840} INFO - DAG(s) 'tutorial_dag' retrieved from /home/jithish/Documents/dag-dag-dag/.venv/lib/python3.10/site-packages/airflow/example_dags/tutorial_dag.py
[2024-05-15T03:56:12.171+0800] {logging_mixin.py:188} INFO - [2024-05-15T03:56:12.171+0800] {dag.py:3096} INFO - Sync 1 DAGs
[2024-05-15T03:56:12.181+0800] {logging_mixin.py:188} INFO - [2024-05-15T03:56:12.181+0800] {dag.py:3954} INFO - Setting next_dagrun for tutorial_dag to None, run_after=None
[2024-05-15T03:56:12.202+0800] {processor.py:183} INFO - Processing /home/jithish/Documents/dag-dag-dag/.venv/lib/python3.10/site-packages/airflow/example_dags/tutorial_dag.py took 0.140 seconds
[2024-05-15T03:57:01.148+0800] {processor.py:161} INFO - Started process (PID=106148) to work on /home/jithish/Documents/dag-dag-dag/.venv/lib/python3.10/site-packages/airflow/example_dags/tutorial_dag.py
[2024-05-15T03:57:01.150+0800] {processor.py:830} INFO - Processing file /home/jithish/Documents/dag-dag-dag/.venv/lib/python3.10/site-packages/airflow/example_dags/tutorial_dag.py for tasks to queue
[2024-05-15T03:57:01.152+0800] {logging_mixin.py:188} INFO - [2024-05-15T03:57:01.151+0800] {dagbag.py:545} INFO - Filling up the DagBag from /home/jithish/Documents/dag-dag-dag/.venv/lib/python3.10/site-packages/airflow/example_dags/tutorial_dag.py
[2024-05-15T03:57:01.158+0800] {processor.py:840} INFO - DAG(s) 'tutorial_dag' retrieved from /home/jithish/Documents/dag-dag-dag/.venv/lib/python3.10/site-packages/airflow/example_dags/tutorial_dag.py
[2024-05-15T03:57:01.172+0800] {logging_mixin.py:188} INFO - [2024-05-15T03:57:01.171+0800] {dag.py:3096} INFO - Sync 1 DAGs
[2024-05-15T03:57:01.181+0800] {logging_mixin.py:188} INFO - [2024-05-15T03:57:01.181+0800] {dag.py:3954} INFO - Setting next_dagrun for tutorial_dag to None, run_after=None
[2024-05-15T03:57:01.198+0800] {processor.py:183} INFO - Processing /home/jithish/Documents/dag-dag-dag/.venv/lib/python3.10/site-packages/airflow/example_dags/tutorial_dag.py took 0.058 seconds
[2024-05-15T03:57:47.999+0800] {processor.py:161} INFO - Started process (PID=106573) to work on /home/jithish/Documents/dag-dag-dag/.venv/lib/python3.10/site-packages/airflow/example_dags/tutorial_dag.py
[2024-05-15T03:57:48.060+0800] {processor.py:830} INFO - Processing file /home/jithish/Documents/dag-dag-dag/.venv/lib/python3.10/site-packages/airflow/example_dags/tutorial_dag.py for tasks to queue
[2024-05-15T03:57:48.061+0800] {logging_mixin.py:188} INFO - [2024-05-15T03:57:48.061+0800] {dagbag.py:545} INFO - Filling up the DagBag from /home/jithish/Documents/dag-dag-dag/.venv/lib/python3.10/site-packages/airflow/example_dags/tutorial_dag.py
[2024-05-15T03:57:48.065+0800] {processor.py:840} INFO - DAG(s) 'tutorial_dag' retrieved from /home/jithish/Documents/dag-dag-dag/.venv/lib/python3.10/site-packages/airflow/example_dags/tutorial_dag.py
[2024-05-15T03:57:48.077+0800] {logging_mixin.py:188} INFO - [2024-05-15T03:57:48.077+0800] {dag.py:3096} INFO - Sync 1 DAGs
[2024-05-15T03:57:48.085+0800] {logging_mixin.py:188} INFO - [2024-05-15T03:57:48.085+0800] {dag.py:3954} INFO - Setting next_dagrun for tutorial_dag to None, run_after=None
[2024-05-15T03:57:48.104+0800] {processor.py:183} INFO - Processing /home/jithish/Documents/dag-dag-dag/.venv/lib/python3.10/site-packages/airflow/example_dags/tutorial_dag.py took 0.109 seconds
[2024-05-15T03:58:33.712+0800] {processor.py:161} INFO - Started process (PID=106976) to work on /home/jithish/Documents/dag-dag-dag/.venv/lib/python3.10/site-packages/airflow/example_dags/tutorial_dag.py
[2024-05-15T03:58:33.713+0800] {processor.py:830} INFO - Processing file /home/jithish/Documents/dag-dag-dag/.venv/lib/python3.10/site-packages/airflow/example_dags/tutorial_dag.py for tasks to queue
[2024-05-15T03:58:33.715+0800] {logging_mixin.py:188} INFO - [2024-05-15T03:58:33.714+0800] {dagbag.py:545} INFO - Filling up the DagBag from /home/jithish/Documents/dag-dag-dag/.venv/lib/python3.10/site-packages/airflow/example_dags/tutorial_dag.py
[2024-05-15T03:58:33.721+0800] {processor.py:840} INFO - DAG(s) 'tutorial_dag' retrieved from /home/jithish/Documents/dag-dag-dag/.venv/lib/python3.10/site-packages/airflow/example_dags/tutorial_dag.py
[2024-05-15T03:58:33.739+0800] {logging_mixin.py:188} INFO - [2024-05-15T03:58:33.739+0800] {dag.py:3096} INFO - Sync 1 DAGs
[2024-05-15T03:58:33.753+0800] {logging_mixin.py:188} INFO - [2024-05-15T03:58:33.753+0800] {dag.py:3954} INFO - Setting next_dagrun for tutorial_dag to None, run_after=None
[2024-05-15T03:58:33.776+0800] {processor.py:183} INFO - Processing /home/jithish/Documents/dag-dag-dag/.venv/lib/python3.10/site-packages/airflow/example_dags/tutorial_dag.py took 0.068 seconds
[2024-05-15T03:59:22.168+0800] {processor.py:161} INFO - Started process (PID=107543) to work on /home/jithish/Documents/dag-dag-dag/.venv/lib/python3.10/site-packages/airflow/example_dags/tutorial_dag.py
[2024-05-15T03:59:22.169+0800] {processor.py:830} INFO - Processing file /home/jithish/Documents/dag-dag-dag/.venv/lib/python3.10/site-packages/airflow/example_dags/tutorial_dag.py for tasks to queue
[2024-05-15T03:59:22.170+0800] {logging_mixin.py:188} INFO - [2024-05-15T03:59:22.169+0800] {dagbag.py:545} INFO - Filling up the DagBag from /home/jithish/Documents/dag-dag-dag/.venv/lib/python3.10/site-packages/airflow/example_dags/tutorial_dag.py
[2024-05-15T03:59:22.174+0800] {processor.py:840} INFO - DAG(s) 'tutorial_dag' retrieved from /home/jithish/Documents/dag-dag-dag/.venv/lib/python3.10/site-packages/airflow/example_dags/tutorial_dag.py
[2024-05-15T03:59:22.188+0800] {logging_mixin.py:188} INFO - [2024-05-15T03:59:22.187+0800] {dag.py:3096} INFO - Sync 1 DAGs
[2024-05-15T03:59:22.201+0800] {logging_mixin.py:188} INFO - [2024-05-15T03:59:22.201+0800] {dag.py:3954} INFO - Setting next_dagrun for tutorial_dag to None, run_after=None
[2024-05-15T03:59:22.229+0800] {processor.py:183} INFO - Processing /home/jithish/Documents/dag-dag-dag/.venv/lib/python3.10/site-packages/airflow/example_dags/tutorial_dag.py took 0.065 seconds
[2024-05-15T04:00:10.896+0800] {processor.py:161} INFO - Started process (PID=107919) to work on /home/jithish/Documents/dag-dag-dag/.venv/lib/python3.10/site-packages/airflow/example_dags/tutorial_dag.py
[2024-05-15T04:00:10.957+0800] {processor.py:830} INFO - Processing file /home/jithish/Documents/dag-dag-dag/.venv/lib/python3.10/site-packages/airflow/example_dags/tutorial_dag.py for tasks to queue
[2024-05-15T04:00:10.958+0800] {logging_mixin.py:188} INFO - [2024-05-15T04:00:10.958+0800] {dagbag.py:545} INFO - Filling up the DagBag from /home/jithish/Documents/dag-dag-dag/.venv/lib/python3.10/site-packages/airflow/example_dags/tutorial_dag.py
[2024-05-15T04:00:10.962+0800] {processor.py:840} INFO - DAG(s) 'tutorial_dag' retrieved from /home/jithish/Documents/dag-dag-dag/.venv/lib/python3.10/site-packages/airflow/example_dags/tutorial_dag.py
[2024-05-15T04:00:10.976+0800] {logging_mixin.py:188} INFO - [2024-05-15T04:00:10.975+0800] {dag.py:3096} INFO - Sync 1 DAGs
[2024-05-15T04:00:10.985+0800] {logging_mixin.py:188} INFO - [2024-05-15T04:00:10.984+0800] {dag.py:3954} INFO - Setting next_dagrun for tutorial_dag to None, run_after=None
[2024-05-15T04:00:11.005+0800] {processor.py:183} INFO - Processing /home/jithish/Documents/dag-dag-dag/.venv/lib/python3.10/site-packages/airflow/example_dags/tutorial_dag.py took 0.113 seconds
[2024-05-15T04:01:00.241+0800] {processor.py:161} INFO - Started process (PID=108352) to work on /home/jithish/Documents/dag-dag-dag/.venv/lib/python3.10/site-packages/airflow/example_dags/tutorial_dag.py
[2024-05-15T04:01:00.302+0800] {processor.py:830} INFO - Processing file /home/jithish/Documents/dag-dag-dag/.venv/lib/python3.10/site-packages/airflow/example_dags/tutorial_dag.py for tasks to queue
[2024-05-15T04:01:00.305+0800] {logging_mixin.py:188} INFO - [2024-05-15T04:01:00.305+0800] {dagbag.py:545} INFO - Filling up the DagBag from /home/jithish/Documents/dag-dag-dag/.venv/lib/python3.10/site-packages/airflow/example_dags/tutorial_dag.py
[2024-05-15T04:01:00.309+0800] {processor.py:840} INFO - DAG(s) 'tutorial_dag' retrieved from /home/jithish/Documents/dag-dag-dag/.venv/lib/python3.10/site-packages/airflow/example_dags/tutorial_dag.py
[2024-05-15T04:01:00.323+0800] {logging_mixin.py:188} INFO - [2024-05-15T04:01:00.323+0800] {dag.py:3096} INFO - Sync 1 DAGs
[2024-05-15T04:01:00.333+0800] {logging_mixin.py:188} INFO - [2024-05-15T04:01:00.332+0800] {dag.py:3954} INFO - Setting next_dagrun for tutorial_dag to None, run_after=None
[2024-05-15T04:01:00.355+0800] {processor.py:183} INFO - Processing /home/jithish/Documents/dag-dag-dag/.venv/lib/python3.10/site-packages/airflow/example_dags/tutorial_dag.py took 0.119 seconds
[2024-05-15T04:01:48.556+0800] {processor.py:161} INFO - Started process (PID=108763) to work on /home/jithish/Documents/dag-dag-dag/.venv/lib/python3.10/site-packages/airflow/example_dags/tutorial_dag.py
[2024-05-15T04:01:48.559+0800] {processor.py:830} INFO - Processing file /home/jithish/Documents/dag-dag-dag/.venv/lib/python3.10/site-packages/airflow/example_dags/tutorial_dag.py for tasks to queue
[2024-05-15T04:01:48.561+0800] {logging_mixin.py:188} INFO - [2024-05-15T04:01:48.561+0800] {dagbag.py:545} INFO - Filling up the DagBag from /home/jithish/Documents/dag-dag-dag/.venv/lib/python3.10/site-packages/airflow/example_dags/tutorial_dag.py
[2024-05-15T04:01:48.572+0800] {processor.py:840} INFO - DAG(s) 'tutorial_dag' retrieved from /home/jithish/Documents/dag-dag-dag/.venv/lib/python3.10/site-packages/airflow/example_dags/tutorial_dag.py
[2024-05-15T04:01:48.588+0800] {logging_mixin.py:188} INFO - [2024-05-15T04:01:48.587+0800] {dag.py:3096} INFO - Sync 1 DAGs
[2024-05-15T04:01:48.597+0800] {logging_mixin.py:188} INFO - [2024-05-15T04:01:48.597+0800] {dag.py:3954} INFO - Setting next_dagrun for tutorial_dag to None, run_after=None
[2024-05-15T04:01:48.616+0800] {processor.py:183} INFO - Processing /home/jithish/Documents/dag-dag-dag/.venv/lib/python3.10/site-packages/airflow/example_dags/tutorial_dag.py took 0.077 seconds
[2024-05-15T04:02:37.195+0800] {processor.py:161} INFO - Started process (PID=109265) to work on /home/jithish/Documents/dag-dag-dag/.venv/lib/python3.10/site-packages/airflow/example_dags/tutorial_dag.py
[2024-05-15T04:02:37.256+0800] {processor.py:830} INFO - Processing file /home/jithish/Documents/dag-dag-dag/.venv/lib/python3.10/site-packages/airflow/example_dags/tutorial_dag.py for tasks to queue
[2024-05-15T04:02:37.261+0800] {logging_mixin.py:188} INFO - [2024-05-15T04:02:37.259+0800] {dagbag.py:545} INFO - Filling up the DagBag from /home/jithish/Documents/dag-dag-dag/.venv/lib/python3.10/site-packages/airflow/example_dags/tutorial_dag.py
[2024-05-15T04:02:37.277+0800] {processor.py:840} INFO - DAG(s) 'tutorial_dag' retrieved from /home/jithish/Documents/dag-dag-dag/.venv/lib/python3.10/site-packages/airflow/example_dags/tutorial_dag.py
[2024-05-15T04:02:37.303+0800] {logging_mixin.py:188} INFO - [2024-05-15T04:02:37.302+0800] {dag.py:3096} INFO - Sync 1 DAGs
[2024-05-15T04:02:37.313+0800] {logging_mixin.py:188} INFO - [2024-05-15T04:02:37.313+0800] {dag.py:3954} INFO - Setting next_dagrun for tutorial_dag to None, run_after=None
[2024-05-15T04:02:37.342+0800] {processor.py:183} INFO - Processing /home/jithish/Documents/dag-dag-dag/.venv/lib/python3.10/site-packages/airflow/example_dags/tutorial_dag.py took 0.154 seconds
[2024-05-15T04:03:40.859+0800] {processor.py:161} INFO - Started process (PID=110142) to work on /home/jithish/Documents/dag-dag-dag/.venv/lib/python3.10/site-packages/airflow/example_dags/tutorial_dag.py
[2024-05-15T04:03:40.862+0800] {processor.py:830} INFO - Processing file /home/jithish/Documents/dag-dag-dag/.venv/lib/python3.10/site-packages/airflow/example_dags/tutorial_dag.py for tasks to queue
[2024-05-15T04:03:40.865+0800] {logging_mixin.py:188} INFO - [2024-05-15T04:03:40.864+0800] {dagbag.py:545} INFO - Filling up the DagBag from /home/jithish/Documents/dag-dag-dag/.venv/lib/python3.10/site-packages/airflow/example_dags/tutorial_dag.py
[2024-05-15T04:03:40.872+0800] {processor.py:840} INFO - DAG(s) 'tutorial_dag' retrieved from /home/jithish/Documents/dag-dag-dag/.venv/lib/python3.10/site-packages/airflow/example_dags/tutorial_dag.py
[2024-05-15T04:03:40.891+0800] {logging_mixin.py:188} INFO - [2024-05-15T04:03:40.890+0800] {dag.py:3096} INFO - Sync 1 DAGs
[2024-05-15T04:03:40.899+0800] {logging_mixin.py:188} INFO - [2024-05-15T04:03:40.899+0800] {dag.py:3954} INFO - Setting next_dagrun for tutorial_dag to None, run_after=None
[2024-05-15T04:03:40.922+0800] {processor.py:183} INFO - Processing /home/jithish/Documents/dag-dag-dag/.venv/lib/python3.10/site-packages/airflow/example_dags/tutorial_dag.py took 0.069 seconds
[2024-05-15T04:04:42.005+0800] {processor.py:161} INFO - Started process (PID=111113) to work on /home/jithish/Documents/dag-dag-dag/.venv/lib/python3.10/site-packages/airflow/example_dags/tutorial_dag.py
[2024-05-15T04:04:42.067+0800] {processor.py:830} INFO - Processing file /home/jithish/Documents/dag-dag-dag/.venv/lib/python3.10/site-packages/airflow/example_dags/tutorial_dag.py for tasks to queue
[2024-05-15T04:04:42.073+0800] {logging_mixin.py:188} INFO - [2024-05-15T04:04:42.072+0800] {dagbag.py:545} INFO - Filling up the DagBag from /home/jithish/Documents/dag-dag-dag/.venv/lib/python3.10/site-packages/airflow/example_dags/tutorial_dag.py
[2024-05-15T04:04:42.089+0800] {processor.py:840} INFO - DAG(s) 'tutorial_dag' retrieved from /home/jithish/Documents/dag-dag-dag/.venv/lib/python3.10/site-packages/airflow/example_dags/tutorial_dag.py
[2024-05-15T04:04:42.115+0800] {logging_mixin.py:188} INFO - [2024-05-15T04:04:42.115+0800] {dag.py:3096} INFO - Sync 1 DAGs
[2024-05-15T04:04:42.126+0800] {logging_mixin.py:188} INFO - [2024-05-15T04:04:42.125+0800] {dag.py:3954} INFO - Setting next_dagrun for tutorial_dag to None, run_after=None
[2024-05-15T04:04:42.157+0800] {processor.py:183} INFO - Processing /home/jithish/Documents/dag-dag-dag/.venv/lib/python3.10/site-packages/airflow/example_dags/tutorial_dag.py took 0.156 seconds
[2024-05-15T04:05:38.078+0800] {processor.py:161} INFO - Started process (PID=111944) to work on /home/jithish/Documents/dag-dag-dag/.venv/lib/python3.10/site-packages/airflow/example_dags/tutorial_dag.py
[2024-05-15T04:05:38.142+0800] {processor.py:830} INFO - Processing file /home/jithish/Documents/dag-dag-dag/.venv/lib/python3.10/site-packages/airflow/example_dags/tutorial_dag.py for tasks to queue
[2024-05-15T04:05:38.146+0800] {logging_mixin.py:188} INFO - [2024-05-15T04:05:38.145+0800] {dagbag.py:545} INFO - Filling up the DagBag from /home/jithish/Documents/dag-dag-dag/.venv/lib/python3.10/site-packages/airflow/example_dags/tutorial_dag.py
[2024-05-15T04:05:38.160+0800] {processor.py:840} INFO - DAG(s) 'tutorial_dag' retrieved from /home/jithish/Documents/dag-dag-dag/.venv/lib/python3.10/site-packages/airflow/example_dags/tutorial_dag.py
[2024-05-15T04:05:38.185+0800] {logging_mixin.py:188} INFO - [2024-05-15T04:05:38.185+0800] {dag.py:3096} INFO - Sync 1 DAGs
[2024-05-15T04:05:38.196+0800] {logging_mixin.py:188} INFO - [2024-05-15T04:05:38.196+0800] {dag.py:3954} INFO - Setting next_dagrun for tutorial_dag to None, run_after=None
[2024-05-15T04:05:38.214+0800] {processor.py:183} INFO - Processing /home/jithish/Documents/dag-dag-dag/.venv/lib/python3.10/site-packages/airflow/example_dags/tutorial_dag.py took 0.142 seconds
[2024-05-15T04:06:32.860+0800] {processor.py:161} INFO - Started process (PID=112725) to work on /home/jithish/Documents/dag-dag-dag/.venv/lib/python3.10/site-packages/airflow/example_dags/tutorial_dag.py
[2024-05-15T04:06:32.921+0800] {processor.py:830} INFO - Processing file /home/jithish/Documents/dag-dag-dag/.venv/lib/python3.10/site-packages/airflow/example_dags/tutorial_dag.py for tasks to queue
[2024-05-15T04:06:32.923+0800] {logging_mixin.py:188} INFO - [2024-05-15T04:06:32.923+0800] {dagbag.py:545} INFO - Filling up the DagBag from /home/jithish/Documents/dag-dag-dag/.venv/lib/python3.10/site-packages/airflow/example_dags/tutorial_dag.py
[2024-05-15T04:06:32.929+0800] {processor.py:840} INFO - DAG(s) 'tutorial_dag' retrieved from /home/jithish/Documents/dag-dag-dag/.venv/lib/python3.10/site-packages/airflow/example_dags/tutorial_dag.py
[2024-05-15T04:06:32.946+0800] {logging_mixin.py:188} INFO - [2024-05-15T04:06:32.945+0800] {dag.py:3096} INFO - Sync 1 DAGs
[2024-05-15T04:06:32.956+0800] {logging_mixin.py:188} INFO - [2024-05-15T04:06:32.956+0800] {dag.py:3954} INFO - Setting next_dagrun for tutorial_dag to None, run_after=None
[2024-05-15T04:06:32.976+0800] {processor.py:183} INFO - Processing /home/jithish/Documents/dag-dag-dag/.venv/lib/python3.10/site-packages/airflow/example_dags/tutorial_dag.py took 0.122 seconds
[2024-05-15T04:07:27.864+0800] {processor.py:161} INFO - Started process (PID=113468) to work on /home/jithish/Documents/dag-dag-dag/.venv/lib/python3.10/site-packages/airflow/example_dags/tutorial_dag.py
[2024-05-15T04:07:27.925+0800] {processor.py:830} INFO - Processing file /home/jithish/Documents/dag-dag-dag/.venv/lib/python3.10/site-packages/airflow/example_dags/tutorial_dag.py for tasks to queue
[2024-05-15T04:07:27.929+0800] {logging_mixin.py:188} INFO - [2024-05-15T04:07:27.928+0800] {dagbag.py:545} INFO - Filling up the DagBag from /home/jithish/Documents/dag-dag-dag/.venv/lib/python3.10/site-packages/airflow/example_dags/tutorial_dag.py
[2024-05-15T04:07:27.943+0800] {processor.py:840} INFO - DAG(s) 'tutorial_dag' retrieved from /home/jithish/Documents/dag-dag-dag/.venv/lib/python3.10/site-packages/airflow/example_dags/tutorial_dag.py
[2024-05-15T04:07:27.961+0800] {logging_mixin.py:188} INFO - [2024-05-15T04:07:27.960+0800] {dag.py:3096} INFO - Sync 1 DAGs
[2024-05-15T04:07:27.970+0800] {logging_mixin.py:188} INFO - [2024-05-15T04:07:27.970+0800] {dag.py:3954} INFO - Setting next_dagrun for tutorial_dag to None, run_after=None
[2024-05-15T04:07:27.989+0800] {processor.py:183} INFO - Processing /home/jithish/Documents/dag-dag-dag/.venv/lib/python3.10/site-packages/airflow/example_dags/tutorial_dag.py took 0.130 seconds
[2024-05-15T04:08:22.877+0800] {processor.py:161} INFO - Started process (PID=114109) to work on /home/jithish/Documents/dag-dag-dag/.venv/lib/python3.10/site-packages/airflow/example_dags/tutorial_dag.py
[2024-05-15T04:08:22.938+0800] {processor.py:830} INFO - Processing file /home/jithish/Documents/dag-dag-dag/.venv/lib/python3.10/site-packages/airflow/example_dags/tutorial_dag.py for tasks to queue
[2024-05-15T04:08:22.945+0800] {logging_mixin.py:188} INFO - [2024-05-15T04:08:22.943+0800] {dagbag.py:545} INFO - Filling up the DagBag from /home/jithish/Documents/dag-dag-dag/.venv/lib/python3.10/site-packages/airflow/example_dags/tutorial_dag.py
[2024-05-15T04:08:22.963+0800] {processor.py:840} INFO - DAG(s) 'tutorial_dag' retrieved from /home/jithish/Documents/dag-dag-dag/.venv/lib/python3.10/site-packages/airflow/example_dags/tutorial_dag.py
[2024-05-15T04:08:22.985+0800] {logging_mixin.py:188} INFO - [2024-05-15T04:08:22.984+0800] {dag.py:3096} INFO - Sync 1 DAGs
[2024-05-15T04:08:22.996+0800] {logging_mixin.py:188} INFO - [2024-05-15T04:08:22.995+0800] {dag.py:3954} INFO - Setting next_dagrun for tutorial_dag to None, run_after=None
[2024-05-15T04:08:23.015+0800] {processor.py:183} INFO - Processing /home/jithish/Documents/dag-dag-dag/.venv/lib/python3.10/site-packages/airflow/example_dags/tutorial_dag.py took 0.145 seconds
[2024-05-15T04:09:19.531+0800] {processor.py:161} INFO - Started process (PID=115015) to work on /home/jithish/Documents/dag-dag-dag/.venv/lib/python3.10/site-packages/airflow/example_dags/tutorial_dag.py
[2024-05-15T04:09:19.589+0800] {processor.py:830} INFO - Processing file /home/jithish/Documents/dag-dag-dag/.venv/lib/python3.10/site-packages/airflow/example_dags/tutorial_dag.py for tasks to queue
[2024-05-15T04:09:19.594+0800] {logging_mixin.py:188} INFO - [2024-05-15T04:09:19.593+0800] {dagbag.py:545} INFO - Filling up the DagBag from /home/jithish/Documents/dag-dag-dag/.venv/lib/python3.10/site-packages/airflow/example_dags/tutorial_dag.py
[2024-05-15T04:09:19.611+0800] {processor.py:840} INFO - DAG(s) 'tutorial_dag' retrieved from /home/jithish/Documents/dag-dag-dag/.venv/lib/python3.10/site-packages/airflow/example_dags/tutorial_dag.py
[2024-05-15T04:09:19.632+0800] {logging_mixin.py:188} INFO - [2024-05-15T04:09:19.632+0800] {dag.py:3096} INFO - Sync 1 DAGs
[2024-05-15T04:09:19.643+0800] {logging_mixin.py:188} INFO - [2024-05-15T04:09:19.643+0800] {dag.py:3954} INFO - Setting next_dagrun for tutorial_dag to None, run_after=None
[2024-05-15T04:09:19.661+0800] {processor.py:183} INFO - Processing /home/jithish/Documents/dag-dag-dag/.venv/lib/python3.10/site-packages/airflow/example_dags/tutorial_dag.py took 0.144 seconds
[2024-05-15T04:10:15.259+0800] {processor.py:161} INFO - Started process (PID=115831) to work on /home/jithish/Documents/dag-dag-dag/.venv/lib/python3.10/site-packages/airflow/example_dags/tutorial_dag.py
[2024-05-15T04:10:15.321+0800] {processor.py:830} INFO - Processing file /home/jithish/Documents/dag-dag-dag/.venv/lib/python3.10/site-packages/airflow/example_dags/tutorial_dag.py for tasks to queue
[2024-05-15T04:10:15.326+0800] {logging_mixin.py:188} INFO - [2024-05-15T04:10:15.325+0800] {dagbag.py:545} INFO - Filling up the DagBag from /home/jithish/Documents/dag-dag-dag/.venv/lib/python3.10/site-packages/airflow/example_dags/tutorial_dag.py
[2024-05-15T04:10:15.350+0800] {processor.py:840} INFO - DAG(s) 'tutorial_dag' retrieved from /home/jithish/Documents/dag-dag-dag/.venv/lib/python3.10/site-packages/airflow/example_dags/tutorial_dag.py
[2024-05-15T04:10:15.380+0800] {logging_mixin.py:188} INFO - [2024-05-15T04:10:15.380+0800] {dag.py:3096} INFO - Sync 1 DAGs
[2024-05-15T04:10:15.389+0800] {logging_mixin.py:188} INFO - [2024-05-15T04:10:15.389+0800] {dag.py:3954} INFO - Setting next_dagrun for tutorial_dag to None, run_after=None
[2024-05-15T04:10:15.405+0800] {processor.py:183} INFO - Processing /home/jithish/Documents/dag-dag-dag/.venv/lib/python3.10/site-packages/airflow/example_dags/tutorial_dag.py took 0.151 seconds
[2024-05-15T04:11:08.315+0800] {processor.py:161} INFO - Started process (PID=116556) to work on /home/jithish/Documents/dag-dag-dag/.venv/lib/python3.10/site-packages/airflow/example_dags/tutorial_dag.py
[2024-05-15T04:11:08.316+0800] {processor.py:830} INFO - Processing file /home/jithish/Documents/dag-dag-dag/.venv/lib/python3.10/site-packages/airflow/example_dags/tutorial_dag.py for tasks to queue
[2024-05-15T04:11:08.318+0800] {logging_mixin.py:188} INFO - [2024-05-15T04:11:08.317+0800] {dagbag.py:545} INFO - Filling up the DagBag from /home/jithish/Documents/dag-dag-dag/.venv/lib/python3.10/site-packages/airflow/example_dags/tutorial_dag.py
[2024-05-15T04:11:08.325+0800] {processor.py:840} INFO - DAG(s) 'tutorial_dag' retrieved from /home/jithish/Documents/dag-dag-dag/.venv/lib/python3.10/site-packages/airflow/example_dags/tutorial_dag.py
[2024-05-15T04:11:08.337+0800] {logging_mixin.py:188} INFO - [2024-05-15T04:11:08.337+0800] {dag.py:3096} INFO - Sync 1 DAGs
[2024-05-15T04:11:08.348+0800] {logging_mixin.py:188} INFO - [2024-05-15T04:11:08.347+0800] {dag.py:3954} INFO - Setting next_dagrun for tutorial_dag to None, run_after=None
[2024-05-15T04:11:08.365+0800] {processor.py:183} INFO - Processing /home/jithish/Documents/dag-dag-dag/.venv/lib/python3.10/site-packages/airflow/example_dags/tutorial_dag.py took 0.059 seconds
[2024-05-15T04:12:03.649+0800] {processor.py:161} INFO - Started process (PID=117342) to work on /home/jithish/Documents/dag-dag-dag/.venv/lib/python3.10/site-packages/airflow/example_dags/tutorial_dag.py
[2024-05-15T04:12:03.711+0800] {processor.py:830} INFO - Processing file /home/jithish/Documents/dag-dag-dag/.venv/lib/python3.10/site-packages/airflow/example_dags/tutorial_dag.py for tasks to queue
[2024-05-15T04:12:03.712+0800] {logging_mixin.py:188} INFO - [2024-05-15T04:12:03.712+0800] {dagbag.py:545} INFO - Filling up the DagBag from /home/jithish/Documents/dag-dag-dag/.venv/lib/python3.10/site-packages/airflow/example_dags/tutorial_dag.py
[2024-05-15T04:12:03.717+0800] {processor.py:840} INFO - DAG(s) 'tutorial_dag' retrieved from /home/jithish/Documents/dag-dag-dag/.venv/lib/python3.10/site-packages/airflow/example_dags/tutorial_dag.py
[2024-05-15T04:12:03.729+0800] {logging_mixin.py:188} INFO - [2024-05-15T04:12:03.729+0800] {dag.py:3096} INFO - Sync 1 DAGs
[2024-05-15T04:12:03.740+0800] {logging_mixin.py:188} INFO - [2024-05-15T04:12:03.739+0800] {dag.py:3954} INFO - Setting next_dagrun for tutorial_dag to None, run_after=None
[2024-05-15T04:12:03.759+0800] {processor.py:183} INFO - Processing /home/jithish/Documents/dag-dag-dag/.venv/lib/python3.10/site-packages/airflow/example_dags/tutorial_dag.py took 0.118 seconds
[2024-05-15T04:13:01.299+0800] {processor.py:161} INFO - Started process (PID=118185) to work on /home/jithish/Documents/dag-dag-dag/.venv/lib/python3.10/site-packages/airflow/example_dags/tutorial_dag.py
[2024-05-15T04:13:01.360+0800] {processor.py:830} INFO - Processing file /home/jithish/Documents/dag-dag-dag/.venv/lib/python3.10/site-packages/airflow/example_dags/tutorial_dag.py for tasks to queue
[2024-05-15T04:13:01.366+0800] {logging_mixin.py:188} INFO - [2024-05-15T04:13:01.364+0800] {dagbag.py:545} INFO - Filling up the DagBag from /home/jithish/Documents/dag-dag-dag/.venv/lib/python3.10/site-packages/airflow/example_dags/tutorial_dag.py
[2024-05-15T04:13:01.382+0800] {processor.py:840} INFO - DAG(s) 'tutorial_dag' retrieved from /home/jithish/Documents/dag-dag-dag/.venv/lib/python3.10/site-packages/airflow/example_dags/tutorial_dag.py
[2024-05-15T04:13:01.408+0800] {logging_mixin.py:188} INFO - [2024-05-15T04:13:01.408+0800] {dag.py:3096} INFO - Sync 1 DAGs
[2024-05-15T04:13:01.419+0800] {logging_mixin.py:188} INFO - [2024-05-15T04:13:01.419+0800] {dag.py:3954} INFO - Setting next_dagrun for tutorial_dag to None, run_after=None
[2024-05-15T04:13:01.439+0800] {processor.py:183} INFO - Processing /home/jithish/Documents/dag-dag-dag/.venv/lib/python3.10/site-packages/airflow/example_dags/tutorial_dag.py took 0.147 seconds
[2024-05-15T04:13:57.154+0800] {processor.py:161} INFO - Started process (PID=119090) to work on /home/jithish/Documents/dag-dag-dag/.venv/lib/python3.10/site-packages/airflow/example_dags/tutorial_dag.py
[2024-05-15T04:13:57.157+0800] {processor.py:830} INFO - Processing file /home/jithish/Documents/dag-dag-dag/.venv/lib/python3.10/site-packages/airflow/example_dags/tutorial_dag.py for tasks to queue
[2024-05-15T04:13:57.158+0800] {logging_mixin.py:188} INFO - [2024-05-15T04:13:57.158+0800] {dagbag.py:545} INFO - Filling up the DagBag from /home/jithish/Documents/dag-dag-dag/.venv/lib/python3.10/site-packages/airflow/example_dags/tutorial_dag.py
[2024-05-15T04:13:57.164+0800] {processor.py:840} INFO - DAG(s) 'tutorial_dag' retrieved from /home/jithish/Documents/dag-dag-dag/.venv/lib/python3.10/site-packages/airflow/example_dags/tutorial_dag.py
[2024-05-15T04:13:57.176+0800] {logging_mixin.py:188} INFO - [2024-05-15T04:13:57.176+0800] {dag.py:3096} INFO - Sync 1 DAGs
[2024-05-15T04:13:57.184+0800] {logging_mixin.py:188} INFO - [2024-05-15T04:13:57.184+0800] {dag.py:3954} INFO - Setting next_dagrun for tutorial_dag to None, run_after=None
[2024-05-15T04:13:57.198+0800] {processor.py:183} INFO - Processing /home/jithish/Documents/dag-dag-dag/.venv/lib/python3.10/site-packages/airflow/example_dags/tutorial_dag.py took 0.050 seconds
[2024-05-15T04:14:52.485+0800] {processor.py:161} INFO - Started process (PID=119687) to work on /home/jithish/Documents/dag-dag-dag/.venv/lib/python3.10/site-packages/airflow/example_dags/tutorial_dag.py
[2024-05-15T04:14:52.546+0800] {processor.py:830} INFO - Processing file /home/jithish/Documents/dag-dag-dag/.venv/lib/python3.10/site-packages/airflow/example_dags/tutorial_dag.py for tasks to queue
[2024-05-15T04:14:52.547+0800] {logging_mixin.py:188} INFO - [2024-05-15T04:14:52.547+0800] {dagbag.py:545} INFO - Filling up the DagBag from /home/jithish/Documents/dag-dag-dag/.venv/lib/python3.10/site-packages/airflow/example_dags/tutorial_dag.py
[2024-05-15T04:14:52.551+0800] {processor.py:840} INFO - DAG(s) 'tutorial_dag' retrieved from /home/jithish/Documents/dag-dag-dag/.venv/lib/python3.10/site-packages/airflow/example_dags/tutorial_dag.py
[2024-05-15T04:14:52.562+0800] {logging_mixin.py:188} INFO - [2024-05-15T04:14:52.561+0800] {dag.py:3096} INFO - Sync 1 DAGs
[2024-05-15T04:14:52.569+0800] {logging_mixin.py:188} INFO - [2024-05-15T04:14:52.569+0800] {dag.py:3954} INFO - Setting next_dagrun for tutorial_dag to None, run_after=None
[2024-05-15T04:14:52.588+0800] {processor.py:183} INFO - Processing /home/jithish/Documents/dag-dag-dag/.venv/lib/python3.10/site-packages/airflow/example_dags/tutorial_dag.py took 0.112 seconds
[2024-05-15T04:15:45.813+0800] {processor.py:161} INFO - Started process (PID=120175) to work on /home/jithish/Documents/dag-dag-dag/.venv/lib/python3.10/site-packages/airflow/example_dags/tutorial_dag.py
[2024-05-15T04:15:45.877+0800] {processor.py:830} INFO - Processing file /home/jithish/Documents/dag-dag-dag/.venv/lib/python3.10/site-packages/airflow/example_dags/tutorial_dag.py for tasks to queue
[2024-05-15T04:15:45.883+0800] {logging_mixin.py:188} INFO - [2024-05-15T04:15:45.881+0800] {dagbag.py:545} INFO - Filling up the DagBag from /home/jithish/Documents/dag-dag-dag/.venv/lib/python3.10/site-packages/airflow/example_dags/tutorial_dag.py
[2024-05-15T04:15:45.900+0800] {processor.py:840} INFO - DAG(s) 'tutorial_dag' retrieved from /home/jithish/Documents/dag-dag-dag/.venv/lib/python3.10/site-packages/airflow/example_dags/tutorial_dag.py
[2024-05-15T04:15:45.924+0800] {logging_mixin.py:188} INFO - [2024-05-15T04:15:45.923+0800] {dag.py:3096} INFO - Sync 1 DAGs
[2024-05-15T04:15:45.934+0800] {logging_mixin.py:188} INFO - [2024-05-15T04:15:45.933+0800] {dag.py:3954} INFO - Setting next_dagrun for tutorial_dag to None, run_after=None
[2024-05-15T04:15:45.952+0800] {processor.py:183} INFO - Processing /home/jithish/Documents/dag-dag-dag/.venv/lib/python3.10/site-packages/airflow/example_dags/tutorial_dag.py took 0.143 seconds
