[2024-05-15T02:58:59.125+0800] {processor.py:161} INFO - Started process (PID=65338) to work on /home/jithish/Documents/dag-dag-dag/.venv/lib/python3.10/site-packages/airflow/example_dags/plugins/event_listener.py
[2024-05-15T02:58:59.126+0800] {processor.py:830} INFO - Processing file /home/jithish/Documents/dag-dag-dag/.venv/lib/python3.10/site-packages/airflow/example_dags/plugins/event_listener.py for tasks to queue
[2024-05-15T02:58:59.129+0800] {logging_mixin.py:188} INFO - [2024-05-15T02:58:59.128+0800] {dagbag.py:545} INFO - Filling up the DagBag from /home/jithish/Documents/dag-dag-dag/.venv/lib/python3.10/site-packages/airflow/example_dags/plugins/event_listener.py
[2024-05-15T02:58:59.132+0800] {processor.py:842} WARNING - No viable dags retrieved from /home/jithish/Documents/dag-dag-dag/.venv/lib/python3.10/site-packages/airflow/example_dags/plugins/event_listener.py
[2024-05-15T02:58:59.145+0800] {processor.py:183} INFO - Processing /home/jithish/Documents/dag-dag-dag/.venv/lib/python3.10/site-packages/airflow/example_dags/plugins/event_listener.py took 0.039 seconds
[2024-05-15T03:00:00.897+0800] {processor.py:161} INFO - Started process (PID=66395) to work on /home/jithish/Documents/dag-dag-dag/.venv/lib/python3.10/site-packages/airflow/example_dags/plugins/event_listener.py
[2024-05-15T03:00:00.960+0800] {processor.py:830} INFO - Processing file /home/jithish/Documents/dag-dag-dag/.venv/lib/python3.10/site-packages/airflow/example_dags/plugins/event_listener.py for tasks to queue
[2024-05-15T03:00:00.965+0800] {logging_mixin.py:188} INFO - [2024-05-15T03:00:00.964+0800] {dagbag.py:545} INFO - Filling up the DagBag from /home/jithish/Documents/dag-dag-dag/.venv/lib/python3.10/site-packages/airflow/example_dags/plugins/event_listener.py
[2024-05-15T03:00:00.973+0800] {processor.py:842} WARNING - No viable dags retrieved from /home/jithish/Documents/dag-dag-dag/.venv/lib/python3.10/site-packages/airflow/example_dags/plugins/event_listener.py
[2024-05-15T03:00:00.998+0800] {processor.py:183} INFO - Processing /home/jithish/Documents/dag-dag-dag/.venv/lib/python3.10/site-packages/airflow/example_dags/plugins/event_listener.py took 0.110 seconds
[2024-05-15T03:14:16.138+0800] {processor.py:161} INFO - Started process (PID=74817) to work on /home/jithish/Documents/dag-dag-dag/.venv/lib/python3.10/site-packages/airflow/example_dags/plugins/event_listener.py
[2024-05-15T03:14:16.200+0800] {processor.py:830} INFO - Processing file /home/jithish/Documents/dag-dag-dag/.venv/lib/python3.10/site-packages/airflow/example_dags/plugins/event_listener.py for tasks to queue
[2024-05-15T03:14:16.206+0800] {logging_mixin.py:188} INFO - [2024-05-15T03:14:16.204+0800] {dagbag.py:545} INFO - Filling up the DagBag from /home/jithish/Documents/dag-dag-dag/.venv/lib/python3.10/site-packages/airflow/example_dags/plugins/event_listener.py
[2024-05-15T03:14:16.212+0800] {processor.py:842} WARNING - No viable dags retrieved from /home/jithish/Documents/dag-dag-dag/.venv/lib/python3.10/site-packages/airflow/example_dags/plugins/event_listener.py
[2024-05-15T03:14:16.232+0800] {processor.py:183} INFO - Processing /home/jithish/Documents/dag-dag-dag/.venv/lib/python3.10/site-packages/airflow/example_dags/plugins/event_listener.py took 0.107 seconds
[2024-05-15T03:15:18.578+0800] {processor.py:161} INFO - Started process (PID=75580) to work on /home/jithish/Documents/dag-dag-dag/.venv/lib/python3.10/site-packages/airflow/example_dags/plugins/event_listener.py
[2024-05-15T03:15:18.639+0800] {processor.py:830} INFO - Processing file /home/jithish/Documents/dag-dag-dag/.venv/lib/python3.10/site-packages/airflow/example_dags/plugins/event_listener.py for tasks to queue
[2024-05-15T03:15:18.642+0800] {logging_mixin.py:188} INFO - [2024-05-15T03:15:18.642+0800] {dagbag.py:545} INFO - Filling up the DagBag from /home/jithish/Documents/dag-dag-dag/.venv/lib/python3.10/site-packages/airflow/example_dags/plugins/event_listener.py
[2024-05-15T03:15:18.646+0800] {processor.py:842} WARNING - No viable dags retrieved from /home/jithish/Documents/dag-dag-dag/.venv/lib/python3.10/site-packages/airflow/example_dags/plugins/event_listener.py
[2024-05-15T03:15:18.657+0800] {processor.py:183} INFO - Processing /home/jithish/Documents/dag-dag-dag/.venv/lib/python3.10/site-packages/airflow/example_dags/plugins/event_listener.py took 0.087 seconds
[2024-05-15T03:16:21.263+0800] {processor.py:161} INFO - Started process (PID=76361) to work on /home/jithish/Documents/dag-dag-dag/.venv/lib/python3.10/site-packages/airflow/example_dags/plugins/event_listener.py
[2024-05-15T03:16:21.324+0800] {processor.py:830} INFO - Processing file /home/jithish/Documents/dag-dag-dag/.venv/lib/python3.10/site-packages/airflow/example_dags/plugins/event_listener.py for tasks to queue
[2024-05-15T03:16:21.325+0800] {logging_mixin.py:188} INFO - [2024-05-15T03:16:21.325+0800] {dagbag.py:545} INFO - Filling up the DagBag from /home/jithish/Documents/dag-dag-dag/.venv/lib/python3.10/site-packages/airflow/example_dags/plugins/event_listener.py
[2024-05-15T03:16:21.327+0800] {processor.py:842} WARNING - No viable dags retrieved from /home/jithish/Documents/dag-dag-dag/.venv/lib/python3.10/site-packages/airflow/example_dags/plugins/event_listener.py
[2024-05-15T03:16:21.334+0800] {processor.py:183} INFO - Processing /home/jithish/Documents/dag-dag-dag/.venv/lib/python3.10/site-packages/airflow/example_dags/plugins/event_listener.py took 0.081 seconds
[2024-05-15T03:17:23.754+0800] {processor.py:161} INFO - Started process (PID=77260) to work on /home/jithish/Documents/dag-dag-dag/.venv/lib/python3.10/site-packages/airflow/example_dags/plugins/event_listener.py
[2024-05-15T03:17:23.755+0800] {processor.py:830} INFO - Processing file /home/jithish/Documents/dag-dag-dag/.venv/lib/python3.10/site-packages/airflow/example_dags/plugins/event_listener.py for tasks to queue
[2024-05-15T03:17:23.756+0800] {logging_mixin.py:188} INFO - [2024-05-15T03:17:23.756+0800] {dagbag.py:545} INFO - Filling up the DagBag from /home/jithish/Documents/dag-dag-dag/.venv/lib/python3.10/site-packages/airflow/example_dags/plugins/event_listener.py
[2024-05-15T03:17:23.757+0800] {processor.py:842} WARNING - No viable dags retrieved from /home/jithish/Documents/dag-dag-dag/.venv/lib/python3.10/site-packages/airflow/example_dags/plugins/event_listener.py
[2024-05-15T03:17:23.767+0800] {processor.py:183} INFO - Processing /home/jithish/Documents/dag-dag-dag/.venv/lib/python3.10/site-packages/airflow/example_dags/plugins/event_listener.py took 0.017 seconds
[2024-05-15T03:18:21.476+0800] {processor.py:161} INFO - Started process (PID=78133) to work on /home/jithish/Documents/dag-dag-dag/.venv/lib/python3.10/site-packages/airflow/example_dags/plugins/event_listener.py
[2024-05-15T03:18:21.476+0800] {processor.py:830} INFO - Processing file /home/jithish/Documents/dag-dag-dag/.venv/lib/python3.10/site-packages/airflow/example_dags/plugins/event_listener.py for tasks to queue
[2024-05-15T03:18:21.478+0800] {logging_mixin.py:188} INFO - [2024-05-15T03:18:21.477+0800] {dagbag.py:545} INFO - Filling up the DagBag from /home/jithish/Documents/dag-dag-dag/.venv/lib/python3.10/site-packages/airflow/example_dags/plugins/event_listener.py
[2024-05-15T03:18:21.479+0800] {processor.py:842} WARNING - No viable dags retrieved from /home/jithish/Documents/dag-dag-dag/.venv/lib/python3.10/site-packages/airflow/example_dags/plugins/event_listener.py
[2024-05-15T03:18:21.488+0800] {processor.py:183} INFO - Processing /home/jithish/Documents/dag-dag-dag/.venv/lib/python3.10/site-packages/airflow/example_dags/plugins/event_listener.py took 0.018 seconds
[2024-05-15T03:19:12.071+0800] {processor.py:161} INFO - Started process (PID=78894) to work on /home/jithish/Documents/dag-dag-dag/.venv/lib/python3.10/site-packages/airflow/example_dags/plugins/event_listener.py
[2024-05-15T03:19:12.072+0800] {processor.py:830} INFO - Processing file /home/jithish/Documents/dag-dag-dag/.venv/lib/python3.10/site-packages/airflow/example_dags/plugins/event_listener.py for tasks to queue
[2024-05-15T03:19:12.073+0800] {logging_mixin.py:188} INFO - [2024-05-15T03:19:12.073+0800] {dagbag.py:545} INFO - Filling up the DagBag from /home/jithish/Documents/dag-dag-dag/.venv/lib/python3.10/site-packages/airflow/example_dags/plugins/event_listener.py
[2024-05-15T03:19:12.075+0800] {processor.py:842} WARNING - No viable dags retrieved from /home/jithish/Documents/dag-dag-dag/.venv/lib/python3.10/site-packages/airflow/example_dags/plugins/event_listener.py
[2024-05-15T03:19:12.083+0800] {processor.py:183} INFO - Processing /home/jithish/Documents/dag-dag-dag/.venv/lib/python3.10/site-packages/airflow/example_dags/plugins/event_listener.py took 0.017 seconds
[2024-05-15T03:20:03.547+0800] {processor.py:161} INFO - Started process (PID=79632) to work on /home/jithish/Documents/dag-dag-dag/.venv/lib/python3.10/site-packages/airflow/example_dags/plugins/event_listener.py
[2024-05-15T03:20:03.608+0800] {processor.py:830} INFO - Processing file /home/jithish/Documents/dag-dag-dag/.venv/lib/python3.10/site-packages/airflow/example_dags/plugins/event_listener.py for tasks to queue
[2024-05-15T03:20:03.613+0800] {logging_mixin.py:188} INFO - [2024-05-15T03:20:03.612+0800] {dagbag.py:545} INFO - Filling up the DagBag from /home/jithish/Documents/dag-dag-dag/.venv/lib/python3.10/site-packages/airflow/example_dags/plugins/event_listener.py
[2024-05-15T03:20:03.620+0800] {processor.py:842} WARNING - No viable dags retrieved from /home/jithish/Documents/dag-dag-dag/.venv/lib/python3.10/site-packages/airflow/example_dags/plugins/event_listener.py
[2024-05-15T03:20:03.641+0800] {processor.py:183} INFO - Processing /home/jithish/Documents/dag-dag-dag/.venv/lib/python3.10/site-packages/airflow/example_dags/plugins/event_listener.py took 0.101 seconds
[2024-05-15T03:20:55.521+0800] {processor.py:161} INFO - Started process (PID=80332) to work on /home/jithish/Documents/dag-dag-dag/.venv/lib/python3.10/site-packages/airflow/example_dags/plugins/event_listener.py
[2024-05-15T03:20:55.583+0800] {processor.py:830} INFO - Processing file /home/jithish/Documents/dag-dag-dag/.venv/lib/python3.10/site-packages/airflow/example_dags/plugins/event_listener.py for tasks to queue
[2024-05-15T03:20:55.589+0800] {logging_mixin.py:188} INFO - [2024-05-15T03:20:55.588+0800] {dagbag.py:545} INFO - Filling up the DagBag from /home/jithish/Documents/dag-dag-dag/.venv/lib/python3.10/site-packages/airflow/example_dags/plugins/event_listener.py
[2024-05-15T03:20:55.596+0800] {processor.py:842} WARNING - No viable dags retrieved from /home/jithish/Documents/dag-dag-dag/.venv/lib/python3.10/site-packages/airflow/example_dags/plugins/event_listener.py
[2024-05-15T03:20:55.617+0800] {processor.py:183} INFO - Processing /home/jithish/Documents/dag-dag-dag/.venv/lib/python3.10/site-packages/airflow/example_dags/plugins/event_listener.py took 0.108 seconds
[2024-05-15T03:21:48.829+0800] {processor.py:161} INFO - Started process (PID=81115) to work on /home/jithish/Documents/dag-dag-dag/.venv/lib/python3.10/site-packages/airflow/example_dags/plugins/event_listener.py
[2024-05-15T03:21:48.830+0800] {processor.py:830} INFO - Processing file /home/jithish/Documents/dag-dag-dag/.venv/lib/python3.10/site-packages/airflow/example_dags/plugins/event_listener.py for tasks to queue
[2024-05-15T03:21:48.832+0800] {logging_mixin.py:188} INFO - [2024-05-15T03:21:48.831+0800] {dagbag.py:545} INFO - Filling up the DagBag from /home/jithish/Documents/dag-dag-dag/.venv/lib/python3.10/site-packages/airflow/example_dags/plugins/event_listener.py
[2024-05-15T03:21:48.834+0800] {processor.py:842} WARNING - No viable dags retrieved from /home/jithish/Documents/dag-dag-dag/.venv/lib/python3.10/site-packages/airflow/example_dags/plugins/event_listener.py
[2024-05-15T03:21:48.841+0800] {processor.py:183} INFO - Processing /home/jithish/Documents/dag-dag-dag/.venv/lib/python3.10/site-packages/airflow/example_dags/plugins/event_listener.py took 0.018 seconds
[2024-05-15T03:22:41.136+0800] {processor.py:161} INFO - Started process (PID=81881) to work on /home/jithish/Documents/dag-dag-dag/.venv/lib/python3.10/site-packages/airflow/example_dags/plugins/event_listener.py
[2024-05-15T03:22:41.196+0800] {processor.py:830} INFO - Processing file /home/jithish/Documents/dag-dag-dag/.venv/lib/python3.10/site-packages/airflow/example_dags/plugins/event_listener.py for tasks to queue
[2024-05-15T03:22:41.198+0800] {logging_mixin.py:188} INFO - [2024-05-15T03:22:41.198+0800] {dagbag.py:545} INFO - Filling up the DagBag from /home/jithish/Documents/dag-dag-dag/.venv/lib/python3.10/site-packages/airflow/example_dags/plugins/event_listener.py
[2024-05-15T03:22:41.201+0800] {processor.py:842} WARNING - No viable dags retrieved from /home/jithish/Documents/dag-dag-dag/.venv/lib/python3.10/site-packages/airflow/example_dags/plugins/event_listener.py
[2024-05-15T03:22:41.215+0800] {processor.py:183} INFO - Processing /home/jithish/Documents/dag-dag-dag/.venv/lib/python3.10/site-packages/airflow/example_dags/plugins/event_listener.py took 0.083 seconds
[2024-05-15T03:23:35.335+0800] {processor.py:161} INFO - Started process (PID=82393) to work on /home/jithish/Documents/dag-dag-dag/.venv/lib/python3.10/site-packages/airflow/example_dags/plugins/event_listener.py
[2024-05-15T03:23:35.335+0800] {processor.py:830} INFO - Processing file /home/jithish/Documents/dag-dag-dag/.venv/lib/python3.10/site-packages/airflow/example_dags/plugins/event_listener.py for tasks to queue
[2024-05-15T03:23:35.336+0800] {logging_mixin.py:188} INFO - [2024-05-15T03:23:35.336+0800] {dagbag.py:545} INFO - Filling up the DagBag from /home/jithish/Documents/dag-dag-dag/.venv/lib/python3.10/site-packages/airflow/example_dags/plugins/event_listener.py
[2024-05-15T03:23:35.338+0800] {processor.py:842} WARNING - No viable dags retrieved from /home/jithish/Documents/dag-dag-dag/.venv/lib/python3.10/site-packages/airflow/example_dags/plugins/event_listener.py
[2024-05-15T03:23:35.345+0800] {processor.py:183} INFO - Processing /home/jithish/Documents/dag-dag-dag/.venv/lib/python3.10/site-packages/airflow/example_dags/plugins/event_listener.py took 0.015 seconds
[2024-05-15T03:24:30.081+0800] {processor.py:161} INFO - Started process (PID=82893) to work on /home/jithish/Documents/dag-dag-dag/.venv/lib/python3.10/site-packages/airflow/example_dags/plugins/event_listener.py
[2024-05-15T03:24:30.084+0800] {processor.py:830} INFO - Processing file /home/jithish/Documents/dag-dag-dag/.venv/lib/python3.10/site-packages/airflow/example_dags/plugins/event_listener.py for tasks to queue
[2024-05-15T03:24:30.086+0800] {logging_mixin.py:188} INFO - [2024-05-15T03:24:30.085+0800] {dagbag.py:545} INFO - Filling up the DagBag from /home/jithish/Documents/dag-dag-dag/.venv/lib/python3.10/site-packages/airflow/example_dags/plugins/event_listener.py
[2024-05-15T03:24:30.087+0800] {processor.py:842} WARNING - No viable dags retrieved from /home/jithish/Documents/dag-dag-dag/.venv/lib/python3.10/site-packages/airflow/example_dags/plugins/event_listener.py
[2024-05-15T03:24:30.096+0800] {processor.py:183} INFO - Processing /home/jithish/Documents/dag-dag-dag/.venv/lib/python3.10/site-packages/airflow/example_dags/plugins/event_listener.py took 0.019 seconds
[2024-05-15T03:25:25.136+0800] {processor.py:161} INFO - Started process (PID=83325) to work on /home/jithish/Documents/dag-dag-dag/.venv/lib/python3.10/site-packages/airflow/example_dags/plugins/event_listener.py
[2024-05-15T03:25:25.198+0800] {processor.py:830} INFO - Processing file /home/jithish/Documents/dag-dag-dag/.venv/lib/python3.10/site-packages/airflow/example_dags/plugins/event_listener.py for tasks to queue
[2024-05-15T03:25:25.203+0800] {logging_mixin.py:188} INFO - [2024-05-15T03:25:25.202+0800] {dagbag.py:545} INFO - Filling up the DagBag from /home/jithish/Documents/dag-dag-dag/.venv/lib/python3.10/site-packages/airflow/example_dags/plugins/event_listener.py
[2024-05-15T03:25:25.210+0800] {processor.py:842} WARNING - No viable dags retrieved from /home/jithish/Documents/dag-dag-dag/.venv/lib/python3.10/site-packages/airflow/example_dags/plugins/event_listener.py
[2024-05-15T03:25:25.239+0800] {processor.py:183} INFO - Processing /home/jithish/Documents/dag-dag-dag/.venv/lib/python3.10/site-packages/airflow/example_dags/plugins/event_listener.py took 0.106 seconds
[2024-05-15T03:26:17.014+0800] {processor.py:161} INFO - Started process (PID=83760) to work on /home/jithish/Documents/dag-dag-dag/.venv/lib/python3.10/site-packages/airflow/example_dags/plugins/event_listener.py
[2024-05-15T03:26:17.076+0800] {processor.py:830} INFO - Processing file /home/jithish/Documents/dag-dag-dag/.venv/lib/python3.10/site-packages/airflow/example_dags/plugins/event_listener.py for tasks to queue
[2024-05-15T03:26:17.082+0800] {logging_mixin.py:188} INFO - [2024-05-15T03:26:17.080+0800] {dagbag.py:545} INFO - Filling up the DagBag from /home/jithish/Documents/dag-dag-dag/.venv/lib/python3.10/site-packages/airflow/example_dags/plugins/event_listener.py
[2024-05-15T03:26:17.089+0800] {processor.py:842} WARNING - No viable dags retrieved from /home/jithish/Documents/dag-dag-dag/.venv/lib/python3.10/site-packages/airflow/example_dags/plugins/event_listener.py
[2024-05-15T03:26:17.113+0800] {processor.py:183} INFO - Processing /home/jithish/Documents/dag-dag-dag/.venv/lib/python3.10/site-packages/airflow/example_dags/plugins/event_listener.py took 0.103 seconds
[2024-05-15T03:27:12.483+0800] {processor.py:161} INFO - Started process (PID=84525) to work on /home/jithish/Documents/dag-dag-dag/.venv/lib/python3.10/site-packages/airflow/example_dags/plugins/event_listener.py
[2024-05-15T03:27:12.486+0800] {processor.py:830} INFO - Processing file /home/jithish/Documents/dag-dag-dag/.venv/lib/python3.10/site-packages/airflow/example_dags/plugins/event_listener.py for tasks to queue
[2024-05-15T03:27:12.493+0800] {logging_mixin.py:188} INFO - [2024-05-15T03:27:12.491+0800] {dagbag.py:545} INFO - Filling up the DagBag from /home/jithish/Documents/dag-dag-dag/.venv/lib/python3.10/site-packages/airflow/example_dags/plugins/event_listener.py
[2024-05-15T03:27:12.501+0800] {processor.py:842} WARNING - No viable dags retrieved from /home/jithish/Documents/dag-dag-dag/.venv/lib/python3.10/site-packages/airflow/example_dags/plugins/event_listener.py
[2024-05-15T03:27:12.536+0800] {processor.py:183} INFO - Processing /home/jithish/Documents/dag-dag-dag/.venv/lib/python3.10/site-packages/airflow/example_dags/plugins/event_listener.py took 0.086 seconds
[2024-05-15T03:28:03.336+0800] {processor.py:161} INFO - Started process (PID=84936) to work on /home/jithish/Documents/dag-dag-dag/.venv/lib/python3.10/site-packages/airflow/example_dags/plugins/event_listener.py
[2024-05-15T03:28:03.397+0800] {processor.py:830} INFO - Processing file /home/jithish/Documents/dag-dag-dag/.venv/lib/python3.10/site-packages/airflow/example_dags/plugins/event_listener.py for tasks to queue
[2024-05-15T03:28:03.402+0800] {logging_mixin.py:188} INFO - [2024-05-15T03:28:03.401+0800] {dagbag.py:545} INFO - Filling up the DagBag from /home/jithish/Documents/dag-dag-dag/.venv/lib/python3.10/site-packages/airflow/example_dags/plugins/event_listener.py
[2024-05-15T03:28:03.409+0800] {processor.py:842} WARNING - No viable dags retrieved from /home/jithish/Documents/dag-dag-dag/.venv/lib/python3.10/site-packages/airflow/example_dags/plugins/event_listener.py
[2024-05-15T03:28:03.435+0800] {processor.py:183} INFO - Processing /home/jithish/Documents/dag-dag-dag/.venv/lib/python3.10/site-packages/airflow/example_dags/plugins/event_listener.py took 0.103 seconds
[2024-05-15T03:28:52.325+0800] {processor.py:161} INFO - Started process (PID=85351) to work on /home/jithish/Documents/dag-dag-dag/.venv/lib/python3.10/site-packages/airflow/example_dags/plugins/event_listener.py
[2024-05-15T03:28:52.387+0800] {processor.py:830} INFO - Processing file /home/jithish/Documents/dag-dag-dag/.venv/lib/python3.10/site-packages/airflow/example_dags/plugins/event_listener.py for tasks to queue
[2024-05-15T03:28:52.391+0800] {logging_mixin.py:188} INFO - [2024-05-15T03:28:52.390+0800] {dagbag.py:545} INFO - Filling up the DagBag from /home/jithish/Documents/dag-dag-dag/.venv/lib/python3.10/site-packages/airflow/example_dags/plugins/event_listener.py
[2024-05-15T03:28:52.395+0800] {processor.py:842} WARNING - No viable dags retrieved from /home/jithish/Documents/dag-dag-dag/.venv/lib/python3.10/site-packages/airflow/example_dags/plugins/event_listener.py
[2024-05-15T03:28:52.408+0800] {processor.py:183} INFO - Processing /home/jithish/Documents/dag-dag-dag/.venv/lib/python3.10/site-packages/airflow/example_dags/plugins/event_listener.py took 0.087 seconds
[2024-05-15T03:29:41.932+0800] {processor.py:161} INFO - Started process (PID=85828) to work on /home/jithish/Documents/dag-dag-dag/.venv/lib/python3.10/site-packages/airflow/example_dags/plugins/event_listener.py
[2024-05-15T03:29:41.993+0800] {processor.py:830} INFO - Processing file /home/jithish/Documents/dag-dag-dag/.venv/lib/python3.10/site-packages/airflow/example_dags/plugins/event_listener.py for tasks to queue
[2024-05-15T03:29:41.994+0800] {logging_mixin.py:188} INFO - [2024-05-15T03:29:41.994+0800] {dagbag.py:545} INFO - Filling up the DagBag from /home/jithish/Documents/dag-dag-dag/.venv/lib/python3.10/site-packages/airflow/example_dags/plugins/event_listener.py
[2024-05-15T03:29:41.996+0800] {processor.py:842} WARNING - No viable dags retrieved from /home/jithish/Documents/dag-dag-dag/.venv/lib/python3.10/site-packages/airflow/example_dags/plugins/event_listener.py
[2024-05-15T03:29:42.007+0800] {processor.py:183} INFO - Processing /home/jithish/Documents/dag-dag-dag/.venv/lib/python3.10/site-packages/airflow/example_dags/plugins/event_listener.py took 0.079 seconds
[2024-05-15T03:30:32.211+0800] {processor.py:161} INFO - Started process (PID=86265) to work on /home/jithish/Documents/dag-dag-dag/.venv/lib/python3.10/site-packages/airflow/example_dags/plugins/event_listener.py
[2024-05-15T03:30:32.272+0800] {processor.py:830} INFO - Processing file /home/jithish/Documents/dag-dag-dag/.venv/lib/python3.10/site-packages/airflow/example_dags/plugins/event_listener.py for tasks to queue
[2024-05-15T03:30:32.274+0800] {logging_mixin.py:188} INFO - [2024-05-15T03:30:32.273+0800] {dagbag.py:545} INFO - Filling up the DagBag from /home/jithish/Documents/dag-dag-dag/.venv/lib/python3.10/site-packages/airflow/example_dags/plugins/event_listener.py
[2024-05-15T03:30:32.275+0800] {processor.py:842} WARNING - No viable dags retrieved from /home/jithish/Documents/dag-dag-dag/.venv/lib/python3.10/site-packages/airflow/example_dags/plugins/event_listener.py
[2024-05-15T03:30:32.283+0800] {processor.py:183} INFO - Processing /home/jithish/Documents/dag-dag-dag/.venv/lib/python3.10/site-packages/airflow/example_dags/plugins/event_listener.py took 0.076 seconds
[2024-05-15T03:31:24.179+0800] {processor.py:161} INFO - Started process (PID=86682) to work on /home/jithish/Documents/dag-dag-dag/.venv/lib/python3.10/site-packages/airflow/example_dags/plugins/event_listener.py
[2024-05-15T03:31:24.240+0800] {processor.py:830} INFO - Processing file /home/jithish/Documents/dag-dag-dag/.venv/lib/python3.10/site-packages/airflow/example_dags/plugins/event_listener.py for tasks to queue
[2024-05-15T03:31:24.245+0800] {logging_mixin.py:188} INFO - [2024-05-15T03:31:24.244+0800] {dagbag.py:545} INFO - Filling up the DagBag from /home/jithish/Documents/dag-dag-dag/.venv/lib/python3.10/site-packages/airflow/example_dags/plugins/event_listener.py
[2024-05-15T03:31:24.251+0800] {processor.py:842} WARNING - No viable dags retrieved from /home/jithish/Documents/dag-dag-dag/.venv/lib/python3.10/site-packages/airflow/example_dags/plugins/event_listener.py
[2024-05-15T03:31:24.279+0800] {processor.py:183} INFO - Processing /home/jithish/Documents/dag-dag-dag/.venv/lib/python3.10/site-packages/airflow/example_dags/plugins/event_listener.py took 0.106 seconds
[2024-05-15T03:32:15.598+0800] {processor.py:161} INFO - Started process (PID=87118) to work on /home/jithish/Documents/dag-dag-dag/.venv/lib/python3.10/site-packages/airflow/example_dags/plugins/event_listener.py
[2024-05-15T03:32:15.659+0800] {processor.py:830} INFO - Processing file /home/jithish/Documents/dag-dag-dag/.venv/lib/python3.10/site-packages/airflow/example_dags/plugins/event_listener.py for tasks to queue
[2024-05-15T03:32:15.660+0800] {logging_mixin.py:188} INFO - [2024-05-15T03:32:15.660+0800] {dagbag.py:545} INFO - Filling up the DagBag from /home/jithish/Documents/dag-dag-dag/.venv/lib/python3.10/site-packages/airflow/example_dags/plugins/event_listener.py
[2024-05-15T03:32:15.662+0800] {processor.py:842} WARNING - No viable dags retrieved from /home/jithish/Documents/dag-dag-dag/.venv/lib/python3.10/site-packages/airflow/example_dags/plugins/event_listener.py
[2024-05-15T03:32:15.673+0800] {processor.py:183} INFO - Processing /home/jithish/Documents/dag-dag-dag/.venv/lib/python3.10/site-packages/airflow/example_dags/plugins/event_listener.py took 0.084 seconds
[2024-05-15T03:33:05.418+0800] {processor.py:161} INFO - Started process (PID=87554) to work on /home/jithish/Documents/dag-dag-dag/.venv/lib/python3.10/site-packages/airflow/example_dags/plugins/event_listener.py
[2024-05-15T03:33:05.479+0800] {processor.py:830} INFO - Processing file /home/jithish/Documents/dag-dag-dag/.venv/lib/python3.10/site-packages/airflow/example_dags/plugins/event_listener.py for tasks to queue
[2024-05-15T03:33:05.481+0800] {logging_mixin.py:188} INFO - [2024-05-15T03:33:05.480+0800] {dagbag.py:545} INFO - Filling up the DagBag from /home/jithish/Documents/dag-dag-dag/.venv/lib/python3.10/site-packages/airflow/example_dags/plugins/event_listener.py
[2024-05-15T03:33:05.483+0800] {processor.py:842} WARNING - No viable dags retrieved from /home/jithish/Documents/dag-dag-dag/.venv/lib/python3.10/site-packages/airflow/example_dags/plugins/event_listener.py
[2024-05-15T03:33:05.494+0800] {processor.py:183} INFO - Processing /home/jithish/Documents/dag-dag-dag/.venv/lib/python3.10/site-packages/airflow/example_dags/plugins/event_listener.py took 0.081 seconds
[2024-05-15T03:33:52.108+0800] {processor.py:161} INFO - Started process (PID=87982) to work on /home/jithish/Documents/dag-dag-dag/.venv/lib/python3.10/site-packages/airflow/example_dags/plugins/event_listener.py
[2024-05-15T03:33:52.171+0800] {processor.py:830} INFO - Processing file /home/jithish/Documents/dag-dag-dag/.venv/lib/python3.10/site-packages/airflow/example_dags/plugins/event_listener.py for tasks to queue
[2024-05-15T03:33:52.173+0800] {logging_mixin.py:188} INFO - [2024-05-15T03:33:52.173+0800] {dagbag.py:545} INFO - Filling up the DagBag from /home/jithish/Documents/dag-dag-dag/.venv/lib/python3.10/site-packages/airflow/example_dags/plugins/event_listener.py
[2024-05-15T03:33:52.175+0800] {processor.py:842} WARNING - No viable dags retrieved from /home/jithish/Documents/dag-dag-dag/.venv/lib/python3.10/site-packages/airflow/example_dags/plugins/event_listener.py
[2024-05-15T03:33:52.183+0800] {processor.py:183} INFO - Processing /home/jithish/Documents/dag-dag-dag/.venv/lib/python3.10/site-packages/airflow/example_dags/plugins/event_listener.py took 0.080 seconds
[2024-05-15T03:34:36.500+0800] {processor.py:161} INFO - Started process (PID=88444) to work on /home/jithish/Documents/dag-dag-dag/.venv/lib/python3.10/site-packages/airflow/example_dags/plugins/event_listener.py
[2024-05-15T03:34:36.560+0800] {processor.py:830} INFO - Processing file /home/jithish/Documents/dag-dag-dag/.venv/lib/python3.10/site-packages/airflow/example_dags/plugins/event_listener.py for tasks to queue
[2024-05-15T03:34:36.561+0800] {logging_mixin.py:188} INFO - [2024-05-15T03:34:36.561+0800] {dagbag.py:545} INFO - Filling up the DagBag from /home/jithish/Documents/dag-dag-dag/.venv/lib/python3.10/site-packages/airflow/example_dags/plugins/event_listener.py
[2024-05-15T03:34:36.563+0800] {processor.py:842} WARNING - No viable dags retrieved from /home/jithish/Documents/dag-dag-dag/.venv/lib/python3.10/site-packages/airflow/example_dags/plugins/event_listener.py
[2024-05-15T03:34:36.571+0800] {processor.py:183} INFO - Processing /home/jithish/Documents/dag-dag-dag/.venv/lib/python3.10/site-packages/airflow/example_dags/plugins/event_listener.py took 0.076 seconds
[2024-05-15T03:35:24.830+0800] {processor.py:161} INFO - Started process (PID=88809) to work on /home/jithish/Documents/dag-dag-dag/.venv/lib/python3.10/site-packages/airflow/example_dags/plugins/event_listener.py
[2024-05-15T03:35:24.891+0800] {processor.py:830} INFO - Processing file /home/jithish/Documents/dag-dag-dag/.venv/lib/python3.10/site-packages/airflow/example_dags/plugins/event_listener.py for tasks to queue
[2024-05-15T03:35:24.892+0800] {logging_mixin.py:188} INFO - [2024-05-15T03:35:24.892+0800] {dagbag.py:545} INFO - Filling up the DagBag from /home/jithish/Documents/dag-dag-dag/.venv/lib/python3.10/site-packages/airflow/example_dags/plugins/event_listener.py
[2024-05-15T03:35:24.894+0800] {processor.py:842} WARNING - No viable dags retrieved from /home/jithish/Documents/dag-dag-dag/.venv/lib/python3.10/site-packages/airflow/example_dags/plugins/event_listener.py
[2024-05-15T03:35:24.902+0800] {processor.py:183} INFO - Processing /home/jithish/Documents/dag-dag-dag/.venv/lib/python3.10/site-packages/airflow/example_dags/plugins/event_listener.py took 0.076 seconds
[2024-05-15T03:36:14.341+0800] {processor.py:161} INFO - Started process (PID=89272) to work on /home/jithish/Documents/dag-dag-dag/.venv/lib/python3.10/site-packages/airflow/example_dags/plugins/event_listener.py
[2024-05-15T03:36:14.344+0800] {processor.py:830} INFO - Processing file /home/jithish/Documents/dag-dag-dag/.venv/lib/python3.10/site-packages/airflow/example_dags/plugins/event_listener.py for tasks to queue
[2024-05-15T03:36:14.346+0800] {logging_mixin.py:188} INFO - [2024-05-15T03:36:14.345+0800] {dagbag.py:545} INFO - Filling up the DagBag from /home/jithish/Documents/dag-dag-dag/.venv/lib/python3.10/site-packages/airflow/example_dags/plugins/event_listener.py
[2024-05-15T03:36:14.348+0800] {processor.py:842} WARNING - No viable dags retrieved from /home/jithish/Documents/dag-dag-dag/.venv/lib/python3.10/site-packages/airflow/example_dags/plugins/event_listener.py
[2024-05-15T03:36:14.360+0800] {processor.py:183} INFO - Processing /home/jithish/Documents/dag-dag-dag/.venv/lib/python3.10/site-packages/airflow/example_dags/plugins/event_listener.py took 0.025 seconds
[2024-05-15T03:37:02.593+0800] {processor.py:161} INFO - Started process (PID=89755) to work on /home/jithish/Documents/dag-dag-dag/.venv/lib/python3.10/site-packages/airflow/example_dags/plugins/event_listener.py
[2024-05-15T03:37:02.654+0800] {processor.py:830} INFO - Processing file /home/jithish/Documents/dag-dag-dag/.venv/lib/python3.10/site-packages/airflow/example_dags/plugins/event_listener.py for tasks to queue
[2024-05-15T03:37:02.655+0800] {logging_mixin.py:188} INFO - [2024-05-15T03:37:02.655+0800] {dagbag.py:545} INFO - Filling up the DagBag from /home/jithish/Documents/dag-dag-dag/.venv/lib/python3.10/site-packages/airflow/example_dags/plugins/event_listener.py
[2024-05-15T03:37:02.657+0800] {processor.py:842} WARNING - No viable dags retrieved from /home/jithish/Documents/dag-dag-dag/.venv/lib/python3.10/site-packages/airflow/example_dags/plugins/event_listener.py
[2024-05-15T03:37:02.667+0800] {processor.py:183} INFO - Processing /home/jithish/Documents/dag-dag-dag/.venv/lib/python3.10/site-packages/airflow/example_dags/plugins/event_listener.py took 0.078 seconds
[2024-05-15T03:37:53.311+0800] {processor.py:161} INFO - Started process (PID=90222) to work on /home/jithish/Documents/dag-dag-dag/.venv/lib/python3.10/site-packages/airflow/example_dags/plugins/event_listener.py
[2024-05-15T03:37:53.372+0800] {processor.py:830} INFO - Processing file /home/jithish/Documents/dag-dag-dag/.venv/lib/python3.10/site-packages/airflow/example_dags/plugins/event_listener.py for tasks to queue
[2024-05-15T03:37:53.374+0800] {logging_mixin.py:188} INFO - [2024-05-15T03:37:53.374+0800] {dagbag.py:545} INFO - Filling up the DagBag from /home/jithish/Documents/dag-dag-dag/.venv/lib/python3.10/site-packages/airflow/example_dags/plugins/event_listener.py
[2024-05-15T03:37:53.376+0800] {processor.py:842} WARNING - No viable dags retrieved from /home/jithish/Documents/dag-dag-dag/.venv/lib/python3.10/site-packages/airflow/example_dags/plugins/event_listener.py
[2024-05-15T03:37:53.387+0800] {processor.py:183} INFO - Processing /home/jithish/Documents/dag-dag-dag/.venv/lib/python3.10/site-packages/airflow/example_dags/plugins/event_listener.py took 0.082 seconds
[2024-05-15T03:38:44.081+0800] {processor.py:161} INFO - Started process (PID=90780) to work on /home/jithish/Documents/dag-dag-dag/.venv/lib/python3.10/site-packages/airflow/example_dags/plugins/event_listener.py
[2024-05-15T03:38:44.143+0800] {processor.py:830} INFO - Processing file /home/jithish/Documents/dag-dag-dag/.venv/lib/python3.10/site-packages/airflow/example_dags/plugins/event_listener.py for tasks to queue
[2024-05-15T03:38:44.148+0800] {logging_mixin.py:188} INFO - [2024-05-15T03:38:44.147+0800] {dagbag.py:545} INFO - Filling up the DagBag from /home/jithish/Documents/dag-dag-dag/.venv/lib/python3.10/site-packages/airflow/example_dags/plugins/event_listener.py
[2024-05-15T03:38:44.154+0800] {processor.py:842} WARNING - No viable dags retrieved from /home/jithish/Documents/dag-dag-dag/.venv/lib/python3.10/site-packages/airflow/example_dags/plugins/event_listener.py
[2024-05-15T03:38:44.179+0800] {processor.py:183} INFO - Processing /home/jithish/Documents/dag-dag-dag/.venv/lib/python3.10/site-packages/airflow/example_dags/plugins/event_listener.py took 0.118 seconds
[2024-05-15T03:39:47.200+0800] {processor.py:161} INFO - Started process (PID=91769) to work on /home/jithish/Documents/dag-dag-dag/.venv/lib/python3.10/site-packages/airflow/example_dags/plugins/event_listener.py
[2024-05-15T03:39:47.201+0800] {processor.py:830} INFO - Processing file /home/jithish/Documents/dag-dag-dag/.venv/lib/python3.10/site-packages/airflow/example_dags/plugins/event_listener.py for tasks to queue
[2024-05-15T03:39:47.203+0800] {logging_mixin.py:188} INFO - [2024-05-15T03:39:47.202+0800] {dagbag.py:545} INFO - Filling up the DagBag from /home/jithish/Documents/dag-dag-dag/.venv/lib/python3.10/site-packages/airflow/example_dags/plugins/event_listener.py
[2024-05-15T03:39:47.204+0800] {processor.py:842} WARNING - No viable dags retrieved from /home/jithish/Documents/dag-dag-dag/.venv/lib/python3.10/site-packages/airflow/example_dags/plugins/event_listener.py
[2024-05-15T03:39:47.212+0800] {processor.py:183} INFO - Processing /home/jithish/Documents/dag-dag-dag/.venv/lib/python3.10/site-packages/airflow/example_dags/plugins/event_listener.py took 0.019 seconds
[2024-05-15T03:40:46.008+0800] {processor.py:161} INFO - Started process (PID=93371) to work on /home/jithish/Documents/dag-dag-dag/.venv/lib/python3.10/site-packages/airflow/example_dags/plugins/event_listener.py
[2024-05-15T03:40:46.070+0800] {processor.py:830} INFO - Processing file /home/jithish/Documents/dag-dag-dag/.venv/lib/python3.10/site-packages/airflow/example_dags/plugins/event_listener.py for tasks to queue
[2024-05-15T03:40:46.076+0800] {logging_mixin.py:188} INFO - [2024-05-15T03:40:46.074+0800] {dagbag.py:545} INFO - Filling up the DagBag from /home/jithish/Documents/dag-dag-dag/.venv/lib/python3.10/site-packages/airflow/example_dags/plugins/event_listener.py
[2024-05-15T03:40:46.084+0800] {processor.py:842} WARNING - No viable dags retrieved from /home/jithish/Documents/dag-dag-dag/.venv/lib/python3.10/site-packages/airflow/example_dags/plugins/event_listener.py
[2024-05-15T03:40:46.112+0800] {processor.py:183} INFO - Processing /home/jithish/Documents/dag-dag-dag/.venv/lib/python3.10/site-packages/airflow/example_dags/plugins/event_listener.py took 0.109 seconds
[2024-05-15T03:41:42.294+0800] {processor.py:161} INFO - Started process (PID=94175) to work on /home/jithish/Documents/dag-dag-dag/.venv/lib/python3.10/site-packages/airflow/example_dags/plugins/event_listener.py
[2024-05-15T03:41:42.356+0800] {processor.py:830} INFO - Processing file /home/jithish/Documents/dag-dag-dag/.venv/lib/python3.10/site-packages/airflow/example_dags/plugins/event_listener.py for tasks to queue
[2024-05-15T03:41:42.361+0800] {logging_mixin.py:188} INFO - [2024-05-15T03:41:42.359+0800] {dagbag.py:545} INFO - Filling up the DagBag from /home/jithish/Documents/dag-dag-dag/.venv/lib/python3.10/site-packages/airflow/example_dags/plugins/event_listener.py
[2024-05-15T03:41:42.367+0800] {processor.py:842} WARNING - No viable dags retrieved from /home/jithish/Documents/dag-dag-dag/.venv/lib/python3.10/site-packages/airflow/example_dags/plugins/event_listener.py
[2024-05-15T03:41:42.393+0800] {processor.py:183} INFO - Processing /home/jithish/Documents/dag-dag-dag/.venv/lib/python3.10/site-packages/airflow/example_dags/plugins/event_listener.py took 0.103 seconds
[2024-05-15T03:42:36.140+0800] {processor.py:161} INFO - Started process (PID=94917) to work on /home/jithish/Documents/dag-dag-dag/.venv/lib/python3.10/site-packages/airflow/example_dags/plugins/event_listener.py
[2024-05-15T03:42:36.204+0800] {processor.py:830} INFO - Processing file /home/jithish/Documents/dag-dag-dag/.venv/lib/python3.10/site-packages/airflow/example_dags/plugins/event_listener.py for tasks to queue
[2024-05-15T03:42:36.209+0800] {logging_mixin.py:188} INFO - [2024-05-15T03:42:36.208+0800] {dagbag.py:545} INFO - Filling up the DagBag from /home/jithish/Documents/dag-dag-dag/.venv/lib/python3.10/site-packages/airflow/example_dags/plugins/event_listener.py
[2024-05-15T03:42:36.216+0800] {processor.py:842} WARNING - No viable dags retrieved from /home/jithish/Documents/dag-dag-dag/.venv/lib/python3.10/site-packages/airflow/example_dags/plugins/event_listener.py
[2024-05-15T03:42:36.241+0800] {processor.py:183} INFO - Processing /home/jithish/Documents/dag-dag-dag/.venv/lib/python3.10/site-packages/airflow/example_dags/plugins/event_listener.py took 0.108 seconds
[2024-05-15T03:43:27.943+0800] {processor.py:161} INFO - Started process (PID=95656) to work on /home/jithish/Documents/dag-dag-dag/.venv/lib/python3.10/site-packages/airflow/example_dags/plugins/event_listener.py
[2024-05-15T03:43:28.005+0800] {processor.py:830} INFO - Processing file /home/jithish/Documents/dag-dag-dag/.venv/lib/python3.10/site-packages/airflow/example_dags/plugins/event_listener.py for tasks to queue
[2024-05-15T03:43:28.011+0800] {logging_mixin.py:188} INFO - [2024-05-15T03:43:28.009+0800] {dagbag.py:545} INFO - Filling up the DagBag from /home/jithish/Documents/dag-dag-dag/.venv/lib/python3.10/site-packages/airflow/example_dags/plugins/event_listener.py
[2024-05-15T03:43:28.017+0800] {processor.py:842} WARNING - No viable dags retrieved from /home/jithish/Documents/dag-dag-dag/.venv/lib/python3.10/site-packages/airflow/example_dags/plugins/event_listener.py
[2024-05-15T03:43:28.041+0800] {processor.py:183} INFO - Processing /home/jithish/Documents/dag-dag-dag/.venv/lib/python3.10/site-packages/airflow/example_dags/plugins/event_listener.py took 0.109 seconds
[2024-05-15T03:44:24.348+0800] {processor.py:161} INFO - Started process (PID=96563) to work on /home/jithish/Documents/dag-dag-dag/.venv/lib/python3.10/site-packages/airflow/example_dags/plugins/event_listener.py
[2024-05-15T03:44:24.409+0800] {processor.py:830} INFO - Processing file /home/jithish/Documents/dag-dag-dag/.venv/lib/python3.10/site-packages/airflow/example_dags/plugins/event_listener.py for tasks to queue
[2024-05-15T03:44:24.411+0800] {logging_mixin.py:188} INFO - [2024-05-15T03:44:24.411+0800] {dagbag.py:545} INFO - Filling up the DagBag from /home/jithish/Documents/dag-dag-dag/.venv/lib/python3.10/site-packages/airflow/example_dags/plugins/event_listener.py
[2024-05-15T03:44:24.413+0800] {processor.py:842} WARNING - No viable dags retrieved from /home/jithish/Documents/dag-dag-dag/.venv/lib/python3.10/site-packages/airflow/example_dags/plugins/event_listener.py
[2024-05-15T03:44:24.424+0800] {processor.py:183} INFO - Processing /home/jithish/Documents/dag-dag-dag/.venv/lib/python3.10/site-packages/airflow/example_dags/plugins/event_listener.py took 0.081 seconds
[2024-05-15T03:45:22.483+0800] {processor.py:161} INFO - Started process (PID=97120) to work on /home/jithish/Documents/dag-dag-dag/.venv/lib/python3.10/site-packages/airflow/example_dags/plugins/event_listener.py
[2024-05-15T03:45:22.543+0800] {processor.py:830} INFO - Processing file /home/jithish/Documents/dag-dag-dag/.venv/lib/python3.10/site-packages/airflow/example_dags/plugins/event_listener.py for tasks to queue
[2024-05-15T03:45:22.545+0800] {logging_mixin.py:188} INFO - [2024-05-15T03:45:22.545+0800] {dagbag.py:545} INFO - Filling up the DagBag from /home/jithish/Documents/dag-dag-dag/.venv/lib/python3.10/site-packages/airflow/example_dags/plugins/event_listener.py
[2024-05-15T03:45:22.548+0800] {processor.py:842} WARNING - No viable dags retrieved from /home/jithish/Documents/dag-dag-dag/.venv/lib/python3.10/site-packages/airflow/example_dags/plugins/event_listener.py
[2024-05-15T03:45:22.559+0800] {processor.py:183} INFO - Processing /home/jithish/Documents/dag-dag-dag/.venv/lib/python3.10/site-packages/airflow/example_dags/plugins/event_listener.py took 0.080 seconds
[2024-05-15T03:46:23.296+0800] {processor.py:161} INFO - Started process (PID=98082) to work on /home/jithish/Documents/dag-dag-dag/.venv/lib/python3.10/site-packages/airflow/example_dags/plugins/event_listener.py
[2024-05-15T03:46:23.296+0800] {processor.py:830} INFO - Processing file /home/jithish/Documents/dag-dag-dag/.venv/lib/python3.10/site-packages/airflow/example_dags/plugins/event_listener.py for tasks to queue
[2024-05-15T03:46:23.298+0800] {logging_mixin.py:188} INFO - [2024-05-15T03:46:23.297+0800] {dagbag.py:545} INFO - Filling up the DagBag from /home/jithish/Documents/dag-dag-dag/.venv/lib/python3.10/site-packages/airflow/example_dags/plugins/event_listener.py
[2024-05-15T03:46:23.300+0800] {processor.py:842} WARNING - No viable dags retrieved from /home/jithish/Documents/dag-dag-dag/.venv/lib/python3.10/site-packages/airflow/example_dags/plugins/event_listener.py
[2024-05-15T03:46:23.310+0800] {processor.py:183} INFO - Processing /home/jithish/Documents/dag-dag-dag/.venv/lib/python3.10/site-packages/airflow/example_dags/plugins/event_listener.py took 0.019 seconds
[2024-05-15T03:47:23.866+0800] {processor.py:161} INFO - Started process (PID=98932) to work on /home/jithish/Documents/dag-dag-dag/.venv/lib/python3.10/site-packages/airflow/example_dags/plugins/event_listener.py
[2024-05-15T03:47:23.927+0800] {processor.py:830} INFO - Processing file /home/jithish/Documents/dag-dag-dag/.venv/lib/python3.10/site-packages/airflow/example_dags/plugins/event_listener.py for tasks to queue
[2024-05-15T03:47:23.933+0800] {logging_mixin.py:188} INFO - [2024-05-15T03:47:23.931+0800] {dagbag.py:545} INFO - Filling up the DagBag from /home/jithish/Documents/dag-dag-dag/.venv/lib/python3.10/site-packages/airflow/example_dags/plugins/event_listener.py
[2024-05-15T03:47:23.940+0800] {processor.py:842} WARNING - No viable dags retrieved from /home/jithish/Documents/dag-dag-dag/.venv/lib/python3.10/site-packages/airflow/example_dags/plugins/event_listener.py
[2024-05-15T03:47:23.967+0800] {processor.py:183} INFO - Processing /home/jithish/Documents/dag-dag-dag/.venv/lib/python3.10/site-packages/airflow/example_dags/plugins/event_listener.py took 0.108 seconds
[2024-05-15T03:48:15.468+0800] {processor.py:161} INFO - Started process (PID=99644) to work on /home/jithish/Documents/dag-dag-dag/.venv/lib/python3.10/site-packages/airflow/example_dags/plugins/event_listener.py
[2024-05-15T03:48:15.529+0800] {processor.py:830} INFO - Processing file /home/jithish/Documents/dag-dag-dag/.venv/lib/python3.10/site-packages/airflow/example_dags/plugins/event_listener.py for tasks to queue
[2024-05-15T03:48:15.533+0800] {logging_mixin.py:188} INFO - [2024-05-15T03:48:15.532+0800] {dagbag.py:545} INFO - Filling up the DagBag from /home/jithish/Documents/dag-dag-dag/.venv/lib/python3.10/site-packages/airflow/example_dags/plugins/event_listener.py
[2024-05-15T03:48:15.537+0800] {processor.py:842} WARNING - No viable dags retrieved from /home/jithish/Documents/dag-dag-dag/.venv/lib/python3.10/site-packages/airflow/example_dags/plugins/event_listener.py
[2024-05-15T03:48:15.562+0800] {processor.py:183} INFO - Processing /home/jithish/Documents/dag-dag-dag/.venv/lib/python3.10/site-packages/airflow/example_dags/plugins/event_listener.py took 0.098 seconds
[2024-05-15T03:49:08.246+0800] {processor.py:161} INFO - Started process (PID=100432) to work on /home/jithish/Documents/dag-dag-dag/.venv/lib/python3.10/site-packages/airflow/example_dags/plugins/event_listener.py
[2024-05-15T03:49:08.308+0800] {processor.py:830} INFO - Processing file /home/jithish/Documents/dag-dag-dag/.venv/lib/python3.10/site-packages/airflow/example_dags/plugins/event_listener.py for tasks to queue
[2024-05-15T03:49:08.309+0800] {logging_mixin.py:188} INFO - [2024-05-15T03:49:08.309+0800] {dagbag.py:545} INFO - Filling up the DagBag from /home/jithish/Documents/dag-dag-dag/.venv/lib/python3.10/site-packages/airflow/example_dags/plugins/event_listener.py
[2024-05-15T03:49:08.312+0800] {processor.py:842} WARNING - No viable dags retrieved from /home/jithish/Documents/dag-dag-dag/.venv/lib/python3.10/site-packages/airflow/example_dags/plugins/event_listener.py
[2024-05-15T03:49:08.322+0800] {processor.py:183} INFO - Processing /home/jithish/Documents/dag-dag-dag/.venv/lib/python3.10/site-packages/airflow/example_dags/plugins/event_listener.py took 0.083 seconds
[2024-05-15T03:50:05.786+0800] {processor.py:161} INFO - Started process (PID=101242) to work on /home/jithish/Documents/dag-dag-dag/.venv/lib/python3.10/site-packages/airflow/example_dags/plugins/event_listener.py
[2024-05-15T03:50:05.848+0800] {processor.py:830} INFO - Processing file /home/jithish/Documents/dag-dag-dag/.venv/lib/python3.10/site-packages/airflow/example_dags/plugins/event_listener.py for tasks to queue
[2024-05-15T03:50:05.855+0800] {logging_mixin.py:188} INFO - [2024-05-15T03:50:05.853+0800] {dagbag.py:545} INFO - Filling up the DagBag from /home/jithish/Documents/dag-dag-dag/.venv/lib/python3.10/site-packages/airflow/example_dags/plugins/event_listener.py
[2024-05-15T03:50:05.863+0800] {processor.py:842} WARNING - No viable dags retrieved from /home/jithish/Documents/dag-dag-dag/.venv/lib/python3.10/site-packages/airflow/example_dags/plugins/event_listener.py
[2024-05-15T03:50:05.885+0800] {processor.py:183} INFO - Processing /home/jithish/Documents/dag-dag-dag/.venv/lib/python3.10/site-packages/airflow/example_dags/plugins/event_listener.py took 0.117 seconds
[2024-05-15T03:51:01.220+0800] {processor.py:161} INFO - Started process (PID=102023) to work on /home/jithish/Documents/dag-dag-dag/.venv/lib/python3.10/site-packages/airflow/example_dags/plugins/event_listener.py
[2024-05-15T03:51:01.281+0800] {processor.py:830} INFO - Processing file /home/jithish/Documents/dag-dag-dag/.venv/lib/python3.10/site-packages/airflow/example_dags/plugins/event_listener.py for tasks to queue
[2024-05-15T03:51:01.286+0800] {logging_mixin.py:188} INFO - [2024-05-15T03:51:01.285+0800] {dagbag.py:545} INFO - Filling up the DagBag from /home/jithish/Documents/dag-dag-dag/.venv/lib/python3.10/site-packages/airflow/example_dags/plugins/event_listener.py
[2024-05-15T03:51:01.294+0800] {processor.py:842} WARNING - No viable dags retrieved from /home/jithish/Documents/dag-dag-dag/.venv/lib/python3.10/site-packages/airflow/example_dags/plugins/event_listener.py
[2024-05-15T03:51:01.317+0800] {processor.py:183} INFO - Processing /home/jithish/Documents/dag-dag-dag/.venv/lib/python3.10/site-packages/airflow/example_dags/plugins/event_listener.py took 0.105 seconds
[2024-05-15T03:51:56.721+0800] {processor.py:161} INFO - Started process (PID=102667) to work on /home/jithish/Documents/dag-dag-dag/.venv/lib/python3.10/site-packages/airflow/example_dags/plugins/event_listener.py
[2024-05-15T03:51:56.782+0800] {processor.py:830} INFO - Processing file /home/jithish/Documents/dag-dag-dag/.venv/lib/python3.10/site-packages/airflow/example_dags/plugins/event_listener.py for tasks to queue
[2024-05-15T03:51:56.787+0800] {logging_mixin.py:188} INFO - [2024-05-15T03:51:56.786+0800] {dagbag.py:545} INFO - Filling up the DagBag from /home/jithish/Documents/dag-dag-dag/.venv/lib/python3.10/site-packages/airflow/example_dags/plugins/event_listener.py
[2024-05-15T03:51:56.794+0800] {processor.py:842} WARNING - No viable dags retrieved from /home/jithish/Documents/dag-dag-dag/.venv/lib/python3.10/site-packages/airflow/example_dags/plugins/event_listener.py
[2024-05-15T03:51:56.820+0800] {processor.py:183} INFO - Processing /home/jithish/Documents/dag-dag-dag/.venv/lib/python3.10/site-packages/airflow/example_dags/plugins/event_listener.py took 0.109 seconds
[2024-05-15T03:52:43.746+0800] {processor.py:161} INFO - Started process (PID=103103) to work on /home/jithish/Documents/dag-dag-dag/.venv/lib/python3.10/site-packages/airflow/example_dags/plugins/event_listener.py
[2024-05-15T03:52:43.806+0800] {processor.py:830} INFO - Processing file /home/jithish/Documents/dag-dag-dag/.venv/lib/python3.10/site-packages/airflow/example_dags/plugins/event_listener.py for tasks to queue
[2024-05-15T03:52:43.808+0800] {logging_mixin.py:188} INFO - [2024-05-15T03:52:43.808+0800] {dagbag.py:545} INFO - Filling up the DagBag from /home/jithish/Documents/dag-dag-dag/.venv/lib/python3.10/site-packages/airflow/example_dags/plugins/event_listener.py
[2024-05-15T03:52:43.809+0800] {processor.py:842} WARNING - No viable dags retrieved from /home/jithish/Documents/dag-dag-dag/.venv/lib/python3.10/site-packages/airflow/example_dags/plugins/event_listener.py
[2024-05-15T03:52:43.817+0800] {processor.py:183} INFO - Processing /home/jithish/Documents/dag-dag-dag/.venv/lib/python3.10/site-packages/airflow/example_dags/plugins/event_listener.py took 0.076 seconds
[2024-05-15T03:53:36.875+0800] {processor.py:161} INFO - Started process (PID=103796) to work on /home/jithish/Documents/dag-dag-dag/.venv/lib/python3.10/site-packages/airflow/example_dags/plugins/event_listener.py
[2024-05-15T03:53:36.937+0800] {processor.py:830} INFO - Processing file /home/jithish/Documents/dag-dag-dag/.venv/lib/python3.10/site-packages/airflow/example_dags/plugins/event_listener.py for tasks to queue
[2024-05-15T03:53:36.943+0800] {logging_mixin.py:188} INFO - [2024-05-15T03:53:36.941+0800] {dagbag.py:545} INFO - Filling up the DagBag from /home/jithish/Documents/dag-dag-dag/.venv/lib/python3.10/site-packages/airflow/example_dags/plugins/event_listener.py
[2024-05-15T03:53:36.949+0800] {processor.py:842} WARNING - No viable dags retrieved from /home/jithish/Documents/dag-dag-dag/.venv/lib/python3.10/site-packages/airflow/example_dags/plugins/event_listener.py
[2024-05-15T03:53:36.964+0800] {processor.py:183} INFO - Processing /home/jithish/Documents/dag-dag-dag/.venv/lib/python3.10/site-packages/airflow/example_dags/plugins/event_listener.py took 0.097 seconds
[2024-05-15T03:54:34.893+0800] {processor.py:161} INFO - Started process (PID=104582) to work on /home/jithish/Documents/dag-dag-dag/.venv/lib/python3.10/site-packages/airflow/example_dags/plugins/event_listener.py
[2024-05-15T03:54:34.894+0800] {processor.py:830} INFO - Processing file /home/jithish/Documents/dag-dag-dag/.venv/lib/python3.10/site-packages/airflow/example_dags/plugins/event_listener.py for tasks to queue
[2024-05-15T03:54:34.896+0800] {logging_mixin.py:188} INFO - [2024-05-15T03:54:34.896+0800] {dagbag.py:545} INFO - Filling up the DagBag from /home/jithish/Documents/dag-dag-dag/.venv/lib/python3.10/site-packages/airflow/example_dags/plugins/event_listener.py
[2024-05-15T03:54:34.898+0800] {processor.py:842} WARNING - No viable dags retrieved from /home/jithish/Documents/dag-dag-dag/.venv/lib/python3.10/site-packages/airflow/example_dags/plugins/event_listener.py
[2024-05-15T03:54:34.908+0800] {processor.py:183} INFO - Processing /home/jithish/Documents/dag-dag-dag/.venv/lib/python3.10/site-packages/airflow/example_dags/plugins/event_listener.py took 0.023 seconds
[2024-05-15T03:55:29.858+0800] {processor.py:161} INFO - Started process (PID=105263) to work on /home/jithish/Documents/dag-dag-dag/.venv/lib/python3.10/site-packages/airflow/example_dags/plugins/event_listener.py
[2024-05-15T03:55:29.920+0800] {processor.py:830} INFO - Processing file /home/jithish/Documents/dag-dag-dag/.venv/lib/python3.10/site-packages/airflow/example_dags/plugins/event_listener.py for tasks to queue
[2024-05-15T03:55:29.926+0800] {logging_mixin.py:188} INFO - [2024-05-15T03:55:29.924+0800] {dagbag.py:545} INFO - Filling up the DagBag from /home/jithish/Documents/dag-dag-dag/.venv/lib/python3.10/site-packages/airflow/example_dags/plugins/event_listener.py
[2024-05-15T03:55:29.935+0800] {processor.py:842} WARNING - No viable dags retrieved from /home/jithish/Documents/dag-dag-dag/.venv/lib/python3.10/site-packages/airflow/example_dags/plugins/event_listener.py
[2024-05-15T03:55:29.958+0800] {processor.py:183} INFO - Processing /home/jithish/Documents/dag-dag-dag/.venv/lib/python3.10/site-packages/airflow/example_dags/plugins/event_listener.py took 0.116 seconds
[2024-05-15T03:56:20.991+0800] {processor.py:161} INFO - Started process (PID=105753) to work on /home/jithish/Documents/dag-dag-dag/.venv/lib/python3.10/site-packages/airflow/example_dags/plugins/event_listener.py
[2024-05-15T03:56:21.052+0800] {processor.py:830} INFO - Processing file /home/jithish/Documents/dag-dag-dag/.venv/lib/python3.10/site-packages/airflow/example_dags/plugins/event_listener.py for tasks to queue
[2024-05-15T03:56:21.055+0800] {logging_mixin.py:188} INFO - [2024-05-15T03:56:21.054+0800] {dagbag.py:545} INFO - Filling up the DagBag from /home/jithish/Documents/dag-dag-dag/.venv/lib/python3.10/site-packages/airflow/example_dags/plugins/event_listener.py
[2024-05-15T03:56:21.057+0800] {processor.py:842} WARNING - No viable dags retrieved from /home/jithish/Documents/dag-dag-dag/.venv/lib/python3.10/site-packages/airflow/example_dags/plugins/event_listener.py
[2024-05-15T03:56:21.068+0800] {processor.py:183} INFO - Processing /home/jithish/Documents/dag-dag-dag/.venv/lib/python3.10/site-packages/airflow/example_dags/plugins/event_listener.py took 0.087 seconds
[2024-05-15T03:57:09.661+0800] {processor.py:161} INFO - Started process (PID=106231) to work on /home/jithish/Documents/dag-dag-dag/.venv/lib/python3.10/site-packages/airflow/example_dags/plugins/event_listener.py
[2024-05-15T03:57:09.723+0800] {processor.py:830} INFO - Processing file /home/jithish/Documents/dag-dag-dag/.venv/lib/python3.10/site-packages/airflow/example_dags/plugins/event_listener.py for tasks to queue
[2024-05-15T03:57:09.724+0800] {logging_mixin.py:188} INFO - [2024-05-15T03:57:09.724+0800] {dagbag.py:545} INFO - Filling up the DagBag from /home/jithish/Documents/dag-dag-dag/.venv/lib/python3.10/site-packages/airflow/example_dags/plugins/event_listener.py
[2024-05-15T03:57:09.725+0800] {processor.py:842} WARNING - No viable dags retrieved from /home/jithish/Documents/dag-dag-dag/.venv/lib/python3.10/site-packages/airflow/example_dags/plugins/event_listener.py
[2024-05-15T03:57:09.732+0800] {processor.py:183} INFO - Processing /home/jithish/Documents/dag-dag-dag/.venv/lib/python3.10/site-packages/airflow/example_dags/plugins/event_listener.py took 0.079 seconds
[2024-05-15T03:57:57.052+0800] {processor.py:161} INFO - Started process (PID=106647) to work on /home/jithish/Documents/dag-dag-dag/.venv/lib/python3.10/site-packages/airflow/example_dags/plugins/event_listener.py
[2024-05-15T03:57:57.092+0800] {processor.py:830} INFO - Processing file /home/jithish/Documents/dag-dag-dag/.venv/lib/python3.10/site-packages/airflow/example_dags/plugins/event_listener.py for tasks to queue
[2024-05-15T03:57:57.094+0800] {logging_mixin.py:188} INFO - [2024-05-15T03:57:57.093+0800] {dagbag.py:545} INFO - Filling up the DagBag from /home/jithish/Documents/dag-dag-dag/.venv/lib/python3.10/site-packages/airflow/example_dags/plugins/event_listener.py
[2024-05-15T03:57:57.096+0800] {processor.py:842} WARNING - No viable dags retrieved from /home/jithish/Documents/dag-dag-dag/.venv/lib/python3.10/site-packages/airflow/example_dags/plugins/event_listener.py
[2024-05-15T03:57:57.104+0800] {processor.py:183} INFO - Processing /home/jithish/Documents/dag-dag-dag/.venv/lib/python3.10/site-packages/airflow/example_dags/plugins/event_listener.py took 0.056 seconds
[2024-05-15T03:58:52.755+0800] {processor.py:161} INFO - Started process (PID=107220) to work on /home/jithish/Documents/dag-dag-dag/.venv/lib/python3.10/site-packages/airflow/example_dags/plugins/event_listener.py
[2024-05-15T03:58:52.816+0800] {processor.py:830} INFO - Processing file /home/jithish/Documents/dag-dag-dag/.venv/lib/python3.10/site-packages/airflow/example_dags/plugins/event_listener.py for tasks to queue
[2024-05-15T03:58:52.818+0800] {logging_mixin.py:188} INFO - [2024-05-15T03:58:52.817+0800] {dagbag.py:545} INFO - Filling up the DagBag from /home/jithish/Documents/dag-dag-dag/.venv/lib/python3.10/site-packages/airflow/example_dags/plugins/event_listener.py
[2024-05-15T03:58:52.820+0800] {processor.py:842} WARNING - No viable dags retrieved from /home/jithish/Documents/dag-dag-dag/.venv/lib/python3.10/site-packages/airflow/example_dags/plugins/event_listener.py
[2024-05-15T03:58:52.830+0800] {processor.py:183} INFO - Processing /home/jithish/Documents/dag-dag-dag/.venv/lib/python3.10/site-packages/airflow/example_dags/plugins/event_listener.py took 0.079 seconds
[2024-05-15T03:59:43.583+0800] {processor.py:161} INFO - Started process (PID=107707) to work on /home/jithish/Documents/dag-dag-dag/.venv/lib/python3.10/site-packages/airflow/example_dags/plugins/event_listener.py
[2024-05-15T03:59:43.644+0800] {processor.py:830} INFO - Processing file /home/jithish/Documents/dag-dag-dag/.venv/lib/python3.10/site-packages/airflow/example_dags/plugins/event_listener.py for tasks to queue
[2024-05-15T03:59:43.646+0800] {logging_mixin.py:188} INFO - [2024-05-15T03:59:43.645+0800] {dagbag.py:545} INFO - Filling up the DagBag from /home/jithish/Documents/dag-dag-dag/.venv/lib/python3.10/site-packages/airflow/example_dags/plugins/event_listener.py
[2024-05-15T03:59:43.648+0800] {processor.py:842} WARNING - No viable dags retrieved from /home/jithish/Documents/dag-dag-dag/.venv/lib/python3.10/site-packages/airflow/example_dags/plugins/event_listener.py
[2024-05-15T03:59:43.655+0800] {processor.py:183} INFO - Processing /home/jithish/Documents/dag-dag-dag/.venv/lib/python3.10/site-packages/airflow/example_dags/plugins/event_listener.py took 0.077 seconds
[2024-05-15T04:00:30.484+0800] {processor.py:161} INFO - Started process (PID=108112) to work on /home/jithish/Documents/dag-dag-dag/.venv/lib/python3.10/site-packages/airflow/example_dags/plugins/event_listener.py
[2024-05-15T04:00:30.545+0800] {processor.py:830} INFO - Processing file /home/jithish/Documents/dag-dag-dag/.venv/lib/python3.10/site-packages/airflow/example_dags/plugins/event_listener.py for tasks to queue
[2024-05-15T04:00:30.547+0800] {logging_mixin.py:188} INFO - [2024-05-15T04:00:30.546+0800] {dagbag.py:545} INFO - Filling up the DagBag from /home/jithish/Documents/dag-dag-dag/.venv/lib/python3.10/site-packages/airflow/example_dags/plugins/event_listener.py
[2024-05-15T04:00:30.548+0800] {processor.py:842} WARNING - No viable dags retrieved from /home/jithish/Documents/dag-dag-dag/.venv/lib/python3.10/site-packages/airflow/example_dags/plugins/event_listener.py
[2024-05-15T04:00:30.557+0800] {processor.py:183} INFO - Processing /home/jithish/Documents/dag-dag-dag/.venv/lib/python3.10/site-packages/airflow/example_dags/plugins/event_listener.py took 0.077 seconds
[2024-05-15T04:01:20.624+0800] {processor.py:161} INFO - Started process (PID=108546) to work on /home/jithish/Documents/dag-dag-dag/.venv/lib/python3.10/site-packages/airflow/example_dags/plugins/event_listener.py
[2024-05-15T04:01:20.685+0800] {processor.py:830} INFO - Processing file /home/jithish/Documents/dag-dag-dag/.venv/lib/python3.10/site-packages/airflow/example_dags/plugins/event_listener.py for tasks to queue
[2024-05-15T04:01:20.687+0800] {logging_mixin.py:188} INFO - [2024-05-15T04:01:20.686+0800] {dagbag.py:545} INFO - Filling up the DagBag from /home/jithish/Documents/dag-dag-dag/.venv/lib/python3.10/site-packages/airflow/example_dags/plugins/event_listener.py
[2024-05-15T04:01:20.689+0800] {processor.py:842} WARNING - No viable dags retrieved from /home/jithish/Documents/dag-dag-dag/.venv/lib/python3.10/site-packages/airflow/example_dags/plugins/event_listener.py
[2024-05-15T04:01:20.696+0800] {processor.py:183} INFO - Processing /home/jithish/Documents/dag-dag-dag/.venv/lib/python3.10/site-packages/airflow/example_dags/plugins/event_listener.py took 0.077 seconds
[2024-05-15T04:02:07.017+0800] {processor.py:161} INFO - Started process (PID=108927) to work on /home/jithish/Documents/dag-dag-dag/.venv/lib/python3.10/site-packages/airflow/example_dags/plugins/event_listener.py
[2024-05-15T04:02:07.018+0800] {processor.py:830} INFO - Processing file /home/jithish/Documents/dag-dag-dag/.venv/lib/python3.10/site-packages/airflow/example_dags/plugins/event_listener.py for tasks to queue
[2024-05-15T04:02:07.019+0800] {logging_mixin.py:188} INFO - [2024-05-15T04:02:07.019+0800] {dagbag.py:545} INFO - Filling up the DagBag from /home/jithish/Documents/dag-dag-dag/.venv/lib/python3.10/site-packages/airflow/example_dags/plugins/event_listener.py
[2024-05-15T04:02:07.021+0800] {processor.py:842} WARNING - No viable dags retrieved from /home/jithish/Documents/dag-dag-dag/.venv/lib/python3.10/site-packages/airflow/example_dags/plugins/event_listener.py
[2024-05-15T04:02:07.031+0800] {processor.py:183} INFO - Processing /home/jithish/Documents/dag-dag-dag/.venv/lib/python3.10/site-packages/airflow/example_dags/plugins/event_listener.py took 0.019 seconds
[2024-05-15T04:03:00.348+0800] {processor.py:161} INFO - Started process (PID=109511) to work on /home/jithish/Documents/dag-dag-dag/.venv/lib/python3.10/site-packages/airflow/example_dags/plugins/event_listener.py
[2024-05-15T04:03:00.410+0800] {processor.py:830} INFO - Processing file /home/jithish/Documents/dag-dag-dag/.venv/lib/python3.10/site-packages/airflow/example_dags/plugins/event_listener.py for tasks to queue
[2024-05-15T04:03:00.414+0800] {logging_mixin.py:188} INFO - [2024-05-15T04:03:00.413+0800] {dagbag.py:545} INFO - Filling up the DagBag from /home/jithish/Documents/dag-dag-dag/.venv/lib/python3.10/site-packages/airflow/example_dags/plugins/event_listener.py
[2024-05-15T04:03:00.416+0800] {processor.py:842} WARNING - No viable dags retrieved from /home/jithish/Documents/dag-dag-dag/.venv/lib/python3.10/site-packages/airflow/example_dags/plugins/event_listener.py
[2024-05-15T04:03:00.423+0800] {processor.py:183} INFO - Processing /home/jithish/Documents/dag-dag-dag/.venv/lib/python3.10/site-packages/airflow/example_dags/plugins/event_listener.py took 0.079 seconds
[2024-05-15T04:04:09.865+0800] {processor.py:161} INFO - Started process (PID=110637) to work on /home/jithish/Documents/dag-dag-dag/.venv/lib/python3.10/site-packages/airflow/example_dags/plugins/event_listener.py
[2024-05-15T04:04:09.867+0800] {processor.py:830} INFO - Processing file /home/jithish/Documents/dag-dag-dag/.venv/lib/python3.10/site-packages/airflow/example_dags/plugins/event_listener.py for tasks to queue
[2024-05-15T04:04:09.869+0800] {logging_mixin.py:188} INFO - [2024-05-15T04:04:09.868+0800] {dagbag.py:545} INFO - Filling up the DagBag from /home/jithish/Documents/dag-dag-dag/.venv/lib/python3.10/site-packages/airflow/example_dags/plugins/event_listener.py
[2024-05-15T04:04:09.871+0800] {processor.py:842} WARNING - No viable dags retrieved from /home/jithish/Documents/dag-dag-dag/.venv/lib/python3.10/site-packages/airflow/example_dags/plugins/event_listener.py
[2024-05-15T04:04:09.880+0800] {processor.py:183} INFO - Processing /home/jithish/Documents/dag-dag-dag/.venv/lib/python3.10/site-packages/airflow/example_dags/plugins/event_listener.py took 0.021 seconds
[2024-05-15T04:05:09.002+0800] {processor.py:161} INFO - Started process (PID=111520) to work on /home/jithish/Documents/dag-dag-dag/.venv/lib/python3.10/site-packages/airflow/example_dags/plugins/event_listener.py
[2024-05-15T04:05:09.063+0800] {processor.py:830} INFO - Processing file /home/jithish/Documents/dag-dag-dag/.venv/lib/python3.10/site-packages/airflow/example_dags/plugins/event_listener.py for tasks to queue
[2024-05-15T04:05:09.068+0800] {logging_mixin.py:188} INFO - [2024-05-15T04:05:09.067+0800] {dagbag.py:545} INFO - Filling up the DagBag from /home/jithish/Documents/dag-dag-dag/.venv/lib/python3.10/site-packages/airflow/example_dags/plugins/event_listener.py
[2024-05-15T04:05:09.074+0800] {processor.py:842} WARNING - No viable dags retrieved from /home/jithish/Documents/dag-dag-dag/.venv/lib/python3.10/site-packages/airflow/example_dags/plugins/event_listener.py
[2024-05-15T04:05:09.100+0800] {processor.py:183} INFO - Processing /home/jithish/Documents/dag-dag-dag/.venv/lib/python3.10/site-packages/airflow/example_dags/plugins/event_listener.py took 0.105 seconds
[2024-05-15T04:06:01.544+0800] {processor.py:161} INFO - Started process (PID=112261) to work on /home/jithish/Documents/dag-dag-dag/.venv/lib/python3.10/site-packages/airflow/example_dags/plugins/event_listener.py
[2024-05-15T04:06:01.606+0800] {processor.py:830} INFO - Processing file /home/jithish/Documents/dag-dag-dag/.venv/lib/python3.10/site-packages/airflow/example_dags/plugins/event_listener.py for tasks to queue
[2024-05-15T04:06:01.609+0800] {logging_mixin.py:188} INFO - [2024-05-15T04:06:01.609+0800] {dagbag.py:545} INFO - Filling up the DagBag from /home/jithish/Documents/dag-dag-dag/.venv/lib/python3.10/site-packages/airflow/example_dags/plugins/event_listener.py
[2024-05-15T04:06:01.612+0800] {processor.py:842} WARNING - No viable dags retrieved from /home/jithish/Documents/dag-dag-dag/.venv/lib/python3.10/site-packages/airflow/example_dags/plugins/event_listener.py
[2024-05-15T04:06:01.620+0800] {processor.py:183} INFO - Processing /home/jithish/Documents/dag-dag-dag/.venv/lib/python3.10/site-packages/airflow/example_dags/plugins/event_listener.py took 0.088 seconds
[2024-05-15T04:06:58.629+0800] {processor.py:161} INFO - Started process (PID=113071) to work on /home/jithish/Documents/dag-dag-dag/.venv/lib/python3.10/site-packages/airflow/example_dags/plugins/event_listener.py
[2024-05-15T04:06:58.690+0800] {processor.py:830} INFO - Processing file /home/jithish/Documents/dag-dag-dag/.venv/lib/python3.10/site-packages/airflow/example_dags/plugins/event_listener.py for tasks to queue
[2024-05-15T04:06:58.691+0800] {logging_mixin.py:188} INFO - [2024-05-15T04:06:58.691+0800] {dagbag.py:545} INFO - Filling up the DagBag from /home/jithish/Documents/dag-dag-dag/.venv/lib/python3.10/site-packages/airflow/example_dags/plugins/event_listener.py
[2024-05-15T04:06:58.693+0800] {processor.py:842} WARNING - No viable dags retrieved from /home/jithish/Documents/dag-dag-dag/.venv/lib/python3.10/site-packages/airflow/example_dags/plugins/event_listener.py
[2024-05-15T04:06:58.703+0800] {processor.py:183} INFO - Processing /home/jithish/Documents/dag-dag-dag/.venv/lib/python3.10/site-packages/airflow/example_dags/plugins/event_listener.py took 0.084 seconds
[2024-05-15T04:07:54.148+0800] {processor.py:161} INFO - Started process (PID=113709) to work on /home/jithish/Documents/dag-dag-dag/.venv/lib/python3.10/site-packages/airflow/example_dags/plugins/event_listener.py
[2024-05-15T04:07:54.210+0800] {processor.py:830} INFO - Processing file /home/jithish/Documents/dag-dag-dag/.venv/lib/python3.10/site-packages/airflow/example_dags/plugins/event_listener.py for tasks to queue
[2024-05-15T04:07:54.216+0800] {logging_mixin.py:188} INFO - [2024-05-15T04:07:54.214+0800] {dagbag.py:545} INFO - Filling up the DagBag from /home/jithish/Documents/dag-dag-dag/.venv/lib/python3.10/site-packages/airflow/example_dags/plugins/event_listener.py
[2024-05-15T04:07:54.223+0800] {processor.py:842} WARNING - No viable dags retrieved from /home/jithish/Documents/dag-dag-dag/.venv/lib/python3.10/site-packages/airflow/example_dags/plugins/event_listener.py
[2024-05-15T04:07:54.249+0800] {processor.py:183} INFO - Processing /home/jithish/Documents/dag-dag-dag/.venv/lib/python3.10/site-packages/airflow/example_dags/plugins/event_listener.py took 0.113 seconds
[2024-05-15T04:08:52.380+0800] {processor.py:161} INFO - Started process (PID=114586) to work on /home/jithish/Documents/dag-dag-dag/.venv/lib/python3.10/site-packages/airflow/example_dags/plugins/event_listener.py
[2024-05-15T04:08:52.381+0800] {processor.py:830} INFO - Processing file /home/jithish/Documents/dag-dag-dag/.venv/lib/python3.10/site-packages/airflow/example_dags/plugins/event_listener.py for tasks to queue
[2024-05-15T04:08:52.382+0800] {logging_mixin.py:188} INFO - [2024-05-15T04:08:52.382+0800] {dagbag.py:545} INFO - Filling up the DagBag from /home/jithish/Documents/dag-dag-dag/.venv/lib/python3.10/site-packages/airflow/example_dags/plugins/event_listener.py
[2024-05-15T04:08:52.383+0800] {processor.py:842} WARNING - No viable dags retrieved from /home/jithish/Documents/dag-dag-dag/.venv/lib/python3.10/site-packages/airflow/example_dags/plugins/event_listener.py
[2024-05-15T04:08:52.393+0800] {processor.py:183} INFO - Processing /home/jithish/Documents/dag-dag-dag/.venv/lib/python3.10/site-packages/airflow/example_dags/plugins/event_listener.py took 0.018 seconds
[2024-05-15T04:09:48.650+0800] {processor.py:161} INFO - Started process (PID=115420) to work on /home/jithish/Documents/dag-dag-dag/.venv/lib/python3.10/site-packages/airflow/example_dags/plugins/event_listener.py
[2024-05-15T04:09:48.709+0800] {processor.py:830} INFO - Processing file /home/jithish/Documents/dag-dag-dag/.venv/lib/python3.10/site-packages/airflow/example_dags/plugins/event_listener.py for tasks to queue
[2024-05-15T04:09:48.714+0800] {logging_mixin.py:188} INFO - [2024-05-15T04:09:48.713+0800] {dagbag.py:545} INFO - Filling up the DagBag from /home/jithish/Documents/dag-dag-dag/.venv/lib/python3.10/site-packages/airflow/example_dags/plugins/event_listener.py
[2024-05-15T04:09:48.721+0800] {processor.py:842} WARNING - No viable dags retrieved from /home/jithish/Documents/dag-dag-dag/.venv/lib/python3.10/site-packages/airflow/example_dags/plugins/event_listener.py
[2024-05-15T04:09:48.744+0800] {processor.py:183} INFO - Processing /home/jithish/Documents/dag-dag-dag/.venv/lib/python3.10/site-packages/airflow/example_dags/plugins/event_listener.py took 0.104 seconds
[2024-05-15T04:10:42.362+0800] {processor.py:161} INFO - Started process (PID=116214) to work on /home/jithish/Documents/dag-dag-dag/.venv/lib/python3.10/site-packages/airflow/example_dags/plugins/event_listener.py
[2024-05-15T04:10:42.424+0800] {processor.py:830} INFO - Processing file /home/jithish/Documents/dag-dag-dag/.venv/lib/python3.10/site-packages/airflow/example_dags/plugins/event_listener.py for tasks to queue
[2024-05-15T04:10:42.430+0800] {logging_mixin.py:188} INFO - [2024-05-15T04:10:42.429+0800] {dagbag.py:545} INFO - Filling up the DagBag from /home/jithish/Documents/dag-dag-dag/.venv/lib/python3.10/site-packages/airflow/example_dags/plugins/event_listener.py
[2024-05-15T04:10:42.438+0800] {processor.py:842} WARNING - No viable dags retrieved from /home/jithish/Documents/dag-dag-dag/.venv/lib/python3.10/site-packages/airflow/example_dags/plugins/event_listener.py
[2024-05-15T04:10:42.464+0800] {processor.py:183} INFO - Processing /home/jithish/Documents/dag-dag-dag/.venv/lib/python3.10/site-packages/airflow/example_dags/plugins/event_listener.py took 0.111 seconds
[2024-05-15T04:11:35.700+0800] {processor.py:161} INFO - Started process (PID=116980) to work on /home/jithish/Documents/dag-dag-dag/.venv/lib/python3.10/site-packages/airflow/example_dags/plugins/event_listener.py
[2024-05-15T04:11:35.761+0800] {processor.py:830} INFO - Processing file /home/jithish/Documents/dag-dag-dag/.venv/lib/python3.10/site-packages/airflow/example_dags/plugins/event_listener.py for tasks to queue
[2024-05-15T04:11:35.766+0800] {logging_mixin.py:188} INFO - [2024-05-15T04:11:35.765+0800] {dagbag.py:545} INFO - Filling up the DagBag from /home/jithish/Documents/dag-dag-dag/.venv/lib/python3.10/site-packages/airflow/example_dags/plugins/event_listener.py
[2024-05-15T04:11:35.774+0800] {processor.py:842} WARNING - No viable dags retrieved from /home/jithish/Documents/dag-dag-dag/.venv/lib/python3.10/site-packages/airflow/example_dags/plugins/event_listener.py
[2024-05-15T04:11:35.801+0800] {processor.py:183} INFO - Processing /home/jithish/Documents/dag-dag-dag/.venv/lib/python3.10/site-packages/airflow/example_dags/plugins/event_listener.py took 0.105 seconds
[2024-05-15T04:12:39.453+0800] {processor.py:161} INFO - Started process (PID=117883) to work on /home/jithish/Documents/dag-dag-dag/.venv/lib/python3.10/site-packages/airflow/example_dags/plugins/event_listener.py
[2024-05-15T04:12:39.514+0800] {processor.py:830} INFO - Processing file /home/jithish/Documents/dag-dag-dag/.venv/lib/python3.10/site-packages/airflow/example_dags/plugins/event_listener.py for tasks to queue
[2024-05-15T04:12:39.519+0800] {logging_mixin.py:188} INFO - [2024-05-15T04:12:39.518+0800] {dagbag.py:545} INFO - Filling up the DagBag from /home/jithish/Documents/dag-dag-dag/.venv/lib/python3.10/site-packages/airflow/example_dags/plugins/event_listener.py
[2024-05-15T04:12:39.525+0800] {processor.py:842} WARNING - No viable dags retrieved from /home/jithish/Documents/dag-dag-dag/.venv/lib/python3.10/site-packages/airflow/example_dags/plugins/event_listener.py
[2024-05-15T04:12:39.554+0800] {processor.py:183} INFO - Processing /home/jithish/Documents/dag-dag-dag/.venv/lib/python3.10/site-packages/airflow/example_dags/plugins/event_listener.py took 0.106 seconds
[2024-05-15T04:13:34.257+0800] {processor.py:161} INFO - Started process (PID=118643) to work on /home/jithish/Documents/dag-dag-dag/.venv/lib/python3.10/site-packages/airflow/example_dags/plugins/event_listener.py
[2024-05-15T04:13:34.308+0800] {processor.py:830} INFO - Processing file /home/jithish/Documents/dag-dag-dag/.venv/lib/python3.10/site-packages/airflow/example_dags/plugins/event_listener.py for tasks to queue
[2024-05-15T04:13:34.312+0800] {logging_mixin.py:188} INFO - [2024-05-15T04:13:34.311+0800] {dagbag.py:545} INFO - Filling up the DagBag from /home/jithish/Documents/dag-dag-dag/.venv/lib/python3.10/site-packages/airflow/example_dags/plugins/event_listener.py
[2024-05-15T04:13:34.316+0800] {processor.py:842} WARNING - No viable dags retrieved from /home/jithish/Documents/dag-dag-dag/.venv/lib/python3.10/site-packages/airflow/example_dags/plugins/event_listener.py
[2024-05-15T04:13:34.335+0800] {processor.py:183} INFO - Processing /home/jithish/Documents/dag-dag-dag/.venv/lib/python3.10/site-packages/airflow/example_dags/plugins/event_listener.py took 0.083 seconds
[2024-05-15T04:14:33.141+0800] {processor.py:161} INFO - Started process (PID=119433) to work on /home/jithish/Documents/dag-dag-dag/.venv/lib/python3.10/site-packages/airflow/example_dags/plugins/event_listener.py
[2024-05-15T04:14:33.143+0800] {processor.py:830} INFO - Processing file /home/jithish/Documents/dag-dag-dag/.venv/lib/python3.10/site-packages/airflow/example_dags/plugins/event_listener.py for tasks to queue
[2024-05-15T04:14:33.145+0800] {logging_mixin.py:188} INFO - [2024-05-15T04:14:33.144+0800] {dagbag.py:545} INFO - Filling up the DagBag from /home/jithish/Documents/dag-dag-dag/.venv/lib/python3.10/site-packages/airflow/example_dags/plugins/event_listener.py
[2024-05-15T04:14:33.149+0800] {processor.py:842} WARNING - No viable dags retrieved from /home/jithish/Documents/dag-dag-dag/.venv/lib/python3.10/site-packages/airflow/example_dags/plugins/event_listener.py
[2024-05-15T04:14:33.161+0800] {processor.py:183} INFO - Processing /home/jithish/Documents/dag-dag-dag/.venv/lib/python3.10/site-packages/airflow/example_dags/plugins/event_listener.py took 0.032 seconds
[2024-05-15T04:15:26.570+0800] {processor.py:161} INFO - Started process (PID=120034) to work on /home/jithish/Documents/dag-dag-dag/.venv/lib/python3.10/site-packages/airflow/example_dags/plugins/event_listener.py
[2024-05-15T04:15:26.575+0800] {processor.py:830} INFO - Processing file /home/jithish/Documents/dag-dag-dag/.venv/lib/python3.10/site-packages/airflow/example_dags/plugins/event_listener.py for tasks to queue
[2024-05-15T04:15:26.576+0800] {logging_mixin.py:188} INFO - [2024-05-15T04:15:26.576+0800] {dagbag.py:545} INFO - Filling up the DagBag from /home/jithish/Documents/dag-dag-dag/.venv/lib/python3.10/site-packages/airflow/example_dags/plugins/event_listener.py
[2024-05-15T04:15:26.578+0800] {processor.py:842} WARNING - No viable dags retrieved from /home/jithish/Documents/dag-dag-dag/.venv/lib/python3.10/site-packages/airflow/example_dags/plugins/event_listener.py
[2024-05-15T04:15:26.589+0800] {processor.py:183} INFO - Processing /home/jithish/Documents/dag-dag-dag/.venv/lib/python3.10/site-packages/airflow/example_dags/plugins/event_listener.py took 0.025 seconds
