[2024-05-15T02:58:56.360+0800] {processor.py:161} INFO - Started process (PID=65308) to work on /home/jithish/Documents/dag-dag-dag/.venv/lib/python3.10/site-packages/airflow/example_dags/plugins/listener_plugin.py
[2024-05-15T02:58:56.361+0800] {processor.py:830} INFO - Processing file /home/jithish/Documents/dag-dag-dag/.venv/lib/python3.10/site-packages/airflow/example_dags/plugins/listener_plugin.py for tasks to queue
[2024-05-15T02:58:56.363+0800] {logging_mixin.py:188} INFO - [2024-05-15T02:58:56.363+0800] {dagbag.py:545} INFO - Filling up the DagBag from /home/jithish/Documents/dag-dag-dag/.venv/lib/python3.10/site-packages/airflow/example_dags/plugins/listener_plugin.py
[2024-05-15T02:58:56.366+0800] {processor.py:842} WARNING - No viable dags retrieved from /home/jithish/Documents/dag-dag-dag/.venv/lib/python3.10/site-packages/airflow/example_dags/plugins/listener_plugin.py
[2024-05-15T02:58:56.377+0800] {processor.py:183} INFO - Processing /home/jithish/Documents/dag-dag-dag/.venv/lib/python3.10/site-packages/airflow/example_dags/plugins/listener_plugin.py took 0.024 seconds
[2024-05-15T02:59:57.236+0800] {processor.py:161} INFO - Started process (PID=66325) to work on /home/jithish/Documents/dag-dag-dag/.venv/lib/python3.10/site-packages/airflow/example_dags/plugins/listener_plugin.py
[2024-05-15T02:59:57.298+0800] {processor.py:830} INFO - Processing file /home/jithish/Documents/dag-dag-dag/.venv/lib/python3.10/site-packages/airflow/example_dags/plugins/listener_plugin.py for tasks to queue
[2024-05-15T02:59:57.300+0800] {logging_mixin.py:188} INFO - [2024-05-15T02:59:57.300+0800] {dagbag.py:545} INFO - Filling up the DagBag from /home/jithish/Documents/dag-dag-dag/.venv/lib/python3.10/site-packages/airflow/example_dags/plugins/listener_plugin.py
[2024-05-15T02:59:57.302+0800] {processor.py:842} WARNING - No viable dags retrieved from /home/jithish/Documents/dag-dag-dag/.venv/lib/python3.10/site-packages/airflow/example_dags/plugins/listener_plugin.py
[2024-05-15T02:59:57.311+0800] {processor.py:183} INFO - Processing /home/jithish/Documents/dag-dag-dag/.venv/lib/python3.10/site-packages/airflow/example_dags/plugins/listener_plugin.py took 0.095 seconds
[2024-05-15T03:14:12.101+0800] {processor.py:161} INFO - Started process (PID=74778) to work on /home/jithish/Documents/dag-dag-dag/.venv/lib/python3.10/site-packages/airflow/example_dags/plugins/listener_plugin.py
[2024-05-15T03:14:12.162+0800] {processor.py:830} INFO - Processing file /home/jithish/Documents/dag-dag-dag/.venv/lib/python3.10/site-packages/airflow/example_dags/plugins/listener_plugin.py for tasks to queue
[2024-05-15T03:14:12.168+0800] {logging_mixin.py:188} INFO - [2024-05-15T03:14:12.167+0800] {dagbag.py:545} INFO - Filling up the DagBag from /home/jithish/Documents/dag-dag-dag/.venv/lib/python3.10/site-packages/airflow/example_dags/plugins/listener_plugin.py
[2024-05-15T03:14:12.176+0800] {processor.py:842} WARNING - No viable dags retrieved from /home/jithish/Documents/dag-dag-dag/.venv/lib/python3.10/site-packages/airflow/example_dags/plugins/listener_plugin.py
[2024-05-15T03:14:12.201+0800] {processor.py:183} INFO - Processing /home/jithish/Documents/dag-dag-dag/.venv/lib/python3.10/site-packages/airflow/example_dags/plugins/listener_plugin.py took 0.104 seconds
[2024-05-15T03:15:15.211+0800] {processor.py:161} INFO - Started process (PID=75552) to work on /home/jithish/Documents/dag-dag-dag/.venv/lib/python3.10/site-packages/airflow/example_dags/plugins/listener_plugin.py
[2024-05-15T03:15:15.214+0800] {processor.py:830} INFO - Processing file /home/jithish/Documents/dag-dag-dag/.venv/lib/python3.10/site-packages/airflow/example_dags/plugins/listener_plugin.py for tasks to queue
[2024-05-15T03:15:15.215+0800] {logging_mixin.py:188} INFO - [2024-05-15T03:15:15.215+0800] {dagbag.py:545} INFO - Filling up the DagBag from /home/jithish/Documents/dag-dag-dag/.venv/lib/python3.10/site-packages/airflow/example_dags/plugins/listener_plugin.py
[2024-05-15T03:15:15.217+0800] {processor.py:842} WARNING - No viable dags retrieved from /home/jithish/Documents/dag-dag-dag/.venv/lib/python3.10/site-packages/airflow/example_dags/plugins/listener_plugin.py
[2024-05-15T03:15:15.224+0800] {processor.py:183} INFO - Processing /home/jithish/Documents/dag-dag-dag/.venv/lib/python3.10/site-packages/airflow/example_dags/plugins/listener_plugin.py took 0.017 seconds
[2024-05-15T03:16:17.749+0800] {processor.py:161} INFO - Started process (PID=76339) to work on /home/jithish/Documents/dag-dag-dag/.venv/lib/python3.10/site-packages/airflow/example_dags/plugins/listener_plugin.py
[2024-05-15T03:16:17.809+0800] {processor.py:830} INFO - Processing file /home/jithish/Documents/dag-dag-dag/.venv/lib/python3.10/site-packages/airflow/example_dags/plugins/listener_plugin.py for tasks to queue
[2024-05-15T03:16:17.811+0800] {logging_mixin.py:188} INFO - [2024-05-15T03:16:17.811+0800] {dagbag.py:545} INFO - Filling up the DagBag from /home/jithish/Documents/dag-dag-dag/.venv/lib/python3.10/site-packages/airflow/example_dags/plugins/listener_plugin.py
[2024-05-15T03:16:17.813+0800] {processor.py:842} WARNING - No viable dags retrieved from /home/jithish/Documents/dag-dag-dag/.venv/lib/python3.10/site-packages/airflow/example_dags/plugins/listener_plugin.py
[2024-05-15T03:16:17.822+0800] {processor.py:183} INFO - Processing /home/jithish/Documents/dag-dag-dag/.venv/lib/python3.10/site-packages/airflow/example_dags/plugins/listener_plugin.py took 0.078 seconds
[2024-05-15T03:17:18.276+0800] {processor.py:161} INFO - Started process (PID=77133) to work on /home/jithish/Documents/dag-dag-dag/.venv/lib/python3.10/site-packages/airflow/example_dags/plugins/listener_plugin.py
[2024-05-15T03:17:18.278+0800] {processor.py:830} INFO - Processing file /home/jithish/Documents/dag-dag-dag/.venv/lib/python3.10/site-packages/airflow/example_dags/plugins/listener_plugin.py for tasks to queue
[2024-05-15T03:17:18.280+0800] {logging_mixin.py:188} INFO - [2024-05-15T03:17:18.279+0800] {dagbag.py:545} INFO - Filling up the DagBag from /home/jithish/Documents/dag-dag-dag/.venv/lib/python3.10/site-packages/airflow/example_dags/plugins/listener_plugin.py
[2024-05-15T03:17:18.284+0800] {processor.py:842} WARNING - No viable dags retrieved from /home/jithish/Documents/dag-dag-dag/.venv/lib/python3.10/site-packages/airflow/example_dags/plugins/listener_plugin.py
[2024-05-15T03:17:18.297+0800] {processor.py:183} INFO - Processing /home/jithish/Documents/dag-dag-dag/.venv/lib/python3.10/site-packages/airflow/example_dags/plugins/listener_plugin.py took 0.030 seconds
[2024-05-15T03:18:18.633+0800] {processor.py:161} INFO - Started process (PID=78099) to work on /home/jithish/Documents/dag-dag-dag/.venv/lib/python3.10/site-packages/airflow/example_dags/plugins/listener_plugin.py
[2024-05-15T03:18:18.694+0800] {processor.py:830} INFO - Processing file /home/jithish/Documents/dag-dag-dag/.venv/lib/python3.10/site-packages/airflow/example_dags/plugins/listener_plugin.py for tasks to queue
[2024-05-15T03:18:18.696+0800] {logging_mixin.py:188} INFO - [2024-05-15T03:18:18.696+0800] {dagbag.py:545} INFO - Filling up the DagBag from /home/jithish/Documents/dag-dag-dag/.venv/lib/python3.10/site-packages/airflow/example_dags/plugins/listener_plugin.py
[2024-05-15T03:18:18.700+0800] {processor.py:842} WARNING - No viable dags retrieved from /home/jithish/Documents/dag-dag-dag/.venv/lib/python3.10/site-packages/airflow/example_dags/plugins/listener_plugin.py
[2024-05-15T03:18:18.715+0800] {processor.py:183} INFO - Processing /home/jithish/Documents/dag-dag-dag/.venv/lib/python3.10/site-packages/airflow/example_dags/plugins/listener_plugin.py took 0.090 seconds
[2024-05-15T03:19:09.272+0800] {processor.py:161} INFO - Started process (PID=78842) to work on /home/jithish/Documents/dag-dag-dag/.venv/lib/python3.10/site-packages/airflow/example_dags/plugins/listener_plugin.py
[2024-05-15T03:19:09.334+0800] {processor.py:830} INFO - Processing file /home/jithish/Documents/dag-dag-dag/.venv/lib/python3.10/site-packages/airflow/example_dags/plugins/listener_plugin.py for tasks to queue
[2024-05-15T03:19:09.342+0800] {logging_mixin.py:188} INFO - [2024-05-15T03:19:09.341+0800] {dagbag.py:545} INFO - Filling up the DagBag from /home/jithish/Documents/dag-dag-dag/.venv/lib/python3.10/site-packages/airflow/example_dags/plugins/listener_plugin.py
[2024-05-15T03:19:09.351+0800] {processor.py:842} WARNING - No viable dags retrieved from /home/jithish/Documents/dag-dag-dag/.venv/lib/python3.10/site-packages/airflow/example_dags/plugins/listener_plugin.py
[2024-05-15T03:19:09.372+0800] {processor.py:183} INFO - Processing /home/jithish/Documents/dag-dag-dag/.venv/lib/python3.10/site-packages/airflow/example_dags/plugins/listener_plugin.py took 0.108 seconds
[2024-05-15T03:19:59.547+0800] {processor.py:161} INFO - Started process (PID=79563) to work on /home/jithish/Documents/dag-dag-dag/.venv/lib/python3.10/site-packages/airflow/example_dags/plugins/listener_plugin.py
[2024-05-15T03:19:59.553+0800] {processor.py:830} INFO - Processing file /home/jithish/Documents/dag-dag-dag/.venv/lib/python3.10/site-packages/airflow/example_dags/plugins/listener_plugin.py for tasks to queue
[2024-05-15T03:19:59.555+0800] {logging_mixin.py:188} INFO - [2024-05-15T03:19:59.554+0800] {dagbag.py:545} INFO - Filling up the DagBag from /home/jithish/Documents/dag-dag-dag/.venv/lib/python3.10/site-packages/airflow/example_dags/plugins/listener_plugin.py
[2024-05-15T03:19:59.557+0800] {processor.py:842} WARNING - No viable dags retrieved from /home/jithish/Documents/dag-dag-dag/.venv/lib/python3.10/site-packages/airflow/example_dags/plugins/listener_plugin.py
[2024-05-15T03:19:59.568+0800] {processor.py:183} INFO - Processing /home/jithish/Documents/dag-dag-dag/.venv/lib/python3.10/site-packages/airflow/example_dags/plugins/listener_plugin.py took 0.028 seconds
[2024-05-15T03:20:52.242+0800] {processor.py:161} INFO - Started process (PID=80314) to work on /home/jithish/Documents/dag-dag-dag/.venv/lib/python3.10/site-packages/airflow/example_dags/plugins/listener_plugin.py
[2024-05-15T03:20:52.304+0800] {processor.py:830} INFO - Processing file /home/jithish/Documents/dag-dag-dag/.venv/lib/python3.10/site-packages/airflow/example_dags/plugins/listener_plugin.py for tasks to queue
[2024-05-15T03:20:52.312+0800] {logging_mixin.py:188} INFO - [2024-05-15T03:20:52.311+0800] {dagbag.py:545} INFO - Filling up the DagBag from /home/jithish/Documents/dag-dag-dag/.venv/lib/python3.10/site-packages/airflow/example_dags/plugins/listener_plugin.py
[2024-05-15T03:20:52.320+0800] {processor.py:842} WARNING - No viable dags retrieved from /home/jithish/Documents/dag-dag-dag/.venv/lib/python3.10/site-packages/airflow/example_dags/plugins/listener_plugin.py
[2024-05-15T03:20:52.342+0800] {processor.py:183} INFO - Processing /home/jithish/Documents/dag-dag-dag/.venv/lib/python3.10/site-packages/airflow/example_dags/plugins/listener_plugin.py took 0.106 seconds
[2024-05-15T03:21:45.973+0800] {processor.py:161} INFO - Started process (PID=81076) to work on /home/jithish/Documents/dag-dag-dag/.venv/lib/python3.10/site-packages/airflow/example_dags/plugins/listener_plugin.py
[2024-05-15T03:21:45.973+0800] {processor.py:830} INFO - Processing file /home/jithish/Documents/dag-dag-dag/.venv/lib/python3.10/site-packages/airflow/example_dags/plugins/listener_plugin.py for tasks to queue
[2024-05-15T03:21:45.975+0800] {logging_mixin.py:188} INFO - [2024-05-15T03:21:45.975+0800] {dagbag.py:545} INFO - Filling up the DagBag from /home/jithish/Documents/dag-dag-dag/.venv/lib/python3.10/site-packages/airflow/example_dags/plugins/listener_plugin.py
[2024-05-15T03:21:45.977+0800] {processor.py:842} WARNING - No viable dags retrieved from /home/jithish/Documents/dag-dag-dag/.venv/lib/python3.10/site-packages/airflow/example_dags/plugins/listener_plugin.py
[2024-05-15T03:21:45.986+0800] {processor.py:183} INFO - Processing /home/jithish/Documents/dag-dag-dag/.venv/lib/python3.10/site-packages/airflow/example_dags/plugins/listener_plugin.py took 0.018 seconds
[2024-05-15T03:22:38.287+0800] {processor.py:161} INFO - Started process (PID=81854) to work on /home/jithish/Documents/dag-dag-dag/.venv/lib/python3.10/site-packages/airflow/example_dags/plugins/listener_plugin.py
[2024-05-15T03:22:38.289+0800] {processor.py:830} INFO - Processing file /home/jithish/Documents/dag-dag-dag/.venv/lib/python3.10/site-packages/airflow/example_dags/plugins/listener_plugin.py for tasks to queue
[2024-05-15T03:22:38.294+0800] {logging_mixin.py:188} INFO - [2024-05-15T03:22:38.293+0800] {dagbag.py:545} INFO - Filling up the DagBag from /home/jithish/Documents/dag-dag-dag/.venv/lib/python3.10/site-packages/airflow/example_dags/plugins/listener_plugin.py
[2024-05-15T03:22:38.299+0800] {processor.py:842} WARNING - No viable dags retrieved from /home/jithish/Documents/dag-dag-dag/.venv/lib/python3.10/site-packages/airflow/example_dags/plugins/listener_plugin.py
[2024-05-15T03:22:38.311+0800] {processor.py:183} INFO - Processing /home/jithish/Documents/dag-dag-dag/.venv/lib/python3.10/site-packages/airflow/example_dags/plugins/listener_plugin.py took 0.041 seconds
[2024-05-15T03:23:31.986+0800] {processor.py:161} INFO - Started process (PID=82355) to work on /home/jithish/Documents/dag-dag-dag/.venv/lib/python3.10/site-packages/airflow/example_dags/plugins/listener_plugin.py
[2024-05-15T03:23:31.987+0800] {processor.py:830} INFO - Processing file /home/jithish/Documents/dag-dag-dag/.venv/lib/python3.10/site-packages/airflow/example_dags/plugins/listener_plugin.py for tasks to queue
[2024-05-15T03:23:31.989+0800] {logging_mixin.py:188} INFO - [2024-05-15T03:23:31.989+0800] {dagbag.py:545} INFO - Filling up the DagBag from /home/jithish/Documents/dag-dag-dag/.venv/lib/python3.10/site-packages/airflow/example_dags/plugins/listener_plugin.py
[2024-05-15T03:23:31.992+0800] {processor.py:842} WARNING - No viable dags retrieved from /home/jithish/Documents/dag-dag-dag/.venv/lib/python3.10/site-packages/airflow/example_dags/plugins/listener_plugin.py
[2024-05-15T03:23:32.003+0800] {processor.py:183} INFO - Processing /home/jithish/Documents/dag-dag-dag/.venv/lib/python3.10/site-packages/airflow/example_dags/plugins/listener_plugin.py took 0.025 seconds
[2024-05-15T03:24:26.119+0800] {processor.py:161} INFO - Started process (PID=82814) to work on /home/jithish/Documents/dag-dag-dag/.venv/lib/python3.10/site-packages/airflow/example_dags/plugins/listener_plugin.py
[2024-05-15T03:24:26.183+0800] {processor.py:830} INFO - Processing file /home/jithish/Documents/dag-dag-dag/.venv/lib/python3.10/site-packages/airflow/example_dags/plugins/listener_plugin.py for tasks to queue
[2024-05-15T03:24:26.190+0800] {logging_mixin.py:188} INFO - [2024-05-15T03:24:26.188+0800] {dagbag.py:545} INFO - Filling up the DagBag from /home/jithish/Documents/dag-dag-dag/.venv/lib/python3.10/site-packages/airflow/example_dags/plugins/listener_plugin.py
[2024-05-15T03:24:26.198+0800] {processor.py:842} WARNING - No viable dags retrieved from /home/jithish/Documents/dag-dag-dag/.venv/lib/python3.10/site-packages/airflow/example_dags/plugins/listener_plugin.py
[2024-05-15T03:24:26.221+0800] {processor.py:183} INFO - Processing /home/jithish/Documents/dag-dag-dag/.venv/lib/python3.10/site-packages/airflow/example_dags/plugins/listener_plugin.py took 0.107 seconds
[2024-05-15T03:25:21.161+0800] {processor.py:161} INFO - Started process (PID=83287) to work on /home/jithish/Documents/dag-dag-dag/.venv/lib/python3.10/site-packages/airflow/example_dags/plugins/listener_plugin.py
[2024-05-15T03:25:21.223+0800] {processor.py:830} INFO - Processing file /home/jithish/Documents/dag-dag-dag/.venv/lib/python3.10/site-packages/airflow/example_dags/plugins/listener_plugin.py for tasks to queue
[2024-05-15T03:25:21.229+0800] {logging_mixin.py:188} INFO - [2024-05-15T03:25:21.228+0800] {dagbag.py:545} INFO - Filling up the DagBag from /home/jithish/Documents/dag-dag-dag/.venv/lib/python3.10/site-packages/airflow/example_dags/plugins/listener_plugin.py
[2024-05-15T03:25:21.238+0800] {processor.py:842} WARNING - No viable dags retrieved from /home/jithish/Documents/dag-dag-dag/.venv/lib/python3.10/site-packages/airflow/example_dags/plugins/listener_plugin.py
[2024-05-15T03:25:21.253+0800] {processor.py:183} INFO - Processing /home/jithish/Documents/dag-dag-dag/.venv/lib/python3.10/site-packages/airflow/example_dags/plugins/listener_plugin.py took 0.102 seconds
[2024-05-15T03:26:13.098+0800] {processor.py:161} INFO - Started process (PID=83721) to work on /home/jithish/Documents/dag-dag-dag/.venv/lib/python3.10/site-packages/airflow/example_dags/plugins/listener_plugin.py
[2024-05-15T03:26:13.164+0800] {processor.py:830} INFO - Processing file /home/jithish/Documents/dag-dag-dag/.venv/lib/python3.10/site-packages/airflow/example_dags/plugins/listener_plugin.py for tasks to queue
[2024-05-15T03:26:13.165+0800] {logging_mixin.py:188} INFO - [2024-05-15T03:26:13.165+0800] {dagbag.py:545} INFO - Filling up the DagBag from /home/jithish/Documents/dag-dag-dag/.venv/lib/python3.10/site-packages/airflow/example_dags/plugins/listener_plugin.py
[2024-05-15T03:26:13.167+0800] {processor.py:842} WARNING - No viable dags retrieved from /home/jithish/Documents/dag-dag-dag/.venv/lib/python3.10/site-packages/airflow/example_dags/plugins/listener_plugin.py
[2024-05-15T03:26:13.174+0800] {processor.py:183} INFO - Processing /home/jithish/Documents/dag-dag-dag/.venv/lib/python3.10/site-packages/airflow/example_dags/plugins/listener_plugin.py took 0.095 seconds
[2024-05-15T03:27:09.301+0800] {processor.py:161} INFO - Started process (PID=84463) to work on /home/jithish/Documents/dag-dag-dag/.venv/lib/python3.10/site-packages/airflow/example_dags/plugins/listener_plugin.py
[2024-05-15T03:27:09.362+0800] {processor.py:830} INFO - Processing file /home/jithish/Documents/dag-dag-dag/.venv/lib/python3.10/site-packages/airflow/example_dags/plugins/listener_plugin.py for tasks to queue
[2024-05-15T03:27:09.368+0800] {logging_mixin.py:188} INFO - [2024-05-15T03:27:09.367+0800] {dagbag.py:545} INFO - Filling up the DagBag from /home/jithish/Documents/dag-dag-dag/.venv/lib/python3.10/site-packages/airflow/example_dags/plugins/listener_plugin.py
[2024-05-15T03:27:09.376+0800] {processor.py:842} WARNING - No viable dags retrieved from /home/jithish/Documents/dag-dag-dag/.venv/lib/python3.10/site-packages/airflow/example_dags/plugins/listener_plugin.py
[2024-05-15T03:27:09.397+0800] {processor.py:183} INFO - Processing /home/jithish/Documents/dag-dag-dag/.venv/lib/python3.10/site-packages/airflow/example_dags/plugins/listener_plugin.py took 0.101 seconds
[2024-05-15T03:28:00.130+0800] {processor.py:161} INFO - Started process (PID=84912) to work on /home/jithish/Documents/dag-dag-dag/.venv/lib/python3.10/site-packages/airflow/example_dags/plugins/listener_plugin.py
[2024-05-15T03:28:00.190+0800] {processor.py:830} INFO - Processing file /home/jithish/Documents/dag-dag-dag/.venv/lib/python3.10/site-packages/airflow/example_dags/plugins/listener_plugin.py for tasks to queue
[2024-05-15T03:28:00.194+0800] {logging_mixin.py:188} INFO - [2024-05-15T03:28:00.193+0800] {dagbag.py:545} INFO - Filling up the DagBag from /home/jithish/Documents/dag-dag-dag/.venv/lib/python3.10/site-packages/airflow/example_dags/plugins/listener_plugin.py
[2024-05-15T03:28:00.198+0800] {processor.py:842} WARNING - No viable dags retrieved from /home/jithish/Documents/dag-dag-dag/.venv/lib/python3.10/site-packages/airflow/example_dags/plugins/listener_plugin.py
[2024-05-15T03:28:00.215+0800] {processor.py:183} INFO - Processing /home/jithish/Documents/dag-dag-dag/.venv/lib/python3.10/site-packages/airflow/example_dags/plugins/listener_plugin.py took 0.090 seconds
[2024-05-15T03:28:50.320+0800] {processor.py:161} INFO - Started process (PID=85327) to work on /home/jithish/Documents/dag-dag-dag/.venv/lib/python3.10/site-packages/airflow/example_dags/plugins/listener_plugin.py
[2024-05-15T03:28:50.354+0800] {processor.py:830} INFO - Processing file /home/jithish/Documents/dag-dag-dag/.venv/lib/python3.10/site-packages/airflow/example_dags/plugins/listener_plugin.py for tasks to queue
[2024-05-15T03:28:50.362+0800] {logging_mixin.py:188} INFO - [2024-05-15T03:28:50.361+0800] {dagbag.py:545} INFO - Filling up the DagBag from /home/jithish/Documents/dag-dag-dag/.venv/lib/python3.10/site-packages/airflow/example_dags/plugins/listener_plugin.py
[2024-05-15T03:28:50.370+0800] {processor.py:842} WARNING - No viable dags retrieved from /home/jithish/Documents/dag-dag-dag/.venv/lib/python3.10/site-packages/airflow/example_dags/plugins/listener_plugin.py
[2024-05-15T03:28:50.391+0800] {processor.py:183} INFO - Processing /home/jithish/Documents/dag-dag-dag/.venv/lib/python3.10/site-packages/airflow/example_dags/plugins/listener_plugin.py took 0.084 seconds
[2024-05-15T03:29:38.066+0800] {processor.py:161} INFO - Started process (PID=85803) to work on /home/jithish/Documents/dag-dag-dag/.venv/lib/python3.10/site-packages/airflow/example_dags/plugins/listener_plugin.py
[2024-05-15T03:29:38.069+0800] {processor.py:830} INFO - Processing file /home/jithish/Documents/dag-dag-dag/.venv/lib/python3.10/site-packages/airflow/example_dags/plugins/listener_plugin.py for tasks to queue
[2024-05-15T03:29:38.072+0800] {logging_mixin.py:188} INFO - [2024-05-15T03:29:38.071+0800] {dagbag.py:545} INFO - Filling up the DagBag from /home/jithish/Documents/dag-dag-dag/.venv/lib/python3.10/site-packages/airflow/example_dags/plugins/listener_plugin.py
[2024-05-15T03:29:38.076+0800] {processor.py:842} WARNING - No viable dags retrieved from /home/jithish/Documents/dag-dag-dag/.venv/lib/python3.10/site-packages/airflow/example_dags/plugins/listener_plugin.py
[2024-05-15T03:29:38.089+0800] {processor.py:183} INFO - Processing /home/jithish/Documents/dag-dag-dag/.venv/lib/python3.10/site-packages/airflow/example_dags/plugins/listener_plugin.py took 0.032 seconds
[2024-05-15T03:30:29.126+0800] {processor.py:161} INFO - Started process (PID=86229) to work on /home/jithish/Documents/dag-dag-dag/.venv/lib/python3.10/site-packages/airflow/example_dags/plugins/listener_plugin.py
[2024-05-15T03:30:29.188+0800] {processor.py:830} INFO - Processing file /home/jithish/Documents/dag-dag-dag/.venv/lib/python3.10/site-packages/airflow/example_dags/plugins/listener_plugin.py for tasks to queue
[2024-05-15T03:30:29.195+0800] {logging_mixin.py:188} INFO - [2024-05-15T03:30:29.194+0800] {dagbag.py:545} INFO - Filling up the DagBag from /home/jithish/Documents/dag-dag-dag/.venv/lib/python3.10/site-packages/airflow/example_dags/plugins/listener_plugin.py
[2024-05-15T03:30:29.203+0800] {processor.py:842} WARNING - No viable dags retrieved from /home/jithish/Documents/dag-dag-dag/.venv/lib/python3.10/site-packages/airflow/example_dags/plugins/listener_plugin.py
[2024-05-15T03:30:29.225+0800] {processor.py:183} INFO - Processing /home/jithish/Documents/dag-dag-dag/.venv/lib/python3.10/site-packages/airflow/example_dags/plugins/listener_plugin.py took 0.104 seconds
[2024-05-15T03:31:20.628+0800] {processor.py:161} INFO - Started process (PID=86652) to work on /home/jithish/Documents/dag-dag-dag/.venv/lib/python3.10/site-packages/airflow/example_dags/plugins/listener_plugin.py
[2024-05-15T03:31:20.690+0800] {processor.py:830} INFO - Processing file /home/jithish/Documents/dag-dag-dag/.venv/lib/python3.10/site-packages/airflow/example_dags/plugins/listener_plugin.py for tasks to queue
[2024-05-15T03:31:20.697+0800] {logging_mixin.py:188} INFO - [2024-05-15T03:31:20.696+0800] {dagbag.py:545} INFO - Filling up the DagBag from /home/jithish/Documents/dag-dag-dag/.venv/lib/python3.10/site-packages/airflow/example_dags/plugins/listener_plugin.py
[2024-05-15T03:31:20.706+0800] {processor.py:842} WARNING - No viable dags retrieved from /home/jithish/Documents/dag-dag-dag/.venv/lib/python3.10/site-packages/airflow/example_dags/plugins/listener_plugin.py
[2024-05-15T03:31:20.728+0800] {processor.py:183} INFO - Processing /home/jithish/Documents/dag-dag-dag/.venv/lib/python3.10/site-packages/airflow/example_dags/plugins/listener_plugin.py took 0.117 seconds
[2024-05-15T03:32:12.169+0800] {processor.py:161} INFO - Started process (PID=87081) to work on /home/jithish/Documents/dag-dag-dag/.venv/lib/python3.10/site-packages/airflow/example_dags/plugins/listener_plugin.py
[2024-05-15T03:32:12.173+0800] {processor.py:830} INFO - Processing file /home/jithish/Documents/dag-dag-dag/.venv/lib/python3.10/site-packages/airflow/example_dags/plugins/listener_plugin.py for tasks to queue
[2024-05-15T03:32:12.179+0800] {logging_mixin.py:188} INFO - [2024-05-15T03:32:12.178+0800] {dagbag.py:545} INFO - Filling up the DagBag from /home/jithish/Documents/dag-dag-dag/.venv/lib/python3.10/site-packages/airflow/example_dags/plugins/listener_plugin.py
[2024-05-15T03:32:12.184+0800] {processor.py:842} WARNING - No viable dags retrieved from /home/jithish/Documents/dag-dag-dag/.venv/lib/python3.10/site-packages/airflow/example_dags/plugins/listener_plugin.py
[2024-05-15T03:32:12.197+0800] {processor.py:183} INFO - Processing /home/jithish/Documents/dag-dag-dag/.venv/lib/python3.10/site-packages/airflow/example_dags/plugins/listener_plugin.py took 0.046 seconds
[2024-05-15T03:33:01.621+0800] {processor.py:161} INFO - Started process (PID=87521) to work on /home/jithish/Documents/dag-dag-dag/.venv/lib/python3.10/site-packages/airflow/example_dags/plugins/listener_plugin.py
[2024-05-15T03:33:01.682+0800] {processor.py:830} INFO - Processing file /home/jithish/Documents/dag-dag-dag/.venv/lib/python3.10/site-packages/airflow/example_dags/plugins/listener_plugin.py for tasks to queue
[2024-05-15T03:33:01.684+0800] {logging_mixin.py:188} INFO - [2024-05-15T03:33:01.684+0800] {dagbag.py:545} INFO - Filling up the DagBag from /home/jithish/Documents/dag-dag-dag/.venv/lib/python3.10/site-packages/airflow/example_dags/plugins/listener_plugin.py
[2024-05-15T03:33:01.686+0800] {processor.py:842} WARNING - No viable dags retrieved from /home/jithish/Documents/dag-dag-dag/.venv/lib/python3.10/site-packages/airflow/example_dags/plugins/listener_plugin.py
[2024-05-15T03:33:01.693+0800] {processor.py:183} INFO - Processing /home/jithish/Documents/dag-dag-dag/.venv/lib/python3.10/site-packages/airflow/example_dags/plugins/listener_plugin.py took 0.078 seconds
[2024-05-15T03:33:48.399+0800] {processor.py:161} INFO - Started process (PID=87944) to work on /home/jithish/Documents/dag-dag-dag/.venv/lib/python3.10/site-packages/airflow/example_dags/plugins/listener_plugin.py
[2024-05-15T03:33:48.460+0800] {processor.py:830} INFO - Processing file /home/jithish/Documents/dag-dag-dag/.venv/lib/python3.10/site-packages/airflow/example_dags/plugins/listener_plugin.py for tasks to queue
[2024-05-15T03:33:48.462+0800] {logging_mixin.py:188} INFO - [2024-05-15T03:33:48.462+0800] {dagbag.py:545} INFO - Filling up the DagBag from /home/jithish/Documents/dag-dag-dag/.venv/lib/python3.10/site-packages/airflow/example_dags/plugins/listener_plugin.py
[2024-05-15T03:33:48.464+0800] {processor.py:842} WARNING - No viable dags retrieved from /home/jithish/Documents/dag-dag-dag/.venv/lib/python3.10/site-packages/airflow/example_dags/plugins/listener_plugin.py
[2024-05-15T03:33:48.471+0800] {processor.py:183} INFO - Processing /home/jithish/Documents/dag-dag-dag/.venv/lib/python3.10/site-packages/airflow/example_dags/plugins/listener_plugin.py took 0.076 seconds
[2024-05-15T03:34:33.732+0800] {processor.py:161} INFO - Started process (PID=88421) to work on /home/jithish/Documents/dag-dag-dag/.venv/lib/python3.10/site-packages/airflow/example_dags/plugins/listener_plugin.py
[2024-05-15T03:34:33.796+0800] {processor.py:830} INFO - Processing file /home/jithish/Documents/dag-dag-dag/.venv/lib/python3.10/site-packages/airflow/example_dags/plugins/listener_plugin.py for tasks to queue
[2024-05-15T03:34:33.798+0800] {logging_mixin.py:188} INFO - [2024-05-15T03:34:33.798+0800] {dagbag.py:545} INFO - Filling up the DagBag from /home/jithish/Documents/dag-dag-dag/.venv/lib/python3.10/site-packages/airflow/example_dags/plugins/listener_plugin.py
[2024-05-15T03:34:33.802+0800] {processor.py:842} WARNING - No viable dags retrieved from /home/jithish/Documents/dag-dag-dag/.venv/lib/python3.10/site-packages/airflow/example_dags/plugins/listener_plugin.py
[2024-05-15T03:34:33.818+0800] {processor.py:183} INFO - Processing /home/jithish/Documents/dag-dag-dag/.venv/lib/python3.10/site-packages/airflow/example_dags/plugins/listener_plugin.py took 0.092 seconds
[2024-05-15T03:35:21.649+0800] {processor.py:161} INFO - Started process (PID=88783) to work on /home/jithish/Documents/dag-dag-dag/.venv/lib/python3.10/site-packages/airflow/example_dags/plugins/listener_plugin.py
[2024-05-15T03:35:21.711+0800] {processor.py:830} INFO - Processing file /home/jithish/Documents/dag-dag-dag/.venv/lib/python3.10/site-packages/airflow/example_dags/plugins/listener_plugin.py for tasks to queue
[2024-05-15T03:35:21.714+0800] {logging_mixin.py:188} INFO - [2024-05-15T03:35:21.714+0800] {dagbag.py:545} INFO - Filling up the DagBag from /home/jithish/Documents/dag-dag-dag/.venv/lib/python3.10/site-packages/airflow/example_dags/plugins/listener_plugin.py
[2024-05-15T03:35:21.718+0800] {processor.py:842} WARNING - No viable dags retrieved from /home/jithish/Documents/dag-dag-dag/.venv/lib/python3.10/site-packages/airflow/example_dags/plugins/listener_plugin.py
[2024-05-15T03:35:21.726+0800] {processor.py:183} INFO - Processing /home/jithish/Documents/dag-dag-dag/.venv/lib/python3.10/site-packages/airflow/example_dags/plugins/listener_plugin.py took 0.087 seconds
[2024-05-15T03:36:11.336+0800] {processor.py:161} INFO - Started process (PID=89222) to work on /home/jithish/Documents/dag-dag-dag/.venv/lib/python3.10/site-packages/airflow/example_dags/plugins/listener_plugin.py
[2024-05-15T03:36:11.397+0800] {processor.py:830} INFO - Processing file /home/jithish/Documents/dag-dag-dag/.venv/lib/python3.10/site-packages/airflow/example_dags/plugins/listener_plugin.py for tasks to queue
[2024-05-15T03:36:11.400+0800] {logging_mixin.py:188} INFO - [2024-05-15T03:36:11.399+0800] {dagbag.py:545} INFO - Filling up the DagBag from /home/jithish/Documents/dag-dag-dag/.venv/lib/python3.10/site-packages/airflow/example_dags/plugins/listener_plugin.py
[2024-05-15T03:36:11.402+0800] {processor.py:842} WARNING - No viable dags retrieved from /home/jithish/Documents/dag-dag-dag/.venv/lib/python3.10/site-packages/airflow/example_dags/plugins/listener_plugin.py
[2024-05-15T03:36:11.411+0800] {processor.py:183} INFO - Processing /home/jithish/Documents/dag-dag-dag/.venv/lib/python3.10/site-packages/airflow/example_dags/plugins/listener_plugin.py took 0.079 seconds
[2024-05-15T03:36:59.422+0800] {processor.py:161} INFO - Started process (PID=89730) to work on /home/jithish/Documents/dag-dag-dag/.venv/lib/python3.10/site-packages/airflow/example_dags/plugins/listener_plugin.py
[2024-05-15T03:36:59.425+0800] {processor.py:830} INFO - Processing file /home/jithish/Documents/dag-dag-dag/.venv/lib/python3.10/site-packages/airflow/example_dags/plugins/listener_plugin.py for tasks to queue
[2024-05-15T03:36:59.427+0800] {logging_mixin.py:188} INFO - [2024-05-15T03:36:59.426+0800] {dagbag.py:545} INFO - Filling up the DagBag from /home/jithish/Documents/dag-dag-dag/.venv/lib/python3.10/site-packages/airflow/example_dags/plugins/listener_plugin.py
[2024-05-15T03:36:59.429+0800] {processor.py:842} WARNING - No viable dags retrieved from /home/jithish/Documents/dag-dag-dag/.venv/lib/python3.10/site-packages/airflow/example_dags/plugins/listener_plugin.py
[2024-05-15T03:36:59.437+0800] {processor.py:183} INFO - Processing /home/jithish/Documents/dag-dag-dag/.venv/lib/python3.10/site-packages/airflow/example_dags/plugins/listener_plugin.py took 0.020 seconds
[2024-05-15T03:37:50.464+0800] {processor.py:161} INFO - Started process (PID=90189) to work on /home/jithish/Documents/dag-dag-dag/.venv/lib/python3.10/site-packages/airflow/example_dags/plugins/listener_plugin.py
[2024-05-15T03:37:50.465+0800] {processor.py:830} INFO - Processing file /home/jithish/Documents/dag-dag-dag/.venv/lib/python3.10/site-packages/airflow/example_dags/plugins/listener_plugin.py for tasks to queue
[2024-05-15T03:37:50.468+0800] {logging_mixin.py:188} INFO - [2024-05-15T03:37:50.468+0800] {dagbag.py:545} INFO - Filling up the DagBag from /home/jithish/Documents/dag-dag-dag/.venv/lib/python3.10/site-packages/airflow/example_dags/plugins/listener_plugin.py
[2024-05-15T03:37:50.472+0800] {processor.py:842} WARNING - No viable dags retrieved from /home/jithish/Documents/dag-dag-dag/.venv/lib/python3.10/site-packages/airflow/example_dags/plugins/listener_plugin.py
[2024-05-15T03:37:50.484+0800] {processor.py:183} INFO - Processing /home/jithish/Documents/dag-dag-dag/.venv/lib/python3.10/site-packages/airflow/example_dags/plugins/listener_plugin.py took 0.027 seconds
[2024-05-15T03:38:40.667+0800] {processor.py:161} INFO - Started process (PID=90762) to work on /home/jithish/Documents/dag-dag-dag/.venv/lib/python3.10/site-packages/airflow/example_dags/plugins/listener_plugin.py
[2024-05-15T03:38:40.729+0800] {processor.py:830} INFO - Processing file /home/jithish/Documents/dag-dag-dag/.venv/lib/python3.10/site-packages/airflow/example_dags/plugins/listener_plugin.py for tasks to queue
[2024-05-15T03:38:40.731+0800] {logging_mixin.py:188} INFO - [2024-05-15T03:38:40.731+0800] {dagbag.py:545} INFO - Filling up the DagBag from /home/jithish/Documents/dag-dag-dag/.venv/lib/python3.10/site-packages/airflow/example_dags/plugins/listener_plugin.py
[2024-05-15T03:38:40.733+0800] {processor.py:842} WARNING - No viable dags retrieved from /home/jithish/Documents/dag-dag-dag/.venv/lib/python3.10/site-packages/airflow/example_dags/plugins/listener_plugin.py
[2024-05-15T03:38:40.740+0800] {processor.py:183} INFO - Processing /home/jithish/Documents/dag-dag-dag/.venv/lib/python3.10/site-packages/airflow/example_dags/plugins/listener_plugin.py took 0.090 seconds
[2024-05-15T03:39:43.924+0800] {processor.py:161} INFO - Started process (PID=91740) to work on /home/jithish/Documents/dag-dag-dag/.venv/lib/python3.10/site-packages/airflow/example_dags/plugins/listener_plugin.py
[2024-05-15T03:39:43.987+0800] {processor.py:830} INFO - Processing file /home/jithish/Documents/dag-dag-dag/.venv/lib/python3.10/site-packages/airflow/example_dags/plugins/listener_plugin.py for tasks to queue
[2024-05-15T03:39:43.991+0800] {logging_mixin.py:188} INFO - [2024-05-15T03:39:43.990+0800] {dagbag.py:545} INFO - Filling up the DagBag from /home/jithish/Documents/dag-dag-dag/.venv/lib/python3.10/site-packages/airflow/example_dags/plugins/listener_plugin.py
[2024-05-15T03:39:44.001+0800] {processor.py:842} WARNING - No viable dags retrieved from /home/jithish/Documents/dag-dag-dag/.venv/lib/python3.10/site-packages/airflow/example_dags/plugins/listener_plugin.py
[2024-05-15T03:39:44.024+0800] {processor.py:183} INFO - Processing /home/jithish/Documents/dag-dag-dag/.venv/lib/python3.10/site-packages/airflow/example_dags/plugins/listener_plugin.py took 0.114 seconds
[2024-05-15T03:40:41.978+0800] {processor.py:161} INFO - Started process (PID=93300) to work on /home/jithish/Documents/dag-dag-dag/.venv/lib/python3.10/site-packages/airflow/example_dags/plugins/listener_plugin.py
[2024-05-15T03:40:41.979+0800] {processor.py:830} INFO - Processing file /home/jithish/Documents/dag-dag-dag/.venv/lib/python3.10/site-packages/airflow/example_dags/plugins/listener_plugin.py for tasks to queue
[2024-05-15T03:40:41.980+0800] {logging_mixin.py:188} INFO - [2024-05-15T03:40:41.980+0800] {dagbag.py:545} INFO - Filling up the DagBag from /home/jithish/Documents/dag-dag-dag/.venv/lib/python3.10/site-packages/airflow/example_dags/plugins/listener_plugin.py
[2024-05-15T03:40:41.982+0800] {processor.py:842} WARNING - No viable dags retrieved from /home/jithish/Documents/dag-dag-dag/.venv/lib/python3.10/site-packages/airflow/example_dags/plugins/listener_plugin.py
[2024-05-15T03:40:41.990+0800] {processor.py:183} INFO - Processing /home/jithish/Documents/dag-dag-dag/.venv/lib/python3.10/site-packages/airflow/example_dags/plugins/listener_plugin.py took 0.018 seconds
[2024-05-15T03:41:39.307+0800] {processor.py:161} INFO - Started process (PID=94119) to work on /home/jithish/Documents/dag-dag-dag/.venv/lib/python3.10/site-packages/airflow/example_dags/plugins/listener_plugin.py
[2024-05-15T03:41:39.370+0800] {processor.py:830} INFO - Processing file /home/jithish/Documents/dag-dag-dag/.venv/lib/python3.10/site-packages/airflow/example_dags/plugins/listener_plugin.py for tasks to queue
[2024-05-15T03:41:39.374+0800] {logging_mixin.py:188} INFO - [2024-05-15T03:41:39.373+0800] {dagbag.py:545} INFO - Filling up the DagBag from /home/jithish/Documents/dag-dag-dag/.venv/lib/python3.10/site-packages/airflow/example_dags/plugins/listener_plugin.py
[2024-05-15T03:41:39.378+0800] {processor.py:842} WARNING - No viable dags retrieved from /home/jithish/Documents/dag-dag-dag/.venv/lib/python3.10/site-packages/airflow/example_dags/plugins/listener_plugin.py
[2024-05-15T03:41:39.392+0800] {processor.py:183} INFO - Processing /home/jithish/Documents/dag-dag-dag/.venv/lib/python3.10/site-packages/airflow/example_dags/plugins/listener_plugin.py took 0.090 seconds
[2024-05-15T03:42:31.883+0800] {processor.py:161} INFO - Started process (PID=94850) to work on /home/jithish/Documents/dag-dag-dag/.venv/lib/python3.10/site-packages/airflow/example_dags/plugins/listener_plugin.py
[2024-05-15T03:42:31.944+0800] {processor.py:830} INFO - Processing file /home/jithish/Documents/dag-dag-dag/.venv/lib/python3.10/site-packages/airflow/example_dags/plugins/listener_plugin.py for tasks to queue
[2024-05-15T03:42:31.952+0800] {logging_mixin.py:188} INFO - [2024-05-15T03:42:31.951+0800] {dagbag.py:545} INFO - Filling up the DagBag from /home/jithish/Documents/dag-dag-dag/.venv/lib/python3.10/site-packages/airflow/example_dags/plugins/listener_plugin.py
[2024-05-15T03:42:31.960+0800] {processor.py:842} WARNING - No viable dags retrieved from /home/jithish/Documents/dag-dag-dag/.venv/lib/python3.10/site-packages/airflow/example_dags/plugins/listener_plugin.py
[2024-05-15T03:42:31.984+0800] {processor.py:183} INFO - Processing /home/jithish/Documents/dag-dag-dag/.venv/lib/python3.10/site-packages/airflow/example_dags/plugins/listener_plugin.py took 0.107 seconds
[2024-05-15T03:43:23.950+0800] {processor.py:161} INFO - Started process (PID=95604) to work on /home/jithish/Documents/dag-dag-dag/.venv/lib/python3.10/site-packages/airflow/example_dags/plugins/listener_plugin.py
[2024-05-15T03:43:23.951+0800] {processor.py:830} INFO - Processing file /home/jithish/Documents/dag-dag-dag/.venv/lib/python3.10/site-packages/airflow/example_dags/plugins/listener_plugin.py for tasks to queue
[2024-05-15T03:43:23.953+0800] {logging_mixin.py:188} INFO - [2024-05-15T03:43:23.952+0800] {dagbag.py:545} INFO - Filling up the DagBag from /home/jithish/Documents/dag-dag-dag/.venv/lib/python3.10/site-packages/airflow/example_dags/plugins/listener_plugin.py
[2024-05-15T03:43:23.955+0800] {processor.py:842} WARNING - No viable dags retrieved from /home/jithish/Documents/dag-dag-dag/.venv/lib/python3.10/site-packages/airflow/example_dags/plugins/listener_plugin.py
[2024-05-15T03:43:23.964+0800] {processor.py:183} INFO - Processing /home/jithish/Documents/dag-dag-dag/.venv/lib/python3.10/site-packages/airflow/example_dags/plugins/listener_plugin.py took 0.019 seconds
[2024-05-15T03:44:21.608+0800] {processor.py:161} INFO - Started process (PID=96480) to work on /home/jithish/Documents/dag-dag-dag/.venv/lib/python3.10/site-packages/airflow/example_dags/plugins/listener_plugin.py
[2024-05-15T03:44:21.670+0800] {processor.py:830} INFO - Processing file /home/jithish/Documents/dag-dag-dag/.venv/lib/python3.10/site-packages/airflow/example_dags/plugins/listener_plugin.py for tasks to queue
[2024-05-15T03:44:21.675+0800] {logging_mixin.py:188} INFO - [2024-05-15T03:44:21.674+0800] {dagbag.py:545} INFO - Filling up the DagBag from /home/jithish/Documents/dag-dag-dag/.venv/lib/python3.10/site-packages/airflow/example_dags/plugins/listener_plugin.py
[2024-05-15T03:44:21.683+0800] {processor.py:842} WARNING - No viable dags retrieved from /home/jithish/Documents/dag-dag-dag/.venv/lib/python3.10/site-packages/airflow/example_dags/plugins/listener_plugin.py
[2024-05-15T03:44:21.707+0800] {processor.py:183} INFO - Processing /home/jithish/Documents/dag-dag-dag/.venv/lib/python3.10/site-packages/airflow/example_dags/plugins/listener_plugin.py took 0.109 seconds
[2024-05-15T03:45:18.956+0800] {processor.py:161} INFO - Started process (PID=97047) to work on /home/jithish/Documents/dag-dag-dag/.venv/lib/python3.10/site-packages/airflow/example_dags/plugins/listener_plugin.py
[2024-05-15T03:45:18.957+0800] {processor.py:830} INFO - Processing file /home/jithish/Documents/dag-dag-dag/.venv/lib/python3.10/site-packages/airflow/example_dags/plugins/listener_plugin.py for tasks to queue
[2024-05-15T03:45:18.958+0800] {logging_mixin.py:188} INFO - [2024-05-15T03:45:18.957+0800] {dagbag.py:545} INFO - Filling up the DagBag from /home/jithish/Documents/dag-dag-dag/.venv/lib/python3.10/site-packages/airflow/example_dags/plugins/listener_plugin.py
[2024-05-15T03:45:18.960+0800] {processor.py:842} WARNING - No viable dags retrieved from /home/jithish/Documents/dag-dag-dag/.venv/lib/python3.10/site-packages/airflow/example_dags/plugins/listener_plugin.py
[2024-05-15T03:45:18.967+0800] {processor.py:183} INFO - Processing /home/jithish/Documents/dag-dag-dag/.venv/lib/python3.10/site-packages/airflow/example_dags/plugins/listener_plugin.py took 0.016 seconds
[2024-05-15T03:46:19.303+0800] {processor.py:161} INFO - Started process (PID=97995) to work on /home/jithish/Documents/dag-dag-dag/.venv/lib/python3.10/site-packages/airflow/example_dags/plugins/listener_plugin.py
[2024-05-15T03:46:19.365+0800] {processor.py:830} INFO - Processing file /home/jithish/Documents/dag-dag-dag/.venv/lib/python3.10/site-packages/airflow/example_dags/plugins/listener_plugin.py for tasks to queue
[2024-05-15T03:46:19.370+0800] {logging_mixin.py:188} INFO - [2024-05-15T03:46:19.368+0800] {dagbag.py:545} INFO - Filling up the DagBag from /home/jithish/Documents/dag-dag-dag/.venv/lib/python3.10/site-packages/airflow/example_dags/plugins/listener_plugin.py
[2024-05-15T03:46:19.378+0800] {processor.py:842} WARNING - No viable dags retrieved from /home/jithish/Documents/dag-dag-dag/.venv/lib/python3.10/site-packages/airflow/example_dags/plugins/listener_plugin.py
[2024-05-15T03:46:19.405+0800] {processor.py:183} INFO - Processing /home/jithish/Documents/dag-dag-dag/.venv/lib/python3.10/site-packages/airflow/example_dags/plugins/listener_plugin.py took 0.108 seconds
[2024-05-15T03:47:21.570+0800] {processor.py:161} INFO - Started process (PID=98911) to work on /home/jithish/Documents/dag-dag-dag/.venv/lib/python3.10/site-packages/airflow/example_dags/plugins/listener_plugin.py
[2024-05-15T03:47:21.631+0800] {processor.py:830} INFO - Processing file /home/jithish/Documents/dag-dag-dag/.venv/lib/python3.10/site-packages/airflow/example_dags/plugins/listener_plugin.py for tasks to queue
[2024-05-15T03:47:21.633+0800] {logging_mixin.py:188} INFO - [2024-05-15T03:47:21.632+0800] {dagbag.py:545} INFO - Filling up the DagBag from /home/jithish/Documents/dag-dag-dag/.venv/lib/python3.10/site-packages/airflow/example_dags/plugins/listener_plugin.py
[2024-05-15T03:47:21.635+0800] {processor.py:842} WARNING - No viable dags retrieved from /home/jithish/Documents/dag-dag-dag/.venv/lib/python3.10/site-packages/airflow/example_dags/plugins/listener_plugin.py
[2024-05-15T03:47:21.642+0800] {processor.py:183} INFO - Processing /home/jithish/Documents/dag-dag-dag/.venv/lib/python3.10/site-packages/airflow/example_dags/plugins/listener_plugin.py took 0.088 seconds
[2024-05-15T03:48:11.882+0800] {processor.py:161} INFO - Started process (PID=99579) to work on /home/jithish/Documents/dag-dag-dag/.venv/lib/python3.10/site-packages/airflow/example_dags/plugins/listener_plugin.py
[2024-05-15T03:48:11.943+0800] {processor.py:830} INFO - Processing file /home/jithish/Documents/dag-dag-dag/.venv/lib/python3.10/site-packages/airflow/example_dags/plugins/listener_plugin.py for tasks to queue
[2024-05-15T03:48:11.945+0800] {logging_mixin.py:188} INFO - [2024-05-15T03:48:11.945+0800] {dagbag.py:545} INFO - Filling up the DagBag from /home/jithish/Documents/dag-dag-dag/.venv/lib/python3.10/site-packages/airflow/example_dags/plugins/listener_plugin.py
[2024-05-15T03:48:11.947+0800] {processor.py:842} WARNING - No viable dags retrieved from /home/jithish/Documents/dag-dag-dag/.venv/lib/python3.10/site-packages/airflow/example_dags/plugins/listener_plugin.py
[2024-05-15T03:48:11.955+0800] {processor.py:183} INFO - Processing /home/jithish/Documents/dag-dag-dag/.venv/lib/python3.10/site-packages/airflow/example_dags/plugins/listener_plugin.py took 0.081 seconds
[2024-05-15T03:49:04.348+0800] {processor.py:161} INFO - Started process (PID=100381) to work on /home/jithish/Documents/dag-dag-dag/.venv/lib/python3.10/site-packages/airflow/example_dags/plugins/listener_plugin.py
[2024-05-15T03:49:04.409+0800] {processor.py:830} INFO - Processing file /home/jithish/Documents/dag-dag-dag/.venv/lib/python3.10/site-packages/airflow/example_dags/plugins/listener_plugin.py for tasks to queue
[2024-05-15T03:49:04.414+0800] {logging_mixin.py:188} INFO - [2024-05-15T03:49:04.413+0800] {dagbag.py:545} INFO - Filling up the DagBag from /home/jithish/Documents/dag-dag-dag/.venv/lib/python3.10/site-packages/airflow/example_dags/plugins/listener_plugin.py
[2024-05-15T03:49:04.425+0800] {processor.py:842} WARNING - No viable dags retrieved from /home/jithish/Documents/dag-dag-dag/.venv/lib/python3.10/site-packages/airflow/example_dags/plugins/listener_plugin.py
[2024-05-15T03:49:04.447+0800] {processor.py:183} INFO - Processing /home/jithish/Documents/dag-dag-dag/.venv/lib/python3.10/site-packages/airflow/example_dags/plugins/listener_plugin.py took 0.103 seconds
[2024-05-15T03:50:02.087+0800] {processor.py:161} INFO - Started process (PID=101175) to work on /home/jithish/Documents/dag-dag-dag/.venv/lib/python3.10/site-packages/airflow/example_dags/plugins/listener_plugin.py
[2024-05-15T03:50:02.149+0800] {processor.py:830} INFO - Processing file /home/jithish/Documents/dag-dag-dag/.venv/lib/python3.10/site-packages/airflow/example_dags/plugins/listener_plugin.py for tasks to queue
[2024-05-15T03:50:02.152+0800] {logging_mixin.py:188} INFO - [2024-05-15T03:50:02.151+0800] {dagbag.py:545} INFO - Filling up the DagBag from /home/jithish/Documents/dag-dag-dag/.venv/lib/python3.10/site-packages/airflow/example_dags/plugins/listener_plugin.py
[2024-05-15T03:50:02.157+0800] {processor.py:842} WARNING - No viable dags retrieved from /home/jithish/Documents/dag-dag-dag/.venv/lib/python3.10/site-packages/airflow/example_dags/plugins/listener_plugin.py
[2024-05-15T03:50:02.175+0800] {processor.py:183} INFO - Processing /home/jithish/Documents/dag-dag-dag/.venv/lib/python3.10/site-packages/airflow/example_dags/plugins/listener_plugin.py took 0.099 seconds
[2024-05-15T03:50:58.508+0800] {processor.py:161} INFO - Started process (PID=101968) to work on /home/jithish/Documents/dag-dag-dag/.venv/lib/python3.10/site-packages/airflow/example_dags/plugins/listener_plugin.py
[2024-05-15T03:50:58.569+0800] {processor.py:830} INFO - Processing file /home/jithish/Documents/dag-dag-dag/.venv/lib/python3.10/site-packages/airflow/example_dags/plugins/listener_plugin.py for tasks to queue
[2024-05-15T03:50:58.575+0800] {logging_mixin.py:188} INFO - [2024-05-15T03:50:58.574+0800] {dagbag.py:545} INFO - Filling up the DagBag from /home/jithish/Documents/dag-dag-dag/.venv/lib/python3.10/site-packages/airflow/example_dags/plugins/listener_plugin.py
[2024-05-15T03:50:58.583+0800] {processor.py:842} WARNING - No viable dags retrieved from /home/jithish/Documents/dag-dag-dag/.venv/lib/python3.10/site-packages/airflow/example_dags/plugins/listener_plugin.py
[2024-05-15T03:50:58.610+0800] {processor.py:183} INFO - Processing /home/jithish/Documents/dag-dag-dag/.venv/lib/python3.10/site-packages/airflow/example_dags/plugins/listener_plugin.py took 0.110 seconds
[2024-05-15T03:51:52.844+0800] {processor.py:161} INFO - Started process (PID=102610) to work on /home/jithish/Documents/dag-dag-dag/.venv/lib/python3.10/site-packages/airflow/example_dags/plugins/listener_plugin.py
[2024-05-15T03:51:52.845+0800] {processor.py:830} INFO - Processing file /home/jithish/Documents/dag-dag-dag/.venv/lib/python3.10/site-packages/airflow/example_dags/plugins/listener_plugin.py for tasks to queue
[2024-05-15T03:51:52.847+0800] {logging_mixin.py:188} INFO - [2024-05-15T03:51:52.847+0800] {dagbag.py:545} INFO - Filling up the DagBag from /home/jithish/Documents/dag-dag-dag/.venv/lib/python3.10/site-packages/airflow/example_dags/plugins/listener_plugin.py
[2024-05-15T03:51:52.849+0800] {processor.py:842} WARNING - No viable dags retrieved from /home/jithish/Documents/dag-dag-dag/.venv/lib/python3.10/site-packages/airflow/example_dags/plugins/listener_plugin.py
[2024-05-15T03:51:52.857+0800] {processor.py:183} INFO - Processing /home/jithish/Documents/dag-dag-dag/.venv/lib/python3.10/site-packages/airflow/example_dags/plugins/listener_plugin.py took 0.017 seconds
[2024-05-15T03:52:40.890+0800] {processor.py:161} INFO - Started process (PID=103061) to work on /home/jithish/Documents/dag-dag-dag/.venv/lib/python3.10/site-packages/airflow/example_dags/plugins/listener_plugin.py
[2024-05-15T03:52:40.952+0800] {processor.py:830} INFO - Processing file /home/jithish/Documents/dag-dag-dag/.venv/lib/python3.10/site-packages/airflow/example_dags/plugins/listener_plugin.py for tasks to queue
[2024-05-15T03:52:40.954+0800] {logging_mixin.py:188} INFO - [2024-05-15T03:52:40.954+0800] {dagbag.py:545} INFO - Filling up the DagBag from /home/jithish/Documents/dag-dag-dag/.venv/lib/python3.10/site-packages/airflow/example_dags/plugins/listener_plugin.py
[2024-05-15T03:52:40.957+0800] {processor.py:842} WARNING - No viable dags retrieved from /home/jithish/Documents/dag-dag-dag/.venv/lib/python3.10/site-packages/airflow/example_dags/plugins/listener_plugin.py
[2024-05-15T03:52:40.966+0800] {processor.py:183} INFO - Processing /home/jithish/Documents/dag-dag-dag/.venv/lib/python3.10/site-packages/airflow/example_dags/plugins/listener_plugin.py took 0.094 seconds
[2024-05-15T03:53:32.881+0800] {processor.py:161} INFO - Started process (PID=103760) to work on /home/jithish/Documents/dag-dag-dag/.venv/lib/python3.10/site-packages/airflow/example_dags/plugins/listener_plugin.py
[2024-05-15T03:53:32.900+0800] {processor.py:830} INFO - Processing file /home/jithish/Documents/dag-dag-dag/.venv/lib/python3.10/site-packages/airflow/example_dags/plugins/listener_plugin.py for tasks to queue
[2024-05-15T03:53:32.902+0800] {logging_mixin.py:188} INFO - [2024-05-15T03:53:32.901+0800] {dagbag.py:545} INFO - Filling up the DagBag from /home/jithish/Documents/dag-dag-dag/.venv/lib/python3.10/site-packages/airflow/example_dags/plugins/listener_plugin.py
[2024-05-15T03:53:32.904+0800] {processor.py:842} WARNING - No viable dags retrieved from /home/jithish/Documents/dag-dag-dag/.venv/lib/python3.10/site-packages/airflow/example_dags/plugins/listener_plugin.py
[2024-05-15T03:53:32.914+0800] {processor.py:183} INFO - Processing /home/jithish/Documents/dag-dag-dag/.venv/lib/python3.10/site-packages/airflow/example_dags/plugins/listener_plugin.py took 0.039 seconds
[2024-05-15T03:54:31.469+0800] {processor.py:161} INFO - Started process (PID=104516) to work on /home/jithish/Documents/dag-dag-dag/.venv/lib/python3.10/site-packages/airflow/example_dags/plugins/listener_plugin.py
[2024-05-15T03:54:31.471+0800] {processor.py:830} INFO - Processing file /home/jithish/Documents/dag-dag-dag/.venv/lib/python3.10/site-packages/airflow/example_dags/plugins/listener_plugin.py for tasks to queue
[2024-05-15T03:54:31.472+0800] {logging_mixin.py:188} INFO - [2024-05-15T03:54:31.472+0800] {dagbag.py:545} INFO - Filling up the DagBag from /home/jithish/Documents/dag-dag-dag/.venv/lib/python3.10/site-packages/airflow/example_dags/plugins/listener_plugin.py
[2024-05-15T03:54:31.474+0800] {processor.py:842} WARNING - No viable dags retrieved from /home/jithish/Documents/dag-dag-dag/.venv/lib/python3.10/site-packages/airflow/example_dags/plugins/listener_plugin.py
[2024-05-15T03:54:31.483+0800] {processor.py:183} INFO - Processing /home/jithish/Documents/dag-dag-dag/.venv/lib/python3.10/site-packages/airflow/example_dags/plugins/listener_plugin.py took 0.020 seconds
[2024-05-15T03:55:26.836+0800] {processor.py:161} INFO - Started process (PID=105196) to work on /home/jithish/Documents/dag-dag-dag/.venv/lib/python3.10/site-packages/airflow/example_dags/plugins/listener_plugin.py
[2024-05-15T03:55:26.898+0800] {processor.py:830} INFO - Processing file /home/jithish/Documents/dag-dag-dag/.venv/lib/python3.10/site-packages/airflow/example_dags/plugins/listener_plugin.py for tasks to queue
[2024-05-15T03:55:26.905+0800] {logging_mixin.py:188} INFO - [2024-05-15T03:55:26.904+0800] {dagbag.py:545} INFO - Filling up the DagBag from /home/jithish/Documents/dag-dag-dag/.venv/lib/python3.10/site-packages/airflow/example_dags/plugins/listener_plugin.py
[2024-05-15T03:55:26.912+0800] {processor.py:842} WARNING - No viable dags retrieved from /home/jithish/Documents/dag-dag-dag/.venv/lib/python3.10/site-packages/airflow/example_dags/plugins/listener_plugin.py
[2024-05-15T03:55:26.930+0800] {processor.py:183} INFO - Processing /home/jithish/Documents/dag-dag-dag/.venv/lib/python3.10/site-packages/airflow/example_dags/plugins/listener_plugin.py took 0.108 seconds
[2024-05-15T03:56:17.950+0800] {processor.py:161} INFO - Started process (PID=105721) to work on /home/jithish/Documents/dag-dag-dag/.venv/lib/python3.10/site-packages/airflow/example_dags/plugins/listener_plugin.py
[2024-05-15T03:56:18.011+0800] {processor.py:830} INFO - Processing file /home/jithish/Documents/dag-dag-dag/.venv/lib/python3.10/site-packages/airflow/example_dags/plugins/listener_plugin.py for tasks to queue
[2024-05-15T03:56:18.016+0800] {logging_mixin.py:188} INFO - [2024-05-15T03:56:18.015+0800] {dagbag.py:545} INFO - Filling up the DagBag from /home/jithish/Documents/dag-dag-dag/.venv/lib/python3.10/site-packages/airflow/example_dags/plugins/listener_plugin.py
[2024-05-15T03:56:18.018+0800] {processor.py:842} WARNING - No viable dags retrieved from /home/jithish/Documents/dag-dag-dag/.venv/lib/python3.10/site-packages/airflow/example_dags/plugins/listener_plugin.py
[2024-05-15T03:56:18.026+0800] {processor.py:183} INFO - Processing /home/jithish/Documents/dag-dag-dag/.venv/lib/python3.10/site-packages/airflow/example_dags/plugins/listener_plugin.py took 0.080 seconds
[2024-05-15T03:57:06.341+0800] {processor.py:161} INFO - Started process (PID=106186) to work on /home/jithish/Documents/dag-dag-dag/.venv/lib/python3.10/site-packages/airflow/example_dags/plugins/listener_plugin.py
[2024-05-15T03:57:06.408+0800] {processor.py:830} INFO - Processing file /home/jithish/Documents/dag-dag-dag/.venv/lib/python3.10/site-packages/airflow/example_dags/plugins/listener_plugin.py for tasks to queue
[2024-05-15T03:57:06.415+0800] {logging_mixin.py:188} INFO - [2024-05-15T03:57:06.414+0800] {dagbag.py:545} INFO - Filling up the DagBag from /home/jithish/Documents/dag-dag-dag/.venv/lib/python3.10/site-packages/airflow/example_dags/plugins/listener_plugin.py
[2024-05-15T03:57:06.424+0800] {processor.py:842} WARNING - No viable dags retrieved from /home/jithish/Documents/dag-dag-dag/.venv/lib/python3.10/site-packages/airflow/example_dags/plugins/listener_plugin.py
[2024-05-15T03:57:06.445+0800] {processor.py:183} INFO - Processing /home/jithish/Documents/dag-dag-dag/.venv/lib/python3.10/site-packages/airflow/example_dags/plugins/listener_plugin.py took 0.118 seconds
[2024-05-15T03:57:53.241+0800] {processor.py:161} INFO - Started process (PID=106609) to work on /home/jithish/Documents/dag-dag-dag/.venv/lib/python3.10/site-packages/airflow/example_dags/plugins/listener_plugin.py
[2024-05-15T03:57:53.256+0800] {processor.py:830} INFO - Processing file /home/jithish/Documents/dag-dag-dag/.venv/lib/python3.10/site-packages/airflow/example_dags/plugins/listener_plugin.py for tasks to queue
[2024-05-15T03:57:53.258+0800] {logging_mixin.py:188} INFO - [2024-05-15T03:57:53.258+0800] {dagbag.py:545} INFO - Filling up the DagBag from /home/jithish/Documents/dag-dag-dag/.venv/lib/python3.10/site-packages/airflow/example_dags/plugins/listener_plugin.py
[2024-05-15T03:57:53.261+0800] {processor.py:842} WARNING - No viable dags retrieved from /home/jithish/Documents/dag-dag-dag/.venv/lib/python3.10/site-packages/airflow/example_dags/plugins/listener_plugin.py
[2024-05-15T03:57:53.269+0800] {processor.py:183} INFO - Processing /home/jithish/Documents/dag-dag-dag/.venv/lib/python3.10/site-packages/airflow/example_dags/plugins/listener_plugin.py took 0.033 seconds
[2024-05-15T03:58:39.493+0800] {processor.py:161} INFO - Started process (PID=107096) to work on /home/jithish/Documents/dag-dag-dag/.venv/lib/python3.10/site-packages/airflow/example_dags/plugins/listener_plugin.py
[2024-05-15T03:58:39.556+0800] {processor.py:830} INFO - Processing file /home/jithish/Documents/dag-dag-dag/.venv/lib/python3.10/site-packages/airflow/example_dags/plugins/listener_plugin.py for tasks to queue
[2024-05-15T03:58:39.558+0800] {logging_mixin.py:188} INFO - [2024-05-15T03:58:39.558+0800] {dagbag.py:545} INFO - Filling up the DagBag from /home/jithish/Documents/dag-dag-dag/.venv/lib/python3.10/site-packages/airflow/example_dags/plugins/listener_plugin.py
[2024-05-15T03:58:39.562+0800] {processor.py:842} WARNING - No viable dags retrieved from /home/jithish/Documents/dag-dag-dag/.venv/lib/python3.10/site-packages/airflow/example_dags/plugins/listener_plugin.py
[2024-05-15T03:58:39.575+0800] {processor.py:183} INFO - Processing /home/jithish/Documents/dag-dag-dag/.venv/lib/python3.10/site-packages/airflow/example_dags/plugins/listener_plugin.py took 0.088 seconds
[2024-05-15T03:59:28.049+0800] {processor.py:161} INFO - Started process (PID=107593) to work on /home/jithish/Documents/dag-dag-dag/.venv/lib/python3.10/site-packages/airflow/example_dags/plugins/listener_plugin.py
[2024-05-15T03:59:28.110+0800] {processor.py:830} INFO - Processing file /home/jithish/Documents/dag-dag-dag/.venv/lib/python3.10/site-packages/airflow/example_dags/plugins/listener_plugin.py for tasks to queue
[2024-05-15T03:59:28.112+0800] {logging_mixin.py:188} INFO - [2024-05-15T03:59:28.112+0800] {dagbag.py:545} INFO - Filling up the DagBag from /home/jithish/Documents/dag-dag-dag/.venv/lib/python3.10/site-packages/airflow/example_dags/plugins/listener_plugin.py
[2024-05-15T03:59:28.114+0800] {processor.py:842} WARNING - No viable dags retrieved from /home/jithish/Documents/dag-dag-dag/.venv/lib/python3.10/site-packages/airflow/example_dags/plugins/listener_plugin.py
[2024-05-15T03:59:28.123+0800] {processor.py:183} INFO - Processing /home/jithish/Documents/dag-dag-dag/.venv/lib/python3.10/site-packages/airflow/example_dags/plugins/listener_plugin.py took 0.081 seconds
[2024-05-15T04:00:16.080+0800] {processor.py:161} INFO - Started process (PID=108000) to work on /home/jithish/Documents/dag-dag-dag/.venv/lib/python3.10/site-packages/airflow/example_dags/plugins/listener_plugin.py
[2024-05-15T04:00:16.141+0800] {processor.py:830} INFO - Processing file /home/jithish/Documents/dag-dag-dag/.venv/lib/python3.10/site-packages/airflow/example_dags/plugins/listener_plugin.py for tasks to queue
[2024-05-15T04:00:16.148+0800] {logging_mixin.py:188} INFO - [2024-05-15T04:00:16.147+0800] {dagbag.py:545} INFO - Filling up the DagBag from /home/jithish/Documents/dag-dag-dag/.venv/lib/python3.10/site-packages/airflow/example_dags/plugins/listener_plugin.py
[2024-05-15T04:00:16.156+0800] {processor.py:842} WARNING - No viable dags retrieved from /home/jithish/Documents/dag-dag-dag/.venv/lib/python3.10/site-packages/airflow/example_dags/plugins/listener_plugin.py
[2024-05-15T04:00:16.175+0800] {processor.py:183} INFO - Processing /home/jithish/Documents/dag-dag-dag/.venv/lib/python3.10/site-packages/airflow/example_dags/plugins/listener_plugin.py took 0.103 seconds
[2024-05-15T04:01:05.525+0800] {processor.py:161} INFO - Started process (PID=108383) to work on /home/jithish/Documents/dag-dag-dag/.venv/lib/python3.10/site-packages/airflow/example_dags/plugins/listener_plugin.py
[2024-05-15T04:01:05.526+0800] {processor.py:830} INFO - Processing file /home/jithish/Documents/dag-dag-dag/.venv/lib/python3.10/site-packages/airflow/example_dags/plugins/listener_plugin.py for tasks to queue
[2024-05-15T04:01:05.527+0800] {logging_mixin.py:188} INFO - [2024-05-15T04:01:05.526+0800] {dagbag.py:545} INFO - Filling up the DagBag from /home/jithish/Documents/dag-dag-dag/.venv/lib/python3.10/site-packages/airflow/example_dags/plugins/listener_plugin.py
[2024-05-15T04:01:05.529+0800] {processor.py:842} WARNING - No viable dags retrieved from /home/jithish/Documents/dag-dag-dag/.venv/lib/python3.10/site-packages/airflow/example_dags/plugins/listener_plugin.py
[2024-05-15T04:01:05.536+0800] {processor.py:183} INFO - Processing /home/jithish/Documents/dag-dag-dag/.venv/lib/python3.10/site-packages/airflow/example_dags/plugins/listener_plugin.py took 0.016 seconds
[2024-05-15T04:01:53.780+0800] {processor.py:161} INFO - Started process (PID=108805) to work on /home/jithish/Documents/dag-dag-dag/.venv/lib/python3.10/site-packages/airflow/example_dags/plugins/listener_plugin.py
[2024-05-15T04:01:53.841+0800] {processor.py:830} INFO - Processing file /home/jithish/Documents/dag-dag-dag/.venv/lib/python3.10/site-packages/airflow/example_dags/plugins/listener_plugin.py for tasks to queue
[2024-05-15T04:01:53.851+0800] {logging_mixin.py:188} INFO - [2024-05-15T04:01:53.849+0800] {dagbag.py:545} INFO - Filling up the DagBag from /home/jithish/Documents/dag-dag-dag/.venv/lib/python3.10/site-packages/airflow/example_dags/plugins/listener_plugin.py
[2024-05-15T04:01:53.861+0800] {processor.py:842} WARNING - No viable dags retrieved from /home/jithish/Documents/dag-dag-dag/.venv/lib/python3.10/site-packages/airflow/example_dags/plugins/listener_plugin.py
[2024-05-15T04:01:53.884+0800] {processor.py:183} INFO - Processing /home/jithish/Documents/dag-dag-dag/.venv/lib/python3.10/site-packages/airflow/example_dags/plugins/listener_plugin.py took 0.108 seconds
[2024-05-15T04:02:42.284+0800] {processor.py:161} INFO - Started process (PID=109308) to work on /home/jithish/Documents/dag-dag-dag/.venv/lib/python3.10/site-packages/airflow/example_dags/plugins/listener_plugin.py
[2024-05-15T04:02:42.285+0800] {processor.py:830} INFO - Processing file /home/jithish/Documents/dag-dag-dag/.venv/lib/python3.10/site-packages/airflow/example_dags/plugins/listener_plugin.py for tasks to queue
[2024-05-15T04:02:42.286+0800] {logging_mixin.py:188} INFO - [2024-05-15T04:02:42.286+0800] {dagbag.py:545} INFO - Filling up the DagBag from /home/jithish/Documents/dag-dag-dag/.venv/lib/python3.10/site-packages/airflow/example_dags/plugins/listener_plugin.py
[2024-05-15T04:02:42.289+0800] {processor.py:842} WARNING - No viable dags retrieved from /home/jithish/Documents/dag-dag-dag/.venv/lib/python3.10/site-packages/airflow/example_dags/plugins/listener_plugin.py
[2024-05-15T04:02:42.298+0800] {processor.py:183} INFO - Processing /home/jithish/Documents/dag-dag-dag/.venv/lib/python3.10/site-packages/airflow/example_dags/plugins/listener_plugin.py took 0.020 seconds
[2024-05-15T04:03:46.691+0800] {processor.py:161} INFO - Started process (PID=110275) to work on /home/jithish/Documents/dag-dag-dag/.venv/lib/python3.10/site-packages/airflow/example_dags/plugins/listener_plugin.py
[2024-05-15T04:03:46.754+0800] {processor.py:830} INFO - Processing file /home/jithish/Documents/dag-dag-dag/.venv/lib/python3.10/site-packages/airflow/example_dags/plugins/listener_plugin.py for tasks to queue
[2024-05-15T04:03:46.758+0800] {logging_mixin.py:188} INFO - [2024-05-15T04:03:46.757+0800] {dagbag.py:545} INFO - Filling up the DagBag from /home/jithish/Documents/dag-dag-dag/.venv/lib/python3.10/site-packages/airflow/example_dags/plugins/listener_plugin.py
[2024-05-15T04:03:46.766+0800] {processor.py:842} WARNING - No viable dags retrieved from /home/jithish/Documents/dag-dag-dag/.venv/lib/python3.10/site-packages/airflow/example_dags/plugins/listener_plugin.py
[2024-05-15T04:03:46.787+0800] {processor.py:183} INFO - Processing /home/jithish/Documents/dag-dag-dag/.venv/lib/python3.10/site-packages/airflow/example_dags/plugins/listener_plugin.py took 0.112 seconds
[2024-05-15T04:04:47.112+0800] {processor.py:161} INFO - Started process (PID=111186) to work on /home/jithish/Documents/dag-dag-dag/.venv/lib/python3.10/site-packages/airflow/example_dags/plugins/listener_plugin.py
[2024-05-15T04:04:47.175+0800] {processor.py:830} INFO - Processing file /home/jithish/Documents/dag-dag-dag/.venv/lib/python3.10/site-packages/airflow/example_dags/plugins/listener_plugin.py for tasks to queue
[2024-05-15T04:04:47.177+0800] {logging_mixin.py:188} INFO - [2024-05-15T04:04:47.177+0800] {dagbag.py:545} INFO - Filling up the DagBag from /home/jithish/Documents/dag-dag-dag/.venv/lib/python3.10/site-packages/airflow/example_dags/plugins/listener_plugin.py
[2024-05-15T04:04:47.181+0800] {processor.py:842} WARNING - No viable dags retrieved from /home/jithish/Documents/dag-dag-dag/.venv/lib/python3.10/site-packages/airflow/example_dags/plugins/listener_plugin.py
[2024-05-15T04:04:47.190+0800] {processor.py:183} INFO - Processing /home/jithish/Documents/dag-dag-dag/.venv/lib/python3.10/site-packages/airflow/example_dags/plugins/listener_plugin.py took 0.089 seconds
[2024-05-15T04:05:42.485+0800] {processor.py:161} INFO - Started process (PID=112014) to work on /home/jithish/Documents/dag-dag-dag/.venv/lib/python3.10/site-packages/airflow/example_dags/plugins/listener_plugin.py
[2024-05-15T04:05:42.485+0800] {processor.py:830} INFO - Processing file /home/jithish/Documents/dag-dag-dag/.venv/lib/python3.10/site-packages/airflow/example_dags/plugins/listener_plugin.py for tasks to queue
[2024-05-15T04:05:42.487+0800] {logging_mixin.py:188} INFO - [2024-05-15T04:05:42.487+0800] {dagbag.py:545} INFO - Filling up the DagBag from /home/jithish/Documents/dag-dag-dag/.venv/lib/python3.10/site-packages/airflow/example_dags/plugins/listener_plugin.py
[2024-05-15T04:05:42.491+0800] {processor.py:842} WARNING - No viable dags retrieved from /home/jithish/Documents/dag-dag-dag/.venv/lib/python3.10/site-packages/airflow/example_dags/plugins/listener_plugin.py
[2024-05-15T04:05:42.500+0800] {processor.py:183} INFO - Processing /home/jithish/Documents/dag-dag-dag/.venv/lib/python3.10/site-packages/airflow/example_dags/plugins/listener_plugin.py took 0.021 seconds
[2024-05-15T04:06:38.241+0800] {processor.py:161} INFO - Started process (PID=112807) to work on /home/jithish/Documents/dag-dag-dag/.venv/lib/python3.10/site-packages/airflow/example_dags/plugins/listener_plugin.py
[2024-05-15T04:06:38.251+0800] {processor.py:830} INFO - Processing file /home/jithish/Documents/dag-dag-dag/.venv/lib/python3.10/site-packages/airflow/example_dags/plugins/listener_plugin.py for tasks to queue
[2024-05-15T04:06:38.260+0800] {logging_mixin.py:188} INFO - [2024-05-15T04:06:38.258+0800] {dagbag.py:545} INFO - Filling up the DagBag from /home/jithish/Documents/dag-dag-dag/.venv/lib/python3.10/site-packages/airflow/example_dags/plugins/listener_plugin.py
[2024-05-15T04:06:38.268+0800] {processor.py:842} WARNING - No viable dags retrieved from /home/jithish/Documents/dag-dag-dag/.venv/lib/python3.10/site-packages/airflow/example_dags/plugins/listener_plugin.py
[2024-05-15T04:06:38.297+0800] {processor.py:183} INFO - Processing /home/jithish/Documents/dag-dag-dag/.venv/lib/python3.10/site-packages/airflow/example_dags/plugins/listener_plugin.py took 0.067 seconds
[2024-05-15T04:07:33.207+0800] {processor.py:161} INFO - Started process (PID=113511) to work on /home/jithish/Documents/dag-dag-dag/.venv/lib/python3.10/site-packages/airflow/example_dags/plugins/listener_plugin.py
[2024-05-15T04:07:33.269+0800] {processor.py:830} INFO - Processing file /home/jithish/Documents/dag-dag-dag/.venv/lib/python3.10/site-packages/airflow/example_dags/plugins/listener_plugin.py for tasks to queue
[2024-05-15T04:07:33.271+0800] {logging_mixin.py:188} INFO - [2024-05-15T04:07:33.271+0800] {dagbag.py:545} INFO - Filling up the DagBag from /home/jithish/Documents/dag-dag-dag/.venv/lib/python3.10/site-packages/airflow/example_dags/plugins/listener_plugin.py
[2024-05-15T04:07:33.273+0800] {processor.py:842} WARNING - No viable dags retrieved from /home/jithish/Documents/dag-dag-dag/.venv/lib/python3.10/site-packages/airflow/example_dags/plugins/listener_plugin.py
[2024-05-15T04:07:33.280+0800] {processor.py:183} INFO - Processing /home/jithish/Documents/dag-dag-dag/.venv/lib/python3.10/site-packages/airflow/example_dags/plugins/listener_plugin.py took 0.091 seconds
[2024-05-15T04:08:27.530+0800] {processor.py:161} INFO - Started process (PID=114178) to work on /home/jithish/Documents/dag-dag-dag/.venv/lib/python3.10/site-packages/airflow/example_dags/plugins/listener_plugin.py
[2024-05-15T04:08:27.592+0800] {processor.py:830} INFO - Processing file /home/jithish/Documents/dag-dag-dag/.venv/lib/python3.10/site-packages/airflow/example_dags/plugins/listener_plugin.py for tasks to queue
[2024-05-15T04:08:27.597+0800] {logging_mixin.py:188} INFO - [2024-05-15T04:08:27.596+0800] {dagbag.py:545} INFO - Filling up the DagBag from /home/jithish/Documents/dag-dag-dag/.venv/lib/python3.10/site-packages/airflow/example_dags/plugins/listener_plugin.py
[2024-05-15T04:08:27.603+0800] {processor.py:842} WARNING - No viable dags retrieved from /home/jithish/Documents/dag-dag-dag/.venv/lib/python3.10/site-packages/airflow/example_dags/plugins/listener_plugin.py
[2024-05-15T04:08:27.627+0800] {processor.py:183} INFO - Processing /home/jithish/Documents/dag-dag-dag/.venv/lib/python3.10/site-packages/airflow/example_dags/plugins/listener_plugin.py took 0.114 seconds
[2024-05-15T04:09:25.935+0800] {processor.py:161} INFO - Started process (PID=115104) to work on /home/jithish/Documents/dag-dag-dag/.venv/lib/python3.10/site-packages/airflow/example_dags/plugins/listener_plugin.py
[2024-05-15T04:09:25.997+0800] {processor.py:830} INFO - Processing file /home/jithish/Documents/dag-dag-dag/.venv/lib/python3.10/site-packages/airflow/example_dags/plugins/listener_plugin.py for tasks to queue
[2024-05-15T04:09:26.002+0800] {logging_mixin.py:188} INFO - [2024-05-15T04:09:26.000+0800] {dagbag.py:545} INFO - Filling up the DagBag from /home/jithish/Documents/dag-dag-dag/.venv/lib/python3.10/site-packages/airflow/example_dags/plugins/listener_plugin.py
[2024-05-15T04:09:26.010+0800] {processor.py:842} WARNING - No viable dags retrieved from /home/jithish/Documents/dag-dag-dag/.venv/lib/python3.10/site-packages/airflow/example_dags/plugins/listener_plugin.py
[2024-05-15T04:09:26.034+0800] {processor.py:183} INFO - Processing /home/jithish/Documents/dag-dag-dag/.venv/lib/python3.10/site-packages/airflow/example_dags/plugins/listener_plugin.py took 0.106 seconds
[2024-05-15T04:10:20.333+0800] {processor.py:161} INFO - Started process (PID=115896) to work on /home/jithish/Documents/dag-dag-dag/.venv/lib/python3.10/site-packages/airflow/example_dags/plugins/listener_plugin.py
[2024-05-15T04:10:20.395+0800] {processor.py:830} INFO - Processing file /home/jithish/Documents/dag-dag-dag/.venv/lib/python3.10/site-packages/airflow/example_dags/plugins/listener_plugin.py for tasks to queue
[2024-05-15T04:10:20.403+0800] {logging_mixin.py:188} INFO - [2024-05-15T04:10:20.401+0800] {dagbag.py:545} INFO - Filling up the DagBag from /home/jithish/Documents/dag-dag-dag/.venv/lib/python3.10/site-packages/airflow/example_dags/plugins/listener_plugin.py
[2024-05-15T04:10:20.411+0800] {processor.py:842} WARNING - No viable dags retrieved from /home/jithish/Documents/dag-dag-dag/.venv/lib/python3.10/site-packages/airflow/example_dags/plugins/listener_plugin.py
[2024-05-15T04:10:20.433+0800] {processor.py:183} INFO - Processing /home/jithish/Documents/dag-dag-dag/.venv/lib/python3.10/site-packages/airflow/example_dags/plugins/listener_plugin.py took 0.109 seconds
[2024-05-15T04:11:13.591+0800] {processor.py:161} INFO - Started process (PID=116664) to work on /home/jithish/Documents/dag-dag-dag/.venv/lib/python3.10/site-packages/airflow/example_dags/plugins/listener_plugin.py
[2024-05-15T04:11:13.653+0800] {processor.py:830} INFO - Processing file /home/jithish/Documents/dag-dag-dag/.venv/lib/python3.10/site-packages/airflow/example_dags/plugins/listener_plugin.py for tasks to queue
[2024-05-15T04:11:13.660+0800] {logging_mixin.py:188} INFO - [2024-05-15T04:11:13.659+0800] {dagbag.py:545} INFO - Filling up the DagBag from /home/jithish/Documents/dag-dag-dag/.venv/lib/python3.10/site-packages/airflow/example_dags/plugins/listener_plugin.py
[2024-05-15T04:11:13.666+0800] {processor.py:842} WARNING - No viable dags retrieved from /home/jithish/Documents/dag-dag-dag/.venv/lib/python3.10/site-packages/airflow/example_dags/plugins/listener_plugin.py
[2024-05-15T04:11:13.686+0800] {processor.py:183} INFO - Processing /home/jithish/Documents/dag-dag-dag/.venv/lib/python3.10/site-packages/airflow/example_dags/plugins/listener_plugin.py took 0.110 seconds
[2024-05-15T04:12:09.371+0800] {processor.py:161} INFO - Started process (PID=117449) to work on /home/jithish/Documents/dag-dag-dag/.venv/lib/python3.10/site-packages/airflow/example_dags/plugins/listener_plugin.py
[2024-05-15T04:12:09.432+0800] {processor.py:830} INFO - Processing file /home/jithish/Documents/dag-dag-dag/.venv/lib/python3.10/site-packages/airflow/example_dags/plugins/listener_plugin.py for tasks to queue
[2024-05-15T04:12:09.434+0800] {logging_mixin.py:188} INFO - [2024-05-15T04:12:09.434+0800] {dagbag.py:545} INFO - Filling up the DagBag from /home/jithish/Documents/dag-dag-dag/.venv/lib/python3.10/site-packages/airflow/example_dags/plugins/listener_plugin.py
[2024-05-15T04:12:09.438+0800] {processor.py:842} WARNING - No viable dags retrieved from /home/jithish/Documents/dag-dag-dag/.venv/lib/python3.10/site-packages/airflow/example_dags/plugins/listener_plugin.py
[2024-05-15T04:12:09.446+0800] {processor.py:183} INFO - Processing /home/jithish/Documents/dag-dag-dag/.venv/lib/python3.10/site-packages/airflow/example_dags/plugins/listener_plugin.py took 0.082 seconds
[2024-05-15T04:13:05.832+0800] {processor.py:161} INFO - Started process (PID=118243) to work on /home/jithish/Documents/dag-dag-dag/.venv/lib/python3.10/site-packages/airflow/example_dags/plugins/listener_plugin.py
[2024-05-15T04:13:05.893+0800] {processor.py:830} INFO - Processing file /home/jithish/Documents/dag-dag-dag/.venv/lib/python3.10/site-packages/airflow/example_dags/plugins/listener_plugin.py for tasks to queue
[2024-05-15T04:13:05.903+0800] {logging_mixin.py:188} INFO - [2024-05-15T04:13:05.901+0800] {dagbag.py:545} INFO - Filling up the DagBag from /home/jithish/Documents/dag-dag-dag/.venv/lib/python3.10/site-packages/airflow/example_dags/plugins/listener_plugin.py
[2024-05-15T04:13:05.912+0800] {processor.py:842} WARNING - No viable dags retrieved from /home/jithish/Documents/dag-dag-dag/.venv/lib/python3.10/site-packages/airflow/example_dags/plugins/listener_plugin.py
[2024-05-15T04:13:05.935+0800] {processor.py:183} INFO - Processing /home/jithish/Documents/dag-dag-dag/.venv/lib/python3.10/site-packages/airflow/example_dags/plugins/listener_plugin.py took 0.109 seconds
[2024-05-15T04:14:02.388+0800] {processor.py:161} INFO - Started process (PID=119160) to work on /home/jithish/Documents/dag-dag-dag/.venv/lib/python3.10/site-packages/airflow/example_dags/plugins/listener_plugin.py
[2024-05-15T04:14:02.450+0800] {processor.py:830} INFO - Processing file /home/jithish/Documents/dag-dag-dag/.venv/lib/python3.10/site-packages/airflow/example_dags/plugins/listener_plugin.py for tasks to queue
[2024-05-15T04:14:02.455+0800] {logging_mixin.py:188} INFO - [2024-05-15T04:14:02.454+0800] {dagbag.py:545} INFO - Filling up the DagBag from /home/jithish/Documents/dag-dag-dag/.venv/lib/python3.10/site-packages/airflow/example_dags/plugins/listener_plugin.py
[2024-05-15T04:14:02.463+0800] {processor.py:842} WARNING - No viable dags retrieved from /home/jithish/Documents/dag-dag-dag/.venv/lib/python3.10/site-packages/airflow/example_dags/plugins/listener_plugin.py
[2024-05-15T04:14:02.488+0800] {processor.py:183} INFO - Processing /home/jithish/Documents/dag-dag-dag/.venv/lib/python3.10/site-packages/airflow/example_dags/plugins/listener_plugin.py took 0.104 seconds
[2024-05-15T04:14:57.624+0800] {processor.py:161} INFO - Started process (PID=119729) to work on /home/jithish/Documents/dag-dag-dag/.venv/lib/python3.10/site-packages/airflow/example_dags/plugins/listener_plugin.py
[2024-05-15T04:14:57.685+0800] {processor.py:830} INFO - Processing file /home/jithish/Documents/dag-dag-dag/.venv/lib/python3.10/site-packages/airflow/example_dags/plugins/listener_plugin.py for tasks to queue
[2024-05-15T04:14:57.690+0800] {logging_mixin.py:188} INFO - [2024-05-15T04:14:57.689+0800] {dagbag.py:545} INFO - Filling up the DagBag from /home/jithish/Documents/dag-dag-dag/.venv/lib/python3.10/site-packages/airflow/example_dags/plugins/listener_plugin.py
[2024-05-15T04:14:57.699+0800] {processor.py:842} WARNING - No viable dags retrieved from /home/jithish/Documents/dag-dag-dag/.venv/lib/python3.10/site-packages/airflow/example_dags/plugins/listener_plugin.py
[2024-05-15T04:14:57.720+0800] {processor.py:183} INFO - Processing /home/jithish/Documents/dag-dag-dag/.venv/lib/python3.10/site-packages/airflow/example_dags/plugins/listener_plugin.py took 0.100 seconds
[2024-05-15T04:15:50.823+0800] {processor.py:161} INFO - Started process (PID=120213) to work on /home/jithish/Documents/dag-dag-dag/.venv/lib/python3.10/site-packages/airflow/example_dags/plugins/listener_plugin.py
[2024-05-15T04:15:50.884+0800] {processor.py:830} INFO - Processing file /home/jithish/Documents/dag-dag-dag/.venv/lib/python3.10/site-packages/airflow/example_dags/plugins/listener_plugin.py for tasks to queue
[2024-05-15T04:15:50.889+0800] {logging_mixin.py:188} INFO - [2024-05-15T04:15:50.887+0800] {dagbag.py:545} INFO - Filling up the DagBag from /home/jithish/Documents/dag-dag-dag/.venv/lib/python3.10/site-packages/airflow/example_dags/plugins/listener_plugin.py
[2024-05-15T04:15:50.892+0800] {processor.py:842} WARNING - No viable dags retrieved from /home/jithish/Documents/dag-dag-dag/.venv/lib/python3.10/site-packages/airflow/example_dags/plugins/listener_plugin.py
[2024-05-15T04:15:50.900+0800] {processor.py:183} INFO - Processing /home/jithish/Documents/dag-dag-dag/.venv/lib/python3.10/site-packages/airflow/example_dags/plugins/listener_plugin.py took 0.084 seconds
