[2024-05-15T02:58:57.344+0800] {processor.py:161} INFO - Started process (PID=65330) to work on /home/jithish/Documents/dag-dag-dag/.venv/lib/python3.10/site-packages/airflow/example_dags/plugins/workday.py
[2024-05-15T02:58:57.345+0800] {processor.py:830} INFO - Processing file /home/jithish/Documents/dag-dag-dag/.venv/lib/python3.10/site-packages/airflow/example_dags/plugins/workday.py for tasks to queue
[2024-05-15T02:58:57.346+0800] {logging_mixin.py:188} INFO - [2024-05-15T02:58:57.346+0800] {dagbag.py:545} INFO - Filling up the DagBag from /home/jithish/Documents/dag-dag-dag/.venv/lib/python3.10/site-packages/airflow/example_dags/plugins/workday.py
[2024-05-15T02:58:57.348+0800] {logging_mixin.py:188} INFO - [2024-05-15T02:58:57.347+0800] {workday.py:41} WARNING - Could not import pandas. Holidays will not be considered.
[2024-05-15T02:58:57.348+0800] {processor.py:842} WARNING - No viable dags retrieved from /home/jithish/Documents/dag-dag-dag/.venv/lib/python3.10/site-packages/airflow/example_dags/plugins/workday.py
[2024-05-15T02:58:57.355+0800] {processor.py:183} INFO - Processing /home/jithish/Documents/dag-dag-dag/.venv/lib/python3.10/site-packages/airflow/example_dags/plugins/workday.py took 0.015 seconds
[2024-05-15T02:59:58.501+0800] {processor.py:161} INFO - Started process (PID=66379) to work on /home/jithish/Documents/dag-dag-dag/.venv/lib/python3.10/site-packages/airflow/example_dags/plugins/workday.py
[2024-05-15T02:59:58.563+0800] {processor.py:830} INFO - Processing file /home/jithish/Documents/dag-dag-dag/.venv/lib/python3.10/site-packages/airflow/example_dags/plugins/workday.py for tasks to queue
[2024-05-15T02:59:58.564+0800] {logging_mixin.py:188} INFO - [2024-05-15T02:59:58.564+0800] {dagbag.py:545} INFO - Filling up the DagBag from /home/jithish/Documents/dag-dag-dag/.venv/lib/python3.10/site-packages/airflow/example_dags/plugins/workday.py
[2024-05-15T02:59:58.566+0800] {logging_mixin.py:188} INFO - [2024-05-15T02:59:58.566+0800] {workday.py:41} WARNING - Could not import pandas. Holidays will not be considered.
[2024-05-15T02:59:58.566+0800] {processor.py:842} WARNING - No viable dags retrieved from /home/jithish/Documents/dag-dag-dag/.venv/lib/python3.10/site-packages/airflow/example_dags/plugins/workday.py
[2024-05-15T02:59:58.573+0800] {processor.py:183} INFO - Processing /home/jithish/Documents/dag-dag-dag/.venv/lib/python3.10/site-packages/airflow/example_dags/plugins/workday.py took 0.084 seconds
[2024-05-15T03:14:13.397+0800] {processor.py:161} INFO - Started process (PID=74790) to work on /home/jithish/Documents/dag-dag-dag/.venv/lib/python3.10/site-packages/airflow/example_dags/plugins/workday.py
[2024-05-15T03:14:13.399+0800] {processor.py:830} INFO - Processing file /home/jithish/Documents/dag-dag-dag/.venv/lib/python3.10/site-packages/airflow/example_dags/plugins/workday.py for tasks to queue
[2024-05-15T03:14:13.403+0800] {logging_mixin.py:188} INFO - [2024-05-15T03:14:13.402+0800] {dagbag.py:545} INFO - Filling up the DagBag from /home/jithish/Documents/dag-dag-dag/.venv/lib/python3.10/site-packages/airflow/example_dags/plugins/workday.py
[2024-05-15T03:14:13.711+0800] {processor.py:842} WARNING - No viable dags retrieved from /home/jithish/Documents/dag-dag-dag/.venv/lib/python3.10/site-packages/airflow/example_dags/plugins/workday.py
[2024-05-15T03:14:13.716+0800] {processor.py:183} INFO - Processing /home/jithish/Documents/dag-dag-dag/.venv/lib/python3.10/site-packages/airflow/example_dags/plugins/workday.py took 0.335 seconds
[2024-05-15T03:15:16.349+0800] {processor.py:161} INFO - Started process (PID=75557) to work on /home/jithish/Documents/dag-dag-dag/.venv/lib/python3.10/site-packages/airflow/example_dags/plugins/workday.py
[2024-05-15T03:15:16.411+0800] {processor.py:830} INFO - Processing file /home/jithish/Documents/dag-dag-dag/.venv/lib/python3.10/site-packages/airflow/example_dags/plugins/workday.py for tasks to queue
[2024-05-15T03:15:16.416+0800] {logging_mixin.py:188} INFO - [2024-05-15T03:15:16.415+0800] {dagbag.py:545} INFO - Filling up the DagBag from /home/jithish/Documents/dag-dag-dag/.venv/lib/python3.10/site-packages/airflow/example_dags/plugins/workday.py
[2024-05-15T03:15:16.793+0800] {processor.py:842} WARNING - No viable dags retrieved from /home/jithish/Documents/dag-dag-dag/.venv/lib/python3.10/site-packages/airflow/example_dags/plugins/workday.py
[2024-05-15T03:15:16.801+0800] {processor.py:183} INFO - Processing /home/jithish/Documents/dag-dag-dag/.venv/lib/python3.10/site-packages/airflow/example_dags/plugins/workday.py took 0.457 seconds
[2024-05-15T03:16:18.926+0800] {processor.py:161} INFO - Started process (PID=76341) to work on /home/jithish/Documents/dag-dag-dag/.venv/lib/python3.10/site-packages/airflow/example_dags/plugins/workday.py
[2024-05-15T03:16:18.989+0800] {processor.py:830} INFO - Processing file /home/jithish/Documents/dag-dag-dag/.venv/lib/python3.10/site-packages/airflow/example_dags/plugins/workday.py for tasks to queue
[2024-05-15T03:16:18.991+0800] {logging_mixin.py:188} INFO - [2024-05-15T03:16:18.990+0800] {dagbag.py:545} INFO - Filling up the DagBag from /home/jithish/Documents/dag-dag-dag/.venv/lib/python3.10/site-packages/airflow/example_dags/plugins/workday.py
[2024-05-15T03:16:19.289+0800] {processor.py:842} WARNING - No viable dags retrieved from /home/jithish/Documents/dag-dag-dag/.venv/lib/python3.10/site-packages/airflow/example_dags/plugins/workday.py
[2024-05-15T03:16:19.293+0800] {processor.py:183} INFO - Processing /home/jithish/Documents/dag-dag-dag/.venv/lib/python3.10/site-packages/airflow/example_dags/plugins/workday.py took 0.385 seconds
[2024-05-15T03:17:19.411+0800] {processor.py:161} INFO - Started process (PID=77158) to work on /home/jithish/Documents/dag-dag-dag/.venv/lib/python3.10/site-packages/airflow/example_dags/plugins/workday.py
[2024-05-15T03:17:19.473+0800] {processor.py:830} INFO - Processing file /home/jithish/Documents/dag-dag-dag/.venv/lib/python3.10/site-packages/airflow/example_dags/plugins/workday.py for tasks to queue
[2024-05-15T03:17:19.480+0800] {logging_mixin.py:188} INFO - [2024-05-15T03:17:19.478+0800] {dagbag.py:545} INFO - Filling up the DagBag from /home/jithish/Documents/dag-dag-dag/.venv/lib/python3.10/site-packages/airflow/example_dags/plugins/workday.py
[2024-05-15T03:17:19.763+0800] {processor.py:842} WARNING - No viable dags retrieved from /home/jithish/Documents/dag-dag-dag/.venv/lib/python3.10/site-packages/airflow/example_dags/plugins/workday.py
[2024-05-15T03:17:19.771+0800] {processor.py:183} INFO - Processing /home/jithish/Documents/dag-dag-dag/.venv/lib/python3.10/site-packages/airflow/example_dags/plugins/workday.py took 0.364 seconds
[2024-05-15T03:18:19.822+0800] {processor.py:161} INFO - Started process (PID=78106) to work on /home/jithish/Documents/dag-dag-dag/.venv/lib/python3.10/site-packages/airflow/example_dags/plugins/workday.py
[2024-05-15T03:18:19.884+0800] {processor.py:830} INFO - Processing file /home/jithish/Documents/dag-dag-dag/.venv/lib/python3.10/site-packages/airflow/example_dags/plugins/workday.py for tasks to queue
[2024-05-15T03:18:19.890+0800] {logging_mixin.py:188} INFO - [2024-05-15T03:18:19.889+0800] {dagbag.py:545} INFO - Filling up the DagBag from /home/jithish/Documents/dag-dag-dag/.venv/lib/python3.10/site-packages/airflow/example_dags/plugins/workday.py
[2024-05-15T03:18:20.192+0800] {processor.py:842} WARNING - No viable dags retrieved from /home/jithish/Documents/dag-dag-dag/.venv/lib/python3.10/site-packages/airflow/example_dags/plugins/workday.py
[2024-05-15T03:18:20.198+0800] {processor.py:183} INFO - Processing /home/jithish/Documents/dag-dag-dag/.venv/lib/python3.10/site-packages/airflow/example_dags/plugins/workday.py took 0.385 seconds
[2024-05-15T03:19:09.688+0800] {processor.py:161} INFO - Started process (PID=78843) to work on /home/jithish/Documents/dag-dag-dag/.venv/lib/python3.10/site-packages/airflow/example_dags/plugins/workday.py
[2024-05-15T03:19:09.689+0800] {processor.py:830} INFO - Processing file /home/jithish/Documents/dag-dag-dag/.venv/lib/python3.10/site-packages/airflow/example_dags/plugins/workday.py for tasks to queue
[2024-05-15T03:19:09.692+0800] {logging_mixin.py:188} INFO - [2024-05-15T03:19:09.691+0800] {dagbag.py:545} INFO - Filling up the DagBag from /home/jithish/Documents/dag-dag-dag/.venv/lib/python3.10/site-packages/airflow/example_dags/plugins/workday.py
[2024-05-15T03:19:09.959+0800] {processor.py:842} WARNING - No viable dags retrieved from /home/jithish/Documents/dag-dag-dag/.venv/lib/python3.10/site-packages/airflow/example_dags/plugins/workday.py
[2024-05-15T03:19:09.967+0800] {processor.py:183} INFO - Processing /home/jithish/Documents/dag-dag-dag/.venv/lib/python3.10/site-packages/airflow/example_dags/plugins/workday.py took 0.290 seconds
[2024-05-15T03:20:00.725+0800] {processor.py:161} INFO - Started process (PID=79570) to work on /home/jithish/Documents/dag-dag-dag/.venv/lib/python3.10/site-packages/airflow/example_dags/plugins/workday.py
[2024-05-15T03:20:00.787+0800] {processor.py:830} INFO - Processing file /home/jithish/Documents/dag-dag-dag/.venv/lib/python3.10/site-packages/airflow/example_dags/plugins/workday.py for tasks to queue
[2024-05-15T03:20:00.793+0800] {logging_mixin.py:188} INFO - [2024-05-15T03:20:00.791+0800] {dagbag.py:545} INFO - Filling up the DagBag from /home/jithish/Documents/dag-dag-dag/.venv/lib/python3.10/site-packages/airflow/example_dags/plugins/workday.py
[2024-05-15T03:20:01.079+0800] {processor.py:842} WARNING - No viable dags retrieved from /home/jithish/Documents/dag-dag-dag/.venv/lib/python3.10/site-packages/airflow/example_dags/plugins/workday.py
[2024-05-15T03:20:01.085+0800] {processor.py:183} INFO - Processing /home/jithish/Documents/dag-dag-dag/.venv/lib/python3.10/site-packages/airflow/example_dags/plugins/workday.py took 0.367 seconds
[2024-05-15T03:20:53.525+0800] {processor.py:161} INFO - Started process (PID=80315) to work on /home/jithish/Documents/dag-dag-dag/.venv/lib/python3.10/site-packages/airflow/example_dags/plugins/workday.py
[2024-05-15T03:20:53.587+0800] {processor.py:830} INFO - Processing file /home/jithish/Documents/dag-dag-dag/.venv/lib/python3.10/site-packages/airflow/example_dags/plugins/workday.py for tasks to queue
[2024-05-15T03:20:53.593+0800] {logging_mixin.py:188} INFO - [2024-05-15T03:20:53.591+0800] {dagbag.py:545} INFO - Filling up the DagBag from /home/jithish/Documents/dag-dag-dag/.venv/lib/python3.10/site-packages/airflow/example_dags/plugins/workday.py
[2024-05-15T03:20:53.874+0800] {processor.py:842} WARNING - No viable dags retrieved from /home/jithish/Documents/dag-dag-dag/.venv/lib/python3.10/site-packages/airflow/example_dags/plugins/workday.py
[2024-05-15T03:20:53.880+0800] {processor.py:183} INFO - Processing /home/jithish/Documents/dag-dag-dag/.venv/lib/python3.10/site-packages/airflow/example_dags/plugins/workday.py took 0.366 seconds
[2024-05-15T03:21:46.188+0800] {processor.py:161} INFO - Started process (PID=81077) to work on /home/jithish/Documents/dag-dag-dag/.venv/lib/python3.10/site-packages/airflow/example_dags/plugins/workday.py
[2024-05-15T03:21:46.189+0800] {processor.py:830} INFO - Processing file /home/jithish/Documents/dag-dag-dag/.venv/lib/python3.10/site-packages/airflow/example_dags/plugins/workday.py for tasks to queue
[2024-05-15T03:21:46.191+0800] {logging_mixin.py:188} INFO - [2024-05-15T03:21:46.191+0800] {dagbag.py:545} INFO - Filling up the DagBag from /home/jithish/Documents/dag-dag-dag/.venv/lib/python3.10/site-packages/airflow/example_dags/plugins/workday.py
[2024-05-15T03:21:46.460+0800] {processor.py:842} WARNING - No viable dags retrieved from /home/jithish/Documents/dag-dag-dag/.venv/lib/python3.10/site-packages/airflow/example_dags/plugins/workday.py
[2024-05-15T03:21:46.469+0800] {processor.py:183} INFO - Processing /home/jithish/Documents/dag-dag-dag/.venv/lib/python3.10/site-packages/airflow/example_dags/plugins/workday.py took 0.289 seconds
[2024-05-15T03:22:39.424+0800] {processor.py:161} INFO - Started process (PID=81863) to work on /home/jithish/Documents/dag-dag-dag/.venv/lib/python3.10/site-packages/airflow/example_dags/plugins/workday.py
[2024-05-15T03:22:39.485+0800] {processor.py:830} INFO - Processing file /home/jithish/Documents/dag-dag-dag/.venv/lib/python3.10/site-packages/airflow/example_dags/plugins/workday.py for tasks to queue
[2024-05-15T03:22:39.489+0800] {logging_mixin.py:188} INFO - [2024-05-15T03:22:39.488+0800] {dagbag.py:545} INFO - Filling up the DagBag from /home/jithish/Documents/dag-dag-dag/.venv/lib/python3.10/site-packages/airflow/example_dags/plugins/workday.py
[2024-05-15T03:22:39.767+0800] {processor.py:842} WARNING - No viable dags retrieved from /home/jithish/Documents/dag-dag-dag/.venv/lib/python3.10/site-packages/airflow/example_dags/plugins/workday.py
[2024-05-15T03:22:39.772+0800] {processor.py:183} INFO - Processing /home/jithish/Documents/dag-dag-dag/.venv/lib/python3.10/site-packages/airflow/example_dags/plugins/workday.py took 0.353 seconds
[2024-05-15T03:23:32.759+0800] {processor.py:161} INFO - Started process (PID=82359) to work on /home/jithish/Documents/dag-dag-dag/.venv/lib/python3.10/site-packages/airflow/example_dags/plugins/workday.py
[2024-05-15T03:23:32.820+0800] {processor.py:830} INFO - Processing file /home/jithish/Documents/dag-dag-dag/.venv/lib/python3.10/site-packages/airflow/example_dags/plugins/workday.py for tasks to queue
[2024-05-15T03:23:32.825+0800] {logging_mixin.py:188} INFO - [2024-05-15T03:23:32.824+0800] {dagbag.py:545} INFO - Filling up the DagBag from /home/jithish/Documents/dag-dag-dag/.venv/lib/python3.10/site-packages/airflow/example_dags/plugins/workday.py
[2024-05-15T03:23:33.086+0800] {processor.py:842} WARNING - No viable dags retrieved from /home/jithish/Documents/dag-dag-dag/.venv/lib/python3.10/site-packages/airflow/example_dags/plugins/workday.py
[2024-05-15T03:23:33.092+0800] {processor.py:183} INFO - Processing /home/jithish/Documents/dag-dag-dag/.venv/lib/python3.10/site-packages/airflow/example_dags/plugins/workday.py took 0.350 seconds
[2024-05-15T03:24:27.384+0800] {processor.py:161} INFO - Started process (PID=82818) to work on /home/jithish/Documents/dag-dag-dag/.venv/lib/python3.10/site-packages/airflow/example_dags/plugins/workday.py
[2024-05-15T03:24:27.447+0800] {processor.py:830} INFO - Processing file /home/jithish/Documents/dag-dag-dag/.venv/lib/python3.10/site-packages/airflow/example_dags/plugins/workday.py for tasks to queue
[2024-05-15T03:24:27.449+0800] {logging_mixin.py:188} INFO - [2024-05-15T03:24:27.449+0800] {dagbag.py:545} INFO - Filling up the DagBag from /home/jithish/Documents/dag-dag-dag/.venv/lib/python3.10/site-packages/airflow/example_dags/plugins/workday.py
[2024-05-15T03:24:27.701+0800] {processor.py:842} WARNING - No viable dags retrieved from /home/jithish/Documents/dag-dag-dag/.venv/lib/python3.10/site-packages/airflow/example_dags/plugins/workday.py
[2024-05-15T03:24:27.707+0800] {processor.py:183} INFO - Processing /home/jithish/Documents/dag-dag-dag/.venv/lib/python3.10/site-packages/airflow/example_dags/plugins/workday.py took 0.329 seconds
[2024-05-15T03:25:22.431+0800] {processor.py:161} INFO - Started process (PID=83298) to work on /home/jithish/Documents/dag-dag-dag/.venv/lib/python3.10/site-packages/airflow/example_dags/plugins/workday.py
[2024-05-15T03:25:22.492+0800] {processor.py:830} INFO - Processing file /home/jithish/Documents/dag-dag-dag/.venv/lib/python3.10/site-packages/airflow/example_dags/plugins/workday.py for tasks to queue
[2024-05-15T03:25:22.497+0800] {logging_mixin.py:188} INFO - [2024-05-15T03:25:22.496+0800] {dagbag.py:545} INFO - Filling up the DagBag from /home/jithish/Documents/dag-dag-dag/.venv/lib/python3.10/site-packages/airflow/example_dags/plugins/workday.py
[2024-05-15T03:25:22.756+0800] {processor.py:842} WARNING - No viable dags retrieved from /home/jithish/Documents/dag-dag-dag/.venv/lib/python3.10/site-packages/airflow/example_dags/plugins/workday.py
[2024-05-15T03:25:22.762+0800] {processor.py:183} INFO - Processing /home/jithish/Documents/dag-dag-dag/.venv/lib/python3.10/site-packages/airflow/example_dags/plugins/workday.py took 0.335 seconds
[2024-05-15T03:26:14.392+0800] {processor.py:161} INFO - Started process (PID=83729) to work on /home/jithish/Documents/dag-dag-dag/.venv/lib/python3.10/site-packages/airflow/example_dags/plugins/workday.py
[2024-05-15T03:26:14.455+0800] {processor.py:830} INFO - Processing file /home/jithish/Documents/dag-dag-dag/.venv/lib/python3.10/site-packages/airflow/example_dags/plugins/workday.py for tasks to queue
[2024-05-15T03:26:14.459+0800] {logging_mixin.py:188} INFO - [2024-05-15T03:26:14.458+0800] {dagbag.py:545} INFO - Filling up the DagBag from /home/jithish/Documents/dag-dag-dag/.venv/lib/python3.10/site-packages/airflow/example_dags/plugins/workday.py
[2024-05-15T03:26:14.715+0800] {processor.py:842} WARNING - No viable dags retrieved from /home/jithish/Documents/dag-dag-dag/.venv/lib/python3.10/site-packages/airflow/example_dags/plugins/workday.py
[2024-05-15T03:26:14.721+0800] {processor.py:183} INFO - Processing /home/jithish/Documents/dag-dag-dag/.venv/lib/python3.10/site-packages/airflow/example_dags/plugins/workday.py took 0.346 seconds
[2024-05-15T03:27:10.538+0800] {processor.py:161} INFO - Started process (PID=84496) to work on /home/jithish/Documents/dag-dag-dag/.venv/lib/python3.10/site-packages/airflow/example_dags/plugins/workday.py
[2024-05-15T03:27:10.599+0800] {processor.py:830} INFO - Processing file /home/jithish/Documents/dag-dag-dag/.venv/lib/python3.10/site-packages/airflow/example_dags/plugins/workday.py for tasks to queue
[2024-05-15T03:27:10.604+0800] {logging_mixin.py:188} INFO - [2024-05-15T03:27:10.603+0800] {dagbag.py:545} INFO - Filling up the DagBag from /home/jithish/Documents/dag-dag-dag/.venv/lib/python3.10/site-packages/airflow/example_dags/plugins/workday.py
[2024-05-15T03:27:10.879+0800] {processor.py:842} WARNING - No viable dags retrieved from /home/jithish/Documents/dag-dag-dag/.venv/lib/python3.10/site-packages/airflow/example_dags/plugins/workday.py
[2024-05-15T03:27:10.885+0800] {processor.py:183} INFO - Processing /home/jithish/Documents/dag-dag-dag/.venv/lib/python3.10/site-packages/airflow/example_dags/plugins/workday.py took 0.353 seconds
[2024-05-15T03:28:01.279+0800] {processor.py:161} INFO - Started process (PID=84919) to work on /home/jithish/Documents/dag-dag-dag/.venv/lib/python3.10/site-packages/airflow/example_dags/plugins/workday.py
[2024-05-15T03:28:01.340+0800] {processor.py:830} INFO - Processing file /home/jithish/Documents/dag-dag-dag/.venv/lib/python3.10/site-packages/airflow/example_dags/plugins/workday.py for tasks to queue
[2024-05-15T03:28:01.341+0800] {logging_mixin.py:188} INFO - [2024-05-15T03:28:01.341+0800] {dagbag.py:545} INFO - Filling up the DagBag from /home/jithish/Documents/dag-dag-dag/.venv/lib/python3.10/site-packages/airflow/example_dags/plugins/workday.py
[2024-05-15T03:28:01.586+0800] {processor.py:842} WARNING - No viable dags retrieved from /home/jithish/Documents/dag-dag-dag/.venv/lib/python3.10/site-packages/airflow/example_dags/plugins/workday.py
[2024-05-15T03:28:01.593+0800] {processor.py:183} INFO - Processing /home/jithish/Documents/dag-dag-dag/.venv/lib/python3.10/site-packages/airflow/example_dags/plugins/workday.py took 0.318 seconds
[2024-05-15T03:28:50.569+0800] {processor.py:161} INFO - Started process (PID=85328) to work on /home/jithish/Documents/dag-dag-dag/.venv/lib/python3.10/site-packages/airflow/example_dags/plugins/workday.py
[2024-05-15T03:28:50.570+0800] {processor.py:830} INFO - Processing file /home/jithish/Documents/dag-dag-dag/.venv/lib/python3.10/site-packages/airflow/example_dags/plugins/workday.py for tasks to queue
[2024-05-15T03:28:50.572+0800] {logging_mixin.py:188} INFO - [2024-05-15T03:28:50.572+0800] {dagbag.py:545} INFO - Filling up the DagBag from /home/jithish/Documents/dag-dag-dag/.venv/lib/python3.10/site-packages/airflow/example_dags/plugins/workday.py
[2024-05-15T03:28:50.822+0800] {processor.py:842} WARNING - No viable dags retrieved from /home/jithish/Documents/dag-dag-dag/.venv/lib/python3.10/site-packages/airflow/example_dags/plugins/workday.py
[2024-05-15T03:28:50.828+0800] {processor.py:183} INFO - Processing /home/jithish/Documents/dag-dag-dag/.venv/lib/python3.10/site-packages/airflow/example_dags/plugins/workday.py took 0.267 seconds
[2024-05-15T03:29:39.245+0800] {processor.py:161} INFO - Started process (PID=85805) to work on /home/jithish/Documents/dag-dag-dag/.venv/lib/python3.10/site-packages/airflow/example_dags/plugins/workday.py
[2024-05-15T03:29:39.306+0800] {processor.py:830} INFO - Processing file /home/jithish/Documents/dag-dag-dag/.venv/lib/python3.10/site-packages/airflow/example_dags/plugins/workday.py for tasks to queue
[2024-05-15T03:29:39.307+0800] {logging_mixin.py:188} INFO - [2024-05-15T03:29:39.307+0800] {dagbag.py:545} INFO - Filling up the DagBag from /home/jithish/Documents/dag-dag-dag/.venv/lib/python3.10/site-packages/airflow/example_dags/plugins/workday.py
[2024-05-15T03:29:39.583+0800] {processor.py:842} WARNING - No viable dags retrieved from /home/jithish/Documents/dag-dag-dag/.venv/lib/python3.10/site-packages/airflow/example_dags/plugins/workday.py
[2024-05-15T03:29:39.589+0800] {processor.py:183} INFO - Processing /home/jithish/Documents/dag-dag-dag/.venv/lib/python3.10/site-packages/airflow/example_dags/plugins/workday.py took 0.350 seconds
[2024-05-15T03:30:29.637+0800] {processor.py:161} INFO - Started process (PID=86230) to work on /home/jithish/Documents/dag-dag-dag/.venv/lib/python3.10/site-packages/airflow/example_dags/plugins/workday.py
[2024-05-15T03:30:29.700+0800] {processor.py:830} INFO - Processing file /home/jithish/Documents/dag-dag-dag/.venv/lib/python3.10/site-packages/airflow/example_dags/plugins/workday.py for tasks to queue
[2024-05-15T03:30:29.705+0800] {logging_mixin.py:188} INFO - [2024-05-15T03:30:29.704+0800] {dagbag.py:545} INFO - Filling up the DagBag from /home/jithish/Documents/dag-dag-dag/.venv/lib/python3.10/site-packages/airflow/example_dags/plugins/workday.py
[2024-05-15T03:30:29.975+0800] {processor.py:842} WARNING - No viable dags retrieved from /home/jithish/Documents/dag-dag-dag/.venv/lib/python3.10/site-packages/airflow/example_dags/plugins/workday.py
[2024-05-15T03:30:29.981+0800] {processor.py:183} INFO - Processing /home/jithish/Documents/dag-dag-dag/.venv/lib/python3.10/site-packages/airflow/example_dags/plugins/workday.py took 0.352 seconds
[2024-05-15T03:31:21.905+0800] {processor.py:161} INFO - Started process (PID=86663) to work on /home/jithish/Documents/dag-dag-dag/.venv/lib/python3.10/site-packages/airflow/example_dags/plugins/workday.py
[2024-05-15T03:31:21.967+0800] {processor.py:830} INFO - Processing file /home/jithish/Documents/dag-dag-dag/.venv/lib/python3.10/site-packages/airflow/example_dags/plugins/workday.py for tasks to queue
[2024-05-15T03:31:21.968+0800] {logging_mixin.py:188} INFO - [2024-05-15T03:31:21.968+0800] {dagbag.py:545} INFO - Filling up the DagBag from /home/jithish/Documents/dag-dag-dag/.venv/lib/python3.10/site-packages/airflow/example_dags/plugins/workday.py
[2024-05-15T03:31:22.207+0800] {processor.py:842} WARNING - No viable dags retrieved from /home/jithish/Documents/dag-dag-dag/.venv/lib/python3.10/site-packages/airflow/example_dags/plugins/workday.py
[2024-05-15T03:31:22.213+0800] {processor.py:183} INFO - Processing /home/jithish/Documents/dag-dag-dag/.venv/lib/python3.10/site-packages/airflow/example_dags/plugins/workday.py took 0.321 seconds
[2024-05-15T03:32:13.285+0800] {processor.py:161} INFO - Started process (PID=87084) to work on /home/jithish/Documents/dag-dag-dag/.venv/lib/python3.10/site-packages/airflow/example_dags/plugins/workday.py
[2024-05-15T03:32:13.346+0800] {processor.py:830} INFO - Processing file /home/jithish/Documents/dag-dag-dag/.venv/lib/python3.10/site-packages/airflow/example_dags/plugins/workday.py for tasks to queue
[2024-05-15T03:32:13.348+0800] {logging_mixin.py:188} INFO - [2024-05-15T03:32:13.347+0800] {dagbag.py:545} INFO - Filling up the DagBag from /home/jithish/Documents/dag-dag-dag/.venv/lib/python3.10/site-packages/airflow/example_dags/plugins/workday.py
[2024-05-15T03:32:13.595+0800] {processor.py:842} WARNING - No viable dags retrieved from /home/jithish/Documents/dag-dag-dag/.venv/lib/python3.10/site-packages/airflow/example_dags/plugins/workday.py
[2024-05-15T03:32:13.602+0800] {processor.py:183} INFO - Processing /home/jithish/Documents/dag-dag-dag/.venv/lib/python3.10/site-packages/airflow/example_dags/plugins/workday.py took 0.321 seconds
[2024-05-15T03:33:02.818+0800] {processor.py:161} INFO - Started process (PID=87534) to work on /home/jithish/Documents/dag-dag-dag/.venv/lib/python3.10/site-packages/airflow/example_dags/plugins/workday.py
[2024-05-15T03:33:02.879+0800] {processor.py:830} INFO - Processing file /home/jithish/Documents/dag-dag-dag/.venv/lib/python3.10/site-packages/airflow/example_dags/plugins/workday.py for tasks to queue
[2024-05-15T03:33:02.884+0800] {logging_mixin.py:188} INFO - [2024-05-15T03:33:02.883+0800] {dagbag.py:545} INFO - Filling up the DagBag from /home/jithish/Documents/dag-dag-dag/.venv/lib/python3.10/site-packages/airflow/example_dags/plugins/workday.py
[2024-05-15T03:33:03.172+0800] {processor.py:842} WARNING - No viable dags retrieved from /home/jithish/Documents/dag-dag-dag/.venv/lib/python3.10/site-packages/airflow/example_dags/plugins/workday.py
[2024-05-15T03:33:03.178+0800] {processor.py:183} INFO - Processing /home/jithish/Documents/dag-dag-dag/.venv/lib/python3.10/site-packages/airflow/example_dags/plugins/workday.py took 0.365 seconds
[2024-05-15T03:33:49.543+0800] {processor.py:161} INFO - Started process (PID=87961) to work on /home/jithish/Documents/dag-dag-dag/.venv/lib/python3.10/site-packages/airflow/example_dags/plugins/workday.py
[2024-05-15T03:33:49.604+0800] {processor.py:830} INFO - Processing file /home/jithish/Documents/dag-dag-dag/.venv/lib/python3.10/site-packages/airflow/example_dags/plugins/workday.py for tasks to queue
[2024-05-15T03:33:49.605+0800] {logging_mixin.py:188} INFO - [2024-05-15T03:33:49.605+0800] {dagbag.py:545} INFO - Filling up the DagBag from /home/jithish/Documents/dag-dag-dag/.venv/lib/python3.10/site-packages/airflow/example_dags/plugins/workday.py
[2024-05-15T03:33:49.882+0800] {processor.py:842} WARNING - No viable dags retrieved from /home/jithish/Documents/dag-dag-dag/.venv/lib/python3.10/site-packages/airflow/example_dags/plugins/workday.py
[2024-05-15T03:33:49.889+0800] {processor.py:183} INFO - Processing /home/jithish/Documents/dag-dag-dag/.venv/lib/python3.10/site-packages/airflow/example_dags/plugins/workday.py took 0.352 seconds
[2024-05-15T03:34:34.885+0800] {processor.py:161} INFO - Started process (PID=88424) to work on /home/jithish/Documents/dag-dag-dag/.venv/lib/python3.10/site-packages/airflow/example_dags/plugins/workday.py
[2024-05-15T03:34:34.949+0800] {processor.py:830} INFO - Processing file /home/jithish/Documents/dag-dag-dag/.venv/lib/python3.10/site-packages/airflow/example_dags/plugins/workday.py for tasks to queue
[2024-05-15T03:34:34.950+0800] {logging_mixin.py:188} INFO - [2024-05-15T03:34:34.950+0800] {dagbag.py:545} INFO - Filling up the DagBag from /home/jithish/Documents/dag-dag-dag/.venv/lib/python3.10/site-packages/airflow/example_dags/plugins/workday.py
[2024-05-15T03:34:35.253+0800] {processor.py:842} WARNING - No viable dags retrieved from /home/jithish/Documents/dag-dag-dag/.venv/lib/python3.10/site-packages/airflow/example_dags/plugins/workday.py
[2024-05-15T03:34:35.260+0800] {processor.py:183} INFO - Processing /home/jithish/Documents/dag-dag-dag/.venv/lib/python3.10/site-packages/airflow/example_dags/plugins/workday.py took 0.381 seconds
[2024-05-15T03:35:22.180+0800] {processor.py:161} INFO - Started process (PID=88793) to work on /home/jithish/Documents/dag-dag-dag/.venv/lib/python3.10/site-packages/airflow/example_dags/plugins/workday.py
[2024-05-15T03:35:22.241+0800] {processor.py:830} INFO - Processing file /home/jithish/Documents/dag-dag-dag/.venv/lib/python3.10/site-packages/airflow/example_dags/plugins/workday.py for tasks to queue
[2024-05-15T03:35:22.242+0800] {logging_mixin.py:188} INFO - [2024-05-15T03:35:22.242+0800] {dagbag.py:545} INFO - Filling up the DagBag from /home/jithish/Documents/dag-dag-dag/.venv/lib/python3.10/site-packages/airflow/example_dags/plugins/workday.py
[2024-05-15T03:35:22.556+0800] {processor.py:842} WARNING - No viable dags retrieved from /home/jithish/Documents/dag-dag-dag/.venv/lib/python3.10/site-packages/airflow/example_dags/plugins/workday.py
[2024-05-15T03:35:22.564+0800] {processor.py:183} INFO - Processing /home/jithish/Documents/dag-dag-dag/.venv/lib/python3.10/site-packages/airflow/example_dags/plugins/workday.py took 0.390 seconds
[2024-05-15T03:36:12.476+0800] {processor.py:161} INFO - Started process (PID=89231) to work on /home/jithish/Documents/dag-dag-dag/.venv/lib/python3.10/site-packages/airflow/example_dags/plugins/workday.py
[2024-05-15T03:36:12.517+0800] {processor.py:830} INFO - Processing file /home/jithish/Documents/dag-dag-dag/.venv/lib/python3.10/site-packages/airflow/example_dags/plugins/workday.py for tasks to queue
[2024-05-15T03:36:12.519+0800] {logging_mixin.py:188} INFO - [2024-05-15T03:36:12.518+0800] {dagbag.py:545} INFO - Filling up the DagBag from /home/jithish/Documents/dag-dag-dag/.venv/lib/python3.10/site-packages/airflow/example_dags/plugins/workday.py
[2024-05-15T03:36:12.817+0800] {processor.py:842} WARNING - No viable dags retrieved from /home/jithish/Documents/dag-dag-dag/.venv/lib/python3.10/site-packages/airflow/example_dags/plugins/workday.py
[2024-05-15T03:36:12.824+0800] {processor.py:183} INFO - Processing /home/jithish/Documents/dag-dag-dag/.venv/lib/python3.10/site-packages/airflow/example_dags/plugins/workday.py took 0.354 seconds
[2024-05-15T03:37:00.563+0800] {processor.py:161} INFO - Started process (PID=89734) to work on /home/jithish/Documents/dag-dag-dag/.venv/lib/python3.10/site-packages/airflow/example_dags/plugins/workday.py
[2024-05-15T03:37:00.624+0800] {processor.py:830} INFO - Processing file /home/jithish/Documents/dag-dag-dag/.venv/lib/python3.10/site-packages/airflow/example_dags/plugins/workday.py for tasks to queue
[2024-05-15T03:37:00.625+0800] {logging_mixin.py:188} INFO - [2024-05-15T03:37:00.625+0800] {dagbag.py:545} INFO - Filling up the DagBag from /home/jithish/Documents/dag-dag-dag/.venv/lib/python3.10/site-packages/airflow/example_dags/plugins/workday.py
[2024-05-15T03:37:00.918+0800] {processor.py:842} WARNING - No viable dags retrieved from /home/jithish/Documents/dag-dag-dag/.venv/lib/python3.10/site-packages/airflow/example_dags/plugins/workday.py
[2024-05-15T03:37:00.925+0800] {processor.py:183} INFO - Processing /home/jithish/Documents/dag-dag-dag/.venv/lib/python3.10/site-packages/airflow/example_dags/plugins/workday.py took 0.367 seconds
[2024-05-15T03:37:51.570+0800] {processor.py:161} INFO - Started process (PID=90191) to work on /home/jithish/Documents/dag-dag-dag/.venv/lib/python3.10/site-packages/airflow/example_dags/plugins/workday.py
[2024-05-15T03:37:51.631+0800] {processor.py:830} INFO - Processing file /home/jithish/Documents/dag-dag-dag/.venv/lib/python3.10/site-packages/airflow/example_dags/plugins/workday.py for tasks to queue
[2024-05-15T03:37:51.634+0800] {logging_mixin.py:188} INFO - [2024-05-15T03:37:51.633+0800] {dagbag.py:545} INFO - Filling up the DagBag from /home/jithish/Documents/dag-dag-dag/.venv/lib/python3.10/site-packages/airflow/example_dags/plugins/workday.py
[2024-05-15T03:37:51.955+0800] {processor.py:842} WARNING - No viable dags retrieved from /home/jithish/Documents/dag-dag-dag/.venv/lib/python3.10/site-packages/airflow/example_dags/plugins/workday.py
[2024-05-15T03:37:51.960+0800] {processor.py:183} INFO - Processing /home/jithish/Documents/dag-dag-dag/.venv/lib/python3.10/site-packages/airflow/example_dags/plugins/workday.py took 0.394 seconds
[2024-05-15T03:38:41.826+0800] {processor.py:161} INFO - Started process (PID=90764) to work on /home/jithish/Documents/dag-dag-dag/.venv/lib/python3.10/site-packages/airflow/example_dags/plugins/workday.py
[2024-05-15T03:38:41.888+0800] {processor.py:830} INFO - Processing file /home/jithish/Documents/dag-dag-dag/.venv/lib/python3.10/site-packages/airflow/example_dags/plugins/workday.py for tasks to queue
[2024-05-15T03:38:41.893+0800] {logging_mixin.py:188} INFO - [2024-05-15T03:38:41.891+0800] {dagbag.py:545} INFO - Filling up the DagBag from /home/jithish/Documents/dag-dag-dag/.venv/lib/python3.10/site-packages/airflow/example_dags/plugins/workday.py
[2024-05-15T03:38:42.240+0800] {processor.py:842} WARNING - No viable dags retrieved from /home/jithish/Documents/dag-dag-dag/.venv/lib/python3.10/site-packages/airflow/example_dags/plugins/workday.py
[2024-05-15T03:38:42.245+0800] {processor.py:183} INFO - Processing /home/jithish/Documents/dag-dag-dag/.venv/lib/python3.10/site-packages/airflow/example_dags/plugins/workday.py took 0.427 seconds
[2024-05-15T03:39:44.274+0800] {processor.py:161} INFO - Started process (PID=91741) to work on /home/jithish/Documents/dag-dag-dag/.venv/lib/python3.10/site-packages/airflow/example_dags/plugins/workday.py
[2024-05-15T03:39:44.304+0800] {processor.py:830} INFO - Processing file /home/jithish/Documents/dag-dag-dag/.venv/lib/python3.10/site-packages/airflow/example_dags/plugins/workday.py for tasks to queue
[2024-05-15T03:39:44.309+0800] {logging_mixin.py:188} INFO - [2024-05-15T03:39:44.307+0800] {dagbag.py:545} INFO - Filling up the DagBag from /home/jithish/Documents/dag-dag-dag/.venv/lib/python3.10/site-packages/airflow/example_dags/plugins/workday.py
[2024-05-15T03:39:44.677+0800] {processor.py:842} WARNING - No viable dags retrieved from /home/jithish/Documents/dag-dag-dag/.venv/lib/python3.10/site-packages/airflow/example_dags/plugins/workday.py
[2024-05-15T03:39:44.683+0800] {processor.py:183} INFO - Processing /home/jithish/Documents/dag-dag-dag/.venv/lib/python3.10/site-packages/airflow/example_dags/plugins/workday.py took 0.421 seconds
[2024-05-15T03:40:43.184+0800] {processor.py:161} INFO - Started process (PID=93326) to work on /home/jithish/Documents/dag-dag-dag/.venv/lib/python3.10/site-packages/airflow/example_dags/plugins/workday.py
[2024-05-15T03:40:43.246+0800] {processor.py:830} INFO - Processing file /home/jithish/Documents/dag-dag-dag/.venv/lib/python3.10/site-packages/airflow/example_dags/plugins/workday.py for tasks to queue
[2024-05-15T03:40:43.250+0800] {logging_mixin.py:188} INFO - [2024-05-15T03:40:43.249+0800] {dagbag.py:545} INFO - Filling up the DagBag from /home/jithish/Documents/dag-dag-dag/.venv/lib/python3.10/site-packages/airflow/example_dags/plugins/workday.py
[2024-05-15T03:40:43.618+0800] {processor.py:842} WARNING - No viable dags retrieved from /home/jithish/Documents/dag-dag-dag/.venv/lib/python3.10/site-packages/airflow/example_dags/plugins/workday.py
[2024-05-15T03:40:43.622+0800] {processor.py:183} INFO - Processing /home/jithish/Documents/dag-dag-dag/.venv/lib/python3.10/site-packages/airflow/example_dags/plugins/workday.py took 0.442 seconds
[2024-05-15T03:41:39.514+0800] {processor.py:161} INFO - Started process (PID=94121) to work on /home/jithish/Documents/dag-dag-dag/.venv/lib/python3.10/site-packages/airflow/example_dags/plugins/workday.py
[2024-05-15T03:41:39.515+0800] {processor.py:830} INFO - Processing file /home/jithish/Documents/dag-dag-dag/.venv/lib/python3.10/site-packages/airflow/example_dags/plugins/workday.py for tasks to queue
[2024-05-15T03:41:39.517+0800] {logging_mixin.py:188} INFO - [2024-05-15T03:41:39.516+0800] {dagbag.py:545} INFO - Filling up the DagBag from /home/jithish/Documents/dag-dag-dag/.venv/lib/python3.10/site-packages/airflow/example_dags/plugins/workday.py
[2024-05-15T03:41:39.881+0800] {processor.py:842} WARNING - No viable dags retrieved from /home/jithish/Documents/dag-dag-dag/.venv/lib/python3.10/site-packages/airflow/example_dags/plugins/workday.py
[2024-05-15T03:41:39.887+0800] {processor.py:183} INFO - Processing /home/jithish/Documents/dag-dag-dag/.venv/lib/python3.10/site-packages/airflow/example_dags/plugins/workday.py took 0.382 seconds
[2024-05-15T03:42:33.156+0800] {processor.py:161} INFO - Started process (PID=94877) to work on /home/jithish/Documents/dag-dag-dag/.venv/lib/python3.10/site-packages/airflow/example_dags/plugins/workday.py
[2024-05-15T03:42:33.217+0800] {processor.py:830} INFO - Processing file /home/jithish/Documents/dag-dag-dag/.venv/lib/python3.10/site-packages/airflow/example_dags/plugins/workday.py for tasks to queue
[2024-05-15T03:42:33.220+0800] {logging_mixin.py:188} INFO - [2024-05-15T03:42:33.220+0800] {dagbag.py:545} INFO - Filling up the DagBag from /home/jithish/Documents/dag-dag-dag/.venv/lib/python3.10/site-packages/airflow/example_dags/plugins/workday.py
[2024-05-15T03:42:33.601+0800] {processor.py:842} WARNING - No viable dags retrieved from /home/jithish/Documents/dag-dag-dag/.venv/lib/python3.10/site-packages/airflow/example_dags/plugins/workday.py
[2024-05-15T03:42:33.605+0800] {processor.py:183} INFO - Processing /home/jithish/Documents/dag-dag-dag/.venv/lib/python3.10/site-packages/airflow/example_dags/plugins/workday.py took 0.453 seconds
[2024-05-15T03:43:25.167+0800] {processor.py:161} INFO - Started process (PID=95606) to work on /home/jithish/Documents/dag-dag-dag/.venv/lib/python3.10/site-packages/airflow/example_dags/plugins/workday.py
[2024-05-15T03:43:25.229+0800] {processor.py:830} INFO - Processing file /home/jithish/Documents/dag-dag-dag/.venv/lib/python3.10/site-packages/airflow/example_dags/plugins/workday.py for tasks to queue
[2024-05-15T03:43:25.230+0800] {logging_mixin.py:188} INFO - [2024-05-15T03:43:25.230+0800] {dagbag.py:545} INFO - Filling up the DagBag from /home/jithish/Documents/dag-dag-dag/.venv/lib/python3.10/site-packages/airflow/example_dags/plugins/workday.py
[2024-05-15T03:43:25.579+0800] {processor.py:842} WARNING - No viable dags retrieved from /home/jithish/Documents/dag-dag-dag/.venv/lib/python3.10/site-packages/airflow/example_dags/plugins/workday.py
[2024-05-15T03:43:25.584+0800] {processor.py:183} INFO - Processing /home/jithish/Documents/dag-dag-dag/.venv/lib/python3.10/site-packages/airflow/example_dags/plugins/workday.py took 0.427 seconds
[2024-05-15T03:44:22.042+0800] {processor.py:161} INFO - Started process (PID=96495) to work on /home/jithish/Documents/dag-dag-dag/.venv/lib/python3.10/site-packages/airflow/example_dags/plugins/workday.py
[2024-05-15T03:44:22.104+0800] {processor.py:830} INFO - Processing file /home/jithish/Documents/dag-dag-dag/.venv/lib/python3.10/site-packages/airflow/example_dags/plugins/workday.py for tasks to queue
[2024-05-15T03:44:22.109+0800] {logging_mixin.py:188} INFO - [2024-05-15T03:44:22.107+0800] {dagbag.py:545} INFO - Filling up the DagBag from /home/jithish/Documents/dag-dag-dag/.venv/lib/python3.10/site-packages/airflow/example_dags/plugins/workday.py
[2024-05-15T03:44:22.437+0800] {processor.py:842} WARNING - No viable dags retrieved from /home/jithish/Documents/dag-dag-dag/.venv/lib/python3.10/site-packages/airflow/example_dags/plugins/workday.py
[2024-05-15T03:44:22.441+0800] {processor.py:183} INFO - Processing /home/jithish/Documents/dag-dag-dag/.venv/lib/python3.10/site-packages/airflow/example_dags/plugins/workday.py took 0.413 seconds
[2024-05-15T03:45:20.121+0800] {processor.py:161} INFO - Started process (PID=97058) to work on /home/jithish/Documents/dag-dag-dag/.venv/lib/python3.10/site-packages/airflow/example_dags/plugins/workday.py
[2024-05-15T03:45:20.122+0800] {processor.py:830} INFO - Processing file /home/jithish/Documents/dag-dag-dag/.venv/lib/python3.10/site-packages/airflow/example_dags/plugins/workday.py for tasks to queue
[2024-05-15T03:45:20.123+0800] {logging_mixin.py:188} INFO - [2024-05-15T03:45:20.123+0800] {dagbag.py:545} INFO - Filling up the DagBag from /home/jithish/Documents/dag-dag-dag/.venv/lib/python3.10/site-packages/airflow/example_dags/plugins/workday.py
[2024-05-15T03:45:20.456+0800] {processor.py:842} WARNING - No viable dags retrieved from /home/jithish/Documents/dag-dag-dag/.venv/lib/python3.10/site-packages/airflow/example_dags/plugins/workday.py
[2024-05-15T03:45:20.460+0800] {processor.py:183} INFO - Processing /home/jithish/Documents/dag-dag-dag/.venv/lib/python3.10/site-packages/airflow/example_dags/plugins/workday.py took 0.343 seconds
[2024-05-15T03:46:20.554+0800] {processor.py:161} INFO - Started process (PID=98062) to work on /home/jithish/Documents/dag-dag-dag/.venv/lib/python3.10/site-packages/airflow/example_dags/plugins/workday.py
[2024-05-15T03:46:20.555+0800] {processor.py:830} INFO - Processing file /home/jithish/Documents/dag-dag-dag/.venv/lib/python3.10/site-packages/airflow/example_dags/plugins/workday.py for tasks to queue
[2024-05-15T03:46:20.556+0800] {logging_mixin.py:188} INFO - [2024-05-15T03:46:20.556+0800] {dagbag.py:545} INFO - Filling up the DagBag from /home/jithish/Documents/dag-dag-dag/.venv/lib/python3.10/site-packages/airflow/example_dags/plugins/workday.py
[2024-05-15T03:46:20.925+0800] {processor.py:842} WARNING - No viable dags retrieved from /home/jithish/Documents/dag-dag-dag/.venv/lib/python3.10/site-packages/airflow/example_dags/plugins/workday.py
[2024-05-15T03:46:20.930+0800] {processor.py:183} INFO - Processing /home/jithish/Documents/dag-dag-dag/.venv/lib/python3.10/site-packages/airflow/example_dags/plugins/workday.py took 0.382 seconds
[2024-05-15T03:47:21.839+0800] {processor.py:161} INFO - Started process (PID=98916) to work on /home/jithish/Documents/dag-dag-dag/.venv/lib/python3.10/site-packages/airflow/example_dags/plugins/workday.py
[2024-05-15T03:47:21.840+0800] {processor.py:830} INFO - Processing file /home/jithish/Documents/dag-dag-dag/.venv/lib/python3.10/site-packages/airflow/example_dags/plugins/workday.py for tasks to queue
[2024-05-15T03:47:21.841+0800] {logging_mixin.py:188} INFO - [2024-05-15T03:47:21.841+0800] {dagbag.py:545} INFO - Filling up the DagBag from /home/jithish/Documents/dag-dag-dag/.venv/lib/python3.10/site-packages/airflow/example_dags/plugins/workday.py
[2024-05-15T03:47:22.217+0800] {processor.py:842} WARNING - No viable dags retrieved from /home/jithish/Documents/dag-dag-dag/.venv/lib/python3.10/site-packages/airflow/example_dags/plugins/workday.py
[2024-05-15T03:47:22.222+0800] {processor.py:183} INFO - Processing /home/jithish/Documents/dag-dag-dag/.venv/lib/python3.10/site-packages/airflow/example_dags/plugins/workday.py took 0.390 seconds
[2024-05-15T03:48:13.060+0800] {processor.py:161} INFO - Started process (PID=99589) to work on /home/jithish/Documents/dag-dag-dag/.venv/lib/python3.10/site-packages/airflow/example_dags/plugins/workday.py
[2024-05-15T03:48:13.125+0800] {processor.py:830} INFO - Processing file /home/jithish/Documents/dag-dag-dag/.venv/lib/python3.10/site-packages/airflow/example_dags/plugins/workday.py for tasks to queue
[2024-05-15T03:48:13.130+0800] {logging_mixin.py:188} INFO - [2024-05-15T03:48:13.129+0800] {dagbag.py:545} INFO - Filling up the DagBag from /home/jithish/Documents/dag-dag-dag/.venv/lib/python3.10/site-packages/airflow/example_dags/plugins/workday.py
[2024-05-15T03:48:13.523+0800] {processor.py:842} WARNING - No viable dags retrieved from /home/jithish/Documents/dag-dag-dag/.venv/lib/python3.10/site-packages/airflow/example_dags/plugins/workday.py
[2024-05-15T03:48:13.529+0800] {processor.py:183} INFO - Processing /home/jithish/Documents/dag-dag-dag/.venv/lib/python3.10/site-packages/airflow/example_dags/plugins/workday.py took 0.477 seconds
[2024-05-15T03:49:05.630+0800] {processor.py:161} INFO - Started process (PID=100407) to work on /home/jithish/Documents/dag-dag-dag/.venv/lib/python3.10/site-packages/airflow/example_dags/plugins/workday.py
[2024-05-15T03:49:05.691+0800] {processor.py:830} INFO - Processing file /home/jithish/Documents/dag-dag-dag/.venv/lib/python3.10/site-packages/airflow/example_dags/plugins/workday.py for tasks to queue
[2024-05-15T03:49:05.696+0800] {logging_mixin.py:188} INFO - [2024-05-15T03:49:05.695+0800] {dagbag.py:545} INFO - Filling up the DagBag from /home/jithish/Documents/dag-dag-dag/.venv/lib/python3.10/site-packages/airflow/example_dags/plugins/workday.py
[2024-05-15T03:49:06.070+0800] {processor.py:842} WARNING - No viable dags retrieved from /home/jithish/Documents/dag-dag-dag/.venv/lib/python3.10/site-packages/airflow/example_dags/plugins/workday.py
[2024-05-15T03:49:06.074+0800] {processor.py:183} INFO - Processing /home/jithish/Documents/dag-dag-dag/.venv/lib/python3.10/site-packages/airflow/example_dags/plugins/workday.py took 0.454 seconds
[2024-05-15T03:50:03.073+0800] {processor.py:161} INFO - Started process (PID=101191) to work on /home/jithish/Documents/dag-dag-dag/.venv/lib/python3.10/site-packages/airflow/example_dags/plugins/workday.py
[2024-05-15T03:50:03.074+0800] {processor.py:830} INFO - Processing file /home/jithish/Documents/dag-dag-dag/.venv/lib/python3.10/site-packages/airflow/example_dags/plugins/workday.py for tasks to queue
[2024-05-15T03:50:03.076+0800] {logging_mixin.py:188} INFO - [2024-05-15T03:50:03.075+0800] {dagbag.py:545} INFO - Filling up the DagBag from /home/jithish/Documents/dag-dag-dag/.venv/lib/python3.10/site-packages/airflow/example_dags/plugins/workday.py
[2024-05-15T03:50:03.430+0800] {processor.py:842} WARNING - No viable dags retrieved from /home/jithish/Documents/dag-dag-dag/.venv/lib/python3.10/site-packages/airflow/example_dags/plugins/workday.py
[2024-05-15T03:50:03.434+0800] {processor.py:183} INFO - Processing /home/jithish/Documents/dag-dag-dag/.venv/lib/python3.10/site-packages/airflow/example_dags/plugins/workday.py took 0.366 seconds
[2024-05-15T03:50:59.775+0800] {processor.py:161} INFO - Started process (PID=101997) to work on /home/jithish/Documents/dag-dag-dag/.venv/lib/python3.10/site-packages/airflow/example_dags/plugins/workday.py
[2024-05-15T03:50:59.837+0800] {processor.py:830} INFO - Processing file /home/jithish/Documents/dag-dag-dag/.venv/lib/python3.10/site-packages/airflow/example_dags/plugins/workday.py for tasks to queue
[2024-05-15T03:50:59.843+0800] {logging_mixin.py:188} INFO - [2024-05-15T03:50:59.841+0800] {dagbag.py:545} INFO - Filling up the DagBag from /home/jithish/Documents/dag-dag-dag/.venv/lib/python3.10/site-packages/airflow/example_dags/plugins/workday.py
[2024-05-15T03:51:00.222+0800] {processor.py:842} WARNING - No viable dags retrieved from /home/jithish/Documents/dag-dag-dag/.venv/lib/python3.10/site-packages/airflow/example_dags/plugins/workday.py
[2024-05-15T03:51:00.227+0800] {processor.py:183} INFO - Processing /home/jithish/Documents/dag-dag-dag/.venv/lib/python3.10/site-packages/airflow/example_dags/plugins/workday.py took 0.459 seconds
[2024-05-15T03:51:53.985+0800] {processor.py:161} INFO - Started process (PID=102618) to work on /home/jithish/Documents/dag-dag-dag/.venv/lib/python3.10/site-packages/airflow/example_dags/plugins/workday.py
[2024-05-15T03:51:54.049+0800] {processor.py:830} INFO - Processing file /home/jithish/Documents/dag-dag-dag/.venv/lib/python3.10/site-packages/airflow/example_dags/plugins/workday.py for tasks to queue
[2024-05-15T03:51:54.052+0800] {logging_mixin.py:188} INFO - [2024-05-15T03:51:54.051+0800] {dagbag.py:545} INFO - Filling up the DagBag from /home/jithish/Documents/dag-dag-dag/.venv/lib/python3.10/site-packages/airflow/example_dags/plugins/workday.py
[2024-05-15T03:51:54.392+0800] {processor.py:842} WARNING - No viable dags retrieved from /home/jithish/Documents/dag-dag-dag/.venv/lib/python3.10/site-packages/airflow/example_dags/plugins/workday.py
[2024-05-15T03:51:54.397+0800] {processor.py:183} INFO - Processing /home/jithish/Documents/dag-dag-dag/.venv/lib/python3.10/site-packages/airflow/example_dags/plugins/workday.py took 0.416 seconds
[2024-05-15T03:52:42.126+0800] {processor.py:161} INFO - Started process (PID=103072) to work on /home/jithish/Documents/dag-dag-dag/.venv/lib/python3.10/site-packages/airflow/example_dags/plugins/workday.py
[2024-05-15T03:52:42.187+0800] {processor.py:830} INFO - Processing file /home/jithish/Documents/dag-dag-dag/.venv/lib/python3.10/site-packages/airflow/example_dags/plugins/workday.py for tasks to queue
[2024-05-15T03:52:42.189+0800] {logging_mixin.py:188} INFO - [2024-05-15T03:52:42.188+0800] {dagbag.py:545} INFO - Filling up the DagBag from /home/jithish/Documents/dag-dag-dag/.venv/lib/python3.10/site-packages/airflow/example_dags/plugins/workday.py
[2024-05-15T03:52:42.549+0800] {processor.py:842} WARNING - No viable dags retrieved from /home/jithish/Documents/dag-dag-dag/.venv/lib/python3.10/site-packages/airflow/example_dags/plugins/workday.py
[2024-05-15T03:52:42.553+0800] {processor.py:183} INFO - Processing /home/jithish/Documents/dag-dag-dag/.venv/lib/python3.10/site-packages/airflow/example_dags/plugins/workday.py took 0.433 seconds
[2024-05-15T03:53:34.030+0800] {processor.py:161} INFO - Started process (PID=103772) to work on /home/jithish/Documents/dag-dag-dag/.venv/lib/python3.10/site-packages/airflow/example_dags/plugins/workday.py
[2024-05-15T03:53:34.092+0800] {processor.py:830} INFO - Processing file /home/jithish/Documents/dag-dag-dag/.venv/lib/python3.10/site-packages/airflow/example_dags/plugins/workday.py for tasks to queue
[2024-05-15T03:53:34.096+0800] {logging_mixin.py:188} INFO - [2024-05-15T03:53:34.095+0800] {dagbag.py:545} INFO - Filling up the DagBag from /home/jithish/Documents/dag-dag-dag/.venv/lib/python3.10/site-packages/airflow/example_dags/plugins/workday.py
[2024-05-15T03:53:34.426+0800] {processor.py:842} WARNING - No viable dags retrieved from /home/jithish/Documents/dag-dag-dag/.venv/lib/python3.10/site-packages/airflow/example_dags/plugins/workday.py
[2024-05-15T03:53:34.430+0800] {processor.py:183} INFO - Processing /home/jithish/Documents/dag-dag-dag/.venv/lib/python3.10/site-packages/airflow/example_dags/plugins/workday.py took 0.405 seconds
[2024-05-15T03:54:32.613+0800] {processor.py:161} INFO - Started process (PID=104538) to work on /home/jithish/Documents/dag-dag-dag/.venv/lib/python3.10/site-packages/airflow/example_dags/plugins/workday.py
[2024-05-15T03:54:32.614+0800] {processor.py:830} INFO - Processing file /home/jithish/Documents/dag-dag-dag/.venv/lib/python3.10/site-packages/airflow/example_dags/plugins/workday.py for tasks to queue
[2024-05-15T03:54:32.615+0800] {logging_mixin.py:188} INFO - [2024-05-15T03:54:32.615+0800] {dagbag.py:545} INFO - Filling up the DagBag from /home/jithish/Documents/dag-dag-dag/.venv/lib/python3.10/site-packages/airflow/example_dags/plugins/workday.py
[2024-05-15T03:54:32.931+0800] {processor.py:842} WARNING - No viable dags retrieved from /home/jithish/Documents/dag-dag-dag/.venv/lib/python3.10/site-packages/airflow/example_dags/plugins/workday.py
[2024-05-15T03:54:32.936+0800] {processor.py:183} INFO - Processing /home/jithish/Documents/dag-dag-dag/.venv/lib/python3.10/site-packages/airflow/example_dags/plugins/workday.py took 0.328 seconds
[2024-05-15T03:55:27.103+0800] {processor.py:161} INFO - Started process (PID=105198) to work on /home/jithish/Documents/dag-dag-dag/.venv/lib/python3.10/site-packages/airflow/example_dags/plugins/workday.py
[2024-05-15T03:55:27.104+0800] {processor.py:830} INFO - Processing file /home/jithish/Documents/dag-dag-dag/.venv/lib/python3.10/site-packages/airflow/example_dags/plugins/workday.py for tasks to queue
[2024-05-15T03:55:27.105+0800] {logging_mixin.py:188} INFO - [2024-05-15T03:55:27.105+0800] {dagbag.py:545} INFO - Filling up the DagBag from /home/jithish/Documents/dag-dag-dag/.venv/lib/python3.10/site-packages/airflow/example_dags/plugins/workday.py
[2024-05-15T03:55:27.438+0800] {processor.py:842} WARNING - No viable dags retrieved from /home/jithish/Documents/dag-dag-dag/.venv/lib/python3.10/site-packages/airflow/example_dags/plugins/workday.py
[2024-05-15T03:55:27.442+0800] {processor.py:183} INFO - Processing /home/jithish/Documents/dag-dag-dag/.venv/lib/python3.10/site-packages/airflow/example_dags/plugins/workday.py took 0.344 seconds
[2024-05-15T03:56:18.266+0800] {processor.py:161} INFO - Started process (PID=105723) to work on /home/jithish/Documents/dag-dag-dag/.venv/lib/python3.10/site-packages/airflow/example_dags/plugins/workday.py
[2024-05-15T03:56:18.328+0800] {processor.py:830} INFO - Processing file /home/jithish/Documents/dag-dag-dag/.venv/lib/python3.10/site-packages/airflow/example_dags/plugins/workday.py for tasks to queue
[2024-05-15T03:56:18.329+0800] {logging_mixin.py:188} INFO - [2024-05-15T03:56:18.329+0800] {dagbag.py:545} INFO - Filling up the DagBag from /home/jithish/Documents/dag-dag-dag/.venv/lib/python3.10/site-packages/airflow/example_dags/plugins/workday.py
[2024-05-15T03:56:18.642+0800] {processor.py:842} WARNING - No viable dags retrieved from /home/jithish/Documents/dag-dag-dag/.venv/lib/python3.10/site-packages/airflow/example_dags/plugins/workday.py
[2024-05-15T03:56:18.647+0800] {processor.py:183} INFO - Processing /home/jithish/Documents/dag-dag-dag/.venv/lib/python3.10/site-packages/airflow/example_dags/plugins/workday.py took 0.396 seconds
[2024-05-15T03:57:07.644+0800] {processor.py:161} INFO - Started process (PID=106202) to work on /home/jithish/Documents/dag-dag-dag/.venv/lib/python3.10/site-packages/airflow/example_dags/plugins/workday.py
[2024-05-15T03:57:07.705+0800] {processor.py:830} INFO - Processing file /home/jithish/Documents/dag-dag-dag/.venv/lib/python3.10/site-packages/airflow/example_dags/plugins/workday.py for tasks to queue
[2024-05-15T03:57:07.706+0800] {logging_mixin.py:188} INFO - [2024-05-15T03:57:07.706+0800] {dagbag.py:545} INFO - Filling up the DagBag from /home/jithish/Documents/dag-dag-dag/.venv/lib/python3.10/site-packages/airflow/example_dags/plugins/workday.py
[2024-05-15T03:57:08.030+0800] {processor.py:842} WARNING - No viable dags retrieved from /home/jithish/Documents/dag-dag-dag/.venv/lib/python3.10/site-packages/airflow/example_dags/plugins/workday.py
[2024-05-15T03:57:08.035+0800] {processor.py:183} INFO - Processing /home/jithish/Documents/dag-dag-dag/.venv/lib/python3.10/site-packages/airflow/example_dags/plugins/workday.py took 0.399 seconds
[2024-05-15T03:57:54.390+0800] {processor.py:161} INFO - Started process (PID=106621) to work on /home/jithish/Documents/dag-dag-dag/.venv/lib/python3.10/site-packages/airflow/example_dags/plugins/workday.py
[2024-05-15T03:57:54.451+0800] {processor.py:830} INFO - Processing file /home/jithish/Documents/dag-dag-dag/.venv/lib/python3.10/site-packages/airflow/example_dags/plugins/workday.py for tasks to queue
[2024-05-15T03:57:54.452+0800] {logging_mixin.py:188} INFO - [2024-05-15T03:57:54.451+0800] {dagbag.py:545} INFO - Filling up the DagBag from /home/jithish/Documents/dag-dag-dag/.venv/lib/python3.10/site-packages/airflow/example_dags/plugins/workday.py
[2024-05-15T03:57:54.816+0800] {processor.py:842} WARNING - No viable dags retrieved from /home/jithish/Documents/dag-dag-dag/.venv/lib/python3.10/site-packages/airflow/example_dags/plugins/workday.py
[2024-05-15T03:57:54.820+0800] {processor.py:183} INFO - Processing /home/jithish/Documents/dag-dag-dag/.venv/lib/python3.10/site-packages/airflow/example_dags/plugins/workday.py took 0.435 seconds
[2024-05-15T03:58:39.849+0800] {processor.py:161} INFO - Started process (PID=107098) to work on /home/jithish/Documents/dag-dag-dag/.venv/lib/python3.10/site-packages/airflow/example_dags/plugins/workday.py
[2024-05-15T03:58:39.850+0800] {processor.py:830} INFO - Processing file /home/jithish/Documents/dag-dag-dag/.venv/lib/python3.10/site-packages/airflow/example_dags/plugins/workday.py for tasks to queue
[2024-05-15T03:58:39.852+0800] {logging_mixin.py:188} INFO - [2024-05-15T03:58:39.852+0800] {dagbag.py:545} INFO - Filling up the DagBag from /home/jithish/Documents/dag-dag-dag/.venv/lib/python3.10/site-packages/airflow/example_dags/plugins/workday.py
[2024-05-15T03:58:40.408+0800] {processor.py:842} WARNING - No viable dags retrieved from /home/jithish/Documents/dag-dag-dag/.venv/lib/python3.10/site-packages/airflow/example_dags/plugins/workday.py
[2024-05-15T03:58:40.418+0800] {processor.py:183} INFO - Processing /home/jithish/Documents/dag-dag-dag/.venv/lib/python3.10/site-packages/airflow/example_dags/plugins/workday.py took 0.576 seconds
[2024-05-15T03:59:29.185+0800] {processor.py:161} INFO - Started process (PID=107603) to work on /home/jithish/Documents/dag-dag-dag/.venv/lib/python3.10/site-packages/airflow/example_dags/plugins/workday.py
[2024-05-15T03:59:29.246+0800] {processor.py:830} INFO - Processing file /home/jithish/Documents/dag-dag-dag/.venv/lib/python3.10/site-packages/airflow/example_dags/plugins/workday.py for tasks to queue
[2024-05-15T03:59:29.248+0800] {logging_mixin.py:188} INFO - [2024-05-15T03:59:29.247+0800] {dagbag.py:545} INFO - Filling up the DagBag from /home/jithish/Documents/dag-dag-dag/.venv/lib/python3.10/site-packages/airflow/example_dags/plugins/workday.py
[2024-05-15T03:59:29.662+0800] {processor.py:842} WARNING - No viable dags retrieved from /home/jithish/Documents/dag-dag-dag/.venv/lib/python3.10/site-packages/airflow/example_dags/plugins/workday.py
[2024-05-15T03:59:29.667+0800] {processor.py:183} INFO - Processing /home/jithish/Documents/dag-dag-dag/.venv/lib/python3.10/site-packages/airflow/example_dags/plugins/workday.py took 0.489 seconds
[2024-05-15T04:00:17.338+0800] {processor.py:161} INFO - Started process (PID=108001) to work on /home/jithish/Documents/dag-dag-dag/.venv/lib/python3.10/site-packages/airflow/example_dags/plugins/workday.py
[2024-05-15T04:00:17.400+0800] {processor.py:830} INFO - Processing file /home/jithish/Documents/dag-dag-dag/.venv/lib/python3.10/site-packages/airflow/example_dags/plugins/workday.py for tasks to queue
[2024-05-15T04:00:17.404+0800] {logging_mixin.py:188} INFO - [2024-05-15T04:00:17.403+0800] {dagbag.py:545} INFO - Filling up the DagBag from /home/jithish/Documents/dag-dag-dag/.venv/lib/python3.10/site-packages/airflow/example_dags/plugins/workday.py
[2024-05-15T04:00:17.766+0800] {processor.py:842} WARNING - No viable dags retrieved from /home/jithish/Documents/dag-dag-dag/.venv/lib/python3.10/site-packages/airflow/example_dags/plugins/workday.py
[2024-05-15T04:00:17.770+0800] {processor.py:183} INFO - Processing /home/jithish/Documents/dag-dag-dag/.venv/lib/python3.10/site-packages/airflow/example_dags/plugins/workday.py took 0.436 seconds
[2024-05-15T04:01:05.866+0800] {processor.py:161} INFO - Started process (PID=108384) to work on /home/jithish/Documents/dag-dag-dag/.venv/lib/python3.10/site-packages/airflow/example_dags/plugins/workday.py
[2024-05-15T04:01:05.866+0800] {processor.py:830} INFO - Processing file /home/jithish/Documents/dag-dag-dag/.venv/lib/python3.10/site-packages/airflow/example_dags/plugins/workday.py for tasks to queue
[2024-05-15T04:01:05.868+0800] {logging_mixin.py:188} INFO - [2024-05-15T04:01:05.867+0800] {dagbag.py:545} INFO - Filling up the DagBag from /home/jithish/Documents/dag-dag-dag/.venv/lib/python3.10/site-packages/airflow/example_dags/plugins/workday.py
[2024-05-15T04:01:06.170+0800] {processor.py:842} WARNING - No viable dags retrieved from /home/jithish/Documents/dag-dag-dag/.venv/lib/python3.10/site-packages/airflow/example_dags/plugins/workday.py
[2024-05-15T04:01:06.174+0800] {processor.py:183} INFO - Processing /home/jithish/Documents/dag-dag-dag/.venv/lib/python3.10/site-packages/airflow/example_dags/plugins/workday.py took 0.313 seconds
[2024-05-15T04:01:55.067+0800] {processor.py:161} INFO - Started process (PID=108814) to work on /home/jithish/Documents/dag-dag-dag/.venv/lib/python3.10/site-packages/airflow/example_dags/plugins/workday.py
[2024-05-15T04:01:55.128+0800] {processor.py:830} INFO - Processing file /home/jithish/Documents/dag-dag-dag/.venv/lib/python3.10/site-packages/airflow/example_dags/plugins/workday.py for tasks to queue
[2024-05-15T04:01:55.134+0800] {logging_mixin.py:188} INFO - [2024-05-15T04:01:55.133+0800] {dagbag.py:545} INFO - Filling up the DagBag from /home/jithish/Documents/dag-dag-dag/.venv/lib/python3.10/site-packages/airflow/example_dags/plugins/workday.py
[2024-05-15T04:01:55.463+0800] {processor.py:842} WARNING - No viable dags retrieved from /home/jithish/Documents/dag-dag-dag/.venv/lib/python3.10/site-packages/airflow/example_dags/plugins/workday.py
[2024-05-15T04:01:55.468+0800] {processor.py:183} INFO - Processing /home/jithish/Documents/dag-dag-dag/.venv/lib/python3.10/site-packages/airflow/example_dags/plugins/workday.py took 0.405 seconds
[2024-05-15T04:02:43.458+0800] {processor.py:161} INFO - Started process (PID=109309) to work on /home/jithish/Documents/dag-dag-dag/.venv/lib/python3.10/site-packages/airflow/example_dags/plugins/workday.py
[2024-05-15T04:02:43.519+0800] {processor.py:830} INFO - Processing file /home/jithish/Documents/dag-dag-dag/.venv/lib/python3.10/site-packages/airflow/example_dags/plugins/workday.py for tasks to queue
[2024-05-15T04:02:43.520+0800] {logging_mixin.py:188} INFO - [2024-05-15T04:02:43.520+0800] {dagbag.py:545} INFO - Filling up the DagBag from /home/jithish/Documents/dag-dag-dag/.venv/lib/python3.10/site-packages/airflow/example_dags/plugins/workday.py
[2024-05-15T04:02:43.865+0800] {processor.py:842} WARNING - No viable dags retrieved from /home/jithish/Documents/dag-dag-dag/.venv/lib/python3.10/site-packages/airflow/example_dags/plugins/workday.py
[2024-05-15T04:02:43.869+0800] {processor.py:183} INFO - Processing /home/jithish/Documents/dag-dag-dag/.venv/lib/python3.10/site-packages/airflow/example_dags/plugins/workday.py took 0.425 seconds
[2024-05-15T04:03:46.996+0800] {processor.py:161} INFO - Started process (PID=110278) to work on /home/jithish/Documents/dag-dag-dag/.venv/lib/python3.10/site-packages/airflow/example_dags/plugins/workday.py
[2024-05-15T04:03:47.001+0800] {processor.py:830} INFO - Processing file /home/jithish/Documents/dag-dag-dag/.venv/lib/python3.10/site-packages/airflow/example_dags/plugins/workday.py for tasks to queue
[2024-05-15T04:03:47.005+0800] {logging_mixin.py:188} INFO - [2024-05-15T04:03:47.004+0800] {dagbag.py:545} INFO - Filling up the DagBag from /home/jithish/Documents/dag-dag-dag/.venv/lib/python3.10/site-packages/airflow/example_dags/plugins/workday.py
[2024-05-15T04:03:47.360+0800] {processor.py:842} WARNING - No viable dags retrieved from /home/jithish/Documents/dag-dag-dag/.venv/lib/python3.10/site-packages/airflow/example_dags/plugins/workday.py
[2024-05-15T04:03:47.365+0800] {processor.py:183} INFO - Processing /home/jithish/Documents/dag-dag-dag/.venv/lib/python3.10/site-packages/airflow/example_dags/plugins/workday.py took 0.384 seconds
[2024-05-15T04:04:48.265+0800] {processor.py:161} INFO - Started process (PID=111212) to work on /home/jithish/Documents/dag-dag-dag/.venv/lib/python3.10/site-packages/airflow/example_dags/plugins/workday.py
[2024-05-15T04:04:48.328+0800] {processor.py:830} INFO - Processing file /home/jithish/Documents/dag-dag-dag/.venv/lib/python3.10/site-packages/airflow/example_dags/plugins/workday.py for tasks to queue
[2024-05-15T04:04:48.334+0800] {logging_mixin.py:188} INFO - [2024-05-15T04:04:48.332+0800] {dagbag.py:545} INFO - Filling up the DagBag from /home/jithish/Documents/dag-dag-dag/.venv/lib/python3.10/site-packages/airflow/example_dags/plugins/workday.py
[2024-05-15T04:04:48.696+0800] {processor.py:842} WARNING - No viable dags retrieved from /home/jithish/Documents/dag-dag-dag/.venv/lib/python3.10/site-packages/airflow/example_dags/plugins/workday.py
[2024-05-15T04:04:48.702+0800] {processor.py:183} INFO - Processing /home/jithish/Documents/dag-dag-dag/.venv/lib/python3.10/site-packages/airflow/example_dags/plugins/workday.py took 0.448 seconds
[2024-05-15T04:05:43.686+0800] {processor.py:161} INFO - Started process (PID=112026) to work on /home/jithish/Documents/dag-dag-dag/.venv/lib/python3.10/site-packages/airflow/example_dags/plugins/workday.py
[2024-05-15T04:05:43.747+0800] {processor.py:830} INFO - Processing file /home/jithish/Documents/dag-dag-dag/.venv/lib/python3.10/site-packages/airflow/example_dags/plugins/workday.py for tasks to queue
[2024-05-15T04:05:43.752+0800] {logging_mixin.py:188} INFO - [2024-05-15T04:05:43.750+0800] {dagbag.py:545} INFO - Filling up the DagBag from /home/jithish/Documents/dag-dag-dag/.venv/lib/python3.10/site-packages/airflow/example_dags/plugins/workday.py
[2024-05-15T04:05:44.145+0800] {processor.py:842} WARNING - No viable dags retrieved from /home/jithish/Documents/dag-dag-dag/.venv/lib/python3.10/site-packages/airflow/example_dags/plugins/workday.py
[2024-05-15T04:05:44.150+0800] {processor.py:183} INFO - Processing /home/jithish/Documents/dag-dag-dag/.venv/lib/python3.10/site-packages/airflow/example_dags/plugins/workday.py took 0.471 seconds
[2024-05-15T04:06:39.461+0800] {processor.py:161} INFO - Started process (PID=112809) to work on /home/jithish/Documents/dag-dag-dag/.venv/lib/python3.10/site-packages/airflow/example_dags/plugins/workday.py
[2024-05-15T04:06:39.523+0800] {processor.py:830} INFO - Processing file /home/jithish/Documents/dag-dag-dag/.venv/lib/python3.10/site-packages/airflow/example_dags/plugins/workday.py for tasks to queue
[2024-05-15T04:06:39.528+0800] {logging_mixin.py:188} INFO - [2024-05-15T04:06:39.527+0800] {dagbag.py:545} INFO - Filling up the DagBag from /home/jithish/Documents/dag-dag-dag/.venv/lib/python3.10/site-packages/airflow/example_dags/plugins/workday.py
[2024-05-15T04:06:39.978+0800] {processor.py:842} WARNING - No viable dags retrieved from /home/jithish/Documents/dag-dag-dag/.venv/lib/python3.10/site-packages/airflow/example_dags/plugins/workday.py
[2024-05-15T04:06:39.982+0800] {processor.py:183} INFO - Processing /home/jithish/Documents/dag-dag-dag/.venv/lib/python3.10/site-packages/airflow/example_dags/plugins/workday.py took 0.529 seconds
[2024-05-15T04:07:34.376+0800] {processor.py:161} INFO - Started process (PID=113514) to work on /home/jithish/Documents/dag-dag-dag/.venv/lib/python3.10/site-packages/airflow/example_dags/plugins/workday.py
[2024-05-15T04:07:34.378+0800] {processor.py:830} INFO - Processing file /home/jithish/Documents/dag-dag-dag/.venv/lib/python3.10/site-packages/airflow/example_dags/plugins/workday.py for tasks to queue
[2024-05-15T04:07:34.382+0800] {logging_mixin.py:188} INFO - [2024-05-15T04:07:34.381+0800] {dagbag.py:545} INFO - Filling up the DagBag from /home/jithish/Documents/dag-dag-dag/.venv/lib/python3.10/site-packages/airflow/example_dags/plugins/workday.py
[2024-05-15T04:07:34.704+0800] {processor.py:842} WARNING - No viable dags retrieved from /home/jithish/Documents/dag-dag-dag/.venv/lib/python3.10/site-packages/airflow/example_dags/plugins/workday.py
[2024-05-15T04:07:34.709+0800] {processor.py:183} INFO - Processing /home/jithish/Documents/dag-dag-dag/.venv/lib/python3.10/site-packages/airflow/example_dags/plugins/workday.py took 0.351 seconds
[2024-05-15T04:08:28.785+0800] {processor.py:161} INFO - Started process (PID=114179) to work on /home/jithish/Documents/dag-dag-dag/.venv/lib/python3.10/site-packages/airflow/example_dags/plugins/workday.py
[2024-05-15T04:08:28.847+0800] {processor.py:830} INFO - Processing file /home/jithish/Documents/dag-dag-dag/.venv/lib/python3.10/site-packages/airflow/example_dags/plugins/workday.py for tasks to queue
[2024-05-15T04:08:28.848+0800] {logging_mixin.py:188} INFO - [2024-05-15T04:08:28.848+0800] {dagbag.py:545} INFO - Filling up the DagBag from /home/jithish/Documents/dag-dag-dag/.venv/lib/python3.10/site-packages/airflow/example_dags/plugins/workday.py
[2024-05-15T04:08:29.192+0800] {processor.py:842} WARNING - No viable dags retrieved from /home/jithish/Documents/dag-dag-dag/.venv/lib/python3.10/site-packages/airflow/example_dags/plugins/workday.py
[2024-05-15T04:08:29.196+0800] {processor.py:183} INFO - Processing /home/jithish/Documents/dag-dag-dag/.venv/lib/python3.10/site-packages/airflow/example_dags/plugins/workday.py took 0.421 seconds
[2024-05-15T04:09:27.225+0800] {processor.py:161} INFO - Started process (PID=115115) to work on /home/jithish/Documents/dag-dag-dag/.venv/lib/python3.10/site-packages/airflow/example_dags/plugins/workday.py
[2024-05-15T04:09:27.287+0800] {processor.py:830} INFO - Processing file /home/jithish/Documents/dag-dag-dag/.venv/lib/python3.10/site-packages/airflow/example_dags/plugins/workday.py for tasks to queue
[2024-05-15T04:09:27.290+0800] {logging_mixin.py:188} INFO - [2024-05-15T04:09:27.289+0800] {dagbag.py:545} INFO - Filling up the DagBag from /home/jithish/Documents/dag-dag-dag/.venv/lib/python3.10/site-packages/airflow/example_dags/plugins/workday.py
[2024-05-15T04:09:28.089+0800] {processor.py:842} WARNING - No viable dags retrieved from /home/jithish/Documents/dag-dag-dag/.venv/lib/python3.10/site-packages/airflow/example_dags/plugins/workday.py
[2024-05-15T04:09:28.136+0800] {processor.py:183} INFO - Processing /home/jithish/Documents/dag-dag-dag/.venv/lib/python3.10/site-packages/airflow/example_dags/plugins/workday.py took 0.924 seconds
[2024-05-15T04:10:21.040+0800] {processor.py:161} INFO - Started process (PID=115914) to work on /home/jithish/Documents/dag-dag-dag/.venv/lib/python3.10/site-packages/airflow/example_dags/plugins/workday.py
[2024-05-15T04:10:21.101+0800] {processor.py:830} INFO - Processing file /home/jithish/Documents/dag-dag-dag/.venv/lib/python3.10/site-packages/airflow/example_dags/plugins/workday.py for tasks to queue
[2024-05-15T04:10:21.104+0800] {logging_mixin.py:188} INFO - [2024-05-15T04:10:21.103+0800] {dagbag.py:545} INFO - Filling up the DagBag from /home/jithish/Documents/dag-dag-dag/.venv/lib/python3.10/site-packages/airflow/example_dags/plugins/workday.py
[2024-05-15T04:10:21.475+0800] {processor.py:842} WARNING - No viable dags retrieved from /home/jithish/Documents/dag-dag-dag/.venv/lib/python3.10/site-packages/airflow/example_dags/plugins/workday.py
[2024-05-15T04:10:21.482+0800] {processor.py:183} INFO - Processing /home/jithish/Documents/dag-dag-dag/.venv/lib/python3.10/site-packages/airflow/example_dags/plugins/workday.py took 0.447 seconds
[2024-05-15T04:11:14.863+0800] {processor.py:161} INFO - Started process (PID=116686) to work on /home/jithish/Documents/dag-dag-dag/.venv/lib/python3.10/site-packages/airflow/example_dags/plugins/workday.py
[2024-05-15T04:11:14.869+0800] {processor.py:830} INFO - Processing file /home/jithish/Documents/dag-dag-dag/.venv/lib/python3.10/site-packages/airflow/example_dags/plugins/workday.py for tasks to queue
[2024-05-15T04:11:14.874+0800] {logging_mixin.py:188} INFO - [2024-05-15T04:11:14.873+0800] {dagbag.py:545} INFO - Filling up the DagBag from /home/jithish/Documents/dag-dag-dag/.venv/lib/python3.10/site-packages/airflow/example_dags/plugins/workday.py
[2024-05-15T04:11:15.247+0800] {processor.py:842} WARNING - No viable dags retrieved from /home/jithish/Documents/dag-dag-dag/.venv/lib/python3.10/site-packages/airflow/example_dags/plugins/workday.py
[2024-05-15T04:11:15.252+0800] {processor.py:183} INFO - Processing /home/jithish/Documents/dag-dag-dag/.venv/lib/python3.10/site-packages/airflow/example_dags/plugins/workday.py took 0.395 seconds
[2024-05-15T04:12:10.196+0800] {processor.py:161} INFO - Started process (PID=117475) to work on /home/jithish/Documents/dag-dag-dag/.venv/lib/python3.10/site-packages/airflow/example_dags/plugins/workday.py
[2024-05-15T04:12:10.257+0800] {processor.py:830} INFO - Processing file /home/jithish/Documents/dag-dag-dag/.venv/lib/python3.10/site-packages/airflow/example_dags/plugins/workday.py for tasks to queue
[2024-05-15T04:12:10.262+0800] {logging_mixin.py:188} INFO - [2024-05-15T04:12:10.260+0800] {dagbag.py:545} INFO - Filling up the DagBag from /home/jithish/Documents/dag-dag-dag/.venv/lib/python3.10/site-packages/airflow/example_dags/plugins/workday.py
[2024-05-15T04:12:10.620+0800] {processor.py:842} WARNING - No viable dags retrieved from /home/jithish/Documents/dag-dag-dag/.venv/lib/python3.10/site-packages/airflow/example_dags/plugins/workday.py
[2024-05-15T04:12:10.624+0800] {processor.py:183} INFO - Processing /home/jithish/Documents/dag-dag-dag/.venv/lib/python3.10/site-packages/airflow/example_dags/plugins/workday.py took 0.435 seconds
[2024-05-15T04:13:07.104+0800] {processor.py:161} INFO - Started process (PID=118254) to work on /home/jithish/Documents/dag-dag-dag/.venv/lib/python3.10/site-packages/airflow/example_dags/plugins/workday.py
[2024-05-15T04:13:07.168+0800] {processor.py:830} INFO - Processing file /home/jithish/Documents/dag-dag-dag/.venv/lib/python3.10/site-packages/airflow/example_dags/plugins/workday.py for tasks to queue
[2024-05-15T04:13:07.174+0800] {logging_mixin.py:188} INFO - [2024-05-15T04:13:07.173+0800] {dagbag.py:545} INFO - Filling up the DagBag from /home/jithish/Documents/dag-dag-dag/.venv/lib/python3.10/site-packages/airflow/example_dags/plugins/workday.py
[2024-05-15T04:13:07.530+0800] {processor.py:842} WARNING - No viable dags retrieved from /home/jithish/Documents/dag-dag-dag/.venv/lib/python3.10/site-packages/airflow/example_dags/plugins/workday.py
[2024-05-15T04:13:07.535+0800] {processor.py:183} INFO - Processing /home/jithish/Documents/dag-dag-dag/.venv/lib/python3.10/site-packages/airflow/example_dags/plugins/workday.py took 0.442 seconds
[2024-05-15T04:14:02.782+0800] {processor.py:161} INFO - Started process (PID=119161) to work on /home/jithish/Documents/dag-dag-dag/.venv/lib/python3.10/site-packages/airflow/example_dags/plugins/workday.py
[2024-05-15T04:14:02.845+0800] {processor.py:830} INFO - Processing file /home/jithish/Documents/dag-dag-dag/.venv/lib/python3.10/site-packages/airflow/example_dags/plugins/workday.py for tasks to queue
[2024-05-15T04:14:02.849+0800] {logging_mixin.py:188} INFO - [2024-05-15T04:14:02.848+0800] {dagbag.py:545} INFO - Filling up the DagBag from /home/jithish/Documents/dag-dag-dag/.venv/lib/python3.10/site-packages/airflow/example_dags/plugins/workday.py
[2024-05-15T04:14:03.190+0800] {processor.py:842} WARNING - No viable dags retrieved from /home/jithish/Documents/dag-dag-dag/.venv/lib/python3.10/site-packages/airflow/example_dags/plugins/workday.py
[2024-05-15T04:14:03.194+0800] {processor.py:183} INFO - Processing /home/jithish/Documents/dag-dag-dag/.venv/lib/python3.10/site-packages/airflow/example_dags/plugins/workday.py took 0.429 seconds
[2024-05-15T04:14:58.885+0800] {processor.py:161} INFO - Started process (PID=119755) to work on /home/jithish/Documents/dag-dag-dag/.venv/lib/python3.10/site-packages/airflow/example_dags/plugins/workday.py
[2024-05-15T04:14:58.946+0800] {processor.py:830} INFO - Processing file /home/jithish/Documents/dag-dag-dag/.venv/lib/python3.10/site-packages/airflow/example_dags/plugins/workday.py for tasks to queue
[2024-05-15T04:14:58.947+0800] {logging_mixin.py:188} INFO - [2024-05-15T04:14:58.947+0800] {dagbag.py:545} INFO - Filling up the DagBag from /home/jithish/Documents/dag-dag-dag/.venv/lib/python3.10/site-packages/airflow/example_dags/plugins/workday.py
[2024-05-15T04:14:59.317+0800] {processor.py:842} WARNING - No viable dags retrieved from /home/jithish/Documents/dag-dag-dag/.venv/lib/python3.10/site-packages/airflow/example_dags/plugins/workday.py
[2024-05-15T04:14:59.324+0800] {processor.py:183} INFO - Processing /home/jithish/Documents/dag-dag-dag/.venv/lib/python3.10/site-packages/airflow/example_dags/plugins/workday.py took 0.443 seconds
[2024-05-15T04:15:51.956+0800] {processor.py:161} INFO - Started process (PID=120222) to work on /home/jithish/Documents/dag-dag-dag/.venv/lib/python3.10/site-packages/airflow/example_dags/plugins/workday.py
[2024-05-15T04:15:52.016+0800] {processor.py:830} INFO - Processing file /home/jithish/Documents/dag-dag-dag/.venv/lib/python3.10/site-packages/airflow/example_dags/plugins/workday.py for tasks to queue
[2024-05-15T04:15:52.021+0800] {logging_mixin.py:188} INFO - [2024-05-15T04:15:52.020+0800] {dagbag.py:545} INFO - Filling up the DagBag from /home/jithish/Documents/dag-dag-dag/.venv/lib/python3.10/site-packages/airflow/example_dags/plugins/workday.py
[2024-05-15T04:15:52.411+0800] {processor.py:842} WARNING - No viable dags retrieved from /home/jithish/Documents/dag-dag-dag/.venv/lib/python3.10/site-packages/airflow/example_dags/plugins/workday.py
[2024-05-15T04:15:52.418+0800] {processor.py:183} INFO - Processing /home/jithish/Documents/dag-dag-dag/.venv/lib/python3.10/site-packages/airflow/example_dags/plugins/workday.py took 0.467 seconds
